Game Time: 2022/2/17 11:32:40
Version: 1.0.0.2 with bullet collision times = 2
0, Player, player
0, Coward1, AI
0, Betrayal2, AI
0, Drunkard3, AI
0, Foe4, AI
0, Juicehead5, AI
0, Alcoholic6, AI
0, Lush7, AI
0, Adjuster8, AI
0, Bongfu9, AI
1.138571, Bongfu9, shoot, Player, False
1.398571, Player, shoot, Coward1, False
1.798571, Bongfu9, shoot, Coward1, False
1.918571, Drunkard3, shoot, Drunkard3, False
3.478571, Coward1, shoot, Foe4, False
3.598571, Adjuster8, shoot, Coward1, False
3.598571, Coward1, shoot, Adjuster8, False
3.678571, Foe4, shoot, Adjuster8, False
4.318571, Adjuster8, shoot, Player, False
5.398571, Adjuster8, shoot, Player, False
5.89957, Drunkard3, deleted 
5.89957, Drunkard10, AI
6.458571, Player, shoot, Player, False
6.998571, Adjuster8, shoot, Foe4, False
7.198571, Betrayal2, shoot, Betrayal2, False
7.198571, Adjuster8, shoot, Foe4, False
8.07857, Coward1, shoot, Coward1, False
9.120353, Bongfu9, deleted 
9.120353, Bongfu11, AI
9.61857, Adjuster8, shoot, Foe4, False
10.0335, Betrayal2, deleted 
10.0335, Betrayal12, AI
10.49857, Foe4, shoot, Adjuster8, False
10.81857, Foe4, shoot, Adjuster8, False
10.81857, Foe4, shoot, Adjuster8, False
11.25857, Player, shoot, Juicehead5, False
11.59405, Alcoholic6, deleted 
11.59405, Alcoholic13, AI
11.85857, Coward1, shoot, Drunkard10, False
13.055, Drunkard10, deleted 
13.055, Drunkard14, AI
13.19857, Adjuster8, shoot, Foe4, False
13.45857, Player, shoot, Bongfu11, False
13.77857, Betrayal12, shoot, Bongfu11, False
14.1506, Coward1, deleted 
14.1506, Coward15, AI
14.19857, Adjuster8, shoot, Player, False
14.65857, Foe4, shoot, Adjuster8, False
15.95857, Foe4, shoot, Drunkard14, False
16.92393, Coward15, deleted 
16.92393, Coward16, AI
17.69857, Bongfu11, shoot, Foe4, False
17.69857, Foe4, shoot, Bongfu11, False
17.77857, Adjuster8, shoot, Foe4, False
18.05306, Juicehead5, deleted 
18.05306, Juicehead17, AI
18.23857, Adjuster8, shoot, Player, False
18.69857, Foe4, shoot, Adjuster8, False
19.49857, Adjuster8, shoot, Foe4, False
19.49857, Adjuster8, shoot, Foe4, False
19.49857, Foe4, shoot, Adjuster8, False
19.49857, Foe4, shoot, Adjuster8, False
19.49857, Foe4, shoot, Adjuster8, True
19.51441, Adjuster18, AI
19.53857, Adjuster8, shoot, Foe4, True
19.54761, Foe19, AI
19.91857, Adjuster18, shoot, Foe19, False
21.09857, Player, shoot, Bongfu11, False
21.15857, Player, get, Shield
21.20791, Lush7, deleted 
21.20791, Lush20, AI
21.73857, Foe19, shoot, Adjuster18, False
21.83857, Bongfu11, shoot, Adjuster18, False
21.95857, Player, get, Shield
22.25395, Drunkard14, deleted 
22.25395, Drunkard21, AI
22.78536, Betrayal12, deleted 
22.78536, Betrayal22, AI
25.13857, Foe19, shoot, Alcoholic13, False
25.29857, Player, shoot, Adjuster18, False
25.71857, Betrayal22, shoot, Betrayal22, False
26.55371, Lush20, deleted 
26.55371, Lush23, AI
27.47857, Player, shoot, Player, False
28.19857, Alcoholic13, shoot, Betrayal22, False
28.19857, Betrayal22, shoot, Alcoholic13, False
28.46288, Coward16, deleted 
28.46288, Coward24, AI
30.51857, Alcoholic13, shoot, Alcoholic13, False
30.79857, Alcoholic13, shoot, Alcoholic13, False
30.83857, Lush23, shoot, Lush23, False
31.21953, Betrayal22, deleted 
31.21953, Betrayal25, AI
31.43857, Player, shoot, Adjuster18, False
31.95857, Drunkard21, shoot, Drunkard21, False
32.15857, Adjuster18, shoot, Foe19, False
32.43857, Adjuster18, shoot, Foe19, False
32.83857, Lush23, shoot, Foe19, False
32.99857, Player, shoot, Lush23, False
33.91857, Adjuster18, shoot, Foe19, False
33.91857, Foe19, shoot, Adjuster18, False
33.9936, Drunkard21, deleted 
33.9936, Drunkard26, AI
34.25857, Adjuster18, shoot, Foe19, False
34.53857, Foe19, shoot, Foe19, False
34.69857, Juicehead17, shoot, Juicehead17, False
34.85857, Player, shoot, Foe19, False
35.28952, Betrayal25, deleted 
35.28952, Betrayal27, AI
36.01857, Adjuster18, shoot, Foe19, False
36.79857, Adjuster18, shoot, Player, False
37.03366, Coward24, deleted 
37.03366, Coward28, AI
37.49857, Adjuster18, shoot, Player, False
37.49857, Player, shoot, Adjuster18, False
37.49857, Player, shoot, Foe19, False
37.79857, Adjuster18, shoot, Player, False
37.79857, Adjuster18, shoot, Player, False
37.79857, Adjuster18, shoot, Player, False
37.79857, Player, shoot, Adjuster18, False
37.79857, Player, shoot, Adjuster18, False
37.79857, Player, shoot, Adjuster18, False
38.03857, Player, shoot, Foe19, True
38.04695, Foe29, AI
38.39857, Adjuster18, get, Horse
38.81857, Bongfu11, shoot, Foe29, False
39.05857, Bongfu11, shoot, Bongfu11, False
39.35926, Betrayal27, deleted 
39.35926, Betrayal30, AI
39.49857, Adjuster18, shoot, Juicehead17, False
39.65857, Player, shoot, Drunkard26, False
39.89857, Adjuster18, shoot, Drunkard26, False
39.89857, Adjuster18, shoot, Betrayal30, False
39.91857, Player, shoot, Foe29, False
40.09857, Adjuster18, shoot, Betrayal30, False
40.2398, Alcoholic13, deleted 
40.2398, Alcoholic31, AI
41.11857, Adjuster18, shoot, Foe29, False
41.11857, Adjuster18, shoot, Foe29, False
41.26993, Bongfu11, deleted 
41.26993, Bongfu32, AI
42.23857, Betrayal30, shoot, Betrayal30, False
42.67857, Adjuster18, shoot, Foe29, False
42.69857, Lush23, shoot, Lush23, False
42.93857, Player, shoot, Juicehead17, False
43.07857, Foe29, shoot, Adjuster18, True
43.08113, Adjuster33, AI
43.15857, Foe29, shoot, Betrayal30, False
43.29857, Foe29, shoot, Foe29, False
43.39857, Juicehead17, shoot, Betrayal30, False
43.61857, Foe29, shoot, Player, True
43.63857, Player, shoot, Juicehead17, False
43.63857, Player, shoot, Juicehead17, False
43.63857, Player, shoot, Juicehead17, False
44.09857, Drunkard26, shoot, Drunkard26, False
44.31857, Player, shoot, Lush23, False
Normal Close
