Game Time: 2022/2/17 11:26:54
Version: 1.0.0.2 with bullet collision times = 2
0, Player, player
0, Coward1, AI
0, Betrayal2, AI
0, Drunkard3, AI
0, Foe4, AI
0, Juicehead5, AI
0, Alcoholic6, AI
0, Lush7, AI
0, Adjuster8, AI
0, Bongfu9, AI
0.4346737, Bongfu9, shoot, Bongfu9, False
0.4746737, Drunkard3, shoot, Drunkard3, False
0.4946737, Alcoholic6, shoot, Alcoholic6, False
0.5346738, Player, shoot, Player, False
1.794674, Adjuster8, shoot, Coward1, False
1.794674, Coward1, shoot, Adjuster8, False
2.034674, Bongfu9, shoot, Bongfu9, False
2.214674, Lush7, shoot, Adjuster8, False
2.614674, Drunkard3, shoot, Player, False
2.894674, Drunkard3, shoot, Player, False
3.474674, Alcoholic6, shoot, Juicehead5, False
3.694674, Foe4, shoot, Foe4, False
4.214674, Alcoholic6, shoot, Foe4, False
4.394674, Lush7, shoot, Lush7, False
4.494674, Juicehead5, shoot, Coward1, False
4.794673, Adjuster8, shoot, Player, False
5.094674, Juicehead5, shoot, Coward1, False
5.274673, Player, shoot, Player, False
5.534674, Betrayal2, shoot, Juicehead5, False
5.994674, Adjuster8, shoot, Player, False
6.134674, Foe4, shoot, Adjuster8, False
6.449561, Bongfu9, deleted 
6.449561, Bongfu10, AI
7.394673, Foe4, shoot, Adjuster8, False
7.934674, Foe4, shoot, Player, False
8.054673, Adjuster8, shoot, Foe4, False
8.858088, Lush7, deleted 
8.858088, Lush11, AI
9.274673, Adjuster8, shoot, Bongfu10, False
10.6686, Juicehead5, deleted 
10.6686, Juicehead12, AI
11.07467, Adjuster8, shoot, Foe4, False
11.38259, Drunkard3, deleted 
11.38259, Drunkard13, AI
11.39467, Foe4, shoot, Adjuster8, False
11.75467, Adjuster8, shoot, Drunkard13, False
11.99467, Adjuster8, shoot, Bongfu10, False
12.29467, Foe4, shoot, Adjuster8, False
12.61467, Foe4, shoot, Adjuster8, False
12.69467, Foe4, shoot, Adjuster8, False
12.69467, Adjuster8, shoot, Player, False
12.73467, Bongfu10, shoot, Bongfu10, False
12.96078, Lush11, deleted 
12.96078, Lush14, AI
13.19467, Foe4, shoot, Player, False
13.19467, Player, shoot, Foe4, False
13.51467, Player, shoot, Player, True
13.79467, Adjuster8, shoot, Bongfu10, False
14.13467, Foe4, shoot, Adjuster8, False
14.21467, Coward1, shoot, Coward1, False
Normal Close
