Game Time: 2022/2/17 11:23:46
Version: 1.0.0.2 with bullet collision times = 2
0, Player, player
0, Coward1, AI
0, Betrayal2, AI
0, Drunkard3, AI
0, Foe4, AI
0, Juicehead5, AI
0, Alcoholic6, AI
0, Lush7, AI
0, Adjuster8, AI
0, Bongfu9, AI
0.3579248, Drunkard3, shoot, Drunkard3, False
0.3779248, Bongfu9, shoot, Bongfu9, False
0.3779248, Player, shoot, Player, False
0.3779248, Lush7, shoot, Lush7, False
0.3779248, Betrayal2, shoot, Betrayal2, False
1.897925, Juicehead5, shoot, Juicehead5, False
2.357925, Adjuster8, shoot, Lush7, False
2.597925, Lush7, shoot, Adjuster8, False
3.297925, Lush7, shoot, Alcoholic6, False
3.717925, Drunkard3, shoot, Drunkard3, False
4.097925, Player, shoot, Coward1, False
5.057925, Adjuster8, shoot, Drunkard3, False
5.457925, Foe4, shoot, Adjuster8, False
5.577925, Coward1, shoot, Adjuster8, False
6.357924, Drunkard3, shoot, Juicehead5, False
6.597925, Adjuster8, shoot, Player, False
7.097925, Player, shoot, Player, False
7.257925, Adjuster8, shoot, Foe4, False
7.517925, Adjuster8, shoot, Player, False
7.592708, Alcoholic6, deleted 
7.592708, Alcoholic10, AI
7.817924, Adjuster8, shoot, Foe4, False
8.477924, Player, shoot, Alcoholic10, False
8.757925, Player, shoot, Foe4, False
8.997925, Adjuster8, shoot, Player, False
8.997925, Player, shoot, Adjuster8, False
9.057924, Player, shoot, Bongfu9, False
9.767707, Betrayal2, deleted 
9.767707, Betrayal11, AI
9.817924, Adjuster8, shoot, Foe4, False
10.49792, Adjuster8, shoot, Player, False
10.49792, Player, shoot, Adjuster8, False
10.91335, Lush7, deleted 
10.91335, Lush12, AI
10.91792, Drunkard3, shoot, Drunkard3, False
11.05792, Alcoholic10, shoot, Alcoholic10, False
11.23792, Foe4, shoot, Foe4, False
11.39792, Foe4, shoot, Adjuster8, False
11.51792, Alcoholic10, shoot, Alcoholic10, False
11.73792, Foe4, shoot, Foe4, False
12.79792, Player, shoot, Adjuster8, False
12.81792, Alcoholic10, shoot, Player, False
12.93792, Alcoholic10, shoot, Player, False
12.99792, Adjuster8, shoot, Alcoholic10, False
13.13792, Drunkard3, shoot, Alcoholic10, False
13.22141, Juicehead5, deleted 
13.22141, Juicehead13, AI
13.57792, Foe4, shoot, Alcoholic10, False
14.09792, Foe4, shoot, Adjuster8, False
14.35792, Drunkard3, shoot, Drunkard3, False
14.41792, Foe4, shoot, Adjuster8, False
14.41792, Adjuster8, shoot, Foe4, False
14.63284, Bongfu9, deleted 
14.63284, Bongfu14, AI
14.83792, Drunkard3, shoot, Drunkard3, False
14.89792, Foe4, shoot, Drunkard3, False
15.18069, Betrayal11, deleted 
15.18069, Betrayal15, AI
15.29792, Player, shoot, Betrayal15, False
15.47792, Drunkard3, shoot, Player, False
15.95792, Adjuster8, shoot, Foe4, False
15.97792, Player, shoot, Betrayal15, False
16.11792, Player, shoot, Adjuster8, True
16.1274, Adjuster16, AI
16.21792, Adjuster8, shoot, Foe4, False
16.57792, Betrayal15, get, Shield
16.75855, Coward1, deleted 
16.75855, Coward17, AI
18.31792, Player, shoot, Adjuster16, False
18.95111, Lush12, deleted 
18.95111, Lush18, AI
19.35792, Drunkard3, shoot, Adjuster16, False
19.55792, Foe4, shoot, Juicehead13, False
19.55792, Foe4, shoot, Coward17, False
19.63792, Foe4, shoot, Coward17, False
19.91792, Juicehead13, shoot, Foe4, True
19.93102, Foe19, AI
20.03792, Juicehead13, get, Horse
20.27954, Alcoholic10, deleted 
20.27954, Alcoholic20, AI
20.66157, Betrayal15, deleted 
20.66157, Betrayal21, AI
21.23792, Adjuster16, shoot, Juicehead13, False
21.69792, Adjuster16, shoot, Adjuster16, False
21.85792, Drunkard3, shoot, Coward17, False
22.09793, Player, shoot, Adjuster16, False
22.15792, Bongfu14, get, Shield
22.37792, Drunkard3, shoot, Drunkard3, False
22.37792, Alcoholic20, shoot, Foe19, False
22.67793, Player, shoot, Alcoholic20, False
22.91792, Alcoholic20, shoot, Alcoholic20, False
23.01933, Bongfu14, deleted 
23.01933, Bongfu22, AI
23.21792, Alcoholic20, shoot, Alcoholic20, False
23.21792, Coward17, shoot, Coward17, False
23.51792, Coward17, shoot, Coward17, False
24.83792, Player, shoot, Adjuster16, False
25.11183, Juicehead13, deleted 
25.11183, Juicehead23, AI
25.29792, Foe19, shoot, Foe19, False
25.91792, Foe19, shoot, Foe19, False
26.77792, Player, shoot, Player, False
26.81792, Foe19, shoot, Foe19, False
26.99792, Player, shoot, Adjuster16, False
27.01792, Drunkard3, shoot, Drunkard3, False
27.41792, Coward17, shoot, Coward17, False
27.69792, Foe19, shoot, Lush18, False
28.21792, Player, shoot, Foe19, False
28.39792, Foe19, shoot, Adjuster16, False
29.05792, Drunkard3, shoot, Lush18, False
29.25793, Juicehead23, shoot, Juicehead23, False
29.41792, Foe19, shoot, Adjuster16, False
29.43792, Alcoholic20, shoot, Bongfu22, False
29.65792, Alcoholic20, shoot, Foe19, False
29.73792, Player, shoot, Betrayal21, False
30.03792, Adjuster16, shoot, Foe19, False
30.05792, Player, shoot, Juicehead23, False
30.29792, Player, shoot, Betrayal21, False
30.63792, Adjuster16, shoot, Player, True
31.03792, Coward17, shoot, Coward17, False
Normal Close
