Game Time: 2022/2/17 14:41:22
Version: 1.0.0.2 with bullet collision times = 2
0, Player, player
0, Coward1, AI
0, Betrayal2, AI
0, Drunkard3, AI
0, Foe4, AI
0, Juicehead5, AI
0, Alcoholic6, AI
0, Lush7, AI
0, Adjuster8, AI
0, Bongfu9, AI
1.192751, Bongfu9, shoot, Player, False
1.212751, Coward1, shoot, Adjuster8, False
2.772751, Bongfu9, shoot, Adjuster8, False
3.372751, Adjuster8, shoot, Coward1, False
3.592751, Coward1, shoot, Player, False
3.592751, Adjuster8, shoot, Coward1, False
3.592751, Coward1, shoot, Adjuster8, False
3.632751, Bongfu9, shoot, Player, False
4.412751, Drunkard3, shoot, Drunkard3, False
5.092751, Adjuster8, shoot, Foe4, False
5.953889, Lush7, deleted 
5.953889, Lush10, AI
6.352751, Drunkard3, shoot, Foe4, False
6.892751, Foe4, shoot, Player, False
6.892751, Adjuster8, shoot, Player, False
6.892751, Player, shoot, Foe4, False
6.892751, Adjuster8, shoot, Foe4, False
7.192751, Adjuster8, shoot, Player, False
7.192751, Adjuster8, shoot, Player, False
7.192751, Adjuster8, shoot, Player, False
7.192751, Player, shoot, Adjuster8, False
7.192751, Player, shoot, Adjuster8, False
8.029158, Alcoholic6, deleted 
8.029158, Alcoholic11, AI
8.112751, Adjuster8, shoot, Player, False
8.560554, Coward1, deleted 
8.560554, Coward12, AI
8.692751, Adjuster8, shoot, Foe4, False
8.692751, Foe4, shoot, Adjuster8, False
9.21275, Player, shoot, Foe4, False
9.632751, Player, shoot, Player, True
9.912751, Adjuster8, shoot, Foe4, False
Normal Close
