Game Time: 2022/2/17 11:31:26
Version: 1.0.0.2 with bullet collision times = 2
0, Player, player
0, Coward1, AI
0, Betrayal2, AI
0, Drunkard3, AI
0, Foe4, AI
0, Juicehead5, AI
0, Alcoholic6, AI
0, Lush7, AI
0, Adjuster8, AI
0, Bongfu9, AI
1.288692, Bongfu9, shoot, Player, False
1.928692, Bongfu9, shoot, Bongfu9, False
2.268692, Player, shoot, Coward1, False
2.508692, Alcoholic6, shoot, Alcoholic6, False
4.290034, Juicehead5, deleted 
4.290034, Juicehead10, AI
5.388692, Adjuster8, shoot, Foe4, False
5.528692, Player, shoot, Coward1, False
5.584982, Bongfu9, deleted 
5.584982, Bongfu11, AI
6.828692, Player, shoot, Coward1, False
7.288692, Betrayal2, shoot, Betrayal2, False
8.708692, Player, shoot, Drunkard3, False
8.772243, Alcoholic6, deleted 
8.772243, Alcoholic12, AI
9.088692, Foe4, shoot, Adjuster8, False
9.348692, Drunkard3, shoot, Player, False
9.748692, Coward1, shoot, Adjuster8, False
9.988692, Coward1, shoot, Coward1, False
10.52869, Drunkard3, shoot, Player, False
10.91424, Juicehead10, deleted 
10.91424, Juicehead13, AI
11.06869, Foe4, shoot, Player, False
11.18008, Bongfu11, deleted 
11.18008, Bongfu14, AI
11.40869, Bongfu14, shoot, Juicehead13, False
11.48869, Adjuster8, shoot, Adjuster8, False
12.30869, Betrayal2, shoot, Drunkard3, False
12.58869, Betrayal2, shoot, Drunkard3, False
12.94869, Player, shoot, Player, False
13.04052, Alcoholic12, deleted 
13.04052, Alcoholic15, AI
13.06869, Player, shoot, Juicehead13, False
13.30869, Drunkard3, shoot, Drunkard3, False
14.54869, Drunkard3, shoot, Drunkard3, False
14.72869, Player, shoot, Betrayal2, False
14.96869, Betrayal2, shoot, Player, False
15.04869, Drunkard3, shoot, Betrayal2, False
15.26869, Adjuster8, shoot, Player, False
16.30869, Player, shoot, Adjuster8, False
16.90869, Adjuster8, shoot, Adjuster8, False
17.52869, Betrayal2, shoot, Juicehead13, False
17.80869, Drunkard3, shoot, Drunkard3, False
18.10869, Foe4, shoot, Foe4, False
18.44869, Juicehead13, shoot, Juicehead13, False
18.45416, Lush7, deleted 
18.45416, Lush16, AI
18.66869, Drunkard3, shoot, Foe4, False
19.66869, Juicehead13, shoot, Juicehead13, False
21.02869, Bongfu14, shoot, Bongfu14, False
21.54869, Adjuster8, shoot, Foe4, False
22.35587, Drunkard3, deleted 
22.35587, Drunkard17, AI
23.06869, Coward1, shoot, Adjuster8, False
23.18869, Coward1, shoot, Adjuster8, False
23.32869, Foe4, shoot, Foe4, False
23.50869, Adjuster8, shoot, Adjuster8, False
24.12869, Coward1, shoot, Coward1, False
24.46435, Betrayal2, deleted 
24.46435, Betrayal18, AI
24.68009, Bongfu14, deleted 
24.68009, Bongfu19, AI
24.68869, Adjuster8, shoot, Foe4, False
25.40869, Drunkard17, shoot, Drunkard17, False
25.46042, Juicehead13, deleted 
25.46042, Juicehead20, AI
25.90869, Adjuster8, shoot, Adjuster8, False
26.18869, Foe4, shoot, Drunkard17, False
26.19089, Alcoholic15, deleted 
26.19089, Alcoholic21, AI
27.54869, Bongfu19, shoot, Bongfu19, False
27.66869, Lush16, shoot, Lush16, False
27.72869, Foe4, shoot, Adjuster8, True
27.73506, Adjuster22, AI
28.22869, Drunkard17, shoot, Player, False
28.30869, Lush16, shoot, Lush16, False
28.58869, Player, get, Shield
29.07977, Betrayal18, deleted 
29.07977, Betrayal23, AI
29.68869, Betrayal23, shoot, Betrayal23, False
29.86869, Lush16, shoot, Lush16, False
29.97634, Juicehead20, deleted 
29.97634, Alcoholic21, deleted 
29.97634, Juicehead24, AI
29.99293, Alcoholic25, AI
30.28869, Player, shoot, Foe4, False
30.28869, Drunkard17, shoot, Foe4, False
30.58869, Alcoholic25, shoot, Juicehead24, False
30.72869, Lush16, shoot, Lush16, False
31.00869, Foe4, shoot, Drunkard17, False
31.14869, Foe4, shoot, Adjuster22, False
31.40869, Foe4, shoot, Bongfu19, False
31.86869, Adjuster22, shoot, Foe4, False
32.08869, Player, shoot, Adjuster22, False
32.10869, Juicehead24, shoot, Drunkard17, False
32.38869, Player, shoot, Adjuster22, False
32.38869, Alcoholic25, shoot, Drunkard17, False
32.38869, Drunkard17, shoot, Alcoholic25, False
32.38869, Drunkard17, shoot, Alcoholic25, False
32.38869, Player, shoot, Adjuster22, False
32.38869, Player, shoot, Adjuster22, False
32.38869, Drunkard17, shoot, Alcoholic25, False
32.98869, Adjuster22, shoot, Foe4, False
32.98869, Foe4, shoot, Adjuster22, False
33.68869, Juicehead24, shoot, Juicehead24, False
33.88869, Adjuster22, shoot, Player, False
33.88869, Alcoholic25, shoot, Juicehead24, False
33.88869, Player, shoot, Adjuster22, False
33.90869, Foe4, shoot, Player, False
33.90869, Foe4, shoot, Player, False
33.94869, Foe4, shoot, Adjuster22, False
34.10869, Bongfu19, shoot, Juicehead24, False
34.18869, Alcoholic25, shoot, Juicehead24, False
34.28869, Adjuster22, shoot, Foe4, True
34.2928, Foe26, AI
34.40869, Foe4, shoot, Bongfu19, False
34.80869, Alcoholic25, shoot, Juicehead24, False
35.20869, Adjuster22, shoot, Juicehead24, False
35.68869, Alcoholic25, shoot, Juicehead24, False
35.98869, Alcoholic25, shoot, Juicehead24, False
37.22869, Adjuster22, shoot, Foe26, False
37.30869, Player, shoot, Lush16, False
37.34869, Bongfu19, shoot, Player, True
37.80869, Bongfu19, shoot, Bongfu19, False
37.92869, Bongfu19, shoot, Bongfu19, False
Normal Close
