Game Time: 2022/2/17 11:25:36
Version: 1.0.0.2 with bullet collision times = 2
0, Player, player
0, Coward1, AI
0, Betrayal2, AI
0, Drunkard3, AI
0, Foe4, AI
0, Juicehead5, AI
0, Alcoholic6, AI
0, Lush7, AI
0, Adjuster8, AI
0, Bongfu9, AI
0.7802865, Coward1, shoot, Coward1, False
1.900286, Alcoholic6, shoot, Alcoholic6, False
2.280287, Coward1, shoot, Lush7, False
2.720286, Bongfu9, shoot, Adjuster8, False
3.040287, Adjuster8, shoot, Bongfu9, False
3.500286, Alcoholic6, shoot, Alcoholic6, False
3.720286, Drunkard3, shoot, Drunkard3, False
5.440287, Coward1, shoot, Drunkard3, False
5.467764, Lush7, deleted 
5.467764, Lush10, AI
5.620286, Alcoholic6, shoot, Alcoholic6, False
5.920286, Drunkard3, shoot, Adjuster8, False
6.160286, Drunkard3, shoot, Drunkard3, False
7.500287, Foe4, shoot, Player, False
7.520287, Alcoholic6, shoot, Alcoholic6, False
7.720286, Adjuster8, shoot, Player, False
8.700286, Coward1, shoot, Adjuster8, False
9.140286, Foe4, shoot, Foe4, False
10.3499, Lush10, deleted 
10.3499, Lush11, AI
10.50029, Adjuster8, shoot, Foe4, False
10.80029, Foe4, shoot, Adjuster8, False
11.01432, Drunkard3, deleted 
11.01432, Drunkard12, AI
11.08029, Juicehead5, shoot, Juicehead5, False
11.16029, Alcoholic6, shoot, Alcoholic6, False
11.40029, Adjuster8, shoot, Foe4, False
11.46029, Adjuster8, shoot, Coward1, False
12.06029, Player, shoot, Lush11, False
12.27656, Betrayal2, deleted 
12.27656, Betrayal13, AI
12.36029, Adjuster8, shoot, Foe4, False
12.46029, Foe4, shoot, Player, False
12.60029, Player, shoot, Foe4, False
13.24029, Adjuster8, shoot, Foe4, False
13.84029, Coward1, shoot, Player, False
14.10029, Foe4, shoot, Adjuster8, False
14.16029, Adjuster8, shoot, Coward1, False
14.40029, Adjuster8, shoot, Foe4, False
14.40029, Adjuster8, shoot, Foe4, False
14.40029, Foe4, shoot, Adjuster8, False
14.40029, Foe4, shoot, Adjuster8, False
14.40029, Foe4, shoot, Adjuster8, False
15.04029, Drunkard12, shoot, Drunkard12, False
15.21622, Bongfu9, deleted 
15.21622, Bongfu14, AI
16.06029, Adjuster8, shoot, Foe4, False
16.28029, Adjuster8, shoot, Foe4, True
16.29579, Foe15, AI
16.42879, Alcoholic6, deleted 
16.42879, Alcoholic16, AI
16.48029, Alcoholic16, shoot, Foe15, False
16.52839, Drunkard12, deleted 
16.52839, Drunkard17, AI
16.54029, Drunkard17, shoot, Alcoholic16, False
17.34029, Adjuster8, get, Horse
17.58029, Adjuster8, shoot, Adjuster8, False
18.44029, Adjuster8, shoot, Player, False
18.60029, Foe15, shoot, Adjuster8, True
18.60438, Adjuster18, AI
18.87004, Betrayal13, deleted 
18.87004, Betrayal19, AI
19.52029, Player, shoot, Foe15, False
19.58408, Lush11, deleted 
19.58408, Lush20, AI
19.92029, Foe15, shoot, Foe15, False
20.30029, Adjuster8, shoot, Bongfu14, False
20.52029, Player, get, Shield
20.76312, Juicehead5, deleted 
20.76312, Juicehead21, AI
20.96029, Player, shoot, Adjuster18, False
22.20029, Player, shoot, Foe15, False
22.20029, Foe15, shoot, Adjuster18, False
22.68029, Player, shoot, Adjuster18, False
22.72029, Coward1, shoot, Coward1, False
23.10029, Player, shoot, Adjuster18, False
23.20029, Alcoholic16, shoot, Alcoholic16, False
23.40029, Player, shoot, Adjuster18, False
23.40029, Player, shoot, Adjuster18, False
23.40029, Player, shoot, Adjuster18, False
23.70029, Alcoholic16, shoot, Alcoholic16, False
24.00029, Player, shoot, Adjuster18, False
24.10029, Foe15, shoot, Foe15, False
24.18029, Adjuster18, shoot, Foe15, False
24.44029, Lush20, shoot, Lush20, False
24.94029, Player, shoot, Adjuster18, False
25.04029, Adjuster18, shoot, Foe15, False
25.20029, Adjuster18, shoot, Foe15, False
25.20029, Foe15, shoot, Adjuster18, True
25.21391, Adjuster22, AI
25.26029, Adjuster18, shoot, Foe15, False
25.26029, Adjuster18, shoot, Foe15, True
25.26383, Foe23, AI
25.28029, Foe23, shoot, Adjuster22, False
25.48029, Player, get, Horse
25.48029, Player, shoot, Player, False
26.56029, Alcoholic16, shoot, Juicehead21, False
27.10029, Bongfu14, shoot, Bongfu14, False
27.12029, Lush20, shoot, Lush20, False
27.62029, Adjuster18, shoot, Coward1, False
28.20028, Adjuster22, shoot, Foe23, False
28.85129, Drunkard17, deleted 
28.85129, Drunkard24, AI
28.98029, Betrayal19, shoot, Betrayal19, False
29.08029, Player, shoot, Player, False
29.12029, Player, shoot, Player, False
29.30029, Bongfu14, shoot, Player, False
29.64029, Player, shoot, Player, False
30.02029, Adjuster22, shoot, Foe23, False
30.26029, Juicehead21, shoot, Juicehead21, False
30.50029, Player, shoot, Player, True
30.80029, Alcoholic16, shoot, Alcoholic16, False
Normal Close
