Game Time: 2022/2/17 11:24:36
Version: 1.0.0.2 with bullet collision times = 2
0, Player, player
0, Coward1, AI
0, Betrayal2, AI
0, Drunkard3, AI
0, Foe4, AI
0, Juicehead5, AI
0, Alcoholic6, AI
0, Lush7, AI
0, Adjuster8, AI
0, Bongfu9, AI
1.15761, Bongfu9, shoot, Player, False
3.29761, Alcoholic6, shoot, Alcoholic6, False
3.85761, Alcoholic6, shoot, Alcoholic6, False
3.917609, Foe4, shoot, Adjuster8, False
4.01761, Drunkard3, shoot, Drunkard3, False
4.257609, Coward1, shoot, Coward1, False
4.317609, Lush7, shoot, Lush7, False
4.797609, Coward1, shoot, Player, False
5.397609, Player, shoot, Coward1, False
5.47761, Adjuster8, shoot, Player, False
6.209089, Juicehead5, deleted 
6.209089, Juicehead10, AI
6.607605, Bongfu9, deleted 
6.607605, Bongfu11, AI
6.757609, Player, shoot, Coward1, False
6.897609, Coward1, shoot, Bongfu11, False
7.11761, Coward1, shoot, Bongfu11, False
7.217609, Coward1, shoot, Bongfu11, False
7.377609, Drunkard3, shoot, Drunkard3, False
7.397609, Player, shoot, Bongfu11, False
7.57761, Drunkard3, shoot, Player, False
7.917609, Player, shoot, Coward1, False
8.497609, Player, shoot, Coward1, False
9.277609, Adjuster8, shoot, Adjuster8, False
9.657609, Adjuster8, shoot, Foe4, False
9.81761, Drunkard3, shoot, Alcoholic6, False
9.945673, Betrayal2, deleted 
9.945673, Betrayal12, AI
10.29761, Bongfu11, shoot, Coward1, False
10.93761, Bongfu11, shoot, Bongfu11, False
11.22413, Drunkard3, deleted 
11.22413, Drunkard13, AI
11.39761, Adjuster8, shoot, Foe4, False
11.4733, Alcoholic6, deleted 
11.4733, Alcoholic14, AI
11.50651, Lush7, deleted 
11.50651, Lush15, AI
11.59761, Foe4, shoot, Player, False
11.79761, Coward1, shoot, Coward1, False
12.03761, Bongfu11, shoot, Bongfu11, False
12.31761, Foe4, shoot, Adjuster8, False
12.61761, Player, shoot, Foe4, False
12.61761, Adjuster8, shoot, Foe4, False
12.61761, Foe4, shoot, Player, False
12.7856, Betrayal12, deleted 
12.7856, Betrayal16, AI
13.19761, Adjuster8, shoot, Foe4, False
14.11761, Bongfu11, shoot, Foe4, False
14.63761, Adjuster8, shoot, Foe4, False
14.63761, Coward1, shoot, Betrayal16, False
14.95761, Player, shoot, Foe4, False
15.41761, Player, shoot, Coward1, False
15.57761, Coward1, shoot, Betrayal16, False
15.61761, Coward1, shoot, Coward1, False
16.17761, Coward1, shoot, Foe4, False
16.29761, Adjuster8, shoot, Foe4, True
16.30682, Foe17, AI
16.47761, Adjuster8, shoot, Alcoholic14, False
16.83761, Adjuster8, get, Horse
16.85761, Bongfu11, shoot, Lush15, False
17.95106, Alcoholic14, deleted 
17.95106, Alcoholic18, AI
17.96763, Bongfu11, deleted 
17.96763, Bongfu19, AI
17.97761, Adjuster8, shoot, Foe17, False
18.00072, Juicehead10, deleted 
18.00072, Juicehead20, AI
18.01761, Juicehead20, shoot, Bongfu19, False
18.03761, Player, shoot, Alcoholic18, False
18.25761, Coward1, shoot, Foe17, False
18.61761, Foe17, shoot, Coward1, True
18.63184, Coward21, AI
18.67761, Foe17, get, Shield
19.61761, Adjuster8, shoot, Bongfu19, False
21.01761, Adjuster8, shoot, Alcoholic18, False
21.55761, Foe17, shoot, Player, False
21.61761, Adjuster8, shoot, Player, False
21.67761, Adjuster8, shoot, Player, False
22.29761, Player, shoot, Alcoholic18, False
22.91761, Betrayal16, shoot, Betrayal16, False
23.19761, Alcoholic18, shoot, Alcoholic18, False
23.39761, Foe17, shoot, Player, False
24.07761, Adjuster8, shoot, Player, True
24.11761, Player, shoot, Coward21, False
Normal Close
