Game Time: 2022/2/17 11:22:56
Version: 1.0.0.2 with bullet collision times = 2
0, Player, player
0, Coward1, AI
0, Betrayal2, AI
0, Drunkard3, AI
0, Foe4, AI
0, Juicehead5, AI
0, Alcoholic6, AI
0, Lush7, AI
0, Adjuster8, AI
0, Bongfu9, AI
0.8982994, Bongfu9, shoot, Bongfu9, False
1.138299, Coward1, shoot, Adjuster8, False
2.078299, Betrayal2, shoot, Betrayal2, False
2.478299, Player, shoot, Adjuster8, False
2.738299, Adjuster8, shoot, Bongfu9, False
3.598299, Foe4, shoot, Player, False
3.598299, Player, shoot, Foe4, False
3.618299, Adjuster8, shoot, Foe4, False
3.618299, Adjuster8, shoot, Player, False
4.198299, Player, shoot, Foe4, False
4.278299, Bongfu9, shoot, Betrayal2, False
4.278299, Adjuster8, shoot, Player, False
4.778299, Betrayal2, shoot, Betrayal2, False
5.178299, Foe4, shoot, Betrayal2, False
5.286404, Lush7, deleted 
5.286404, Lush10, AI
5.298299, Bongfu9, shoot, Coward1, False
5.398299, Adjuster8, shoot, Foe4, False
5.398299, Foe4, shoot, Adjuster8, False
5.998299, Adjuster8, shoot, Foe4, False
6.378299, Betrayal2, shoot, Drunkard3, False
7.218299, Player, shoot, Adjuster8, False
7.218299, Adjuster8, shoot, Player, False
7.218299, Adjuster8, shoot, Player, False
7.238299, Foe4, shoot, Adjuster8, False
7.958299, Alcoholic6, shoot, Foe4, False
8.018299, Foe4, shoot, Player, False
8.018299, Foe4, shoot, Lush10, False
8.218299, Foe4, shoot, Lush10, False
8.398299, Drunkard3, shoot, Coward1, False
8.9983, Foe4, shoot, Player, False
8.9983, Foe4, shoot, Player, False
8.9983, Player, shoot, Foe4, False
8.9983, Player, shoot, Foe4, False
8.9983, Player, shoot, Foe4, False
10.2183, Foe4, shoot, Adjuster8, False
10.2183, Foe4, shoot, Adjuster8, False
10.4183, Adjuster8, shoot, Juicehead5, False
10.4183, Foe4, shoot, Coward1, False
10.5383, Adjuster8, shoot, Foe4, True
10.55227, Foe11, AI
10.5583, Coward1, shoot, Bongfu9, False
10.5983, Adjuster8, get, Horse
10.7983, Coward1, shoot, Bongfu9, False
10.7983, Coward1, shoot, Bongfu9, False
10.9383, Coward1, shoot, Drunkard3, False
11.1783, Betrayal2, shoot, Betrayal2, False
11.58235, Drunkard3, deleted 
11.58235, Bongfu9, deleted 
11.58235, Drunkard12, AI
11.5983, Coward1, get, Shield
11.59894, Bongfu13, AI
11.64869, Coward1, deleted 
11.64869, Coward14, AI
11.8583, Player, shoot, Player, False
12.4383, Adjuster8, shoot, Foe11, False
12.6183, Coward14, shoot, Bongfu13, False
13.2583, Juicehead5, shoot, Juicehead5, False
13.8183, Player, shoot, Adjuster8, False
14.1983, Player, shoot, Drunkard12, False
14.2383, Player, shoot, Player, True
14.7183, Adjuster8, shoot, Adjuster8, False
Normal Close
