Game Time: 2022/2/17 14:39:04
Version: 1.0.0.2 with bullet collision times = 2
0, Player, player
0, Coward1, AI
0, Betrayal2, AI
0, Drunkard3, AI
0, Foe4, AI
0, Juicehead5, AI
0, Alcoholic6, AI
0, Lush7, AI
0, Adjuster8, AI
0, Bongfu9, AI
1.411329, Bongfu9, shoot, Player, False
1.991329, Adjuster8, shoot, Adjuster8, False
2.791329, Bongfu9, shoot, Adjuster8, False
3.911329, Foe4, shoot, Drunkard3, False
4.211329, Coward1, shoot, Adjuster8, False
4.531329, Alcoholic6, shoot, Lush7, False
4.611329, Bongfu9, shoot, Adjuster8, False
6.991329, Adjuster8, shoot, Foe4, False
7.191329, Adjuster8, shoot, Foe4, False
7.191329, Adjuster8, shoot, Foe4, False
8.951329, Foe4, shoot, Player, False
9.031329, Player, shoot, Adjuster8, False
9.442171, Alcoholic6, deleted 
9.442171, Alcoholic10, AI
9.492002, Drunkard3, deleted 
9.492002, Drunkard11, AI
9.511329, Drunkard11, shoot, Alcoholic10, False
9.511329, Adjuster8, shoot, Player, False
10.04001, Juicehead5, deleted 
10.04001, Juicehead12, AI
10.57133, Player, shoot, Alcoholic10, False
10.69133, Foe4, shoot, Bongfu9, False
10.89133, Adjuster8, shoot, Adjuster8, False
11.27133, Foe4, shoot, Adjuster8, False
11.37133, Foe4, shoot, Foe4, False
12.29133, Adjuster8, shoot, Foe4, False
12.29133, Adjuster8, shoot, Foe4, False
12.29133, Foe4, shoot, Adjuster8, False
12.69133, Adjuster8, shoot, Player, False
12.81133, Adjuster8, shoot, Adjuster8, False
12.99575, Betrayal2, deleted 
12.99575, Betrayal13, AI
13.25133, Foe4, shoot, Player, False
13.45133, Bongfu9, shoot, Bongfu9, False
13.81133, Adjuster8, shoot, Player, False
13.81133, Adjuster8, shoot, Player, False
14.0428, Drunkard11, deleted 
14.0428, Drunkard14, AI
14.99133, Foe4, shoot, Adjuster8, True
15.00596, Adjuster15, AI
15.01133, Foe4, get, Horse
15.17133, Bongfu9, shoot, Bongfu9, False
15.23133, Lush7, shoot, Bongfu9, False
16.77133, Foe4, shoot, Player, False
17.35133, Player, shoot, Foe4, False
17.51133, Foe4, shoot, Bongfu9, False
17.65133, Betrayal13, shoot, Drunkard14, False
18.01133, Coward1, shoot, Alcoholic10, False
18.11133, Player, shoot, Foe4, False
18.16175, Alcoholic10, deleted 
18.16175, Alcoholic16, AI
18.32783, Coward1, deleted 
18.32783, Coward17, AI
19.19133, Player, shoot, Bongfu9, False
20.25133, Coward17, shoot, Coward17, False
20.51133, Bongfu9, shoot, Bongfu9, False
20.72003, Betrayal13, deleted 
20.72003, Betrayal18, AI
21.05223, Lush7, deleted 
21.05223, Lush19, AI
21.37133, Bongfu9, shoot, Lush19, False
21.51736, Juicehead12, deleted 
21.51736, Juicehead20, AI
21.73133, Foe4, shoot, Foe4, False
21.75133, Player, shoot, Player, False
22.21133, Player, shoot, Foe4, True
22.21525, Foe21, AI
22.95133, Bongfu9, shoot, Bongfu9, False
24.09133, Player, shoot, Adjuster15, False
24.71133, Lush19, shoot, Lush19, False
24.89133, Player, shoot, Foe21, False
25.23894, Alcoholic16, deleted 
25.23894, Alcoholic22, AI
25.29133, Player, shoot, Foe21, False
25.31133, Betrayal18, shoot, Betrayal18, False
26.51133, Betrayal18, shoot, Betrayal18, False
26.58456, Drunkard14, deleted 
26.58456, Drunkard23, AI
26.81133, Betrayal18, shoot, Betrayal18, False
26.87133, Foe21, shoot, Player, False
27.11133, Betrayal18, shoot, Betrayal18, False
27.11133, Player, shoot, Player, True
27.17133, Foe21, shoot, Adjuster15, False
27.25133, Adjuster15, shoot, Adjuster15, False
27.71133, Betrayal18, shoot, Betrayal18, False
27.71133, Adjuster15, shoot, Adjuster15, False
Normal Close
