Game Time: 2022/2/17 14:42:49
Version: 1.0.0.2 with bullet collision times = 2
0, Player, player
0, Coward1, AI
0, Betrayal2, AI
0, Drunkard3, AI
0, Foe4, AI
0, Juicehead5, AI
0, Alcoholic6, AI
0, Lush7, AI
0, Adjuster8, AI
0, Bongfu9, AI
1.088092, Bongfu9, shoot, Player, False
1.208092, Player, shoot, Coward1, False
1.908092, Foe4, shoot, Foe4, False
2.408092, Alcoholic6, shoot, Alcoholic6, False
2.908092, Juicehead5, shoot, Foe4, False
4.408092, Player, shoot, Coward1, False
5.299681, Lush7, deleted 
5.299681, Lush10, AI
5.548092, Alcoholic6, shoot, Alcoholic6, False
5.568092, Player, shoot, Coward1, False
5.814481, Bongfu9, deleted 
5.814481, Bongfu11, AI
5.828092, Bongfu11, shoot, Lush10, False
5.963966, Drunkard3, deleted 
5.963966, Drunkard12, AI
6.108092, Alcoholic6, shoot, Alcoholic6, False
7.088092, Coward1, shoot, Coward1, False
7.288092, Coward1, shoot, Coward1, False
7.928092, Bongfu11, shoot, Bongfu11, False
7.948092, Drunkard12, shoot, Drunkard12, False
8.068091, Juicehead5, shoot, Juicehead5, False
8.148091, Alcoholic6, shoot, Adjuster8, False
8.371846, Betrayal2, deleted 
8.371846, Betrayal13, AI
8.508092, Drunkard12, shoot, Drunkard12, False
8.588092, Juicehead5, shoot, Foe4, False
8.808092, Foe4, shoot, Foe4, False
8.828092, Drunkard12, shoot, Drunkard12, False
9.228092, Alcoholic6, shoot, Adjuster8, False
9.348092, Coward1, shoot, Player, False
9.408092, Alcoholic6, shoot, Foe4, False
9.728092, Juicehead5, shoot, Adjuster8, False
10.48809, Alcoholic6, shoot, Foe4, False
10.48809, Foe4, shoot, Alcoholic6, False
10.78809, Alcoholic6, shoot, Foe4, False
10.78809, Foe4, shoot, Alcoholic6, False
10.78809, Foe4, shoot, Alcoholic6, False
10.82809, Player, shoot, Lush10, False
10.98809, Foe4, shoot, Juicehead5, False
11.10809, Foe4, shoot, Juicehead5, False
11.42809, Drunkard12, shoot, Coward1, False
11.56809, Adjuster8, shoot, Lush10, False
12.39043, Betrayal13, deleted 
12.39043, Betrayal14, AI
12.72809, Coward1, shoot, Coward1, False
14.54809, Player, shoot, Lush10, False
14.64809, Foe4, shoot, Foe4, False
14.72809, Foe4, shoot, Lush10, False
15.18809, Player, shoot, Lush10, False
15.20809, Foe4, shoot, Adjuster8, False
15.66809, Lush10, shoot, Lush10, False
15.82818, Alcoholic6, deleted 
15.82818, Alcoholic15, AI
15.84809, Coward1, shoot, Coward1, False
16.32809, Player, shoot, Lush10, False
16.49236, Bongfu11, deleted 
16.49236, Bongfu16, AI
16.92809, Player, shoot, Lush10, False
17.00809, Lush10, shoot, Lush10, True
17.02383, Lush17, AI
17.14809, Foe4, shoot, Betrayal14, False
17.36809, Adjuster8, shoot, Foe4, False
17.53862, Betrayal14, deleted 
17.53862, Betrayal18, AI
17.56809, Player, get, Horse
17.80427, Juicehead5, deleted 
17.80427, Juicehead19, AI
18.32809, Foe4, shoot, Adjuster8, False
18.71735, Drunkard12, deleted 
18.71735, Drunkard20, AI
20.52809, Adjuster8, shoot, Player, False
21.04809, Foe4, shoot, Player, False
21.08809, Foe4, shoot, Foe4, True
21.0915, Foe21, AI
21.10809, Player, get, Shield
21.14809, Foe4, shoot, Adjuster8, False
21.24809, Foe4, shoot, Adjuster8, False
21.30809, Bongfu16, shoot, Bongfu16, False
21.32809, Coward1, shoot, Foe21, False
22.22809, Player, shoot, Adjuster8, False
22.60253, Alcoholic15, deleted 
22.60253, Alcoholic22, AI
23.04809, Foe21, shoot, Adjuster8, False
23.16809, Adjuster8, shoot, Foe21, False
23.18809, Adjuster8, shoot, Foe21, False
24.03042, Betrayal18, deleted 
24.03042, Betrayal23, AI
24.82809, Adjuster8, shoot, Alcoholic22, False
24.88809, Player, shoot, Adjuster8, True
24.89387, Adjuster24, AI
24.94809, Player, get, Horse
24.98809, Coward1, shoot, Coward1, False
25.34213, Lush17, deleted 
25.34213, Lush25, AI
27.02809, Player, shoot, Player, False
27.52809, Coward1, shoot, Foe21, False
27.76809, Betrayal23, shoot, Betrayal23, False
28.50809, Alcoholic22, shoot, Alcoholic22, False
28.51352, Bongfu16, deleted 
28.51352, Bongfu26, AI
28.84809, Adjuster24, shoot, Foe21, False
28.91211, Lush25, deleted 
28.91211, Lush27, AI
29.12809, Lush27, shoot, Alcoholic22, False
29.40809, Alcoholic22, shoot, Lush27, False
29.64282, Drunkard20, deleted 
29.64282, Drunkard28, AI
29.90809, Foe21, shoot, Lush27, False
30.09116, Juicehead19, deleted 
30.09116, Juicehead29, AI
30.22809, Player, shoot, Lush27, False
30.72809, Coward1, shoot, Coward1, False
30.86809, Coward1, shoot, Coward1, True
30.87173, Coward30, AI
31.18809, Player, shoot, Foe21, False
32.22809, Lush27, shoot, Adjuster24, False
32.40809, Lush27, shoot, Adjuster24, False
32.62809, Coward30, shoot, Coward30, False
32.64809, Lush27, shoot, Foe21, False
32.76809, Adjuster24, shoot, Coward30, False
33.12809, Player, shoot, Player, False
33.58809, Lush27, shoot, Foe21, False
34.14809, Foe21, shoot, Coward30, False
34.26809, Adjuster24, shoot, Juicehead29, False
34.32809, Foe21, shoot, Adjuster24, False
34.74809, Foe21, shoot, Player, False
34.78809, Foe21, shoot, Adjuster24, False
35.66809, Juicehead29, shoot, Juicehead29, False
35.68809, Foe21, shoot, Player, False
35.68809, Alcoholic22, shoot, Drunkard28, False
35.68809, Player, shoot, Foe21, False
35.78809, Juicehead29, shoot, Juicehead29, False
35.86809, Adjuster24, shoot, Player, False
35.88809, Foe21, shoot, Alcoholic22, False
35.98809, Adjuster24, shoot, Foe21, True
35.98809, Foe21, shoot, Adjuster24, False
35.98809, Foe21, shoot, Adjuster24, False
35.98809, Foe21, shoot, Adjuster24, False
36.00309, Foe31, AI
36.00809, Alcoholic22, shoot, Drunkard28, False
36.00809, Alcoholic22, shoot, Drunkard28, False
36.02809, Foe21, shoot, Adjuster24, False
36.02809, Foe21, shoot, Adjuster24, False
36.14809, Foe21, shoot, Adjuster24, True
36.15259, Adjuster32, AI
36.16809, Player, get, Horse
36.16809, Adjuster24, shoot, Player, False
36.16809, Adjuster24, shoot, Player, False
36.16809, Adjuster24, shoot, Player, True
36.38809, Alcoholic22, shoot, Foe31, False
36.54809, Alcoholic22, shoot, Foe31, False
36.68809, Lush27, shoot, Lush27, False
36.70809, Alcoholic22, shoot, Alcoholic22, False
36.98809, Player, shoot, Juicehead29, False
Normal Close
