Game Time: 2022/2/17 11:35:58
Version: 1.0.0.2 with bullet collision times = 2
0, Player, player
0, Coward1, AI
0, Betrayal2, AI
0, Drunkard3, AI
0, Foe4, AI
0, Juicehead5, AI
0, Alcoholic6, AI
0, Lush7, AI
0, Adjuster8, AI
0, Bongfu9, AI
1.144092, Bongfu9, shoot, Player, False
2.064092, Drunkard3, shoot, Drunkard3, False
3.004092, Foe4, shoot, Bongfu9, False
3.144092, Bongfu9, shoot, Alcoholic6, False
3.344092, Coward1, shoot, Coward1, False
3.644092, Foe4, shoot, Bongfu9, False
3.855672, Lush7, deleted 
3.855672, Lush10, AI
4.004092, Player, shoot, Coward1, False
5.204093, Player, shoot, Coward1, False
5.233728, Alcoholic6, deleted 
5.233728, Alcoholic11, AI
5.824092, Player, shoot, Coward1, False
6.104092, Adjuster8, shoot, Player, False
6.213866, Drunkard3, deleted 
6.213866, Drunkard12, AI
6.604092, Juicehead5, shoot, Betrayal2, False
6.645844, Bongfu9, deleted 
6.645844, Bongfu13, AI
7.184093, Player, shoot, Coward1, False
8.484093, Player, shoot, Adjuster8, False
9.884092, Lush10, shoot, Lush10, False
10.18409, Lush10, shoot, Bongfu13, False
10.80409, Player, shoot, Coward1, False
11.10409, Adjuster8, shoot, Adjuster8, False
11.12409, Player, shoot, Coward1, False
11.71051, Bongfu13, deleted 
11.71051, Bongfu14, AI
11.72409, Player, shoot, Coward1, False
11.96409, Betrayal2, shoot, Drunkard12, False
12.29165, Lush10, deleted 
12.29165, Lush15, AI
12.30409, Adjuster8, shoot, Coward1, False
12.64409, Player, shoot, Coward1, True
12.65713, Coward16, AI
12.88939, Juicehead5, deleted 
12.88939, Juicehead17, AI
12.96409, Player, get, Shield
13.55375, Betrayal2, deleted 
13.55375, Betrayal18, AI
14.46409, Player, shoot, Adjuster8, False
14.54409, Drunkard12, shoot, Betrayal18, False
15.02409, Juicehead17, shoot, Adjuster8, False
15.60409, Betrayal18, shoot, Adjuster8, False
15.66409, Player, shoot, Juicehead17, False
15.96409, Adjuster8, shoot, Juicehead17, False
16.34409, Adjuster8, shoot, Foe4, False
16.46409, Adjuster8, shoot, Juicehead17, False
16.85815, Coward16, deleted 
16.85815, Coward19, AI
17.08409, Betrayal18, shoot, Betrayal18, False
17.37278, Alcoholic11, deleted 
17.37278, Alcoholic20, AI
18.00409, Lush15, shoot, Adjuster8, False
18.00409, Adjuster8, shoot, Lush15, False
18.04409, Adjuster8, shoot, Player, False
18.08409, Juicehead17, shoot, Juicehead17, False
18.22409, Alcoholic20, shoot, Alcoholic20, False
18.60409, Adjuster8, shoot, Foe4, False
19.08409, Player, shoot, Lush15, False
19.96409, Alcoholic20, shoot, Player, False
20.38409, Adjuster8, shoot, Player, False
20.38409, Player, shoot, Adjuster8, False
21.20921, Bongfu14, deleted 
21.20921, Bongfu21, AI
21.36409, Foe4, shoot, Player, False
21.60409, Player, shoot, Foe4, False
21.74066, Betrayal18, deleted 
21.74066, Betrayal22, AI
21.88409, Adjuster8, shoot, Player, False
21.98409, Alcoholic20, shoot, Foe4, False
23.08409, Adjuster8, shoot, Player, False
23.08409, Adjuster8, shoot, Player, False
23.08409, Adjuster8, shoot, Player, False
23.08409, Player, shoot, Adjuster8, False
23.63328, Juicehead17, deleted 
23.63328, Juicehead23, AI
23.76409, Betrayal22, shoot, Betrayal22, False
23.82409, Player, shoot, Lush15, False
23.82409, Adjuster8, shoot, Player, True
24.52409, Foe4, shoot, Alcoholic20, False
Normal Close
