Game Time: 2022/2/17 11:29:48
Version: 1.0.0.2 with bullet collision times = 2
0, Player, player
0, Coward1, AI
0, Betrayal2, AI
0, Drunkard3, AI
0, Foe4, AI
0, Juicehead5, AI
0, Alcoholic6, AI
0, Lush7, AI
0, Adjuster8, AI
0, Bongfu9, AI
2.6216, Drunkard3, shoot, Drunkard3, False
2.7016, Bongfu9, shoot, Betrayal2, False
3.0416, Coward1, shoot, Betrayal2, False
3.7616, Player, shoot, Bongfu9, False
5.4616, Lush7, shoot, Coward1, False
5.6816, Foe4, shoot, Player, False
5.9216, Coward1, shoot, Coward1, False
5.9616, Betrayal2, shoot, Player, False
6.1016, Coward1, shoot, Coward1, False
6.1616, Alcoholic6, shoot, Juicehead5, False
6.9816, Player, shoot, Foe4, False
6.9816, Betrayal2, shoot, Coward1, False
7.3216, Adjuster8, shoot, Foe4, False
8.3216, Player, shoot, Coward1, False
8.4616, Foe4, shoot, Player, False
8.563703, Bongfu9, deleted 
8.563703, Bongfu10, AI
8.8016, Lush7, shoot, Juicehead5, False
9.1016, Coward1, shoot, Coward1, False
9.3616, Player, shoot, Adjuster8, False
9.4216, Player, shoot, Bongfu10, False
9.6016, Player, shoot, Alcoholic6, False
9.8816, Foe4, shoot, Foe4, False
10.5016, Player, shoot, Alcoholic6, False
10.59, Drunkard3, deleted 
10.59, Drunkard11, AI
10.7216, Adjuster8, shoot, Player, False
10.8216, Player, shoot, Alcoholic6, False
10.8216, Player, shoot, Alcoholic6, False
10.9016, Foe4, shoot, Foe4, False
11.2016, Bongfu10, shoot, Bongfu10, False
11.4416, Player, shoot, Alcoholic6, False
11.5016, Bongfu10, shoot, Bongfu10, False
11.7016, Juicehead5, shoot, Betrayal2, False
12.3216, Player, shoot, Alcoholic6, False
12.5416, Adjuster8, shoot, Player, False
12.58302, Betrayal2, deleted 
12.58302, Betrayal12, AI
12.6216, Player, shoot, Alcoholic6, False
12.7816, Coward1, shoot, Coward1, False
13.2416, Player, shoot, Alcoholic6, False
14.1816, Player, shoot, Alcoholic6, False
14.32737, Juicehead5, deleted 
14.32737, Juicehead13, AI
14.34397, Lush7, deleted 
14.34397, Lush14, AI
14.4816, Alcoholic6, shoot, Player, False
15.1616, Player, shoot, Alcoholic6, True
15.17451, Alcoholic15, AI
15.3216, Player, get, Horse
15.8016, Betrayal12, shoot, Foe4, False
16.9416, Player, shoot, Player, False
17.9216, Player, shoot, Lush14, False
18.1816, Adjuster8, shoot, Foe4, False
19.11104, Juicehead13, deleted 
19.11104, Juicehead16, AI
19.1616, Player, shoot, Adjuster8, False
19.21078, Alcoholic15, deleted 
19.21078, Alcoholic17, AI
20.4816, Foe4, shoot, Player, False
20.5616, Foe4, shoot, Foe4, False
21.2216, Foe4, shoot, Juicehead16, False
21.6016, Adjuster8, shoot, Foe4, False
21.6016, Foe4, shoot, Adjuster8, False
21.8216, Foe4, shoot, Player, False
22.03452, Betrayal12, deleted 
22.03452, Betrayal18, AI
22.3016, Adjuster8, shoot, Foe4, False
23.0816, Coward1, shoot, Adjuster8, False
23.2016, Foe4, shoot, Adjuster8, False
23.4216, Foe4, shoot, Lush14, False
23.7616, Adjuster8, shoot, Player, True
24.2416, Foe4, shoot, Drunkard11, False
24.6016, Foe4, shoot, Adjuster8, False
24.6016, Foe4, shoot, Adjuster8, False
24.6016, Foe4, shoot, Adjuster8, False
24.9016, Adjuster8, shoot, Foe4, True
24.9216, Adjuster8, get, Horse
25.5816, Juicehead16, shoot, Coward1, False
25.6616, Adjuster8, shoot, Adjuster8, False
25.6616, Lush14, shoot, Coward1, False
26.6416, Drunkard11, shoot, Drunkard11, False
28.1416, Coward1, shoot, Coward1, False
28.3016, Adjuster8, shoot, Alcoholic17, False
28.3216, Juicehead16, shoot, Juicehead16, False
Normal Close
