Game Time: 2022/2/17 11:36:23
Version: 1.0.0.2 with bullet collision times = 2
0, Player, player
0, Coward1, AI
0, Betrayal2, AI
0, Drunkard3, AI
0, Foe4, AI
0, Juicehead5, AI
0, Alcoholic6, AI
0, Lush7, AI
0, Adjuster8, AI
0, Bongfu9, AI
0.4653793, Juicehead5, shoot, Juicehead5, False
0.4653793, Bongfu9, shoot, Bongfu9, False
0.4853793, Player, shoot, Player, False
0.4853793, Drunkard3, shoot, Drunkard3, False
0.4853793, Alcoholic6, shoot, Alcoholic6, False
1.745379, Juicehead5, shoot, Juicehead5, False
2.025379, Adjuster8, shoot, Coward1, False
2.405379, Player, shoot, Lush7, False
2.525379, Betrayal2, shoot, Coward1, False
3.105379, Drunkard3, shoot, Drunkard3, False
3.585379, Adjuster8, shoot, Player, False
3.705379, Alcoholic6, shoot, Alcoholic6, False
3.725379, Drunkard3, shoot, Drunkard3, False
3.825379, Player, shoot, Player, False
5.525379, Adjuster8, shoot, Foe4, False
6.125379, Juicehead5, shoot, Juicehead5, False
6.885379, Player, shoot, Foe4, False
6.885379, Player, shoot, Adjuster8, False
7.225379, Adjuster8, shoot, Foe4, False
7.445379, Lush7, shoot, Lush7, False
7.785379, Foe4, shoot, Adjuster8, False
7.858246, Coward1, deleted 
7.858246, Coward10, AI
9.585379, Foe4, shoot, Adjuster8, False
10.34868, Betrayal2, deleted 
10.34868, Betrayal11, AI
10.48148, Alcoholic6, deleted 
10.48148, Alcoholic12, AI
10.58538, Foe4, shoot, Player, False
10.80538, Adjuster8, shoot, Foe4, False
10.88538, Foe4, shoot, Player, False
10.90538, Coward10, shoot, Coward10, False
11.26538, Drunkard3, shoot, Player, False
11.58538, Adjuster8, shoot, Foe4, False
12.64538, Foe4, shoot, Adjuster8, False
13.02538, Player, shoot, Player, False
13.18538, Player, shoot, Adjuster8, False
13.18538, Player, shoot, Adjuster8, False
14.00538, Coward10, shoot, Bongfu9, False
14.15114, Lush7, deleted 
14.15114, Lush13, AI
14.74538, Adjuster8, shoot, Adjuster8, False
14.98538, Foe4, shoot, Player, False
14.98538, Player, shoot, Foe4, False
14.98538, Adjuster8, shoot, Foe4, False
16.24538, Foe4, shoot, Adjuster8, False
16.35952, Bongfu9, deleted 
16.35952, Bongfu14, AI
16.72538, Juicehead5, shoot, Drunkard3, False
16.78538, Foe4, shoot, Adjuster8, False
16.78538, Foe4, shoot, Adjuster8, True
16.79127, Lush13, deleted 
16.79127, Adjuster15, AI
16.80788, Lush16, AI
16.82538, Foe4, get, Shield
17.44538, Adjuster8, shoot, Betrayal11, False
18.16538, Player, shoot, Bongfu14, False
18.36538, Foe4, shoot, Bongfu14, False
18.48538, Foe4, shoot, Player, False
19.83008, Drunkard3, deleted 
19.83008, Drunkard17, AI
20.16538, Adjuster8, shoot, Coward10, False
20.77644, Lush16, deleted 
20.77644, Lush18, AI
20.85939, Alcoholic12, deleted 
20.85939, Alcoholic19, AI
22.64538, Player, shoot, Juicehead5, False
22.72538, Juicehead5, shoot, Bongfu14, False
23.32538, Player, shoot, Foe4, False
23.40538, Foe4, shoot, Adjuster15, False
23.48538, Betrayal11, shoot, Betrayal11, False
24.00538, Foe4, shoot, Adjuster15, False
24.10538, Foe4, shoot, Adjuster15, False
24.50538, Betrayal11, shoot, Lush18, False
24.57833, Lush18, deleted 
24.57833, Lush20, AI
24.60538, Foe4, shoot, Foe4, False
24.72797, Betrayal11, deleted 
24.72797, Betrayal21, AI
24.88538, Foe4, shoot, Adjuster15, False
25.18538, Foe4, shoot, Adjuster15, False
25.18538, Foe4, shoot, Adjuster15, False
25.20538, Adjuster15, shoot, Player, False
25.44538, Adjuster15, shoot, Player, True
25.60538, Player, shoot, Adjuster15, False
26.00538, Player, shoot, Juicehead5, False
26.16538, Bongfu14, shoot, Lush20, False
Normal Close
