Game Time: 2022/2/17 11:32:05
Version: 1.0.0.2 with bullet collision times = 2
0, Player, player
0, Coward1, AI
0, Betrayal2, AI
0, Drunkard3, AI
0, Foe4, AI
0, Juicehead5, AI
0, Alcoholic6, AI
0, Lush7, AI
0, Adjuster8, AI
0, Bongfu9, AI
1.03427, Bongfu9, shoot, Bongfu9, False
1.13427, Coward1, shoot, Adjuster8, False
1.49427, Player, shoot, Player, False
2.63427, Bongfu9, shoot, Adjuster8, False
2.71427, Adjuster8, shoot, Bongfu9, False
3.09892, Juicehead5, deleted 
3.09892, Juicehead10, AI
3.59427, Alcoholic6, shoot, Foe4, False
3.59427, Foe4, shoot, Alcoholic6, False
3.75427, Bongfu9, shoot, Foe4, False
3.87427, Juicehead10, shoot, Juicehead10, False
4.21427, Foe4, shoot, Alcoholic6, False
4.29427, Bongfu9, shoot, Alcoholic6, False
4.45427, Adjuster8, shoot, Coward1, False
4.55427, Drunkard3, shoot, Foe4, False
5.109568, Lush7, deleted 
5.109568, Lush11, AI
6.01427, Adjuster8, shoot, Foe4, False
6.69427, Player, shoot, Coward1, False
6.89427, Coward1, shoot, Player, False
7.01427, Adjuster8, shoot, Player, False
7.29427, Adjuster8, shoot, Foe4, False
7.39427, Coward1, shoot, Coward1, False
7.79427, Foe4, shoot, Adjuster8, False
7.89427, Adjuster8, shoot, Player, False
8.35427, Player, shoot, Betrayal2, False
8.69427, Foe4, shoot, Adjuster8, False
8.874269, Betrayal2, shoot, Betrayal2, False
8.994269, Foe4, shoot, Player, False
8.994269, Foe4, shoot, Player, False
8.994269, Player, shoot, Foe4, False
8.994269, Player, shoot, Foe4, False
8.994269, Adjuster8, shoot, Foe4, False
8.994269, Adjuster8, shoot, Foe4, False
9.61427, Adjuster8, shoot, Foe4, True
9.627802, Foe12, AI
9.73427, Adjuster8, get, Horse
10.37541, Drunkard3, deleted 
10.37541, Drunkard13, AI
10.8571, Lush11, deleted 
10.8571, Lush14, AI
11.03427, Coward1, shoot, Coward1, False
11.55427, Betrayal2, shoot, Player, False
11.55427, Adjuster8, shoot, Player, False
12.01427, Player, shoot, Adjuster8, False
12.29427, Adjuster8, shoot, Foe12, False
12.31427, Player, shoot, Player, False
12.78415, Juicehead10, deleted 
12.78415, Juicehead15, AI
13.05427, Adjuster8, shoot, Drunkard13, False
13.95427, Player, shoot, Foe12, False
14.15427, Adjuster8, shoot, Player, True
14.33427, Foe12, shoot, Adjuster8, False
14.39427, Player, shoot, Juicehead15, False
14.67427, Alcoholic6, shoot, Foe12, False
Normal Close
