Game Time: 2022/2/17 14:42:26
Version: 1.0.0.2 with bullet collision times = 2
0, Player, player
0, Coward1, AI
0, Betrayal2, AI
0, Drunkard3, AI
0, Foe4, AI
0, Juicehead5, AI
0, Alcoholic6, AI
0, Lush7, AI
0, Adjuster8, AI
0, Bongfu9, AI
2.133046, Lush7, shoot, Adjuster8, False
2.213046, Foe4, shoot, Lush7, False
3.693046, Betrayal2, shoot, Betrayal2, False
3.713046, Player, shoot, Alcoholic6, False
3.753046, Foe4, shoot, Foe4, False
4.253046, Coward1, shoot, Coward1, False
4.793046, Adjuster8, shoot, Foe4, False
5.253046, Foe4, shoot, Alcoholic6, False
5.393046, Alcoholic6, shoot, Player, False
5.553046, Adjuster8, shoot, Alcoholic6, False
5.993046, Alcoholic6, shoot, Player, False
6.133046, Foe4, shoot, Adjuster8, False
6.353046, Drunkard3, shoot, Drunkard3, False
6.893046, Foe4, shoot, Adjuster8, False
7.193046, Adjuster8, shoot, Foe4, False
7.193046, Foe4, shoot, Adjuster8, False
8.041312, Lush7, deleted 
8.041312, Lush10, AI
8.073046, Alcoholic6, shoot, Player, False
8.593046, Drunkard3, shoot, Drunkard3, False
8.633046, Adjuster8, shoot, Foe4, False
8.793046, Drunkard3, shoot, Drunkard3, False
8.953046, Foe4, shoot, Foe4, False
9.313046, Foe4, shoot, Player, False
9.433045, Adjuster8, shoot, Player, False
9.793046, Drunkard3, shoot, Player, False
9.833046, Adjuster8, shoot, Foe4, False
10.11697, Coward1, deleted 
10.11697, Coward11, AI
11.36231, Betrayal2, deleted 
11.36231, Betrayal12, AI
11.37305, Player, shoot, Alcoholic6, False
11.83305, Coward11, shoot, Alcoholic6, False
12.59305, Player, shoot, Alcoholic6, False
13.01305, Foe4, shoot, Adjuster8, False
13.19305, Player, shoot, Alcoholic6, False
13.41305, Player, shoot, Drunkard3, False
13.73305, Foe4, shoot, Coward11, False
14.49305, Alcoholic6, shoot, Alcoholic6, False
14.53305, Drunkard3, shoot, Lush10, False
14.6004, Juicehead5, deleted 
14.6004, Juicehead13, AI
14.73305, Betrayal12, shoot, Betrayal12, False
14.79305, Drunkard3, shoot, Betrayal12, False
14.87305, Player, shoot, Player, False
14.91305, Drunkard3, shoot, Betrayal12, False
14.97305, Juicehead13, shoot, Juicehead13, False
15.71305, Juicehead13, shoot, Juicehead13, False
16.01305, Adjuster8, shoot, Adjuster8, False
16.01305, Player, shoot, Player, False
16.31305, Player, shoot, Alcoholic6, False
16.65967, Bongfu9, deleted 
16.65967, Bongfu14, AI
16.81305, Alcoholic6, shoot, Juicehead13, False
16.99305, Player, shoot, Juicehead13, False
17.01305, Juicehead13, shoot, Drunkard3, False
17.19304, Player, shoot, Juicehead13, False
17.39305, Foe4, shoot, Alcoholic6, True
17.40686, Alcoholic15, AI
17.53304, Alcoholic6, shoot, Player, False
17.60613, Lush10, deleted 
17.60613, Lush16, AI
17.79305, Player, get, Shield
17.95304, Foe4, shoot, Juicehead13, False
18.27305, Player, shoot, Foe4, False
18.35305, Adjuster8, shoot, Foe4, False
18.53304, Adjuster8, shoot, Juicehead13, False
19.57305, Player, shoot, Adjuster8, False
19.75305, Juicehead13, shoot, Juicehead13, False
19.77305, Juicehead13, shoot, Juicehead13, False
19.83305, Foe4, shoot, Adjuster8, False
19.87304, Adjuster8, shoot, Foe4, False
20.01305, Drunkard3, shoot, Bongfu14, False
20.19304, Lush16, shoot, Lush16, False
20.61304, Drunkard3, shoot, Bongfu14, False
20.99305, Player, shoot, Adjuster8, False
20.99305, Player, shoot, Adjuster8, True
20.99344, Adjuster17, AI
21.01305, Player, get, Horse
21.01305, Foe4, shoot, Player, True
21.01305, Player, shoot, Foe4, False
21.07305, Foe4, shoot, Drunkard3, False
21.57305, Drunkard3, shoot, Coward11, False
Normal Close
