Game Time: 2022/3/8 14:22:08
Version: 1.0.0.2 with bullet collision times = 2
0, Player, player
0, Player, get, initialShield
0, Coward1, AI
0, Betrayal2, AI
0, Drunkard3, AI
0, Foe4, AI
0, Juicehead5, AI
0, Alcoholic6, AI
0, Lush7, AI
0, Adjuster8, AI
0, Bongfu9, AI
1.101013, Bongfu9, get, coin_v_1
1.141013, Coward1, shoot, Adjuster8, False
1.181013, Betrayal2, get, coin_v_1
1.681013, Betrayal2, get, coin_v_1
1.881013, Coward1, get, coin_v_1
1.961013, Bongfu9, get, coin_v_1
2.361013, Foe4, shoot, Adjuster8, False
2.401013, Bongfu9, shoot, Lush7, False
2.881013, Adjuster8, shoot, Lush7, False
3.181013, Betrayal2, get, coin_v_1
3.181013, Juicehead5, get, coin_v_1
3.381013, Bongfu9, get, coin_v_1
3.601013, Lush7, shoot, Player, False
3.661013, Adjuster8, shoot, Lush7, False
3.681013, Foe4, shoot, Adjuster8, False
3.841013, Adjuster8, shoot, Lush7, False
4.121013, Betrayal2, shoot, Foe4, False
4.161013, Alcoholic6, shoot, Lush7, False
4.201013, Lush7, shoot, Player, False
4.761013, Alcoholic6, get, coin_v_1
5.041013, Adjuster8, shoot, Bongfu9, False
5.101013, Lush7, shoot, Player, False
5.401013, Player, shoot, Lush7, False
5.401013, Lush7, shoot, Player, False
5.401013, Lush7, shoot, Player, False
5.401013, Drunkard3, shoot, Coward1, False
5.401013, Betrayal2, shoot, Foe4, False
5.501013, Alcoholic6, shoot, Alcoholic6, False
5.661013, Foe4, shoot, Adjuster8, False
5.681013, Foe4, shoot, Bongfu9, False
6.021013, Player, shoot, Lush7, False
6.181013, Bongfu9, shoot, Bongfu9, False
6.761013, Coward1, shoot, Betrayal2, False
6.801013, Adjuster8, shoot, Foe4, False
6.901013, Lush7, shoot, Bongfu9, False
7.001013, Adjuster8, shoot, Player, False
7.221013, Player, shoot, Adjuster8, False
7.221013, Player, shoot, Adjuster8, False
7.241013, Lush7, shoot, Bongfu9, False
7.241013, Lush7, shoot, Bongfu9, False
7.361013, Bongfu9, shoot, Bongfu9, False
7.461013, Betrayal2, get, coin_v_1
7.801013, Lush7, shoot, Bongfu9, False
7.841013, Lush7, shoot, Adjuster8, False
8.401013, Player, shoot, Juicehead5, False
8.461013, Bongfu9, shoot, Lush7, False
8.741013, Foe4, shoot, Adjuster8, False
8.821013, Adjuster8, shoot, Player, False
8.941013, Player, shoot, Foe4, False
9.141013, Adjuster8, shoot, Foe4, False
9.621013, Adjuster8, shoot, Drunkard3, False
9.661013, Foe4, shoot, Adjuster8, False
9.681013, Player, shoot, Adjuster8, True
9.681013, gen, shield
9.68648, Adjuster10, AI
10.04101, Foe4, get, shield
10.50101, Foe4, shoot, Betrayal2, False
10.84101, Player, shoot, Betrayal2, False
10.90101, Player, shoot, Player, False
11.08101, Juicehead5, shoot, Lush7, False
11.10101, Lush7, shoot, Coward1, False
11.38101, Player, shoot, Juicehead5, False
11.58101, Bongfu9, shoot, Lush7, True
11.58101, gen, shield
11.58923, Lush11, AI
11.84101, Betrayal2, shoot, Coward1, False
11.94101, Adjuster10, shoot, Player, False
12.00101, Player, shoot, Juicehead5, False
12.04101, Bongfu9, get, shield
12.14101, Bongfu9, shoot, Coward1, False
12.32101, Drunkard3, shoot, Coward1, False
12.44101, Player, shoot, Player, True
Normal Close
