Game Time: 2022/3/8 14:17:22
Version: 1.0.0.2 with bullet collision times = 2
0, Player, player
0, Player, get, initialShield
0, Coward1, AI
0, Betrayal2, AI
0, Drunkard3, AI
0, Foe4, AI
0, Juicehead5, AI
0, Alcoholic6, AI
0, Lush7, AI
0, Adjuster8, AI
0, Bongfu9, AI
1.774153, Betrayal2, get, coin_v_1
2.474153, Bongfu9, shoot, Lush7, False
3.234153, Juicehead5, get, coin_v_1
3.274153, Betrayal2, get, coin_v_1
3.294153, Drunkard3, shoot, Juicehead5, False
3.614153, Lush7, shoot, Player, False
3.614153, Bongfu9, shoot, Player, False
3.874153, Adjuster8, shoot, Lush7, False
4.014153, Bongfu9, get, coin_v_1
4.214153, Foe4, shoot, Bongfu9, False
4.214153, Lush7, shoot, Player, False
4.414153, Coward1, get, coin_v_1
4.634153, Coward1, get, coin_v_1
4.694153, Coward1, shoot, Bongfu9, False
4.834153, Alcoholic6, get, coin_v_1
5.114153, Lush7, shoot, Player, False
5.414153, Lush7, shoot, Player, False
5.414153, Drunkard3, shoot, Coward1, False
5.414153, Coward1, shoot, Drunkard3, False
5.414153, Player, shoot, Lush7, False
5.614153, Bongfu9, shoot, Bongfu9, False
5.694153, Bongfu9, get, coin_v_1
6.014153, Lush7, shoot, Player, False
6.114153, Adjuster8, shoot, Bongfu9, False
6.614153, Coward1, get, coin_v_1
6.754153, Bongfu9, shoot, Adjuster8, False
6.914153, Lush7, shoot, Player, False
6.994153, Adjuster8, get, coin_v_1
6.994153, Bongfu9, shoot, Player, False
7.214153, Player, shoot, Lush7, False
7.214153, Lush7, shoot, Player, False
7.214153, Lush7, shoot, Player, True
7.214153, Player, shoot, Lush7, False
Normal Close
