Game Time: 2022/3/8 14:25:42
Version: 1.0.0.2 with bullet collision times = 2
0, Player, player
0, Player, get, initialShield
0, Coward1, AI
0, Betrayal2, AI
0, Drunkard3, AI
0, Foe4, AI
0, Juicehead5, AI
0, Alcoholic6, AI
0, Lush7, AI
0, Adjuster8, AI
0, Bongfu9, AI
0.1929126, Foe4, get, coin_v_1
0.2129126, Betrayal2, get, coin_v_1
0.4729125, Drunkard3, get, coin_v_1
0.5729126, Juicehead5, get, coin_v_1
1.192913, Juicehead5, get, coin_v_1
1.252913, Betrayal2, get, coin_v_1
1.732913, Betrayal2, get, coin_v_1
1.912912, Betrayal2, shoot, Betrayal2, False
1.932912, Coward1, get, coin_v_1
2.072912, Juicehead5, get, coin_v_1
2.472913, Coward1, get, coin_v_1
2.472913, Bongfu9, shoot, Lush7, False
2.572912, Juicehead5, get, coin_v_1
3.232913, Juicehead5, get, coin_v_1
3.252913, Drunkard3, shoot, Juicehead5, False
3.352912, Betrayal2, get, coin_v_1
3.612912, Bongfu9, shoot, Player, False
3.612912, Lush7, shoot, Player, False
3.732913, Coward1, shoot, Coward1, False
4.232913, Foe4, shoot, Bongfu9, False
4.372912, Player, shoot, Betrayal2, False
4.812912, Lush7, shoot, Player, False
4.832912, Alcoholic6, get, coin_v_1
5.012912, Coward1, shoot, Foe4, False
5.412912, Lush7, shoot, Player, False
5.492912, Betrayal2, shoot, Coward1, False
5.792912, Betrayal2, get, coin_v_1
6.332912, Foe4, shoot, Bongfu9, False
6.572912, Coward1, get, coin_v_1
6.612912, Lush7, shoot, Player, False
7.212913, Player, shoot, Lush7, False
7.212913, Player, shoot, Lush7, False
7.212913, Lush7, shoot, Player, False
7.492912, Player, shoot, Juicehead5, False
7.532912, Player, get, coin_v_1
7.692913, Alcoholic6, get, coin_v_1
7.752913, Player, shoot, Bongfu9, False
7.792912, Bongfu9, get, coin_v_1
7.812912, Lush7, shoot, Player, False
7.872912, Coward1, shoot, Adjuster8, False
7.992912, Coward1, shoot, Drunkard3, False
8.152912, Alcoholic6, get, coin_v_1
8.172913, Drunkard3, shoot, Lush7, False
8.552913, Drunkard3, shoot, Coward1, False
8.712913, Lush7, shoot, Player, False
9.012913, Lush7, shoot, Player, False
9.012913, Player, shoot, Lush7, False
9.012913, Lush7, shoot, Player, True
9.012913, Player, shoot, Lush7, False
Normal Close
