Game Time: 2022/3/8 13:42:39
Version: 1.0.0.2 with bullet collision times = 2
0, Player, player
0, Player, get, initialShield
0, Coward1, AI
0, Betrayal2, AI
0, Drunkard3, AI
0, Foe4, AI
0, Juicehead5, AI
0, Alcoholic6, AI
0, Lush7, AI
0, Adjuster8, AI
0, Bongfu9, AI
0.2445386, Juicehead5, shoot, Juicehead5, False
0.8045385, Drunkard3, get, coin_v_1
1.104539, Bongfu9, get, coin_v_1
1.324539, Alcoholic6, get, coin_v_1
1.964539, Coward1, get, coin_v_1
2.044538, Juicehead5, shoot, Juicehead5, False
2.384538, Bongfu9, shoot, Lush7, False
2.864538, Juicehead5, get, coin_v_1
3.284539, Drunkard3, get, coin_v_1
3.604538, Lush7, shoot, Player, False
3.604538, Bongfu9, shoot, Drunkard3, False
3.604538, Drunkard3, shoot, Bongfu9, False
3.644538, Foe4, shoot, Adjuster8, False
3.864538, Adjuster8, shoot, Lush7, False
4.184538, Player, get, coin_v_1
4.204538, Lush7, shoot, Player, False
4.424539, Alcoholic6, get, coin_v_1
4.564538, Alcoholic6, shoot, Juicehead5, False
4.744538, Juicehead5, shoot, Betrayal2, False
4.804538, Bongfu9, shoot, Drunkard3, False
4.804538, Drunkard3, shoot, Bongfu9, False
4.884539, Betrayal2, shoot, Juicehead5, False
4.944539, Juicehead5, shoot, Coward1, False
4.984539, Adjuster8, shoot, Lush7, False
5.104538, Lush7, shoot, Player, False
5.104538, Juicehead5, shoot, Betrayal2, False
5.104538, Bongfu9, shoot, Drunkard3, False
5.104538, Drunkard3, shoot, Bongfu9, False
5.404539, Lush7, shoot, Player, False
5.404539, Bongfu9, shoot, Drunkard3, False
5.404539, Drunkard3, shoot, Bongfu9, False
5.624538, Juicehead5, shoot, Bongfu9, False
5.744538, Foe4, shoot, Adjuster8, False
6.004539, Lush7, shoot, Player, False
6.004539, Bongfu9, shoot, Drunkard3, False
6.364538, Juicehead5, get, coin_v_1
6.564538, Betrayal2, get, coin_v_1
6.904539, Lush7, shoot, Player, False
6.904539, Juicehead5, shoot, Betrayal2, False
6.904539, Betrayal2, shoot, Juicehead5, False
7.204538, Player, shoot, Lush7, False
7.204538, Lush7, shoot, Player, False
7.204538, Lush7, shoot, Player, False
7.204538, Lush7, shoot, Player, False
7.204538, Player, shoot, Lush7, False
7.204538, Bongfu9, shoot, Adjuster8, False
7.204538, Bongfu9, shoot, Adjuster8, False
7.204538, Bongfu9, shoot, Adjuster8, False
7.204538, Bongfu9, shoot, Adjuster8, False
7.244538, Juicehead5, shoot, Betrayal2, False
7.284538, Player, shoot, Lush7, False
7.284538, Drunkard3, shoot, Bongfu9, False
7.364538, Juicehead5, shoot, Juicehead5, False
7.384538, Adjuster8, shoot, Adjuster8, False
7.384538, Drunkard3, shoot, Foe4, False
7.544538, Player, shoot, Bongfu9, False
8.304539, Lush7, get, coin_v_1
8.804539, Bongfu9, get, coin_v_1
8.804539, Player, shoot, Adjuster8, False
9.044538, Lush7, shoot, Bongfu9, False
9.204538, Betrayal2, get, coin_v_1
9.484538, Adjuster8, shoot, Player, True
Normal Close
