Game Time: 2022/3/8 14:43:17
Version: 1.0.0.2 with bullet collision times = 2
0, Player, player
0, Player, get, initialShield
0, Coward1, AI
0, Betrayal2, AI
0, Drunkard3, AI
0, Foe4, AI
0, Juicehead5, AI
0, Alcoholic6, AI
0, Lush7, AI
0, Adjuster8, AI
0, Bongfu9, AI
0.8510046, Drunkard3, get, coin_v_1
1.171005, Alcoholic6, get, coin_v_1
1.291005, Betrayal2, get, coin_v_1
1.751005, Betrayal2, get, coin_v_1
1.871005, Foe4, get, coin_v_1
1.951005, Coward1, get, coin_v_1
2.431005, Bongfu9, shoot, Lush7, False
3.231004, Juicehead5, get, coin_v_1
3.271004, Drunkard3, shoot, Juicehead5, False
3.331005, Betrayal2, get, coin_v_1
3.611005, Bongfu9, shoot, Lush7, False
3.611005, Lush7, shoot, Player, False
3.631005, Foe4, shoot, Adjuster8, False
3.911005, Adjuster8, shoot, Bongfu9, False
4.211005, Lush7, shoot, Player, False
4.311005, Alcoholic6, get, coin_v_1
4.811005, Bongfu9, shoot, Player, False
4.911005, Betrayal2, get, coin_v_1
4.971004, Adjuster8, shoot, Bongfu9, False
5.111004, Bongfu9, shoot, Player, False
5.251005, Lush7, get, coin_v_1
5.411005, Bongfu9, shoot, Player, False
5.411005, Foe4, shoot, Coward1, False
5.411005, Coward1, shoot, Foe4, False
5.411005, Player, shoot, Bongfu9, False
5.711004, Betrayal2, shoot, Betrayal2, False
5.731005, Drunkard3, shoot, Coward1, False
6.011004, Bongfu9, shoot, Player, False
6.511004, Coward1, get, coin_v_1
6.631004, Foe4, shoot, Adjuster8, False
6.911005, Betrayal2, shoot, Coward1, False
7.351005, Player, shoot, Lush7, False
7.891005, Foe4, shoot, Juicehead5, False
8.071005, Betrayal2, shoot, Alcoholic6, False
8.411004, Player, shoot, Juicehead5, False
8.511004, Foe4, shoot, Adjuster8, False
8.791004, Adjuster8, shoot, Foe4, False
8.851005, Coward1, shoot, Drunkard3, False
9.071005, Foe4, shoot, Adjuster8, False
9.351005, Player, shoot, Player, False
9.451004, Player, shoot, Juicehead5, False
9.611005, Lush7, shoot, Bongfu9, False
9.671004, Player, shoot, Adjuster8, False
10.291, Player, shoot, Juicehead5, False
10.591, Foe4, shoot, Adjuster8, False
10.651, Betrayal2, shoot, Drunkard3, False
10.751, Coward1, shoot, Drunkard3, False
10.811, Bongfu9, shoot, Lush7, False
10.811, Bongfu9, shoot, Lush7, False
10.811, Lush7, shoot, Bongfu9, False
10.811, Lush7, shoot, Bongfu9, False
10.811, Lush7, shoot, Bongfu9, False
10.891, Player, shoot, Adjuster8, False
10.911, Player, shoot, Adjuster8, False
10.951, Adjuster8, shoot, Foe4, False
11.191, Player, shoot, Player, False
11.411, Bongfu9, shoot, Lush7, False
11.411, Lush7, shoot, Bongfu9, False
11.431, Player, shoot, Juicehead5, False
12.051, Bongfu9, shoot, Lush7, False
12.091, Player, shoot, Adjuster8, False
12.391, Adjuster8, shoot, Player, False
12.731, Adjuster8, shoot, Coward1, False
12.831, Drunkard3, shoot, Adjuster8, True
12.831, gen, horse
12.83317, Adjuster10, AI
12.931, Bongfu9, shoot, Bongfu9, False
13.011, Drunkard3, shoot, Adjuster10, False
13.031, Drunkard3, shoot, Drunkard3, False
13.071, Juicehead5, shoot, Player, True
Normal Close
