Game Time: 2022/3/8 13:55:10
Version: 1.0.0.2 with bullet collision times = 2
0, Player, player
0, Player, get, initialShield
0, Coward1, AI
0, Betrayal2, AI
0, Drunkard3, AI
0, Foe4, AI
0, Juicehead5, AI
0, Alcoholic6, AI
0, Lush7, AI
0, Adjuster8, AI
0, Bongfu9, AI
0.3860981, Betrayal2, get, coin_v_1
1.026098, Juicehead5, get, coin_v_1
1.066098, Bongfu9, get, coin_v_1
1.246098, Drunkard3, get, coin_v_1
1.766098, Betrayal2, get, coin_v_1
1.906098, Betrayal2, shoot, Betrayal2, False
1.926098, Foe4, get, coin_v_1
2.686098, Bongfu9, shoot, Adjuster8, False
3.126098, Juicehead5, get, coin_v_1
3.386098, Adjuster8, shoot, Lush7, False
3.566098, Coward1, shoot, Coward1, False
3.606098, Lush7, shoot, Player, False
3.746098, Foe4, shoot, Adjuster8, False
4.306098, Betrayal2, get, coin_v_1
4.346098, Player, get, coin_v_1
4.766098, Alcoholic6, get, coin_v_1
4.806098, Lush7, shoot, Player, False
5.106098, Adjuster8, shoot, Bongfu9, False
5.326098, Adjuster8, shoot, Lush7, False
5.406098, Lush7, shoot, Player, False
5.626098, Adjuster8, shoot, Lush7, False
5.746098, Juicehead5, get, coin_v_1
5.766098, Player, shoot, Adjuster8, False
6.006098, Lush7, shoot, Player, False
6.766098, Coward1, shoot, Drunkard3, False
6.906098, Player, get, coin_v_1
6.906098, Lush7, shoot, Player, False
7.186098, Alcoholic6, get, coin_v_1
7.206098, Player, shoot, Lush7, False
7.206098, Lush7, shoot, Player, False
7.206098, Player, shoot, Lush7, False
7.206098, Lush7, shoot, Player, False
7.206098, Lush7, shoot, Player, False
7.246098, Adjuster8, shoot, Foe4, False
7.706098, Player, shoot, Bongfu9, False
7.726098, Betrayal2, get, coin_v_1
7.746098, Foe4, shoot, Juicehead5, False
7.806098, Lush7, shoot, Player, False
8.366097, Alcoholic6, get, coin_v_1
8.706098, Player, shoot, Lush7, False
8.706098, Lush7, shoot, Player, True
8.706098, Player, shoot, Lush7, False
8.706098, Player, shoot, Lush7, False
Normal Close
