Game Time: 2022/3/8 13:42:03
Version: 1.0.0.2 with bullet collision times = 2
0, Player, player
0, Player, get, initialShield
0, Coward1, AI
0, Betrayal2, AI
0, Drunkard3, AI
0, Foe4, AI
0, Juicehead5, AI
0, Alcoholic6, AI
0, Lush7, AI
0, Adjuster8, AI
0, Bongfu9, AI
1.125498, Bongfu9, get, coin_v_1
1.185498, Coward1, shoot, Adjuster8, False
1.705498, Foe4, get, coin_v_1
1.985498, Bongfu9, get, coin_v_1
2.805498, Betrayal2, get, coin_v_1
3.245498, Juicehead5, get, coin_v_1
3.305498, Drunkard3, shoot, Juicehead5, False
3.605498, Lush7, shoot, Player, False
3.705498, Betrayal2, get, coin_v_1
3.725498, Foe4, shoot, Adjuster8, False
3.785498, Coward1, shoot, Betrayal2, False
3.885498, Betrayal2, get, coin_v_1
3.885498, Adjuster8, shoot, Lush7, False
4.085498, Bongfu9, shoot, Bongfu9, False
4.245498, Alcoholic6, get, coin_v_1
4.345498, Player, get, coin_v_1
4.805498, Lush7, shoot, Player, False
5.245498, Adjuster8, shoot, Player, False
5.265498, Lush7, get, coin_v_1
5.685498, Betrayal2, shoot, Betrayal2, False
6.145498, Bongfu9, shoot, Betrayal2, False
6.365498, Adjuster8, shoot, Drunkard3, False
6.605498, Bongfu9, shoot, Lush7, False
6.785498, Betrayal2, get, coin_v_1
6.905498, Lush7, shoot, Bongfu9, False
7.305498, Player, shoot, Adjuster8, False
7.465498, Player, shoot, Juicehead5, False
7.585498, Bongfu9, shoot, Player, False
7.825498, Bongfu9, shoot, Lush7, False
7.825498, Lush7, shoot, Bongfu9, False
7.845498, Betrayal2, shoot, Coward1, False
9.085498, Player, shoot, Adjuster8, False
9.405498, Bongfu9, shoot, Juicehead5, False
9.685498, Adjuster8, shoot, Player, False
9.725498, Betrayal2, get, coin_v_1
10.1855, Player, shoot, Juicehead5, False
10.5055, Betrayal2, shoot, Drunkard3, False
10.7455, Betrayal2, shoot, Juicehead5, False
12.1255, Drunkard3, shoot, Coward1, False
12.5455, Player, shoot, Player, False
12.6655, Foe4, shoot, Adjuster8, False
12.8855, Player, shoot, Juicehead5, False
13.0055, Juicehead5, shoot, Juicehead5, False
13.1255, Bongfu9, shoot, Bongfu9, False
13.2255, Player, shoot, Lush7, False
13.4055, Drunkard3, shoot, Juicehead5, False
14.0455, Drunkard3, shoot, Juicehead5, False
14.3655, Coward1, shoot, Adjuster8, False
14.6655, Juicehead5, shoot, Bongfu9, False
14.8855, Player, shoot, Bongfu9, False
14.9855, Player, shoot, Juicehead5, True
14.9855, gen, horse
14.98713, Juicehead10, AI
15.2455, Betrayal2, shoot, Adjuster8, False
15.2655, Lush7, shoot, Foe4, False
15.3455, Juicehead5, shoot, Lush7, False
15.4855, Juicehead5, shoot, Betrayal2, False
15.6255, Foe4, shoot, Betrayal2, False
15.9055, Betrayal2, shoot, Foe4, False
15.9855, Adjuster8, shoot, Player, False
16.3455, Betrayal2, shoot, Drunkard3, False
16.5655, Adjuster8, shoot, Betrayal2, False
16.7255, Bongfu9, shoot, Adjuster8, False
16.8255, Player, shoot, Lush7, False
16.9655, Player, shoot, Betrayal2, False
16.9855, Bongfu9, shoot, Alcoholic6, False
17.5055, Alcoholic6, shoot, Alcoholic6, False
18.1055, Alcoholic6, shoot, Alcoholic6, False
18.1255, Adjuster8, shoot, Foe4, False
18.4455, Bongfu9, shoot, Player, False
18.6455, Foe4, shoot, Adjuster8, False
18.6455, Foe4, shoot, Adjuster8, True
18.6455, gen, horse
18.64733, Adjuster11, AI
18.8055, Bongfu9, shoot, Alcoholic6, False
18.8655, Juicehead10, get, horse
18.8855, Foe4, get, horse
19.1255, Player, shoot, Lush7, False
19.4455, Adjuster8, shoot, Lush7, False
19.5055, Bongfu9, get, coin_v_1
19.7655, Bongfu9, shoot, Juicehead10, False
19.8455, Betrayal2, get, coin_v_1
19.9255, Bongfu9, shoot, Juicehead10, False
20.0655, Bongfu9, shoot, Juicehead10, False
20.1055, Player, shoot, Juicehead10, False
20.5055, Lush7, shoot, Juicehead10, False
20.7455, Drunkard3, shoot, Juicehead10, False
21.0855, Player, shoot, Foe4, False
21.3055, Coward1, shoot, Drunkard3, False
21.3855, Betrayal2, shoot, Drunkard3, False
21.5655, Player, shoot, Bongfu9, False
21.6255, Betrayal2, shoot, Drunkard3, False
21.6255, Drunkard3, shoot, Betrayal2, False
21.8655, Foe4, shoot, Player, False
21.9655, Betrayal2, shoot, Adjuster11, False
22.0255, Juicehead10, shoot, Adjuster11, False
22.0455, Betrayal2, shoot, Foe4, False
22.2255, Player, shoot, Lush7, False
22.4455, Adjuster11, shoot, Foe4, False
22.4655, Drunkard3, shoot, Alcoholic6, False
22.4855, Betrayal2, shoot, Player, True
Normal Close
