Game Time: 2022/3/8 14:27:02
Version: 1.0.0.2 with bullet collision times = 2
0, Player, player
0, Player, get, initialShield
0, Coward1, AI
0, Betrayal2, AI
0, Drunkard3, AI
0, Foe4, AI
0, Juicehead5, AI
0, Alcoholic6, AI
0, Lush7, AI
0, Adjuster8, AI
0, Bongfu9, AI
0.1162654, Betrayal2, shoot, Betrayal2, False
1.136265, Bongfu9, get, coin_v_1
1.396265, Juicehead5, get, coin_v_1
1.756265, Betrayal2, get, coin_v_1
1.916265, Betrayal2, shoot, Betrayal2, False
2.436265, Bongfu9, shoot, Lush7, False
2.636265, Drunkard3, shoot, Alcoholic6, False
3.136265, Juicehead5, get, coin_v_1
3.236265, Betrayal2, get, coin_v_1
3.616265, Lush7, shoot, Player, False
3.616265, Bongfu9, shoot, Player, False
3.636265, Foe4, shoot, Adjuster8, False
3.676265, Bongfu9, get, coin_v_1
3.856265, Adjuster8, shoot, Lush7, False
3.976265, Bongfu9, get, coin_v_1
4.216265, Lush7, shoot, Player, False
4.316266, Alcoholic6, get, coin_v_1
4.336266, Betrayal2, shoot, Adjuster8, False
4.356266, Coward1, get, coin_v_1
4.576265, Coward1, get, coin_v_1
5.116265, Lush7, shoot, Player, False
5.316265, Adjuster8, shoot, Lush7, False
5.416265, Lush7, shoot, Player, False
5.416265, Player, shoot, Lush7, False
5.596265, Alcoholic6, shoot, Alcoholic6, False
5.696265, Alcoholic6, shoot, Alcoholic6, False
5.776265, Bongfu9, shoot, Bongfu9, False
6.016265, Lush7, shoot, Player, False
6.056265, Adjuster8, shoot, Lush7, False
6.216265, Foe4, shoot, Bongfu9, False
6.916265, Lush7, shoot, Player, False
6.956265, Adjuster8, shoot, Foe4, False
7.216265, Player, shoot, Lush7, False
7.216265, Lush7, shoot, Player, False
7.216265, Lush7, shoot, Player, False
7.216265, Lush7, shoot, Player, True
7.216265, Player, shoot, Lush7, False
Normal Close
