Game Time: 2022/3/8 14:32:31
Version: 1.0.0.2 with bullet collision times = 2
0, Player, player
0, Player, get, initialShield
0, Coward1, AI
0, Betrayal2, AI
0, Drunkard3, AI
0, Foe4, AI
0, Juicehead5, AI
0, Alcoholic6, AI
0, Lush7, AI
0, Adjuster8, AI
0, Bongfu9, AI
0.7896224, Foe4, get, coin_v_1
0.9496224, Bongfu9, get, coin_v_1
1.229622, Juicehead5, get, coin_v_1
1.829622, Betrayal2, get, coin_v_1
2.349622, Bongfu9, shoot, Lush7, False
3.449622, Juicehead5, get, coin_v_1
3.609622, Lush7, shoot, Player, False
3.729622, Foe4, shoot, Adjuster8, False
3.989622, Adjuster8, shoot, Player, False
4.129622, Bongfu9, get, coin_v_1
4.189622, Player, get, coin_v_1
4.369622, Betrayal2, get, coin_v_1
4.369622, Bongfu9, shoot, Bongfu9, False
4.769622, Alcoholic6, get, coin_v_1
4.809622, Bongfu9, shoot, Lush7, False
4.809622, Lush7, shoot, Player, False
5.069623, Adjuster8, shoot, Player, False
5.109622, Lush7, shoot, Player, False
5.409622, Lush7, shoot, Player, False
5.409622, Bongfu9, shoot, Lush7, False
5.409622, Player, shoot, Lush7, False
5.629622, Betrayal2, shoot, Betrayal2, False
5.969622, Drunkard3, shoot, Foe4, False
6.009622, Lush7, shoot, Player, False
6.109622, Adjuster8, shoot, Juicehead5, False
6.229622, Alcoholic6, shoot, Bongfu9, False
6.709622, Adjuster8, shoot, Player, False
6.889622, Foe4, shoot, Adjuster8, False
7.069622, Adjuster8, get, coin_v_1
7.229622, Bongfu9, shoot, Lush7, False
7.349622, Bongfu9, shoot, Lush7, False
7.669622, Player, shoot, Bongfu9, False
7.809622, Player, shoot, Juicehead5, False
7.889622, Bongfu9, shoot, Lush7, False
8.069622, Betrayal2, shoot, Adjuster8, False
8.509623, Player, shoot, Adjuster8, False
8.809622, Adjuster8, shoot, Player, False
8.809622, Lush7, shoot, Bongfu9, False
8.889623, Alcoholic6, get, coin_v_1
9.169622, Foe4, shoot, Juicehead5, False
9.229622, Player, shoot, Juicehead5, False
9.269622, Player, shoot, Juicehead5, False
9.529622, Foe4, shoot, Drunkard3, False
9.609622, Alcoholic6, get, coin_v_1
9.689622, Lush7, shoot, Adjuster8, False
9.949622, Alcoholic6, shoot, Coward1, False
10.28962, Player, shoot, Adjuster8, False
10.66962, Player, shoot, Bongfu9, False
10.80962, Player, shoot, Drunkard3, False
10.82962, Player, shoot, Alcoholic6, False
11.04962, Adjuster8, shoot, Foe4, False
11.38962, Player, shoot, Juicehead5, False
11.44962, Player, shoot, Alcoholic6, False
12.38962, Player, shoot, Adjuster8, False
12.76962, Player, shoot, Bongfu9, False
12.90962, Player, shoot, Alcoholic6, False
13.20962, Lush7, shoot, Alcoholic6, False
13.38962, Adjuster8, shoot, Alcoholic6, False
13.68962, Juicehead5, shoot, Coward1, False
13.84962, Foe4, shoot, Coward1, False
13.90962, Player, shoot, Adjuster8, False
14.24962, Player, shoot, Bongfu9, False
14.32962, Player, shoot, Alcoholic6, False
14.36962, Betrayal2, get, coin_v_1
14.56962, Alcoholic6, shoot, Alcoholic6, False
14.64962, Lush7, shoot, Bongfu9, False
14.80962, Foe4, shoot, Coward1, False
14.90962, Adjuster8, shoot, Lush7, False
15.08962, Juicehead5, shoot, Player, True
15.08962, Alcoholic6, shoot, Bongfu9, False
15.08962, Foe4, shoot, Coward1, False
Normal Close
