Game Time: 2022/3/8 14:27:46
Version: 1.0.0.2 with bullet collision times = 2
0, Player, player
0, Player, get, initialShield
0, Coward1, AI
0, Betrayal2, AI
0, Drunkard3, AI
0, Foe4, AI
0, Juicehead5, AI
0, Alcoholic6, AI
0, Lush7, AI
0, Adjuster8, AI
0, Bongfu9, AI
0.4146015, Alcoholic6, get, coin_v_1
0.9746015, Bongfu9, get, coin_v_1
1.214602, Juicehead5, get, coin_v_1
1.834602, Bongfu9, get, coin_v_1
1.874601, Juicehead5, get, coin_v_1
1.894601, Juicehead5, get, coin_v_1
2.154602, Juicehead5, get, coin_v_1
2.154602, Alcoholic6, shoot, Alcoholic6, False
2.354601, Bongfu9, shoot, Lush7, False
2.854601, Adjuster8, shoot, Juicehead5, False
2.954602, Alcoholic6, get, coin_v_1
3.214602, Juicehead5, get, coin_v_1
3.314601, Drunkard3, shoot, Juicehead5, False
3.614601, Lush7, shoot, Player, False
3.674601, Foe4, shoot, Adjuster8, False
3.774601, Bongfu9, shoot, Bongfu9, False
3.854601, Juicehead5, shoot, Coward1, False
3.914601, Adjuster8, shoot, Lush7, False
3.934601, Betrayal2, shoot, Adjuster8, False
4.154602, Player, get, coin_v_1
4.174602, Betrayal2, get, coin_v_1
4.214602, Lush7, shoot, Player, False
5.114602, Lush7, shoot, Player, False
5.334601, Adjuster8, shoot, Lush7, False
5.414601, Lush7, shoot, Player, False
5.534601, Betrayal2, shoot, Betrayal2, False
5.994601, Player, shoot, Juicehead5, False
6.014601, Lush7, shoot, Player, False
6.214602, Adjuster8, shoot, Lush7, False
6.854601, Coward1, shoot, Drunkard3, False
6.914601, Lush7, shoot, Player, False
7.174602, Adjuster8, shoot, Player, False
7.214602, Player, shoot, Lush7, False
7.214602, Player, shoot, Lush7, False
7.214602, Lush7, shoot, Player, False
7.214602, Lush7, shoot, Player, False
7.214602, Lush7, shoot, Player, True
Normal Close
