Game Time: 2022/3/8 14:14:09
Version: 1.0.0.2 with bullet collision times = 2
0, Player, player
0, Player, get, initialShield
0, Coward1, AI
0, Betrayal2, AI
0, Drunkard3, AI
0, Foe4, AI
0, Juicehead5, AI
0, Alcoholic6, AI
0, Lush7, AI
0, Adjuster8, AI
0, Bongfu9, AI
0.323338, Foe4, get, coin_v_1
1.003338, Alcoholic6, get, coin_v_1
1.143338, Coward1, shoot, Adjuster8, False
1.363338, Betrayal2, get, coin_v_1
1.743338, Betrayal2, get, coin_v_1
1.863338, Coward1, get, coin_v_1
1.903338, Betrayal2, shoot, Betrayal2, False
3.183338, Juicehead5, get, coin_v_1
3.283338, Betrayal2, get, coin_v_1
3.603338, Juicehead5, shoot, Bongfu9, False
3.623338, Foe4, shoot, Adjuster8, False
3.723338, Adjuster8, shoot, Player, False
4.283338, Adjuster8, shoot, Juicehead5, False
4.983338, Player, shoot, Adjuster8, False
5.123338, Coward1, get, coin_v_1
5.563338, Player, shoot, Bongfu9, False
6.883338, Bongfu9, get, coin_v_1
6.943338, Player, shoot, Foe4, False
7.143338, Juicehead5, shoot, Juicehead5, False
7.263338, Adjuster8, shoot, Foe4, False
7.603338, Juicehead5, shoot, Adjuster8, False
7.663338, Adjuster8, shoot, Bongfu9, False
7.683338, Lush7, shoot, Alcoholic6, False
7.743338, Betrayal2, get, coin_v_1
8.083338, Foe4, shoot, Bongfu9, False
8.703338, Bongfu9, shoot, Foe4, False
8.783338, Foe4, shoot, Adjuster8, False
8.943337, Player, shoot, Juicehead5, False
9.003338, Bongfu9, shoot, Foe4, False
9.003338, Bongfu9, shoot, Foe4, False
9.003338, Foe4, shoot, Bongfu9, False
9.183338, Lush7, shoot, Lush7, False
10.36334, Alcoholic6, shoot, Coward1, False
10.50334, Juicehead5, shoot, Betrayal2, False
10.90334, Adjuster8, shoot, Player, False
10.98334, Betrayal2, get, coin_v_1
11.02334, Coward1, shoot, Coward1, False
11.38334, Betrayal2, shoot, Lush7, False
11.60334, Lush7, shoot, Betrayal2, False
11.64334, Bongfu9, shoot, Coward1, False
12.38334, Foe4, shoot, Adjuster8, False
12.52334, Alcoholic6, shoot, Drunkard3, False
12.64334, Drunkard3, shoot, Coward1, False
12.78334, Bongfu9, shoot, Betrayal2, False
12.82334, Bongfu9, shoot, Betrayal2, False
13.26334, Foe4, shoot, Adjuster8, False
13.30334, Lush7, shoot, Lush7, False
13.68334, Betrayal2, get, coin_v_1
13.78334, Juicehead5, shoot, Coward1, False
14.18334, Bongfu9, shoot, Alcoholic6, False
14.48334, Adjuster8, shoot, Player, False
14.48334, Foe4, shoot, Adjuster8, False
14.74334, Bongfu9, shoot, Drunkard3, False
14.80334, Bongfu9, shoot, Adjuster8, False
14.90334, Foe4, shoot, Juicehead5, False
15.02334, Coward1, shoot, Adjuster8, True
15.02334, gen, horse
15.02536, Adjuster10, AI
15.10334, Juicehead5, shoot, Coward1, False
15.24334, Betrayal2, shoot, Drunkard3, False
15.40334, Foe4, get, horse
15.58334, Coward1, shoot, Lush7, False
16.40334, Coward1, shoot, Coward1, False
16.54334, Foe4, shoot, Player, False
16.56334, Adjuster10, get, coin_v_1
16.72334, Coward1, shoot, Player, False
17.02334, Coward1, shoot, Coward1, False
17.06334, Coward1, shoot, Alcoholic6, False
18.76334, Bongfu9, get, coin_v_1
19.28334, Foe4, shoot, Drunkard3, False
19.36334, Coward1, shoot, Coward1, False
19.84334, Player, shoot, Adjuster10, False
20.16334, Bongfu9, shoot, Lush7, False
20.30334, Lush7, shoot, Betrayal2, False
20.70334, Betrayal2, shoot, Betrayal2, False
20.76334, Betrayal2, get, coin_v_1
20.80334, Player, shoot, Foe4, False
21.00334, Bongfu9, shoot, Alcoholic6, False
21.20334, Coward1, shoot, Drunkard3, False
21.40334, Foe4, shoot, Drunkard3, False
21.70334, Player, shoot, Adjuster10, False
21.86334, Lush7, shoot, Betrayal2, False
21.96334, Bongfu9, shoot, Lush7, False
22.08334, Coward1, shoot, Foe4, False
22.14334, Coward1, shoot, Coward1, True
22.14334, gen, shield
22.1474, Coward11, AI
22.30334, Lush7, shoot, Lush7, False
22.88334, Alcoholic6, shoot, Player, False
23.14334, Coward1, shoot, Coward11, False
23.48334, Player, shoot, Adjuster10, False
23.56334, Bongfu9, shoot, Foe4, False
23.74334, Bongfu9, shoot, Drunkard3, False
23.80334, Betrayal2, shoot, Alcoholic6, False
23.80334, Player, shoot, Foe4, False
24.10334, Foe4, shoot, Adjuster10, False
24.62334, Lush7, shoot, Lush7, False
24.78334, Bongfu9, get, shield
24.98334, Foe4, shoot, Adjuster10, False
25.28334, Player, shoot, Adjuster10, False
25.30334, Betrayal2, get, coin_v_1
25.86334, Foe4, shoot, Adjuster10, False
25.90334, Adjuster10, shoot, Player, False
26.00334, Betrayal2, shoot, Drunkard3, False
26.26334, Player, shoot, Player, False
26.34334, Betrayal2, shoot, Coward11, False
26.76334, Adjuster10, shoot, Foe4, False
26.78334, Player, shoot, Adjuster10, False
27.06334, Lush7, shoot, Coward11, False
27.08334, Adjuster10, shoot, Player, False
27.08334, Lush7, shoot, Juicehead5, False
27.10334, Lush7, shoot, Lush7, False
27.60334, Drunkard3, shoot, Player, False
27.68334, Player, shoot, Lush7, True
27.68334, gen, shield
27.6845, Lush12, AI
27.70334, Adjuster10, shoot, Player, True
Normal Close
