Game Time: 2022/3/8 14:37:46
Version: 1.0.0.2 with bullet collision times = 2
0, Player, player
0, Player, get, initialShield
0, Coward1, AI
0, Betrayal2, AI
0, Drunkard3, AI
0, Foe4, AI
0, Juicehead5, AI
0, Alcoholic6, AI
0, Lush7, AI
0, Adjuster8, AI
0, Bongfu9, AI
0.3789448, Foe4, get, coin_v_1
0.9389448, Juicehead5, get, coin_v_1
1.118945, Bongfu9, get, coin_v_1
1.178945, Coward1, shoot, Adjuster8, False
1.298945, Alcoholic6, get, coin_v_1
1.738945, Betrayal2, get, coin_v_1
1.858945, Coward1, get, coin_v_1
1.958945, Bongfu9, get, coin_v_1
1.998945, Coward1, shoot, Coward1, False
2.638945, Alcoholic6, shoot, Lush7, False
2.958945, Drunkard3, shoot, Bongfu9, False
3.298945, Bongfu9, shoot, Drunkard3, False
3.338945, Lush7, get, coin_v_1
3.598945, Lush7, shoot, Lush7, False
3.638945, Foe4, shoot, Adjuster8, False
3.798945, Lush7, shoot, Lush7, False
3.858945, Drunkard3, shoot, Juicehead5, False
3.958945, Player, shoot, Player, False
4.318945, Drunkard3, get, coin_v_1
4.878945, Bongfu9, shoot, Lush7, False
5.178945, Lush7, shoot, Bongfu9, False
5.738945, Betrayal2, get, coin_v_1
5.798944, Player, shoot, Player, False
5.818944, Lush7, shoot, Coward1, False
5.898945, Drunkard3, get, coin_v_1
6.138945, Coward1, shoot, Coward1, False
6.958945, Juicehead5, shoot, Foe4, False
7.498945, Drunkard3, shoot, Bongfu9, False
7.818944, Drunkard3, shoot, Betrayal2, False
8.058945, Alcoholic6, shoot, Lush7, False
8.238945, Player, shoot, Player, False
8.258945, Coward1, get, coin_v_1
8.258945, Foe4, shoot, Betrayal2, False
8.718945, Bongfu9, shoot, Adjuster8, False
8.718945, Adjuster8, shoot, Bongfu9, False
8.758945, Drunkard3, shoot, Foe4, False
9.038944, Player, shoot, Bongfu9, False
9.178945, Player, shoot, Player, False
9.218945, Betrayal2, shoot, Foe4, False
9.338944, Drunkard3, shoot, Foe4, False
10.03894, Player, shoot, Betrayal2, False
10.77894, Betrayal2, shoot, Foe4, False
10.87894, Betrayal2, shoot, Adjuster8, False
11.11894, Foe4, shoot, Drunkard3, False
11.33894, Bongfu9, shoot, Player, False
11.53894, Juicehead5, shoot, Juicehead5, False
11.95894, Player, shoot, Player, False
12.31894, Bongfu9, shoot, Adjuster8, False
12.35894, Bongfu9, shoot, Drunkard3, False
12.39894, Foe4, shoot, Adjuster8, False
12.79894, Lush7, shoot, Lush7, False
12.89894, Player, shoot, Player, False
13.25894, Adjuster8, shoot, Alcoholic6, False
13.29894, Player, shoot, Adjuster8, False
13.51894, Alcoholic6, shoot, Lush7, False
13.59894, Bongfu9, shoot, Alcoholic6, False
13.73894, Alcoholic6, get, coin_v_1
13.73894, Betrayal2, shoot, Foe4, False
14.19894, Adjuster8, shoot, Foe4, False
14.41894, Player, shoot, Betrayal2, False
14.53894, Bongfu9, shoot, Bongfu9, False
14.77894, Betrayal2, get, coin_v_1
14.77894, Betrayal2, shoot, Juicehead5, False
15.09894, Foe4, shoot, Adjuster8, False
15.63894, Player, shoot, Player, False
15.83894, Lush7, shoot, Alcoholic6, False
15.93894, Bongfu9, get, coin_v_1
16.07895, Betrayal2, shoot, Player, False
16.23895, Betrayal2, shoot, Player, True
Normal Close
