Game Time: 2022/3/8 14:11:23
Version: 1.0.0.2 with bullet collision times = 2
0, Player, player
0, Player, get, initialShield
0, Coward1, AI
0, Betrayal2, AI
0, Drunkard3, AI
0, Foe4, AI
0, Juicehead5, AI
0, Alcoholic6, AI
0, Lush7, AI
0, Adjuster8, AI
0, Bongfu9, AI
0.4700048, Juicehead5, get, coin_v_1
0.9900048, Bongfu9, get, coin_v_1
1.170005, Coward1, shoot, Adjuster8, False
1.390005, Alcoholic6, get, coin_v_1
1.450005, Foe4, get, coin_v_1
1.750005, Betrayal2, get, coin_v_1
1.790005, Coward1, get, coin_v_1
1.830005, Bongfu9, get, coin_v_1
3.210005, Juicehead5, shoot, Foe4, False
3.330005, Bongfu9, get, coin_v_1
3.610005, Lush7, shoot, Player, False
3.690005, Bongfu9, get, coin_v_1
3.870005, Adjuster8, shoot, Lush7, False
3.950005, Betrayal2, shoot, Foe4, False
4.310005, Alcoholic6, get, coin_v_1
4.810005, Lush7, shoot, Player, False
4.970005, Adjuster8, shoot, Lush7, False
5.110005, Lush7, shoot, Player, False
5.410005, Lush7, shoot, Player, False
6.010005, Lush7, shoot, Player, False
6.910005, Lush7, shoot, Player, False
7.210005, Lush7, shoot, Player, False
7.210005, Player, shoot, Lush7, False
7.210005, Player, shoot, Lush7, False
7.230005, Coward1, shoot, Drunkard3, False
7.730005, Player, shoot, Bongfu9, False
7.810005, Lush7, shoot, Player, False
7.890005, Foe4, shoot, Adjuster8, False
8.030005, Player, shoot, Alcoholic6, False
8.410005, Player, shoot, Lush7, False
8.530005, Alcoholic6, shoot, Alcoholic6, False
8.710005, Lush7, shoot, Player, False
9.010005, Lush7, shoot, Player, True
Normal Close
