Game Time: 2022/3/8 13:55:20
Version: 1.0.0.2 with bullet collision times = 2
0, Player, player
0, Player, get, initialShield
0, Coward1, AI
0, Betrayal2, AI
0, Drunkard3, AI
0, Foe4, AI
0, Juicehead5, AI
0, Alcoholic6, AI
0, Lush7, AI
0, Adjuster8, AI
0, Bongfu9, AI
0.6702123, Drunkard3, get, coin_v_1
1.050212, Bongfu9, get, coin_v_1
1.210212, Coward1, shoot, Adjuster8, False
1.450212, Alcoholic6, get, coin_v_1
1.730212, Coward1, get, coin_v_1
1.850212, Betrayal2, get, coin_v_1
1.930212, Bongfu9, get, coin_v_1
2.450212, Coward1, shoot, Coward1, False
2.470212, Foe4, shoot, Adjuster8, False
2.650212, Drunkard3, shoot, Alcoholic6, False
2.810212, Adjuster8, shoot, Juicehead5, False
2.930212, Juicehead5, shoot, Adjuster8, False
3.110212, Juicehead5, get, coin_v_1
3.530212, Adjuster8, shoot, Adjuster8, False
3.610212, Lush7, shoot, Player, False
3.750212, Foe4, shoot, Adjuster8, False
3.770212, Bongfu9, get, coin_v_1
4.030212, Juicehead5, shoot, Betrayal2, False
4.070212, Adjuster8, shoot, Player, False
4.250212, Betrayal2, get, coin_v_1
4.490212, Alcoholic6, shoot, Coward1, False
4.590212, Alcoholic6, get, coin_v_1
4.810212, Betrayal2, shoot, Adjuster8, False
5.410212, Lush7, shoot, Player, False
5.670212, Player, shoot, Juicehead5, False
5.890212, Drunkard3, shoot, Bongfu9, False
6.050212, Player, get, coin_v_1
6.070212, Adjuster8, shoot, Bongfu9, False
6.290212, Player, shoot, Foe4, False
6.410212, Player, get, coin_v_1
6.470212, Adjuster8, shoot, Drunkard3, False
6.530212, Adjuster8, shoot, Adjuster8, False
6.650212, Player, shoot, Juicehead5, False
6.990212, Bongfu9, shoot, Lush7, False
7.090212, Coward1, shoot, Adjuster8, False
7.170212, Adjuster8, shoot, Bongfu9, False
7.210212, Lush7, shoot, Player, False
7.210212, Player, shoot, Lush7, False
7.210212, Bongfu9, shoot, Lush7, False
7.210212, Bongfu9, shoot, Lush7, False
7.210212, Bongfu9, shoot, Lush7, False
7.450212, Coward1, shoot, Foe4, False
7.810212, Bongfu9, shoot, Player, False
7.810212, Lush7, shoot, Player, False
7.810212, Player, shoot, Bongfu9, False
8.090212, Adjuster8, shoot, Bongfu9, False
8.170212, Betrayal2, get, coin_v_1
8.270212, Foe4, shoot, Adjuster8, False
8.710212, Lush7, shoot, Player, False
8.750212, Adjuster8, shoot, Foe4, False
8.770212, Betrayal2, shoot, Drunkard3, False
8.850212, Adjuster8, shoot, Foe4, False
8.890212, Bongfu9, shoot, Bongfu9, False
8.970212, Adjuster8, shoot, Player, False
9.010212, Lush7, shoot, Player, False
9.010212, Lush7, shoot, Player, True
9.010212, Player, shoot, Lush7, False
9.010212, Player, shoot, Lush7, False
Normal Close
