Game Time: 2022/3/8 14:00:57
Version: 1.0.0.2 with bullet collision times = 2
0, Player, player
0, Player, get, initialShield
0, Coward1, AI
0, Betrayal2, AI
0, Drunkard3, AI
0, Foe4, AI
0, Juicehead5, AI
0, Alcoholic6, AI
0, Lush7, AI
0, Adjuster8, AI
0, Bongfu9, AI
1.012918, Drunkard3, get, coin_v_1
1.172918, Bongfu9, get, coin_v_1
1.232918, Alcoholic6, get, coin_v_1
1.672918, Betrayal2, get, coin_v_1
2.032918, Bongfu9, get, coin_v_1
2.412918, Coward1, get, coin_v_1
2.432918, Bongfu9, shoot, Lush7, False
2.952918, Adjuster8, shoot, Juicehead5, False
3.332918, Betrayal2, get, coin_v_1
3.552918, Bongfu9, get, coin_v_1
3.612918, Lush7, shoot, Player, False
3.632918, Bongfu9, shoot, Player, False
3.732918, Foe4, shoot, Adjuster8, False
4.232918, Player, shoot, Lush7, False
4.312918, Alcoholic6, get, coin_v_1
4.332918, Coward1, get, coin_v_1
4.932919, Bongfu9, get, coin_v_1
5.112918, Lush7, shoot, Player, False
5.412918, Lush7, shoot, Player, False
5.612918, Adjuster8, shoot, Lush7, False
5.912918, Betrayal2, shoot, Betrayal2, False
6.012918, Lush7, shoot, Player, False
6.112918, Player, get, coin_v_1
6.912918, Lush7, shoot, Player, False
7.252918, Player, shoot, Lush7, False
7.272918, Foe4, shoot, Adjuster8, False
7.292918, Player, shoot, Lush7, False
7.372918, Lush7, shoot, Lush7, False
7.392918, Juicehead5, shoot, Coward1, False
7.432918, Alcoholic6, get, coin_v_1
7.612918, Betrayal2, shoot, Coward1, False
7.932918, Coward1, shoot, Betrayal2, False
7.952918, Adjuster8, shoot, Foe4, False
8.432919, Foe4, shoot, Adjuster8, False
8.752918, Lush7, shoot, Bongfu9, False
8.812919, Betrayal2, get, coin_v_1
9.032918, Lush7, shoot, Bongfu9, False
9.052918, Player, shoot, Adjuster8, False
9.612918, Lush7, shoot, Bongfu9, False
9.932919, Betrayal2, shoot, Coward1, False
10.07292, Player, shoot, Juicehead5, False
10.11292, Adjuster8, shoot, Player, False
10.25292, Player, shoot, Player, False
10.29292, Foe4, shoot, Adjuster8, False
10.87292, Foe4, shoot, Adjuster8, False
10.87292, Bongfu9, shoot, Bongfu9, False
10.89292, Coward1, shoot, Drunkard3, False
11.27292, Player, shoot, Bongfu9, False
11.27292, Adjuster8, shoot, Player, False
11.49292, Adjuster8, shoot, Foe4, False
12.79292, Lush7, shoot, Bongfu9, False
12.83292, Player, shoot, Juicehead5, False
12.89292, Player, shoot, Alcoholic6, False
13.29292, Foe4, shoot, Adjuster8, False
13.29292, Adjuster8, shoot, Player, True
Normal Close
