Game Time: 2022/3/8 13:46:18
Version: 1.0.0.2 with bullet collision times = 2
0, Player, player
0, Player, get, initialShield
0, Coward1, AI
0, Betrayal2, AI
0, Drunkard3, AI
0, Foe4, AI
0, Juicehead5, AI
0, Alcoholic6, AI
0, Lush7, AI
0, Adjuster8, AI
0, Bongfu9, AI
0.6933916, Drunkard3, get, coin_v_1
0.9333916, Betrayal2, get, coin_v_1
0.9533916, Foe4, get, coin_v_1
0.9733916, Bongfu9, get, coin_v_1
1.173392, Coward1, shoot, Adjuster8, False
2.353392, Bongfu9, shoot, Lush7, False
2.453392, Juicehead5, get, coin_v_1
2.633392, Alcoholic6, shoot, Bongfu9, False
2.933392, Betrayal2, get, coin_v_1
3.273391, Bongfu9, get, coin_v_1
3.613392, Bongfu9, get, coin_v_1
3.613392, Lush7, shoot, Player, False
3.673392, Foe4, shoot, Adjuster8, False
3.793391, Coward1, shoot, Bongfu9, False
3.873392, Adjuster8, shoot, Player, False
4.053391, Player, shoot, Coward1, False
5.353392, Bongfu9, shoot, Lush7, False
5.413392, Coward1, shoot, Drunkard3, False
5.413392, Drunkard3, shoot, Coward1, False
5.553391, Bongfu9, shoot, Lush7, False
5.933392, Lush7, shoot, Bongfu9, False
5.993392, Betrayal2, shoot, Bongfu9, False
6.033391, Coward1, get, coin_v_1
6.453392, Adjuster8, shoot, Adjuster8, False
6.573391, Player, shoot, Juicehead5, False
6.693391, Bongfu9, shoot, Juicehead5, False
7.273391, Betrayal2, shoot, Coward1, False
7.313392, Adjuster8, shoot, Player, False
7.373392, Bongfu9, shoot, Lush7, False
7.433392, Adjuster8, shoot, Juicehead5, False
8.413391, Drunkard3, shoot, Betrayal2, False
9.093391, Foe4, shoot, Adjuster8, False
9.233392, Bongfu9, shoot, Alcoholic6, False
9.313392, Player, shoot, Juicehead5, False
9.613392, Adjuster8, shoot, Betrayal2, False
9.633391, Player, shoot, Adjuster8, False
9.653392, Lush7, shoot, Alcoholic6, False
10.83339, Bongfu9, shoot, Betrayal2, False
10.91339, Lush7, shoot, Bongfu9, False
11.11339, Juicehead5, shoot, Bongfu9, False
11.19339, Alcoholic6, get, coin_v_1
12.31339, Betrayal2, shoot, Foe4, False
12.61339, Betrayal2, shoot, Foe4, False
12.61339, Foe4, shoot, Betrayal2, False
12.69339, Adjuster8, shoot, Betrayal2, False
12.87339, Player, shoot, Juicehead5, False
13.03339, Alcoholic6, shoot, Bongfu9, False
13.33339, Betrayal2, shoot, Drunkard3, False
13.57339, Lush7, shoot, Player, False
13.73339, Foe4, shoot, Drunkard3, False
14.01339, Bongfu9, shoot, Player, False
14.63339, Adjuster8, shoot, Drunkard3, False
14.65339, Alcoholic6, shoot, Player, False
14.71339, Player, shoot, Juicehead5, False
14.81339, Player, shoot, Player, False
14.87339, Juicehead5, shoot, Bongfu9, False
15.61339, Player, shoot, Juicehead5, False
15.69339, Bongfu9, shoot, Lush7, False
15.97339, Player, shoot, Adjuster8, False
16.47339, Betrayal2, shoot, Adjuster8, False
16.55339, Betrayal2, shoot, Foe4, False
16.63339, Player, shoot, Juicehead5, False
16.63339, Player, shoot, Player, False
16.89339, Bongfu9, shoot, Foe4, False
16.91339, Adjuster8, shoot, Foe4, False
16.95339, Lush7, shoot, Bongfu9, False
17.27339, Betrayal2, shoot, Alcoholic6, False
17.51339, Player, shoot, Adjuster8, False
17.55339, Bongfu9, shoot, Lush7, False
17.57339, Bongfu9, shoot, Betrayal2, False
17.79339, Foe4, shoot, Adjuster8, False
17.87339, Bongfu9, shoot, Player, False
18.31339, Bongfu9, shoot, Bongfu9, True
18.31339, gen, shield
18.3166, Bongfu10, AI
18.47339, Player, shoot, Player, True
Normal Close
