Game Time: 2022/3/8 13:39:32
Version: 1.0.0.2 with bullet collision times = 2
0, Player, player
0, Player, get, initialShield
0, Coward1, AI
0, Betrayal2, AI
0, Drunkard3, AI
0, Foe4, AI
0, Juicehead5, AI
0, Alcoholic6, AI
0, Lush7, AI
0, Adjuster8, AI
0, Bongfu9, AI
0.4293062, Lush7, shoot, Lush7, False
0.9893062, Betrayal2, get, coin_v_1
1.049306, Bongfu9, get, coin_v_1
1.149306, Coward1, shoot, Adjuster8, False
1.869306, Bongfu9, get, coin_v_1
2.229306, Lush7, get, coin_v_1
3.109306, Juicehead5, get, coin_v_1
3.629306, Player, shoot, Bongfu9, False
3.669306, Adjuster8, shoot, Player, False
3.949306, Lush7, get, coin_v_1
4.209306, Juicehead5, shoot, Adjuster8, False
4.289306, Bongfu9, shoot, Adjuster8, False
5.129306, Player, shoot, Foe4, False
5.249306, Adjuster8, shoot, Foe4, False
5.409306, Player, shoot, Betrayal2, False
6.069306, Lush7, shoot, Foe4, False
6.069306, Adjuster8, shoot, Player, False
7.009306, Betrayal2, get, coin_v_1
7.089306, Betrayal2, shoot, Coward1, False
7.249306, Adjuster8, shoot, Player, False
7.289306, Foe4, shoot, Drunkard3, False
7.289306, Coward1, shoot, Lush7, False
7.329306, Lush7, shoot, Juicehead5, False
7.669306, Foe4, shoot, Adjuster8, False
7.869306, Foe4, shoot, Adjuster8, False
8.609306, Lush7, shoot, Bongfu9, False
8.889306, Player, shoot, Betrayal2, False
9.029306, Adjuster8, shoot, Betrayal2, False
9.029306, Adjuster8, shoot, Betrayal2, False
9.109306, Foe4, shoot, Adjuster8, False
9.269306, Player, shoot, Player, False
9.829306, Bongfu9, shoot, Player, False
9.869306, Coward1, shoot, Drunkard3, False
11.14931, Drunkard3, shoot, Betrayal2, False
11.26931, Coward1, shoot, Drunkard3, False
11.30931, Bongfu9, get, coin_v_1
11.38931, Adjuster8, shoot, Juicehead5, False
11.42931, Alcoholic6, shoot, Foe4, False
11.52931, Player, shoot, Coward1, False
11.62931, Adjuster8, shoot, Betrayal2, False
11.64931, Betrayal2, shoot, Foe4, False
11.76931, Player, shoot, Foe4, False
12.20931, Coward1, get, coin_v_1
12.60931, Player, shoot, Player, False
12.74931, Betrayal2, shoot, Coward1, False
12.76931, Betrayal2, get, coin_v_1
13.02931, Foe4, shoot, Juicehead5, False
13.54931, Player, shoot, Player, False
13.96931, Lush7, shoot, Lush7, False
14.50931, Player, shoot, Bongfu9, False
14.60931, Lush7, shoot, Lush7, False
14.60931, Bongfu9, shoot, Bongfu9, False
14.66931, Foe4, shoot, Bongfu9, False
14.66931, Betrayal2, shoot, Bongfu9, False
14.90931, Juicehead5, shoot, Drunkard3, False
15.08931, Coward1, get, coin_v_1
15.38931, Player, shoot, Player, False
15.42931, Lush7, shoot, Lush7, False
15.58931, Betrayal2, shoot, Drunkard3, False
15.58931, Betrayal2, shoot, Betrayal2, False
15.68931, Player, shoot, Adjuster8, False
16.00931, Adjuster8, shoot, Player, False
16.32931, Player, shoot, Player, True
Normal Close
