Game Time: 2022/3/8 13:59:18
Version: 1.0.0.2 with bullet collision times = 2
0, Player, player
0, Player, get, initialShield
0, Coward1, AI
0, Betrayal2, AI
0, Drunkard3, AI
0, Foe4, AI
0, Juicehead5, AI
0, Alcoholic6, AI
0, Lush7, AI
0, Adjuster8, AI
0, Bongfu9, AI
1.127431, Bongfu9, get, coin_v_1
1.167431, Coward1, shoot, Adjuster8, False
1.187431, Juicehead5, get, coin_v_1
1.427431, Alcoholic6, get, coin_v_1
1.587431, Drunkard3, get, coin_v_1
2.387431, Foe4, shoot, Adjuster8, False
2.807431, Adjuster8, shoot, Juicehead5, False
3.267431, Bongfu9, get, coin_v_1
3.267431, Drunkard3, shoot, Juicehead5, False
3.287431, Juicehead5, get, coin_v_1
3.307431, Betrayal2, get, coin_v_1
3.607431, Bongfu9, get, coin_v_1
3.607431, Lush7, shoot, Player, False
3.627431, Foe4, shoot, Adjuster8, False
3.687431, Adjuster8, shoot, Player, False
3.847431, Adjuster8, shoot, Lush7, False
3.947431, Betrayal2, get, coin_v_1
4.787431, Alcoholic6, get, coin_v_1
4.807431, Lush7, shoot, Player, False
4.927431, Bongfu9, get, coin_v_1
5.407431, Lush7, shoot, Player, False
5.487431, Foe4, shoot, Adjuster8, False
5.787431, Betrayal2, get, coin_v_1
5.787431, Player, shoot, Adjuster8, False
6.607431, Lush7, shoot, Player, False
6.727431, Player, get, coin_v_1
6.927431, Player, shoot, Lush7, False
7.087431, Adjuster8, shoot, Lush7, False
7.207431, Lush7, shoot, Player, False
7.207431, Player, shoot, Lush7, False
7.207431, Player, shoot, Lush7, False
7.207431, Player, shoot, Lush7, False
7.227431, Juicehead5, get, coin_v_1
7.347431, Coward1, shoot, Drunkard3, False
7.467431, Adjuster8, shoot, Lush7, False
7.747431, Drunkard3, shoot, Foe4, False
8.22743, Alcoholic6, get, coin_v_1
8.387431, Player, shoot, Juicehead5, False
8.56743, Adjuster8, shoot, Alcoholic6, False
8.987431, Drunkard3, shoot, Player, False
9.087431, Lush7, shoot, Bongfu9, False
9.447431, Player, shoot, Bongfu9, False
9.527431, Drunkard3, shoot, Alcoholic6, False
9.64743, Lush7, shoot, Bongfu9, False
9.68743, Betrayal2, get, coin_v_1
9.707431, Player, shoot, Adjuster8, False
9.987431, Lush7, shoot, Adjuster8, False
10.58743, Adjuster8, shoot, Foe4, False
11.14743, Player, shoot, Juicehead5, False
11.34743, Alcoholic6, shoot, Foe4, False
11.44743, Player, shoot, Drunkard3, False
11.46743, Adjuster8, shoot, Player, False
11.82743, Alcoholic6, get, coin_v_1
11.98743, Player, shoot, Juicehead5, False
12.08743, Alcoholic6, shoot, Foe4, False
12.10743, Player, shoot, Adjuster8, False
12.40743, Adjuster8, shoot, Player, False
12.44743, Lush7, shoot, Bongfu9, False
12.44743, Drunkard3, shoot, Bongfu9, False
12.66743, Lush7, shoot, Bongfu9, False
12.68743, Adjuster8, shoot, Player, True
Normal Close
