Game Time: 2022/3/8 14:02:43
Version: 1.0.0.2 with bullet collision times = 2
0, Player, player
0, Player, get, initialShield
0, Coward1, AI
0, Betrayal2, AI
0, Drunkard3, AI
0, Foe4, AI
0, Juicehead5, AI
0, Alcoholic6, AI
0, Lush7, AI
0, Adjuster8, AI
0, Bongfu9, AI
0.9261437, Bongfu9, get, coin_v_1
0.9461437, Coward1, get, coin_v_1
1.186144, Drunkard3, get, coin_v_1
2.306144, Bongfu9, shoot, Lush7, False
2.306144, Lush7, shoot, Coward1, False
3.366144, Drunkard3, shoot, Juicehead5, False
3.606144, Lush7, shoot, Player, False
3.686144, Foe4, shoot, Adjuster8, False
3.866144, Bongfu9, shoot, Lush7, False
3.886144, Adjuster8, shoot, Lush7, False
3.946144, Bongfu9, get, coin_v_1
4.046144, Betrayal2, shoot, Foe4, False
4.106143, Player, get, coin_v_1
4.206144, Lush7, shoot, Player, False
4.806144, Alcoholic6, get, coin_v_1
4.986144, Adjuster8, shoot, Lush7, False
5.106143, Lush7, shoot, Player, False
5.146143, Betrayal2, get, coin_v_1
5.146143, Bongfu9, get, coin_v_1
5.406144, Lush7, shoot, Player, False
5.406144, Player, shoot, Lush7, False
5.566144, Bongfu9, get, coin_v_1
5.606143, Adjuster8, shoot, Lush7, False
5.926144, Foe4, shoot, Lush7, False
6.106143, Lush7, shoot, Bongfu9, False
6.606143, Juicehead5, get, coin_v_1
6.606143, Player, shoot, Juicehead5, False
6.606143, Bongfu9, shoot, Lush7, False
7.786144, Player, shoot, Juicehead5, False
7.826144, Juicehead5, shoot, Coward1, False
8.346144, Player, shoot, Foe4, False
8.406143, Player, shoot, Juicehead5, False
8.946143, Adjuster8, shoot, Alcoholic6, False
9.006144, Betrayal2, shoot, Drunkard3, False
9.006144, Drunkard3, shoot, Betrayal2, False
9.086143, Foe4, shoot, Adjuster8, False
10.44614, Adjuster8, shoot, Adjuster8, False
10.60614, Foe4, shoot, Adjuster8, False
10.80614, Betrayal2, shoot, Coward1, False
10.80614, Coward1, shoot, Betrayal2, False
11.30614, Coward1, shoot, Foe4, False
11.46614, Lush7, shoot, Bongfu9, False
11.48614, Foe4, shoot, Adjuster8, False
12.10614, Player, shoot, Juicehead5, False
12.36614, Foe4, shoot, Adjuster8, False
12.66614, Coward1, shoot, Betrayal2, False
12.68614, Foe4, shoot, Adjuster8, False
13.08614, Drunkard3, shoot, Foe4, False
13.24614, Foe4, shoot, Adjuster8, False
13.28614, Adjuster8, shoot, Player, False
13.62614, Player, shoot, Juicehead5, False
13.66614, Adjuster8, shoot, Bongfu9, False
13.90614, Lush7, shoot, Lush7, False
14.34614, Coward1, shoot, Betrayal2, False
14.54614, Lush7, shoot, Bongfu9, False
14.66614, Alcoholic6, get, coin_v_1
14.66614, Betrayal2, shoot, Drunkard3, False
14.70614, Adjuster8, shoot, Alcoholic6, False
14.74614, Player, shoot, Juicehead5, False
14.98614, Adjuster8, shoot, Alcoholic6, False
15.08614, Foe4, shoot, Adjuster8, False
15.14614, Lush7, shoot, Bongfu9, False
15.60614, Player, shoot, Juicehead5, False
15.88614, Betrayal2, shoot, Alcoholic6, False
15.98614, Adjuster8, shoot, Player, False
16.28614, Player, shoot, Adjuster8, True
16.28614, gen, horse
16.29071, Adjuster10, AI
16.36614, Foe4, shoot, Foe4, False
16.60614, Adjuster8, shoot, Alcoholic6, False
16.66614, Foe4, get, horse
16.82614, Player, shoot, Juicehead5, False
16.84614, Player, shoot, Foe4, False
17.06614, Coward1, shoot, Adjuster10, False
17.22614, Drunkard3, shoot, Foe4, False
17.90614, Foe4, shoot, Player, False
18.12614, Foe4, shoot, Foe4, False
18.52614, Juicehead5, shoot, Lush7, False
18.60614, Player, shoot, Juicehead5, True
18.60614, gen, horse
18.61526, Juicehead11, AI
18.74614, Bongfu9, shoot, Lush7, True
18.74614, gen, horse
18.74614, Alcoholic6, shoot, Foe4, False
18.75086, Lush12, AI
18.76614, Adjuster10, shoot, Foe4, False
19.16614, Bongfu9, get, horse
19.16614, Betrayal2, shoot, Lush12, False
19.26614, Betrayal2, shoot, Juicehead11, False
19.84614, Player, shoot, Adjuster10, False
19.90614, Lush12, get, coin_v_1
19.90614, Player, shoot, Adjuster10, False
20.32614, Foe4, shoot, Alcoholic6, False
21.00614, Foe4, shoot, Juicehead11, False
21.00614, Lush12, shoot, Juicehead11, False
21.04614, Adjuster10, shoot, Alcoholic6, False
21.10614, Juicehead11, get, horse
21.10614, Player, shoot, Juicehead11, False
21.40614, Alcoholic6, shoot, Bongfu9, False
21.60614, Juicehead11, shoot, Lush12, False
21.60614, Lush12, shoot, Juicehead11, False
21.68614, Player, shoot, Adjuster10, False
21.86614, Alcoholic6, shoot, Adjuster10, False
21.94614, Betrayal2, shoot, Drunkard3, False
22.26614, Foe4, shoot, Adjuster10, False
22.62614, Alcoholic6, shoot, Alcoholic6, False
22.76614, Adjuster10, shoot, Alcoholic6, False
23.14614, Foe4, shoot, Adjuster10, False
23.46614, Player, shoot, Adjuster10, False
23.68614, Player, shoot, Juicehead11, False
23.80614, Alcoholic6, shoot, Adjuster10, False
23.90614, Player, shoot, Bongfu9, False
24.06614, Foe4, shoot, Adjuster10, True
24.06614, gen, horse
24.0749, Adjuster13, AI
24.36614, Drunkard3, shoot, Betrayal2, False
24.46614, Foe4, get, horse
24.82614, Juicehead11, shoot, Lush12, False
24.98614, Betrayal2, shoot, Drunkard3, False
25.22614, Betrayal2, shoot, Drunkard3, False
25.32614, Alcoholic6, shoot, Foe4, False
25.40614, Drunkard3, shoot, Coward1, False
25.48614, Player, shoot, Juicehead11, False
25.50614, Coward1, shoot, Betrayal2, False
25.66614, Player, shoot, Bongfu9, False
25.70614, Juicehead11, shoot, Drunkard3, False
26.38614, Betrayal2, get, coin_v_1
27.18614, Player, shoot, Adjuster13, False
27.34614, Alcoholic6, shoot, Foe4, False
27.36614, Alcoholic6, shoot, Adjuster13, False
28.08614, Adjuster13, shoot, Alcoholic6, True
28.08614, gen, shield
28.09324, Alcoholic14, AI
28.24614, Player, shoot, Juicehead11, False
28.82614, Coward1, shoot, Drunkard3, False
28.84614, Player, shoot, Adjuster13, False
29.04614, Juicehead11, shoot, Bongfu9, False
29.40614, Player, shoot, Lush12, False
29.60614, Foe4, shoot, Player, False
29.94614, Betrayal2, get, coin_v_1
30.42614, Bongfu9, shoot, Lush12, False
30.64614, Alcoholic14, shoot, Betrayal2, False
30.66614, Player, shoot, Adjuster13, False
30.78614, Bongfu9, shoot, Lush12, False
30.86614, Player, shoot, Juicehead11, False
30.86614, Betrayal2, shoot, Drunkard3, False
30.86614, Drunkard3, shoot, Betrayal2, False
31.08614, Player, shoot, Bongfu9, False
31.12614, Bongfu9, shoot, Juicehead11, False
31.20614, Betrayal2, shoot, Foe4, False
31.22614, Betrayal2, shoot, Juicehead11, False
32.22614, Alcoholic14, get, shield
32.26614, Bongfu9, shoot, Juicehead11, False
32.32614, Coward1, shoot, Drunkard3, False
32.78614, Juicehead11, shoot, Juicehead11, True
32.78614, gen, shield
32.79182, Juicehead15, AI
33.06614, Foe4, shoot, Adjuster13, False
33.08614, Adjuster13, shoot, Player, False
33.18614, Juicehead11, shoot, Lush12, False
33.52614, Juicehead11, shoot, Juicehead15, False
33.96614, Foe4, shoot, Adjuster13, False
34.04614, Drunkard3, shoot, Adjuster13, False
34.14614, Lush12, shoot, Bongfu9, False
34.44614, Bongfu9, shoot, Lush12, False
34.78614, Drunkard3, shoot, Betrayal2, False
34.86614, Foe4, shoot, Adjuster13, False
35.04614, Lush12, shoot, Lush12, False
35.14614, Drunkard3, shoot, Foe4, False
35.24614, Juicehead15, get, shield
35.46614, Juicehead15, shoot, Bongfu9, False
35.78614, Foe4, shoot, Adjuster13, False
35.84614, Juicehead11, shoot, Drunkard3, False
35.94614, Lush12, shoot, Player, False
36.42614, Lush12, shoot, Bongfu9, False
36.54614, Drunkard3, shoot, Alcoholic14, False
36.54614, Drunkard3, shoot, Player, False
36.68614, Foe4, shoot, Adjuster13, True
36.68614, gen, shield
36.68628, Adjuster16, AI
36.90614, Drunkard3, shoot, Player, True
Normal Close
