Game Time: 2022/3/8 14:26:01
Version: 1.0.0.2 with bullet collision times = 2
0, Player, player
0, Player, get, initialShield
0, Coward1, AI
0, Betrayal2, AI
0, Drunkard3, AI
0, Foe4, AI
0, Juicehead5, AI
0, Alcoholic6, AI
0, Lush7, AI
0, Adjuster8, AI
0, Bongfu9, AI
1.185907, Bongfu9, get, coin_v_1
1.365907, Betrayal2, get, coin_v_1
1.465907, Betrayal2, get, coin_v_1
1.945907, Coward1, get, coin_v_1
2.045907, Bongfu9, get, coin_v_1
2.765907, Bongfu9, shoot, Adjuster8, False
2.845906, Adjuster8, shoot, Juicehead5, False
3.265907, Juicehead5, get, coin_v_1
3.265907, Coward1, get, coin_v_1
3.265907, Juicehead5, shoot, Adjuster8, False
3.305907, Drunkard3, shoot, Juicehead5, False
3.345906, Adjuster8, shoot, Lush7, False
3.365906, Bongfu9, get, coin_v_1
3.605906, Lush7, shoot, Player, False
3.605906, Coward1, shoot, Betrayal2, False
3.625906, Foe4, shoot, Adjuster8, False
3.925907, Adjuster8, shoot, Lush7, False
4.105906, Betrayal2, shoot, Adjuster8, False
4.125906, Coward1, get, coin_v_1
4.205906, Adjuster8, shoot, Alcoholic6, False
4.205906, Lush7, shoot, Player, False
4.265906, Adjuster8, shoot, Betrayal2, False
4.305907, Coward1, get, coin_v_1
4.485907, Alcoholic6, get, coin_v_1
5.105906, Lush7, shoot, Player, False
5.105906, Adjuster8, shoot, Betrayal2, False
5.105906, Betrayal2, shoot, Adjuster8, False
5.405907, Lush7, shoot, Player, False
5.965907, Player, shoot, Juicehead5, False
6.005907, Player, get, coin_v_1
6.005907, Lush7, shoot, Player, False
6.605906, Player, shoot, Juicehead5, False
6.905907, Lush7, shoot, Player, False
7.205906, Player, shoot, Lush7, False
7.205906, Lush7, shoot, Player, False
7.205906, Player, shoot, Lush7, False
7.465907, Coward1, shoot, Coward1, False
7.525907, Bongfu9, get, coin_v_1
7.765906, Player, shoot, Bongfu9, False
7.805906, Lush7, shoot, Player, False
7.885907, Juicehead5, get, coin_v_1
8.045906, Adjuster8, shoot, Bongfu9, False
8.405907, Player, shoot, Lush7, False
8.705907, Lush7, shoot, Player, False
9.005906, Lush7, shoot, Player, True
Normal Close
