Game Time: 2022/3/8 13:42:49
Version: 1.0.0.2 with bullet collision times = 2
0, Player, player
0, Player, get, initialShield
0, Coward1, AI
0, Betrayal2, AI
0, Drunkard3, AI
0, Foe4, AI
0, Juicehead5, AI
0, Alcoholic6, AI
0, Lush7, AI
0, Adjuster8, AI
0, Bongfu9, AI
1.031526, Bongfu9, get, coin_v_1
1.231526, Lush7, get, coin_v_1
1.551526, Alcoholic6, get, coin_v_1
1.711526, Betrayal2, get, coin_v_1
2.671526, Bongfu9, shoot, Adjuster8, False
2.871526, Adjuster8, shoot, Juicehead5, False
2.971526, Coward1, get, coin_v_1
3.131526, Juicehead5, shoot, Bongfu9, False
3.151526, Drunkard3, shoot, Bongfu9, False
3.311526, Adjuster8, shoot, Lush7, False
3.711526, Adjuster8, shoot, Player, False
3.771526, Betrayal2, get, coin_v_1
3.891526, Lush7, get, coin_v_1
4.091526, Coward1, get, coin_v_1
4.271526, Drunkard3, get, coin_v_1
4.471526, Bongfu9, shoot, Lush7, False
4.751526, Coward1, get, coin_v_1
4.891526, Adjuster8, shoot, Player, False
5.231526, Lush7, shoot, Betrayal2, False
5.331526, Player, shoot, Juicehead5, False
5.551526, Betrayal2, shoot, Coward1, False
5.651525, Player, shoot, Juicehead5, False
6.031526, Player, shoot, Betrayal2, False
6.711526, Adjuster8, shoot, Betrayal2, False
6.911526, Bongfu9, shoot, Foe4, False
6.991526, Betrayal2, shoot, Adjuster8, False
7.071526, Drunkard3, shoot, Alcoholic6, False
7.151525, Lush7, shoot, Juicehead5, False
7.211526, Bongfu9, shoot, Foe4, False
7.211526, Foe4, shoot, Bongfu9, False
7.271526, Betrayal2, shoot, Bongfu9, False
7.411526, Juicehead5, shoot, Player, False
7.991526, Betrayal2, get, coin_v_1
8.811525, Player, shoot, Betrayal2, False
8.891525, Betrayal2, shoot, Adjuster8, False
9.031526, Betrayal2, shoot, Adjuster8, False
9.031526, Betrayal2, shoot, Adjuster8, False
9.031526, Adjuster8, shoot, Betrayal2, False
9.611526, Betrayal2, shoot, Adjuster8, False
9.611526, Adjuster8, shoot, Betrayal2, False
9.791526, Foe4, shoot, Alcoholic6, False
9.911526, Player, shoot, Foe4, False
10.79153, Drunkard3, get, coin_v_1
10.85153, Betrayal2, shoot, Bongfu9, False
10.91153, Adjuster8, shoot, Player, False
10.97153, Coward1, shoot, Drunkard3, False
11.51153, Foe4, shoot, Adjuster8, False
11.51153, Betrayal2, shoot, Player, False
11.71153, Player, shoot, Adjuster8, False
12.19153, Alcoholic6, get, coin_v_1
12.43153, Foe4, shoot, Adjuster8, False
12.53153, Drunkard3, shoot, Player, False
12.55153, Juicehead5, shoot, Drunkard3, False
12.69153, Foe4, shoot, Adjuster8, True
12.69153, gen, horse
12.6943, Adjuster10, AI
12.71153, Bongfu9, shoot, Foe4, False
12.75153, Bongfu9, shoot, Betrayal2, False
12.91153, Player, shoot, Juicehead5, False
13.03153, Foe4, get, horse
13.21153, Player, shoot, Coward1, False
13.23153, Player, shoot, Drunkard3, False
13.31153, Bongfu9, shoot, Foe4, False
13.47153, Betrayal2, shoot, Bongfu9, False
14.75153, Foe4, shoot, Drunkard3, False
15.43153, Alcoholic6, shoot, Betrayal2, False
15.57153, Juicehead5, shoot, Player, False
15.77153, Foe4, shoot, Adjuster10, False
15.85153, Coward1, get, coin_v_1
15.87153, Player, shoot, Betrayal2, False
15.97153, Player, shoot, Drunkard3, False
16.03152, Player, shoot, Foe4, False
16.05153, Betrayal2, shoot, Coward1, False
16.13153, Bongfu9, shoot, Lush7, False
16.31153, Adjuster10, shoot, Foe4, False
16.85153, Betrayal2, shoot, Foe4, False
16.97153, Player, shoot, Foe4, False
17.05153, Coward1, shoot, Coward1, False
17.21152, Bongfu9, shoot, Juicehead5, False
17.31153, Player, shoot, Player, False
17.41153, Adjuster10, shoot, Foe4, False
17.49153, Betrayal2, shoot, Drunkard3, False
17.51153, Player, shoot, Foe4, False
17.75153, Player, shoot, Adjuster10, False
17.95152, Betrayal2, shoot, Adjuster10, False
18.03152, Player, shoot, Adjuster10, False
18.31153, Betrayal2, shoot, Foe4, False
18.33153, Betrayal2, shoot, Betrayal2, True
18.33153, gen, shield
18.33585, Betrayal11, AI
18.71152, Adjuster10, shoot, Player, False
18.71152, Coward1, shoot, Alcoholic6, False
18.73153, Bongfu9, shoot, Player, True
Normal Close
