Game Time: 2022/3/8 14:10:19
Version: 1.0.0.2 with bullet collision times = 2
0, Player, player
0, Player, get, initialShield
0, Coward1, AI
0, Betrayal2, AI
0, Drunkard3, AI
0, Foe4, AI
0, Juicehead5, AI
0, Alcoholic6, AI
0, Lush7, AI
0, Adjuster8, AI
0, Bongfu9, AI
0.4063698, Drunkard3, get, coin_v_1
0.9663698, Bongfu9, get, coin_v_1
1.18637, Coward1, shoot, Adjuster8, False
1.58637, Alcoholic6, get, coin_v_1
1.80637, Bongfu9, get, coin_v_1
1.92637, Juicehead5, get, coin_v_1
1.98637, Foe4, get, coin_v_1
2.38637, Adjuster8, shoot, Lush7, False
3.34637, Juicehead5, get, coin_v_1
3.44637, Bongfu9, get, coin_v_1
3.60637, Lush7, shoot, Player, False
3.86637, Adjuster8, shoot, Lush7, False
3.98637, Betrayal2, get, coin_v_1
4.106369, Foe4, shoot, Player, False
4.20637, Lush7, shoot, Player, False
4.28637, Betrayal2, get, coin_v_1
4.90637, Alcoholic6, get, coin_v_1
5.00637, Adjuster8, shoot, Lush7, False
5.106369, Lush7, shoot, Player, False
5.40637, Lush7, shoot, Player, False
5.40637, Player, shoot, Lush7, False
5.72637, Player, shoot, Adjuster8, False
6.00637, Lush7, shoot, Player, False
6.68637, Betrayal2, shoot, Juicehead5, False
6.90637, Lush7, shoot, Player, False
7.20637, Lush7, shoot, Player, False
7.20637, Player, shoot, Lush7, False
7.48637, Player, shoot, Juicehead5, False
7.50637, Lush7, get, coin_v_1
7.76637, Player, shoot, Juicehead5, False
7.88637, Coward1, shoot, Foe4, False
7.92637, Lush7, shoot, Bongfu9, False
8.04637, Betrayal2, get, coin_v_1
8.38637, Player, shoot, Juicehead5, False
8.786369, Adjuster8, shoot, Player, False
10.28637, Player, shoot, Adjuster8, False
10.54637, Lush7, shoot, Bongfu9, False
10.64637, Player, shoot, Bongfu9, False
10.88637, Foe4, shoot, Adjuster8, False
11.16637, Bongfu9, shoot, Lush7, False
11.46637, Adjuster8, shoot, Foe4, False
12.66637, Adjuster8, shoot, Player, True
Normal Close
