Game Time: 2022/3/8 14:35:39
Version: 1.0.0.2 with bullet collision times = 2
0, Player, player
0, Player, get, initialShield
0, Coward1, AI
0, Betrayal2, AI
0, Drunkard3, AI
0, Foe4, AI
0, Juicehead5, AI
0, Alcoholic6, AI
0, Lush7, AI
0, Adjuster8, AI
0, Bongfu9, AI
1.147432, Bongfu9, get, coin_v_1
1.507432, Alcoholic6, get, coin_v_1
1.747432, Betrayal2, get, coin_v_1
1.987432, Bongfu9, get, coin_v_1
2.047432, Lush7, get, coin_v_1
2.367432, Juicehead5, get, coin_v_1
2.507432, Alcoholic6, get, coin_v_1
2.607432, Player, get, coin_v_1
2.747432, Alcoholic6, shoot, Lush7, False
3.047432, Lush7, shoot, Bongfu9, False
3.487432, Lush7, get, coin_v_1
3.727432, Adjuster8, shoot, Adjuster8, False
3.747432, Lush7, shoot, Player, False
3.907432, Juicehead5, shoot, Adjuster8, False
4.227432, Betrayal2, get, coin_v_1
4.267432, Foe4, shoot, Player, False
4.327432, Alcoholic6, shoot, Foe4, False
4.687432, Betrayal2, get, coin_v_1
4.867432, Lush7, shoot, Bongfu9, False
5.107432, Bongfu9, shoot, Lush7, False
5.127432, Adjuster8, shoot, Player, False
5.507432, Adjuster8, shoot, Foe4, False
5.967432, Player, shoot, Juicehead5, False
6.007432, Bongfu9, shoot, Lush7, False
6.087432, Adjuster8, shoot, Player, False
6.107432, Foe4, shoot, Adjuster8, False
6.947432, Foe4, shoot, Adjuster8, False
7.007432, Adjuster8, shoot, Player, False
7.287432, Lush7, shoot, Bongfu9, False
7.307432, Foe4, shoot, Adjuster8, False
7.487432, Player, shoot, Juicehead5, False
7.647432, Player, shoot, Juicehead5, False
7.967432, Foe4, shoot, Drunkard3, False
9.087432, Player, shoot, Adjuster8, False
9.327432, Foe4, shoot, Coward1, False
9.507432, Alcoholic6, shoot, Player, False
9.687432, Foe4, shoot, Adjuster8, False
9.807432, Lush7, shoot, Lush7, False
10.22743, Bongfu9, shoot, Juicehead5, False
10.58743, Foe4, shoot, Adjuster8, False
10.62743, Drunkard3, shoot, Coward1, False
10.94743, Player, shoot, Player, False
11.12743, Player, shoot, Juicehead5, False
11.32743, Bongfu9, shoot, Bongfu9, False
11.66743, Betrayal2, shoot, Adjuster8, False
11.84743, Foe4, shoot, Drunkard3, False
11.94743, Player, shoot, Juicehead5, False
12.06743, Juicehead5, shoot, Juicehead5, False
12.40743, Adjuster8, shoot, Foe4, False
12.42743, Adjuster8, shoot, Betrayal2, False
12.70743, Player, shoot, Player, False
13.02743, Player, shoot, Player, False
13.48743, Drunkard3, shoot, Betrayal2, False
13.74743, Juicehead5, shoot, Adjuster8, True
13.74743, gen, horse
13.75141, Adjuster10, AI
14.14743, Foe4, get, horse
14.16743, Juicehead5, shoot, Juicehead5, False
14.28743, Foe4, shoot, Player, True
Normal Close
