Game Time: 2022/3/8 14:01:28
Version: 1.0.0.2 with bullet collision times = 2
0, Player, player
0, Player, get, initialShield
0, Coward1, AI
0, Betrayal2, AI
0, Drunkard3, AI
0, Foe4, AI
0, Juicehead5, AI
0, Alcoholic6, AI
0, Lush7, AI
0, Adjuster8, AI
0, Bongfu9, AI
0.1005746, Drunkard3, shoot, Drunkard3, False
1.080575, Foe4, get, coin_v_1
1.100574, Bongfu9, get, coin_v_1
2.400574, Bongfu9, shoot, Lush7, False
3.140574, Betrayal2, get, coin_v_1
3.200574, Juicehead5, get, coin_v_1
3.360574, Juicehead5, get, coin_v_1
3.400574, Drunkard3, shoot, Juicehead5, False
3.600574, Lush7, shoot, Player, False
3.620574, Coward1, shoot, Betrayal2, False
3.740575, Foe4, shoot, Adjuster8, False
3.860574, Bongfu9, shoot, Player, False
3.880574, Adjuster8, shoot, Lush7, False
3.980574, Bongfu9, get, coin_v_1
4.200574, Player, get, coin_v_1
4.200574, Lush7, shoot, Player, False
4.420575, Coward1, get, coin_v_1
4.540575, Coward1, shoot, Foe4, False
4.640574, Coward1, get, coin_v_1
4.920575, Foe4, shoot, Adjuster8, False
5.100574, Adjuster8, shoot, Bongfu9, False
5.120574, Lush7, get, coin_v_1
5.540575, Alcoholic6, get, coin_v_1
5.640574, Coward1, shoot, Drunkard3, False
5.780574, Adjuster8, shoot, Coward1, False
5.780574, Betrayal2, shoot, Foe4, False
5.860574, Adjuster8, shoot, Juicehead5, False
5.920575, Foe4, shoot, Drunkard3, False
6.200574, Drunkard3, shoot, Betrayal2, False
6.680574, Foe4, shoot, Lush7, False
7.280574, Player, shoot, Adjuster8, False
7.280574, Foe4, shoot, Adjuster8, False
7.300574, Drunkard3, shoot, Coward1, False
7.540575, Player, shoot, Juicehead5, False
7.880574, Foe4, shoot, Adjuster8, False
8.040574, Lush7, shoot, Bongfu9, False
8.280575, Betrayal2, shoot, Adjuster8, False
8.400575, Adjuster8, shoot, Alcoholic6, False
8.400575, Player, shoot, Juicehead5, False
8.700574, Betrayal2, shoot, Foe4, False
8.780575, Foe4, shoot, Adjuster8, False
8.920574, Coward1, shoot, Drunkard3, False
9.080574, Adjuster8, shoot, Foe4, False
9.080574, Adjuster8, shoot, Player, False
9.340574, Juicehead5, shoot, Juicehead5, False
9.480575, Alcoholic6, shoot, Player, False
9.560575, Bongfu9, shoot, Player, False
9.620574, Betrayal2, shoot, Juicehead5, False
9.800574, Drunkard3, shoot, Drunkard3, False
10.24057, Coward1, shoot, Foe4, False
10.58057, Bongfu9, shoot, Alcoholic6, False
11.10057, Drunkard3, shoot, Coward1, False
11.44057, Juicehead5, shoot, Adjuster8, False
11.52057, Juicehead5, shoot, Betrayal2, False
11.56057, Bongfu9, shoot, Lush7, False
11.94057, Betrayal2, shoot, Coward1, False
12.10057, Adjuster8, shoot, Player, False
12.36057, Player, shoot, Adjuster8, False
12.68057, Drunkard3, shoot, Betrayal2, False
12.76057, Player, shoot, Player, False
12.90057, Drunkard3, shoot, Foe4, False
13.34057, Player, shoot, Juicehead5, False
13.44057, Alcoholic6, shoot, Adjuster8, True
13.44057, gen, horse
13.44126, Adjuster10, AI
13.62057, Adjuster8, shoot, Juicehead5, False
13.78057, Foe4, get, horse
13.84057, Foe4, shoot, Coward1, False
13.88057, Player, shoot, Foe4, False
13.90057, Bongfu9, shoot, Betrayal2, False
14.50057, Lush7, shoot, Lush7, False
14.50057, Player, shoot, Player, False
14.76057, Bongfu9, shoot, Lush7, False
14.82057, Drunkard3, shoot, Foe4, False
14.88057, Player, shoot, Juicehead5, False
15.12057, Lush7, shoot, Lush7, False
15.44057, Betrayal2, shoot, Player, True
Normal Close
