Game Time: 2022/3/8 14:08:33
Version: 1.0.0.2 with bullet collision times = 2
0, Player, player
0, Player, get, initialShield
0, Coward1, AI
0, Betrayal2, AI
0, Drunkard3, AI
0, Foe4, AI
0, Juicehead5, AI
0, Alcoholic6, AI
0, Lush7, AI
0, Adjuster8, AI
0, Bongfu9, AI
1.100687, Bongfu9, get, coin_v_1
1.200687, Coward1, shoot, Adjuster8, False
1.680687, Juicehead5, get, coin_v_1
1.840687, Betrayal2, get, coin_v_1
1.940687, Coward1, get, coin_v_1
1.960687, Bongfu9, get, coin_v_1
2.400687, Bongfu9, shoot, Lush7, False
2.440687, Foe4, shoot, Adjuster8, False
3.600687, Lush7, shoot, Player, False
3.700687, Betrayal2, shoot, Betrayal2, False
3.700687, Foe4, shoot, Adjuster8, False
3.940687, Adjuster8, shoot, Lush7, False
4.120687, Bongfu9, get, coin_v_1
4.200687, Lush7, shoot, Player, False
4.340687, Alcoholic6, get, coin_v_1
4.420687, Adjuster8, shoot, Betrayal2, False
5.100687, Lush7, shoot, Player, False
5.360687, Adjuster8, shoot, Lush7, False
5.400687, Lush7, shoot, Player, False
5.440687, Bongfu9, shoot, Player, False
6.000687, Lush7, shoot, Player, False
6.160687, Betrayal2, get, coin_v_1
6.160687, Drunkard3, shoot, Adjuster8, False
6.900687, Lush7, shoot, Player, False
6.920687, Bongfu9, get, coin_v_1
7.000687, Betrayal2, get, coin_v_1
7.200687, Player, shoot, Lush7, False
7.200687, Lush7, shoot, Player, False
7.200687, Lush7, shoot, Player, False
7.200687, Lush7, shoot, Player, True
7.200687, Player, shoot, Lush7, False
Normal Close
