Game Time: 2022/3/8 14:04:06
Version: 1.0.0.2 with bullet collision times = 2
0, Player, player
0, Player, get, initialShield
0, Coward1, AI
0, Betrayal2, AI
0, Drunkard3, AI
0, Foe4, AI
0, Juicehead5, AI
0, Alcoholic6, AI
0, Lush7, AI
0, Adjuster8, AI
0, Bongfu9, AI
1.150991, Coward1, shoot, Adjuster8, False
1.230991, Foe4, get, coin_v_1
1.690991, Betrayal2, get, coin_v_1
1.970991, Coward1, get, coin_v_1
2.570991, Adjuster8, shoot, Bongfu9, False
2.670991, Betrayal2, shoot, Coward1, False
2.910991, Bongfu9, shoot, Adjuster8, False
2.950991, Juicehead5, shoot, Adjuster8, False
2.970991, Coward1, get, coin_v_1
3.170991, Juicehead5, get, coin_v_1
3.250991, Betrayal2, get, coin_v_1
3.610991, Lush7, shoot, Player, False
3.710991, Adjuster8, shoot, Adjuster8, False
3.870991, Adjuster8, shoot, Lush7, False
4.310991, Betrayal2, shoot, Juicehead5, False
4.350991, Adjuster8, shoot, Betrayal2, False
4.670991, Bongfu9, get, coin_v_1
4.810991, Lush7, shoot, Player, False
4.810991, Coward1, shoot, Foe4, False
5.070991, Alcoholic6, get, coin_v_1
5.070991, Betrayal2, get, coin_v_1
5.150991, Betrayal2, shoot, Juicehead5, False
5.270991, Betrayal2, get, coin_v_1
5.410991, Player, shoot, Juicehead5, False
5.410991, Lush7, shoot, Player, False
5.590991, Adjuster8, shoot, Lush7, False
5.730991, Player, shoot, Adjuster8, False
5.750991, Alcoholic6, get, coin_v_1
6.010991, Lush7, shoot, Player, False
6.190991, Adjuster8, shoot, Lush7, False
6.390991, Drunkard3, shoot, Coward1, False
6.830991, Coward1, get, coin_v_1
6.910991, Lush7, shoot, Player, False
7.210991, Player, shoot, Lush7, False
7.210991, Lush7, shoot, Player, False
7.210991, Lush7, shoot, Player, False
7.210991, Lush7, shoot, Player, False
7.210991, Player, shoot, Lush7, False
7.410991, Adjuster8, shoot, Lush7, False
7.530991, Foe4, shoot, Bongfu9, False
7.750991, Player, shoot, Bongfu9, False
7.810991, Lush7, shoot, Player, False
7.890991, Coward1, shoot, Adjuster8, False
8.090991, Coward1, shoot, Foe4, False
8.290991, Juicehead5, shoot, Juicehead5, False
8.710991, Lush7, shoot, Player, True
8.710991, Player, shoot, Lush7, False
8.710991, Player, shoot, Lush7, False
8.710991, Player, shoot, Lush7, False
Normal Close
