Game Time: 2022/3/8 13:49:19
Version: 1.0.0.2 with bullet collision times = 2
0, Player, player
0, Player, get, initialShield
0, Coward1, AI
0, Betrayal2, AI
0, Drunkard3, AI
0, Foe4, AI
0, Juicehead5, AI
0, Alcoholic6, AI
0, Lush7, AI
0, Adjuster8, AI
0, Bongfu9, AI
0.8314659, Foe4, get, coin_v_1
0.9514658, Bongfu9, get, coin_v_1
1.191466, Coward1, shoot, Adjuster8, False
1.251466, Bongfu9, shoot, Coward1, False
1.791466, Coward1, get, coin_v_1
2.111466, Coward1, get, coin_v_1
2.731466, Betrayal2, get, coin_v_1
2.771466, Bongfu9, shoot, Adjuster8, False
3.011466, Coward1, shoot, Betrayal2, False
3.411466, Juicehead5, get, coin_v_1
3.611466, Lush7, shoot, Player, False
3.631466, Foe4, shoot, Adjuster8, False
3.871466, Adjuster8, shoot, Lush7, False
4.811466, Lush7, shoot, Player, False
5.271466, Adjuster8, shoot, Lush7, False
5.291466, Adjuster8, shoot, Bongfu9, False
5.411466, Lush7, shoot, Player, False
5.771466, Player, shoot, Adjuster8, False
6.011466, Lush7, shoot, Player, False
6.111466, Adjuster8, get, coin_v_1
6.791466, Coward1, shoot, Drunkard3, False
6.911466, Lush7, shoot, Player, False
7.091466, Adjuster8, shoot, Lush7, False
7.211466, Player, shoot, Lush7, False
7.211466, Player, shoot, Lush7, False
7.211466, Lush7, shoot, Player, False
7.211466, Lush7, shoot, Player, False
7.211466, Player, shoot, Lush7, False
7.391466, Adjuster8, shoot, Lush7, False
7.631466, Player, shoot, Bongfu9, False
7.671466, Betrayal2, shoot, Coward1, False
7.931466, Coward1, shoot, Betrayal2, False
7.991466, Lush7, shoot, Bongfu9, False
8.051466, Alcoholic6, shoot, Alcoholic6, False
8.131466, Foe4, shoot, Lush7, False
8.411466, Lush7, shoot, Bongfu9, False
8.411466, Lush7, shoot, Bongfu9, False
8.451466, Adjuster8, shoot, Alcoholic6, False
8.551466, Betrayal2, get, coin_v_1
8.831466, Player, shoot, Adjuster8, False
9.511466, Foe4, shoot, Drunkard3, False
9.591466, Adjuster8, shoot, Alcoholic6, False
9.671466, Adjuster8, shoot, Foe4, False
9.711466, Player, shoot, Adjuster8, False
10.29147, Foe4, shoot, Adjuster8, False
10.55147, Lush7, shoot, Bongfu9, False
10.55147, Drunkard3, shoot, Foe4, False
10.63147, Alcoholic6, shoot, Bongfu9, False
10.91147, Player, shoot, Adjuster8, False
11.27147, Player, shoot, Bongfu9, False
11.39147, Juicehead5, shoot, Adjuster8, False
11.41147, Alcoholic6, shoot, Foe4, False
12.07147, Player, shoot, Player, False
12.15147, Lush7, shoot, Bongfu9, False
12.39147, Bongfu9, shoot, Lush7, False
12.43147, Adjuster8, shoot, Player, False
12.71147, Juicehead5, shoot, Juicehead5, False
12.99147, Alcoholic6, shoot, Drunkard3, False
13.05147, Drunkard3, shoot, Juicehead5, False
13.21147, Drunkard3, shoot, Coward1, False
13.29147, Foe4, shoot, Adjuster8, True
13.29147, gen, horse
13.29412, Adjuster10, AI
13.71147, Foe4, get, horse
13.83147, Player, shoot, Foe4, False
13.87147, Player, shoot, Foe4, False
13.95147, Bongfu9, shoot, Lush7, True
13.95147, gen, horse
13.9519, Lush11, AI
14.55147, Bongfu9, get, horse
14.73147, Drunkard3, shoot, Foe4, False
15.07147, Coward1, shoot, Adjuster10, False
15.11147, Alcoholic6, shoot, Alcoholic6, False
15.27147, Lush11, shoot, Adjuster10, False
15.45147, Bongfu9, shoot, Player, True
Normal Close
