Game Time: 2022/3/8 14:22:49
Version: 1.0.0.2 with bullet collision times = 2
0, Player, player
0, Player, get, initialShield
0, Coward1, AI
0, Betrayal2, AI
0, Drunkard3, AI
0, Foe4, AI
0, Juicehead5, AI
0, Alcoholic6, AI
0, Lush7, AI
0, Adjuster8, AI
0, Bongfu9, AI
0.1092972, Alcoholic6, shoot, Alcoholic6, False
0.2892972, Lush7, get, coin_v_1
0.3892972, Alcoholic6, get, coin_v_1
0.4492972, Juicehead5, get, coin_v_1
0.8692972, Betrayal2, get, coin_v_1
0.9092972, Foe4, get, coin_v_1
1.149297, Coward1, shoot, Adjuster8, False
1.169297, Bongfu9, get, coin_v_1
1.529297, Drunkard3, get, coin_v_1
1.609297, Coward1, get, coin_v_1
1.989297, Bongfu9, get, coin_v_1
2.589297, Coward1, get, coin_v_1
3.329297, Juicehead5, get, coin_v_1
3.449297, Drunkard3, shoot, Juicehead5, False
3.709297, Adjuster8, shoot, Player, False
3.709297, Foe4, shoot, Adjuster8, False
3.729297, Lush7, get, coin_v_1
4.349297, Adjuster8, shoot, Betrayal2, False
4.349297, Adjuster8, shoot, Foe4, False
4.829297, Foe4, shoot, Adjuster8, False
5.169297, Adjuster8, shoot, Player, False
5.969297, Player, shoot, Juicehead5, False
5.969297, Lush7, shoot, Player, False
6.089297, Adjuster8, shoot, Player, False
6.629297, Player, shoot, Juicehead5, False
6.909297, Betrayal2, shoot, Bongfu9, False
7.029297, Player, shoot, Betrayal2, False
7.289297, Foe4, shoot, Adjuster8, False
7.409297, Adjuster8, shoot, Player, False
7.609297, Player, shoot, Bongfu9, False
7.689297, Bongfu9, shoot, Lush7, False
8.149297, Adjuster8, shoot, Betrayal2, False
8.369297, Juicehead5, shoot, Drunkard3, False
8.489297, Foe4, shoot, Adjuster8, False
8.809297, Adjuster8, shoot, Foe4, False
8.909297, Bongfu9, shoot, Adjuster8, False
9.089297, Player, shoot, Adjuster8, False
9.129297, Adjuster8, shoot, Bongfu9, False
9.289297, Juicehead5, shoot, Betrayal2, False
9.329297, Player, shoot, Juicehead5, False
9.409297, Drunkard3, shoot, Alcoholic6, False
9.449297, Adjuster8, shoot, Drunkard3, False
9.669297, Foe4, shoot, Adjuster8, False
9.689297, Adjuster8, shoot, Player, False
9.709297, Adjuster8, shoot, Adjuster8, False
9.809297, Bongfu9, shoot, Bongfu9, False
10.2893, Adjuster8, shoot, Player, False
10.2893, Adjuster8, shoot, Foe4, False
10.4293, Alcoholic6, shoot, Alcoholic6, False
10.4493, Adjuster8, shoot, Player, False
10.6293, Betrayal2, get, coin_v_1
11.0293, Adjuster8, shoot, Player, False
11.5093, Juicehead5, shoot, Drunkard3, False
11.5093, Foe4, shoot, Adjuster8, True
11.5093, gen, shield
11.51183, Adjuster10, AI
11.8693, Foe4, get, shield
12.3493, Lush7, shoot, Juicehead5, False
12.3693, Player, shoot, Bongfu9, False
12.8893, Betrayal2, shoot, Bongfu9, False
12.9693, Player, shoot, Bongfu9, False
13.0893, Player, shoot, Player, True
Normal Close
