Game Time: 2022/3/8 14:34:20
Version: 1.0.0.2 with bullet collision times = 2
0, Player, player
0, Player, get, initialShield
0, Coward1, AI
0, Betrayal2, AI
0, Drunkard3, AI
0, Foe4, AI
0, Juicehead5, AI
0, Alcoholic6, AI
0, Lush7, AI
0, Adjuster8, AI
0, Bongfu9, AI
0.1502732, Foe4, get, coin_v_1
1.170273, Coward1, shoot, Adjuster8, False
1.210273, Betrayal2, get, coin_v_1
1.650273, Betrayal2, get, coin_v_1
1.730273, Coward1, get, coin_v_1
2.650273, Bongfu9, shoot, Adjuster8, False
3.170273, Betrayal2, get, coin_v_1
3.350273, Juicehead5, get, coin_v_1
3.610273, Lush7, shoot, Player, False
3.710273, Foe4, shoot, Adjuster8, False
4.250273, Adjuster8, shoot, Alcoholic6, False
4.390273, Adjuster8, shoot, Lush7, False
4.390273, Adjuster8, shoot, Coward1, False
4.510273, Coward1, shoot, Juicehead5, False
4.810273, Lush7, shoot, Player, False
4.810273, Lush7, shoot, Bongfu9, False
4.910273, Alcoholic6, get, coin_v_1
5.010273, Player, shoot, Betrayal2, False
5.070273, Coward1, shoot, Drunkard3, False
5.330273, Betrayal2, get, coin_v_1
5.410273, Coward1, shoot, Drunkard3, False
5.490273, Bongfu9, shoot, Adjuster8, False
5.510273, Adjuster8, shoot, Player, False
5.670273, Player, shoot, Juicehead5, False
6.090273, Adjuster8, shoot, Player, False
7.090273, Lush7, shoot, Player, False
7.350273, Drunkard3, shoot, Bongfu9, False
7.650273, Drunkard3, shoot, Betrayal2, False
7.890273, Coward1, shoot, Foe4, False
8.510273, Player, shoot, Player, False
8.750273, Foe4, shoot, Drunkard3, False
9.090273, Player, shoot, Bongfu9, False
9.610273, Bongfu9, shoot, Player, False
9.610273, Player, shoot, Bongfu9, False
9.930273, Alcoholic6, shoot, Coward1, False
10.19027, Betrayal2, shoot, Alcoholic6, False
10.27027, Foe4, shoot, Adjuster8, False
10.33027, Juicehead5, shoot, Bongfu9, False
10.87027, Bongfu9, shoot, Lush7, False
11.23027, Player, shoot, Bongfu9, False
11.29027, Player, shoot, Player, False
11.51027, Adjuster8, shoot, Player, False
11.63027, Bongfu9, shoot, Alcoholic6, False
11.75027, Juicehead5, shoot, Lush7, False
12.09027, Foe4, shoot, Adjuster8, False
12.11027, Bongfu9, shoot, Alcoholic6, False
12.23027, Player, shoot, Player, True
Normal Close
