Game Time: 2022/3/8 14:16:58
Version: 1.0.0.2 with bullet collision times = 2
0, Player, player
0, Player, get, initialShield
0, Coward1, AI
0, Betrayal2, AI
0, Drunkard3, AI
0, Foe4, AI
0, Juicehead5, AI
0, Alcoholic6, AI
0, Lush7, AI
0, Adjuster8, AI
0, Bongfu9, AI
0.8059816, Foe4, get, coin_v_1
1.205982, Bongfu9, get, coin_v_1
2.085982, Bongfu9, get, coin_v_1
2.485981, Adjuster8, shoot, Lush7, False
2.705981, Juicehead5, shoot, Lush7, False
3.125982, Juicehead5, get, coin_v_1
3.325982, Bongfu9, get, coin_v_1
3.605982, Betrayal2, shoot, Coward1, False
3.605982, Foe4, shoot, Adjuster8, False
3.925982, Player, shoot, Foe4, False
3.945982, Bongfu9, shoot, Betrayal2, False
4.105981, Lush7, shoot, Bongfu9, False
4.245982, Lush7, get, coin_v_1
4.385982, Coward1, get, coin_v_1
4.805982, Bongfu9, shoot, Betrayal2, False
4.905982, Adjuster8, shoot, Player, False
5.325982, Betrayal2, shoot, Adjuster8, False
5.405982, Coward1, shoot, Player, False
5.405982, Player, shoot, Coward1, False
5.465981, Adjuster8, shoot, Foe4, False
5.525981, Betrayal2, shoot, Adjuster8, False
6.005981, Coward1, shoot, Player, False
6.005981, Player, shoot, Coward1, False
6.025981, Betrayal2, shoot, Foe4, False
6.105981, Juicehead5, shoot, Betrayal2, False
6.245982, Drunkard3, get, coin_v_1
7.005981, Lush7, shoot, Lush7, False
7.285982, Player, shoot, Adjuster8, False
7.445982, Betrayal2, shoot, Bongfu9, False
7.645981, Betrayal2, shoot, Player, False
7.845982, Player, shoot, Juicehead5, False
8.125981, Bongfu9, shoot, Foe4, False
8.785981, Foe4, shoot, Adjuster8, False
8.905981, Bongfu9, shoot, Bongfu9, False
9.085981, Foe4, shoot, Adjuster8, False
9.245981, Adjuster8, shoot, Alcoholic6, False
9.325981, Player, shoot, Juicehead5, False
9.665981, Player, shoot, Juicehead5, False
9.665981, Foe4, shoot, Adjuster8, False
9.905981, Alcoholic6, shoot, Lush7, False
10.08598, Foe4, shoot, Adjuster8, False
10.26598, Player, shoot, Juicehead5, False
10.86598, Foe4, shoot, Adjuster8, False
11.46598, Foe4, shoot, Adjuster8, True
11.46598, gen, shield
11.46706, Adjuster10, AI
11.62598, Bongfu9, get, shield
11.64598, Bongfu9, shoot, Foe4, False
12.06598, Player, shoot, Coward1, False
12.80598, Foe4, shoot, Player, False
12.96598, Player, shoot, Coward1, False
13.06598, Foe4, shoot, Drunkard3, False
14.04598, Coward1, get, coin_v_1
14.06598, Alcoholic6, get, coin_v_1
14.12598, Betrayal2, shoot, Drunkard3, False
14.58598, Juicehead5, shoot, Adjuster10, False
14.78598, Player, shoot, Juicehead5, False
14.86598, Betrayal2, shoot, Betrayal2, False
15.14598, Coward1, shoot, Juicehead5, False
15.18598, Bongfu9, shoot, Alcoholic6, False
15.20598, Foe4, shoot, Player, False
15.22598, Coward1, shoot, Player, False
15.58598, Adjuster10, shoot, Alcoholic6, False
15.96598, Foe4, shoot, Adjuster10, False
15.98598, Player, shoot, Adjuster10, False
16.04598, Juicehead5, shoot, Coward1, False
16.28598, Bongfu9, shoot, Alcoholic6, False
16.38598, Lush7, shoot, Lush7, False
16.50598, Player, shoot, Juicehead5, False
16.86598, Player, shoot, Adjuster10, False
16.88598, Juicehead5, shoot, Coward1, False
16.94598, Juicehead5, shoot, Adjuster10, False
17.38598, Bongfu9, shoot, Betrayal2, False
17.56598, Player, shoot, Juicehead5, False
17.76598, Lush7, shoot, Foe4, False
17.78598, Foe4, shoot, Adjuster10, False
17.80598, Alcoholic6, shoot, Bongfu9, False
18.06598, Player, shoot, Adjuster10, False
18.16598, Drunkard3, shoot, Foe4, False
18.42598, Player, shoot, Juicehead5, False
18.62598, Bongfu9, shoot, Alcoholic6, False
18.68598, Foe4, shoot, Adjuster10, False
18.70598, Adjuster10, shoot, Player, False
19.24598, Player, shoot, Juicehead5, True
19.24598, gen, shield
19.24761, Juicehead11, AI
19.26598, Betrayal2, get, coin_v_1
19.30598, Player, shoot, Adjuster10, False
19.40598, Foe4, shoot, Coward1, False
19.52598, Lush7, shoot, Foe4, False
19.58598, Adjuster10, shoot, Player, False
19.90598, Foe4, shoot, Adjuster10, True
19.90598, gen, shield
19.91421, Adjuster12, AI
19.92598, Coward1, shoot, Coward1, False
19.96598, Coward1, shoot, Drunkard3, False
20.20598, Lush7, shoot, Lush7, False
20.22598, Foe4, get, shield
20.76598, Coward1, shoot, Drunkard3, False
20.98598, Betrayal2, get, coin_v_1
21.04598, Foe4, shoot, Betrayal2, False
21.12598, Foe4, shoot, Bongfu9, False
22.34598, Bongfu9, shoot, Drunkard3, False
22.40598, Foe4, shoot, Adjuster12, False
22.48598, Betrayal2, get, coin_v_1
22.68598, Bongfu9, shoot, Lush7, False
22.74598, Juicehead11, get, shield
22.92598, Coward1, get, coin_v_1
22.94598, Bongfu9, get, coin_v_1
23.30598, Lush7, shoot, Lush7, False
23.42598, Player, shoot, Bongfu9, False
23.58598, Adjuster12, shoot, Player, True
23.58598, Bongfu9, shoot, Bongfu9, False
Normal Close
