Game Time: 2022/3/8 14:33:05
Version: 1.0.0.2 with bullet collision times = 2
0, Player, player
0, Player, get, initialShield
0, Coward1, AI
0, Betrayal2, AI
0, Drunkard3, AI
0, Foe4, AI
0, Juicehead5, AI
0, Alcoholic6, AI
0, Lush7, AI
0, Adjuster8, AI
0, Bongfu9, AI
0.6242388, Alcoholic6, get, coin_v_1
1.144239, Bongfu9, get, coin_v_1
1.324239, Alcoholic6, get, coin_v_1
1.964239, Bongfu9, get, coin_v_1
3.004239, Coward1, get, coin_v_1
3.084239, Juicehead5, get, coin_v_1
3.304239, Juicehead5, get, coin_v_1
3.604239, Lush7, shoot, Player, False
3.604239, Bongfu9, shoot, Player, False
3.704239, Foe4, shoot, Foe4, False
3.864239, Adjuster8, shoot, Lush7, False
4.344239, Foe4, get, coin_v_1
4.804239, Lush7, shoot, Player, False
5.384239, Lush7, get, coin_v_1
5.504239, Betrayal2, get, coin_v_1
5.564239, Player, shoot, Juicehead5, False
6.144238, Player, shoot, Juicehead5, False
6.664238, Foe4, shoot, Adjuster8, False
6.804239, Lush7, get, coin_v_1
7.284239, Player, shoot, Adjuster8, False
7.284239, Coward1, shoot, Betrayal2, False
7.764239, Lush7, shoot, Adjuster8, False
7.884239, Adjuster8, shoot, Player, False
8.004238, Alcoholic6, shoot, Drunkard3, False
8.024239, Betrayal2, shoot, Player, False
8.124239, Betrayal2, get, coin_v_1
8.484239, Foe4, shoot, Adjuster8, False
8.724238, Betrayal2, shoot, Coward1, False
8.784239, Adjuster8, shoot, Player, False
8.904239, Lush7, shoot, Bongfu9, False
9.104239, Foe4, shoot, Adjuster8, False
9.564239, Player, shoot, Lush7, False
9.904239, Coward1, shoot, Drunkard3, False
10.06424, Bongfu9, shoot, Juicehead5, False
10.16424, Player, shoot, Juicehead5, False
10.28424, Foe4, shoot, Adjuster8, False
10.40424, Betrayal2, shoot, Coward1, False
10.88424, Player, shoot, Adjuster8, False
11.26424, Alcoholic6, shoot, Player, False
11.26424, Adjuster8, shoot, Drunkard3, False
11.36424, Bongfu9, shoot, Juicehead5, False
11.38424, Betrayal2, get, coin_v_1
11.46424, Adjuster8, shoot, Player, False
12.08424, Player, shoot, Adjuster8, False
12.12424, Coward1, shoot, Foe4, False
12.14424, Drunkard3, shoot, Coward1, False
12.20424, Lush7, shoot, Bongfu9, False
12.30424, Betrayal2, shoot, Drunkard3, False
12.40424, Adjuster8, shoot, Player, False
12.40424, Juicehead5, shoot, Drunkard3, False
12.68424, Adjuster8, shoot, Player, True
Normal Close
