Game Time: 2022/3/8 13:51:12
Version: 1.0.0.2 with bullet collision times = 2
0, Player, player
0, Player, get, initialShield
0, Coward1, AI
0, Betrayal2, AI
0, Drunkard3, AI
0, Foe4, AI
0, Juicehead5, AI
0, Alcoholic6, AI
0, Lush7, AI
0, Adjuster8, AI
0, Bongfu9, AI
0.7047815, Juicehead5, get, coin_v_1
0.7247816, Coward1, get, coin_v_1
0.9447815, Bongfu9, get, coin_v_1
1.224782, Lush7, get, coin_v_1
1.424782, Foe4, get, coin_v_1
1.824782, Bongfu9, get, coin_v_1
2.584781, Coward1, get, coin_v_1
2.844781, Adjuster8, shoot, Juicehead5, False
3.384782, Bongfu9, get, coin_v_1
3.504781, Juicehead5, shoot, Foe4, False
3.524781, Juicehead5, shoot, Player, False
3.624781, Foe4, shoot, Adjuster8, False
3.724782, Adjuster8, shoot, Player, False
3.764781, Lush7, get, coin_v_1
3.784781, Player, shoot, Player, False
3.984782, Betrayal2, shoot, Lush7, False
4.264781, Betrayal2, get, coin_v_1
4.604782, Player, shoot, Betrayal2, False
4.824781, Foe4, shoot, Adjuster8, False
4.944781, Adjuster8, shoot, Player, False
5.404781, Foe4, shoot, Betrayal2, False
5.404781, Betrayal2, shoot, Foe4, False
5.404781, Bongfu9, shoot, Juicehead5, False
5.404781, Juicehead5, shoot, Bongfu9, False
5.464781, Player, shoot, Adjuster8, False
5.504781, Adjuster8, shoot, Betrayal2, False
5.564782, Betrayal2, shoot, Drunkard3, False
6.004781, Betrayal2, shoot, Foe4, False
6.124782, Adjuster8, shoot, Player, False
6.224782, Juicehead5, shoot, Bongfu9, False
6.904781, Adjuster8, shoot, Betrayal2, False
6.904781, Betrayal2, shoot, Adjuster8, False
7.224782, Player, shoot, Adjuster8, False
7.224782, Adjuster8, shoot, Player, False
7.584781, Foe4, shoot, Juicehead5, False
7.604782, Foe4, shoot, Foe4, False
8.444781, Player, shoot, Juicehead5, False
8.684781, Drunkard3, shoot, Drunkard3, False
8.784781, Foe4, shoot, Adjuster8, False
9.344781, Betrayal2, shoot, Lush7, False
9.604781, Lush7, shoot, Lush7, False
9.684781, Foe4, shoot, Adjuster8, False
9.724781, Adjuster8, shoot, Coward1, False
9.724781, Betrayal2, shoot, Bongfu9, False
10.20478, Lush7, shoot, Lush7, False
10.58478, Foe4, shoot, Adjuster8, False
10.80478, Coward1, shoot, Drunkard3, False
10.90478, Foe4, shoot, Adjuster8, False
11.48478, Foe4, shoot, Adjuster8, True
11.48478, gen, horse
11.48785, Adjuster10, AI
11.84478, Foe4, get, horse
11.98478, Player, shoot, Juicehead5, False
12.12478, Coward1, shoot, Foe4, False
12.14478, Bongfu9, shoot, Drunkard3, False
12.28478, Betrayal2, shoot, Coward1, False
12.30478, Coward1, shoot, Foe4, False
12.38478, Drunkard3, get, coin_v_1
12.70478, Betrayal2, shoot, Bongfu9, False
12.90478, Player, shoot, Foe4, False
13.20478, Player, shoot, Juicehead5, False
13.20478, Betrayal2, shoot, Bongfu9, False
13.38478, Drunkard3, shoot, Betrayal2, False
14.10478, Coward1, get, coin_v_1
14.32478, Bongfu9, shoot, Betrayal2, False
14.72478, Foe4, shoot, Drunkard3, False
14.92478, Player, shoot, Adjuster10, False
14.96478, Drunkard3, shoot, Juicehead5, False
15.00478, Lush7, shoot, Betrayal2, False
15.28478, Player, shoot, Player, False
15.30478, Juicehead5, shoot, Lush7, False
15.40478, Drunkard3, shoot, Foe4, False
15.74478, Bongfu9, shoot, Coward1, False
16.28478, Lush7, shoot, Bongfu9, False
16.46478, Foe4, shoot, Drunkard3, False
16.62478, Bongfu9, shoot, Betrayal2, False
16.64478, Drunkard3, shoot, Adjuster10, False
16.66478, Bongfu9, shoot, Lush7, False
16.92478, Betrayal2, shoot, Betrayal2, False
17.08478, Juicehead5, shoot, Lush7, False
17.08478, Bongfu9, shoot, Alcoholic6, False
17.10478, Lush7, shoot, Betrayal2, True
17.10478, gen, shield
17.10478, Player, shoot, Player, False
17.11372, Betrayal11, AI
17.18478, Juicehead5, shoot, Alcoholic6, False
17.24478, Adjuster10, shoot, Drunkard3, False
17.64478, Lush7, shoot, Lush7, False
18.00478, Bongfu9, shoot, Player, False
18.02478, Adjuster10, shoot, Foe4, False
18.02478, Foe4, shoot, Adjuster10, False
18.12478, Bongfu9, shoot, Player, False
18.56478, Bongfu9, shoot, Adjuster10, False
18.56478, Juicehead5, shoot, Adjuster10, False
18.74478, Lush7, shoot, Lush7, False
18.80478, Lush7, shoot, Bongfu9, False
19.58478, Player, shoot, Adjuster10, False
19.70478, Drunkard3, shoot, Bongfu9, False
19.84478, Player, shoot, Player, True
Normal Close
