Game Time: 2022/3/8 13:48:01
Version: 1.0.0.2 with bullet collision times = 2
0, Player, player
0, Player, get, initialShield
0, Coward1, AI
0, Betrayal2, AI
0, Drunkard3, AI
0, Foe4, AI
0, Juicehead5, AI
0, Alcoholic6, AI
0, Lush7, AI
0, Adjuster8, AI
0, Bongfu9, AI
0.36206, Juicehead5, shoot, Juicehead5, False
0.54206, Foe4, get, coin_v_1
1.08206, Bongfu9, get, coin_v_1
1.72206, Betrayal2, get, coin_v_1
1.80206, Juicehead5, get, coin_v_1
1.90206, Betrayal2, shoot, Betrayal2, False
2.32206, Coward1, get, coin_v_1
2.38206, Bongfu9, shoot, Lush7, False
2.60206, Coward1, get, coin_v_1
2.74206, Alcoholic6, get, coin_v_1
2.92206, Foe4, shoot, Bongfu9, False
3.06206, Juicehead5, get, coin_v_1
3.10206, Bongfu9, shoot, Lush7, False
3.20206, Juicehead5, get, coin_v_1
3.58206, Betrayal2, get, coin_v_1
3.60206, Betrayal2, shoot, Coward1, False
3.60206, Coward1, shoot, Betrayal2, False
3.60206, Foe4, shoot, Adjuster8, False
3.66206, Bongfu9, shoot, Lush7, False
3.70206, Adjuster8, shoot, Player, False
4.28206, Betrayal2, shoot, Player, False
4.82206, Lush7, shoot, Player, False
4.88206, Adjuster8, shoot, Player, False
5.68206, Player, shoot, Juicehead5, False
5.82206, Adjuster8, shoot, Drunkard3, False
6.28206, Player, shoot, Drunkard3, False
7.26206, Player, shoot, Adjuster8, False
7.38206, Bongfu9, shoot, Drunkard3, False
7.48206, Coward1, shoot, Juicehead5, False
7.54206, Player, shoot, Juicehead5, False
7.68206, Player, shoot, Coward1, False
7.72206, Lush7, shoot, Juicehead5, False
7.88206, Adjuster8, shoot, Player, False
7.98206, Adjuster8, shoot, Player, False
8.08206, Coward1, get, coin_v_1
9.08206, Player, shoot, Adjuster8, False
9.28206, Adjuster8, shoot, Player, False
10.88206, Foe4, shoot, Adjuster8, False
11.10206, Player, shoot, Juicehead5, False
11.12206, Drunkard3, shoot, Coward1, False
11.44206, Bongfu9, shoot, Juicehead5, False
11.48206, Adjuster8, shoot, Foe4, False
11.66206, Player, shoot, Player, False
11.72206, Juicehead5, shoot, Bongfu9, False
12.08206, Player, shoot, Adjuster8, False
12.22206, Lush7, shoot, Juicehead5, False
12.68206, Foe4, shoot, Adjuster8, False
13.50206, Player, shoot, Player, False
13.74206, Betrayal2, get, coin_v_1
13.86206, Player, shoot, Adjuster8, False
13.90206, Juicehead5, shoot, Coward1, False
13.92206, Drunkard3, shoot, Foe4, False
14.00206, Bongfu9, shoot, Bongfu9, False
14.18206, Player, shoot, Player, True
Normal Close
