Game Time: 2022/3/8 14:35:54
Version: 1.0.0.2 with bullet collision times = 2
0, Player, player
0, Player, get, initialShield
0, Coward1, AI
0, Betrayal2, AI
0, Drunkard3, AI
0, Foe4, AI
0, Juicehead5, AI
0, Alcoholic6, AI
0, Lush7, AI
0, Adjuster8, AI
0, Bongfu9, AI
1.139283, Bongfu9, get, coin_v_1
1.799283, Juicehead5, get, coin_v_1
1.819283, Betrayal2, get, coin_v_1
2.099283, Coward1, get, coin_v_1
2.439283, Bongfu9, shoot, Lush7, False
2.819283, Adjuster8, shoot, Juicehead5, False
3.099283, Juicehead5, get, coin_v_1
3.479283, Juicehead5, shoot, Foe4, False
3.619282, Lush7, shoot, Player, False
3.639282, Foe4, shoot, Adjuster8, False
3.799283, Betrayal2, get, coin_v_1
3.879282, Adjuster8, shoot, Lush7, False
4.019282, Bongfu9, get, coin_v_1
4.039282, Bongfu9, shoot, Bongfu9, False
4.219283, Lush7, shoot, Player, False
4.619283, Alcoholic6, get, coin_v_1
4.819283, Juicehead5, shoot, Betrayal2, False
5.039282, Adjuster8, shoot, Lush7, False
5.119283, Lush7, shoot, Player, False
5.219283, Bongfu9, get, coin_v_1
5.419282, Lush7, shoot, Player, False
5.539282, Foe4, shoot, Adjuster8, False
6.019282, Lush7, shoot, Player, False
6.119283, Adjuster8, shoot, Lush7, False
6.399282, Bongfu9, get, coin_v_1
6.919282, Lush7, shoot, Player, False
7.219283, Player, shoot, Lush7, False
7.219283, Lush7, shoot, Player, False
7.219283, Lush7, shoot, Player, False
7.219283, Lush7, shoot, Player, False
7.219283, Player, shoot, Lush7, False
7.239283, Adjuster8, shoot, Lush7, False
7.819283, Lush7, shoot, Player, True
Normal Close
