Game Time: 2022/3/8 13:48:51
Version: 1.0.0.2 with bullet collision times = 2
0, Player, player
0, Player, get, initialShield
0, Coward1, AI
0, Betrayal2, AI
0, Drunkard3, AI
0, Foe4, AI
0, Juicehead5, AI
0, Alcoholic6, AI
0, Lush7, AI
0, Adjuster8, AI
0, Bongfu9, AI
0.9483828, Bongfu9, get, coin_v_1
1.148383, Coward1, shoot, Adjuster8, False
1.528383, Drunkard3, get, coin_v_1
1.788383, Bongfu9, get, coin_v_1
2.588383, Player, shoot, Alcoholic6, False
2.688383, Betrayal2, get, coin_v_1
3.028383, Juicehead5, get, coin_v_1
3.048383, Alcoholic6, shoot, Drunkard3, False
3.188383, Adjuster8, shoot, Bongfu9, False
3.608383, Lush7, shoot, Player, False
3.828383, Bongfu9, get, coin_v_1
3.868383, Adjuster8, shoot, Lush7, False
4.088383, Player, get, coin_v_1
4.108383, Juicehead5, shoot, Coward1, False
4.108383, Foe4, shoot, Player, False
4.248383, Bongfu9, shoot, Betrayal2, False
4.688383, Bongfu9, get, coin_v_1
4.808383, Lush7, shoot, Player, False
4.968383, Adjuster8, shoot, Lush7, False
5.048383, Bongfu9, shoot, Player, False
5.108383, Lush7, shoot, Player, False
5.408383, Lush7, shoot, Player, False
5.408383, Drunkard3, shoot, Coward1, False
5.408383, Coward1, shoot, Drunkard3, False
5.408383, Player, shoot, Lush7, False
5.668383, Player, shoot, Juicehead5, False
5.728383, Foe4, shoot, Bongfu9, False
6.008383, Lush7, shoot, Player, False
6.048383, Alcoholic6, get, coin_v_1
6.128383, Bongfu9, shoot, Adjuster8, False
6.348382, Coward1, shoot, Drunkard3, False
6.488383, Coward1, get, coin_v_1
6.908382, Player, shoot, Alcoholic6, False
6.908382, Lush7, shoot, Player, False
6.988383, Drunkard3, shoot, Lush7, False
7.208383, Player, shoot, Lush7, False
7.208383, Player, shoot, Lush7, False
7.208383, Lush7, shoot, Player, False
7.208383, Lush7, shoot, Player, True
Normal Close
