Game Time: 2022/3/8 14:17:55
Version: 1.0.0.2 with bullet collision times = 2
0, Player, player
0, Player, get, initialShield
0, Coward1, AI
0, Betrayal2, AI
0, Drunkard3, AI
0, Foe4, AI
0, Juicehead5, AI
0, Alcoholic6, AI
0, Lush7, AI
0, Adjuster8, AI
0, Bongfu9, AI
0.4975244, Alcoholic6, get, coin_v_1
0.7575244, Betrayal2, get, coin_v_1
0.8775243, Alcoholic6, get, coin_v_1
1.037524, Bongfu9, get, coin_v_1
1.397524, Alcoholic6, get, coin_v_1
1.557524, Foe4, get, coin_v_1
1.637524, Coward1, get, coin_v_1
1.677524, Betrayal2, get, coin_v_1
2.557524, Drunkard3, shoot, Alcoholic6, False
2.697524, Bongfu9, shoot, Adjuster8, False
3.117524, Alcoholic6, shoot, Drunkard3, False
3.157524, Juicehead5, get, coin_v_1
3.617524, Lush7, shoot, Player, False
3.617524, Foe4, shoot, Adjuster8, False
3.677524, Bongfu9, get, coin_v_1
3.717524, Coward1, shoot, Coward1, False
3.897524, Adjuster8, shoot, Lush7, False
4.557524, Betrayal2, shoot, Alcoholic6, False
4.817524, Lush7, shoot, Player, False
4.917524, Alcoholic6, get, coin_v_1
5.277524, Adjuster8, shoot, Lush7, False
5.417524, Lush7, shoot, Player, False
5.757524, Player, shoot, Adjuster8, False
6.017524, Lush7, shoot, Player, False
6.037524, Drunkard3, shoot, Foe4, False
6.197524, Adjuster8, shoot, Lush7, False
6.657524, Coward1, shoot, Drunkard3, False
6.717524, Foe4, shoot, Adjuster8, False
6.917524, Lush7, shoot, Player, False
7.097524, Adjuster8, shoot, Lush7, False
7.217524, Player, shoot, Lush7, False
7.217524, Lush7, shoot, Player, False
7.217524, Lush7, shoot, Player, False
7.217524, Lush7, shoot, Player, False
7.217524, Player, shoot, Lush7, False
7.397524, Betrayal2, shoot, Betrayal2, False
7.397524, Alcoholic6, shoot, Drunkard3, False
7.437524, Coward1, shoot, Coward1, False
7.737524, Player, shoot, Bongfu9, False
7.797524, Drunkard3, shoot, Player, False
7.817524, Juicehead5, shoot, Drunkard3, False
8.017524, Drunkard3, shoot, Player, True
Normal Close
