Game Time: 2022/3/8 14:38:03
Version: 1.0.0.2 with bullet collision times = 2
0, Player, player
0, Player, get, initialShield
0, Coward1, AI
0, Betrayal2, AI
0, Drunkard3, AI
0, Foe4, AI
0, Juicehead5, AI
0, Alcoholic6, AI
0, Lush7, AI
0, Adjuster8, AI
0, Bongfu9, AI
1.170778, Bongfu9, get, coin_v_1
1.170778, Coward1, shoot, Adjuster8, False
1.750778, Betrayal2, get, coin_v_1
1.850778, Juicehead5, get, coin_v_1
1.910778, Betrayal2, shoot, Betrayal2, False
1.950778, Foe4, get, coin_v_1
2.850778, Bongfu9, shoot, Adjuster8, False
3.130778, Betrayal2, get, coin_v_1
3.170778, Betrayal2, shoot, Betrayal2, False
3.210778, Juicehead5, get, coin_v_1
3.330778, Drunkard3, shoot, Juicehead5, False
3.610778, Lush7, shoot, Player, False
3.650778, Foe4, shoot, Adjuster8, False
3.850778, Adjuster8, shoot, Lush7, False
4.170778, Betrayal2, shoot, Foe4, False
4.330778, Player, get, coin_v_1
4.330778, Betrayal2, shoot, Foe4, False
4.810778, Lush7, shoot, Player, False
4.990778, Alcoholic6, get, coin_v_1
5.030778, Adjuster8, shoot, Bongfu9, False
5.050778, Betrayal2, get, coin_v_1
5.410778, Lush7, shoot, Player, False
5.430778, Foe4, shoot, Adjuster8, False
5.770778, Player, shoot, Adjuster8, False
6.210778, Adjuster8, shoot, Bongfu9, False
6.610778, Lush7, shoot, Player, False
6.830778, Coward1, get, coin_v_1
7.050778, Adjuster8, shoot, Lush7, False
7.210778, Player, shoot, Lush7, False
7.210778, Lush7, shoot, Player, False
7.330778, Betrayal2, shoot, Drunkard3, False
7.470778, Juicehead5, shoot, Juicehead5, False
7.550778, Player, shoot, Juicehead5, False
7.770778, Adjuster8, shoot, Adjuster8, False
7.810778, Lush7, shoot, Player, False
7.810778, Betrayal2, shoot, Coward1, False
7.930778, Adjuster8, shoot, Lush7, False
8.090778, Juicehead5, get, coin_v_1
8.410778, Coward1, shoot, Betrayal2, False
8.710778, Lush7, shoot, Player, False
9.010778, Player, shoot, Lush7, False
9.010778, Lush7, shoot, Player, False
9.010778, Lush7, shoot, Player, False
9.010778, Lush7, shoot, Player, True
Normal Close
