Game Time: 2022/3/8 13:40:20
Version: 1.0.0.2 with bullet collision times = 2
0, Player, player
0, Player, get, initialShield
0, Coward1, AI
0, Betrayal2, AI
0, Drunkard3, AI
0, Foe4, AI
0, Juicehead5, AI
0, Alcoholic6, AI
0, Lush7, AI
0, Adjuster8, AI
0, Bongfu9, AI
0.39516, Juicehead5, shoot, Juicehead5, False
1.15516, Coward1, shoot, Adjuster8, False
1.73516, Betrayal2, get, coin_v_1
1.91516, Betrayal2, shoot, Betrayal2, False
2.89516, Bongfu9, shoot, Adjuster8, False
3.17516, Betrayal2, get, coin_v_1
3.19516, Betrayal2, shoot, Betrayal2, False
3.37516, Juicehead5, get, coin_v_1
3.39516, Bongfu9, get, coin_v_1
3.61516, Lush7, shoot, Player, False
3.65516, Foe4, shoot, Adjuster8, False
3.85516, Adjuster8, shoot, Lush7, False
3.87516, Betrayal2, get, coin_v_1
4.27516, Player, get, coin_v_1
4.31516, Betrayal2, shoot, Foe4, False
4.81516, Lush7, shoot, Player, False
4.95516, Alcoholic6, get, coin_v_1
5.25516, Bongfu9, get, coin_v_1
5.41516, Lush7, shoot, Player, False
5.53516, Foe4, shoot, Adjuster8, False
5.73516, Player, shoot, Adjuster8, False
6.05516, Drunkard3, shoot, Adjuster8, False
6.21516, Adjuster8, shoot, Lush7, False
6.61516, Bongfu9, shoot, Alcoholic6, False
6.69516, Foe4, shoot, Adjuster8, False
6.77516, Alcoholic6, shoot, Alcoholic6, False
6.79516, Bongfu9, get, coin_v_1
6.91516, Lush7, shoot, Player, False
7.07516, Adjuster8, shoot, Lush7, False
7.07516, Betrayal2, shoot, Coward1, False
7.21516, Lush7, shoot, Player, False
7.21516, Lush7, shoot, Player, False
7.21516, Lush7, shoot, Player, False
7.21516, Drunkard3, shoot, Coward1, False
7.21516, Player, shoot, Lush7, False
7.23516, Betrayal2, shoot, Drunkard3, False
7.25516, Adjuster8, shoot, Foe4, False
7.49516, Alcoholic6, get, coin_v_1
7.51516, Player, shoot, Juicehead5, False
7.79516, Juicehead5, shoot, Juicehead5, False
7.81516, Lush7, shoot, Player, False
7.85516, Foe4, shoot, Adjuster8, False
7.99516, Adjuster8, shoot, Lush7, False
8.01516, Juicehead5, shoot, Juicehead5, False
8.175159, Alcoholic6, shoot, Alcoholic6, False
8.41516, Player, shoot, Lush7, False
8.55516, Adjuster8, shoot, Lush7, False
8.715159, Lush7, shoot, Player, False
8.715159, Lush7, shoot, Player, True
Normal Close
