Game Time: 2022/3/8 14:02:24
Version: 1.0.0.2 with bullet collision times = 2
0, Player, player
0, Player, get, initialShield
0, Coward1, AI
0, Betrayal2, AI
0, Drunkard3, AI
0, Foe4, AI
0, Juicehead5, AI
0, Alcoholic6, AI
0, Lush7, AI
0, Adjuster8, AI
0, Bongfu9, AI
0.2282501, Foe4, get, coin_v_1
0.5082501, Juicehead5, get, coin_v_1
1.16825, Bongfu9, get, coin_v_1
1.98825, Bongfu9, get, coin_v_1
2.54825, Betrayal2, get, coin_v_1
2.72825, Alcoholic6, shoot, Lush7, False
2.90825, Betrayal2, get, coin_v_1
3.08825, Juicehead5, get, coin_v_1
3.60825, Lush7, shoot, Player, False
3.64825, Foe4, shoot, Adjuster8, False
3.84825, Adjuster8, shoot, Lush7, False
3.94825, Betrayal2, shoot, Adjuster8, False
4.20825, Lush7, shoot, Player, False
4.26825, Player, get, coin_v_1
4.84825, Alcoholic6, get, coin_v_1
5.10825, Lush7, shoot, Player, False
5.40825, Lush7, shoot, Player, False
5.50825, Adjuster8, shoot, Lush7, False
5.54825, Betrayal2, shoot, Betrayal2, False
5.96825, Drunkard3, shoot, Adjuster8, False
5.96825, Drunkard3, shoot, Foe4, False
6.52825, Adjuster8, shoot, Lush7, False
6.60825, Betrayal2, shoot, Drunkard3, False
7.26825, Coward1, shoot, Betrayal2, False
7.60825, Foe4, shoot, Drunkard3, False
8.06825, Adjuster8, shoot, Lush7, False
8.40825, Player, shoot, Juicehead5, False
8.82825, Betrayal2, get, coin_v_1
9.10825, Player, shoot, Adjuster8, False
9.64825, Drunkard3, shoot, Betrayal2, False
9.66825, Player, shoot, Juicehead5, False
10.28825, Foe4, shoot, Adjuster8, False
10.80825, Betrayal2, get, coin_v_1
10.88825, Player, shoot, Adjuster8, False
10.92825, Lush7, shoot, Bongfu9, False
10.98825, Drunkard3, shoot, Juicehead5, False
11.10825, Drunkard3, get, coin_v_1
11.58825, Lush7, shoot, Foe4, False
12.38825, Foe4, shoot, Adjuster8, False
13.12825, Player, shoot, Juicehead5, False
13.48825, Adjuster8, shoot, Player, False
13.76825, Player, shoot, Juicehead5, False
13.98825, Betrayal2, shoot, Juicehead5, False
14.18825, Foe4, shoot, Adjuster8, False
14.54825, Lush7, shoot, Bongfu9, False
14.60825, Player, shoot, Betrayal2, False
14.72825, Adjuster8, shoot, Player, False
15.00825, Player, shoot, Betrayal2, False
15.68825, Adjuster8, shoot, Player, False
16.28825, Player, shoot, Adjuster8, False
16.80825, Adjuster8, shoot, Juicehead5, False
16.84825, Player, shoot, Juicehead5, False
16.86825, Drunkard3, shoot, Coward1, False
17.30825, Bongfu9, shoot, Drunkard3, False
17.32825, Juicehead5, shoot, Lush7, False
17.46825, Adjuster8, shoot, Foe4, False
17.48825, Adjuster8, shoot, Player, False
17.52825, Adjuster8, shoot, Adjuster8, True
17.52825, gen, horse
17.53004, Adjuster10, AI
17.62825, Adjuster8, shoot, Foe4, False
17.64825, Adjuster8, shoot, Player, False
17.78825, Adjuster8, shoot, Player, False
17.96825, Foe4, shoot, Player, True
Normal Close
