Game Time: 2022/3/8 14:36:51
Version: 1.0.0.2 with bullet collision times = 2
0, Player, player
0, Player, get, initialShield
0, Coward1, AI
0, Betrayal2, AI
0, Drunkard3, AI
0, Foe4, AI
0, Juicehead5, AI
0, Alcoholic6, AI
0, Lush7, AI
0, Adjuster8, AI
0, Bongfu9, AI
0.7703327, Drunkard3, get, coin_v_1
0.9903327, Bongfu9, get, coin_v_1
1.150333, Coward1, shoot, Adjuster8, False
1.190333, Drunkard3, get, coin_v_1
1.830333, Bongfu9, get, coin_v_1
2.170333, Juicehead5, get, coin_v_1
3.070333, Juicehead5, shoot, Adjuster8, False
3.210333, Juicehead5, get, coin_v_1
3.570333, Betrayal2, get, coin_v_1
3.610333, Adjuster8, shoot, Adjuster8, False
3.610333, Lush7, shoot, Player, False
3.750333, Bongfu9, get, coin_v_1
3.830333, Juicehead5, shoot, Foe4, False
3.830333, Foe4, shoot, Adjuster8, False
4.050333, Coward1, shoot, Player, False
4.370333, Player, get, coin_v_1
4.990333, Alcoholic6, get, coin_v_1
5.070333, Adjuster8, shoot, Coward1, False
5.410333, Lush7, shoot, Player, False
5.410333, Foe4, shoot, Betrayal2, False
5.410333, Betrayal2, shoot, Foe4, False
6.010333, Foe4, shoot, Adjuster8, False
6.310333, Adjuster8, shoot, Player, False
6.330333, Adjuster8, shoot, Bongfu9, False
6.890333, Coward1, get, coin_v_1
6.930333, Foe4, shoot, Adjuster8, False
7.210332, Player, shoot, Lush7, False
7.210332, Lush7, shoot, Player, False
7.270332, Coward1, shoot, Drunkard3, False
7.370333, Adjuster8, shoot, Lush7, False
7.810332, Lush7, shoot, Player, False
7.890333, Foe4, shoot, Adjuster8, False
8.650332, Juicehead5, shoot, Juicehead5, False
8.710333, Lush7, shoot, Player, False
9.010332, Lush7, shoot, Player, False
9.010332, Player, shoot, Lush7, False
9.130333, Coward1, get, coin_v_1
9.150332, Adjuster8, shoot, Lush7, False
9.530333, Player, shoot, Bongfu9, False
9.670333, Adjuster8, shoot, Player, False
9.830333, Lush7, get, coin_v_1
10.15033, Foe4, shoot, Drunkard3, False
10.51033, Bongfu9, shoot, Lush7, False
10.65033, Adjuster8, shoot, Player, True
Normal Close
