Game Time: 2022/3/8 14:42:25
Version: 1.0.0.2 with bullet collision times = 2
0, Player, player
0, Player, get, initialShield
0, Coward1, AI
0, Betrayal2, AI
0, Drunkard3, AI
0, Foe4, AI
0, Juicehead5, AI
0, Alcoholic6, AI
0, Lush7, AI
0, Adjuster8, AI
0, Bongfu9, AI
0.1160602, Lush7, shoot, Lush7, False
0.1160602, Alcoholic6, shoot, Alcoholic6, False
0.2160602, Foe4, get, coin_v_1
0.9960601, Juicehead5, get, coin_v_1
1.09606, Bongfu9, get, coin_v_1
1.43606, Lush7, get, coin_v_1
1.91606, Betrayal2, get, coin_v_1
1.95606, Coward1, get, coin_v_1
2.53606, Drunkard3, shoot, Alcoholic6, False
2.81606, Bongfu9, shoot, Adjuster8, False
3.25606, Juicehead5, get, coin_v_1
3.35606, Adjuster8, shoot, Lush7, False
3.39606, Betrayal2, get, coin_v_1
3.61606, Lush7, shoot, Player, False
3.61606, Lush7, shoot, Bongfu9, False
3.71606, Foe4, shoot, Adjuster8, False
3.83606, Adjuster8, shoot, Player, False
4.33606, Coward1, get, coin_v_1
4.37606, Player, shoot, Coward1, False
4.41606, Adjuster8, shoot, Coward1, False
5.11606, Coward1, shoot, Foe4, False
5.41606, Bongfu9, shoot, Player, False
5.55606, Bongfu9, shoot, Lush7, False
5.59606, Lush7, shoot, Player, False
5.67606, Player, shoot, Juicehead5, False
6.13606, Adjuster8, shoot, Player, False
6.31606, Adjuster8, shoot, Betrayal2, False
6.87606, Foe4, shoot, Drunkard3, False
7.29606, Player, shoot, Adjuster8, False
7.33606, Adjuster8, shoot, Juicehead5, False
7.45606, Foe4, shoot, Drunkard3, False
7.73606, Lush7, shoot, Foe4, False
7.79606, Juicehead5, shoot, Betrayal2, False
7.83606, Player, shoot, Lush7, False
8.41606, Bongfu9, shoot, Player, False
8.81606, Drunkard3, shoot, Betrayal2, False
8.95606, Foe4, shoot, Betrayal2, False
9.01606, Player, shoot, Bongfu9, False
9.01606, Player, shoot, Bongfu9, False
9.09606, Bongfu9, get, coin_v_1
9.416059, Betrayal2, shoot, Player, False
9.416059, Player, shoot, Juicehead5, False
9.83606, Adjuster8, shoot, Betrayal2, False
10.01606, Player, shoot, Juicehead5, False
10.09606, Betrayal2, get, coin_v_1
11.07606, Player, shoot, Juicehead5, False
11.29606, Adjuster8, shoot, Betrayal2, False
11.29606, Coward1, shoot, Drunkard3, False
11.33606, Player, shoot, Juicehead5, False
11.67606, Adjuster8, shoot, Betrayal2, False
11.69606, Juicehead5, get, coin_v_1
11.81606, Foe4, shoot, Coward1, False
11.99606, Player, shoot, Juicehead5, False
12.29606, Betrayal2, shoot, Drunkard3, False
12.41606, Foe4, shoot, Betrayal2, False
12.87606, Drunkard3, shoot, Foe4, False
12.99606, Player, shoot, Juicehead5, False
13.13606, Bongfu9, shoot, Juicehead5, False
13.15606, Player, shoot, Drunkard3, False
13.57606, Foe4, shoot, Betrayal2, False
13.83606, Player, shoot, Juicehead5, True
13.83606, gen, horse
13.84242, Juicehead10, AI
14.13606, Coward1, get, coin_v_1
14.37606, Betrayal2, shoot, Coward1, False
14.51606, Juicehead5, shoot, Bongfu9, False
14.63606, Foe4, shoot, Drunkard3, False
14.67606, Betrayal2, shoot, Alcoholic6, False
14.71606, Betrayal2, shoot, Adjuster8, False
15.05606, Bongfu9, get, horse
15.05606, Player, shoot, Lush7, False
15.17606, Betrayal2, shoot, Alcoholic6, False
15.41606, Drunkard3, shoot, Foe4, False
15.65606, Player, shoot, Bongfu9, False
15.71606, Betrayal2, shoot, Bongfu9, False
16.03606, Adjuster8, shoot, Foe4, False
16.15606, Betrayal2, shoot, Player, False
16.29606, Foe4, shoot, Adjuster8, False
16.29606, Player, shoot, Adjuster8, False
16.39606, Player, shoot, Bongfu9, False
16.89606, Foe4, shoot, Adjuster8, False
16.97606, Bongfu9, shoot, Juicehead10, False
17.51606, Player, shoot, Adjuster8, False
17.77606, Foe4, shoot, Adjuster8, False
17.79606, Adjuster8, shoot, Player, False
18.09606, Foe4, shoot, Adjuster8, False
18.31606, Player, shoot, Juicehead10, False
18.51606, Betrayal2, shoot, Juicehead10, False
18.67606, Foe4, shoot, Adjuster8, True
18.67606, gen, shield
18.67972, Adjuster11, AI
18.77606, Betrayal2, get, coin_v_1
18.79606, Player, shoot, Alcoholic6, False
19.07606, Foe4, get, shield
19.29606, Player, shoot, Lush7, False
19.87606, Player, shoot, Betrayal2, True
19.87606, gen, horse
19.88134, Betrayal12, AI
20.03606, Foe4, shoot, Drunkard3, False
20.05606, Player, shoot, Alcoholic6, False
20.13606, Betrayal12, get, coin_v_1
20.13606, Alcoholic6, shoot, Coward1, False
20.21606, Player, shoot, Alcoholic6, False
20.57606, Coward1, get, coin_v_1
20.57606, Foe4, shoot, Player, True
Normal Close
