Game Time: 2022/3/8 14:05:22
Version: 1.0.0.2 with bullet collision times = 2
0, Player, player
0, Player, get, initialShield
0, Coward1, AI
0, Betrayal2, AI
0, Drunkard3, AI
0, Foe4, AI
0, Juicehead5, AI
0, Alcoholic6, AI
0, Lush7, AI
0, Adjuster8, AI
0, Bongfu9, AI
0.5848336, Coward1, get, coin_v_1
0.6648337, Betrayal2, get, coin_v_1
1.004834, Bongfu9, get, coin_v_1
1.184834, Coward1, shoot, Adjuster8, False
1.904834, Bongfu9, get, coin_v_1
2.724833, Coward1, get, coin_v_1
3.604834, Lush7, shoot, Player, False
3.684834, Foe4, shoot, Adjuster8, False
3.844834, Adjuster8, shoot, Lush7, False
3.964833, Juicehead5, shoot, Coward1, False
4.004834, Player, shoot, Betrayal2, False
4.024834, Coward1, shoot, Juicehead5, False
4.044834, Betrayal2, shoot, Coward1, False
4.244833, Player, get, coin_v_1
4.424834, Alcoholic6, get, coin_v_1
4.804833, Lush7, shoot, Player, False
5.304833, Adjuster8, shoot, Lush7, False
5.404833, Lush7, shoot, Player, False
5.444834, Betrayal2, get, coin_v_1
5.684834, Player, shoot, Adjuster8, False
5.804833, Adjuster8, shoot, Bongfu9, False
5.904833, Foe4, shoot, Bongfu9, False
6.104834, Bongfu9, shoot, Lush7, False
6.304833, Drunkard3, shoot, Lush7, False
6.584834, Player, shoot, Juicehead5, False
6.904833, Lush7, get, coin_v_1
7.524834, Coward1, shoot, Betrayal2, False
7.724833, Drunkard3, shoot, Foe4, False
8.464833, Player, shoot, Juicehead5, False
8.704833, Betrayal2, shoot, Drunkard3, False
9.244833, Adjuster8, shoot, Juicehead5, False
9.284834, Betrayal2, get, coin_v_1
9.304833, Player, shoot, Juicehead5, False
9.344833, Drunkard3, shoot, Coward1, False
10.28483, Foe4, shoot, Adjuster8, False
10.58483, Adjuster8, shoot, Player, False
10.88483, Player, shoot, Adjuster8, False
11.40483, Bongfu9, shoot, Lush7, False
11.46483, Adjuster8, shoot, Player, False
11.86483, Coward1, shoot, Betrayal2, False
12.68483, Foe4, shoot, Adjuster8, False
12.70483, Lush7, shoot, Bongfu9, False
13.54483, Betrayal2, shoot, Adjuster8, False
13.70483, Drunkard3, shoot, Juicehead5, False
13.78483, Betrayal2, shoot, Foe4, False
14.46483, Foe4, shoot, Adjuster8, False
14.54483, Lush7, shoot, Bongfu9, False
14.62483, Player, shoot, Player, False
14.66483, Bongfu9, shoot, Bongfu9, False
14.66483, Player, shoot, Juicehead5, False
14.76483, Juicehead5, shoot, Juicehead5, False
15.08483, Adjuster8, shoot, Foe4, False
15.34483, Foe4, shoot, Drunkard3, False
15.70483, Drunkard3, shoot, Alcoholic6, False
15.96483, Foe4, shoot, Adjuster8, False
16.10483, Lush7, shoot, Lush7, False
16.16483, Drunkard3, shoot, Coward1, False
16.26483, Player, shoot, Adjuster8, True
16.26483, gen, shield
16.27329, Adjuster10, AI
16.42483, Player, shoot, Player, False
16.62483, Foe4, get, shield
16.66483, Player, shoot, Drunkard3, False
16.68483, Foe4, shoot, Player, False
16.92483, Coward1, shoot, Coward1, False
16.92483, Drunkard3, shoot, Alcoholic6, False
16.98483, Bongfu9, shoot, Juicehead5, False
17.38483, Lush7, shoot, Bongfu9, False
17.44483, Adjuster10, get, coin_v_1
17.56483, Drunkard3, shoot, Alcoholic6, False
17.68483, Bongfu9, shoot, Bongfu9, False
17.88483, Juicehead5, shoot, Adjuster10, False
17.90483, Foe4, shoot, Player, False
17.92483, Lush7, shoot, Lush7, False
18.22483, Lush7, shoot, Bongfu9, False
18.30483, Player, shoot, Player, True
Normal Close
