Game Time: 2022/3/8 14:24:26
Version: 1.0.0.2 with bullet collision times = 2
0, Player, player
0, Player, get, initialShield
0, Coward1, AI
0, Betrayal2, AI
0, Drunkard3, AI
0, Foe4, AI
0, Juicehead5, AI
0, Alcoholic6, AI
0, Lush7, AI
0, Adjuster8, AI
0, Bongfu9, AI
1.090255, Bongfu9, get, coin_v_1
1.130255, Drunkard3, get, coin_v_1
1.210256, Alcoholic6, get, coin_v_1
1.330256, Coward1, get, coin_v_1
1.590255, Foe4, get, coin_v_1
1.950256, Betrayal2, get, coin_v_1
2.690255, Bongfu9, shoot, Adjuster8, False
3.610255, Lush7, shoot, Player, False
3.670255, Foe4, shoot, Adjuster8, False
3.830256, Bongfu9, get, coin_v_1
3.890255, Adjuster8, shoot, Coward1, False
3.890255, Adjuster8, shoot, Lush7, False
4.130255, Player, get, coin_v_1
4.210256, Betrayal2, get, coin_v_1
4.650255, Alcoholic6, get, coin_v_1
4.810256, Coward1, shoot, Player, False
4.810256, Lush7, shoot, Player, False
5.230256, Adjuster8, shoot, Player, False
5.410255, Bongfu9, shoot, Coward1, False
5.410255, Coward1, shoot, Bongfu9, False
5.710255, Player, shoot, Juicehead5, False
5.990255, Player, shoot, Player, False
7.290256, Lush7, shoot, Bongfu9, False
7.390255, Adjuster8, shoot, Juicehead5, False
7.550255, Betrayal2, shoot, Player, False
7.590255, Foe4, shoot, Drunkard3, False
7.890255, Bongfu9, shoot, Lush7, False
7.890255, Adjuster8, shoot, Foe4, False
7.910255, Coward1, shoot, Foe4, False
7.970255, Player, shoot, Drunkard3, False
8.430255, Player, shoot, Player, False
8.610255, Juicehead5, shoot, Foe4, False
8.790256, Player, shoot, Adjuster8, False
8.790256, Foe4, shoot, Adjuster8, False
9.010255, Drunkard3, shoot, Betrayal2, False
9.010255, Betrayal2, shoot, Drunkard3, False
9.330256, Player, shoot, Player, False
9.630256, Player, shoot, Lush7, False
9.730255, Bongfu9, shoot, Lush7, False
9.890255, Coward1, shoot, Foe4, False
10.27026, Player, shoot, Player, False
10.29026, Player, shoot, Adjuster8, False
10.57026, Drunkard3, shoot, Betrayal2, False
10.85026, Player, shoot, Bongfu9, False
10.89025, Foe4, shoot, Adjuster8, False
10.91026, Lush7, shoot, Lush7, False
10.95026, Player, shoot, Adjuster8, False
11.27026, Player, shoot, Bongfu9, False
11.39025, Adjuster8, shoot, Alcoholic6, False
11.45026, Player, shoot, Bongfu9, False
11.49026, Foe4, shoot, Adjuster8, False
11.69026, Betrayal2, get, coin_v_1
12.09025, Adjuster8, shoot, Foe4, False
12.39025, Player, shoot, Adjuster8, False
12.39025, Player, shoot, Adjuster8, True
12.39025, gen, shield
12.39429, Adjuster10, AI
12.41026, Coward1, shoot, Betrayal2, False
12.49026, Adjuster8, shoot, Foe4, False
12.77026, Lush7, shoot, Lush7, False
12.79026, Player, shoot, Alcoholic6, False
12.83026, Adjuster8, shoot, Drunkard3, False
13.05025, Foe4, get, shield
13.19026, Foe4, shoot, Juicehead5, False
13.27026, Coward1, get, coin_v_1
13.29026, Foe4, shoot, Player, True
Normal Close
