Game Time: 2022/3/8 14:35:21
Version: 1.0.0.2 with bullet collision times = 2
0, Player, player
0, Player, get, initialShield
0, Coward1, AI
0, Betrayal2, AI
0, Drunkard3, AI
0, Foe4, AI
0, Juicehead5, AI
0, Alcoholic6, AI
0, Lush7, AI
0, Adjuster8, AI
0, Bongfu9, AI
0.3893933, Drunkard3, shoot, Drunkard3, False
0.5293933, Drunkard3, get, coin_v_1
1.029393, Bongfu9, get, coin_v_1
1.729393, Betrayal2, get, coin_v_1
1.889393, Coward1, get, coin_v_1
1.909393, Bongfu9, get, coin_v_1
1.909393, Betrayal2, shoot, Betrayal2, False
2.389393, Juicehead5, get, coin_v_1
2.569393, Drunkard3, shoot, Alcoholic6, False
2.809393, Bongfu9, shoot, Adjuster8, False
3.149393, Drunkard3, shoot, Juicehead5, False
3.169393, Juicehead5, get, coin_v_1
3.269393, Betrayal2, get, coin_v_1
3.509393, Adjuster8, shoot, Player, False
3.609393, Bongfu9, shoot, Lush7, False
3.609393, Lush7, shoot, Player, False
3.709393, Foe4, shoot, Adjuster8, False
3.929393, Adjuster8, shoot, Bongfu9, False
4.089393, Betrayal2, shoot, Adjuster8, False
4.189393, Alcoholic6, get, coin_v_1
4.469393, Coward1, get, coin_v_1
4.689393, Coward1, get, coin_v_1
4.809393, Bongfu9, shoot, Lush7, False
4.809393, Lush7, shoot, Player, False
4.829393, Betrayal2, shoot, Coward1, False
5.109393, Lush7, shoot, Player, False
5.209393, Player, get, coin_v_1
5.249393, Adjuster8, shoot, Bongfu9, False
5.409393, Player, shoot, Lush7, False
5.409393, Lush7, shoot, Player, False
5.409393, Bongfu9, shoot, Lush7, False
5.489393, Alcoholic6, get, coin_v_1
5.629393, Adjuster8, shoot, Bongfu9, False
5.689393, Alcoholic6, shoot, Alcoholic6, False
5.849393, Juicehead5, get, coin_v_1
5.849393, Drunkard3, shoot, Lush7, False
6.009393, Player, shoot, Lush7, False
6.009393, Lush7, shoot, Player, False
6.209393, Drunkard3, shoot, Adjuster8, False
6.389393, Alcoholic6, shoot, Player, False
6.429393, Adjuster8, shoot, Bongfu9, False
6.849393, Coward1, shoot, Betrayal2, False
6.869393, Coward1, get, coin_v_1
6.989393, Lush7, shoot, Bongfu9, False
7.009393, Adjuster8, shoot, Foe4, False
7.209393, Bongfu9, shoot, Lush7, False
7.209393, Bongfu9, shoot, Lush7, False
7.209393, Bongfu9, shoot, Lush7, False
7.209393, Lush7, shoot, Bongfu9, False
7.289393, Coward1, shoot, Drunkard3, False
7.309393, Player, shoot, Adjuster8, False
7.609393, Player, shoot, Bongfu9, False
7.629393, Adjuster8, shoot, Drunkard3, False
7.729393, Betrayal2, shoot, Alcoholic6, False
7.929393, Bongfu9, shoot, Lush7, True
7.929393, gen, shield
7.93801, Lush10, AI
8.249393, Bongfu9, get, shield
8.489393, Foe4, shoot, Adjuster8, False
8.529393, Betrayal2, shoot, Adjuster8, False
9.089393, Juicehead5, shoot, Juicehead5, False
9.449393, Adjuster8, shoot, Foe4, False
9.689393, Player, shoot, Adjuster8, False
10.28939, Adjuster8, shoot, Player, False
10.86939, Foe4, shoot, Adjuster8, False
10.92939, Lush10, shoot, Juicehead5, False
10.96939, Alcoholic6, shoot, Alcoholic6, False
11.14939, Player, shoot, Juicehead5, False
11.42939, Adjuster8, shoot, Alcoholic6, False
11.46939, Foe4, shoot, Adjuster8, True
11.46939, gen, shield
11.47821, Adjuster11, AI
11.80939, Foe4, get, shield
12.02939, Player, shoot, Juicehead5, False
12.20939, Coward1, shoot, Adjuster11, False
12.90939, Alcoholic6, shoot, Alcoholic6, False
13.12939, Bongfu9, shoot, Alcoholic6, False
13.50939, Alcoholic6, shoot, Alcoholic6, False
13.70939, Lush10, get, coin_v_1
13.84939, Player, shoot, Juicehead5, False
14.20939, Drunkard3, shoot, Drunkard3, False
14.30939, Foe4, shoot, Player, False
14.54939, Bongfu9, shoot, Lush10, False
15.00939, Player, shoot, Drunkard3, False
15.00939, Player, shoot, Alcoholic6, False
15.12939, Foe4, shoot, Adjuster11, False
15.38939, Foe4, shoot, Coward1, False
15.98939, Foe4, shoot, Adjuster11, False
15.98939, Player, shoot, Adjuster11, False
16.30939, Bongfu9, shoot, Lush10, False
16.44939, Juicehead5, shoot, Adjuster11, False
16.50939, Player, shoot, Juicehead5, False
16.72939, Drunkard3, shoot, Foe4, False
16.86939, Foe4, shoot, Adjuster11, False
16.90939, Adjuster11, shoot, Player, True
Normal Close
