Game Time: 2022/3/8 13:46:03
Version: 1.0.0.2 with bullet collision times = 2
0, Player, player
0, Player, get, initialShield
0, Coward1, AI
0, Betrayal2, AI
0, Drunkard3, AI
0, Foe4, AI
0, Juicehead5, AI
0, Alcoholic6, AI
0, Lush7, AI
0, Adjuster8, AI
0, Bongfu9, AI
0.5893515, Lush7, get, coin_v_1
1.149351, Bongfu9, get, coin_v_1
1.189352, Coward1, shoot, Adjuster8, False
1.469352, Bongfu9, shoot, Coward1, False
1.969352, Bongfu9, get, coin_v_1
2.089351, Player, get, coin_v_1
2.809351, Bongfu9, shoot, Adjuster8, False
3.049351, Alcoholic6, get, coin_v_1
3.609351, Bongfu9, shoot, Player, False
3.609351, Player, shoot, Bongfu9, False
3.609351, Lush7, shoot, Bongfu9, False
3.629351, Bongfu9, get, coin_v_1
3.869351, Betrayal2, shoot, Adjuster8, False
4.209352, Betrayal2, get, coin_v_1
4.249352, Bongfu9, shoot, Lush7, False
4.809351, Lush7, shoot, Bongfu9, False
4.809351, Player, shoot, Lush7, False
5.229352, Lush7, shoot, Lush7, False
5.249352, Adjuster8, shoot, Bongfu9, False
5.409351, Adjuster8, shoot, Player, False
5.409351, Player, shoot, Adjuster8, False
5.449351, Bongfu9, shoot, Player, False
5.649352, Betrayal2, shoot, Player, False
5.949351, Bongfu9, shoot, Juicehead5, False
6.009351, Bongfu9, shoot, Lush7, False
6.589351, Adjuster8, shoot, Alcoholic6, False
6.609352, Player, shoot, Juicehead5, False
6.909351, Bongfu9, shoot, Lush7, False
7.209352, Bongfu9, shoot, Lush7, False
7.209352, Bongfu9, shoot, Lush7, False
7.249352, Lush7, shoot, Bongfu9, False
7.269351, Foe4, shoot, Adjuster8, False
7.309351, Betrayal2, shoot, Coward1, False
7.509351, Player, shoot, Juicehead5, False
9.029351, Betrayal2, shoot, Player, False
9.189351, Foe4, shoot, Coward1, False
10.08935, Drunkard3, shoot, Player, False
10.84935, Coward1, shoot, Betrayal2, False
10.98935, Lush7, shoot, Lush7, False
11.08935, Coward1, shoot, Betrayal2, False
12.10935, Coward1, shoot, Drunkard3, False
12.68935, Player, shoot, Adjuster8, False
12.68935, Adjuster8, shoot, Foe4, False
12.76935, Betrayal2, get, coin_v_1
12.86935, Player, shoot, Player, False
12.96935, Bongfu9, shoot, Lush7, False
13.18935, Player, shoot, Drunkard3, False
13.18935, Betrayal2, shoot, Betrayal2, False
13.24935, Lush7, shoot, Lush7, True
13.24935, gen, horse
13.25811, Lush10, AI
13.32935, Lush10, get, coin_v_1
13.60935, Adjuster8, shoot, Betrayal2, False
13.86935, Bongfu9, get, horse
14.24935, Betrayal2, shoot, Player, False
14.40935, Betrayal2, shoot, Player, False
14.40935, Betrayal2, shoot, Player, True
Normal Close
