Game Time: 2022/3/8 13:56:09
Version: 1.0.0.2 with bullet collision times = 2
0, Player, player
0, Player, get, initialShield
0, Coward1, AI
0, Betrayal2, AI
0, Drunkard3, AI
0, Foe4, AI
0, Juicehead5, AI
0, Alcoholic6, AI
0, Lush7, AI
0, Adjuster8, AI
0, Bongfu9, AI
0.2312987, Betrayal2, shoot, Betrayal2, False
0.9712987, Bongfu9, get, coin_v_1
1.151299, Coward1, shoot, Adjuster8, False
1.571299, Foe4, get, coin_v_1
1.791299, Bongfu9, get, coin_v_1
2.111299, Lush7, get, coin_v_1
2.351299, Lush7, get, coin_v_1
2.551299, Adjuster8, shoot, Lush7, False
3.131299, Betrayal2, get, coin_v_1
3.431299, Adjuster8, shoot, Adjuster8, False
3.471299, Juicehead5, shoot, Player, False
3.571299, Betrayal2, shoot, Bongfu9, False
3.611299, Betrayal2, shoot, Coward1, False
3.631299, Foe4, shoot, Adjuster8, False
3.691299, Adjuster8, shoot, Player, False
3.731299, Lush7, get, coin_v_1
4.031299, Lush7, get, coin_v_1
4.091299, Coward1, get, coin_v_1
4.111299, Betrayal2, shoot, Bongfu9, False
4.271298, Bongfu9, shoot, Betrayal2, False
4.311298, Adjuster8, shoot, Foe4, False
4.331299, Coward1, get, coin_v_1
5.591299, Player, shoot, Coward1, False
5.851298, Juicehead5, shoot, Foe4, False
6.031299, Bongfu9, shoot, Adjuster8, False
6.091299, Foe4, shoot, Adjuster8, False
6.311298, Bongfu9, shoot, Juicehead5, False
6.531299, Player, shoot, Juicehead5, False
6.691298, Lush7, shoot, Coward1, False
6.991299, Foe4, shoot, Adjuster8, False
7.331298, Drunkard3, shoot, Drunkard3, False
7.351298, Bongfu9, get, coin_v_1
7.851298, Adjuster8, shoot, Betrayal2, False
7.891298, Lush7, shoot, Adjuster8, False
7.891298, Foe4, shoot, Adjuster8, False
8.471298, Adjuster8, shoot, Player, False
8.851298, Alcoholic6, shoot, Juicehead5, False
9.091298, Adjuster8, shoot, Player, False
9.091298, Foe4, shoot, Adjuster8, False
9.291299, Betrayal2, shoot, Juicehead5, False
9.591298, Lush7, shoot, Player, False
9.691298, Foe4, shoot, Adjuster8, True
9.691298, gen, shield
9.70085, Adjuster10, AI
10.0113, Foe4, get, shield
10.8113, Player, shoot, Coward1, False
10.8513, Player, shoot, Bongfu9, False
10.8713, Bongfu9, shoot, Drunkard3, False
11.1113, Drunkard3, shoot, Drunkard3, False
11.6313, Juicehead5, shoot, Lush7, False
11.7713, Alcoholic6, shoot, Lush7, False
11.8713, Player, shoot, Player, False
12.9913, Player, shoot, Adjuster10, False
13.2713, Player, shoot, Juicehead5, False
13.3513, Lush7, shoot, Adjuster10, False
13.7113, Player, shoot, Player, False
13.8913, Player, shoot, Juicehead5, False
14.0313, Betrayal2, shoot, Alcoholic6, False
14.6713, Juicehead5, shoot, Foe4, False
14.8913, Betrayal2, shoot, Bongfu9, False
14.9313, Player, shoot, Drunkard3, False
14.9713, Player, shoot, Juicehead5, False
15.5113, Player, shoot, Player, False
15.6513, Player, shoot, Juicehead5, False
15.6713, Coward1, shoot, Lush7, False
15.7913, Adjuster10, shoot, Drunkard3, False
16.2113, Foe4, shoot, Bongfu9, False
16.2113, Drunkard3, shoot, Bongfu9, False
16.2913, Player, shoot, Adjuster10, False
16.4113, Betrayal2, get, coin_v_1
16.5913, Player, shoot, Bongfu9, False
16.8913, Juicehead5, shoot, Coward1, False
16.8913, Foe4, shoot, Adjuster10, False
16.8913, Adjuster10, shoot, Player, False
16.9313, Bongfu9, shoot, Drunkard3, False
16.9513, Player, shoot, Player, True
Normal Close
