Game Time: 2022/3/8 13:50:53
Version: 1.0.0.2 with bullet collision times = 2
0, Player, player
0, Player, get, initialShield
0, Coward1, AI
0, Betrayal2, AI
0, Drunkard3, AI
0, Foe4, AI
0, Juicehead5, AI
0, Alcoholic6, AI
0, Lush7, AI
0, Adjuster8, AI
0, Bongfu9, AI
1.147377, Bongfu9, get, coin_v_1
1.167377, Coward1, shoot, Adjuster8, False
1.647377, Betrayal2, get, coin_v_1
1.827377, Coward1, get, coin_v_1
2.007377, Bongfu9, get, coin_v_1
2.367377, Adjuster8, shoot, Lush7, False
2.407377, Bongfu9, shoot, Lush7, False
3.087377, Juicehead5, get, coin_v_1
3.207377, Betrayal2, get, coin_v_1
3.567377, Adjuster8, shoot, Bongfu9, False
3.607377, Lush7, shoot, Player, False
3.707377, Foe4, shoot, Adjuster8, False
3.907377, Adjuster8, shoot, Lush7, False
4.147377, Betrayal2, shoot, Foe4, False
4.207377, Lush7, shoot, Player, False
4.367377, Adjuster8, shoot, Betrayal2, False
4.707377, Betrayal2, get, coin_v_1
4.767377, Alcoholic6, get, coin_v_1
5.107377, Lush7, shoot, Player, False
5.347377, Adjuster8, shoot, Lush7, False
5.407377, Lush7, shoot, Player, False
5.407377, Lush7, shoot, Player, False
5.407377, Lush7, shoot, Player, False
5.407377, Drunkard3, shoot, Coward1, False
5.407377, Coward1, shoot, Drunkard3, False
5.807377, Foe4, shoot, Bongfu9, False
6.007377, Lush7, shoot, Player, False
6.807377, Coward1, shoot, Drunkard3, False
6.907377, Lush7, shoot, Player, False
7.007377, Drunkard3, shoot, Coward1, False
7.107377, Betrayal2, get, coin_v_1
7.207377, Lush7, shoot, Player, False
7.207377, Lush7, shoot, Player, True
7.207377, Player, shoot, Lush7, False
7.207377, Player, shoot, Lush7, False
Normal Close
