Game Time: 2022/3/8 14:10:51
Version: 1.0.0.2 with bullet collision times = 2
0, Player, player
0, Player, get, initialShield
0, Coward1, AI
0, Betrayal2, AI
0, Drunkard3, AI
0, Foe4, AI
0, Juicehead5, AI
0, Alcoholic6, AI
0, Lush7, AI
0, Adjuster8, AI
0, Bongfu9, AI
1.114758, Bongfu9, get, coin_v_1
1.174757, Coward1, shoot, Adjuster8, False
1.394758, Foe4, get, coin_v_1
1.934757, Bongfu9, get, coin_v_1
2.114758, Foe4, shoot, Foe4, False
2.354758, Adjuster8, shoot, Lush7, False
3.374758, Juicehead5, get, coin_v_1
3.714757, Lush7, get, coin_v_1
3.834757, Bongfu9, shoot, Coward1, False
3.834757, Foe4, shoot, Adjuster8, False
3.854758, Adjuster8, shoot, Player, False
3.874758, Juicehead5, shoot, Foe4, False
3.974757, Betrayal2, shoot, Bongfu9, False
4.294757, Adjuster8, shoot, Player, False
5.194757, Lush7, shoot, Betrayal2, False
5.274757, Adjuster8, shoot, Player, False
5.414757, Betrayal2, shoot, Player, False
5.414757, Player, shoot, Betrayal2, False
5.634758, Bongfu9, get, coin_v_1
6.014758, Betrayal2, shoot, Player, False
6.134758, Adjuster8, shoot, Foe4, False
6.194757, Lush7, shoot, Adjuster8, False
6.874757, Coward1, shoot, Alcoholic6, False
6.914757, Betrayal2, shoot, Player, False
6.914757, Player, shoot, Betrayal2, False
7.094758, Bongfu9, shoot, Foe4, False
7.214757, Lush7, shoot, Coward1, False
7.214757, Betrayal2, shoot, Player, False
7.214757, Betrayal2, shoot, Player, False
7.214757, Betrayal2, shoot, Player, False
7.214757, Player, shoot, Betrayal2, False
7.214757, Player, shoot, Betrayal2, False
7.214757, Player, shoot, Betrayal2, False
7.274757, Bongfu9, shoot, Adjuster8, False
7.274757, Adjuster8, shoot, Betrayal2, False
7.774757, Adjuster8, shoot, Adjuster8, False
7.814757, Betrayal2, shoot, Player, True
Normal Close
