Game Time: 2022/3/8 14:26:38
Version: 1.0.0.2 with bullet collision times = 2
0, Player, player
0, Player, get, initialShield
0, Coward1, AI
0, Betrayal2, AI
0, Drunkard3, AI
0, Foe4, AI
0, Juicehead5, AI
0, Alcoholic6, AI
0, Lush7, AI
0, Adjuster8, AI
0, Bongfu9, AI
0.1908238, Foe4, get, coin_v_1
0.8308237, Juicehead5, get, coin_v_1
1.190824, Foe4, get, coin_v_1
1.770824, Betrayal2, get, coin_v_1
1.850824, Juicehead5, get, coin_v_1
1.910824, Betrayal2, shoot, Betrayal2, False
1.990824, Coward1, get, coin_v_1
2.750824, Alcoholic6, shoot, Lush7, False
2.890824, Bongfu9, shoot, Adjuster8, False
3.010824, Coward1, get, coin_v_1
3.270824, Juicehead5, get, coin_v_1
3.290824, Drunkard3, shoot, Juicehead5, False
3.610824, Lush7, shoot, Player, False
3.610824, Bongfu9, shoot, Lush7, False
3.730824, Foe4, shoot, Adjuster8, False
3.830824, Betrayal2, get, coin_v_1
4.130824, Betrayal2, shoot, Adjuster8, False
4.130824, Adjuster8, shoot, Bongfu9, False
4.210824, Lush7, shoot, Player, False
4.770823, Adjuster8, shoot, Bongfu9, False
4.790823, Coward1, get, coin_v_1
4.910824, Alcoholic6, get, coin_v_1
5.110824, Lush7, shoot, Player, False
5.110824, Player, shoot, Lush7, False
5.250823, Adjuster8, shoot, Foe4, False
5.410824, Lush7, shoot, Player, False
5.490824, Betrayal2, shoot, Foe4, False
5.490824, Adjuster8, shoot, Foe4, False
5.630824, Drunkard3, shoot, Foe4, False
6.010824, Lush7, shoot, Player, False
6.910824, Lush7, shoot, Player, False
6.990824, Foe4, shoot, Adjuster8, False
7.210824, Lush7, shoot, Player, False
7.210824, Lush7, shoot, Player, False
7.210824, Lush7, shoot, Player, False
7.210824, Player, shoot, Lush7, False
7.210824, Player, shoot, Lush7, False
7.230824, Adjuster8, shoot, Lush7, False
7.290823, Foe4, shoot, Adjuster8, False
7.350823, Betrayal2, shoot, Drunkard3, False
8.130823, Lush7, shoot, Bongfu9, False
8.390823, Bongfu9, shoot, Juicehead5, False
8.550823, Drunkard3, shoot, Coward1, False
8.610824, Foe4, shoot, Adjuster8, False
8.790824, Player, shoot, Adjuster8, False
8.850823, Player, shoot, Adjuster8, False
9.070824, Adjuster8, shoot, Foe4, False
9.090823, Lush7, shoot, Bongfu9, False
9.330824, Juicehead5, shoot, Player, True
Normal Close
