Game Time: 2022/3/8 14:19:18
Version: 1.0.0.2 with bullet collision times = 2
0, Player, player
0, Player, get, initialShield
0, Coward1, AI
0, Betrayal2, AI
0, Drunkard3, AI
0, Foe4, AI
0, Juicehead5, AI
0, Alcoholic6, AI
0, Lush7, AI
0, Adjuster8, AI
0, Bongfu9, AI
0.3984965, Drunkard3, get, coin_v_1
1.018496, Bongfu9, get, coin_v_1
1.638496, Foe4, get, coin_v_1
1.698496, Betrayal2, get, coin_v_1
2.758497, Bongfu9, shoot, Adjuster8, False
3.138496, Juicehead5, get, coin_v_1
3.358496, Adjuster8, shoot, Bongfu9, False
3.618496, Lush7, shoot, Player, False
3.618496, Bongfu9, shoot, Lush7, False
3.638496, Foe4, shoot, Adjuster8, False
3.758496, Lush7, get, coin_v_1
3.898496, Adjuster8, shoot, Bongfu9, False
4.058496, Lush7, get, coin_v_1
4.198496, Betrayal2, get, coin_v_1
4.218496, Bongfu9, shoot, Player, False
4.498497, Adjuster8, shoot, Coward1, False
4.758496, Alcoholic6, get, coin_v_1
4.818496, Coward1, shoot, Adjuster8, False
5.118496, Bongfu9, shoot, Player, False
5.418496, Bongfu9, shoot, Player, False
6.018497, Bongfu9, shoot, Player, False
6.158496, Drunkard3, shoot, Foe4, False
6.198496, Player, shoot, Adjuster8, False
6.738496, Lush7, shoot, Lush7, False
6.918496, Bongfu9, shoot, Player, False
6.938496, Foe4, get, coin_v_1
7.118496, Foe4, get, coin_v_1
7.178496, Adjuster8, shoot, Player, False
7.218496, Player, shoot, Bongfu9, False
7.218496, Bongfu9, shoot, Player, False
7.218496, Player, shoot, Bongfu9, False
7.518497, Player, shoot, Juicehead5, False
7.698496, Player, shoot, Lush7, False
7.818496, Bongfu9, shoot, Player, False
7.858496, Drunkard3, shoot, Foe4, False
8.198496, Alcoholic6, get, coin_v_1
8.718496, Bongfu9, shoot, Player, True
8.718496, Player, shoot, Bongfu9, False
8.718496, Player, shoot, Bongfu9, False
8.718496, Player, shoot, Bongfu9, False
Normal Close
