Game Time: 2022/3/8 14:23:19
Version: 1.0.0.2 with bullet collision times = 2
0, Player, player
0, Player, get, initialShield
0, Coward1, AI
0, Betrayal2, AI
0, Drunkard3, AI
0, Foe4, AI
0, Juicehead5, AI
0, Alcoholic6, AI
0, Lush7, AI
0, Adjuster8, AI
0, Bongfu9, AI
0.2333651, Alcoholic6, shoot, Alcoholic6, False
0.2333651, Betrayal2, shoot, Betrayal2, False
0.7933651, Drunkard3, get, coin_v_1
1.033365, Bongfu9, get, coin_v_1
1.153365, Alcoholic6, get, coin_v_1
1.653365, Betrayal2, get, coin_v_1
1.853365, Bongfu9, get, coin_v_1
2.773365, Coward1, get, coin_v_1
3.053365, Alcoholic6, shoot, Drunkard3, False
3.313365, Betrayal2, get, coin_v_1
3.533365, Betrayal2, get, coin_v_1
3.613365, Bongfu9, get, coin_v_1
3.613365, Lush7, shoot, Player, False
3.613365, Foe4, shoot, Adjuster8, False
3.853365, Adjuster8, shoot, Lush7, False
3.873365, Betrayal2, shoot, Adjuster8, False
4.073365, Drunkard3, shoot, Juicehead5, False
4.813365, Lush7, shoot, Player, False
5.273365, Adjuster8, shoot, Lush7, False
5.413365, Player, get, coin_v_1
5.413365, Lush7, shoot, Player, False
5.633365, Alcoholic6, get, coin_v_1
5.753365, Player, shoot, Adjuster8, False
6.013365, Lush7, shoot, Player, False
6.913365, Lush7, shoot, Player, False
6.933365, Juicehead5, get, coin_v_1
7.133365, Coward1, get, coin_v_1
7.213365, Lush7, shoot, Player, False
7.213365, Player, shoot, Lush7, False
7.213365, Player, shoot, Lush7, False
7.713365, Player, shoot, Bongfu9, False
7.813365, Lush7, shoot, Player, False
8.713365, Lush7, shoot, Player, False
8.713365, Player, shoot, Lush7, False
9.053365, Player, shoot, Lush7, False
9.093365, Foe4, shoot, Adjuster8, False
9.113365, Player, shoot, Lush7, False
9.113365, Player, shoot, Adjuster8, False
9.633365, Lush7, shoot, Bongfu9, False
9.633365, Player, shoot, Drunkard3, False
9.653365, Lush7, shoot, Bongfu9, False
10.33336, Player, shoot, Adjuster8, False
10.59336, Adjuster8, shoot, Player, False
11.15337, Juicehead5, get, coin_v_1
11.25336, Player, shoot, Bongfu9, False
11.37336, Lush7, shoot, Player, True
Normal Close
