Game Time: 2022/3/8 14:28:41
Version: 1.0.0.2 with bullet collision times = 2
0, Player, player
0, Player, get, initialShield
0, Coward1, AI
0, Betrayal2, AI
0, Drunkard3, AI
0, Foe4, AI
0, Juicehead5, AI
0, Alcoholic6, AI
0, Lush7, AI
0, Adjuster8, AI
0, Bongfu9, AI
0.7413442, Lush7, get, coin_v_1
1.101344, Bongfu9, get, coin_v_1
1.141344, Coward1, shoot, Adjuster8, False
1.941344, Bongfu9, get, coin_v_1
2.481344, Juicehead5, get, coin_v_1
3.001344, Adjuster8, shoot, Alcoholic6, False
3.261344, Juicehead5, get, coin_v_1
3.321344, Drunkard3, shoot, Juicehead5, False
3.701344, Adjuster8, shoot, Player, False
3.741344, Lush7, get, coin_v_1
3.941344, Betrayal2, get, coin_v_1
4.001344, Player, shoot, Coward1, False
4.161344, Betrayal2, shoot, Adjuster8, False
4.341344, Adjuster8, shoot, Foe4, False
4.881344, Foe4, shoot, Betrayal2, False
4.961344, Lush7, get, coin_v_1
5.541344, Adjuster8, shoot, Bongfu9, False
6.601344, Betrayal2, shoot, Player, False
6.601344, Player, shoot, Betrayal2, False
6.901344, Player, shoot, Betrayal2, False
6.901344, Betrayal2, shoot, Player, False
7.201344, Player, shoot, Betrayal2, False
7.201344, Betrayal2, shoot, Player, False
7.201344, Betrayal2, shoot, Player, False
7.201344, Betrayal2, shoot, Player, False
7.201344, Player, shoot, Betrayal2, False
7.221344, Coward1, get, coin_v_1
7.281344, Foe4, shoot, Adjuster8, False
7.361344, Bongfu9, shoot, Bongfu9, False
7.501344, Foe4, shoot, Alcoholic6, False
8.421344, Alcoholic6, shoot, Adjuster8, False
8.441344, Player, shoot, Juicehead5, False
8.501344, Foe4, shoot, Adjuster8, False
9.181344, Bongfu9, shoot, Player, False
9.401344, Foe4, shoot, Betrayal2, False
9.681344, Player, shoot, Adjuster8, False
9.681344, Betrayal2, shoot, Coward1, False
10.22134, Bongfu9, shoot, Lush7, False
10.28134, Foe4, shoot, Adjuster8, False
10.64134, Adjuster8, shoot, Drunkard3, False
10.88134, Player, shoot, Adjuster8, False
10.96134, Betrayal2, shoot, Foe4, False
10.96134, Adjuster8, shoot, Betrayal2, False
11.08134, Betrayal2, get, coin_v_1
11.18134, Betrayal2, shoot, Juicehead5, False
11.46134, Adjuster8, shoot, Player, False
11.48134, Foe4, shoot, Adjuster8, False
11.94134, Player, shoot, Juicehead5, False
12.10134, Player, shoot, Adjuster8, True
12.10134, gen, shield
12.10857, Adjuster10, AI
12.48134, Foe4, get, shield
12.88134, Bongfu9, shoot, Lush7, False
12.96134, Alcoholic6, shoot, Bongfu9, False
12.96134, Drunkard3, shoot, Juicehead5, False
13.06134, Betrayal2, shoot, Coward1, False
13.10134, Player, shoot, Drunkard3, False
13.42134, Alcoholic6, shoot, Bongfu9, False
13.44134, Bongfu9, get, coin_v_1
13.46134, Betrayal2, shoot, Coward1, False
13.46134, Adjuster10, shoot, Adjuster10, False
13.82134, Player, shoot, Juicehead5, False
14.10134, Betrayal2, shoot, Bongfu9, False
14.82134, Player, shoot, Player, False
15.04134, Player, shoot, Lush7, False
15.12134, Bongfu9, shoot, Lush7, False
15.26134, Juicehead5, shoot, Lush7, False
15.40134, Player, shoot, Adjuster10, False
15.86134, Bongfu9, shoot, Coward1, False
16.44134, Player, shoot, Alcoholic6, False
16.46134, Betrayal2, shoot, Player, True
Normal Close
