Game Time: 2022/3/8 14:28:13
Version: 1.0.0.2 with bullet collision times = 2
0, Player, player
0, Player, get, initialShield
0, Coward1, AI
0, Betrayal2, AI
0, Drunkard3, AI
0, Foe4, AI
0, Juicehead5, AI
0, Alcoholic6, AI
0, Lush7, AI
0, Adjuster8, AI
0, Bongfu9, AI
0.1083743, Foe4, shoot, Foe4, False
0.5083743, Lush7, get, coin_v_1
0.6883743, Alcoholic6, get, coin_v_1
0.9083743, Alcoholic6, get, coin_v_1
1.168374, Bongfu9, get, coin_v_1
1.188374, Coward1, shoot, Adjuster8, False
1.688374, Betrayal2, get, coin_v_1
2.408374, Bongfu9, shoot, Lush7, False
2.528374, Drunkard3, shoot, Alcoholic6, False
2.628374, Foe4, shoot, Lush7, False
2.748374, Juicehead5, get, coin_v_1
3.128374, Alcoholic6, shoot, Drunkard3, False
3.228374, Foe4, shoot, Adjuster8, False
3.308374, Juicehead5, get, coin_v_1
3.348374, Betrayal2, get, coin_v_1
3.428374, Bongfu9, get, coin_v_1
3.608374, Lush7, shoot, Player, False
3.728374, Bongfu9, get, coin_v_1
3.888374, Adjuster8, shoot, Lush7, False
3.888374, Adjuster8, shoot, Bongfu9, False
4.208374, Lush7, shoot, Player, False
4.528374, Alcoholic6, get, coin_v_1
4.908374, Foe4, shoot, Adjuster8, False
5.048374, Bongfu9, get, coin_v_1
5.108374, Lush7, shoot, Player, False
5.308374, Adjuster8, shoot, Lush7, False
5.408374, Lush7, shoot, Player, False
5.408374, Coward1, shoot, Drunkard3, False
5.408374, Lush7, shoot, Player, False
5.408374, Lush7, shoot, Player, False
5.408374, Drunkard3, shoot, Coward1, False
6.008374, Lush7, shoot, Player, False
6.548374, Drunkard3, shoot, Drunkard3, False
6.648374, Coward1, shoot, Drunkard3, False
7.228374, Bongfu9, shoot, Lush7, False
7.288374, Adjuster8, shoot, Foe4, False
7.348374, Coward1, shoot, Drunkard3, False
7.528374, Player, shoot, Juicehead5, False
7.668374, Player, shoot, Bongfu9, False
7.868374, Bongfu9, shoot, Lush7, False
7.988374, Player, shoot, Player, False
8.108375, Player, shoot, Juicehead5, False
8.368374, Drunkard3, shoot, Coward1, False
8.428374, Lush7, shoot, Foe4, False
8.768374, Foe4, shoot, Adjuster8, False
9.068374, Player, shoot, Adjuster8, False
9.088374, Foe4, shoot, Adjuster8, False
9.128374, Drunkard3, shoot, Betrayal2, False
9.468374, Player, shoot, Bongfu9, False
9.468374, Lush7, shoot, Player, False
9.528374, Alcoholic6, shoot, Adjuster8, False
9.668374, Player, shoot, Coward1, False
9.788374, Drunkard3, shoot, Drunkard3, False
9.828374, Drunkard3, shoot, Betrayal2, False
10.28837, Player, shoot, Adjuster8, False
10.58837, Foe4, shoot, Adjuster8, False
10.64837, Player, shoot, Bongfu9, False
10.80837, Player, shoot, Juicehead5, False
10.86837, Lush7, shoot, Bongfu9, False
11.02837, Juicehead5, shoot, Juicehead5, False
11.04837, Player, shoot, Juicehead5, False
11.24837, Player, shoot, Bongfu9, False
11.42837, Player, shoot, Juicehead5, False
11.48837, Foe4, shoot, Adjuster8, True
11.48837, gen, horse
11.48837, Player, shoot, Bongfu9, False
11.49173, Adjuster10, AI
11.68837, Player, shoot, Juicehead5, False
11.86837, Foe4, get, horse
12.50837, Coward1, shoot, Adjuster10, False
12.50837, Drunkard3, shoot, Coward1, False
12.52837, Bongfu9, shoot, Lush7, False
12.62837, Adjuster10, get, coin_v_1
12.70837, Bongfu9, shoot, Lush7, False
12.82837, Juicehead5, shoot, Juicehead5, False
13.08837, Player, shoot, Player, True
Normal Close
