Game Time: 2022/3/8 13:38:21
Version: 1.0.0.2 with bullet collision times = 2
0, Player, player
0, Player, get, initialShield
0, Coward1, AI
0, Betrayal2, AI
0, Drunkard3, AI
0, Foe4, AI
0, Juicehead5, AI
0, Alcoholic6, AI
0, Lush7, AI
0, Adjuster8, AI
0, Bongfu9, AI
0.5789394, Foe4, get, coin_v_1
0.6389393, Alcoholic6, get, coin_v_1
0.9589393, Bongfu9, get, coin_v_1
1.778939, Bongfu9, get, coin_v_1
2.898939, Adjuster8, shoot, Juicehead5, False
3.038939, Betrayal2, get, coin_v_1
3.358939, Juicehead5, get, coin_v_1
3.618939, Lush7, shoot, Player, False
3.618939, Betrayal2, shoot, Coward1, False
3.618939, Foe4, shoot, Adjuster8, False
3.878939, Betrayal2, get, coin_v_1
3.898939, Adjuster8, shoot, Lush7, False
4.098939, Betrayal2, get, coin_v_1
4.318939, Player, get, coin_v_1
4.758939, Alcoholic6, get, coin_v_1
4.818939, Lush7, shoot, Player, False
4.978939, Bongfu9, get, coin_v_1
5.418939, Lush7, shoot, Player, False
5.538939, Foe4, shoot, Adjuster8, False
5.758939, Player, shoot, Adjuster8, False
5.878939, Betrayal2, get, coin_v_1
6.438939, Juicehead5, shoot, Drunkard3, False
6.498939, Alcoholic6, shoot, Betrayal2, False
6.618939, Lush7, shoot, Player, False
6.738939, Drunkard3, shoot, Coward1, False
7.098939, Adjuster8, shoot, Lush7, False
7.218939, Player, shoot, Lush7, False
7.218939, Lush7, shoot, Player, False
7.418939, Coward1, shoot, Drunkard3, False
7.818939, Lush7, shoot, Player, False
7.978939, Adjuster8, shoot, Lush7, False
8.078939, Adjuster8, shoot, Bongfu9, False
8.158939, Player, shoot, Adjuster8, False
8.178939, Foe4, get, coin_v_1
8.178939, Lush7, get, coin_v_1
8.198939, Drunkard3, shoot, Lush7, False
8.238939, Alcoholic6, get, coin_v_1
8.718939, Lush7, shoot, Player, False
8.91894, Coward1, shoot, Drunkard3, False
9.018939, Lush7, shoot, Player, False
9.018939, Lush7, shoot, Player, False
9.018939, Lush7, shoot, Player, True
9.018939, Player, shoot, Lush7, False
Normal Close
