Game Time: 2022/3/8 14:30:17
Version: 1.0.0.2 with bullet collision times = 2
0, Player, player
0, Player, get, initialShield
0, Coward1, AI
0, Betrayal2, AI
0, Drunkard3, AI
0, Foe4, AI
0, Juicehead5, AI
0, Alcoholic6, AI
0, Lush7, AI
0, Adjuster8, AI
0, Bongfu9, AI
1.070528, Bongfu9, get, coin_v_1
1.430528, Bongfu9, shoot, Coward1, False
1.690528, Betrayal2, get, coin_v_1
1.930528, Coward1, get, coin_v_1
2.430528, Bongfu9, shoot, Lush7, False
3.190528, Juicehead5, get, coin_v_1
3.450528, Drunkard3, shoot, Juicehead5, False
3.470528, Juicehead5, get, coin_v_1
3.610528, Lush7, shoot, Player, False
3.650528, Foe4, shoot, Adjuster8, False
3.870528, Adjuster8, shoot, Lush7, False
3.950528, Betrayal2, shoot, Adjuster8, False
4.150528, Betrayal2, get, coin_v_1
4.210528, Player, get, coin_v_1
4.210528, Lush7, shoot, Player, False
4.390528, Bongfu9, shoot, Player, False
4.710528, Alcoholic6, get, coin_v_1
4.850528, Coward1, get, coin_v_1
5.110528, Lush7, shoot, Player, False
5.130528, Player, shoot, Bongfu9, False
5.370528, Adjuster8, shoot, Bongfu9, False
5.410528, Lush7, shoot, Player, False
5.410528, Player, shoot, Lush7, False
5.510528, Player, shoot, Bongfu9, False
5.830528, Adjuster8, shoot, Bongfu9, False
6.010528, Lush7, shoot, Player, False
6.030528, Drunkard3, shoot, Adjuster8, False
6.130528, Bongfu9, get, coin_v_1
6.210528, Adjuster8, shoot, Player, False
6.270528, Coward1, shoot, Alcoholic6, False
6.830528, Player, shoot, Adjuster8, False
7.030528, Lush7, shoot, Bongfu9, False
7.290528, Player, shoot, Adjuster8, False
7.670528, Player, shoot, Bongfu9, False
7.830528, Bongfu9, shoot, Lush7, False
8.430528, Adjuster8, shoot, Lush7, False
9.690528, Player, shoot, Adjuster8, False
10.03053, Betrayal2, get, coin_v_1
10.21053, Adjuster8, shoot, Drunkard3, False
10.55053, Lush7, shoot, Bongfu9, False
10.83053, Lush7, shoot, Bongfu9, False
10.83053, Lush7, shoot, Bongfu9, False
11.23053, Juicehead5, shoot, Foe4, False
11.29053, Player, shoot, Bongfu9, True
11.29053, gen, horse
11.29053, Player, shoot, Lush7, False
11.30088, Bongfu10, AI
11.35053, Bongfu9, shoot, Lush7, False
11.55053, Lush7, get, horse
12.05053, Player, shoot, Juicehead5, False
12.09053, Foe4, shoot, Adjuster8, False
12.81053, Juicehead5, shoot, Juicehead5, False
12.91053, Player, shoot, Juicehead5, False
13.89053, Foe4, shoot, Adjuster8, False
14.49053, Player, shoot, Adjuster8, False
14.95053, Juicehead5, get, coin_v_1
14.97053, Player, shoot, Drunkard3, False
15.15053, Adjuster8, shoot, Coward1, False
15.67053, Foe4, shoot, Adjuster8, True
15.67053, gen, horse
15.67053, Coward1, shoot, Betrayal2, False
15.6722, Adjuster11, AI
15.79053, Player, shoot, Juicehead5, False
15.99053, Foe4, get, horse
16.07053, Juicehead5, shoot, Juicehead5, False
16.15053, Drunkard3, shoot, Betrayal2, False
16.21053, Player, shoot, Foe4, False
16.21053, Player, shoot, Foe4, False
16.23053, Coward1, shoot, Betrayal2, False
16.59053, Player, shoot, Juicehead5, False
16.75053, Player, shoot, Drunkard3, False
16.81053, Adjuster11, get, coin_v_1
17.85053, Adjuster11, get, coin_v_1
18.21053, Drunkard3, shoot, Coward1, False
18.31053, Drunkard3, shoot, Foe4, False
19.41053, Foe4, shoot, Alcoholic6, False
19.87053, Lush7, shoot, Bongfu10, False
20.05053, Juicehead5, shoot, Coward1, False
20.43053, Player, shoot, Adjuster11, False
20.47053, Player, shoot, Juicehead5, False
20.69053, Lush7, shoot, Alcoholic6, False
21.01053, Adjuster11, shoot, Foe4, False
21.19053, Betrayal2, shoot, Juicehead5, False
21.67053, Player, shoot, Adjuster11, False
22.07053, Player, shoot, Bongfu10, False
22.27053, Adjuster11, shoot, Player, False
22.31053, Foe4, shoot, Adjuster11, False
22.51053, Alcoholic6, shoot, Coward1, False
22.55053, Betrayal2, shoot, Coward1, False
23.19053, Adjuster11, shoot, Player, False
23.43053, Foe4, shoot, Drunkard3, False
23.51053, Foe4, shoot, Adjuster11, False
23.99053, Player, shoot, Juicehead5, False
24.07053, Foe4, shoot, Adjuster11, False
24.41053, Coward1, shoot, Betrayal2, False
24.97053, Foe4, shoot, Adjuster11, False
25.27053, Foe4, shoot, Adjuster11, False
25.49053, Coward1, shoot, Coward1, False
26.61053, Juicehead5, shoot, Adjuster11, False
26.79053, Foe4, shoot, Adjuster11, False
26.79053, Player, shoot, Adjuster11, True
26.79053, gen, shield
26.7972, Adjuster12, AI
26.89053, Adjuster11, shoot, Foe4, False
26.89053, Adjuster11, shoot, Player, False
27.25053, Alcoholic6, shoot, Player, False
27.27053, Foe4, get, shield
27.37053, Adjuster11, shoot, Bongfu10, False
27.89053, Coward1, shoot, Adjuster12, False
27.99053, Lush7, shoot, Alcoholic6, False
28.59053, Alcoholic6, get, coin_v_1
28.75053, Juicehead5, shoot, Juicehead5, True
28.75053, gen, shield
28.75082, Juicehead13, AI
28.81053, Player, shoot, Lush7, False
28.97053, Bongfu10, shoot, Lush7, False
29.19053, Foe4, shoot, Bongfu10, False
29.37053, Player, shoot, Adjuster12, False
29.39053, Player, shoot, Lush7, False
29.41053, Drunkard3, shoot, Player, True
Normal Close
