Game Time: 2022/3/8 14:11:41
Version: 1.0.0.2 with bullet collision times = 2
0, Player, player
0, Player, get, initialShield
0, Coward1, AI
0, Betrayal2, AI
0, Drunkard3, AI
0, Foe4, AI
0, Juicehead5, AI
0, Alcoholic6, AI
0, Lush7, AI
0, Adjuster8, AI
0, Bongfu9, AI
0.8230801, Drunkard3, get, coin_v_1
1.00308, Bongfu9, get, coin_v_1
1.48308, Lush7, get, coin_v_1
1.88308, Bongfu9, get, coin_v_1
2.66308, Bongfu9, shoot, Adjuster8, False
2.80308, Adjuster8, shoot, Juicehead5, False
2.90308, Betrayal2, get, coin_v_1
3.14308, Juicehead5, get, coin_v_1
3.52308, Betrayal2, get, coin_v_1
3.60308, Bongfu9, shoot, Lush7, False
3.74308, Betrayal2, shoot, Player, False
3.76308, Adjuster8, shoot, Coward1, False
3.98308, Drunkard3, shoot, Coward1, False
4.90308, Adjuster8, shoot, Player, False
5.12308, Player, shoot, Adjuster8, False
5.34308, Betrayal2, get, coin_v_1
5.58308, Adjuster8, shoot, Foe4, False
5.66308, Foe4, shoot, Foe4, False
6.00308, Foe4, shoot, Adjuster8, False
6.02308, Betrayal2, get, coin_v_1
6.48308, Coward1, get, coin_v_1
6.54308, Player, shoot, Juicehead5, False
6.64308, Juicehead5, shoot, Alcoholic6, False
7.12308, Lush7, shoot, Player, False
7.22308, Lush7, get, coin_v_1
7.40308, Drunkard3, shoot, Drunkard3, False
7.54308, Foe4, shoot, Foe4, False
7.62308, Juicehead5, shoot, Foe4, False
8.30308, Player, shoot, Bongfu9, False
9.08308, Foe4, shoot, Adjuster8, False
10.98308, Player, shoot, Juicehead5, False
11.48308, Foe4, shoot, Adjuster8, False
11.56308, Adjuster8, shoot, Player, False
12.24308, Alcoholic6, shoot, Betrayal2, False
12.50308, Drunkard3, shoot, Coward1, False
12.66308, Betrayal2, get, coin_v_1
12.68308, Player, shoot, Adjuster8, False
12.82308, Player, shoot, Juicehead5, False
13.22308, Player, shoot, Juicehead5, False
13.28308, Foe4, shoot, Adjuster8, False
13.30308, Adjuster8, shoot, Player, False
13.50308, Foe4, shoot, Betrayal2, False
13.84308, Player, shoot, Juicehead5, False
14.12308, Betrayal2, shoot, Coward1, False
14.12308, Coward1, shoot, Betrayal2, False
14.18308, Foe4, shoot, Adjuster8, False
14.42308, Drunkard3, shoot, Betrayal2, False
14.50308, Player, shoot, Player, False
14.78308, Drunkard3, shoot, Drunkard3, False
14.90308, Betrayal2, get, coin_v_1
15.08308, Foe4, shoot, Adjuster8, False
15.08308, Adjuster8, shoot, Player, False
15.48308, Player, shoot, Bongfu9, False
15.62308, Coward1, shoot, Alcoholic6, False
15.74308, Juicehead5, shoot, Alcoholic6, False
16.26308, Foe4, shoot, Adjuster8, True
16.26308, gen, shield
16.26712, Adjuster10, AI
16.28308, Bongfu9, shoot, Adjuster10, False
16.34308, Player, shoot, Player, False
16.48308, Juicehead5, shoot, Betrayal2, False
16.48308, Adjuster8, shoot, Juicehead5, False
16.66308, Foe4, get, shield
16.70308, Lush7, shoot, Player, False
16.78308, Player, shoot, Juicehead5, False
17.06308, Alcoholic6, shoot, Coward1, False
17.40308, Foe4, shoot, Lush7, False
17.54308, Player, shoot, Player, True
Normal Close
