Game Time: 2022/3/8 14:19:39
Version: 1.0.0.2 with bullet collision times = 2
0, Player, player
0, Player, get, initialShield
0, Coward1, AI
0, Betrayal2, AI
0, Drunkard3, AI
0, Foe4, AI
0, Juicehead5, AI
0, Alcoholic6, AI
0, Lush7, AI
0, Adjuster8, AI
0, Bongfu9, AI
0.9552378, Bongfu9, get, coin_v_1
1.375238, Foe4, get, coin_v_1
1.395238, Foe4, get, coin_v_1
1.835238, Bongfu9, get, coin_v_1
2.015238, Coward1, shoot, Alcoholic6, False
3.175238, Juicehead5, get, coin_v_1
3.255238, Betrayal2, shoot, Bongfu9, False
3.275238, Drunkard3, shoot, Juicehead5, False
3.295238, Bongfu9, get, coin_v_1
3.615238, Lush7, shoot, Player, False
3.635238, Bongfu9, get, coin_v_1
3.675238, Foe4, shoot, Adjuster8, False
3.915238, Adjuster8, shoot, Lush7, False
4.175238, Betrayal2, get, coin_v_1
4.755238, Alcoholic6, get, coin_v_1
4.815238, Lush7, shoot, Player, False
5.415238, Lush7, shoot, Player, False
5.495238, Adjuster8, shoot, Bongfu9, False
5.655238, Bongfu9, get, coin_v_1
5.695238, Player, shoot, Adjuster8, False
6.595238, Player, shoot, Juicehead5, False
6.615238, Lush7, shoot, Player, False
7.095238, Adjuster8, shoot, Lush7, False
7.215238, Player, shoot, Lush7, False
7.215238, Lush7, shoot, Player, False
7.335238, Foe4, shoot, Adjuster8, False
7.695238, Adjuster8, shoot, Bongfu9, False
7.815238, Lush7, shoot, Player, False
8.015238, Adjuster8, shoot, Lush7, False
8.055238, Player, get, coin_v_1
8.715238, Lush7, shoot, Player, False
8.935238, Alcoholic6, get, coin_v_1
9.015238, Lush7, shoot, Player, False
9.015238, Lush7, shoot, Player, False
9.015238, Lush7, shoot, Player, True
9.015238, Player, shoot, Lush7, False
Normal Close
