Game Time: 2022/3/8 14:34:33
Version: 1.0.0.2 with bullet collision times = 2
0, Player, player
0, Player, get, initialShield
0, Coward1, AI
0, Betrayal2, AI
0, Drunkard3, AI
0, Foe4, AI
0, Juicehead5, AI
0, Alcoholic6, AI
0, Lush7, AI
0, Adjuster8, AI
0, Bongfu9, AI
0.2212932, Drunkard3, shoot, Drunkard3, False
0.2812932, Foe4, get, coin_v_1
1.141293, Coward1, shoot, Adjuster8, False
1.341293, Juicehead5, get, coin_v_1
1.741293, Betrayal2, get, coin_v_1
1.741293, Foe4, get, coin_v_1
2.401293, Bongfu9, shoot, Lush7, False
3.121293, Drunkard3, shoot, Alcoholic6, False
3.221293, Coward1, get, coin_v_1
3.481293, Bongfu9, get, coin_v_1
3.581293, Juicehead5, get, coin_v_1
3.601293, Lush7, shoot, Player, False
3.701293, Betrayal2, get, coin_v_1
3.821293, Bongfu9, get, coin_v_1
3.841293, Adjuster8, shoot, Lush7, False
4.201293, Lush7, shoot, Player, False
4.401293, Juicehead5, shoot, Coward1, False
4.901293, Alcoholic6, get, coin_v_1
5.401293, Juicehead5, shoot, Betrayal2, False
5.401293, Coward1, shoot, Drunkard3, False
5.401293, Betrayal2, shoot, Juicehead5, False
5.601293, Bongfu9, shoot, Lush7, False
6.661293, Lush7, shoot, Drunkard3, False
7.201293, Lush7, shoot, Bongfu9, False
7.201293, Bongfu9, shoot, Lush7, False
7.201293, Lush7, shoot, Bongfu9, False
7.441293, Lush7, shoot, Player, False
7.481293, Player, shoot, Juicehead5, False
7.901293, Drunkard3, shoot, Alcoholic6, False
8.761293, Betrayal2, shoot, Adjuster8, False
9.341293, Player, shoot, Juicehead5, False
9.501293, Foe4, get, coin_v_1
9.541293, Drunkard3, shoot, Adjuster8, False
9.781293, Adjuster8, shoot, Foe4, False
10.14129, Player, shoot, Juicehead5, False
10.20129, Betrayal2, shoot, Foe4, False
10.20129, Foe4, shoot, Betrayal2, False
10.94129, Drunkard3, shoot, Coward1, False
11.08129, Lush7, shoot, Bongfu9, False
11.14129, Player, shoot, Adjuster8, False
11.38129, Foe4, shoot, Juicehead5, False
11.54129, Player, shoot, Betrayal2, False
11.70129, Betrayal2, shoot, Betrayal2, False
12.62129, Drunkard3, shoot, Betrayal2, False
12.62129, Betrayal2, shoot, Drunkard3, False
12.62129, Betrayal2, shoot, Drunkard3, False
12.66129, Foe4, shoot, Adjuster8, False
12.78129, Betrayal2, shoot, Coward1, False
13.28129, Foe4, shoot, Adjuster8, False
13.36129, Player, shoot, Juicehead5, False
13.50129, Betrayal2, get, coin_v_1
14.18129, Foe4, shoot, Adjuster8, False
14.48129, Foe4, shoot, Adjuster8, False
14.56129, Betrayal2, shoot, Alcoholic6, False
14.78129, Player, shoot, Juicehead5, False
15.30129, Adjuster8, shoot, Lush7, False
15.48129, Juicehead5, shoot, Foe4, False
15.98129, Adjuster8, shoot, Foe4, False
16.14129, Bongfu9, shoot, Betrayal2, False
16.28129, Foe4, shoot, Adjuster8, False
17.48129, Adjuster8, shoot, Foe4, False
18.24129, Bongfu9, shoot, Lush7, False
18.52129, Lush7, shoot, Bongfu9, False
18.78129, Lush7, shoot, Lush7, False
19.88129, Foe4, shoot, Adjuster8, False
19.88129, Adjuster8, shoot, Player, False
20.14129, Betrayal2, shoot, Betrayal2, False
20.62129, Bongfu9, shoot, Lush7, False
20.86129, Coward1, shoot, Betrayal2, False
20.86129, Juicehead5, shoot, Alcoholic6, False
21.06129, Adjuster8, shoot, Player, False
21.08129, Adjuster8, shoot, Foe4, False
21.22129, Foe4, shoot, Lush7, False
21.26129, Lush7, shoot, Alcoholic6, False
21.34129, Betrayal2, get, coin_v_1
21.58129, Adjuster8, shoot, Bongfu9, False
21.88129, Player, shoot, Juicehead5, False
21.88129, Adjuster8, shoot, Bongfu9, False
21.98129, Drunkard3, shoot, Foe4, False
22.18129, Foe4, shoot, Lush7, False
22.20129, Coward1, shoot, Betrayal2, False
22.38129, Juicehead5, shoot, Lush7, True
22.38129, gen, horse
22.38609, Lush10, AI
23.18129, Adjuster8, shoot, Player, False
23.24129, Betrayal2, shoot, Drunkard3, False
23.48129, Foe4, shoot, Adjuster8, True
23.48129, gen, shield
23.49215, Adjuster11, AI
23.82129, Foe4, get, shield
23.84129, Betrayal2, shoot, Coward1, False
23.84129, Player, shoot, Juicehead5, False
24.06129, Foe4, shoot, Player, False
24.08129, Bongfu9, shoot, Player, False
24.84129, Adjuster11, shoot, Lush10, False
24.96129, Coward1, get, coin_v_1
25.10129, Drunkard3, shoot, Coward1, False
25.16129, Betrayal2, shoot, Juicehead5, False
25.30129, Player, shoot, Player, False
25.32129, Betrayal2, get, horse
25.38129, Drunkard3, shoot, Coward1, False
25.42129, Betrayal2, shoot, Bongfu9, False
25.60129, Juicehead5, shoot, Lush10, False
26.86129, Alcoholic6, shoot, Alcoholic6, False
27.04129, Foe4, shoot, Betrayal2, False
27.14129, Bongfu9, shoot, Lush10, False
27.14129, Player, shoot, Player, False
27.38129, Player, shoot, Adjuster11, False
27.40129, Foe4, shoot, Drunkard3, False
27.60129, Lush10, shoot, Bongfu9, False
27.60129, Bongfu9, shoot, Lush10, False
27.62129, Player, shoot, Drunkard3, False
27.62129, Player, shoot, Juicehead5, True
27.62129, gen, horse
27.62129, Foe4, shoot, Adjuster11, False
27.62478, Juicehead12, AI
27.86129, Betrayal2, get, coin_v_1
28.22129, Player, shoot, Adjuster11, False
28.34129, Player, shoot, Player, True
Normal Close
