Game Time: 2022/3/8 14:30:47
Version: 1.0.0.2 with bullet collision times = 2
0, Player, player
0, Player, get, initialShield
0, Coward1, AI
0, Betrayal2, AI
0, Drunkard3, AI
0, Foe4, AI
0, Juicehead5, AI
0, Alcoholic6, AI
0, Lush7, AI
0, Adjuster8, AI
0, Bongfu9, AI
0.103347, Juicehead5, shoot, Juicehead5, False
0.6233469, Betrayal2, shoot, Betrayal2, False
1.163347, Coward1, shoot, Adjuster8, False
1.223347, Bongfu9, get, coin_v_1
2.043347, Bongfu9, get, coin_v_1
2.683347, Juicehead5, shoot, Adjuster8, False
3.083347, Juicehead5, get, coin_v_1
3.323347, Bongfu9, shoot, Coward1, False
3.443347, Juicehead5, shoot, Foe4, False
3.503347, Adjuster8, shoot, Player, False
3.703347, Adjuster8, shoot, Player, False
4.303347, Betrayal2, get, coin_v_1
4.323347, Adjuster8, shoot, Foe4, False
4.463347, Betrayal2, get, coin_v_1
4.903347, Coward1, shoot, Drunkard3, False
5.743347, Foe4, shoot, Bongfu9, False
6.983347, Foe4, shoot, Adjuster8, False
7.003347, Adjuster8, shoot, Player, False
7.283347, Foe4, shoot, Adjuster8, False
7.403347, Betrayal2, shoot, Bongfu9, False
7.883347, Foe4, shoot, Adjuster8, False
7.943347, Player, shoot, Betrayal2, False
8.763347, Foe4, shoot, Adjuster8, False
9.043346, Adjuster8, shoot, Betrayal2, False
9.083346, Adjuster8, shoot, Player, False
9.163346, Adjuster8, shoot, Player, False
9.403347, Coward1, shoot, Alcoholic6, False
9.543346, Adjuster8, shoot, Alcoholic6, False
9.663346, Foe4, shoot, Adjuster8, False
9.963346, Betrayal2, shoot, Drunkard3, False
10.30335, Coward1, get, coin_v_1
10.58335, Foe4, shoot, Adjuster8, False
10.64335, Adjuster8, shoot, Lush7, False
10.70335, Betrayal2, shoot, Foe4, False
10.80335, Player, shoot, Bongfu9, False
10.82335, Betrayal2, shoot, Foe4, False
10.92335, Adjuster8, shoot, Player, False
11.40335, Betrayal2, shoot, Player, False
11.40335, Player, shoot, Betrayal2, False
11.42335, Adjuster8, shoot, Betrayal2, False
11.94335, Foe4, shoot, Drunkard3, False
12.30335, Betrayal2, shoot, Player, False
12.30335, Player, shoot, Betrayal2, False
12.30335, Player, shoot, Betrayal2, False
12.50335, Adjuster8, shoot, Betrayal2, False
12.60335, Player, shoot, Betrayal2, False
12.60335, Betrayal2, shoot, Player, False
12.60335, Player, shoot, Betrayal2, False
12.60335, Player, shoot, Betrayal2, True
12.60335, gen, horse
12.60937, Betrayal10, AI
12.62335, Alcoholic6, shoot, Player, True
Normal Close
