Game Time: 2022/2/17 11:07:32
Version: 1.0.0.2 with bullet collision times = 0
0, Player, player
0, Coward1, AI
0, Betrayal2, AI
0, Drunkard3, AI
0, Foe4, AI
0, Juicehead5, AI
0, Alcoholic6, AI
0, Lush7, AI
0, Adjuster8, AI
0, Bongfu9, AI
1.104551, Coward1, shoot, Adjuster8, False
2.477911, Juicehead5, deleted 
2.477911, Juicehead10, AI
2.724551, Adjuster8, shoot, Bongfu9, False
3.704551, Lush7, shoot, Lush7, False
4.044551, Juicehead10, shoot, Coward1, False
4.044551, Betrayal2, shoot, Drunkard3, False
4.804551, Coward1, shoot, Juicehead10, False
4.864552, Adjuster8, shoot, Player, False
5.164551, Drunkard3, shoot, Betrayal2, False
5.384552, Adjuster8, shoot, Foe4, False
5.384552, Foe4, shoot, Adjuster8, False
7.184551, Foe4, shoot, Player, False
8.584551, Foe4, shoot, Player, False
8.704552, Adjuster8, shoot, Foe4, False
8.984551, Adjuster8, shoot, Player, False
8.984551, Player, shoot, Adjuster8, False
9.024551, Bongfu9, shoot, Lush7, False
10.48455, Adjuster8, shoot, Foe4, False
10.48455, Foe4, shoot, Adjuster8, False
10.62455, Player, shoot, Foe4, False
10.78455, Adjuster8, shoot, Player, False
10.78455, Adjuster8, shoot, Player, False
10.78455, Player, shoot, Adjuster8, False
10.78455, Player, shoot, Adjuster8, False
10.80455, Player, shoot, Foe4, False
10.80455, Foe4, shoot, Player, False
10.80455, Foe4, shoot, Player, False
11.08455, Foe4, shoot, Drunkard3, False
12.58455, Adjuster8, shoot, Foe4, False
12.58455, Adjuster8, shoot, Foe4, False
12.58455, Adjuster8, shoot, Foe4, False
12.58455, Adjuster8, shoot, Foe4, False
12.58455, Foe4, shoot, Adjuster8, False
12.58455, Foe4, shoot, Adjuster8, False
13.05801, Juicehead10, deleted 
13.05801, Juicehead11, AI
13.18455, Player, shoot, Foe4, True
13.19094, Foe12, AI
13.20455, Player, get, Horse
13.2742, Coward1, deleted 
13.2742, Coward13, AI
13.47334, Betrayal2, deleted 
13.47334, Betrayal14, AI
14.42455, Player, shoot, Foe12, False
14.52455, Adjuster8, shoot, Juicehead11, False
14.58455, Adjuster8, shoot, Foe12, False
14.68455, Juicehead11, shoot, Drunkard3, False
14.72455, Adjuster8, shoot, Coward13, False
14.98455, Drunkard3, shoot, Juicehead11, False
15.98455, Juicehead11, shoot, Drunkard3, False
16.34455, Juicehead11, shoot, Drunkard3, False
17.10455, Juicehead11, shoot, Drunkard3, False
17.48455, Adjuster8, shoot, Adjuster8, False
17.72455, Foe12, shoot, Adjuster8, True
17.72525, Adjuster15, AI
17.78455, Foe12, get, Shield
18.20455, Foe12, shoot, Bongfu9, False
19.56877, Lush7, deleted 
19.56877, Lush16, AI
19.90455, Adjuster15, shoot, Adjuster15, False
20.44927, Coward13, deleted 
20.44927, Coward17, AI
22.82455, Foe12, shoot, Adjuster15, False
23.08455, Adjuster15, shoot, Foe12, False
23.50455, Player, shoot, Foe12, False
23.57167, Drunkard3, deleted 
23.57167, Drunkard18, AI
24.94455, Foe12, shoot, Adjuster15, False
25.20455, Foe12, shoot, Adjuster15, False
25.80455, Adjuster15, shoot, Player, False
26.79477, Bongfu9, deleted 
26.79477, Bongfu19, AI
27.08455, Adjuster15, shoot, Foe12, False
28.64455, Adjuster15, shoot, Foe12, False
28.78694, Juicehead11, deleted 
28.78694, Juicehead20, AI
29.16455, Foe12, shoot, Alcoholic6, False
29.44455, Foe12, shoot, Adjuster15, False
29.46752, Coward17, deleted 
29.46752, Coward21, AI
30.56455, Foe12, shoot, Coward21, False
31.00455, Adjuster15, shoot, Juicehead20, False
31.18455, Adjuster15, shoot, Foe12, False
31.18455, Foe12, shoot, Adjuster15, False
31.28455, Player, shoot, Player, False
34.18455, Adjuster15, shoot, Foe12, False
34.18455, Adjuster15, shoot, Foe12, False
34.18455, Adjuster15, shoot, Foe12, False
34.20455, Adjuster15, shoot, Player, False
34.68455, Alcoholic6, shoot, Drunkard18, False
34.90455, Coward21, shoot, Adjuster15, False
35.00455, Adjuster15, shoot, Bongfu19, False
35.42455, Player, shoot, Adjuster15, False
35.42455, Player, shoot, Adjuster15, False
35.52455, Foe12, shoot, Adjuster15, True
35.53031, Adjuster22, AI
35.68455, Adjuster15, shoot, Coward21, False
35.72455, Adjuster15, shoot, Player, True
35.72455, Player, shoot, Drunkard18, False
35.86455, Adjuster15, shoot, Drunkard18, False
Normal Close
