Game Time: 2022/2/17 10:35:09
Version: 1.0.0.2 with bullet collision times = 0
0, Player, player
0, Coward1, AI
0, Betrayal2, AI
0, Drunkard3, AI
0, Foe4, AI
0, Juicehead5, AI
0, Alcoholic6, AI
0, Lush7, AI
0, Adjuster8, AI
0, Bongfu9, AI
2.113354, Lush7, shoot, Adjuster8, False
3.773355, Adjuster8, shoot, Coward1, False
3.773355, Drunkard3, shoot, Bongfu9, False
4.213355, Drunkard3, shoot, Adjuster8, False
5.393354, Adjuster8, shoot, Player, False
5.573354, Adjuster8, shoot, Player, False
5.633355, Coward1, shoot, Drunkard3, False
6.893354, Adjuster8, shoot, Player, False
7.293355, Player, shoot, Player, False
7.667585, Lush7, deleted 
7.667585, Lush10, AI
10.85561, Betrayal2, deleted 
10.85561, Betrayal11, AI
11.43335, Player, shoot, Betrayal11, False
11.49335, Player, shoot, Betrayal11, False
12.59335, Adjuster8, shoot, Player, False
12.59335, Player, shoot, Adjuster8, False
12.59335, Player, shoot, Adjuster8, False
12.59335, Player, shoot, Adjuster8, False
13.21335, Player, shoot, Betrayal11, False
14.23335, Adjuster8, shoot, Player, False
14.51335, Betrayal11, shoot, Lush10, False
15.01335, Adjuster8, shoot, Foe4, False
15.05335, Player, shoot, Juicehead5, False
15.17335, Betrayal11, shoot, Foe4, False
16.19335, Adjuster8, shoot, Foe4, False
16.19335, Betrayal11, shoot, Player, False
16.20177, Drunkard3, deleted 
16.20177, Drunkard12, AI
16.27335, Adjuster8, shoot, Foe4, False
16.81335, Betrayal11, shoot, Foe4, False
17.89335, Lush10, shoot, Player, False
19.19335, Lush10, shoot, Foe4, False
19.29335, Player, shoot, Player, False
19.91335, Foe4, shoot, Adjuster8, False
20.57335, Foe4, shoot, Player, True
Normal Close
