Game Time: 2022/2/17 11:18:14
Version: 1.0.0.2 with bullet collision times = 0
0, Player, player
0, Coward1, AI
0, Betrayal2, AI
0, Drunkard3, AI
0, Foe4, AI
0, Juicehead5, AI
0, Alcoholic6, AI
0, Lush7, AI
0, Adjuster8, AI
0, Bongfu9, AI
1.294819, Bongfu9, shoot, Player, False
2.994819, Player, shoot, Alcoholic6, False
3.481491, Lush7, deleted 
3.481491, Lush10, AI
3.697322, Juicehead5, deleted 
3.697322, Juicehead11, AI
3.854819, Adjuster8, shoot, Player, False
3.874819, Foe4, shoot, Alcoholic6, False
4.414819, Alcoholic6, shoot, Foe4, False
4.714819, Player, shoot, Bongfu9, False
4.914819, Foe4, shoot, Adjuster8, False
5.394819, Adjuster8, shoot, Foe4, False
5.494819, Drunkard3, shoot, Drunkard3, False
6.094819, Foe4, shoot, Adjuster8, False
7.194819, Adjuster8, shoot, Foe4, False
7.394819, Foe4, shoot, Player, False
8.697577, Coward1, deleted 
8.697577, Coward12, AI
9.074819, Alcoholic6, shoot, Foe4, False
10.22584, Betrayal2, deleted 
10.22584, Betrayal13, AI
10.33482, Coward12, shoot, Betrayal13, False
10.77482, Bongfu9, shoot, Coward12, False
11.57482, Adjuster8, shoot, Foe4, False
12.47482, Adjuster8, shoot, Foe4, False
12.65482, Foe4, shoot, Adjuster8, False
12.69482, Foe4, shoot, Adjuster8, False
13.37482, Adjuster8, shoot, Foe4, False
13.63039, Drunkard3, deleted 
13.63039, Drunkard14, AI
14.29482, Adjuster8, shoot, Foe4, False
14.41482, Player, shoot, Adjuster8, False
14.52738, Lush10, deleted 
14.52738, Lush15, AI
15.17482, Foe4, shoot, Player, False
15.47482, Bongfu9, shoot, Betrayal13, False
16.19482, Adjuster8, shoot, Player, False
16.2382, Betrayal13, deleted 
16.2382, Betrayal16, AI
16.31482, Adjuster8, shoot, Foe4, False
16.77482, Adjuster8, shoot, Drunkard14, False
17.1021, Juicehead11, deleted 
17.1021, Juicehead17, AI
17.43482, Foe4, shoot, Player, False
17.71482, Adjuster8, shoot, Player, False
18.01482, Adjuster8, shoot, Player, False
18.15482, Betrayal16, shoot, Betrayal16, False
18.65482, Player, shoot, Adjuster8, False
19.0289, Bongfu9, deleted 
19.0289, Bongfu18, AI
19.51482, Player, shoot, Adjuster8, False
19.57482, Foe4, shoot, Adjuster8, False
19.57482, Foe4, shoot, Adjuster8, False
19.79482, Player, shoot, Adjuster8, True
19.80913, Adjuster19, AI
20.15482, Player, shoot, Foe4, True
20.15774, Foe20, AI
20.33482, Player, get, Horse
20.39482, Player, get, Shield
21.77482, Betrayal16, shoot, Foe20, False
21.97482, Player, shoot, Alcoholic6, False
22.23482, Player, shoot, Foe20, False
22.9655, Juicehead17, deleted 
22.9655, Juicehead21, AI
24.07482, Player, shoot, Bongfu18, False
24.89482, Player, shoot, Adjuster19, False
25.58883, Drunkard14, deleted 
25.58883, Drunkard22, AI
25.85482, Foe20, shoot, Player, False
26.486, Alcoholic6, deleted 
26.486, Alcoholic23, AI
26.71482, Player, shoot, Adjuster19, False
26.79482, Player, shoot, Foe20, False
26.99482, Adjuster19, shoot, Player, False
26.99482, Player, shoot, Adjuster19, False
27.09482, Foe20, shoot, Juicehead21, False
27.65482, Adjuster19, shoot, Player, False
27.88046, Coward12, deleted 
27.88046, Coward24, AI
28.14618, Lush15, deleted 
28.14618, Lush25, AI
28.23482, Player, shoot, Foe20, False
28.25482, Player, shoot, Adjuster19, False
28.51482, Adjuster19, shoot, Player, True
29.03482, Adjuster19, shoot, Foe20, False
Normal Close
