Game Time: 2022/2/17 11:09:03
Version: 1.0.0.2 with bullet collision times = 0
0, Player, player
0, Coward1, AI
0, Betrayal2, AI
0, Drunkard3, AI
0, Foe4, AI
0, Juicehead5, AI
0, Alcoholic6, AI
0, Lush7, AI
0, Adjuster8, AI
0, Bongfu9, AI
1.411413, Bongfu9, shoot, Player, False
2.191413, Coward1, shoot, Adjuster8, False
2.291413, Player, shoot, Adjuster8, False
2.391413, Adjuster8, shoot, Lush7, False
3.511413, Adjuster8, shoot, Foe4, False
3.811413, Foe4, shoot, Player, False
3.951413, Lush7, shoot, Drunkard3, False
4.011413, Bongfu9, shoot, Betrayal2, False
4.191413, Adjuster8, shoot, Player, False
4.191413, Player, shoot, Adjuster8, False
4.791413, Foe4, shoot, Player, False
5.811413, Coward1, shoot, Foe4, False
6.051413, Foe4, shoot, Adjuster8, False
6.891413, Player, shoot, Foe4, False
7.011413, Adjuster8, shoot, Player, False
7.191413, Foe4, shoot, Player, False
7.191413, Player, shoot, Foe4, False
7.191413, Player, shoot, Foe4, False
7.971413, Foe4, shoot, Player, False
8.645725, Juicehead5, deleted 
8.645725, Juicehead10, AI
8.731413, Player, shoot, Adjuster8, False
8.791412, Player, shoot, Foe4, False
8.991413, Foe4, shoot, Player, False
8.991413, Foe4, shoot, Player, False
8.991413, Foe4, shoot, Player, True
8.991413, Player, shoot, Foe4, False
Normal Close
