Game Time: 2022/2/17 11:06:12
Version: 1.0.0.2 with bullet collision times = 0
0, Player, player
0, Coward1, AI
0, Betrayal2, AI
0, Drunkard3, AI
0, Foe4, AI
0, Juicehead5, AI
0, Alcoholic6, AI
0, Lush7, AI
0, Adjuster8, AI
0, Bongfu9, AI
2.130563, Alcoholic6, shoot, Coward1, False
2.170564, Player, shoot, Bongfu9, False
2.770564, Bongfu9, shoot, Adjuster8, False
3.31657, Juicehead5, deleted 
3.31657, Juicehead10, AI
3.366372, Lush7, deleted 
3.366372, Lush11, AI
3.710564, Foe4, shoot, Foe4, False
3.730564, Player, shoot, Coward1, False
4.890563, Bongfu9, shoot, Bongfu9, False
5.270564, Bongfu9, shoot, Betrayal2, False
5.690564, Foe4, shoot, Adjuster8, False
6.650564, Foe4, shoot, Adjuster8, False
6.990563, Adjuster8, shoot, Alcoholic6, False
7.390563, Adjuster8, shoot, Foe4, False
8.210564, Foe4, shoot, Player, False
9.090564, Foe4, shoot, Foe4, False
9.790564, Adjuster8, shoot, Lush11, False
9.870564, Foe4, shoot, Player, False
11.25056, Foe4, shoot, Adjuster8, False
11.99056, Adjuster8, shoot, Player, False
12.03307, Betrayal2, deleted 
12.03307, Betrayal12, AI
12.71056, Bongfu9, shoot, Bongfu9, False
12.84662, Alcoholic6, deleted 
12.84662, Alcoholic13, AI
13.75056, Foe4, shoot, Player, False
14.41056, Foe4, shoot, Player, False
14.69056, Adjuster8, shoot, Juicehead10, False
14.69056, Juicehead10, shoot, Betrayal12, False
15.27056, Foe4, shoot, Juicehead10, False
16.25056, Adjuster8, shoot, Foe4, False
16.5349, Lush11, deleted 
16.5349, Lush14, AI
16.55056, Foe4, shoot, Juicehead10, False
17.29935, Alcoholic13, deleted 
17.29935, Alcoholic15, AI
17.79056, Juicehead10, shoot, Juicehead10, False
18.11056, Alcoholic15, shoot, Alcoholic15, False
18.59056, Adjuster8, shoot, Player, False
18.59056, Adjuster8, shoot, Foe4, False
18.59056, Player, shoot, Foe4, False
18.59056, Player, shoot, Adjuster8, False
18.59056, Foe4, shoot, Adjuster8, False
18.75056, Lush14, shoot, Player, False
18.91056, Adjuster8, shoot, Juicehead10, False
19.09056, Player, shoot, Juicehead10, False
19.82448, Betrayal12, deleted 
19.82448, Betrayal16, AI
20.39056, Adjuster8, shoot, Foe4, False
20.39056, Foe4, shoot, Adjuster8, False
20.81056, Player, shoot, Alcoholic15, False
20.83056, Foe4, shoot, Lush14, False
21.29056, Foe4, shoot, Adjuster8, False
21.53465, Drunkard3, deleted 
21.53465, Drunkard17, AI
21.73056, Lush14, shoot, Alcoholic15, False
21.79056, Adjuster8, shoot, Player, False
22.19056, Adjuster8, shoot, Player, False
23.04595, Bongfu9, deleted 
23.04595, Bongfu18, AI
23.09056, Player, shoot, Foe4, False
23.09056, Player, shoot, Foe4, False
23.09056, Player, shoot, Foe4, False
23.19056, Juicehead10, shoot, Juicehead10, False
23.23056, Player, shoot, Adjuster8, False
23.31056, Player, shoot, Betrayal16, False
23.51056, Juicehead10, shoot, Juicehead10, False
23.57056, Adjuster8, shoot, Betrayal16, False
24.05056, Betrayal16, shoot, Foe4, True
24.05877, Foe19, AI
24.11056, Betrayal16, get, Horse
25.21056, Adjuster8, shoot, Betrayal16, False
25.43056, Player, shoot, Player, True
Normal Close
