Game Time: 2022/2/17 10:41:13
Version: 1.0.0.2 with bullet collision times = 0
0, Player, player
0, Coward1, AI
0, Betrayal2, AI
0, Drunkard3, AI
0, Foe4, AI
0, Juicehead5, AI
0, Alcoholic6, AI
0, Lush7, AI
0, Adjuster8, AI
0, Bongfu9, AI
4.592857, Alcoholic6, shoot, Betrayal2, False
5.168399, Coward1, deleted 
5.168399, Coward10, AI
5.392857, Player, shoot, Bongfu9, False
6.152857, Adjuster8, shoot, Player, False
6.546941, Betrayal2, deleted 
6.546941, Betrayal11, AI
6.612857, Player, shoot, Bongfu9, False
7.045232, Alcoholic6, deleted 
7.045232, Alcoholic12, AI
7.292857, Adjuster8, shoot, Adjuster8, False
7.312857, Foe4, shoot, Foe4, False
7.892857, Bongfu9, shoot, Alcoholic12, False
8.108245, Juicehead5, deleted 
8.108245, Juicehead13, AI
8.112857, Player, shoot, Alcoholic12, False
8.172856, Bongfu9, shoot, Drunkard3, False
8.512856, Foe4, shoot, Foe4, False
8.812857, Foe4, shoot, Foe4, False
8.892857, Bongfu9, shoot, Drunkard3, False
9.112857, Adjuster8, shoot, Adjuster8, False
9.503493, Coward10, deleted 
9.503493, Coward14, AI
10.25286, Player, shoot, Bongfu9, False
10.61286, Adjuster8, shoot, Adjuster8, False
10.91286, Adjuster8, shoot, Adjuster8, False
11.51286, Adjuster8, shoot, Adjuster8, False
11.69529, Lush7, deleted 
11.69529, Lush15, AI
12.41286, Adjuster8, shoot, Adjuster8, False
12.69286, Adjuster8, shoot, Adjuster8, False
12.85286, Player, shoot, Drunkard3, False
13.31286, Adjuster8, shoot, Adjuster8, False
13.93286, Foe4, shoot, Bongfu9, False
14.37286, Drunkard3, shoot, Adjuster8, False
14.41286, Bongfu9, shoot, Player, False
14.49286, Adjuster8, shoot, Adjuster8, True
14.50142, Adjuster16, AI
14.51286, Bongfu9, shoot, Drunkard3, False
15.07286, Foe4, shoot, Drunkard3, False
15.47286, Adjuster8, shoot, Adjuster16, False
15.49755, Betrayal11, deleted 
15.49755, Betrayal17, AI
15.99286, Foe4, shoot, Alcoholic12, False
15.99286, Bongfu9, shoot, Bongfu9, False
16.23286, Player, shoot, Bongfu9, False
16.31286, Coward14, shoot, Coward14, False
16.49286, Adjuster16, shoot, Foe4, False
16.73286, Player, get, Shield
16.74292, Lush15, deleted 
16.74292, Lush18, AI
17.51286, Coward14, shoot, Coward14, False
19.89286, Coward14, shoot, Coward14, False
20.11286, Adjuster16, shoot, Foe4, False
20.25286, Player, shoot, Lush18, False
22.29286, Coward14, shoot, Coward14, False
22.35286, Bongfu9, shoot, Coward14, False
23.21286, Coward14, shoot, Coward14, False
23.41286, Adjuster16, shoot, Player, False
23.43286, Player, shoot, Foe4, False
24.06711, Alcoholic12, deleted 
24.06711, Alcoholic19, AI
24.93286, Alcoholic12, shoot, Juicehead13, False
25.01286, Drunkard3, shoot, Drunkard3, False
25.19286, Adjuster16, shoot, Player, False
25.29286, Drunkard3, shoot, Drunkard3, False
25.99286, Player, shoot, Foe4, False
27.43286, Coward14, shoot, Bongfu9, False
28.41862, Juicehead13, deleted 
28.41862, Juicehead20, AI
28.83286, Foe4, shoot, Adjuster16, False
28.87286, Player, shoot, Adjuster16, False
29.26558, Alcoholic19, deleted 
29.26558, Alcoholic21, AI
29.57286, Player, shoot, Foe4, False
30.11286, Bongfu9, shoot, Alcoholic21, False
30.71286, Drunkard3, get, Shield
30.73286, Adjuster16, shoot, Player, False
30.81286, Foe4, shoot, Lush18, False
31.15286, Foe4, shoot, Bongfu9, False
31.19286, Adjuster16, shoot, Foe4, False
31.19286, Foe4, shoot, Adjuster16, False
31.19286, Foe4, shoot, Adjuster16, False
31.19286, Foe4, shoot, Adjuster16, False
31.25286, Player, shoot, Adjuster16, False
31.81286, Bongfu9, shoot, Juicehead20, False
32.09286, Adjuster16, shoot, Player, False
32.83286, Coward14, get, Horse
32.83286, Player, shoot, Lush18, False
33.1684, Coward14, deleted 
33.1684, Coward22, AI
33.19286, Lush18, shoot, Adjuster16, False
33.21286, Bongfu9, shoot, Juicehead20, False
33.59286, Foe4, shoot, Adjuster16, False
33.81285, Drunkard3, shoot, Juicehead20, False
33.89286, Adjuster16, shoot, Player, False
33.89286, Player, shoot, Adjuster16, False
33.91286, Foe4, shoot, Lush18, False
34.49714, Alcoholic21, deleted 
34.49714, Alcoholic23, AI
34.79285, Player, shoot, Foe4, False
34.79285, Foe4, shoot, Adjuster16, True
34.79601, Adjuster24, AI
34.81285, Foe4, get, Shield
35.51286, Betrayal17, shoot, Bongfu9, False
35.55286, Foe4, shoot, Player, False
35.81285, Juicehead20, shoot, Juicehead20, False
36.11286, Juicehead20, shoot, Juicehead20, False
36.61286, Bongfu9, shoot, Betrayal17, False
36.77286, Player, shoot, Juicehead20, False
37.27286, Foe4, shoot, Alcoholic23, False
39.05286, Foe4, shoot, Adjuster24, False
39.07286, Foe4, shoot, Adjuster24, False
39.27286, Alcoholic23, shoot, Lush18, False
39.28094, Coward22, deleted 
39.28094, Coward25, AI
39.77286, Foe4, shoot, Adjuster24, False
40.13285, Betrayal17, shoot, Coward25, False
41.09286, Foe4, shoot, Adjuster24, False
41.09286, Foe4, shoot, Adjuster24, False
41.09286, Foe4, shoot, Adjuster24, False
41.47285, Adjuster24, shoot, Foe4, True
41.47336, Foe26, AI
42.91899, Bongfu9, deleted 
42.91899, Bongfu27, AI
43.29285, Coward25, shoot, Coward25, False
43.31285, Adjuster24, shoot, Adjuster24, False
43.59286, Player, get, Horse
44.81285, Juicehead20, shoot, Juicehead20, False
45.11286, Juicehead20, shoot, Juicehead20, False
45.71286, Juicehead20, shoot, Juicehead20, False
45.73286, Foe26, shoot, Adjuster24, False
46.27286, Adjuster24, shoot, Foe26, False
46.32457, Alcoholic23, deleted 
46.32457, Alcoholic28, AI
46.50715, Drunkard3, deleted 
46.50715, Drunkard29, AI
46.51286, Adjuster24, shoot, Foe26, False
46.79285, Alcoholic28, shoot, Drunkard29, False
46.79285, Drunkard29, shoot, Alcoholic28, False
46.83286, Adjuster24, shoot, Foe26, False
47.05286, Player, shoot, Coward25, False
47.13285, Player, shoot, Coward25, False
47.15285, Foe26, shoot, Player, False
47.31285, Coward25, shoot, Foe26, False
48.85286, Adjuster24, shoot, Drunkard29, False
49.01286, Adjuster24, shoot, Player, False
49.19286, Foe26, shoot, Player, False
49.19286, Player, shoot, Foe26, False
50.49286, Lush18, shoot, Lush18, False
50.61285, Adjuster24, shoot, Foe26, False
50.69329, Bongfu27, deleted 
50.69329, Bongfu30, AI
50.99286, Foe26, shoot, Adjuster24, False
51.81285, Alcoholic28, shoot, Player, False
51.89286, Adjuster24, shoot, Foe26, False
51.89286, Adjuster24, shoot, Foe26, False
51.89286, Foe26, shoot, Adjuster24, True
51.89286, Adjuster24, shoot, Foe26, False
51.90581, Adjuster31, AI
51.91286, Adjuster24, shoot, Player, True
51.91286, Player, shoot, Alcoholic28, False
51.91286, Player, shoot, Alcoholic28, False
51.95285, Player, shoot, Alcoholic28, False
51.95285, Player, shoot, Alcoholic28, False
51.97285, Foe26, get, Horse
52.01286, Player, shoot, Foe26, True
52.05286, Lush18, shoot, Drunkard29, False
52.09286, Foe26, shoot, Alcoholic28, False
53.19286, Foe26, shoot, Adjuster31, False
53.33286, Lush18, shoot, Adjuster31, False
Normal Close
