Game Time: 2022/2/17 10:40:11
Version: 1.0.0.2 with bullet collision times = 0
0, Player, player
0, Coward1, AI
0, Betrayal2, AI
0, Drunkard3, AI
0, Foe4, AI
0, Juicehead5, AI
0, Alcoholic6, AI
0, Lush7, AI
0, Adjuster8, AI
0, Bongfu9, AI
2.180554, Foe4, shoot, Lush7, False
3.740554, Drunkard3, shoot, Drunkard3, False
5.800554, Adjuster8, shoot, Player, False
5.940858, Betrayal2, deleted 
5.940858, Betrayal10, AI
6.600554, Player, shoot, Adjuster8, False
7.236075, Lush7, deleted 
7.236075, Lush11, AI
8.160554, Juicehead5, shoot, Betrayal10, False
8.420554, Adjuster8, shoot, Player, False
8.480555, Betrayal10, shoot, Juicehead5, False
9.029185, Alcoholic6, deleted 
9.029185, Alcoholic12, AI
9.080554, Juicehead5, shoot, Betrayal10, False
9.140554, Player, shoot, Adjuster8, False
9.160554, Adjuster8, shoot, Foe4, False
11.43691, Bongfu9, deleted 
11.43691, Bongfu13, AI
12.84055, Adjuster8, shoot, Foe4, False
14.10055, Adjuster8, shoot, Player, False
14.32055, Foe4, shoot, Player, False
14.50055, Alcoholic12, shoot, Alcoholic12, False
14.99038, Juicehead5, deleted 
14.99038, Juicehead14, AI
15.22055, Adjuster8, shoot, Foe4, False
16.30055, Player, shoot, Foe4, False
16.5514, Drunkard3, deleted 
16.5514, Drunkard15, AI
16.68424, Coward1, deleted 
16.68424, Coward16, AI
17.18239, Juicehead14, deleted 
17.18239, Juicehead17, AI
17.94055, Betrayal10, shoot, Drunkard15, False
18.10055, Foe4, shoot, Adjuster8, False
18.12055, Player, shoot, Adjuster8, False
18.30055, Betrayal10, shoot, Drunkard15, False
19.50055, Adjuster8, shoot, Player, False
19.50055, Foe4, shoot, Adjuster8, False
19.50055, Player, shoot, Adjuster8, False
19.96055, Foe4, shoot, Player, False
20.12055, Drunkard15, shoot, Player, False
20.14055, Foe4, shoot, Juicehead17, False
20.16055, Drunkard15, shoot, Foe4, False
20.40055, Foe4, shoot, Player, False
20.40055, Adjuster8, shoot, Foe4, False
20.42055, Player, shoot, Foe4, False
20.6696, Alcoholic12, deleted 
20.6696, Alcoholic18, AI
21.08055, Player, shoot, Adjuster8, False
21.30055, Adjuster8, shoot, Player, False
21.30055, Player, shoot, Adjuster8, False
21.60055, Adjuster8, shoot, Player, True
21.60055, Player, shoot, Adjuster8, False
21.60055, Player, shoot, Adjuster8, False
21.60055, Player, shoot, Adjuster8, True
21.78055, Adjuster8, shoot, Drunkard15, False
25.46055, Drunkard15, shoot, Betrayal10, False
25.64055, Betrayal10, get, Shield
Normal Close
