Game Time: 2022/2/17 11:06:39
Version: 1.0.0.2 with bullet collision times = 0
0, Player, player
0, Coward1, AI
0, Betrayal2, AI
0, Drunkard3, AI
0, Foe4, AI
0, Juicehead5, AI
0, Alcoholic6, AI
0, Lush7, AI
0, Adjuster8, AI
0, Bongfu9, AI
1.947851, Adjuster8, shoot, Coward1, False
2.667851, Drunkard3, shoot, Betrayal2, False
2.727851, Bongfu9, shoot, Coward1, False
3.667851, Adjuster8, shoot, Foe4, False
6.611267, Betrayal2, deleted 
6.611267, Betrayal10, AI
7.427851, Player, shoot, Foe4, False
7.687851, Adjuster8, shoot, Player, False
8.467851, Player, shoot, Foe4, False
8.507851, Coward1, shoot, Bongfu9, False
8.802917, Alcoholic6, deleted 
8.802917, Alcoholic11, AI
8.987851, Adjuster8, shoot, Foe4, False
9.350887, Bongfu9, deleted 
9.350887, Bongfu12, AI
9.587851, Foe4, shoot, Player, False
10.41358, Coward1, deleted 
10.41358, Coward13, AI
10.94785, Adjuster8, shoot, Player, False
11.06785, Player, shoot, Foe4, False
11.48785, Foe4, shoot, Player, False
12.34785, Bongfu12, shoot, Foe4, False
13.1368, Juicehead5, deleted 
13.1368, Juicehead14, AI
13.26785, Foe4, shoot, Coward13, False
13.56857, Alcoholic11, deleted 
13.56857, Alcoholic15, AI
14.50785, Foe4, shoot, Adjuster8, False
14.68785, Player, shoot, Juicehead14, False
14.86785, Bongfu12, shoot, Adjuster8, False
15.04785, Player, shoot, Adjuster8, False
15.10785, Foe4, shoot, Foe4, False
16.15925, Lush7, deleted 
16.15925, Lush16, AI
16.44785, Adjuster8, shoot, Player, False
16.65741, Drunkard3, deleted 
16.65741, Drunkard17, AI
17.6699, Betrayal10, deleted 
17.6699, Betrayal18, AI
18.06785, Foe4, shoot, Adjuster8, False
18.48785, Foe4, shoot, Juicehead14, False
18.78785, Juicehead14, shoot, Player, False
19.48785, Juicehead14, shoot, Player, False
19.48785, Player, shoot, Juicehead14, False
19.80785, Player, shoot, Foe4, False
19.88785, Adjuster8, shoot, Player, False
21.30785, Adjuster8, shoot, Foe4, False
21.60785, Foe4, shoot, Adjuster8, False
21.60785, Foe4, shoot, Adjuster8, False
21.60785, Adjuster8, shoot, Foe4, True
21.62256, Foe19, AI
21.66785, Foe4, shoot, Adjuster8, False
21.66785, Foe4, shoot, Adjuster8, False
22.44785, Player, get, Horse
22.70785, Player, shoot, Foe19, False
23.92785, Player, shoot, Adjuster8, False
24.72785, Adjuster8, shoot, Foe19, False
24.91145, Juicehead14, deleted 
24.91145, Juicehead20, AI
25.32785, Adjuster8, shoot, Foe19, False
25.80864, Betrayal18, deleted 
25.80864, Betrayal21, AI
26.70785, Adjuster8, shoot, Foe19, False
27.36785, Foe19, shoot, Drunkard17, False
27.70242, Alcoholic15, deleted 
27.70242, Alcoholic22, AI
27.96785, Player, shoot, Bongfu12, False
28.18404, Lush16, deleted 
28.18404, Lush23, AI
28.24785, Adjuster8, shoot, Player, False
28.58785, Foe19, shoot, Foe19, False
29.08785, Adjuster8, shoot, Juicehead20, False
29.08785, Bongfu12, shoot, Drunkard17, False
29.18785, Adjuster8, shoot, Juicehead20, False
29.60785, Bongfu12, shoot, Juicehead20, False
30.00785, Bongfu12, shoot, Juicehead20, False
30.40785, Adjuster8, shoot, Foe19, False
30.64785, Foe19, shoot, Adjuster8, False
30.82785, Juicehead20, shoot, Drunkard17, False
30.84264, Betrayal21, deleted 
30.84264, Betrayal24, AI
30.84785, Foe19, shoot, Juicehead20, False
31.88905, Alcoholic22, deleted 
31.88905, Alcoholic25, AI
31.96785, Adjuster8, shoot, Juicehead20, False
32.24785, Adjuster8, shoot, Player, False
33.96785, Adjuster8, shoot, Foe19, False
34.12785, Player, shoot, Foe19, False
34.16785, Foe19, shoot, Player, True
34.22785, Foe19, shoot, Adjuster8, True
Normal Close
