Game Time: 2022/2/17 11:13:03
Version: 1.0.0.2 with bullet collision times = 0
0, Player, player
0, Coward1, AI
0, Betrayal2, AI
0, Drunkard3, AI
0, Foe4, AI
0, Juicehead5, AI
0, Alcoholic6, AI
0, Lush7, AI
0, Adjuster8, AI
0, Bongfu9, AI
3.811175, Foe4, shoot, Alcoholic6, False
3.991175, Lush7, shoot, Alcoholic6, False
5.771175, Drunkard3, shoot, Juicehead5, False
7.13271, Alcoholic6, deleted 
7.13271, Alcoholic10, AI
7.415256, Juicehead5, deleted 
7.415256, Juicehead11, AI
7.647499, Drunkard3, deleted 
7.647499, Drunkard12, AI
7.811175, Player, shoot, Coward1, False
8.051175, Juicehead11, shoot, Coward1, False
8.062451, Betrayal2, deleted 
8.062451, Betrayal13, AI
8.112231, Bongfu9, deleted 
8.112231, Bongfu14, AI
9.531175, Player, shoot, Coward1, False
10.33117, Coward1, shoot, Bongfu14, False
11.03117, Foe4, shoot, Adjuster8, False
12.19117, Bongfu14, shoot, Juicehead11, False
12.37117, Coward1, shoot, Adjuster8, False
12.65117, Adjuster8, shoot, Coward1, False
12.85117, Coward1, shoot, Player, False
13.79117, Player, shoot, Foe4, False
13.87403, Drunkard12, deleted 
13.87403, Drunkard15, AI
14.09117, Adjuster8, shoot, Player, False
14.39117, Adjuster8, shoot, Player, False
14.71117, Coward1, shoot, Player, False
14.93664, Betrayal13, deleted 
14.93664, Betrayal16, AI
16.28229, Juicehead11, deleted 
16.28229, Juicehead17, AI
16.35118, Player, shoot, Alcoholic10, False
16.87117, Adjuster8, shoot, Alcoholic10, False
17.69117, Adjuster8, shoot, Player, False
17.69117, Player, shoot, Adjuster8, False
18.59118, Adjuster8, shoot, Foe4, False
18.61117, Player, shoot, Foe4, False
18.62377, Bongfu14, deleted 
18.62377, Bongfu18, AI
19.13858, Drunkard15, deleted 
19.13858, Drunkard19, AI
19.89117, Adjuster8, shoot, Player, False
20.33117, Adjuster8, shoot, Player, False
21.65117, Adjuster8, shoot, Foe4, False
21.79117, Adjuster8, shoot, Player, False
22.37117, Player, shoot, Foe4, False
23.37117, Player, shoot, Drunkard19, False
23.39117, Foe4, shoot, Adjuster8, False
23.39117, Foe4, shoot, Adjuster8, False
23.43118, Coward1, shoot, Betrayal16, False
23.7045, Juicehead17, deleted 
23.7045, Juicehead20, AI
23.99117, Foe4, shoot, Adjuster8, False
24.95117, Juicehead20, shoot, Betrayal16, False
25.61117, Juicehead20, shoot, Betrayal16, False
25.64731, Lush7, deleted 
25.64731, Lush21, AI
27.01118, Player, shoot, Adjuster8, False
27.01118, Adjuster8, shoot, Player, False
27.01118, Adjuster8, shoot, Player, True
27.59118, Foe4, shoot, Adjuster8, False
Normal Close
