Game Time: 2022/2/17 14:43:57
Version: 1.0.0.2 with bullet collision times = 0
0, Player, player
0, Coward1, AI
0, Betrayal2, AI
0, Drunkard3, AI
0, Foe4, AI
0, Juicehead5, AI
0, Alcoholic6, AI
0, Lush7, AI
0, Adjuster8, AI
0, Bongfu9, AI
2.173807, Lush7, shoot, Adjuster8, False
2.753807, Juicehead5, shoot, Bongfu9, False
2.853807, Adjuster8, shoot, Juicehead5, False
3.513807, Bongfu9, shoot, Lush7, False
3.653807, Betrayal2, shoot, Alcoholic6, False
3.713807, Drunkard3, shoot, Bongfu9, False
3.793807, Lush7, shoot, Alcoholic6, False
3.953807, Player, shoot, Bongfu9, False
4.793808, Lush7, shoot, Alcoholic6, False
5.473807, Foe4, shoot, Betrayal2, False
5.993807, Adjuster8, shoot, Player, False
6.593807, Adjuster8, shoot, Player, False
6.593807, Player, shoot, Adjuster8, False
6.613807, Lush7, shoot, Player, False
6.893807, Adjuster8, shoot, Player, False
6.893807, Player, shoot, Adjuster8, False
7.193807, Adjuster8, shoot, Player, False
7.193807, Player, shoot, Adjuster8, False
7.193807, Player, shoot, Adjuster8, False
7.453807, Lush7, shoot, Adjuster8, False
7.533807, Adjuster8, shoot, Betrayal2, False
7.813807, Adjuster8, shoot, Foe4, False
8.993807, Foe4, shoot, Player, False
9.053807, Adjuster8, shoot, Foe4, False
9.353807, Player, shoot, Lush7, False
9.785653, Juicehead5, deleted 
9.785653, Juicehead10, AI
10.79381, Adjuster8, shoot, Foe4, False
10.79381, Adjuster8, shoot, Foe4, False
10.79381, Adjuster8, shoot, Foe4, False
10.79381, Foe4, shoot, Adjuster8, False
10.89381, Player, shoot, Foe4, False
11.57944, Bongfu9, deleted 
11.57944, Bongfu11, AI
11.81381, Foe4, shoot, Juicehead10, False
12.69381, Adjuster8, shoot, Adjuster8, False
13.93381, Player, shoot, Foe4, False
14.12061, Betrayal2, deleted 
14.12061, Betrayal12, AI
14.51381, Coward1, shoot, Coward1, False
15.07381, Adjuster8, shoot, Foe4, False
15.61381, Foe4, shoot, Adjuster8, False
15.63381, Foe4, shoot, Player, False
16.19381, Player, shoot, Adjuster8, True
16.1967, Adjuster13, AI
16.83381, Player, shoot, Foe4, False
17.01381, Player, get, Shield
17.41381, Adjuster8, shoot, Lush7, False
17.95681, Juicehead10, deleted 
17.95681, Juicehead14, AI
18.17381, Player, shoot, Foe4, True
18.18935, Foe15, AI
19.11381, Coward1, shoot, Adjuster13, False
19.11941, Lush7, deleted 
19.11941, Lush16, AI
19.69381, Player, shoot, Juicehead14, False
19.71381, Player, shoot, Juicehead14, False
21.13381, Coward1, get, Horse
21.73381, Player, shoot, Coward1, False
21.85381, Player, shoot, Coward1, False
21.93381, Player, shoot, Adjuster13, False
22.07538, Betrayal12, deleted 
22.07538, Betrayal17, AI
22.27381, Adjuster13, shoot, Player, False
22.55705, Alcoholic6, deleted 
22.55705, Alcoholic18, AI
23.55381, Adjuster13, shoot, Player, False
24.63381, Player, shoot, Adjuster13, False
24.65381, Player, shoot, Adjuster13, False
24.91381, Adjuster13, shoot, Player, True
Normal Close
