Game Time: 2022/2/17 11:04:30
Version: 1.0.0.2 with bullet collision times = 0
0, Player, player
0, Coward1, AI
0, Betrayal2, AI
0, Drunkard3, AI
0, Foe4, AI
0, Juicehead5, AI
0, Alcoholic6, AI
0, Lush7, AI
0, Adjuster8, AI
0, Bongfu9, AI
2.09106, Player, shoot, Adjuster8, False
3.67106, Adjuster8, shoot, Foe4, False
4.79106, Adjuster8, shoot, Foe4, False
7.11106, Foe4, shoot, Player, False
7.21106, Player, shoot, Foe4, False
7.29106, Juicehead5, shoot, Juicehead5, False
7.53106, Adjuster8, shoot, Foe4, False
7.61106, Foe4, shoot, Juicehead5, False
7.761779, Betrayal2, deleted 
7.761779, Betrayal10, AI
9.11106, Coward1, shoot, Coward1, False
9.139662, Bongfu9, deleted 
9.139662, Bongfu11, AI
10.29106, Coward1, shoot, Coward1, False
10.89106, Coward1, shoot, Coward1, False
10.89106, Foe4, shoot, Adjuster8, False
11.09949, Alcoholic6, deleted 
11.09949, Alcoholic12, AI
11.51106, Coward1, shoot, Coward1, False
11.87106, Betrayal10, shoot, Juicehead5, False
11.91106, Adjuster8, shoot, Alcoholic12, False
13.19106, Foe4, shoot, Adjuster8, False
13.31106, Juicehead5, shoot, Juicehead5, False
13.79106, Player, shoot, Foe4, False
14.13106, Alcoholic12, shoot, Adjuster8, False
14.21106, Juicehead5, shoot, Juicehead5, False
14.39106, Foe4, shoot, Player, False
14.39106, Foe4, shoot, Player, False
14.39106, Foe4, shoot, Player, False
14.39106, Player, shoot, Foe4, False
14.67106, Juicehead5, shoot, Juicehead5, False
15.43106, Adjuster8, shoot, Coward1, False
15.91477, Drunkard3, deleted 
15.91477, Drunkard13, AI
16.29106, Betrayal10, shoot, Betrayal10, False
17.85106, Foe4, shoot, Coward1, False
18.02389, Betrayal10, deleted 
18.02389, Betrayal14, AI
18.23106, Betrayal14, shoot, Betrayal14, False
18.37106, Player, shoot, Lush7, False
18.71106, Juicehead5, shoot, Drunkard13, False
19.53106, Adjuster8, shoot, Foe4, False
19.75086, Alcoholic12, deleted 
19.75086, Alcoholic15, AI
19.81106, Foe4, shoot, Adjuster8, False
19.81106, Player, shoot, Betrayal14, False
20.61106, Player, shoot, Alcoholic15, False
21.49106, Player, shoot, Foe4, False
21.61106, Player, shoot, Foe4, False
21.61106, Player, shoot, Foe4, True
21.61106, Foe4, shoot, Player, False
21.6276, Foe16, AI
21.67106, Foe4, shoot, Player, False
21.69106, Foe4, shoot, Player, False
22.83106, Player, get, Shield
23.49106, Coward1, shoot, Betrayal14, False
24.10191, Lush7, deleted 
24.10191, Lush17, AI
25.19106, Bongfu11, shoot, Foe16, False
25.35106, Adjuster8, shoot, Bongfu11, False
25.65106, Player, shoot, Betrayal14, False
25.81106, Adjuster8, shoot, Foe16, False
26.03106, Juicehead5, shoot, Adjuster8, False
26.15106, Player, shoot, Betrayal14, False
27.05106, Player, shoot, Betrayal14, False
27.07106, Adjuster8, shoot, Foe16, False
27.09107, Drunkard13, deleted 
27.09107, Drunkard18, AI
27.61106, Foe16, shoot, Betrayal14, False
27.69106, Adjuster8, shoot, Betrayal14, False
27.69106, Adjuster8, shoot, Foe16, False
27.91106, Foe16, shoot, Player, False
28.19106, Betrayal14, shoot, Foe16, False
28.49106, Betrayal14, shoot, Foe16, False
28.49106, Foe16, shoot, Betrayal14, False
28.57106, Lush17, shoot, Adjuster8, False
28.59106, Adjuster8, shoot, Adjuster8, False
28.79106, Adjuster8, shoot, Betrayal14, True
28.79106, Betrayal14, shoot, Foe16, False
28.79106, Betrayal14, shoot, Foe16, False
28.79106, Betrayal14, shoot, Foe16, False
28.79106, Betrayal14, shoot, Adjuster8, False
28.79106, Betrayal14, shoot, Adjuster8, False
28.79106, Betrayal14, shoot, Adjuster8, True
28.80121, Betrayal19, AI
28.81779, Adjuster20, AI
29.27106, Lush17, shoot, Foe16, True
29.28273, Foe21, AI
29.41106, Foe16, shoot, Lush17, False
29.47106, Foe16, shoot, Player, False
29.61106, Lush17, get, Shield
30.37106, Foe16, shoot, Adjuster20, False
31.27456, Juicehead5, deleted 
31.27456, Juicehead22, AI
31.49106, Player, get, Horse
31.57332, Alcoholic15, deleted 
31.57332, Alcoholic23, AI
31.59106, Player, get, Horse
32.33106, Player, shoot, Betrayal19, False
32.49106, Juicehead22, shoot, Juicehead22, False
32.58639, Bongfu11, deleted 
32.58639, Bongfu24, AI
33.6821, Drunkard18, deleted 
33.6821, Drunkard25, AI
36.09106, Foe21, shoot, Adjuster20, False
36.13963, Coward1, deleted 
36.13963, Coward26, AI
36.85344, Juicehead22, deleted 
36.85344, Juicehead27, AI
36.89106, Betrayal19, shoot, Player, False
37.51106, Adjuster20, shoot, Foe21, False
37.89106, Player, shoot, Adjuster20, False
37.89106, Adjuster20, shoot, Foe21, False
38.36425, Alcoholic23, deleted 
38.36425, Alcoholic28, AI
38.57106, Adjuster20, shoot, Foe21, False
39.47686, Bongfu24, deleted 
39.47686, Bongfu29, AI
39.75106, Adjuster20, shoot, Foe21, False
39.79106, Adjuster20, shoot, Player, False
40.19106, Adjuster20, shoot, Foe21, False
41.13775, Drunkard25, deleted 
41.13775, Drunkard30, AI
42.01719, Lush17, deleted 
42.01719, Lush31, AI
42.25106, Foe21, shoot, Player, False
42.61106, Player, shoot, Adjuster20, False
42.61106, Player, shoot, Adjuster20, False
42.89106, Foe21, shoot, Adjuster20, False
43.79106, Adjuster20, shoot, Foe21, False
43.96112, Coward26, deleted 
43.96112, Coward32, AI
44.09405, Bongfu29, deleted 
44.09405, Bongfu33, AI
44.69106, Foe21, shoot, Adjuster20, False
44.99106, Foe21, shoot, Adjuster20, False
44.99106, Foe21, shoot, Adjuster20, False
45.35106, Adjuster20, shoot, Player, True
46.39106, Alcoholic28, shoot, Drunkard30, False
46.43106, Adjuster20, shoot, Foe21, False
Normal Close
