Game Time: 2022/2/17 11:21:45
Version: 1.0.0.2 with bullet collision times = 0
0, Player, player
0, Coward1, AI
0, Betrayal2, AI
0, Drunkard3, AI
0, Foe4, AI
0, Juicehead5, AI
0, Alcoholic6, AI
0, Lush7, AI
0, Adjuster8, AI
0, Bongfu9, AI
2.959227, Juicehead5, shoot, Adjuster8, False
3.699227, Foe4, shoot, Player, False
4.239227, Player, shoot, Bongfu9, False
5.439227, Player, shoot, Bongfu9, False
5.519227, Lush7, shoot, Lush7, False
6.019227, Player, shoot, Bongfu9, False
6.123889, Betrayal2, deleted 
6.123889, Betrayal10, AI
6.979227, Player, shoot, Bongfu9, False
7.039227, Bongfu9, shoot, Bongfu9, False
7.239227, Lush7, shoot, Drunkard3, False
7.399227, Juicehead5, shoot, Adjuster8, False
7.899227, Bongfu9, shoot, Bongfu9, False
9.119227, Bongfu9, shoot, Player, False
9.479288, Alcoholic6, deleted 
9.479288, Alcoholic11, AI
9.919227, Adjuster8, shoot, Juicehead5, False
10.12746, Coward1, deleted 
10.12746, Coward12, AI
10.53923, Juicehead5, shoot, Foe4, False
11.33977, Betrayal10, deleted 
11.33977, Betrayal13, AI
11.41923, Player, shoot, Bongfu9, False
11.49923, Bongfu9, shoot, Betrayal13, False
11.89923, Adjuster8, shoot, Player, False
12.01923, Adjuster8, shoot, Player, False
12.55923, Bongfu9, shoot, Player, False
12.57923, Adjuster8, shoot, Player, False
12.61923, Player, shoot, Foe4, False
13.19923, Adjuster8, shoot, Foe4, False
13.19923, Foe4, shoot, Adjuster8, False
13.35923, Bongfu9, shoot, Foe4, False
14.41923, Player, shoot, Bongfu9, False
14.41923, Player, shoot, Bongfu9, False
14.53923, Foe4, shoot, Adjuster8, False
14.79464, Lush7, deleted 
14.79464, Lush14, AI
16.03923, Bongfu9, shoot, Foe4, False
16.03923, Adjuster8, shoot, Player, False
16.09923, Bongfu9, shoot, Player, False
16.37923, Player, shoot, Foe4, False
16.59923, Foe4, shoot, Bongfu9, True
16.60521, Bongfu15, AI
16.70477, Drunkard3, deleted 
16.70477, Drunkard16, AI
16.71923, Drunkard16, shoot, Bongfu15, False
17.45923, Player, shoot, Adjuster8, False
17.59923, Foe4, get, Horse
18.45923, Adjuster8, shoot, Drunkard16, False
19.19923, Player, shoot, Foe4, False
19.19923, Player, shoot, Foe4, False
19.97923, Player, shoot, Foe4, False
20.03923, Foe4, shoot, Adjuster8, False
20.57923, Juicehead5, shoot, Lush14, False
20.60835, Alcoholic11, deleted 
20.60835, Alcoholic17, AI
21.22287, Lush14, deleted 
21.22287, Lush18, AI
21.23923, Foe4, shoot, Adjuster8, False
21.43923, Player, shoot, Adjuster8, False
22.81923, Player, shoot, Foe4, True
22.83424, Foe19, AI
22.83923, Player, get, Horse
23.56523, Bongfu15, deleted 
23.56523, Bongfu20, AI
23.79923, Adjuster8, shoot, Player, False
25.39247, Coward12, deleted 
25.39247, Coward21, AI
26.47923, Player, shoot, Drunkard16, False
26.73923, Adjuster8, shoot, Foe19, False
27.07923, Player, shoot, Drunkard16, False
27.17923, Adjuster8, shoot, Foe19, False
27.36925, Alcoholic17, deleted 
27.36925, Alcoholic22, AI
27.40243, Betrayal13, deleted 
27.40243, Betrayal23, AI
27.41923, Betrayal23, shoot, Alcoholic22, False
27.46892, Lush18, deleted 
27.46892, Lush24, AI
27.47923, Lush24, shoot, Betrayal23, False
28.39923, Betrayal23, shoot, Alcoholic22, False
29.15923, Drunkard16, shoot, Lush24, False
29.39923, Drunkard16, shoot, Lush24, False
29.57923, Player, shoot, Lush24, False
29.84318, Bongfu20, deleted 
29.84318, Bongfu25, AI
29.95923, Coward21, shoot, Adjuster8, False
30.00944, Juicehead5, deleted 
30.00944, Juicehead26, AI
30.01923, Foe19, shoot, Lush24, False
30.63923, Player, shoot, Juicehead26, False
30.71923, Player, shoot, Drunkard16, False
30.93923, Adjuster8, shoot, Alcoholic22, False
31.03923, Player, shoot, Drunkard16, False
31.15923, Adjuster8, shoot, Lush24, False
31.67923, Player, shoot, Drunkard16, False
31.85923, Betrayal23, shoot, Bongfu25, False
32.09923, Foe19, shoot, Drunkard16, False
32.25923, Foe19, shoot, Drunkard16, False
32.43923, Drunkard16, shoot, Juicehead26, False
32.61923, Foe19, shoot, Drunkard16, False
32.71923, Player, shoot, Foe19, False
32.91923, Player, shoot, Foe19, False
33.51923, Alcoholic22, shoot, Bongfu25, False
33.59923, Juicehead26, shoot, Drunkard16, False
33.61416, Lush24, deleted 
33.61416, Lush27, AI
33.89923, Adjuster8, shoot, Alcoholic22, False
34.59923, Drunkard16, shoot, Adjuster8, False
34.71923, Juicehead26, shoot, Drunkard16, True
34.72687, Drunkard28, AI
35.13923, Juicehead26, get, Shield
35.41923, Foe19, shoot, Drunkard28, False
35.43923, Adjuster8, shoot, Lush27, False
35.61922, Adjuster8, shoot, Adjuster8, True
35.62318, Adjuster29, AI
36.01923, Player, shoot, Foe19, False
36.33923, Adjuster8, shoot, Alcoholic22, False
37.63923, Betrayal23, shoot, Bongfu25, False
37.89923, Foe19, shoot, Foe19, False
38.13923, Lush27, shoot, Player, False
38.26309, Juicehead26, deleted 
38.26309, Juicehead30, AI
39.29922, Foe19, shoot, Lush27, False
39.45922, Foe19, shoot, Coward21, False
39.55923, Player, shoot, Adjuster29, False
39.98962, Betrayal23, deleted 
39.98962, Betrayal31, AI
40.19923, Player, shoot, Adjuster29, False
41.09923, Foe19, shoot, Lush27, False
41.09923, Lush27, shoot, Foe19, False
41.41923, Player, shoot, Adjuster29, False
41.99923, Adjuster29, shoot, Player, False
43.12762, Drunkard28, deleted 
43.12762, Drunkard32, AI
43.19923, Adjuster29, shoot, Player, False
43.19923, Adjuster29, shoot, Player, True
43.19923, Player, shoot, Adjuster29, False
43.19923, Player, shoot, Adjuster29, False
43.21923, Player, shoot, Foe19, False
43.21923, Player, shoot, Foe19, False
43.23923, Player, shoot, Adjuster29, False
43.23923, Player, shoot, Foe19, True
43.35923, Foe19, shoot, Adjuster29, False
43.57923, Adjuster29, get, Horse
Normal Close
