Game Time: 2022/2/17 14:44:24
Version: 1.0.0.2 with bullet collision times = 0
0, Player, player
0, Coward1, AI
0, Betrayal2, AI
0, Drunkard3, AI
0, Foe4, AI
0, Juicehead5, AI
0, Alcoholic6, AI
0, Lush7, AI
0, Adjuster8, AI
0, Bongfu9, AI
1.083684, Bongfu9, shoot, Player, False
2.583684, Alcoholic6, shoot, Bongfu9, False
3.583684, Alcoholic6, shoot, Adjuster8, False
3.623684, Player, shoot, Bongfu9, False
3.903684, Betrayal2, shoot, Coward1, False
3.963684, Adjuster8, shoot, Player, False
4.123683, Bongfu9, shoot, Betrayal2, False
4.263684, Player, shoot, Bongfu9, False
4.323684, Bongfu9, shoot, Betrayal2, False
4.383684, Foe4, shoot, Bongfu9, False
4.803684, Player, shoot, Bongfu9, False
5.223684, Adjuster8, shoot, Player, False
5.483684, Bongfu9, shoot, Bongfu9, False
5.743684, Adjuster8, shoot, Foe4, False
6.583683, Adjuster8, shoot, Foe4, False
6.583683, Foe4, shoot, Adjuster8, False
7.023684, Alcoholic6, shoot, Drunkard3, False
7.363684, Coward1, shoot, Lush7, False
7.743683, Lush7, shoot, Coward1, False
8.938229, Betrayal2, deleted 
8.938229, Betrayal10, AI
9.652345, Coward1, deleted 
9.652345, Coward11, AI
9.763683, Player, shoot, Bongfu9, False
10.26686, Drunkard3, deleted 
10.26686, Drunkard12, AI
10.80368, Adjuster8, shoot, Player, False
10.96368, Player, shoot, Foe4, False
11.04368, Bongfu9, shoot, Betrayal10, False
11.08368, Adjuster8, shoot, Player, False
11.08368, Betrayal10, shoot, Bongfu9, False
11.18368, Foe4, shoot, Betrayal10, False
11.42368, Player, shoot, Betrayal10, False
11.56368, Adjuster8, shoot, Betrayal10, False
11.58368, Betrayal10, shoot, Foe4, False
14.50368, Foe4, shoot, Foe4, False
14.58521, Coward11, deleted 
14.58521, Coward13, AI
14.62368, Player, shoot, Bongfu9, False
15.06368, Player, shoot, Bongfu9, True
15.06698, Bongfu14, AI
15.10368, Foe4, shoot, Foe4, False
15.12368, Player, get, Shield
15.51546, Betrayal10, deleted 
15.51546, Betrayal15, AI
16.24368, Foe4, shoot, Adjuster8, False
16.78368, Player, shoot, Adjuster8, False
16.82368, Foe4, shoot, Betrayal15, False
17.02368, Foe4, shoot, Betrayal15, False
17.68368, Player, shoot, Betrayal15, False
17.95694, Drunkard12, deleted 
17.95694, Drunkard16, AI
17.98368, Player, shoot, Adjuster8, False
18.00368, Player, shoot, Foe4, False
18.00368, Player, shoot, Foe4, False
18.28368, Foe4, shoot, Coward13, False
18.64368, Adjuster8, shoot, Foe4, False
18.70368, Betrayal15, shoot, Betrayal15, False
19.66368, Foe4, shoot, Foe4, True
19.66759, Foe17, AI
19.74368, Foe4, shoot, Adjuster8, False
19.92368, Adjuster8, get, Horse
20.02368, Foe4, shoot, Coward13, False
21.32866, Bongfu14, deleted 
21.32866, Bongfu18, AI
21.98368, Adjuster8, shoot, Player, False
23.40368, Adjuster8, shoot, Foe17, False
23.58756, Alcoholic6, deleted 
23.58756, Alcoholic19, AI
23.66368, Player, shoot, Coward13, False
24.00368, Adjuster8, shoot, Foe17, False
25.63052, Lush7, deleted 
25.63052, Lush20, AI
25.96368, Bongfu18, shoot, Lush20, False
26.70368, Adjuster8, shoot, Foe17, False
28.03912, Betrayal15, deleted 
28.03912, Betrayal21, AI
28.60368, Adjuster8, shoot, Foe17, False
28.94368, Foe17, shoot, Player, False
29.38368, Foe17, shoot, Player, False
29.38368, Adjuster8, shoot, Foe17, False
30.38368, Adjuster8, shoot, Foe17, False
30.72368, Player, shoot, Adjuster8, False
30.84368, Betrayal21, shoot, Player, False
31.18368, Player, shoot, Betrayal21, False
31.18368, Player, shoot, Betrayal21, False
31.18368, Player, shoot, Betrayal21, False
31.89314, Drunkard16, deleted 
31.89314, Drunkard22, AI
32.18368, Betrayal21, shoot, Betrayal21, False
32.20368, Betrayal21, shoot, Coward13, False
32.49118, Lush20, deleted 
32.49118, Lush23, AI
32.50368, Betrayal21, shoot, Betrayal21, False
32.74368, Foe17, shoot, Player, False
33.18368, Betrayal21, shoot, Foe17, False
33.88368, Adjuster8, shoot, Betrayal21, False
34.00368, Foe17, shoot, Player, False
34.10368, Foe17, shoot, Lush23, False
34.18368, Foe17, shoot, Player, True
34.18368, Adjuster8, shoot, Betrayal21, False
34.18368, Adjuster8, shoot, Betrayal21, False
34.18368, Betrayal21, shoot, Adjuster8, False
34.18368, Betrayal21, shoot, Adjuster8, False
34.18368, Betrayal21, shoot, Adjuster8, False
34.24368, Player, shoot, Drunkard22, False
34.44368, Foe17, shoot, Drunkard22, False
Normal Close
