Game Time: 2022/2/17 11:10:56
Version: 1.0.0.2 with bullet collision times = 0
0, Player, player
0, Coward1, AI
0, Betrayal2, AI
0, Drunkard3, AI
0, Foe4, AI
0, Juicehead5, AI
0, Alcoholic6, AI
0, Lush7, AI
0, Adjuster8, AI
0, Bongfu9, AI
1.143203, Bongfu9, shoot, Player, False
1.923203, Alcoholic6, shoot, Alcoholic6, False
3.723203, Drunkard3, shoot, Drunkard3, False
7.023203, Player, shoot, Alcoholic6, False
7.425864, Bongfu9, deleted 
7.425864, Bongfu10, AI
8.23941, Coward1, deleted 
8.23941, Coward11, AI
9.063203, Foe4, shoot, Adjuster8, False
9.434978, Lush7, deleted 
9.434978, Lush12, AI
9.916576, Drunkard3, deleted 
9.916576, Drunkard13, AI
10.3832, Adjuster8, shoot, Foe4, False
12.7232, Juicehead5, shoot, Juicehead5, False
15.2632, Juicehead5, get, Shield
15.39618, Lush12, deleted 
15.39618, Lush14, AI
16.0632, Foe4, shoot, Adjuster8, False
16.1832, Foe4, shoot, Coward11, False
16.4232, Drunkard13, shoot, Player, False
16.5432, Foe4, shoot, Adjuster8, False
16.5632, Adjuster8, shoot, Player, False
17.28873, Juicehead5, deleted 
17.28873, Juicehead15, AI
17.4032, Foe4, shoot, Drunkard13, False
17.48805, Betrayal2, deleted 
17.48805, Betrayal16, AI
17.6432, Alcoholic6, shoot, Foe4, False
17.9232, Adjuster8, shoot, Drunkard13, False
18.3432, Adjuster8, shoot, Player, False
18.6032, Adjuster8, shoot, Player, False
19.5032, Adjuster8, shoot, Bongfu10, False
19.8232, Foe4, shoot, Adjuster8, False
20.4832, Adjuster8, shoot, Foe4, False
21.1232, Alcoholic6, shoot, Alcoholic6, False
21.3032, Foe4, shoot, Adjuster8, False
21.3032, Adjuster8, shoot, Player, False
21.3232, Player, shoot, Foe4, False
21.7432, Alcoholic6, shoot, Alcoholic6, False
23.6032, Adjuster8, shoot, Foe4, False
23.6432, Coward11, shoot, Juicehead15, False
24.6278, Drunkard13, deleted 
24.6278, Drunkard17, AI
24.69412, Bongfu10, deleted 
24.69412, Bongfu18, AI
25.8832, Adjuster8, shoot, Player, False
26.0632, Adjuster8, shoot, Drunkard17, False
26.3032, Player, shoot, Bongfu18, False
26.7032, Foe4, shoot, Adjuster8, False
27.0232, Player, shoot, Foe4, False
27.0232, Foe4, shoot, Player, False
27.0632, Adjuster8, shoot, Player, False
27.06833, Alcoholic6, deleted 
27.06833, Alcoholic19, AI
27.1232, Adjuster8, shoot, Foe4, False
28.29708, Betrayal16, deleted 
28.29708, Betrayal20, AI
28.8032, Adjuster8, shoot, Foe4, False
28.8032, Foe4, shoot, Adjuster8, False
29.4232, Foe4, shoot, Adjuster8, False
30.7432, Player, shoot, Betrayal20, False
30.9432, Adjuster8, shoot, Player, False
32.0632, Coward11, shoot, Betrayal20, False
32.2432, Adjuster8, shoot, Foe4, False
32.6432, Player, shoot, Foe4, False
33.8232, Adjuster8, shoot, Alcoholic19, False
34.0032, Foe4, shoot, Adjuster8, False
34.0232, Player, shoot, Lush14, False
34.1432, Foe4, shoot, Drunkard17, False
35.40494, Betrayal20, deleted 
35.40494, Betrayal21, AI
36.45086, Bongfu18, deleted 
36.45086, Bongfu22, AI
38.4232, Adjuster8, shoot, Bongfu22, False
40.2232, Foe4, shoot, Bongfu22, False
40.2632, Foe4, shoot, Adjuster8, True
40.26982, Adjuster23, AI
40.3632, Foe4, get, Shield
41.73073, Drunkard17, deleted 
41.73073, Drunkard24, AI
42.4632, Alcoholic19, shoot, Betrayal21, False
42.5632, Bongfu22, shoot, Player, False
42.9032, Player, shoot, Bongfu22, False
42.99252, Betrayal21, deleted 
42.99252, Betrayal25, AI
43.3432, Foe4, shoot, Bongfu22, False
44.8432, Player, shoot, Betrayal25, False
44.91849, Juicehead15, deleted 
44.91849, Juicehead26, AI
45.0432, Foe4, shoot, Player, True
45.3632, Bongfu22, shoot, Betrayal25, False
45.4032, Adjuster23, shoot, Betrayal25, False
45.9632, Foe4, shoot, Adjuster23, False
46.2032, Foe4, shoot, Adjuster23, False
46.6232, Adjuster23, shoot, Adjuster23, False
Normal Close
