Game Time: 2022/2/17 10:42:32
Version: 1.0.0.2 with bullet collision times = 0
0, Player, player
0, Coward1, AI
0, Betrayal2, AI
0, Drunkard3, AI
0, Foe4, AI
0, Juicehead5, AI
0, Alcoholic6, AI
0, Lush7, AI
0, Adjuster8, AI
0, Bongfu9, AI
2.37168, Foe4, shoot, Adjuster8, False
2.65168, Player, shoot, Drunkard3, False
2.89168, Adjuster8, shoot, Juicehead5, False
3.15168, Adjuster8, shoot, Player, False
3.37168, Juicehead5, shoot, Adjuster8, False
3.59168, Adjuster8, shoot, Foe4, False
3.59168, Foe4, shoot, Adjuster8, False
4.19168, Adjuster8, shoot, Foe4, False
5.49168, Juicehead5, shoot, Juicehead5, False
5.79168, Alcoholic6, shoot, Foe4, False
6.183205, Betrayal2, deleted 
6.183205, Lush7, deleted 
6.183205, Betrayal10, AI
6.199839, Lush11, AI
6.89168, Foe4, shoot, Adjuster8, False
6.99168, Coward1, shoot, Betrayal10, False
7.01168, Adjuster8, shoot, Player, False
7.25168, Foe4, shoot, Adjuster8, False
7.27168, Foe4, shoot, Adjuster8, False
7.27168, Adjuster8, shoot, Player, False
8.51168, Foe4, shoot, Coward1, False
8.81168, Adjuster8, shoot, Player, False
8.871679, Foe4, shoot, Player, False
9.01168, Player, shoot, Adjuster8, False
9.01168, Player, shoot, Adjuster8, False
9.01168, Adjuster8, shoot, Player, False
9.01168, Adjuster8, shoot, Player, False
9.59168, Player, shoot, Foe4, False
9.59168, Player, shoot, Foe4, False
9.59168, Player, shoot, Foe4, False
9.903337, Lush11, deleted 
9.903337, Lush12, AI
10.27168, Adjuster8, shoot, Foe4, False
10.79168, Adjuster8, shoot, Player, False
10.79168, Adjuster8, shoot, Player, False
10.79168, Adjuster8, shoot, Player, True
10.79168, Player, shoot, Adjuster8, False
10.79168, Player, shoot, Adjuster8, True
10.85168, Player, shoot, Foe4, False
10.89168, Player, shoot, Foe4, False
11.29168, Player, shoot, Alcoholic6, False
Normal Close
