Game Time: 2022/2/17 10:40:41
Version: 1.0.0.2 with bullet collision times = 0
0, Player, player
0, Coward1, AI
0, Betrayal2, AI
0, Drunkard3, AI
0, Foe4, AI
0, Juicehead5, AI
0, Alcoholic6, AI
0, Lush7, AI
0, Adjuster8, AI
0, Bongfu9, AI
0.08357634, Lush7, shoot, Lush7, False
1.063576, Bongfu9, shoot, Player, False
2.003576, Lush7, shoot, Juicehead5, False
3.883576, Adjuster8, shoot, Player, False
3.983576, Foe4, shoot, Player, False
4.563576, Player, shoot, Alcoholic6, False
4.883576, Juicehead5, shoot, Juicehead5, False
5.370137, Betrayal2, deleted 
5.370137, Betrayal10, AI
5.463576, Player, shoot, Alcoholic6, False
5.783576, Player, shoot, Alcoholic6, False
6.403576, Player, shoot, Alcoholic6, False
7.303576, Player, shoot, Alcoholic6, False
7.643576, Player, shoot, Alcoholic6, False
9.043576, Adjuster8, shoot, Player, False
10.82358, Foe4, shoot, Adjuster8, False
10.88358, Adjuster8, shoot, Adjuster8, False
11.60358, Drunkard3, shoot, Foe4, False
11.61347, Coward1, deleted 
11.61347, Coward11, AI
14.12358, Adjuster8, shoot, Foe4, False
14.56358, Player, shoot, Foe4, False
15.20358, Foe4, shoot, Player, False
15.50358, Juicehead5, shoot, Bongfu9, False
15.92358, Adjuster8, shoot, Foe4, False
16.18358, Foe4, shoot, Player, False
16.18358, Player, shoot, Foe4, False
16.18358, Player, shoot, Foe4, False
16.20358, Player, shoot, Adjuster8, False
16.20358, Adjuster8, shoot, Player, False
17.59179, Alcoholic6, deleted 
17.59179, Alcoholic12, AI
18.0567, Drunkard3, deleted 
18.0567, Drunkard13, AI
18.58358, Adjuster8, shoot, Foe4, False
18.58358, Foe4, shoot, Adjuster8, False
19.00358, Coward11, shoot, Lush7, False
19.50358, Adjuster8, shoot, Foe4, False
19.50358, Player, shoot, Adjuster8, False
19.50358, Foe4, shoot, Adjuster8, False
19.52358, Player, shoot, Adjuster8, False
19.80358, Player, shoot, Adjuster8, False
19.80358, Adjuster8, shoot, Player, False
19.93296, Coward11, deleted 
19.93296, Coward14, AI
20.0658, Bongfu9, deleted 
20.0658, Bongfu15, AI
20.24837, Juicehead5, deleted 
20.24837, Juicehead16, AI
20.38358, Adjuster8, shoot, Foe4, False
21.00358, Foe4, shoot, Adjuster8, False
21.00358, Foe4, shoot, Adjuster8, True
21.0123, Adjuster17, AI
21.06358, Adjuster8, shoot, Foe4, True
21.07877, Foe18, AI
21.46358, Player, shoot, Alcoholic12, False
22.10358, Foe4, shoot, Betrayal10, False
23.40358, Adjuster17, shoot, Foe18, False
24.86357, Player, get, Shield
25.00358, Player, shoot, Foe18, False
25.06358, Player, get, Shield
25.18358, Foe18, shoot, Adjuster17, False
25.18358, Adjuster17, shoot, Foe18, False
26.37803, Betrayal10, deleted 
26.37803, Betrayal19, AI
26.72681, Coward14, deleted 
26.72681, Coward20, AI
26.84358, Juicehead16, get, Shield
26.98358, Player, shoot, Foe18, False
26.98358, Player, shoot, Foe18, False
26.98358, Player, shoot, Foe18, False
26.98358, Player, shoot, Foe18, False
27.70358, Player, shoot, Adjuster17, False
28.07269, Juicehead16, deleted 
28.07269, Juicehead21, AI
28.48358, Foe18, shoot, Adjuster17, False
28.48358, Adjuster17, shoot, Foe18, False
28.80358, Player, shoot, Adjuster17, False
28.80358, Foe18, shoot, Adjuster17, False
28.80358, Player, shoot, Adjuster17, False
28.80358, Foe18, shoot, Adjuster17, False
30.04358, Foe18, shoot, Bongfu15, False
30.28358, Adjuster17, shoot, Player, False
30.28358, Adjuster17, shoot, Player, False
30.30358, Foe18, shoot, Player, True
30.32358, Player, shoot, Adjuster17, False
30.32358, Player, shoot, Adjuster17, False
30.32358, Player, shoot, Adjuster17, True
30.36357, Player, shoot, Foe18, False
30.40358, Adjuster17, shoot, Foe18, True
Normal Close
