Game Time: 2022/2/17 11:07:15
Version: 1.0.0.2 with bullet collision times = 0
0, Player, player
0, Coward1, AI
0, Betrayal2, AI
0, Drunkard3, AI
0, Foe4, AI
0, Juicehead5, AI
0, Alcoholic6, AI
0, Lush7, AI
0, Adjuster8, AI
0, Bongfu9, AI
3.27821, Drunkard3, shoot, Adjuster8, False
3.59821, Foe4, shoot, Coward1, False
4.79821, Adjuster8, shoot, Coward1, False
4.79821, Coward1, shoot, Foe4, False
5.11821, Coward1, shoot, Foe4, False
5.39821, Foe4, shoot, Coward1, False
5.39821, Coward1, shoot, Foe4, False
5.55821, Adjuster8, shoot, Player, False
6.59821, Adjuster8, shoot, Player, False
6.59821, Player, shoot, Adjuster8, False
6.89821, Foe4, shoot, Player, False
6.89821, Player, shoot, Foe4, False
7.180463, Lush7, deleted 
7.180463, Lush10, AI
7.19821, Foe4, shoot, Player, False
7.19821, Foe4, shoot, Player, False
7.19821, Player, shoot, Foe4, False
7.19821, Player, shoot, Foe4, False
7.79821, Adjuster8, shoot, Foe4, False
7.79821, Foe4, shoot, Adjuster8, False
8.87821, Adjuster8, shoot, Player, False
9.058209, Foe4, shoot, Adjuster8, False
9.073507, Bongfu9, deleted 
9.073507, Bongfu11, AI
9.21821, Foe4, shoot, Drunkard3, False
9.638209, Foe4, shoot, Adjuster8, False
9.953607, Alcoholic6, deleted 
9.953607, Alcoholic12, AI
10.89821, Player, shoot, Adjuster8, False
11.03821, Player, shoot, Drunkard3, False
11.95821, Player, shoot, Betrayal2, False
12.29821, Foe4, shoot, Player, False
12.29821, Player, shoot, Foe4, False
13.41821, Adjuster8, shoot, Player, False
13.67821, Player, shoot, Coward1, False
14.35381, Juicehead5, deleted 
14.35381, Juicehead13, AI
14.61821, Foe4, shoot, Player, False
14.83821, Adjuster8, shoot, Betrayal2, False
15.89821, Adjuster8, shoot, Player, True
15.89821, Player, shoot, Adjuster8, False
15.89821, Player, shoot, Adjuster8, False
15.89821, Player, shoot, Adjuster8, False
15.93821, Player, shoot, Adjuster8, True
15.97821, Player, shoot, Foe4, False
16.01821, Player, shoot, Foe4, True
16.47821, Player, shoot, Betrayal2, False
Normal Close
