Game Time: 2022/2/16 16:47:31
Version: 1.0.0.2 with bullet collision times = 2
0, Player, player
0, Coward1, AI
0, Betrayal2, AI
0, Drunkard3, AI
0, Foe4, AI
0, Juicehead5, AI
0, Alcoholic6, AI
0, Lush7, AI
0, Adjuster8, AI
0, Bongfu9, AI
2.39723, Bongfu9, shoot, Bongfu9, False
3.05723, Bongfu9, shoot, Betrayal2, False
3.07723, Drunkard3, shoot, Alcoholic6, False
3.15723, Juicehead5, shoot, Alcoholic6, False
3.55723, Alcoholic6, shoot, Adjuster8, False
3.59723, Juicehead5, shoot, Bongfu9, False
3.69723, Player, shoot, Player, False
3.71723, Alcoholic6, shoot, Adjuster8, False
3.81723, Bongfu9, shoot, Alcoholic6, False
4.25723, Adjuster8, shoot, Foe4, False
4.43723, Alcoholic6, shoot, Alcoholic6, False
4.83723, Adjuster8, shoot, Foe4, False
5.05723, Foe4, shoot, Foe4, False
5.55723, Adjuster8, shoot, Adjuster8, False
5.89723, Alcoholic6, shoot, Bongfu9, False
6.448112, Juicehead5, deleted 
6.448112, Juicehead10, AI
6.91723, Foe4, shoot, Adjuster8, False
6.91723, Adjuster8, shoot, Foe4, False
7.19723, Foe4, shoot, Adjuster8, False
7.19723, Foe4, shoot, Adjuster8, False
7.33723, Adjuster8, shoot, Adjuster8, False
7.511166, Lush7, deleted 
7.511166, Lush11, AI
7.77723, Player, shoot, Adjuster8, False
8.109271, Alcoholic6, deleted 
8.109271, Alcoholic12, AI
8.5575, Betrayal2, deleted 
8.5575, Betrayal13, AI
8.889638, Bongfu9, deleted 
8.889638, Bongfu14, AI
9.25723, Juicehead10, shoot, Adjuster8, False
9.43723, Lush11, shoot, Alcoholic12, False
10.91723, Foe4, shoot, Foe4, False
10.97723, Player, shoot, Player, False
11.01723, Adjuster8, shoot, Foe4, False
11.45723, Alcoholic12, shoot, Alcoholic12, False
12.47723, Foe4, shoot, Adjuster8, True
12.49343, Adjuster15, AI
12.52663, Juicehead10, deleted 
12.52663, Juicehead16, AI
12.73723, Lush11, shoot, Lush11, False
13.21723, Alcoholic12, shoot, Bongfu14, False
13.23723, Foe4, get, Horse
13.706, Coward1, deleted 
13.706, Coward17, AI
15.79871, Bongfu14, deleted 
15.79871, Bongfu18, AI
16.33723, Foe4, shoot, Alcoholic12, False
16.87723, Drunkard3, shoot, Betrayal13, False
17.55723, Alcoholic12, shoot, Adjuster15, False
17.71723, Foe4, shoot, Juicehead16, False
18.17723, Foe4, shoot, Foe4, False
18.40652, Drunkard3, deleted 
18.40652, Drunkard19, AI
18.73854, Betrayal13, deleted 
18.73854, Betrayal20, AI
19.30354, Juicehead16, deleted 
19.30354, Juicehead21, AI
20.03723, Foe4, shoot, Player, False
20.17723, Alcoholic12, shoot, Alcoholic12, False
21.33723, Lush11, shoot, Betrayal20, False
21.53723, Foe4, shoot, Juicehead21, False
21.73723, Foe4, shoot, Juicehead21, False
21.83723, Foe4, shoot, Player, False
21.87723, Adjuster15, shoot, Adjuster15, False
22.95723, Foe4, shoot, Bongfu18, False
23.15723, Betrayal20, deleted 
23.15723, Betrayal22, AI
23.25723, Foe4, shoot, Drunkard19, False
23.51723, Foe4, shoot, Player, False
24.29723, Adjuster15, shoot, Foe4, False
24.71723, Juicehead21, shoot, Betrayal22, False
24.71723, Alcoholic12, shoot, Adjuster15, False
24.93723, Lush11, shoot, Bongfu18, False
25.03723, Alcoholic12, shoot, Alcoholic12, False
25.31723, Alcoholic12, shoot, Alcoholic12, False
25.31723, Foe4, shoot, Adjuster15, False
25.76496, Drunkard19, deleted 
25.76496, Drunkard23, AI
25.79723, Adjuster15, shoot, Player, False
25.91723, Alcoholic12, shoot, Alcoholic12, False
26.09723, Adjuster15, shoot, Player, False
26.81723, Adjuster15, shoot, Adjuster15, False
26.96109, Coward17, deleted 
26.96109, Coward24, AI
27.16035, Alcoholic12, deleted 
27.16035, Alcoholic25, AI
27.67723, Foe4, shoot, Adjuster15, False
27.69181, Juicehead21, deleted 
27.69181, Juicehead26, AI
27.73723, Alcoholic25, shoot, Alcoholic25, False
27.90787, Betrayal22, deleted 
27.90787, Betrayal27, AI
27.99723, Player, shoot, Drunkard23, False
28.39723, Adjuster15, shoot, Drunkard23, False
28.69723, Adjuster15, shoot, Drunkard23, False
28.93723, Adjuster15, shoot, Adjuster15, False
30.43723, Foe4, shoot, Adjuster15, False
30.67723, Adjuster15, shoot, Foe4, False
31.01723, Foe4, shoot, Foe4, False
31.89723, Foe4, shoot, Adjuster15, False
32.29723, Bongfu18, shoot, Betrayal27, False
32.29723, Foe4, shoot, Lush11, False
32.61723, Adjuster15, shoot, Adjuster15, True
32.62506, Adjuster28, AI
32.99723, Adjuster15, shoot, Betrayal27, False
33.21723, Adjuster15, shoot, Foe4, True
33.22272, Foe29, AI
33.3224, Coward24, deleted 
33.3224, Coward30, AI
33.61723, Player, shoot, Player, False
33.80431, Drunkard23, deleted 
33.80431, Drunkard31, AI
34.13723, Foe4, shoot, Player, False
34.25264, Lush11, deleted 
34.25264, Lush32, AI
34.49723, Adjuster28, shoot, Player, False
34.73723, Lush32, shoot, Drunkard31, False
34.81723, Player, shoot, Foe29, False
34.85038, Bongfu18, deleted 
34.85038, Bongfu33, AI
35.64768, Betrayal27, deleted 
35.64768, Betrayal34, AI
36.72715, Juicehead26, deleted 
36.72715, Juicehead35, AI
37.91723, Adjuster28, shoot, Adjuster28, False
37.99723, Bongfu33, shoot, Bongfu33, False
38.53723, Player, shoot, Juicehead35, False
38.60414, Alcoholic25, deleted 
38.60414, Alcoholic36, AI
39.10238, Lush32, deleted 
39.10238, Lush37, AI
39.11893, Drunkard31, deleted 
39.11893, Drunkard38, AI
39.19723, Foe29, shoot, Foe29, False
39.61723, Bongfu33, shoot, Foe29, False
39.63379, Coward30, deleted 
39.63379, Coward39, AI
40.77723, Drunkard31, shoot, Alcoholic36, False
41.27723, Player, shoot, Drunkard38, False
42.74055, Betrayal34, deleted 
42.74055, Betrayal40, AI
43.12254, Bongfu33, deleted 
43.12254, Bongfu41, AI
44.69723, Juicehead35, shoot, Juicehead35, False
44.83345, Lush37, deleted 
44.83345, Lush42, AI
45.13263, Drunkard38, deleted 
45.13263, Drunkard43, AI
45.37723, Drunkard43, shoot, Lush42, False
45.43146, Coward39, deleted 
45.43146, Coward44, AI
45.61723, Player, shoot, Alcoholic36, False
46.29723, Foe29, shoot, Bongfu41, False
47.15915, Betrayal40, deleted 
47.15915, Betrayal45, AI
47.79723, Alcoholic36, shoot, Alcoholic36, False
48.21723, Lush42, shoot, Player, False
48.39723, Foe29, shoot, Foe29, False
48.55723, Adjuster28, shoot, Foe29, False
48.79723, Player, shoot, Coward44, False
49.51842, Bongfu41, deleted 
49.51842, Bongfu46, AI
50.51723, Drunkard43, shoot, Lush42, False
50.77723, Adjuster28, shoot, Lush42, False
51.31723, Lush42, shoot, Coward44, False
51.97723, Player, shoot, Bongfu46, False
52.01723, Coward44, shoot, Coward44, False
52.07723, Foe29, shoot, Coward44, False
52.27723, Lush42, shoot, Drunkard43, False
52.85723, Lush42, shoot, Betrayal45, False
54.25723, Drunkard43, shoot, Betrayal45, False
54.43723, Alcoholic36, shoot, Coward44, False
55.03723, Juicehead35, shoot, Betrayal45, False
55.19723, Juicehead35, shoot, Betrayal45, False
55.59723, Alcoholic36, shoot, Foe29, False
55.6311, Coward44, deleted 
55.6311, Coward47, AI
55.63723, Player, shoot, Lush42, False
55.69723, Coward44, shoot, Bongfu46, False
55.79723, Coward44, shoot, Foe29, False
55.96334, Bongfu46, deleted 
55.96334, Bongfu48, AI
57.62481, Alcoholic36, deleted 
57.62481, Alcoholic49, AI
57.70789, Drunkard43, deleted 
57.70789, Drunkard50, AI
57.71723, Drunkard50, shoot, Alcoholic49, False
59.45723, Player, shoot, Coward47, False
59.67723, Drunkard50, shoot, Drunkard50, False
59.93723, Alcoholic36, shoot, Foe29, False
60.48178, Betrayal45, deleted 
60.48178, Betrayal51, AI
61.69723, Juicehead35, shoot, Bongfu48, False
62.15723, Drunkard50, shoot, Drunkard50, False
63.23723, Drunkard50, shoot, Player, False
63.55723, Foe29, shoot, Juicehead35, False
63.67723, Foe29, shoot, Juicehead35, False
64.45723, Drunkard50, shoot, Drunkard50, False
64.8513, Bongfu48, deleted 
64.8513, Bongfu52, AI
65.91723, Drunkard50, shoot, Alcoholic49, False
66.46255, Betrayal51, deleted 
66.46255, Betrayal53, AI
66.51723, Juicehead35, shoot, Adjuster28, False
66.71723, Drunkard50, shoot, Player, False
67.09723, Bongfu52, shoot, Betrayal53, False
68.57723, Betrayal53, shoot, Betrayal53, False
68.71723, Lush42, shoot, Drunkard50, False
68.79723, Player, shoot, Player, False
68.83723, Foe29, shoot, Alcoholic49, False
69.01723, Lush42, shoot, Drunkard50, False
69.12029, Alcoholic49, deleted 
69.12029, Alcoholic54, AI
69.23723, Drunkard50, shoot, Lush42, False
69.25723, Juicehead35, shoot, Adjuster28, False
70.03723, Foe29, shoot, Juicehead35, False
70.29723, Player, shoot, Player, False
70.41723, Foe29, shoot, Juicehead35, False
70.73723, Foe29, shoot, Juicehead35, False
70.91723, Juicehead35, shoot, Bongfu52, False
71.51258, Bongfu52, deleted 
71.51258, Bongfu55, AI
71.59723, Lush42, shoot, Betrayal53, False
72.25723, Player, shoot, Player, True
72.43723, Player, shoot, Alcoholic54, False
72.47723, Bongfu55, shoot, Alcoholic54, False
72.57722, Player, shoot, Alcoholic54, False
72.67723, Alcoholic54, shoot, Bongfu55, False
73.09723, Lush42, shoot, Betrayal53, False
Normal Close
