Game Time: 2022/2/16 17:01:30
Version: 1.0.0.2 with bullet collision times = 2
0, Player, player
0, Coward1, AI
0, Betrayal2, AI
0, Drunkard3, AI
0, Foe4, AI
0, Juicehead5, AI
0, Alcoholic6, AI
0, Lush7, AI
0, Adjuster8, AI
0, Bongfu9, AI
1.258933, Player, shoot, Adjuster8, False
2.158933, Foe4, shoot, Lush7, False
2.258933, Lush7, shoot, Foe4, False
2.578933, Bongfu9, shoot, Bongfu9, False
2.978933, Alcoholic6, shoot, Foe4, False
3.118933, Adjuster8, shoot, Adjuster8, False
3.158933, Bongfu9, shoot, Adjuster8, False
4.578933, Foe4, shoot, Adjuster8, False
4.718933, Juicehead5, shoot, Alcoholic6, False
5.021214, Juicehead5, deleted 
5.021214, Juicehead10, AI
5.187329, Betrayal2, deleted 
5.187329, Betrayal11, AI
5.40311, Lush7, deleted 
5.40311, Lush12, AI
5.418933, Lush12, shoot, Betrayal11, False
5.418933, Betrayal11, shoot, Lush12, False
5.452949, Alcoholic6, deleted 
5.452949, Alcoholic13, AI
5.458933, Alcoholic13, shoot, Lush12, False
5.458933, Alcoholic13, shoot, Betrayal11, False
5.458933, Juicehead10, shoot, Lush12, False
5.458933, Foe4, shoot, Adjuster8, False
5.486211, Bongfu9, deleted 
5.486211, Bongfu14, AI
5.498933, Bongfu14, shoot, Alcoholic13, False
6.051185, Coward1, deleted 
6.051185, Coward15, AI
7.018933, Adjuster8, shoot, Adjuster8, False
8.158933, Lush12, shoot, Alcoholic13, False
8.698933, Foe4, shoot, Adjuster8, False
8.998933, Foe4, shoot, Adjuster8, False
9.498933, Betrayal11, shoot, Juicehead10, False
10.57893, Lush12, shoot, Alcoholic13, False
10.65893, Adjuster8, shoot, Juicehead10, False
10.89893, Lush12, shoot, Alcoholic13, False
11.15011, Alcoholic13, deleted 
11.15011, Alcoholic16, AI
11.29969, Lush12, deleted 
11.29969, Lush17, AI
11.5487, Bongfu14, deleted 
11.5487, Bongfu18, AI
12.11893, Foe4, shoot, Foe4, False
12.39893, Foe4, shoot, Coward15, False
12.42858, Betrayal11, deleted 
12.42858, Betrayal19, AI
12.61893, Adjuster8, shoot, Player, False
12.91893, Adjuster8, shoot, Juicehead10, False
13.47893, Juicehead10, shoot, Drunkard3, False
14.05893, Juicehead10, shoot, Juicehead10, False
14.51893, Adjuster8, shoot, Adjuster8, False
14.57893, Adjuster8, shoot, Adjuster8, True
14.58684, Adjuster20, AI
14.69893, Foe4, shoot, Foe4, False
14.71893, Adjuster20, shoot, Adjuster20, False
15.35893, Foe4, shoot, Alcoholic16, False
15.73893, Foe4, shoot, Lush17, False
15.75893, Player, shoot, Bongfu18, False
17.227, Coward15, deleted 
17.227, Coward21, AI
17.62536, Alcoholic16, deleted 
17.62536, Alcoholic22, AI
18.33893, Drunkard3, shoot, Adjuster20, False
18.39893, Alcoholic22, shoot, Alcoholic22, False
18.41893, Foe4, shoot, Adjuster20, False
18.61893, Bongfu18, shoot, Adjuster20, False
18.65478, Betrayal19, deleted 
18.65478, Betrayal23, AI
19.27893, Juicehead10, shoot, Juicehead10, False
19.59893, Juicehead10, shoot, Juicehead10, False
19.99893, Betrayal23, shoot, Betrayal23, False
21.5603, Lush17, deleted 
21.5603, Lush24, AI
22.75893, Adjuster20, shoot, Betrayal23, False
22.99893, Adjuster20, shoot, Drunkard3, False
23.67893, Adjuster20, shoot, Player, False
24.11893, Betrayal23, shoot, Betrayal23, False
24.39893, Foe4, shoot, Foe4, False
24.59893, Adjuster20, shoot, Coward21, False
24.81893, Coward21, shoot, Foe4, False
25.11893, Adjuster20, shoot, Adjuster20, False
25.31893, Betrayal23, shoot, Betrayal23, False
25.31893, Betrayal23, shoot, Drunkard3, False
25.37893, Adjuster20, shoot, Foe4, False
25.79893, Adjuster20, shoot, Coward21, False
25.85893, Betrayal23, shoot, Alcoholic22, False
26.01893, Bongfu18, shoot, Coward21, False
26.03893, Foe4, shoot, Drunkard3, False
26.03893, Juicehead10, shoot, Juicehead10, False
26.11893, Betrayal23, shoot, Betrayal23, False
26.70757, Bongfu18, deleted 
26.70757, Bongfu25, AI
27.11893, Betrayal23, shoot, Betrayal23, False
27.41893, Coward21, shoot, Drunkard3, False
27.69893, Betrayal23, shoot, Coward21, False
28.11893, Betrayal23, shoot, Player, False
28.51893, Player, shoot, Lush24, False
28.79893, Bongfu25, shoot, Bongfu25, False
29.03893, Adjuster20, shoot, Alcoholic22, False
29.23893, Adjuster20, shoot, Player, False
29.73893, Player, shoot, Alcoholic22, False
30.71893, Adjuster20, shoot, Foe4, False
30.97893, Foe4, shoot, Bongfu25, False
31.17893, Coward21, shoot, Coward21, False
31.51893, Adjuster20, shoot, Foe4, False
31.75484, Betrayal23, deleted 
31.75484, Betrayal26, AI
32.28609, Juicehead10, deleted 
32.28609, Juicehead27, AI
32.3857, Coward21, deleted 
32.3857, Coward28, AI
32.51893, Drunkard3, shoot, Drunkard3, False
32.83893, Coward28, shoot, Coward28, False
32.93343, Lush24, deleted 
32.93343, Lush29, AI
33.39893, Lush29, shoot, Coward28, False
33.43893, Bongfu25, shoot, Alcoholic22, False
33.59893, Alcoholic22, shoot, Alcoholic22, False
33.65893, Drunkard3, shoot, Drunkard3, False
33.69893, Foe4, shoot, Betrayal26, False
34.17893, Foe4, shoot, Foe4, False
34.49893, Adjuster20, shoot, Betrayal26, False
34.59893, Adjuster20, shoot, Betrayal26, False
36.09893, Betrayal26, shoot, Betrayal26, False
36.15893, Player, shoot, Player, False
36.33893, Adjuster20, shoot, Player, False
36.77893, Foe4, shoot, Coward28, False
37.07893, Juicehead10, shoot, Drunkard3, False
37.09893, Drunkard3, shoot, Alcoholic22, False
37.89893, Alcoholic22, shoot, Alcoholic22, False
38.35893, Adjuster20, shoot, Lush29, False
38.38055, Bongfu25, deleted 
38.38055, Bongfu30, AI
38.44709, Betrayal26, deleted 
38.44709, Betrayal31, AI
38.57893, Foe4, shoot, Foe4, False
38.71893, Adjuster20, shoot, Player, False
39.19893, Adjuster20, shoot, Player, False
39.21893, Foe4, shoot, Adjuster20, False
39.77893, Foe4, shoot, Foe4, True
39.79274, Foe32, AI
39.90908, Coward28, deleted 
39.90908, Coward33, AI
39.99206, Lush29, deleted 
39.99206, Lush34, AI
39.99893, Lush34, shoot, Coward33, False
40.03893, Foe4, shoot, Adjuster20, False
40.31893, Player, shoot, Betrayal31, False
40.37893, Foe4, shoot, Player, False
40.49893, Foe4, shoot, Player, False
41.09893, Betrayal31, shoot, Player, False
41.11893, Foe4, shoot, Betrayal31, False
41.39893, Betrayal31, shoot, Player, True
41.51893, Drunkard3, shoot, Drunkard3, False
41.65893, Coward33, shoot, Coward33, False
42.31893, Foe4, shoot, Alcoholic22, False
Normal Close
