Game Time: 2022/2/16 17:21:10
Version: 1.0.0.2 with bullet collision times = 2
0, Player, player
0, Coward1, AI
0, Betrayal2, AI
0, Drunkard3, AI
0, Foe4, AI
0, Juicehead5, AI
0, Alcoholic6, AI
0, Lush7, AI
0, Adjuster8, AI
0, Bongfu9, AI
0.8653718, Bongfu9, shoot, Bongfu9, False
1.905372, Alcoholic6, shoot, Alcoholic6, False
2.445372, Foe4, shoot, Adjuster8, False
2.445372, Betrayal2, shoot, Alcoholic6, False
3.591498, Juicehead5, deleted 
3.591498, Juicehead10, AI
3.905372, Drunkard3, shoot, Drunkard3, False
4.372204, Lush7, deleted 
4.372204, Lush11, AI
4.905372, Adjuster8, shoot, Adjuster8, False
5.285372, Alcoholic6, shoot, Alcoholic6, False
5.535191, Bongfu9, deleted 
5.535191, Bongfu12, AI
6.005372, Adjuster8, shoot, Betrayal2, False
6.847656, Betrayal2, deleted 
6.847656, Betrayal13, AI
7.005372, Adjuster8, shoot, Adjuster8, False
7.305372, Adjuster8, shoot, Adjuster8, False
7.905372, Adjuster8, shoot, Adjuster8, False
8.245372, Alcoholic6, shoot, Juicehead10, False
8.35953, Drunkard3, deleted 
8.35953, Drunkard14, AI
9.005372, Adjuster8, shoot, Foe4, False
9.572457, Coward1, deleted 
9.572457, Coward15, AI
10.76865, Lush11, deleted 
10.76865, Lush16, AI
10.84537, Adjuster8, shoot, Foe4, False
10.90537, Alcoholic6, shoot, Alcoholic6, False
11.39999, Juicehead10, deleted 
11.39999, Juicehead17, AI
11.56537, Adjuster8, shoot, Bongfu12, False
12.68537, Adjuster8, shoot, Foe4, False
13.36034, Bongfu12, deleted 
13.36034, Bongfu18, AI
14.66537, Betrayal13, shoot, Betrayal13, False
15.68605, Lush16, deleted 
15.68605, Lush19, AI
16.20537, Adjuster8, shoot, Foe4, False
16.23378, Betrayal13, deleted 
16.23378, Betrayal20, AI
16.32537, Bongfu18, shoot, Bongfu18, False
16.40537, Lush19, shoot, Lush19, False
16.52537, Juicehead17, shoot, Juicehead17, False
18.00537, Foe4, shoot, Adjuster8, False
18.56537, Foe4, shoot, Alcoholic6, False
18.58537, Foe4, shoot, Adjuster8, False
18.84537, Alcoholic6, shoot, Alcoholic6, False
19.17337, Coward15, deleted 
19.17337, Coward21, AI
19.32537, Foe4, shoot, Betrayal20, False
19.32537, Adjuster8, shoot, Adjuster8, False
19.48537, Foe4, shoot, Juicehead17, False
19.54537, Adjuster8, shoot, Juicehead17, False
19.54537, Adjuster8, shoot, Foe4, False
19.80537, Foe4, shoot, Juicehead17, False
20.10537, Alcoholic6, shoot, Alcoholic6, False
20.28537, Alcoholic6, shoot, Foe4, False
20.40537, Betrayal20, shoot, Foe4, False
20.50537, Adjuster8, shoot, Juicehead17, False
21.30537, Foe4, shoot, Juicehead17, False
21.34537, Juicehead17, shoot, Alcoholic6, False
21.62537, Juicehead17, shoot, Alcoholic6, False
21.62537, Foe4, shoot, Juicehead17, False
21.64537, Juicehead17, shoot, Alcoholic6, False
21.74537, Lush19, shoot, Lush19, False
21.76537, Lush19, shoot, Lush19, False
22.1138, Drunkard14, deleted 
22.1138, Drunkard22, AI
22.20537, Alcoholic6, shoot, Alcoholic6, True
22.21356, Alcoholic23, AI
22.23017, Bongfu18, deleted 
22.23017, Bongfu24, AI
22.66197, Betrayal20, deleted 
22.66197, Betrayal25, AI
23.94537, Lush19, shoot, Lush19, False
24.42537, Juicehead17, shoot, Coward21, False
24.44537, Alcoholic6, shoot, Betrayal25, False
24.55571, Juicehead17, deleted 
24.55571, Juicehead26, AI
25.54537, Adjuster8, shoot, Bongfu24, False
25.58567, Coward21, deleted 
25.58567, Coward27, AI
25.74537, Coward27, shoot, Juicehead26, False
27.51257, Betrayal25, deleted 
27.51257, Betrayal28, AI
28.60881, Bongfu24, deleted 
28.60881, Bongfu29, AI
29.00537, Juicehead26, shoot, Juicehead26, False
29.50537, Lush19, shoot, Lush19, False
29.87089, Alcoholic23, deleted 
29.87089, Alcoholic30, AI
30.40537, Lush19, shoot, Lush19, False
30.46537, Lush19, shoot, Juicehead26, False
30.74537, Player, shoot, Player, False
30.76537, Foe4, shoot, Betrayal28, False
32.70537, Juicehead26, shoot, Alcoholic30, False
32.99369, Betrayal28, deleted 
32.99369, Betrayal31, AI
33.08537, Juicehead26, shoot, Juicehead26, False
33.20972, Lush19, deleted 
33.20972, Lush32, AI
33.44537, Juicehead26, shoot, Alcoholic30, False
33.70812, Coward27, deleted 
33.70812, Coward33, AI
34.17309, Bongfu29, deleted 
34.17309, Bongfu34, AI
34.88537, Foe4, shoot, Adjuster8, False
35.16537, Foe4, shoot, Adjuster8, False
35.76537, Bongfu34, shoot, Coward33, False
35.76537, Foe4, shoot, Adjuster8, False
36.16537, Foe4, shoot, Foe4, False
36.34916, Alcoholic30, deleted 
36.34916, Alcoholic35, AI
36.44537, Foe4, shoot, Drunkard22, False
36.59856, Drunkard22, deleted 
36.59856, Drunkard36, AI
36.84537, Juicehead26, shoot, Juicehead26, False
37.58537, Adjuster8, shoot, Adjuster8, False
37.96537, Drunkard36, shoot, Alcoholic35, False
38.42537, Adjuster8, shoot, Betrayal31, False
38.50537, Foe4, shoot, Foe4, False
38.50537, Adjuster8, shoot, Betrayal31, False
38.94537, Foe4, shoot, Lush32, False
39.1898, Juicehead26, deleted 
39.1898, Juicehead37, AI
39.68537, Adjuster8, shoot, Adjuster8, True
39.68831, Adjuster38, AI
40.02537, Drunkard36, shoot, Drunkard36, False
40.0703, Betrayal31, deleted 
40.0703, Betrayal39, AI
40.88537, Alcoholic35, shoot, Player, False
41.08537, Adjuster8, shoot, Alcoholic35, False
41.20537, Foe4, shoot, Foe4, False
41.48537, Juicehead37, shoot, Juicehead37, False
41.48537, Foe4, shoot, Foe4, False
41.50537, Foe4, shoot, Foe4, True
41.51561, Foe40, AI
41.92537, Alcoholic35, shoot, Alcoholic35, False
42.20537, Foe4, shoot, Coward33, False
43.2765, Lush32, deleted 
43.2765, Lush41, AI
44.20537, Foe4, shoot, Player, False
45.60537, Betrayal39, shoot, Bongfu34, False
45.66537, Alcoholic35, shoot, Coward33, False
46.26691, Alcoholic35, deleted 
46.26691, Alcoholic42, AI
46.28537, Player, shoot, Alcoholic42, False
46.30019, Betrayal39, deleted 
46.30019, Betrayal43, AI
46.30537, Juicehead37, shoot, Juicehead37, False
46.41661, Bongfu34, deleted 
46.41661, Bongfu44, AI
46.66537, Player, shoot, Betrayal43, False
46.76537, Player, shoot, Betrayal43, False
47.36537, Foe40, shoot, Foe40, False
47.56537, Lush41, shoot, Player, False
47.68537, Player, shoot, Betrayal43, False
47.77902, Coward33, deleted 
47.77902, Coward45, AI
49.72537, Betrayal43, shoot, Adjuster38, False
50.52537, Betrayal43, shoot, Alcoholic42, False
50.60537, Adjuster38, shoot, Lush41, False
51.1184, Juicehead37, deleted 
51.1184, Juicehead46, AI
52.18137, Alcoholic42, deleted 
52.18137, Alcoholic47, AI
52.44537, Player, shoot, Bongfu44, False
52.74625, Betrayal43, deleted 
52.74625, Betrayal48, AI
56.10537, Drunkard36, shoot, Drunkard36, False
56.20537, Lush41, shoot, Lush41, False
56.62537, Drunkard36, shoot, Drunkard36, False
57.08537, Player, shoot, Alcoholic47, False
57.86537, Coward45, shoot, Adjuster38, False
58.22537, Player, shoot, Alcoholic47, False
58.40537, Drunkard36, shoot, Juicehead46, False
58.77615, Betrayal48, deleted 
58.77615, Betrayal49, AI
59.50537, Foe40, shoot, Foe40, False
60.62537, Lush41, shoot, Juicehead46, False
60.70537, Foe40, shoot, Foe40, False
60.78664, Coward45, deleted 
60.78664, Coward50, AI
60.86963, Lush41, deleted 
60.86963, Lush51, AI
61.00537, Foe40, shoot, Foe40, False
61.20537, Lush51, shoot, Coward50, False
61.46778, Bongfu44, deleted 
61.46778, Bongfu52, AI
62.01606, Juicehead46, deleted 
62.01606, Juicehead53, AI
62.42537, Betrayal49, shoot, Betrayal49, False
62.78537, Player, shoot, Betrayal49, False
64.22537, Foe40, shoot, Adjuster38, False
64.76537, Player, shoot, Bongfu52, False
64.83996, Betrayal49, deleted 
64.83996, Betrayal54, AI
64.94537, Foe40, shoot, Adjuster38, False
65.85314, Coward50, deleted 
65.85314, Coward55, AI
66.84537, Bongfu52, shoot, Adjuster38, False
67.02537, Alcoholic47, shoot, Lush51, False
67.66537, Coward55, shoot, Player, False
69.02537, Adjuster38, shoot, Coward55, False
69.22537, Adjuster38, shoot, Coward55, False
69.24537, Foe40, shoot, Adjuster38, False
69.58537, Foe40, shoot, Adjuster38, False
69.60704, Betrayal54, deleted 
69.60704, Betrayal56, AI
71.38537, Foe40, shoot, Adjuster38, False
71.62537, Player, shoot, Betrayal56, False
71.86678, Coward55, deleted 
71.86678, Coward57, AI
71.88537, Player, shoot, Player, False
72.32537, Alcoholic47, shoot, Drunkard36, False
72.62537, Adjuster38, shoot, Betrayal56, False
73.64537, Adjuster38, shoot, Foe40, False
73.69366, Bongfu52, deleted 
73.69366, Bongfu58, AI
73.90537, Foe40, shoot, Adjuster38, False
74.62537, Foe40, shoot, Adjuster38, False
75.04537, Adjuster38, shoot, Foe40, False
75.06537, Adjuster38, shoot, Foe40, False
75.48537, Foe40, shoot, Foe40, False
75.67107, Betrayal56, deleted 
75.67107, Betrayal59, AI
75.73759, Alcoholic47, deleted 
75.73759, Alcoholic60, AI
75.74537, Alcoholic60, shoot, Betrayal59, False
76.40537, Adjuster38, shoot, Bongfu58, False
76.42537, Adjuster38, shoot, Adjuster38, True
76.43552, Adjuster61, AI
77.20537, Adjuster38, shoot, Player, False
77.42537, Betrayal59, shoot, Bongfu58, False
77.60537, Bongfu58, shoot, Bongfu58, False
77.61521, Coward57, deleted 
77.61521, Coward62, AI
77.74537, Betrayal59, shoot, Bongfu58, False
77.88537, Drunkard36, shoot, Juicehead53, False
77.98537, Bongfu58, shoot, Betrayal59, False
78.12537, Drunkard36, shoot, Juicehead53, False
78.80537, Foe40, shoot, Adjuster61, False
78.82537, Drunkard36, shoot, Juicehead53, False
79.18537, Drunkard36, shoot, Juicehead53, False
79.52537, Foe40, shoot, Bongfu58, False
79.70537, Foe40, shoot, Adjuster61, False
79.80537, Foe40, shoot, Adjuster61, False
79.82537, Player, shoot, Foe40, False
79.92537, Foe40, shoot, Adjuster61, False
80.68774, Betrayal59, deleted 
80.68774, Betrayal63, AI
80.84537, Foe40, shoot, Adjuster61, False
81.34537, Lush51, shoot, Foe40, False
82.08537, Foe40, shoot, Juicehead53, False
82.66537, Foe40, shoot, Drunkard36, False
82.88537, Drunkard36, shoot, Drunkard36, False
82.90537, Juicehead53, shoot, Drunkard36, False
82.94537, Juicehead53, shoot, Juicehead53, False
83.20537, Juicehead53, shoot, Foe40, False
83.39581, Coward62, deleted 
83.39581, Coward64, AI
84.52537, Foe40, shoot, Adjuster61, False
84.84537, Player, shoot, Player, False
85.30537, Player, shoot, Player, False
85.44537, Drunkard36, shoot, Drunkard36, False
85.70537, Bongfu58, shoot, Foe40, True
85.72144, Foe65, AI
86.26969, Betrayal63, deleted 
86.26969, Betrayal66, AI
86.36537, Player, shoot, Coward64, False
86.56537, Player, shoot, Coward64, False
86.86537, Adjuster61, shoot, Coward64, False
86.96751, Alcoholic60, deleted 
86.96751, Alcoholic67, AI
87.08537, Juicehead53, shoot, Drunkard36, False
87.08537, Player, shoot, Player, False
87.48537, Player, shoot, Betrayal66, False
88.89379, Betrayal66, deleted 
88.89379, Betrayal68, AI
89.50872, Drunkard36, deleted 
89.50872, Drunkard69, AI
90.15663, Coward64, deleted 
90.15663, Coward70, AI
91.12537, Lush51, shoot, Juicehead53, False
91.18537, Coward70, shoot, Betrayal68, False
91.50537, Adjuster61, shoot, Player, False
91.86537, Player, shoot, Betrayal68, False
94.56537, Player, shoot, Alcoholic67, False
95.10537, Adjuster61, shoot, Adjuster61, False
95.20668, Juicehead53, deleted 
95.20668, Juicehead71, AI
95.64537, Adjuster61, shoot, Lush51, False
95.73826, Coward70, deleted 
95.73826, Coward72, AI
95.78537, Alcoholic67, shoot, Alcoholic67, False
96.10537, Alcoholic67, shoot, Alcoholic67, False
96.26979, Betrayal68, deleted 
96.26979, Betrayal73, AI
96.58537, Adjuster61, shoot, Foe65, False
97.50537, Player, shoot, Foe65, False
99.28537, Adjuster61, shoot, Player, False
99.44537, Player, shoot, Foe65, False
99.68537, Player, shoot, Player, False
99.84151, Drunkard69, deleted 
99.84151, Drunkard74, AI
99.84537, Adjuster61, shoot, Foe65, False
100.0454, Betrayal73, shoot, Betrayal73, False
100.1254, Adjuster61, shoot, Player, False
100.2854, Lush51, shoot, Alcoholic67, False
100.7552, Coward72, deleted 
100.7552, Coward75, AI
101.2854, Adjuster61, shoot, Foe65, False
101.4054, Adjuster61, shoot, Foe65, False
101.5054, Coward75, shoot, Drunkard74, False
101.6855, Alcoholic67, deleted 
101.6855, Alcoholic76, AI
102.2501, Betrayal73, deleted 
102.2501, Betrayal77, AI
104.1054, Player, shoot, Foe65, False
104.4854, Player, shoot, Player, True
104.9654, Foe65, shoot, Foe65, False
105.1654, Foe65, shoot, Foe65, False
105.2254, Adjuster61, shoot, Lush51, False
105.5254, Player, shoot, Drunkard74, False
105.5854, Player, shoot, Drunkard74, False
106.4854, Betrayal77, shoot, Betrayal77, False
Normal Close
