Game Time: 2022/2/16 16:34:57
Version: 1.0.0.2 with bullet collision times = 2
0, Player, player
0, Coward1, AI
0, Betrayal2, AI
0, Drunkard3, AI
0, Foe4, AI
0, Juicehead5, AI
0, Alcoholic6, AI
0, Lush7, AI
0, Adjuster8, AI
0, Bongfu9, AI
3.709435, Alcoholic6, shoot, Alcoholic6, False
3.709435, Betrayal2, shoot, Adjuster8, False
4.149435, Adjuster8, shoot, Foe4, False
4.789434, Adjuster8, shoot, Foe4, False
4.909434, Alcoholic6, shoot, Alcoholic6, False
5.209435, Alcoholic6, shoot, Alcoholic6, False
5.851562, Betrayal2, deleted 
5.851562, Betrayal10, AI
6.129435, Coward1, shoot, Drunkard3, False
6.349434, Betrayal10, shoot, Betrayal10, False
7.030841, Lush7, deleted 
7.030841, Lush11, AI
7.396176, Coward1, deleted 
7.396176, Coward12, AI
7.429434, Coward12, shoot, Lush11, False
8.449434, Bongfu9, shoot, Adjuster8, False
8.589435, Juicehead5, shoot, Alcoholic6, False
8.729434, Foe4, shoot, Player, False
9.109434, Alcoholic6, shoot, Drunkard3, False
9.109434, Juicehead5, shoot, Juicehead5, False
9.909434, Alcoholic6, shoot, Drunkard3, False
10.52943, Adjuster8, shoot, Foe4, False
10.78943, Adjuster8, shoot, Foe4, False
10.85149, Juicehead5, deleted 
10.85149, Juicehead13, AI
11.46602, Betrayal10, deleted 
11.46602, Betrayal14, AI
11.60943, Adjuster8, shoot, Coward12, False
13.34943, Bongfu9, shoot, Bongfu9, False
14.56943, Foe4, shoot, Player, False
14.76943, Adjuster8, shoot, Foe4, False
14.86943, Adjuster8, shoot, Foe4, False
15.08943, Juicehead13, shoot, Player, False
15.22943, Drunkard3, shoot, Coward12, False
15.52943, Betrayal14, shoot, Betrayal14, False
15.66943, Drunkard3, shoot, Coward12, False
15.84943, Drunkard3, shoot, Coward12, False
15.90943, Alcoholic6, shoot, Coward12, False
16.34943, Coward12, shoot, Lush11, False
16.76542, Betrayal14, deleted 
16.76542, Betrayal15, AI
17.30943, Drunkard3, shoot, Alcoholic6, False
17.40943, Bongfu9, shoot, Juicehead13, False
18.00943, Drunkard3, shoot, Bongfu9, False
19.65608, Drunkard3, deleted 
19.65608, Drunkard16, AI
19.92943, Betrayal15, shoot, Betrayal15, False
19.94943, Drunkard16, shoot, Drunkard16, False
20.02943, Alcoholic6, shoot, Coward12, False
20.04943, Coward12, shoot, Coward12, False
21.26943, Foe4, shoot, Player, False
21.56943, Drunkard16, shoot, Player, False
21.98943, Adjuster8, shoot, Juicehead13, False
22.00943, Foe4, shoot, Drunkard16, False
23.62943, Foe4, shoot, Juicehead13, False
24.04943, Foe4, shoot, Juicehead13, False
24.95563, Betrayal15, deleted 
24.95563, Betrayal17, AI
25.24943, Foe4, shoot, Adjuster8, False
26.01803, Drunkard16, deleted 
26.01803, Drunkard18, AI
26.80943, Player, shoot, Betrayal17, False
26.98943, Betrayal17, shoot, Player, False
26.98943, Player, shoot, Betrayal17, False
26.98943, Player, shoot, Betrayal17, False
26.98943, Player, shoot, Betrayal17, False
27.48943, Foe4, shoot, Bongfu9, False
27.58943, Juicehead13, shoot, Juicehead13, False
27.58943, Player, shoot, Betrayal17, False
28.06943, Foe4, shoot, Betrayal17, False
28.08943, Foe4, shoot, Drunkard18, False
28.12943, Drunkard18, shoot, Player, False
28.60943, Player, shoot, Drunkard18, False
28.98943, Player, shoot, Drunkard18, False
29.14943, Juicehead13, shoot, Lush11, False
30.10943, Juicehead13, shoot, Betrayal17, False
30.72943, Lush11, shoot, Lush11, False
30.80943, Adjuster8, shoot, Adjuster8, False
31.40943, Adjuster8, shoot, Adjuster8, False
32.64943, Player, shoot, Player, False
33.09411, Betrayal17, deleted 
33.09411, Betrayal19, AI
33.92458, Drunkard18, deleted 
33.92458, Drunkard20, AI
34.02943, Player, shoot, Player, False
35.44943, Alcoholic6, shoot, Coward12, False
35.58944, Alcoholic6, shoot, Coward12, False
35.68562, Lush11, deleted 
35.68562, Lush21, AI
36.08944, Drunkard20, shoot, Drunkard20, False
36.30943, Bongfu9, shoot, Adjuster8, False
36.60943, Bongfu9, shoot, Adjuster8, False
37.80943, Bongfu9, shoot, Adjuster8, False
37.94499, Betrayal19, deleted 
37.94499, Betrayal22, AI
38.38943, Player, shoot, Foe4, False
38.84943, Drunkard20, shoot, Lush21, False
39.20943, Player, shoot, Player, True
39.70943, Player, shoot, Lush21, False
40.06944, Lush21, shoot, Betrayal22, False
40.96943, Adjuster8, shoot, Lush21, False
41.72943, Bongfu9, shoot, Lush21, False
41.80943, Betrayal22, shoot, Betrayal22, False
41.86943, Alcoholic6, shoot, Juicehead13, False
42.74944, Adjuster8, shoot, Bongfu9, False
42.94943, Foe4, shoot, Adjuster8, False
Normal Close
