Game Time: 2022/2/16 16:29:45
Version: 1.0.0.2 with bullet collision times = 2
0, Player, player
0, Coward1, AI
0, Betrayal2, AI
0, Drunkard3, AI
0, Foe4, AI
0, Juicehead5, AI
0, Alcoholic6, AI
0, Lush7, AI
0, Adjuster8, AI
0, Bongfu9, AI
1.643434, Juicehead5, shoot, Lush7, False
2.423434, Coward1, shoot, Betrayal2, False
4.003434, Alcoholic6, shoot, Alcoholic6, False
4.063434, Juicehead5, shoot, Juicehead5, False
4.343434, Adjuster8, shoot, Player, False
4.483434, Betrayal2, shoot, Betrayal2, False
5.503434, Betrayal2, shoot, Juicehead5, False
6.038249, Bongfu9, deleted 
6.038249, Bongfu10, AI
6.243434, Drunkard3, shoot, Drunkard3, False
6.985252, Coward1, deleted 
6.985252, Coward11, AI
7.433805, Betrayal2, deleted 
7.433805, Betrayal12, AI
7.923434, Betrayal12, shoot, Coward11, False
8.443434, Coward11, shoot, Betrayal12, False
8.623434, Juicehead5, shoot, Alcoholic6, False
8.983434, Coward11, shoot, Betrayal12, False
9.403434, Betrayal12, shoot, Betrayal12, False
9.663434, Drunkard3, shoot, Juicehead5, False
10.00343, Adjuster8, shoot, Foe4, False
10.10343, Drunkard3, shoot, Juicehead5, False
10.20343, Juicehead5, shoot, Alcoholic6, False
10.22398, Lush7, deleted 
10.22398, Lush13, AI
10.74343, Betrayal12, shoot, Betrayal12, False
10.90343, Drunkard3, shoot, Juicehead5, False
11.36343, Drunkard3, shoot, Juicehead5, False
11.38343, Juicehead5, shoot, Juicehead5, False
12.14343, Juicehead5, shoot, Betrayal12, False
12.33235, Bongfu10, deleted 
12.33235, Bongfu14, AI
12.86359, Coward11, deleted 
12.86359, Coward15, AI
12.98343, Coward15, shoot, Bongfu14, False
13.78343, Adjuster8, shoot, Player, False
13.90965, Betrayal12, deleted 
13.90965, Betrayal16, AI
14.46343, Coward15, shoot, Bongfu14, False
14.60709, Alcoholic6, deleted 
14.60709, Alcoholic17, AI
15.70343, Foe4, shoot, Foe4, False
16.08343, Foe4, shoot, Betrayal16, False
16.68343, Player, shoot, Betrayal16, False
17.46343, Adjuster8, shoot, Player, False
17.70343, Alcoholic17, shoot, Foe4, False
18.76343, Foe4, shoot, Adjuster8, False
18.96343, Bongfu14, shoot, Drunkard3, False
19.28343, Adjuster8, shoot, Player, False
19.98689, Bongfu14, deleted 
19.98689, Bongfu18, AI
20.14343, Adjuster8, shoot, Foe4, False
20.28343, Foe4, shoot, Betrayal16, False
21.68343, Adjuster8, shoot, Adjuster8, False
22.06343, Player, shoot, Bongfu18, False
22.24343, Player, shoot, Bongfu18, False
22.99252, Coward15, deleted 
22.99252, Coward19, AI
23.95546, Alcoholic17, deleted 
23.95546, Alcoholic20, AI
25.30343, Alcoholic20, shoot, Alcoholic20, False
25.76534, Betrayal16, deleted 
25.76534, Betrayal21, AI
25.88343, Adjuster8, shoot, Foe4, False
26.20343, Adjuster8, shoot, Foe4, False
26.54343, Juicehead5, shoot, Drunkard3, False
27.12343, Juicehead5, shoot, Drunkard3, False
27.40343, Juicehead5, shoot, Drunkard3, False
27.54343, Foe4, shoot, Alcoholic20, False
27.88343, Alcoholic20, shoot, Player, False
28.88343, Player, shoot, Player, False
28.94343, Player, shoot, Player, False
29.00343, Juicehead5, shoot, Bongfu18, False
29.26343, Coward19, shoot, Coward19, False
29.34343, Foe4, shoot, Alcoholic20, False
29.98343, Foe4, shoot, Betrayal21, False
30.08343, Coward19, shoot, Alcoholic20, False
30.84343, Foe4, shoot, Adjuster8, False
30.86343, Alcoholic20, shoot, Player, False
30.90343, Adjuster8, shoot, Adjuster8, False
30.92343, Foe4, shoot, Alcoholic20, False
31.02343, Player, shoot, Alcoholic20, False
31.04343, Lush13, shoot, Lush13, False
32.08344, Adjuster8, shoot, Alcoholic20, False
32.40343, Adjuster8, shoot, Alcoholic20, False
32.48343, Betrayal21, shoot, Betrayal21, False
32.60343, Alcoholic20, shoot, Foe4, False
32.84343, Juicehead5, shoot, Bongfu18, False
33.04343, Adjuster8, shoot, Alcoholic20, False
33.60343, Juicehead5, shoot, Bongfu18, False
33.90343, Alcoholic20, shoot, Adjuster8, False
34.18343, Drunkard3, shoot, Bongfu18, False
34.18343, Foe4, shoot, Alcoholic20, True
34.19998, Alcoholic22, AI
34.38343, Adjuster8, shoot, Player, False
34.54343, Adjuster8, get, Horse
35.19617, Coward19, deleted 
35.19617, Coward23, AI
36.04343, Adjuster8, shoot, Player, False
36.18343, Coward23, shoot, Lush13, False
36.22343, Foe4, shoot, Adjuster8, False
36.34343, Foe4, shoot, Adjuster8, False
36.46343, Player, shoot, Coward23, False
37.03894, Betrayal21, deleted 
37.03894, Betrayal24, AI
37.20343, Player, shoot, Coward23, False
37.20343, Coward23, shoot, Player, False
37.82343, Adjuster8, shoot, Foe4, False
38.36343, Player, shoot, Adjuster8, False
39.16343, Player, shoot, Adjuster8, False
39.70343, Betrayal24, shoot, Betrayal24, False
40.06343, Adjuster8, shoot, Player, True
40.36343, Player, shoot, Adjuster8, False
40.38343, Player, shoot, Adjuster8, True
Normal Close
