Game Time: 2022/2/16 17:18:55
Version: 1.0.0.2 with bullet collision times = 2
0, Player, player
0, Coward1, AI
0, Betrayal2, AI
0, Drunkard3, AI
0, Foe4, AI
0, Juicehead5, AI
0, Alcoholic6, AI
0, Lush7, AI
0, Adjuster8, AI
0, Bongfu9, AI
0.1875576, Drunkard3, shoot, Drunkard3, False
0.2075576, Bongfu9, shoot, Bongfu9, False
0.2075576, Player, shoot, Player, False
0.2075576, Betrayal2, shoot, Betrayal2, False
0.2075576, Juicehead5, shoot, Juicehead5, False
0.2075576, Alcoholic6, shoot, Alcoholic6, False
0.2075576, Lush7, shoot, Lush7, False
0.2075576, Adjuster8, shoot, Adjuster8, False
0.2275576, Foe4, shoot, Foe4, False
1.587558, Lush7, shoot, Lush7, False
2.307558, Player, shoot, Adjuster8, False
2.427557, Foe4, shoot, Adjuster8, False
3.647557, Drunkard3, shoot, Bongfu9, False
3.787558, Alcoholic6, shoot, Adjuster8, False
3.807558, Juicehead5, shoot, Bongfu9, False
3.847558, Adjuster8, shoot, Coward1, False
3.947557, Drunkard3, shoot, Drunkard3, False
3.987557, Foe4, shoot, Adjuster8, False
4.887558, Coward1, shoot, Adjuster8, False
5.267558, Adjuster8, shoot, Adjuster8, False
5.327558, Alcoholic6, shoot, Coward1, False
5.387558, Adjuster8, shoot, Coward1, False
5.387558, Adjuster8, shoot, Coward1, False
5.387558, Coward1, shoot, Adjuster8, False
5.547557, Bongfu9, shoot, Foe4, False
5.567557, Drunkard3, shoot, Lush7, False
5.687558, Alcoholic6, shoot, Adjuster8, False
5.831898, Betrayal2, deleted 
5.831898, Betrayal10, AI
5.987557, Lush7, shoot, Drunkard3, False
6.447557, Foe4, shoot, Bongfu9, False
6.727558, Adjuster8, shoot, Foe4, False
6.827558, Adjuster8, shoot, Player, False
7.392785, Drunkard3, deleted 
7.392785, Drunkard11, AI
7.409381, Lush7, deleted 
7.409381, Lush12, AI
7.427557, Lush12, shoot, Drunkard11, False
7.427557, Drunkard11, shoot, Lush12, False
7.567557, Adjuster8, shoot, Player, False
7.927557, Adjuster8, shoot, Adjuster8, True
7.94106, Adjuster13, AI
7.967557, Foe4, shoot, Betrayal10, False
9.127558, Coward1, shoot, Coward1, False
9.435555, Alcoholic6, deleted 
9.435555, Alcoholic14, AI
10.30756, Bongfu9, shoot, Coward1, False
10.58756, Coward1, shoot, Coward1, False
10.9799, Drunkard11, deleted 
10.9799, Drunkard15, AI
11.21235, Juicehead5, deleted 
11.21235, Juicehead16, AI
11.28756, Coward1, shoot, Coward1, False
11.40756, Juicehead16, shoot, Drunkard15, False
12.54089, Betrayal10, deleted 
12.54089, Betrayal17, AI
12.95601, Lush12, deleted 
12.95601, Lush18, AI
13.38756, Coward1, deleted 
13.38756, Coward19, AI
13.81925, Bongfu9, deleted 
13.81925, Bongfu20, AI
14.10756, Foe4, shoot, Juicehead16, False
14.38756, Juicehead16, shoot, Player, False
14.70756, Coward19, shoot, Lush18, False
15.72896, Alcoholic14, deleted 
15.72896, Alcoholic21, AI
16.01126, Drunkard15, deleted 
16.01126, Drunkard22, AI
17.04756, Player, shoot, Player, False
18.73382, Juicehead16, deleted 
18.73382, Juicehead23, AI
20.08756, Foe4, shoot, Adjuster13, False
20.59455, Alcoholic21, deleted 
20.59455, Alcoholic24, AI
20.66095, Betrayal17, deleted 
20.66095, Betrayal25, AI
21.89052, Drunkard22, deleted 
21.89052, Drunkard26, AI
22.10756, Player, shoot, Alcoholic24, False
22.24756, Player, shoot, Alcoholic24, False
22.40756, Player, shoot, Alcoholic24, False
22.97057, Coward19, deleted 
22.97057, Coward27, AI
23.53548, Juicehead23, deleted 
23.53548, Juicehead28, AI
24.05058, Bongfu20, deleted 
24.05058, Bongfu29, AI
24.06756, Alcoholic24, shoot, Player, False
24.6814, Lush18, deleted 
24.6814, Lush30, AI
25.20756, Foe4, shoot, Adjuster13, False
26.24756, Player, shoot, Coward27, False
27.32179, Betrayal25, deleted 
27.32179, Betrayal31, AI
27.76756, Player, shoot, Lush30, False
29.08756, Bongfu29, shoot, Bongfu29, False
29.13133, Juicehead28, deleted 
29.13133, Juicehead32, AI
29.50756, Alcoholic24, shoot, Coward27, False
30.04756, Player, shoot, Juicehead32, False
30.16756, Alcoholic24, shoot, Coward27, False
30.62756, Alcoholic24, shoot, Coward27, False
30.72756, Juicehead32, shoot, Player, False
30.84756, Bongfu29, shoot, Juicehead32, False
33.14756, Alcoholic24, shoot, Juicehead32, False
33.36756, Lush30, shoot, Alcoholic24, False
33.64982, Coward27, deleted 
33.64982, Coward33, AI
33.70756, Juicehead32, shoot, Juicehead32, False
34.22756, Coward27, shoot, Juicehead32, False
34.52756, Alcoholic24, shoot, Lush30, False
34.56303, Drunkard26, deleted 
34.56303, Drunkard34, AI
36.09032, Betrayal31, deleted 
36.09032, Betrayal35, AI
36.14, Lush30, deleted 
36.14, Lush36, AI
36.14756, Lush36, shoot, Betrayal35, False
36.27287, Juicehead32, deleted 
36.27287, Juicehead37, AI
36.28756, Betrayal35, shoot, Betrayal35, False
36.28944, Bongfu29, deleted 
36.28944, Bongfu38, AI
36.30756, Bongfu38, shoot, Juicehead37, False
36.30756, Juicehead37, shoot, Bongfu38, False
36.68756, Betrayal35, shoot, Betrayal35, False
36.87079, Alcoholic24, deleted 
36.87079, Alcoholic39, AI
36.90756, Foe4, shoot, Adjuster13, False
38.06756, Player, shoot, Lush36, False
38.34756, Foe4, shoot, Adjuster13, False
38.44756, Player, shoot, Juicehead37, False
39.08755, Bongfu38, shoot, Bongfu38, False
39.28756, Juicehead37, shoot, Lush36, False
39.54756, Adjuster13, shoot, Foe4, False
40.28756, Betrayal35, shoot, Betrayal35, False
40.42756, Adjuster13, shoot, Foe4, False
40.62322, Drunkard34, deleted 
40.62322, Drunkard40, AI
40.78756, Betrayal35, shoot, Player, False
41.73588, Alcoholic39, deleted 
41.73588, Alcoholic41, AI
41.94756, Betrayal35, shoot, Foe4, False
42.94814, Betrayal35, deleted 
42.94814, Betrayal42, AI
43.26756, Adjuster13, shoot, Foe4, False
43.28756, Bongfu38, shoot, Bongfu38, False
43.40756, Player, shoot, Alcoholic41, False
43.67922, Lush36, deleted 
43.67922, Lush43, AI
44.84247, Juicehead37, deleted 
44.84247, Juicehead44, AI
47.30063, Bongfu38, deleted 
47.30063, Bongfu45, AI
47.63266, Coward33, deleted 
47.63266, Coward46, AI
48.59627, Betrayal42, deleted 
48.59627, Betrayal47, AI
50.22756, Player, shoot, Bongfu45, False
50.34756, Foe4, shoot, Lush43, False
50.72756, Coward46, shoot, Player, False
50.90755, Bongfu45, shoot, Bongfu45, False
51.06756, Alcoholic41, shoot, Foe4, False
51.24755, Adjuster13, shoot, Alcoholic41, False
51.94756, Adjuster13, shoot, Alcoholic41, False
52.18756, Adjuster13, shoot, Alcoholic41, False
52.18756, Alcoholic41, shoot, Adjuster13, False
52.21773, Juicehead44, deleted 
52.21773, Juicehead48, AI
52.58755, Foe4, shoot, Foe4, False
53.06756, Alcoholic41, shoot, Drunkard40, False
53.14806, Bongfu45, deleted 
53.14806, Bongfu49, AI
53.3145, Betrayal47, deleted 
53.3145, Betrayal50, AI
53.78756, Player, shoot, Juicehead48, False
53.8295, Alcoholic41, deleted 
53.8295, Alcoholic51, AI
53.98756, Juicehead48, shoot, Player, False
53.98756, Player, shoot, Juicehead48, False
53.98756, Player, shoot, Juicehead48, False
53.98756, Player, shoot, Juicehead48, False
54.28756, Player, shoot, Juicehead48, False
55.92278, Lush43, deleted 
55.92278, Lush52, AI
56.04756, Juicehead48, shoot, Juicehead48, False
56.66756, Juicehead48, shoot, Betrayal50, False
57.48756, Betrayal50, shoot, Bongfu49, False
57.84756, Drunkard40, shoot, Betrayal50, False
57.96756, Juicehead48, shoot, Foe4, False
58.14756, Foe4, shoot, Foe4, False
58.16756, Player, shoot, Alcoholic51, False
58.54756, Betrayal50, shoot, Betrayal50, False
58.71298, Bongfu49, deleted 
58.71298, Bongfu53, AI
58.79607, Betrayal50, deleted 
58.79607, Betrayal54, AI
59.89207, Juicehead48, deleted 
59.89207, Juicehead55, AI
60.52756, Juicehead55, shoot, Juicehead55, False
61.08755, Juicehead55, shoot, Lush52, False
61.18756, Player, shoot, Alcoholic51, False
61.18756, Player, shoot, Alcoholic51, False
61.18756, Player, shoot, Alcoholic51, False
61.54756, Player, shoot, Juicehead55, False
61.78756, Player, shoot, Alcoholic51, False
62.18756, Alcoholic51, shoot, Juicehead55, False
62.36756, Alcoholic51, shoot, Juicehead55, False
63.61333, Drunkard40, deleted 
63.61333, Drunkard56, AI
63.82756, Alcoholic51, shoot, Alcoholic51, False
64.34756, Player, shoot, Coward46, False
65.00755, Alcoholic51, shoot, Alcoholic51, False
65.02756, Betrayal54, shoot, Coward46, False
65.08755, Coward46, shoot, Juicehead55, False
65.20756, Foe4, shoot, Foe4, False
65.78756, Coward46, shoot, Juicehead55, False
66.86755, Alcoholic51, shoot, Alcoholic51, False
67.20756, Player, shoot, Juicehead55, False
67.28339, Bongfu53, deleted 
67.28339, Bongfu57, AI
67.54755, Alcoholic51, shoot, Alcoholic51, False
67.92756, Foe4, shoot, Foe4, False
68.00755, Alcoholic51, shoot, Alcoholic51, True
68.01415, Alcoholic58, AI
68.14755, Alcoholic51, shoot, Juicehead55, False
68.74756, Juicehead55, shoot, Lush52, False
69.42756, Juicehead55, shoot, Lush52, False
69.64755, Foe4, shoot, Betrayal54, False
69.78756, Player, get, Horse
70.00755, Juicehead55, shoot, Juicehead55, False
70.0903, Betrayal54, deleted 
70.0903, Betrayal59, AI
70.54755, Adjuster13, shoot, Juicehead55, True
70.55563, Juicehead60, AI
71.73533, Drunkard56, deleted 
71.73533, Drunkard61, AI
71.92756, Foe4, shoot, Foe4, False
72.38756, Juicehead60, shoot, Juicehead60, False
72.42756, Lush52, shoot, Juicehead60, False
73.82895, Coward46, deleted 
73.82895, Coward62, AI
74.16111, Betrayal59, deleted 
74.16111, Betrayal63, AI
74.49302, Adjuster13, deleted 
74.49302, Adjuster64, AI
74.65916, Foe4, deleted 
74.65916, Foe65, AI
74.7089, Lush52, deleted 
74.7089, Lush66, AI
76.14755, Foe65, shoot, Player, False
76.86755, Player, shoot, Lush66, False
77.0676, Alcoholic58, deleted 
77.0676, Alcoholic67, AI
77.08755, Player, shoot, Foe65, False
77.38756, Adjuster64, shoot, Foe65, False
77.38756, Foe65, shoot, Adjuster64, False
79.38756, Player, shoot, Foe65, False
79.54755, Lush66, shoot, Player, False
79.65892, Coward62, deleted 
79.65892, Coward68, AI
80.73886, Bongfu57, deleted 
80.73886, Bongfu69, AI
80.93826, Drunkard61, deleted 
80.93826, Drunkard70, AI
81.18755, Player, shoot, Foe65, False
81.66756, Adjuster64, shoot, Player, False
81.74756, Player, shoot, Coward68, False
81.81887, Betrayal63, deleted 
81.81887, Betrayal71, AI
81.82755, Player, shoot, Drunkard70, False
81.90755, Adjuster64, shoot, Foe65, False
82.28756, Coward68, shoot, Coward68, False
82.94756, Coward68, shoot, Coward68, False
83.56756, Coward68, shoot, Coward68, False
83.97749, Lush66, deleted 
83.97749, Lush72, AI
84.48756, Coward68, shoot, Coward68, False
86.26916, Drunkard70, deleted 
86.26916, Drunkard73, AI
86.50755, Player, shoot, Player, False
86.53497, Bongfu69, deleted 
86.53497, Bongfu74, AI
86.76756, Bongfu74, shoot, Drunkard73, False
86.90051, Betrayal71, deleted 
86.90051, Betrayal75, AI
87.04993, Coward68, deleted 
87.04993, Coward76, AI
87.38756, Alcoholic67, shoot, Bongfu74, False
88.20756, Juicehead60, shoot, Adjuster64, False
89.08755, Bongfu74, shoot, Drunkard73, False
89.50755, Player, shoot, Coward76, False
90.84756, Coward76, shoot, Foe65, False
91.08755, Foe65, shoot, Coward76, False
91.6683, Alcoholic67, deleted 
91.6683, Alcoholic77, AI
92.18755, Foe65, shoot, Adjuster64, False
92.61519, Bongfu74, deleted 
92.61519, Bongfu78, AI
92.72755, Foe65, shoot, Alcoholic77, False
92.7979, Betrayal75, deleted 
92.7979, Betrayal79, AI
93.36297, Juicehead60, deleted 
93.36297, Juicehead80, AI
93.70756, Player, shoot, Bongfu78, False
93.81142, Drunkard73, deleted 
93.81142, Drunkard81, AI
94.12756, Foe65, shoot, Alcoholic77, False
94.50755, Foe65, shoot, Bongfu78, False
94.94756, Foe65, shoot, Drunkard81, False
96.18755, Adjuster64, shoot, Betrayal79, False
96.22755, Juicehead80, shoot, Juicehead80, False
96.26756, Adjuster64, shoot, Betrayal79, False
96.64755, Adjuster64, shoot, Betrayal79, False
96.65196, Lush72, deleted 
96.65196, Lush82, AI
96.76756, Foe65, shoot, Drunkard81, False
96.90755, Drunkard81, shoot, Lush82, False
97.26756, Adjuster64, shoot, Betrayal79, False
97.53286, Coward76, deleted 
97.53286, Coward83, AI
97.78195, Alcoholic77, deleted 
97.78195, Alcoholic84, AI
97.96755, Foe65, shoot, Juicehead80, False
98.36755, Adjuster64, shoot, Betrayal79, False
99.68755, Drunkard81, shoot, Drunkard81, False
100.7723, Betrayal79, deleted 
100.7723, Betrayal85, AI
101.0217, Bongfu78, deleted 
101.0217, Bongfu86, AI
101.8023, Lush82, deleted 
101.8023, Lush87, AI
102.2175, Juicehead80, deleted 
102.2175, Juicehead88, AI
102.7676, Betrayal85, shoot, Alcoholic84, False
104.4876, Lush87, shoot, Lush87, False
104.7596, Drunkard81, deleted 
104.7596, Drunkard89, AI
106.3882, Betrayal85, deleted 
106.3882, Betrayal90, AI
106.4076, Player, shoot, Coward83, False
106.4676, Foe65, shoot, Alcoholic84, False
107.1076, Player, shoot, Alcoholic84, False
107.9329, Bongfu86, deleted 
107.9329, Bongfu91, AI
108.1876, Player, shoot, Player, False
108.7302, Juicehead88, deleted 
108.7302, Juicehead92, AI
109.7476, Foe65, shoot, Player, False
109.7476, Lush87, shoot, Foe65, False
110.0876, Lush87, shoot, Foe65, False
110.4749, Alcoholic84, deleted 
110.4749, Alcoholic93, AI
111.1076, Lush87, shoot, Lush87, False
111.9276, Bongfu91, shoot, Bongfu91, False
112.3876, Coward83, shoot, Betrayal90, False
112.7513, Betrayal90, deleted 
112.7513, Betrayal94, AI
112.8876, Alcoholic93, shoot, Betrayal94, False
113.0876, Drunkard89, shoot, Betrayal94, False
113.2076, Lush87, shoot, Lush87, False
114.994, Bongfu91, deleted 
114.994, Bongfu95, AI
115.5754, Drunkard89, deleted 
115.5754, Drunkard96, AI
117.6023, Betrayal94, deleted 
117.6023, Betrayal97, AI
117.9676, Foe65, shoot, Player, False
118.9476, Foe65, shoot, Foe65, False
119.2076, Coward83, shoot, Alcoholic93, False
119.9076, Alcoholic93, shoot, Alcoholic93, False
120.7076, Drunkard96, shoot, Bongfu95, False
120.7093, Juicehead92, deleted 
120.7093, Juicehead98, AI
121.6399, Drunkard96, deleted 
121.6399, Drunkard99, AI
121.6565, Bongfu95, deleted 
121.6565, Bongfu100, AI
122.2876, Foe65, shoot, Player, False
122.5476, Bongfu100, shoot, Bongfu100, False
122.5676, Foe65, shoot, Player, False
122.5876, Coward83, shoot, Coward83, False
123.1876, Foe65, shoot, Player, True
124.0676, Lush87, shoot, Lush87, False
Normal Close
