Game Time: 2022/2/16 16:48:49
Version: 1.0.0.2 with bullet collision times = 2
0, Player, player
0, Coward1, AI
0, Betrayal2, AI
0, Drunkard3, AI
0, Foe4, AI
0, Juicehead5, AI
0, Alcoholic6, AI
0, Lush7, AI
0, Adjuster8, AI
0, Bongfu9, AI
2.043561, Adjuster8, shoot, Lush7, False
2.423561, Coward1, shoot, Betrayal2, False
3.003561, Alcoholic6, shoot, Adjuster8, False
3.423561, Juicehead5, shoot, Juicehead5, False
3.903561, Juicehead5, shoot, Juicehead5, False
4.023561, Lush7, shoot, Lush7, False
4.023579, Coward1, deleted 
4.023579, Coward10, AI
4.283561, Lush7, shoot, Lush7, False
4.588251, Betrayal2, deleted 
4.588251, Betrayal11, AI
5.483562, Adjuster8, shoot, Adjuster8, False
6.216365, Drunkard3, deleted 
6.216365, Drunkard12, AI
6.365778, Bongfu9, deleted 
6.365778, Bongfu13, AI
6.643561, Juicehead5, shoot, Coward10, False
7.445177, Alcoholic6, deleted 
7.445177, Alcoholic14, AI
7.823561, Juicehead5, shoot, Betrayal11, False
7.963562, Lush7, shoot, Lush7, False
9.663561, Adjuster8, shoot, Foe4, False
12.12951, Lush7, deleted 
12.12951, Lush15, AI
12.41179, Bongfu13, deleted 
12.41179, Bongfu16, AI
12.68356, Player, shoot, Player, False
13.26356, Lush15, shoot, Lush15, False
13.88356, Player, shoot, Player, False
14.18356, Player, shoot, Player, False
14.30356, Foe4, shoot, Lush15, False
14.50356, Player, shoot, Player, False
14.72356, Foe4, shoot, Lush15, False
15.08356, Player, shoot, Player, False
15.18568, Drunkard12, deleted 
15.18568, Drunkard17, AI
15.68356, Adjuster8, shoot, Foe4, False
15.93298, Betrayal11, deleted 
15.93298, Betrayal18, AI
15.98356, Player, shoot, Player, False
16.08356, Player, shoot, Player, False
16.42356, Foe4, shoot, Player, False
16.78356, Foe4, shoot, Adjuster8, False
17.54356, Player, shoot, Player, False
17.92356, Alcoholic14, shoot, Drunkard17, False
17.98356, Player, shoot, Alcoholic14, False
17.98356, Player, shoot, Alcoholic14, False
17.98356, Player, shoot, Alcoholic14, False
17.98356, Player, shoot, Alcoholic14, False
18.46356, Lush15, shoot, Lush15, False
18.52398, Juicehead5, deleted 
18.52398, Juicehead19, AI
18.70669, Bongfu16, deleted 
18.70669, Bongfu20, AI
19.50356, Alcoholic14, shoot, Drunkard17, False
19.92356, Juicehead19, shoot, Player, True
20.10356, Player, shoot, Coward10, False
20.16356, Adjuster8, shoot, Juicehead19, False
20.38356, Adjuster8, shoot, Foe4, False
20.38356, Foe4, shoot, Adjuster8, False
21.60356, Adjuster8, shoot, Foe4, False
22.28356, Adjuster8, shoot, Drunkard17, False
23.38356, Lush15, shoot, Coward10, False
23.40356, Foe4, shoot, Adjuster8, False
23.48356, Bongfu20, shoot, Bongfu20, False
23.66356, Adjuster8, shoot, Adjuster8, False
Normal Close
