Game Time: 2022/2/16 17:11:32
Version: 1.0.0.2 with bullet collision times = 2
0, Player, player
0, Coward1, AI
0, Betrayal2, AI
0, Drunkard3, AI
0, Foe4, AI
0, Juicehead5, AI
0, Alcoholic6, AI
0, Lush7, AI
0, Adjuster8, AI
0, Bongfu9, AI
1.634446, Drunkard3, shoot, Alcoholic6, False
2.654446, Bongfu9, shoot, Betrayal2, False
3.807464, Juicehead5, deleted 
3.807464, Juicehead10, AI
4.034446, Juicehead10, shoot, Juicehead10, False
5.454446, Betrayal2, shoot, Drunkard3, False
5.514446, Foe4, shoot, Foe4, False
5.984125, Coward1, deleted 
5.984125, Coward11, AI
6.69826, Bongfu9, deleted 
6.69826, Bongfu12, AI
6.774446, Adjuster8, shoot, Player, False
6.930301, Drunkard3, deleted 
6.930301, Drunkard13, AI
7.174446, Juicehead10, shoot, Player, False
7.394446, Drunkard13, shoot, Bongfu12, False
7.554446, Bongfu12, shoot, Bongfu12, False
8.074446, Foe4, shoot, Juicehead10, False
8.994446, Bongfu12, shoot, Player, False
8.994446, Player, shoot, Bongfu12, False
9.314446, Adjuster8, shoot, Bongfu12, False
9.694446, Bongfu12, shoot, Foe4, False
10.23445, Drunkard13, shoot, Drunkard13, False
10.67445, Foe4, shoot, Player, False
11.05445, Bongfu12, shoot, Adjuster8, False
11.20009, Betrayal2, deleted 
11.20009, Betrayal14, AI
11.88139, Coward11, deleted 
11.88139, Coward15, AI
12.69561, Drunkard13, deleted 
12.69561, Drunkard16, AI
13.25445, Foe4, shoot, Alcoholic6, False
13.49445, Player, shoot, Adjuster8, False
13.54233, Lush7, deleted 
13.54233, Lush17, AI
13.77471, Juicehead10, deleted 
13.77471, Juicehead18, AI
15.21445, Adjuster8, shoot, Adjuster8, False
15.35445, Player, shoot, Drunkard16, False
16.01445, Foe4, shoot, Alcoholic6, False
16.33445, Bongfu12, shoot, Bongfu12, False
16.47445, Adjuster8, shoot, Drunkard16, False
16.79445, Foe4, shoot, Drunkard16, False
16.79445, Drunkard16, shoot, Foe4, False
17.06273, Coward15, deleted 
17.06273, Coward19, AI
18.33445, Drunkard16, shoot, Foe4, False
18.45444, Drunkard16, shoot, Juicehead18, False
18.83445, Foe4, shoot, Adjuster8, False
19.11445, Adjuster8, shoot, Juicehead18, False
19.51445, Foe4, shoot, Adjuster8, False
19.85445, Drunkard16, shoot, Juicehead18, False
20.18384, Bongfu12, deleted 
20.18384, Bongfu20, AI
20.39445, Bongfu12, shoot, Betrayal14, False
21.57445, Juicehead18, shoot, Juicehead18, False
22.07445, Juicehead18, shoot, Drunkard16, False
22.64081, Coward19, deleted 
22.64081, Coward21, AI
22.69445, Foe4, shoot, Foe4, False
23.09445, Foe4, shoot, Adjuster8, False
23.20537, Betrayal14, deleted 
23.20537, Betrayal22, AI
23.59445, Foe4, shoot, Player, False
23.91445, Drunkard16, shoot, Alcoholic6, False
23.99445, Foe4, shoot, Adjuster8, False
25.11444, Foe4, shoot, Adjuster8, False
25.37444, Player, shoot, Player, False
25.43445, Foe4, shoot, Foe4, False
25.61444, Player, shoot, Betrayal22, False
26.65445, Adjuster8, shoot, Alcoholic6, False
27.01445, Player, shoot, Lush17, False
27.71445, Adjuster8, shoot, Adjuster8, False
28.02111, Coward21, deleted 
28.02111, Coward23, AI
28.21445, Lush17, shoot, Player, False
28.29445, Adjuster8, shoot, Adjuster8, True
28.30343, Adjuster24, AI
28.78534, Drunkard16, deleted 
28.78534, Drunkard25, AI
29.35445, Adjuster24, shoot, Player, False
30.17445, Alcoholic6, shoot, Foe4, False
30.41445, Foe4, shoot, Adjuster24, False
30.69444, Lush17, shoot, Lush17, False
30.71445, Foe4, shoot, Foe4, False
30.85445, Adjuster24, shoot, Adjuster24, False
31.37731, Betrayal22, deleted 
31.37731, Betrayal26, AI
31.69444, Lush17, shoot, Foe4, False
31.69444, Player, shoot, Foe4, True
31.70961, Foe27, AI
31.89445, Alcoholic6, shoot, Lush17, False
32.09444, Lush17, get, Horse
32.31445, Lush17, shoot, Lush17, False
32.62339, Coward23, deleted 
32.62339, Coward28, AI
33.11444, Adjuster24, shoot, Adjuster24, False
34.01445, Adjuster24, shoot, Adjuster24, False
34.07444, Alcoholic6, shoot, Lush17, False
34.17445, Player, shoot, Foe27, False
34.33445, Player, shoot, Foe27, False
35.47445, Player, shoot, Coward28, False
36.06149, Juicehead18, deleted 
36.06149, Juicehead29, AI
36.52648, Betrayal26, deleted 
36.52648, Betrayal30, AI
37.09444, Lush17, shoot, Bongfu20, False
37.55445, Lush17, shoot, Alcoholic6, False
37.73444, Lush17, shoot, Lush17, False
37.93444, Coward28, shoot, Coward28, False
37.99445, Foe27, shoot, Foe27, False
38.01445, Player, shoot, Foe27, False
38.96711, Coward28, deleted 
38.96711, Coward31, AI
39.49445, Adjuster24, shoot, Lush17, False
39.63445, Adjuster24, shoot, Lush17, False
40.37445, Alcoholic6, shoot, Bongfu20, False
40.71445, Bongfu20, shoot, Bongfu20, False
41.14186, Lush17, deleted 
41.14186, Lush32, AI
41.21445, Foe27, shoot, Foe27, False
41.47445, Player, shoot, Adjuster24, False
41.51445, Foe27, shoot, Foe27, False
41.68973, Betrayal30, deleted 
41.68973, Betrayal33, AI
41.81445, Foe27, shoot, Coward31, False
42.11444, Foe27, shoot, Foe27, False
42.19445, Alcoholic6, shoot, Drunkard25, False
42.33445, Betrayal33, shoot, Lush32, False
43.08438, Bongfu20, deleted 
43.08438, Bongfu34, AI
44.41444, Alcoholic6, shoot, Foe27, False
44.63445, Drunkard25, shoot, Drunkard25, False
45.09444, Alcoholic6, shoot, Juicehead29, False
45.54214, Coward31, deleted 
45.54214, Coward35, AI
45.93444, Foe27, shoot, Betrayal33, False
46.15695, Lush32, deleted 
46.15695, Lush36, AI
47.03741, Betrayal33, deleted 
47.03741, Betrayal37, AI
47.67445, Alcoholic6, shoot, Foe27, False
47.69445, Foe27, shoot, Alcoholic6, False
49.09444, Player, shoot, Betrayal37, False
49.11444, Betrayal37, shoot, Player, False
49.25444, Coward35, shoot, Juicehead29, False
49.39444, Drunkard25, shoot, Juicehead29, False
50.45444, Adjuster24, shoot, Coward35, False
50.45948, Bongfu34, deleted 
50.45948, Bongfu38, AI
51.09444, Bongfu38, shoot, Bongfu38, False
51.09444, Foe27, shoot, Juicehead29, False
51.60577, Coward35, deleted 
51.60577, Coward39, AI
51.71444, Betrayal37, shoot, Betrayal37, False
52.31445, Drunkard25, shoot, Drunkard25, False
52.37445, Betrayal37, shoot, Betrayal37, False
52.91444, Drunkard25, shoot, Drunkard25, False
52.99445, Foe27, shoot, Juicehead29, False
53.05444, Juicehead29, shoot, Juicehead29, False
53.19445, Betrayal37, shoot, Betrayal37, False
53.83445, Foe27, shoot, Betrayal37, False
54.44636, Betrayal37, deleted 
54.44636, Betrayal40, AI
55.19445, Foe27, shoot, Coward39, False
55.74199, Drunkard25, deleted 
55.74199, Drunkard41, AI
56.10748, Lush36, deleted 
56.10748, Lush42, AI
56.91444, Player, shoot, Betrayal40, False
57.01445, Player, shoot, Betrayal40, False
58.19445, Adjuster24, shoot, Coward39, False
58.47445, Foe27, shoot, Player, False
59.05444, Player, shoot, Bongfu38, False
59.45444, Player, shoot, Lush42, False
59.49445, Foe27, shoot, Foe27, False
59.69445, Player, shoot, Player, False
60.13445, Juicehead29, shoot, Bongfu38, False
60.45444, Alcoholic6, shoot, Lush42, False
60.77444, Alcoholic6, shoot, Alcoholic6, False
60.80804, Betrayal40, deleted 
60.80804, Betrayal43, AI
60.89444, Alcoholic6, shoot, Player, False
61.21444, Coward39, shoot, Adjuster24, False
61.49445, Coward39, shoot, Adjuster24, False
61.70485, Drunkard41, deleted 
61.70485, Drunkard44, AI
61.95444, Foe27, shoot, Player, False
62.09444, Coward39, shoot, Adjuster24, False
63.03445, Coward39, shoot, Adjuster24, False
63.11444, Drunkard44, shoot, Drunkard44, False
63.47445, Player, shoot, Foe27, True
63.48257, Foe45, AI
65.01444, Foe45, shoot, Foe45, False
66.69444, Foe45, shoot, Foe45, False
66.80539, Betrayal43, deleted 
66.80539, Betrayal46, AI
66.87444, Bongfu38, shoot, Bongfu38, False
66.97444, Player, shoot, Foe45, False
68.33444, Player, shoot, Lush42, False
68.45444, Alcoholic6, shoot, Bongfu38, False
69.25445, Lush42, shoot, Player, False
69.31445, Betrayal46, shoot, Drunkard44, False
70.39445, Lush42, shoot, Player, True
Normal Close
