Game Time: 2022/2/16 17:00:57
Version: 1.0.0.2 with bullet collision times = 2
0, Player, player
0, Coward1, AI
0, Betrayal2, AI
0, Drunkard3, AI
0, Foe4, AI
0, Juicehead5, AI
0, Alcoholic6, AI
0, Lush7, AI
0, Adjuster8, AI
0, Bongfu9, AI
1.39432, Bongfu9, shoot, Coward1, False
2.33432, Lush7, shoot, Adjuster8, False
2.37432, Drunkard3, shoot, Betrayal2, False
3.17432, Adjuster8, shoot, Bongfu9, False
4.008333, Juicehead5, deleted 
4.008333, Juicehead10, AI
4.11432, Foe4, shoot, Adjuster8, False
4.17432, Adjuster8, shoot, Coward1, False
5.137494, Alcoholic6, deleted 
5.137494, Alcoholic11, AI
5.39432, Drunkard3, shoot, Bongfu9, False
5.45432, Coward1, shoot, Coward1, False
5.67432, Alcoholic6, shoot, Betrayal2, False
5.73432, Foe4, shoot, Adjuster8, False
5.835455, Bongfu9, deleted 
5.835455, Bongfu12, AI
5.85432, Drunkard3, get, Horse
5.885192, Drunkard3, deleted 
5.885192, Drunkard13, AI
5.89432, Drunkard13, shoot, Bongfu12, False
7.064642, Lush7, deleted 
7.064642, Lush14, AI
7.11442, Coward1, deleted 
7.11442, Coward15, AI
8.99432, Betrayal2, shoot, Bongfu12, False
9.07432, Betrayal2, shoot, Bongfu12, False
9.33432, Betrayal2, shoot, Betrayal2, False
10.19432, Adjuster8, shoot, Juicehead10, False
10.45432, Adjuster8, shoot, Juicehead10, False
10.71432, Foe4, shoot, Juicehead10, False
10.96727, Bongfu12, deleted 
10.96727, Bongfu16, AI
11.48174, Alcoholic11, deleted 
11.48174, Alcoholic17, AI
11.51432, Juicehead10, shoot, Juicehead10, False
12.11432, Betrayal2, shoot, Foe4, False
12.45432, Betrayal2, shoot, Betrayal2, False
12.63432, Adjuster8, shoot, Drunkard13, False
12.73432, Coward15, shoot, Betrayal2, False
12.83432, Adjuster8, shoot, Juicehead10, False
13.15432, Betrayal2, shoot, Adjuster8, False
13.19432, Betrayal2, shoot, Foe4, False
13.33432, Juicehead10, shoot, Adjuster8, False
13.57432, Juicehead10, shoot, Player, False
13.71432, Betrayal2, shoot, Lush14, False
14.23432, Lush14, shoot, Player, False
14.49432, Adjuster8, shoot, Foe4, False
14.53432, Juicehead10, shoot, Juicehead10, False
14.61432, Juicehead10, shoot, Foe4, False
14.63432, Coward15, shoot, Drunkard13, False
14.65432, Drunkard13, shoot, Drunkard13, False
14.89432, Bongfu16, shoot, Player, False
15.77432, Lush14, shoot, Lush14, False
16.09432, Betrayal2, shoot, Betrayal2, False
16.27432, Adjuster8, shoot, Foe4, False
17.13041, Drunkard13, deleted 
17.13041, Drunkard18, AI
17.37432, Adjuster8, shoot, Player, False
17.56198, Coward15, deleted 
17.56198, Coward19, AI
17.79432, Lush14, shoot, Lush14, False
18.09432, Lush14, shoot, Lush14, False
18.35432, Adjuster8, shoot, Adjuster8, False
18.69432, Adjuster8, shoot, Foe4, False
18.89432, Foe4, shoot, Foe4, False
19.60575, Betrayal2, deleted 
19.60575, Betrayal20, AI
19.67432, Adjuster8, shoot, Foe4, False
19.81432, Foe4, shoot, Adjuster8, False
19.81432, Adjuster8, shoot, Foe4, False
19.81432, Adjuster8, shoot, Foe4, True
19.82181, Foe21, AI
19.89432, Adjuster8, get, Horse
20.17432, Juicehead10, shoot, Juicehead10, False
20.81432, Juicehead10, shoot, Bongfu16, False
21.19432, Coward19, shoot, Coward19, False
21.566, Alcoholic17, deleted 
21.566, Alcoholic22, AI
21.75432, Juicehead10, shoot, Juicehead10, False
21.83432, Betrayal20, shoot, Betrayal20, False
21.89835, Bongfu16, deleted 
21.89835, Bongfu23, AI
21.95432, Foe21, shoot, Player, False
22.15432, Player, shoot, Betrayal20, False
22.63432, Lush14, shoot, Juicehead10, False
23.07432, Coward19, shoot, Coward19, False
23.09432, Adjuster8, shoot, Player, False
23.21432, Coward19, shoot, Coward19, False
23.49432, Adjuster8, shoot, Foe21, False
23.82539, Drunkard18, deleted 
23.82539, Drunkard24, AI
25.67432, Juicehead10, shoot, Juicehead10, True
25.6861, Juicehead25, AI
26.03494, Betrayal20, deleted 
26.03494, Betrayal26, AI
26.15432, Adjuster8, shoot, Bongfu23, False
27.63432, Player, shoot, Betrayal26, False
28.05432, Adjuster8, shoot, Player, False
28.0618, Alcoholic22, deleted 
28.0618, Alcoholic27, AI
28.75432, Adjuster8, shoot, Adjuster8, False
28.97432, Juicehead25, shoot, Juicehead25, False
29.19432, Bongfu23, shoot, Bongfu23, False
29.25432, Adjuster8, shoot, Foe21, False
29.29432, Drunkard24, shoot, Drunkard24, False
29.51432, Foe21, shoot, Foe21, False
30.25432, Adjuster8, shoot, Player, False
30.35432, Drunkard24, shoot, Drunkard24, False
30.65432, Adjuster8, shoot, Foe21, False
31.38201, Coward19, deleted 
31.38201, Coward28, AI
31.75432, Adjuster8, shoot, Player, False
31.89432, Player, shoot, Player, True
32.01432, Player, shoot, Adjuster8, False
32.03432, Player, shoot, Foe21, False
32.09432, Player, shoot, Adjuster8, False
32.53432, Lush14, shoot, Lush14, False
32.61432, Foe21, shoot, Foe21, False
Normal Close
