Game Time: 2022/2/16 16:29:23
Version: 1.0.0.2 with bullet collision times = 2
0, Player, player
0, Coward1, AI
0, Betrayal2, AI
0, Drunkard3, AI
0, Foe4, AI
0, Juicehead5, AI
0, Alcoholic6, AI
0, Lush7, AI
0, Adjuster8, AI
0, Bongfu9, AI
2.676477, Betrayal2, shoot, Betrayal2, False
3.616477, Foe4, shoot, Adjuster8, False
3.616477, Adjuster8, shoot, Foe4, False
3.696477, Drunkard3, shoot, Coward1, False
4.596477, Alcoholic6, shoot, Foe4, False
4.996477, Adjuster8, shoot, Adjuster8, False
5.396477, Adjuster8, shoot, Foe4, False
6.396477, Adjuster8, shoot, Foe4, False
6.916477, Bongfu9, shoot, Foe4, False
7.436477, Foe4, shoot, Player, False
7.844015, Betrayal2, deleted 
7.844015, Betrayal10, AI
7.916477, Foe4, shoot, Adjuster8, False
8.156477, Alcoholic6, shoot, Foe4, False
8.896477, Adjuster8, shoot, Adjuster8, False
8.996477, Drunkard3, shoot, Adjuster8, False
9.276477, Foe4, shoot, Player, False
9.916477, Foe4, shoot, Player, False
10.25648, Foe4, shoot, Foe4, False
10.71648, Adjuster8, shoot, Player, False
10.79648, Adjuster8, shoot, Drunkard3, False
10.79648, Drunkard3, shoot, Adjuster8, False
10.97648, Betrayal10, shoot, Betrayal10, False
11.09648, Adjuster8, shoot, Bongfu9, False
11.37648, Foe4, shoot, Player, False
11.39844, Coward1, deleted 
11.39844, Coward11, AI
12.09648, Bongfu9, shoot, Bongfu9, False
12.75648, Coward1, shoot, Juicehead5, False
13.29648, Player, shoot, Player, False
13.35648, Drunkard3, shoot, Drunkard3, False
13.47648, Foe4, shoot, Foe4, False
13.50832, Betrayal10, deleted 
13.50832, Betrayal12, AI
13.87648, Foe4, shoot, Adjuster8, False
14.19648, Player, shoot, Player, False
14.3224, Lush7, deleted 
14.3224, Lush13, AI
14.49648, Player, shoot, Player, False
14.51648, Player, shoot, Player, False
15.17648, Bongfu9, shoot, Foe4, False
15.25648, Foe4, shoot, Betrayal12, False
15.35648, Adjuster8, shoot, Drunkard3, False
15.73648, Juicehead5, shoot, Juicehead5, False
15.91722, Coward11, deleted 
15.91722, Coward14, AI
15.99648, Player, shoot, Player, True
16.03648, Foe4, shoot, Adjuster8, False
16.45648, Adjuster8, shoot, Betrayal12, False
16.47648, Foe4, shoot, Bongfu9, False
17.27648, Adjuster8, shoot, Foe4, True
17.55648, Adjuster8, get, Horse
17.55648, Adjuster8, shoot, Adjuster8, False
18.27648, Drunkard3, shoot, Drunkard3, False
18.51648, Adjuster8, shoot, Drunkard3, False
18.59648, Bongfu9, shoot, Coward14, False
18.59648, Drunkard3, shoot, Adjuster8, True
18.63648, Drunkard3, get, Shield
18.71648, Juicehead5, shoot, Juicehead5, False
20.33648, Adjuster8, shoot, Bongfu9, False
Normal Close
