Game Time: 2022/2/16 17:02:14
Version: 1.0.0.2 with bullet collision times = 2
0, Player, player
0, Coward1, AI
0, Betrayal2, AI
0, Drunkard3, AI
0, Foe4, AI
0, Juicehead5, AI
0, Alcoholic6, AI
0, Lush7, AI
0, Adjuster8, AI
0, Bongfu9, AI
0.475651, Bongfu9, shoot, Bongfu9, False
0.575651, Juicehead5, shoot, Juicehead5, False
2.915651, Alcoholic6, shoot, Foe4, False
3.235651, Foe4, shoot, Alcoholic6, False
3.715651, Drunkard3, shoot, Bongfu9, False
5.090646, Coward1, deleted 
5.090646, Coward10, AI
5.215651, Bongfu9, shoot, Bongfu9, False
6.08678, Bongfu9, deleted 
6.08678, Bongfu11, AI
6.85037, Drunkard3, deleted 
6.85037, Drunkard12, AI
6.935651, Player, shoot, Bongfu11, False
6.966626, Betrayal2, deleted 
6.966626, Betrayal13, AI
7.475651, Alcoholic6, shoot, Juicehead5, False
7.580943, Alcoholic6, deleted 
7.580943, Alcoholic14, AI
8.575651, Juicehead5, shoot, Foe4, False
10.38653, Coward10, deleted 
10.38653, Coward15, AI
11.93059, Drunkard12, deleted 
11.93059, Drunkard16, AI
12.79565, Adjuster8, shoot, Player, False
13.15936, Lush7, deleted 
13.15936, Lush17, AI
13.45565, Foe4, shoot, Adjuster8, False
13.79565, Bongfu11, shoot, Betrayal13, False
14.1226, Alcoholic14, deleted 
14.1226, Alcoholic18, AI
14.31565, Foe4, shoot, Adjuster8, False
14.39565, Bongfu11, shoot, Betrayal13, False
14.63565, Foe4, shoot, Adjuster8, False
14.76993, Betrayal13, deleted 
14.76993, Betrayal19, AI
14.77565, Bongfu11, get, Shield
14.80318, Bongfu11, deleted 
14.80318, Bongfu20, AI
14.81565, Bongfu20, shoot, Betrayal19, False
15.35565, Player, shoot, Betrayal19, False
15.46737, Coward15, deleted 
15.46737, Coward21, AI
16.51565, Drunkard16, shoot, Drunkard16, False
17.65565, Drunkard16, shoot, Drunkard16, False
17.75565, Adjuster8, shoot, Foe4, False
18.39565, Betrayal19, shoot, Foe4, False
18.63565, Adjuster8, shoot, Foe4, False
18.83801, Lush17, deleted 
18.83801, Lush22, AI
19.49565, Adjuster8, shoot, Foe4, False
19.61862, Bongfu20, deleted 
19.61862, Bongfu23, AI
19.79565, Adjuster8, shoot, Foe4, False
19.79565, Foe4, shoot, Betrayal19, False
19.87565, Coward21, shoot, Adjuster8, False
20.39565, Foe4, shoot, Betrayal19, False
20.41565, Adjuster8, shoot, Foe4, False
20.59813, Drunkard16, deleted 
20.59813, Drunkard24, AI
20.79565, Bongfu23, shoot, Lush22, False
21.29565, Foe4, shoot, Betrayal19, False
21.31565, Adjuster8, shoot, Foe4, False
21.41565, Alcoholic18, shoot, Alcoholic18, False
21.59565, Foe4, shoot, Betrayal19, False
21.59565, Foe4, shoot, Betrayal19, False
21.59565, Foe4, shoot, Betrayal19, False
21.59565, Betrayal19, shoot, Foe4, False
22.17565, Lush22, shoot, Lush22, False
22.35565, Lush22, shoot, Lush22, False
23.13565, Foe4, shoot, Adjuster8, False
23.30454, Betrayal19, deleted 
23.30454, Betrayal25, AI
23.43565, Foe4, shoot, Juicehead5, False
23.45565, Adjuster8, shoot, Foe4, True
23.47032, Foe26, AI
23.81565, Adjuster8, get, Horse
24.07565, Foe4, shoot, Bongfu23, False
24.48327, Coward21, deleted 
24.48327, Coward27, AI
25.75565, Juicehead5, shoot, Adjuster8, False
26.27565, Adjuster8, shoot, Alcoholic18, False
26.5091, Lush22, deleted 
26.5091, Lush28, AI
26.69565, Alcoholic18, shoot, Adjuster8, False
26.69565, Adjuster8, shoot, Alcoholic18, False
27.11565, Foe26, shoot, Foe26, False
27.33565, Lush28, shoot, Lush28, False
27.55565, Adjuster8, shoot, Alcoholic18, False
27.68775, Bongfu23, deleted 
27.68775, Bongfu29, AI
27.72087, Juicehead5, deleted 
27.72087, Juicehead30, AI
28.48496, Alcoholic18, deleted 
28.48496, Alcoholic31, AI
29.95565, Betrayal25, shoot, Coward27, False
30.33565, Foe26, shoot, Juicehead30, False
32.05466, Betrayal25, deleted 
32.05466, Betrayal32, AI
33.28354, Bongfu29, deleted 
33.28354, Bongfu33, AI
33.58241, Coward27, deleted 
33.58241, Coward34, AI
33.77565, Foe26, shoot, Foe26, False
34.03565, Adjuster8, shoot, Player, False
34.31565, Bongfu33, shoot, Bongfu33, False
35.37565, Foe26, shoot, Alcoholic31, False
36.77565, Lush28, shoot, Adjuster8, False
37.99565, Foe26, shoot, Juicehead30, False
38.24828, Alcoholic31, deleted 
38.24828, Alcoholic35, AI
38.28141, Lush28, deleted 
38.28141, Lush36, AI
38.29565, Lush36, shoot, Alcoholic35, False
38.63033, Betrayal32, deleted 
38.63033, Betrayal37, AI
38.87565, Foe26, shoot, Juicehead30, False
40.37565, Player, shoot, Alcoholic35, False
41.17565, Drunkard24, shoot, Adjuster8, False
42.75565, Foe26, shoot, Player, False
42.89565, Drunkard24, shoot, Adjuster8, False
43.45565, Adjuster8, shoot, Drunkard24, False
43.56193, Coward34, deleted 
43.56193, Coward38, AI
43.62832, Betrayal37, deleted 
43.62832, Betrayal39, AI
43.63565, Betrayal39, shoot, Coward38, False
43.73565, Juicehead30, shoot, Alcoholic35, False
43.91565, Lush36, shoot, Juicehead30, False
44.04342, Juicehead30, deleted 
44.04342, Juicehead40, AI
44.409, Lush36, deleted 
44.409, Lush41, AI
45.12289, Alcoholic35, deleted 
45.12289, Alcoholic42, AI
46.21565, Adjuster8, shoot, Bongfu33, False
48.51565, Adjuster8, shoot, Drunkard24, False
48.73565, Adjuster8, shoot, Drunkard24, False
49.87202, Coward38, deleted 
49.87202, Coward43, AI
49.88858, Bongfu33, deleted 
49.88858, Bongfu44, AI
51.01767, Drunkard24, deleted 
51.01767, Drunkard45, AI
51.25565, Adjuster8, shoot, Juicehead40, False
51.98067, Betrayal39, deleted 
51.98067, Betrayal46, AI
52.24665, Lush41, deleted 
52.24665, Lush47, AI
52.41565, Alcoholic42, shoot, Foe26, False
53.06025, Juicehead40, deleted 
53.06025, Juicehead48, AI
54.81565, Foe26, shoot, Drunkard45, False
55.63565, Foe26, shoot, Drunkard45, False
55.94943, Bongfu44, deleted 
55.94943, Bongfu49, AI
57.95882, Coward43, deleted 
57.95882, Coward50, AI
58.07565, Drunkard45, shoot, Foe26, False
58.69565, Drunkard45, shoot, Drunkard45, False
58.73565, Player, shoot, Coward50, False
59.19565, Drunkard45, shoot, Drunkard45, False
59.20454, Betrayal46, deleted 
59.20454, Betrayal51, AI
60.05565, Foe26, shoot, Lush47, False
61.07565, Adjuster8, shoot, Player, False
61.17565, Adjuster8, shoot, Juicehead48, False
61.45565, Bongfu49, shoot, Bongfu49, False
61.49565, Coward50, shoot, Foe26, False
61.67565, Coward50, shoot, Foe26, False
61.89565, Drunkard45, shoot, Foe26, False
61.93565, Adjuster8, shoot, Betrayal51, False
61.99565, Adjuster8, shoot, Player, False
62.04363, Drunkard45, deleted 
62.04363, Drunkard52, AI
62.17565, Alcoholic42, shoot, Juicehead48, False
62.31565, Adjuster8, shoot, Player, False
62.85773, Juicehead48, deleted 
62.85773, Juicehead53, AI
63.03565, Foe26, shoot, Betrayal51, False
63.17565, Foe26, shoot, Betrayal51, False
63.25565, Adjuster8, shoot, Coward50, False
63.29565, Juicehead53, shoot, Juicehead53, False
63.45565, Adjuster8, shoot, Betrayal51, False
63.72089, Lush47, deleted 
63.72089, Lush54, AI
63.89565, Adjuster8, shoot, Betrayal51, False
64.11565, Adjuster8, shoot, Betrayal51, False
64.28537, Coward50, deleted 
64.28537, Coward55, AI
64.55565, Player, shoot, Drunkard52, False
64.75565, Adjuster8, shoot, Bongfu49, False
64.87565, Adjuster8, shoot, Bongfu49, False
64.93565, Adjuster8, shoot, Juicehead53, False
65.01565, Player, shoot, Juicehead53, False
65.11565, Player, shoot, Juicehead53, False
66.0122, Bongfu49, deleted 
66.0122, Bongfu56, AI
66.77565, Juicehead53, shoot, Juicehead53, False
66.81565, Player, shoot, Lush54, False
67.21565, Adjuster8, shoot, Adjuster8, False
68.85167, Betrayal51, deleted 
68.85167, Betrayal57, AI
68.90159, Juicehead53, deleted 
68.90159, Juicehead58, AI
68.91565, Juicehead58, shoot, Betrayal57, False
69.051, Coward55, deleted 
69.051, Coward59, AI
69.34988, Alcoholic42, deleted 
69.34988, Alcoholic60, AI
69.45565, Adjuster8, shoot, Player, False
69.53565, Adjuster8, shoot, Player, False
70.09693, Drunkard52, deleted 
70.09693, Drunkard61, AI
70.91565, Foe26, shoot, Bongfu56, False
71.43565, Player, shoot, Coward59, False
71.82366, Bongfu56, deleted 
71.82366, Bongfu62, AI
72.11565, Drunkard61, shoot, Drunkard61, False
72.79565, Bongfu62, shoot, Player, False
73.05565, Player, shoot, Bongfu62, False
74.05565, Alcoholic60, shoot, Alcoholic60, False
74.29752, Betrayal57, deleted 
74.29752, Betrayal63, AI
74.63565, Adjuster8, shoot, Coward59, False
75.74254, Lush54, deleted 
75.74254, Lush64, AI
76.00795, Coward59, deleted 
76.00795, Coward65, AI
76.35565, Adjuster8, shoot, Bongfu62, False
76.45565, Player, shoot, Player, False
76.55565, Betrayal63, shoot, Coward65, False
76.97565, Coward65, shoot, Coward65, False
77.27565, Coward65, shoot, Coward65, False
77.50269, Bongfu62, deleted 
77.50269, Bongfu66, AI
77.87565, Player, shoot, Betrayal63, False
77.95565, Player, shoot, Betrayal63, False
79.11565, Coward65, shoot, Coward65, False
79.53565, Player, shoot, Lush64, False
80.45565, Player, shoot, Lush64, False
80.69565, Lush64, shoot, Player, False
80.95602, Alcoholic60, deleted 
80.95602, Alcoholic67, AI
81.37565, Lush64, shoot, Player, False
81.50392, Betrayal63, deleted 
81.50392, Betrayal68, AI
81.69565, Coward65, shoot, Coward65, False
82.27565, Lush64, shoot, Player, False
82.79565, Coward65, shoot, Coward65, False
83.43565, Player, shoot, Lush64, False
84.29565, Player, shoot, Betrayal68, False
84.31565, Player, shoot, Betrayal68, False
84.51565, Player, shoot, Coward65, False
85.83821, Coward65, deleted 
85.83821, Coward69, AI
86.07037, Bongfu66, deleted 
86.07037, Bongfu70, AI
86.51565, Lush64, shoot, Lush64, False
86.69565, Player, shoot, Juicehead58, False
86.91565, Betrayal68, shoot, Player, True
87.15565, Player, shoot, Juicehead58, False
87.67565, Player, shoot, Betrayal68, False
87.89565, Lush64, shoot, Drunkard61, False
87.89565, Juicehead58, shoot, Betrayal68, False
88.35565, Adjuster8, shoot, Adjuster8, False
89.59565, Juicehead58, shoot, Juicehead58, False
Normal Close
