Game Time: 2022/2/17 10:19:27
Version: 1.0.0.2 with bullet collision times = 3
0, Player, player
0, Coward1, AI
0, Betrayal2, AI
0, Drunkard3, AI
0, Foe4, AI
0, Juicehead5, AI
0, Alcoholic6, AI
0, Lush7, AI
0, Adjuster8, AI
0, Bongfu9, AI
2.249741, Foe4, shoot, Lush7, False
2.269741, Lush7, shoot, Adjuster8, False
2.909741, Adjuster8, shoot, Juicehead5, False
3.049741, Adjuster8, shoot, Bongfu9, False
3.189741, Lush7, shoot, Lush7, False
3.249741, Alcoholic6, shoot, Alcoholic6, False
3.589741, Adjuster8, shoot, Bongfu9, False
3.689741, Lush7, shoot, Lush7, False
3.729741, Alcoholic6, shoot, Alcoholic6, False
3.789741, Juicehead5, shoot, Foe4, False
4.229741, Bongfu9, shoot, Player, False
4.789741, Adjuster8, shoot, Bongfu9, False
5.049741, Juicehead5, shoot, Lush7, False
5.429741, Lush7, shoot, Juicehead5, False
5.429741, Adjuster8, shoot, Bongfu9, False
5.489741, Foe4, shoot, Foe4, False
6.109741, Foe4, shoot, Foe4, False
6.564316, Drunkard3, deleted 
6.564316, Drunkard10, AI
6.889741, Juicehead5, shoot, Juicehead5, False
7.249741, Lush7, shoot, Foe4, False
8.069741, Foe4, shoot, Adjuster8, False
8.109741, Bongfu9, shoot, Betrayal2, False
8.649741, Bongfu9, shoot, Bongfu9, False
8.90974, Bongfu9, shoot, Bongfu9, False
9.36974, Betrayal2, shoot, Adjuster8, False
9.52974, Foe4, shoot, Alcoholic6, False
9.769741, Foe4, shoot, Alcoholic6, False
9.94974, Adjuster8, shoot, Foe4, False
10.18974, Bongfu9, shoot, Player, False
10.3837, Drunkard10, deleted 
10.3837, Drunkard11, AI
10.60974, Bongfu9, shoot, Bongfu9, False
10.70974, Adjuster8, shoot, Alcoholic6, False
10.88974, Lush7, shoot, Lush7, False
10.90974, Bongfu9, shoot, Bongfu9, False
11.08974, Foe4, shoot, Adjuster8, False
11.48974, Bongfu9, shoot, Bongfu9, False
11.56974, Foe4, shoot, Betrayal2, False
11.80974, Adjuster8, shoot, Betrayal2, False
11.87825, Juicehead5, deleted 
11.87825, Juicehead12, AI
12.36974, Bongfu9, shoot, Betrayal2, False
12.38974, Bongfu9, shoot, Bongfu9, True
12.393, Bongfu13, AI
12.56974, Bongfu9, shoot, Betrayal2, False
12.76974, Foe4, shoot, Adjuster8, False
12.79146, Coward1, deleted 
12.79146, Coward14, AI
12.80974, Coward14, shoot, Bongfu13, False
12.96974, Player, shoot, Juicehead12, False
14.08974, Player, shoot, Alcoholic6, False
14.16974, Foe4, shoot, Alcoholic6, False
14.24974, Adjuster8, shoot, Adjuster8, False
14.38974, Player, shoot, Alcoholic6, False
14.78974, Foe4, shoot, Alcoholic6, False
15.20974, Betrayal2, shoot, Drunkard11, False
15.44974, Bongfu13, shoot, Juicehead12, False
15.64974, Foe4, shoot, Player, False
15.72974, Drunkard11, shoot, Drunkard11, False
16.26974, Alcoholic6, shoot, Alcoholic6, True
16.27907, Alcoholic15, AI
16.30974, Bongfu13, shoot, Bongfu13, False
16.42974, Player, get, Horse
16.46974, Betrayal2, shoot, Drunkard11, False
16.78974, Betrayal2, shoot, Drunkard11, False
17.1592, Drunkard11, deleted 
17.1592, Drunkard16, AI
17.39174, Betrayal2, deleted 
17.39174, Betrayal17, AI
17.44974, Juicehead12, shoot, Juicehead12, False
18.16974, Player, shoot, Player, False
18.42974, Lush7, shoot, Adjuster8, False
18.55447, Juicehead12, deleted 
18.55447, Juicehead18, AI
18.70974, Adjuster8, shoot, Adjuster8, False
20.58974, Bongfu13, shoot, Adjuster8, False
20.69741, Lush7, deleted 
20.69741, Lush19, AI
21.26215, Bongfu13, deleted 
21.26215, Bongfu20, AI
21.74974, Adjuster8, shoot, Foe4, False
21.90974, Adjuster8, shoot, Betrayal17, False
23.05608, Alcoholic15, deleted 
23.05608, Alcoholic21, AI
23.40495, Juicehead18, deleted 
23.40495, Juicehead22, AI
23.86974, Adjuster8, shoot, Coward14, False
24.26974, Adjuster8, shoot, Betrayal17, False
24.46974, Foe4, shoot, Bongfu20, False
24.50974, Foe4, shoot, Foe4, False
24.76974, Foe4, shoot, Player, False
24.86974, Adjuster8, shoot, Betrayal17, False
25.34974, Adjuster8, shoot, Bongfu20, False
25.36974, Adjuster8, shoot, Foe4, False
25.80974, Foe4, shoot, Adjuster8, True
25.81335, Adjuster23, AI
25.90974, Foe4, get, Horse
26.40974, Foe4, shoot, Drunkard16, False
26.82974, Lush19, shoot, Juicehead22, False
27.76974, Foe4, shoot, Bongfu20, False
27.90974, Player, shoot, Drunkard16, False
28.02974, Lush19, shoot, Lush19, False
28.28974, Lush19, shoot, Lush19, False
28.64974, Player, shoot, Foe4, False
28.80974, Player, shoot, Foe4, False
29.02974, Foe4, shoot, Drunkard16, False
29.14974, Player, shoot, Lush19, False
29.60974, Lush19, shoot, Lush19, False
30.04974, Player, shoot, Lush19, False
30.30974, Foe4, shoot, Player, False
30.30974, Player, shoot, Foe4, True
30.31446, Foe24, AI
30.36974, Foe4, shoot, Player, False
30.46974, Foe4, shoot, Adjuster23, False
30.48974, Player, get, Shield
30.50974, Lush19, shoot, Adjuster23, False
30.53048, Betrayal17, deleted 
30.53048, Betrayal25, AI
30.80974, Lush19, shoot, Adjuster23, False
30.90974, Foe24, shoot, Foe24, False
31.00974, Foe4, shoot, Foe24, False
31.84974, Adjuster23, shoot, Foe24, False
32.20974, Player, shoot, Lush19, False
33.00974, Adjuster23, shoot, Foe24, False
33.82974, Juicehead22, shoot, Bongfu20, False
34.00974, Bongfu20, shoot, Bongfu20, False
34.00974, Adjuster23, shoot, Adjuster23, False
34.20974, Player, shoot, Lush19, False
34.30974, Adjuster23, shoot, Adjuster23, False
34.78974, Player, shoot, Lush19, False
34.78974, Player, shoot, Lush19, False
34.88351, Betrayal25, deleted 
34.88351, Betrayal26, AI
34.90974, Drunkard16, shoot, Coward14, False
34.90974, Adjuster23, shoot, Adjuster23, False
35.50974, Drunkard16, shoot, Coward14, False
35.68974, Lush19, shoot, Foe24, False
35.72974, Player, shoot, Lush19, True
35.73074, Lush27, AI
35.80974, Player, get, Shield
36.06974, Foe24, shoot, Betrayal26, False
36.12974, Bongfu20, shoot, Bongfu20, False
36.20974, Foe24, shoot, Betrayal26, False
36.40974, Drunkard16, shoot, Coward14, False
36.68974, Alcoholic21, shoot, Alcoholic21, False
36.72974, Drunkard16, shoot, Coward14, False
36.78974, Bongfu20, shoot, Bongfu20, False
37.98974, Player, shoot, Adjuster23, False
38.62133, Lush27, deleted 
38.62133, Lush28, AI
38.88974, Betrayal26, shoot, Betrayal26, False
38.96974, Bongfu20, shoot, Drunkard16, False
39.44974, Coward14, shoot, Coward14, False
39.70974, Coward14, shoot, Coward14, False
39.78974, Foe24, shoot, Juicehead22, False
39.92974, Drunkard16, shoot, Drunkard16, False
40.30974, Coward14, shoot, Coward14, False
40.40974, Adjuster23, shoot, Adjuster23, False
40.54974, Drunkard16, shoot, Foe24, False
40.82974, Adjuster23, shoot, Player, False
41.00974, Drunkard16, shoot, Foe24, False
41.08974, Foe24, shoot, Player, False
41.08974, Foe24, shoot, Player, False
41.08974, Foe24, shoot, Player, True
41.12974, Player, shoot, Foe24, False
41.12974, Player, shoot, Foe24, False
41.12974, Player, shoot, Foe24, True
41.18974, Coward14, shoot, Coward14, False
41.24974, Foe24, shoot, Adjuster23, False
41.48974, Adjuster23, get, Shield
Normal Close
