Game Time: 2022/2/17 9:55:00
Version: 1.0.0.2 with bullet collision times = 3
0, Player, player
0, Coward1, AI
0, Betrayal2, AI
0, Drunkard3, AI
0, Foe4, AI
0, Juicehead5, AI
0, Alcoholic6, AI
0, Lush7, AI
0, Adjuster8, AI
0, Bongfu9, AI
1.216541, Bongfu9, shoot, Player, False
1.256541, Coward1, shoot, Coward1, False
3.596541, Adjuster8, shoot, Player, False
3.596541, Player, shoot, Adjuster8, False
3.736541, Bongfu9, shoot, Adjuster8, False
3.836541, Foe4, shoot, Player, False
4.376541, Adjuster8, shoot, Player, False
4.396541, Drunkard3, shoot, Player, False
5.656541, Adjuster8, shoot, Foe4, False
6.216541, Adjuster8, shoot, Foe4, False
7.016541, Foe4, shoot, Foe4, False
7.376541, Bongfu9, shoot, Bongfu9, False
7.456541, Player, shoot, Bongfu9, False
7.896541, Drunkard3, shoot, Drunkard3, False
8.036541, Adjuster8, shoot, Bongfu9, False
8.516541, Drunkard3, shoot, Drunkard3, False
8.636541, Betrayal2, shoot, Betrayal2, False
8.796541, Player, shoot, Adjuster8, False
9.636541, Player, shoot, Drunkard3, False
9.686554, Lush7, deleted 
9.686554, Lush10, AI
9.736541, Player, shoot, Bongfu9, False
9.976542, Juicehead5, get, Shield
10.51716, Juicehead5, deleted 
10.51716, Juicehead11, AI
10.61654, Foe4, shoot, Foe4, False
10.89654, Adjuster8, shoot, Adjuster8, False
10.99654, Lush10, shoot, Lush10, False
11.05654, Alcoholic6, shoot, Alcoholic6, False
11.39654, Foe4, shoot, Adjuster8, False
11.51654, Bongfu9, shoot, Bongfu9, False
11.85654, Player, shoot, Drunkard3, False
12.61654, Foe4, shoot, Adjuster8, False
13.24202, Betrayal2, deleted 
13.24202, Betrayal12, AI
13.43654, Adjuster8, shoot, Alcoholic6, False
14.55654, Coward1, shoot, Coward1, False
14.65654, Bongfu9, shoot, Player, False
15.25654, Drunkard3, shoot, Drunkard3, False
15.35654, Bongfu9, shoot, Coward1, False
15.49654, Foe4, shoot, Player, False
15.83654, Foe4, shoot, Bongfu9, False
16.51654, Adjuster8, shoot, Player, False
16.79654, Player, shoot, Bongfu9, False
16.79654, Player, shoot, Bongfu9, False
16.79654, Player, shoot, Bongfu9, False
17.06125, Juicehead11, deleted 
17.06125, Juicehead13, AI
17.41654, Bongfu9, shoot, Player, False
17.45654, Bongfu9, shoot, Player, False
17.71654, Bongfu9, shoot, Adjuster8, False
18.11654, Adjuster8, shoot, Foe4, False
18.22337, Alcoholic6, deleted 
18.22337, Alcoholic14, AI
18.23654, Player, shoot, Adjuster8, False
18.83654, Foe4, shoot, Adjuster8, False
18.85654, Bongfu9, shoot, Player, True
19.17654, Player, shoot, Betrayal12, False
19.29654, Coward1, shoot, Bongfu9, True
19.51654, Adjuster8, shoot, Foe4, False
Normal Close
