Game Time: 2022/2/17 9:57:48
Version: 1.0.0.2 with bullet collision times = 3
0, Player, player
0, Coward1, AI
0, Betrayal2, AI
0, Drunkard3, AI
0, Foe4, AI
0, Juicehead5, AI
0, Alcoholic6, AI
0, Lush7, AI
0, Adjuster8, AI
0, Bongfu9, AI
2.495332, Foe4, shoot, Adjuster8, False
3.675332, Alcoholic6, shoot, Foe4, False
3.895332, Drunkard3, shoot, Adjuster8, False
3.955332, Lush7, shoot, Lush7, False
4.535332, Adjuster8, shoot, Drunkard3, False
4.995332, Adjuster8, shoot, Drunkard3, False
5.095332, Adjuster8, shoot, Foe4, False
5.395332, Drunkard3, shoot, Bongfu9, False
5.467781, Coward1, deleted 
5.467781, Coward10, AI
5.655332, Drunkard3, shoot, Bongfu9, False
5.695332, Foe4, shoot, Player, False
5.695332, Bongfu9, shoot, Bongfu9, False
5.795332, Alcoholic6, shoot, Adjuster8, False
5.995332, Adjuster8, shoot, Alcoholic6, False
7.375332, Player, shoot, Bongfu9, False
8.155332, Foe4, shoot, Bongfu9, False
8.606587, Betrayal2, deleted 
8.606587, Betrayal11, AI
9.195332, Player, shoot, Drunkard3, False
9.915332, Drunkard3, shoot, Foe4, False
9.955332, Adjuster8, shoot, Foe4, False
9.975332, Bongfu9, shoot, Bongfu9, False
10.05533, Foe4, shoot, Drunkard3, False
10.11533, Foe4, shoot, Drunkard3, False
10.95533, Foe4, shoot, Player, False
11.09533, Juicehead5, get, Horse
11.15533, Adjuster8, shoot, Adjuster8, False
11.66265, Juicehead5, deleted 
11.66265, Juicehead12, AI
12.53533, Coward10, shoot, Drunkard3, False
12.71533, Drunkard3, shoot, Drunkard3, False
12.73533, Adjuster8, shoot, Player, False
12.89533, Foe4, shoot, Juicehead12, False
13.21533, Bongfu9, shoot, Coward10, False
13.31533, Coward10, shoot, Lush7, False
13.33533, Foe4, shoot, Player, False
13.69533, Bongfu9, shoot, Lush7, False
13.81533, Betrayal11, shoot, Foe4, False
13.89533, Drunkard3, shoot, Bongfu9, False
14.09533, Adjuster8, shoot, Player, False
14.09533, Adjuster8, shoot, Foe4, False
14.39533, Bongfu9, shoot, Bongfu9, False
14.39533, Foe4, shoot, Player, False
14.39533, Player, shoot, Foe4, False
14.39533, Player, shoot, Foe4, False
14.39533, Player, shoot, Foe4, False
14.51533, Bongfu9, shoot, Bongfu9, False
14.89533, Foe4, shoot, Juicehead12, False
15.15533, Adjuster8, shoot, Player, False
15.19533, Foe4, shoot, Betrayal11, False
15.47533, Bongfu9, shoot, Coward10, False
15.97533, Foe4, shoot, Adjuster8, False
16.31533, Player, shoot, Betrayal11, False
16.34613, Lush7, deleted 
16.34613, Lush13, AI
16.35533, Foe4, shoot, Player, False
16.81108, Coward10, deleted 
16.81108, Coward14, AI
17.04358, Bongfu9, deleted 
17.04358, Bongfu15, AI
17.67533, Player, shoot, Foe4, True
17.69119, Foe16, AI
17.79533, Foe4, shoot, Player, False
17.79533, Betrayal11, shoot, Lush13, False
17.83533, Foe4, shoot, Adjuster8, False
17.93533, Player, shoot, Lush13, False
17.99533, Drunkard3, shoot, Juicehead12, False
18.01533, Player, shoot, Adjuster8, False
18.01533, Player, shoot, Adjuster8, False
18.01533, Adjuster8, shoot, Player, True
18.07533, Player, shoot, Adjuster8, False
18.39533, Alcoholic6, shoot, Alcoholic6, False
18.63533, Foe4, shoot, Foe16, False
18.65533, Drunkard3, shoot, Juicehead12, False
Normal Close
