Game Time: 2022/2/17 10:22:14
Version: 1.0.0.2 with bullet collision times = 3
0, Player, player
0, Coward1, AI
0, Betrayal2, AI
0, Drunkard3, AI
0, Foe4, AI
0, Juicehead5, AI
0, Alcoholic6, AI
0, Lush7, AI
0, Adjuster8, AI
0, Bongfu9, AI
1.818727, Bongfu9, shoot, Player, False
1.978727, Foe4, shoot, Foe4, False
3.178727, Foe4, shoot, Player, False
3.798727, Bongfu9, shoot, Bongfu9, False
5.518727, Player, shoot, Coward1, False
5.698727, Adjuster8, shoot, Foe4, False
6.058727, Player, shoot, Coward1, False
6.398727, Bongfu9, shoot, Betrayal2, False
7.018727, Foe4, shoot, Foe4, False
7.178727, Drunkard3, shoot, Alcoholic6, False
7.318727, Foe4, shoot, Foe4, False
7.318727, Player, shoot, Coward1, False
8.124815, Betrayal2, deleted 
8.124815, Betrayal10, AI
8.598727, Alcoholic6, shoot, Juicehead5, False
8.698727, Player, shoot, Coward1, False
8.718727, Alcoholic6, shoot, Alcoholic6, False
9.058727, Foe4, shoot, Adjuster8, False
9.598727, Player, shoot, Coward1, False
10.61873, Foe4, shoot, Adjuster8, False
10.79873, Foe4, shoot, Adjuster8, False
10.79873, Foe4, shoot, Adjuster8, False
10.79873, Foe4, shoot, Adjuster8, False
11.11873, Bongfu9, shoot, Juicehead5, False
11.99873, Player, shoot, Coward1, False
12.1112, Alcoholic6, deleted 
12.1112, Alcoholic11, AI
12.63873, Coward1, shoot, Player, False
12.77873, Adjuster8, shoot, Player, False
12.89873, Drunkard3, shoot, Bongfu9, False
13.27873, Adjuster8, shoot, Player, False
13.49873, Bongfu9, shoot, Drunkard3, False
13.63873, Alcoholic11, shoot, Alcoholic11, False
13.95873, Alcoholic11, shoot, Alcoholic11, False
14.23873, Coward1, shoot, Alcoholic11, False
14.49873, Adjuster8, shoot, Adjuster8, False
14.53873, Foe4, shoot, Foe4, False
14.55334, Juicehead5, deleted 
14.55334, Juicehead12, AI
14.67873, Player, shoot, Coward1, False
15.67873, Foe4, shoot, Betrayal10, False
15.99873, Coward1, shoot, Adjuster8, False
16.01873, Adjuster8, shoot, Foe4, False
16.19873, Adjuster8, shoot, Betrayal10, False
16.19873, Betrayal10, shoot, Adjuster8, False
16.49873, Adjuster8, shoot, Adjuster8, False
16.81239, Drunkard3, deleted 
16.81239, Drunkard13, AI
17.83873, Player, shoot, Coward1, False
17.99873, Coward1, shoot, Player, False
18.01873, Adjuster8, shoot, Foe4, False
18.03873, Coward1, shoot, Player, False
18.17873, Coward1, shoot, Coward1, False
18.47392, Lush7, deleted 
18.47392, Lush14, AI
18.71873, Alcoholic11, shoot, Alcoholic11, False
18.75873, Foe4, shoot, Player, False
18.81873, Foe4, shoot, Foe4, False
18.90551, Juicehead12, deleted 
18.90551, Juicehead15, AI
19.51873, Coward1, shoot, Player, False
19.63873, Adjuster8, shoot, Foe4, False
19.65873, Alcoholic11, shoot, Betrayal10, False
19.67873, Foe4, shoot, Foe4, False
19.85873, Player, shoot, Coward1, True
19.86871, Coward16, AI
19.99873, Player, get, Horse
20.03873, Coward1, shoot, Adjuster8, True
20.05159, Adjuster17, AI
20.31873, Lush14, shoot, Player, False
21.09873, Foe4, shoot, Foe4, True
21.11468, Foe18, AI
21.51324, Bongfu9, deleted 
21.51324, Bongfu19, AI
21.56308, Drunkard13, deleted 
21.56308, Drunkard20, AI
22.07873, Lush14, get, Horse
22.45873, Lush14, get, Horse
22.50944, Coward16, deleted 
22.50944, Coward21, AI
22.75873, Coward1, shoot, Betrayal10, False
23.65873, Foe18, shoot, Drunkard20, False
24.17873, Adjuster17, shoot, Drunkard20, False
24.48486, Alcoholic11, deleted 
24.48486, Alcoholic22, AI
24.87873, Player, shoot, Foe18, False
25.06604, Bongfu19, deleted 
25.06604, Bongfu23, AI
25.71873, Player, shoot, Coward21, False
25.79873, Adjuster17, shoot, Foe18, False
26.87873, Betrayal10, shoot, Foe18, False
27.59873, Betrayal10, shoot, Adjuster17, False
28.07873, Foe18, shoot, Alcoholic22, False
28.32039, Juicehead15, deleted 
28.32039, Juicehead24, AI
28.35873, Adjuster17, shoot, Betrayal10, False
28.65873, Betrayal10, shoot, Betrayal10, False
28.89873, Betrayal10, shoot, Betrayal10, False
28.95873, Betrayal10, shoot, Bongfu23, False
29.05873, Alcoholic22, shoot, Foe18, False
29.13873, Lush14, shoot, Lush14, False
29.15873, Betrayal10, shoot, Alcoholic22, False
29.27873, Bongfu23, shoot, Bongfu23, False
29.31873, Alcoholic22, shoot, Foe18, False
30.73873, Foe18, shoot, Betrayal10, False
31.33873, Bongfu23, shoot, Coward21, False
32.09873, Betrayal10, shoot, Coward21, False
32.17873, Bongfu23, shoot, Coward21, False
32.53873, Foe18, shoot, Adjuster17, False
32.63873, Player, shoot, Adjuster17, False
32.67873, Adjuster17, shoot, Player, False
32.99873, Adjuster17, shoot, Player, True
33.05873, Betrayal10, shoot, Coward21, False
33.25873, Foe18, shoot, Adjuster17, False
Normal Close
