Game Time: 2022/2/17 10:22:56
Version: 1.0.0.2 with bullet collision times = 3
0, Player, player
0, Coward1, AI
0, Betrayal2, AI
0, Drunkard3, AI
0, Foe4, AI
0, Juicehead5, AI
0, Alcoholic6, AI
0, Lush7, AI
0, Adjuster8, AI
0, Bongfu9, AI
1.228235, Player, shoot, Adjuster8, False
1.708235, Bongfu9, shoot, Player, False
2.148235, Lush7, shoot, Lush7, False
2.508235, Alcoholic6, shoot, Alcoholic6, False
2.753084, Juicehead5, deleted 
2.753084, Juicehead10, AI
3.828235, Alcoholic6, shoot, Player, False
3.888235, Bongfu9, shoot, Bongfu9, False
4.128235, Juicehead10, shoot, Juicehead10, False
4.51363, Lush7, deleted 
4.51363, Lush11, AI
4.908235, Alcoholic6, shoot, Foe4, False
5.528235, Drunkard3, shoot, Alcoholic6, False
5.608235, Juicehead10, shoot, Player, False
5.708235, Juicehead10, shoot, Player, False
5.768235, Adjuster8, shoot, Juicehead10, False
6.108235, Bongfu9, shoot, Drunkard3, False
6.668235, Adjuster8, shoot, Foe4, False
6.708235, Foe4, shoot, Player, False
6.808235, Alcoholic6, shoot, Lush11, False
6.87146, Betrayal2, deleted 
6.87146, Betrayal12, AI
6.908235, Foe4, shoot, Player, False
7.208235, Player, shoot, Foe4, False
7.208235, Player, shoot, Foe4, False
7.288235, Juicehead10, shoot, Juicehead10, False
7.388235, Bongfu9, shoot, Foe4, False
7.388235, Adjuster8, shoot, Adjuster8, False
7.868235, Bongfu9, shoot, Adjuster8, False
8.088235, Juicehead10, shoot, Juicehead10, False
8.728235, Player, shoot, Drunkard3, False
8.788235, Adjuster8, shoot, Foe4, False
8.808235, Drunkard3, shoot, Drunkard3, False
9.008235, Player, shoot, Adjuster8, False
9.008235, Player, shoot, Adjuster8, False
9.048235, Player, shoot, Foe4, False
9.268235, Foe4, shoot, Adjuster8, False
9.608234, Juicehead10, shoot, Juicehead10, False
10.12823, Juicehead10, shoot, Juicehead10, False
10.50823, Foe4, shoot, Player, False
10.56823, Player, shoot, Adjuster8, False
10.62823, Adjuster8, shoot, Adjuster8, False
10.80824, Foe4, shoot, Alcoholic6, False
10.90823, Adjuster8, shoot, Player, False
10.94823, Player, shoot, Player, False
11.00823, Player, shoot, Alcoholic6, False
11.04823, Foe4, shoot, Foe4, False
11.55424, Coward1, deleted 
11.55424, Coward13, AI
11.72824, Adjuster8, shoot, Alcoholic6, False
11.98823, Foe4, shoot, Player, True
12.28823, Adjuster8, shoot, Foe4, False
12.28823, Foe4, shoot, Adjuster8, False
Normal Close
