Game Time: 2022/2/17 10:23:48
Version: 1.0.0.2 with bullet collision times = 3
0, Player, player
0, Coward1, AI
0, Betrayal2, AI
0, Drunkard3, AI
0, Foe4, AI
0, Juicehead5, AI
0, Alcoholic6, AI
0, Lush7, AI
0, Adjuster8, AI
0, Bongfu9, AI
1.157937, Coward1, shoot, Adjuster8, False
1.257937, Alcoholic6, shoot, Betrayal2, False
2.497937, Foe4, shoot, Adjuster8, False
3.977937, Foe4, shoot, Player, False
4.217937, Adjuster8, shoot, Foe4, False
4.797936, Player, shoot, Foe4, False
4.853827, Betrayal2, deleted 
4.853827, Betrayal10, AI
5.417937, Foe4, shoot, Player, False
5.517937, Juicehead5, shoot, Juicehead5, False
5.750341, Lush7, deleted 
5.750341, Lush11, AI
5.997937, Adjuster8, shoot, Foe4, False
7.161442, Bongfu9, deleted 
7.161442, Bongfu12, AI
7.297936, Drunkard3, shoot, Alcoholic6, False
7.357936, Betrayal10, shoot, Bongfu12, False
8.257936, Foe4, shoot, Adjuster8, False
8.857937, Foe4, shoot, Foe4, False
9.277937, Foe4, shoot, Adjuster8, False
9.397937, Lush11, shoot, Foe4, False
10.13794, Bongfu12, shoot, Bongfu12, False
10.19794, Adjuster8, shoot, Bongfu12, False
10.33794, Juicehead5, shoot, Coward1, False
11.31794, Player, shoot, Bongfu12, False
11.41794, Player, shoot, Bongfu12, False
11.59794, Adjuster8, shoot, Player, False
11.99794, Player, shoot, Bongfu12, False
12.55794, Adjuster8, shoot, Adjuster8, False
12.5599, Betrayal10, deleted 
12.5599, Juicehead5, deleted 
12.5599, Betrayal13, AI
12.57651, Juicehead14, AI
12.59794, Juicehead14, shoot, Betrayal13, False
12.59794, Betrayal13, shoot, Juicehead14, False
12.71794, Adjuster8, shoot, Adjuster8, False
12.94214, Lush11, deleted 
12.94214, Lush15, AI
13.11794, Adjuster8, shoot, Bongfu12, False
13.77794, Foe4, shoot, Juicehead14, False
13.80618, Coward1, deleted 
13.80618, Coward16, AI
14.38789, Alcoholic6, deleted 
14.38789, Alcoholic17, AI
14.41794, Adjuster8, shoot, Juicehead14, False
14.83794, Player, shoot, Bongfu12, False
14.95794, Adjuster8, shoot, Player, False
15.01794, Foe4, shoot, Player, False
15.11794, Alcoholic17, shoot, Coward16, False
15.31794, Player, shoot, Player, False
15.41794, Player, shoot, Bongfu12, False
15.41794, Bongfu12, shoot, Alcoholic17, False
15.95794, Adjuster8, shoot, Player, False
16.19794, Coward16, shoot, Alcoholic17, False
16.23202, Lush15, deleted 
16.23202, Lush18, AI
16.29794, Adjuster8, shoot, Foe4, False
16.35794, Betrayal13, shoot, Alcoholic17, False
16.63794, Player, shoot, Bongfu12, True
16.63794, Lush18, shoot, Drunkard3, False
16.64727, Bongfu19, AI
16.79794, Alcoholic17, shoot, Coward16, False
16.83794, Adjuster8, shoot, Player, False
16.97794, Player, get, Horse
17.36126, Juicehead14, deleted 
17.36126, Juicehead20, AI
17.43794, Betrayal13, shoot, Alcoholic17, False
17.49794, Player, shoot, Player, False
17.99794, Betrayal13, shoot, Alcoholic17, False
18.25794, Player, shoot, Lush18, False
18.37794, Player, shoot, Player, True
18.37794, Juicehead20, shoot, Lush18, False
18.39794, Coward16, get, Horse
18.63794, Lush18, shoot, Juicehead20, False
18.99794, Player, shoot, Adjuster8, False
19.49794, Foe4, shoot, Adjuster8, False
19.53794, Alcoholic17, shoot, Betrayal13, False
19.79794, Adjuster8, shoot, Foe4, False
19.79794, Betrayal13, shoot, Alcoholic17, False
19.79794, Foe4, shoot, Adjuster8, False
19.79794, Foe4, shoot, Adjuster8, True
Normal Close
