Game Time: 2022/2/17 9:50:03
Version: 1.0.0.2 with bullet collision times = 3
0, Player, player
0, Coward1, AI
0, Betrayal2, AI
0, Drunkard3, AI
0, Foe4, AI
0, Juicehead5, AI
0, Alcoholic6, AI
0, Lush7, AI
0, Adjuster8, AI
0, Bongfu9, AI
1.888828, Drunkard3, shoot, Drunkard3, False
2.008828, Player, shoot, Player, False
2.748828, Betrayal2, shoot, Betrayal2, False
3.108828, Drunkard3, shoot, Drunkard3, False
3.288828, Bongfu9, shoot, Bongfu9, False
3.408828, Drunkard3, shoot, Drunkard3, False
3.748828, Adjuster8, shoot, Foe4, False
3.908828, Juicehead5, shoot, Juicehead5, False
4.908828, Foe4, shoot, Adjuster8, False
5.208828, Juicehead5, shoot, Juicehead5, False
5.308828, Player, shoot, Adjuster8, False
5.388828, Foe4, shoot, Adjuster8, False
5.655025, Coward1, deleted 
5.655025, Coward10, AI
5.988828, Drunkard3, shoot, Player, False
6.108828, Juicehead5, shoot, Juicehead5, False
6.988828, Foe4, shoot, Player, False
7.008828, Juicehead5, shoot, Juicehead5, False
7.368828, Player, shoot, Drunkard3, False
7.728828, Player, shoot, Drunkard3, False
7.797873, Bongfu9, deleted 
7.797873, Bongfu11, AI
8.048828, Juicehead5, shoot, Juicehead5, False
8.368828, Player, shoot, Drunkard3, False
8.628828, Adjuster8, shoot, Player, False
9.068829, Juicehead5, shoot, Adjuster8, False
10.20883, Foe4, shoot, Adjuster8, False
10.62063, Betrayal2, deleted 
10.62063, Betrayal12, AI
10.98883, Adjuster8, shoot, Player, False
11.10883, Drunkard3, shoot, Alcoholic6, False
11.30883, Adjuster8, shoot, Player, False
11.88237, Coward10, deleted 
11.88237, Coward13, AI
11.99851, Lush7, deleted 
11.99851, Lush14, AI
12.82883, Juicehead5, shoot, Juicehead5, False
13.30883, Adjuster8, shoot, Foe4, False
13.42883, Drunkard3, shoot, Alcoholic6, False
13.84883, Juicehead5, shoot, Lush14, False
14.16883, Coward13, shoot, Lush14, False
14.17332, Bongfu11, deleted 
14.17332, Bongfu15, AI
14.84883, Adjuster8, shoot, Player, False
16.22883, Lush14, shoot, Lush14, False
16.30883, Adjuster8, shoot, Foe4, False
16.54883, Lush14, shoot, Betrayal12, False
16.78883, Betrayal12, shoot, Coward13, False
17.00883, Lush14, shoot, Coward13, False
17.02933, Alcoholic6, deleted 
17.02933, Alcoholic16, AI
17.09575, Drunkard3, deleted 
17.09575, Drunkard17, AI
17.64883, Adjuster8, shoot, Drunkard17, False
18.20883, Foe4, shoot, Adjuster8, False
18.20883, Adjuster8, shoot, Player, False
18.54883, Player, shoot, Player, False
18.60883, Lush14, shoot, Betrayal12, False
18.60883, Foe4, shoot, Adjuster8, False
19.16883, Juicehead5, shoot, Coward13, False
19.18883, Juicehead5, shoot, Adjuster8, False
19.18883, Player, shoot, Adjuster8, False
19.32883, Juicehead5, shoot, Player, True
19.90883, Adjuster8, shoot, Foe4, False
Normal Close
