Game Time: 2022/2/17 9:51:43
Version: 1.0.0.2 with bullet collision times = 3
0, Player, player
0, Coward1, AI
0, Betrayal2, AI
0, Drunkard3, AI
0, Foe4, AI
0, Juicehead5, AI
0, Alcoholic6, AI
0, Lush7, AI
0, Adjuster8, AI
0, Bongfu9, AI
2.200711, Foe4, shoot, Adjuster8, False
2.640711, Bongfu9, shoot, Player, False
3.120711, Adjuster8, shoot, Player, False
3.600711, Juicehead5, shoot, Bongfu9, False
4.200711, Player, shoot, Betrayal2, False
5.080711, Adjuster8, shoot, Adjuster8, False
5.160711, Adjuster8, shoot, Betrayal2, False
5.240711, Bongfu9, shoot, Bongfu9, False
5.520711, Adjuster8, shoot, Adjuster8, False
5.620711, Foe4, shoot, Player, False
5.880711, Player, shoot, Juicehead5, False
6.060711, Bongfu9, shoot, Player, False
6.066971, Alcoholic6, deleted 
6.066971, Alcoholic10, AI
7.520711, Player, shoot, Juicehead5, False
7.820711, Player, shoot, Juicehead5, False
8.00071, Bongfu9, shoot, Bongfu9, False
8.460711, Player, shoot, Juicehead5, False
8.480711, Player, shoot, Foe4, False
9.122089, Coward1, deleted 
9.122089, Coward11, AI
9.360711, Player, shoot, Juicehead5, False
10.18071, Drunkard3, shoot, Juicehead5, False
10.32071, Player, shoot, Coward11, False
10.34071, Player, shoot, Juicehead5, False
11.62071, Bongfu9, shoot, Player, False
12.06164, Betrayal2, deleted 
12.06164, Betrayal12, AI
12.74071, Foe4, shoot, Adjuster8, False
12.74292, Lush7, deleted 
12.74292, Lush13, AI
13.00071, Foe4, shoot, Adjuster8, False
13.3077, Bongfu9, deleted 
13.3077, Bongfu14, AI
13.98071, Foe4, shoot, Adjuster8, False
14.34071, Player, shoot, Player, False
14.80071, Juicehead5, shoot, Drunkard3, False
15.14071, Betrayal12, shoot, Betrayal12, False
15.74071, Foe4, shoot, Foe4, False
16.02071, Adjuster8, shoot, Adjuster8, False
16.03246, Juicehead5, deleted 
16.03246, Juicehead15, AI
16.10071, Betrayal12, shoot, Betrayal12, False
16.30071, Adjuster8, shoot, Adjuster8, False
16.90071, Betrayal12, shoot, Betrayal12, False
17.16071, Adjuster8, shoot, Foe4, False
17.52701, Alcoholic10, deleted 
17.52701, Alcoholic16, AI
17.90071, Player, shoot, Bongfu14, False
18.20071, Adjuster8, shoot, Foe4, False
18.28071, Betrayal12, shoot, Betrayal12, False
18.28071, Bongfu14, shoot, Foe4, False
18.30071, Betrayal12, shoot, Betrayal12, False
18.36071, Adjuster8, shoot, Player, False
18.36071, Drunkard3, shoot, Drunkard3, False
18.60071, Foe4, shoot, Adjuster8, False
18.67262, Coward11, deleted 
18.67262, Coward17, AI
18.70071, Adjuster8, shoot, Player, False
18.82071, Betrayal12, shoot, Betrayal12, False
19.14071, Player, shoot, Juicehead15, False
19.28071, Adjuster8, shoot, Foe4, False
19.70071, Player, shoot, Lush13, False
19.70071, Adjuster8, shoot, Adjuster8, False
19.96071, Foe4, shoot, Foe4, False
20.70071, Lush13, shoot, Player, False
21.10071, Player, shoot, Drunkard3, False
21.22071, Adjuster8, shoot, Foe4, False
21.26071, Player, shoot, Adjuster8, True
21.26246, Adjuster18, AI
21.58071, Adjuster8, shoot, Foe4, False
21.70071, Drunkard3, shoot, Juicehead15, False
22.36071, Adjuster8, shoot, Adjuster18, False
22.44071, Drunkard3, shoot, Drunkard3, False
22.52071, Player, get, Shield
23.08071, Lush13, shoot, Foe4, False
23.12071, Player, shoot, Foe4, True
23.12071, Player, shoot, Drunkard3, False
23.12216, Alcoholic16, deleted 
23.12216, Foe19, AI
23.13875, Alcoholic20, AI
23.46071, Foe19, shoot, Alcoholic20, False
26.08071, Player, shoot, Foe19, False
26.42655, Juicehead15, deleted 
26.42655, Juicehead21, AI
26.44316, Coward17, deleted 
26.44316, Coward22, AI
26.50071, Alcoholic20, shoot, Alcoholic20, False
27.97083, Bongfu14, deleted 
27.97083, Bongfu23, AI
28.48576, Lush13, deleted 
28.48576, Lush24, AI
28.52071, Player, shoot, Foe19, False
28.70071, Foe19, shoot, Adjuster18, False
29.66071, Foe19, shoot, Foe19, False
29.90071, Alcoholic20, shoot, Alcoholic20, False
29.92071, Player, shoot, Adjuster18, False
30.56171, Betrayal12, deleted 
30.56171, Betrayal25, AI
30.70071, Alcoholic20, shoot, Alcoholic20, False
31.36071, Foe19, shoot, Foe19, False
31.78071, Adjuster18, shoot, Adjuster18, False
33.20198, Drunkard3, deleted 
33.20198, Drunkard26, AI
33.92071, Foe19, shoot, Adjuster18, False
34.04892, Bongfu23, deleted 
34.04892, Bongfu27, AI
34.30071, Alcoholic20, shoot, Alcoholic20, False
34.50071, Drunkard26, shoot, Drunkard26, False
34.80071, Alcoholic20, shoot, Adjuster18, False
35.08071, Bongfu27, shoot, Player, False
35.14071, Alcoholic20, shoot, Adjuster18, False
35.42071, Player, shoot, Bongfu27, False
35.52071, Player, shoot, Alcoholic20, False
36.18071, Foe19, shoot, Adjuster18, False
36.18071, Adjuster18, shoot, Drunkard26, False
36.88071, Adjuster18, shoot, Player, False
37.48649, Lush24, deleted 
37.48649, Lush28, AI
37.80071, Player, shoot, Adjuster18, False
38.00147, Juicehead21, deleted 
38.00147, Juicehead29, AI
38.86519, Alcoholic20, deleted 
38.86519, Alcoholic30, AI
39.00071, Adjuster18, shoot, Juicehead29, False
39.40071, Alcoholic20, shoot, Alcoholic30, False
39.42071, Adjuster18, shoot, Juicehead29, False
39.90071, Player, shoot, Player, True
39.96071, Player, shoot, Adjuster18, True
40.70071, Adjuster18, shoot, Bongfu27, False
Normal Close
