Game Time: 2022/2/17 9:58:07
Version: 1.0.0.2 with bullet collision times = 3
0, Player, player
0, Coward1, AI
0, Betrayal2, AI
0, Drunkard3, AI
0, Foe4, AI
0, Juicehead5, AI
0, Alcoholic6, AI
0, Lush7, AI
0, Adjuster8, AI
0, Bongfu9, AI
1.193546, Coward1, shoot, Adjuster8, False
2.073546, Bongfu9, shoot, Bongfu9, False
2.733546, Coward1, shoot, Coward1, False
3.093546, Adjuster8, shoot, Player, False
3.693546, Foe4, shoot, Adjuster8, False
3.713546, Betrayal2, shoot, Betrayal2, False
3.733546, Adjuster8, shoot, Player, False
4.313546, Adjuster8, shoot, Player, False
4.673546, Player, shoot, Betrayal2, False
4.913546, Bongfu9, shoot, Bongfu9, False
5.093546, Player, shoot, Foe4, False
5.173546, Adjuster8, shoot, Player, False
5.413546, Adjuster8, shoot, Foe4, False
5.853546, Bongfu9, shoot, Lush7, False
6.093546, Adjuster8, shoot, Foe4, False
6.173546, Player, shoot, Juicehead5, False
6.993546, Foe4, shoot, Player, False
7.053546, Bongfu9, shoot, Drunkard3, False
7.313546, Bongfu9, shoot, Bongfu9, False
7.713546, Betrayal2, shoot, Betrayal2, False
8.755578, Coward1, deleted 
8.755578, Coward10, AI
8.993546, Foe4, shoot, Adjuster8, False
9.253546, Lush7, shoot, Bongfu9, False
9.337152, Alcoholic6, deleted 
9.337152, Alcoholic11, AI
9.613546, Player, shoot, Foe4, False
9.934875, Bongfu9, deleted 
9.934875, Bongfu12, AI
10.07355, Foe4, shoot, Player, False
11.0477, Lush7, deleted 
11.0477, Lush13, AI
11.39355, Adjuster8, shoot, Foe4, False
11.54594, Juicehead5, deleted 
11.54594, Juicehead14, AI
11.91355, Lush13, shoot, Lush13, False
12.79355, Player, shoot, Player, False
12.87355, Coward10, shoot, Foe4, False
13.35355, Adjuster8, shoot, Player, False
13.43355, Betrayal2, shoot, Betrayal2, False
13.63355, Foe4, shoot, Player, False
13.85355, Player, shoot, Juicehead14, False
14.03355, Player, shoot, Juicehead14, False
14.51355, Player, shoot, Foe4, False
14.67355, Adjuster8, shoot, Juicehead14, False
14.69355, Player, shoot, Juicehead14, False
14.73355, Adjuster8, shoot, Alcoholic11, False
14.85355, Alcoholic11, shoot, Juicehead14, False
15.75355, Alcoholic11, shoot, Alcoholic11, False
15.79688, Drunkard3, deleted 
15.79688, Drunkard15, AI
16.62711, Lush13, deleted 
16.62711, Lush16, AI
16.99355, Coward10, shoot, Betrayal2, False
17.21354, Adjuster8, shoot, Foe4, False
17.93355, Juicehead14, shoot, Juicehead14, False
18.33355, Coward10, shoot, Betrayal2, False
18.35355, Alcoholic11, shoot, Alcoholic11, False
18.59355, Foe4, shoot, Adjuster8, False
19.21354, Foe4, shoot, Adjuster8, False
19.33355, Foe4, shoot, Player, True
19.51355, Adjuster8, shoot, Foe4, False
Normal Close
