Game Time: 2022/2/17 9:53:10
Version: 1.0.0.2 with bullet collision times = 3
0, Player, player
0, Coward1, AI
0, Betrayal2, AI
0, Drunkard3, AI
0, Foe4, AI
0, Juicehead5, AI
0, Alcoholic6, AI
0, Lush7, AI
0, Adjuster8, AI
0, Bongfu9, AI
1.168944, Coward1, shoot, Adjuster8, False
2.028944, Adjuster8, shoot, Lush7, False
2.348944, Foe4, shoot, Adjuster8, False
2.388944, Adjuster8, shoot, Lush7, False
2.468944, Player, shoot, Alcoholic6, False
2.648944, Lush7, shoot, Alcoholic6, False
3.508944, Drunkard3, shoot, Foe4, False
4.228944, Lush7, shoot, Lush7, False
4.688944, Coward1, shoot, Alcoholic6, False
4.708944, Juicehead5, shoot, Juicehead5, False
7.262807, Betrayal2, deleted 
7.262807, Betrayal10, AI
7.568944, Player, shoot, Alcoholic6, False
7.908944, Drunkard3, shoot, Drunkard3, False
7.960224, Coward1, deleted 
7.960224, Coward11, AI
8.368944, Adjuster8, shoot, Foe4, False
8.988944, Drunkard3, shoot, Drunkard3, False
9.348944, Player, shoot, Alcoholic6, False
9.968944, Foe4, shoot, Alcoholic6, False
10.04894, Adjuster8, shoot, Player, False
10.28894, Alcoholic6, shoot, Coward11, False
10.42894, Adjuster8, shoot, Foe4, False
11.38894, Foe4, shoot, Adjuster8, False
11.99444, Bongfu9, deleted 
11.99444, Bongfu12, AI
12.40894, Drunkard3, shoot, Juicehead5, False
12.46894, Adjuster8, shoot, Adjuster8, False
12.98894, Bongfu12, shoot, Bongfu12, False
13.20894, Drunkard3, shoot, Juicehead5, False
13.5054, Coward11, deleted 
13.5054, Coward13, AI
14.04894, Lush7, shoot, Foe4, False
14.20894, Foe4, shoot, Foe4, False
14.24894, Juicehead5, shoot, Juicehead5, False
14.38894, Alcoholic6, shoot, Drunkard3, False
14.38894, Alcoholic6, shoot, Drunkard3, False
14.38894, Alcoholic6, shoot, Drunkard3, False
14.38894, Drunkard3, shoot, Alcoholic6, False
14.42894, Lush7, shoot, Adjuster8, False
14.60894, Alcoholic6, shoot, Coward13, False
14.70894, Player, shoot, Drunkard3, False
14.70894, Coward13, shoot, Coward13, False
15.00894, Drunkard3, shoot, Alcoholic6, False
15.04894, Juicehead5, shoot, Alcoholic6, False
15.04894, Juicehead5, shoot, Drunkard3, False
15.10894, Foe4, shoot, Foe4, False
15.16894, Adjuster8, shoot, Player, False
15.33202, Betrayal10, deleted 
15.33202, Betrayal14, AI
15.66894, Foe4, shoot, Foe4, False
15.86894, Juicehead5, shoot, Juicehead5, False
15.90894, Drunkard3, shoot, Player, False
15.98894, Juicehead5, shoot, Betrayal14, False
16.28894, Lush7, shoot, Lush7, False
16.28894, Foe4, shoot, Foe4, False
16.40894, Juicehead5, shoot, Bongfu12, False
16.44894, Alcoholic6, shoot, Betrayal14, False
16.58894, Adjuster8, shoot, Adjuster8, False
16.92894, Alcoholic6, shoot, Foe4, False
17.30894, Bongfu12, shoot, Juicehead5, False
17.54894, Foe4, shoot, Lush7, False
18.14894, Alcoholic6, shoot, Player, False
18.18894, Alcoholic6, shoot, Alcoholic6, True
18.20419, Alcoholic15, AI
18.24894, Player, shoot, Drunkard3, False
18.38894, Alcoholic6, shoot, Player, False
18.86894, Player, shoot, Drunkard3, False
19.28894, Drunkard3, shoot, Player, False
19.76512, Betrayal14, deleted 
19.76512, Lush7, deleted 
19.76512, Betrayal16, AI
19.78168, Lush17, AI
19.78894, Lush17, shoot, Betrayal16, False
19.78894, Betrayal16, shoot, Lush17, False
20.04894, Player, shoot, Drunkard3, True
20.06384, Drunkard18, AI
20.26894, Drunkard3, shoot, Alcoholic15, False
20.28894, Player, get, Shield
21.10894, Betrayal16, shoot, Betrayal16, False
21.22894, Adjuster8, shoot, Coward13, False
21.32894, Juicehead5, shoot, Lush17, False
22.52211, Coward13, deleted 
22.52211, Coward19, AI
22.62894, Bongfu12, shoot, Bongfu12, False
22.84894, Alcoholic15, shoot, Bongfu12, False
23.08894, Player, shoot, Alcoholic15, False
23.52894, Juicehead5, shoot, Juicehead5, False
23.70894, Player, shoot, Alcoholic15, False
24.22894, Adjuster8, shoot, Alcoholic15, False
24.56894, Betrayal16, shoot, Juicehead5, False
24.58894, Player, shoot, Bongfu12, False
25.48894, Player, shoot, Bongfu12, False
25.72894, Betrayal16, shoot, Betrayal16, False
25.82894, Player, shoot, Bongfu12, False
25.90894, Bongfu12, shoot, Bongfu12, False
26.16894, Adjuster8, shoot, Bongfu12, False
26.96894, Bongfu12, shoot, Bongfu12, True
26.97257, Bongfu20, AI
27.45408, Alcoholic15, deleted 
27.45408, Alcoholic21, AI
27.76952, Drunkard18, deleted 
27.76952, Drunkard22, AI
27.82894, Juicehead5, shoot, Drunkard22, False
27.86894, Bongfu12, shoot, Betrayal16, False
28.04894, Foe4, shoot, Foe4, False
28.90894, Foe4, shoot, Adjuster8, False
28.98894, Lush17, shoot, Coward19, False
29.00894, Player, get, Horse
29.16894, Foe4, shoot, Foe4, True
29.18121, Foe23, AI
29.42894, Foe4, shoot, Adjuster8, False
29.84894, Foe4, shoot, Adjuster8, False
30.10894, Lush17, shoot, Lush17, False
31.02894, Betrayal16, shoot, Betrayal16, False
31.75513, Juicehead5, deleted 
31.75513, Juicehead24, AI
32.20894, Player, shoot, Player, False
32.44894, Player, shoot, Foe23, False
32.45274, Drunkard22, deleted 
32.45274, Drunkard25, AI
33.94894, Adjuster8, shoot, Foe23, False
34.06371, Lush17, deleted 
34.06371, Lush26, AI
34.18894, Foe23, shoot, Adjuster8, False
34.18894, Adjuster8, shoot, Foe23, False
34.46236, Betrayal16, deleted 
34.46236, Betrayal27, AI
34.58894, Player, shoot, Adjuster8, False
34.78894, Foe23, shoot, Adjuster8, True
34.79445, Adjuster28, AI
34.80894, Foe23, get, Horse
34.96046, Coward19, deleted 
34.96046, Coward29, AI
34.96894, Betrayal27, shoot, Betrayal27, False
35.85714, Alcoholic21, deleted 
35.85714, Alcoholic30, AI
36.04894, Adjuster28, shoot, Coward29, False
36.06894, Foe23, shoot, Juicehead24, False
36.68894, Foe23, shoot, Betrayal27, False
36.72894, Foe23, shoot, Player, False
37.16894, Foe23, shoot, Foe23, False
37.50894, Player, shoot, Foe23, False
37.54894, Player, shoot, Foe23, False
38.44894, Player, shoot, Drunkard25, False
39.70894, Foe23, shoot, Adjuster28, False
39.70894, Adjuster28, shoot, Adjuster28, False
39.74894, Foe23, shoot, Foe23, False
39.78894, Foe23, shoot, Foe23, False
39.94894, Betrayal27, shoot, Adjuster28, False
40.09132, Coward29, deleted 
40.09132, Coward31, AI
40.28894, Betrayal27, shoot, Betrayal27, False
41.58894, Foe23, shoot, Player, False
41.62894, Foe23, shoot, Player, False
41.98894, Betrayal27, shoot, Foe23, False
42.18894, Betrayal27, shoot, Player, True
42.50894, Adjuster28, shoot, Foe23, True
42.78894, Betrayal27, shoot, Coward31, False
42.86894, Adjuster28, get, Shield
Normal Close
