Game Time: 2022/2/17 9:54:30
Version: 1.0.0.2 with bullet collision times = 3
0, Player, player
0, Coward1, AI
0, Betrayal2, AI
0, Drunkard3, AI
0, Foe4, AI
0, Juicehead5, AI
0, Alcoholic6, AI
0, Lush7, AI
0, Adjuster8, AI
0, Bongfu9, AI
1.378469, Bongfu9, shoot, Player, False
1.798469, Player, shoot, Coward1, False
2.738469, Alcoholic6, shoot, Adjuster8, False
3.018469, Player, shoot, Coward1, False
3.35905, Juicehead5, deleted 
3.35905, Juicehead10, AI
3.618469, Player, shoot, Coward1, False
3.738469, Foe4, shoot, Adjuster8, False
4.887432, Lush7, deleted 
4.887432, Lush11, AI
4.918469, Player, shoot, Coward1, False
5.518469, Foe4, shoot, Foe4, False
5.538469, Player, shoot, Coward1, False
5.81847, Adjuster8, shoot, Adjuster8, False
5.938469, Alcoholic6, shoot, Alcoholic6, False
6.08364, Bongfu9, deleted 
6.08364, Bongfu12, AI
6.118469, Adjuster8, shoot, Adjuster8, False
6.299625, Drunkard3, deleted 
6.299625, Drunkard13, AI
6.81847, Player, shoot, Coward1, False
7.018469, Adjuster8, shoot, Adjuster8, False
7.31847, Adjuster8, shoot, Adjuster8, False
7.378469, Juicehead10, shoot, Betrayal2, False
7.645054, Betrayal2, deleted 
7.645054, Betrayal14, AI
7.898469, Adjuster8, shoot, Adjuster8, False
8.75847, Coward1, shoot, Player, False
8.774629, Juicehead10, deleted 
8.774629, Juicehead15, AI
8.818469, Adjuster8, shoot, Adjuster8, False
8.998469, Coward1, shoot, Player, False
8.998469, Player, shoot, Coward1, False
9.058469, Coward1, shoot, Player, False
9.118469, Adjuster8, shoot, Adjuster8, False
10.31847, Adjuster8, shoot, Adjuster8, True
10.31955, Adjuster16, AI
11.17847, Player, shoot, Coward1, False
11.43847, Player, shoot, Coward1, False
11.53243, Betrayal14, deleted 
11.53243, Betrayal17, AI
11.93101, Lush11, deleted 
11.93101, Lush18, AI
12.27847, Foe4, shoot, Foe4, False
12.41847, Foe4, shoot, Foe4, False
12.83847, Player, shoot, Drunkard13, False
14.51847, Foe4, shoot, Adjuster16, False
15.15847, Coward1, shoot, Drunkard13, False
16.57847, Betrayal17, shoot, Betrayal17, False
16.71847, Bongfu12, shoot, Coward1, True
16.73186, Coward19, AI
17.55847, Player, shoot, Alcoholic6, False
17.87847, Drunkard13, shoot, Bongfu12, False
17.87847, Foe4, shoot, Adjuster16, False
18.11847, Juicehead15, shoot, Juicehead15, False
18.65847, Foe4, shoot, Player, False
19.05847, Alcoholic6, shoot, Alcoholic6, False
19.09087, Lush18, deleted 
19.09087, Lush20, AI
19.72198, Betrayal17, deleted 
19.72198, Betrayal21, AI
20.23847, Adjuster16, shoot, Player, False
20.29847, Bongfu12, shoot, Betrayal21, False
21.31847, Juicehead15, shoot, Adjuster16, False
21.33847, Player, shoot, Adjuster16, False
21.33847, Adjuster16, shoot, Player, False
21.39847, Bongfu12, shoot, Bongfu12, False
22.55847, Adjuster16, shoot, Betrayal21, False
23.03847, Juicehead15, shoot, Juicehead15, False
23.09847, Adjuster16, shoot, Player, False
23.09847, Player, shoot, Adjuster16, False
23.43847, Adjuster16, shoot, Foe4, False
23.89847, Player, shoot, Bongfu12, False
24.19847, Drunkard13, shoot, Foe4, False
24.27847, Foe4, shoot, Alcoholic6, False
24.97018, Coward19, deleted 
24.97018, Coward22, AI
25.21847, Adjuster16, shoot, Foe4, False
25.51847, Drunkard13, shoot, Foe4, False
25.63847, Player, shoot, Drunkard13, False
25.67847, Drunkard13, shoot, Foe4, False
25.69847, Bongfu12, shoot, Drunkard13, False
25.95847, Alcoholic6, shoot, Betrayal21, False
27.05847, Adjuster16, shoot, Player, False
27.09847, Coward22, shoot, Coward22, False
27.59847, Bongfu12, shoot, Bongfu12, False
27.99847, Player, shoot, Alcoholic6, False
28.65847, Adjuster16, shoot, Player, False
28.75847, Foe4, shoot, Coward22, False
28.79847, Player, shoot, Adjuster16, False
28.79847, Adjuster16, shoot, Player, False
28.79847, Adjuster16, shoot, Player, True
28.79847, Player, shoot, Adjuster16, False
28.79847, Player, shoot, Adjuster16, False
28.85847, Player, shoot, Adjuster16, False
28.85847, Player, shoot, Adjuster16, True
29.01847, Adjuster16, shoot, Foe4, False
29.13847, Foe4, shoot, Coward22, False
29.13847, Adjuster16, shoot, Alcoholic6, False
Normal Close
