Game Time: 2022/2/17 9:55:22
Version: 1.0.0.2 with bullet collision times = 3
0, Player, player
0, Coward1, AI
0, Betrayal2, AI
0, Drunkard3, AI
0, Foe4, AI
0, Juicehead5, AI
0, Alcoholic6, AI
0, Lush7, AI
0, Adjuster8, AI
0, Bongfu9, AI
1.273616, Player, shoot, Adjuster8, False
2.773616, Bongfu9, shoot, Betrayal2, False
2.933616, Bongfu9, shoot, Alcoholic6, False
4.953616, Adjuster8, shoot, Foe4, False
5.393616, Foe4, shoot, Adjuster8, False
5.533616, Betrayal2, shoot, Betrayal2, False
5.993616, Adjuster8, shoot, Player, False
6.593616, Foe4, shoot, Adjuster8, False
6.893616, Adjuster8, shoot, Foe4, False
6.946101, Coward1, deleted 
6.946101, Coward10, AI
7.213616, Adjuster8, shoot, Foe4, False
7.213616, Adjuster8, shoot, Foe4, False
7.233616, Player, shoot, Foe4, False
7.713616, Drunkard3, shoot, Drunkard3, False
7.873616, Adjuster8, shoot, Foe4, False
8.506331, Lush7, deleted 
8.506331, Lush11, AI
8.653616, Player, shoot, Player, False
8.853616, Adjuster8, shoot, Player, False
8.993616, Adjuster8, shoot, Player, False
9.013616, Player, shoot, Adjuster8, False
9.413615, Foe4, shoot, Coward10, False
9.593616, Adjuster8, shoot, Foe4, False
9.593616, Foe4, shoot, Adjuster8, False
9.613616, Player, shoot, Adjuster8, False
10.49362, Adjuster8, shoot, Foe4, False
10.49362, Foe4, shoot, Adjuster8, False
10.79362, Adjuster8, shoot, Foe4, False
10.79362, Adjuster8, shoot, Foe4, True
10.79362, Foe4, shoot, Adjuster8, False
10.79362, Foe4, shoot, Adjuster8, False
10.79828, Foe12, AI
10.85362, Foe4, shoot, Adjuster8, True
10.86472, Adjuster13, AI
10.89362, Betrayal2, shoot, Betrayal2, False
11.01413, Alcoholic6, deleted 
11.01413, Alcoholic14, AI
12.31362, Betrayal2, shoot, Betrayal2, False
12.94009, Drunkard3, deleted 
12.94009, Drunkard15, AI
13.88666, Juicehead5, deleted 
13.88666, Juicehead16, AI
14.69362, Adjuster13, shoot, Player, False
14.77362, Juicehead16, shoot, Juicehead16, False
15.17362, Adjuster13, shoot, Foe12, False
15.26465, Alcoholic14, deleted 
15.26465, Alcoholic17, AI
16.03362, Player, get, Horse
16.31362, Adjuster13, shoot, Foe12, False
16.79362, Player, shoot, Adjuster13, False
16.81362, Lush11, shoot, Alcoholic17, False
16.81362, Alcoholic17, shoot, Lush11, False
16.89362, Player, get, Shield
16.89362, Foe12, shoot, Foe12, False
17.05362, Juicehead16, shoot, Adjuster13, False
17.53362, Alcoholic17, shoot, Lush11, False
17.70521, Bongfu9, deleted 
17.70521, Bongfu18, AI
18.19361, Alcoholic17, shoot, Alcoholic17, False
18.91362, Bongfu18, shoot, Juicehead16, False
19.11362, Foe12, shoot, Foe12, False
19.61362, Alcoholic17, shoot, Alcoholic17, False
19.79362, Foe12, shoot, Adjuster13, False
19.79362, Foe12, shoot, Adjuster13, False
19.8467, Betrayal2, deleted 
19.8467, Betrayal19, AI
19.97362, Adjuster13, shoot, Alcoholic17, False
20.05362, Drunkard15, shoot, Bongfu18, False
20.05362, Player, shoot, Alcoholic17, False
20.39362, Player, shoot, Foe12, False
20.99362, Alcoholic17, shoot, Betrayal19, False
21.29362, Alcoholic17, shoot, Adjuster13, False
21.31362, Adjuster13, shoot, Foe12, False
21.59361, Adjuster13, shoot, Alcoholic17, False
21.59361, Alcoholic17, shoot, Adjuster13, False
21.61362, Adjuster13, shoot, Foe12, False
21.65625, Drunkard15, deleted 
21.65625, Drunkard20, AI
22.25362, Player, shoot, Alcoholic17, False
22.31362, Adjuster13, shoot, Foe12, False
22.55362, Player, shoot, Coward10, False
22.69361, Betrayal19, shoot, Betrayal19, False
22.81362, Foe12, shoot, Player, False
23.09361, Adjuster13, shoot, Player, False
23.09361, Adjuster13, shoot, Foe12, False
23.09361, Player, shoot, Foe12, True
23.09361, Player, shoot, Adjuster13, False
23.10066, Foe21, AI
23.13362, Foe12, shoot, Adjuster13, False
23.13362, Foe12, shoot, Adjuster13, False
23.13362, Foe12, shoot, Player, False
23.13362, Foe12, shoot, Player, False
23.21362, Adjuster13, get, Shield
23.25362, Coward10, shoot, Coward10, False
23.55362, Player, shoot, Juicehead16, False
23.81362, Alcoholic17, shoot, Juicehead16, False
24.44578, Drunkard20, deleted 
24.44578, Drunkard22, AI
24.55362, Betrayal19, shoot, Bongfu18, False
24.69361, Juicehead16, shoot, Foe21, False
24.81362, Betrayal19, shoot, Bongfu18, False
25.19361, Coward10, shoot, Player, False
25.19361, Player, shoot, Coward10, False
25.43361, Adjuster13, shoot, Foe21, False
25.45362, Player, shoot, Drunkard22, False
25.59361, Juicehead16, shoot, Betrayal19, False
25.79362, Coward10, shoot, Player, True
Normal Close
