Game Time: 2022/2/17 10:20:30
Version: 1.0.0.2 with bullet collision times = 3
0, Player, player
0, Coward1, AI
0, Betrayal2, AI
0, Drunkard3, AI
0, Foe4, AI
0, Juicehead5, AI
0, Alcoholic6, AI
0, Lush7, AI
0, Adjuster8, AI
0, Bongfu9, AI
0.3471525, Coward1, shoot, Coward1, False
2.547153, Player, shoot, Alcoholic6, False
3.067153, Juicehead5, shoot, Adjuster8, False
3.687152, Drunkard3, shoot, Foe4, False
3.707152, Alcoholic6, shoot, Alcoholic6, False
3.767153, Player, shoot, Alcoholic6, False
4.147152, Adjuster8, shoot, Juicehead5, False
4.787152, Juicehead5, shoot, Drunkard3, False
5.387152, Player, shoot, Alcoholic6, False
5.707152, Foe4, shoot, Player, False
6.448798, Coward1, deleted 
6.448798, Coward10, AI
6.587152, Player, shoot, Alcoholic6, False
6.707152, Drunkard3, shoot, Drunkard3, False
7.007153, Drunkard3, shoot, Drunkard3, False
7.207152, Alcoholic6, shoot, Player, False
7.287152, Lush7, shoot, Lush7, False
7.307152, Alcoholic6, shoot, Foe4, False
7.307152, Drunkard3, shoot, Drunkard3, False
7.827152, Player, shoot, Alcoholic6, False
7.827152, Coward10, shoot, Foe4, False
7.907152, Foe4, shoot, Lush7, False
7.907152, Drunkard3, shoot, Drunkard3, False
8.147152, Adjuster8, shoot, Player, False
8.767153, Adjuster8, shoot, Foe4, False
8.847153, Player, shoot, Alcoholic6, False
8.987152, Adjuster8, shoot, Coward10, False
9.147152, Player, shoot, Alcoholic6, False
9.187152, Alcoholic6, shoot, Lush7, False
10.12715, Lush7, shoot, Bongfu9, False
10.62715, Player, shoot, Alcoholic6, False
10.73429, Betrayal2, deleted 
10.73429, Drunkard3, deleted 
10.73429, Betrayal11, AI
10.7509, Drunkard12, AI
10.78715, Drunkard12, shoot, Betrayal11, False
10.78715, Betrayal11, shoot, Drunkard12, False
10.80715, Juicehead5, shoot, Juicehead5, False
10.86715, Alcoholic6, shoot, Player, False
11.00715, Alcoholic6, shoot, Foe4, False
11.00715, Drunkard3, shoot, Coward10, False
11.06715, Adjuster8, shoot, Player, False
11.42715, Alcoholic6, shoot, Bongfu9, False
11.66715, Player, shoot, Alcoholic6, True
11.66715, Adjuster8, shoot, Player, False
11.68117, Alcoholic13, AI
11.84715, Player, get, Horse
12.10715, Drunkard12, shoot, Drunkard12, False
12.2127, Juicehead5, deleted 
12.2127, Juicehead14, AI
12.48715, Drunkard3, shoot, Foe4, False
12.495, Coward10, deleted 
12.495, Coward15, AI
12.76715, Drunkard12, shoot, Alcoholic13, False
12.94715, Coward15, shoot, Coward15, False
12.98715, Foe4, shoot, Foe4, False
13.06715, Player, shoot, Player, False
13.08715, Foe4, shoot, Adjuster8, False
13.22715, Player, shoot, Coward15, False
13.26715, Foe4, shoot, Adjuster8, False
13.48715, Player, shoot, Coward15, False
13.58715, Drunkard12, shoot, Coward15, False
14.20715, Foe4, shoot, Foe4, False
15.10296, Bongfu9, deleted 
15.10296, Bongfu16, AI
15.10715, Foe4, shoot, Foe4, False
15.12715, Alcoholic13, shoot, Alcoholic13, False
15.22715, Coward15, shoot, Coward15, False
16.14715, Foe4, shoot, Drunkard12, False
16.16715, Player, shoot, Bongfu16, False
16.22715, Player, shoot, Bongfu16, False
16.23254, Betrayal11, deleted 
16.23254, Betrayal17, AI
16.31562, Lush7, deleted 
16.31562, Lush18, AI
16.32715, Lush18, shoot, Betrayal17, False
16.69771, Drunkard12, deleted 
16.69771, Drunkard19, AI
17.34715, Adjuster8, shoot, Bongfu16, False
17.88715, Player, shoot, Player, False
18.30715, Adjuster8, shoot, Juicehead14, False
18.40715, Drunkard19, shoot, Drunkard19, False
18.65774, Coward15, deleted 
18.65774, Coward20, AI
19.42715, Juicehead14, shoot, Betrayal17, False
19.76715, Betrayal17, shoot, Drunkard19, False
20.16937, Alcoholic13, deleted 
20.16937, Alcoholic21, AI
20.24715, Drunkard19, shoot, Drunkard19, False
20.30715, Alcoholic21, shoot, Coward20, False
20.43507, Bongfu16, deleted 
20.43507, Bongfu22, AI
20.60715, Player, shoot, Player, False
21.32715, Coward20, shoot, Coward20, False
21.90715, Player, shoot, Bongfu22, False
22.06291, Betrayal17, deleted 
22.06291, Betrayal23, AI
23.42715, Player, shoot, Drunkard19, False
23.50715, Drunkard19, shoot, Coward20, False
23.62715, Player, shoot, Bongfu22, False
23.72715, Bongfu22, shoot, Bongfu22, False
24.08715, Adjuster8, shoot, Adjuster8, False
24.80715, Player, shoot, Player, True
25.12715, Foe4, shoot, Juicehead14, False
Normal Close
