Game Time: 2022/2/17 9:51:03
Version: 1.0.0.2 with bullet collision times = 3
0, Player, player
0, Coward1, AI
0, Betrayal2, AI
0, Drunkard3, AI
0, Foe4, AI
0, Juicehead5, AI
0, Alcoholic6, AI
0, Lush7, AI
0, Adjuster8, AI
0, Bongfu9, AI
1.116061, Bongfu9, shoot, Player, False
1.536061, Player, shoot, Bongfu9, False
2.096061, Player, shoot, Coward1, False
2.576061, Foe4, shoot, Adjuster8, False
2.676061, Bongfu9, shoot, Adjuster8, False
3.658283, Juicehead5, deleted 
3.658283, Juicehead10, AI
4.276061, Foe4, shoot, Adjuster8, False
4.339223, Lush7, deleted 
4.339223, Lush11, AI
5.767444, Alcoholic6, deleted 
5.767444, Alcoholic12, AI
5.80063, Bongfu9, deleted 
5.80063, Bongfu13, AI
5.816061, Bongfu13, shoot, Alcoholic12, False
6.716061, Player, shoot, Bongfu13, False
6.736061, Adjuster8, shoot, Player, False
7.076061, Player, shoot, Adjuster8, False
7.256061, Adjuster8, shoot, Foe4, False
7.411568, Drunkard3, deleted 
7.411568, Drunkard14, AI
7.41606, Player, shoot, Player, False
7.596061, Adjuster8, shoot, Alcoholic12, False
7.616061, Adjuster8, shoot, Player, False
8.096061, Adjuster8, shoot, Bongfu13, False
8.396061, Foe4, shoot, Adjuster8, False
9.096061, Adjuster8, shoot, Player, False
9.136061, Foe4, shoot, Foe4, False
9.45606, Adjuster8, shoot, Player, False
9.476061, Coward1, shoot, Coward1, False
9.676061, Adjuster8, shoot, Bongfu13, False
9.737059, Betrayal2, deleted 
9.737059, Betrayal15, AI
10.08601, Juicehead10, deleted 
10.08601, Juicehead16, AI
10.17606, Player, shoot, Drunkard14, False
10.19606, Foe4, shoot, Player, False
10.69606, Adjuster8, shoot, Player, False
12.26166, Lush11, deleted 
12.26166, Lush17, AI
12.39606, Coward1, shoot, Alcoholic12, False
12.69606, Foe4, shoot, Foe4, False
12.95606, Drunkard14, shoot, Drunkard14, False
14.02145, Betrayal15, deleted 
14.02145, Betrayal18, AI
14.39606, Adjuster8, shoot, Foe4, False
14.39606, Adjuster8, shoot, Foe4, False
14.43669, Alcoholic12, deleted 
14.43669, Alcoholic19, AI
14.75606, Adjuster8, shoot, Lush17, False
14.89606, Player, shoot, Betrayal18, False
15.43606, Foe4, shoot, Lush17, False
15.83606, Foe4, shoot, Player, False
16.39606, Player, shoot, Betrayal18, False
16.4631, Juicehead16, deleted 
16.4631, Juicehead20, AI
16.99606, Coward1, shoot, Coward1, False
17.07606, Bongfu13, shoot, Bongfu13, False
17.11606, Foe4, shoot, Foe4, False
17.32706, Alcoholic19, deleted 
17.32706, Alcoholic21, AI
17.87606, Player, shoot, Juicehead20, False
17.95826, Drunkard14, deleted 
17.95826, Drunkard22, AI
18.67606, Foe4, shoot, Adjuster8, False
18.83606, Lush17, shoot, Lush17, False
18.91606, Player, shoot, Bongfu13, False
20.51606, Bongfu13, shoot, Bongfu13, False
20.61606, Adjuster8, shoot, Foe4, False
21.35606, Player, shoot, Drunkard22, False
21.75606, Juicehead20, shoot, Juicehead20, False
21.91606, Player, shoot, Drunkard22, False
22.06193, Lush17, deleted 
22.06193, Lush23, AI
22.45606, Foe4, shoot, Drunkard22, False
22.53606, Drunkard22, shoot, Drunkard22, False
22.54367, Coward1, deleted 
22.54367, Coward24, AI
23.01606, Betrayal18, get, Shield
23.09606, Adjuster8, shoot, Juicehead20, False
23.45738, Betrayal18, deleted 
23.45738, Betrayal25, AI
23.47606, Foe4, shoot, Juicehead20, False
23.53606, Player, shoot, Player, False
23.55606, Adjuster8, shoot, Juicehead20, False
23.97231, Bongfu13, deleted 
23.97231, Bongfu26, AI
23.99606, Adjuster8, shoot, Foe4, False
23.99606, Foe4, shoot, Adjuster8, False
23.99606, Foe4, shoot, Adjuster8, False
24.1716, Alcoholic21, deleted 
24.1716, Alcoholic27, AI
24.43606, Player, shoot, Betrayal25, False
24.63606, Foe4, shoot, Adjuster8, False
25.43606, Coward24, shoot, Coward24, False
25.93205, Betrayal25, deleted 
25.93205, Betrayal28, AI
26.25606, Adjuster8, shoot, Foe4, False
26.47606, Player, shoot, Juicehead20, False
26.67606, Adjuster8, shoot, Adjuster8, False
27.15606, Player, shoot, Foe4, True
27.16084, Foe29, AI
28.77606, Player, get, Shield
28.81606, Adjuster8, shoot, Betrayal28, False
28.87606, Player, shoot, Lush23, False
28.97606, Player, shoot, Betrayal28, False
29.49606, Lush23, shoot, Lush23, False
29.51606, Player, shoot, Betrayal28, False
30.01796, Bongfu26, deleted 
30.01796, Bongfu30, AI
31.03606, Adjuster8, shoot, Foe29, False
31.91606, Foe29, shoot, Foe29, False
31.93606, Adjuster8, shoot, Lush23, False
32.14363, Coward24, deleted 
32.14363, Coward31, AI
32.21606, Foe29, shoot, Foe29, False
32.35606, Player, shoot, Drunkard22, False
32.53606, Foe29, shoot, Foe29, False
32.69606, Foe29, shoot, Foe29, False
33.17606, Player, shoot, Lush23, False
33.47606, Player, shoot, Coward31, False
33.63606, Betrayal28, shoot, Betrayal28, False
34.11606, Lush23, shoot, Lush23, False
34.19606, Adjuster8, shoot, Foe29, False
34.21606, Adjuster8, shoot, Foe29, False
34.31606, Lush23, shoot, Lush23, False
34.49606, Player, shoot, Lush23, False
34.53606, Drunkard22, shoot, Drunkard22, False
34.71606, Foe29, shoot, Player, False
34.97606, Lush23, shoot, Lush23, False
35.39606, Lush23, shoot, Adjuster8, False
35.49606, Adjuster8, shoot, Foe29, False
35.69606, Player, shoot, Foe29, False
36.11606, Bongfu30, shoot, Bongfu30, False
36.23606, Player, shoot, Adjuster8, True
36.24591, Adjuster32, AI
36.31606, Adjuster8, shoot, Foe29, True
36.32892, Foe33, AI
36.33606, Foe33, shoot, Adjuster32, False
36.53606, Player, shoot, Lush23, False
36.57606, Player, shoot, Lush23, True
36.57807, Lush34, AI
36.84376, Juicehead20, deleted 
36.84376, Juicehead35, AI
36.93606, Adjuster8, shoot, Bongfu30, False
37.09606, Adjuster32, shoot, Adjuster32, False
37.33606, Foe29, shoot, Player, True
37.61606, Bongfu30, shoot, Bongfu30, False
37.65606, Drunkard22, shoot, Bongfu30, False
37.95606, Bongfu30, shoot, Bongfu30, False
38.07606, Drunkard22, shoot, Drunkard22, False
38.83606, Drunkard22, shoot, Coward31, False
38.91606, Bongfu30, shoot, Foe33, False
Normal Close
