Game Time: 2022/2/17 9:56:54
Version: 1.0.0.2 with bullet collision times = 3
0, Player, player
0, Coward1, AI
0, Betrayal2, AI
0, Drunkard3, AI
0, Foe4, AI
0, Juicehead5, AI
0, Alcoholic6, AI
0, Lush7, AI
0, Adjuster8, AI
0, Bongfu9, AI
2.017935, Player, shoot, Coward1, False
2.257935, Drunkard3, shoot, Drunkard3, False
2.357935, Lush7, shoot, Adjuster8, False
2.437935, Foe4, shoot, Adjuster8, False
3.277935, Bongfu9, shoot, Lush7, False
3.317935, Coward1, shoot, Coward1, False
3.597935, Adjuster8, shoot, Lush7, False
3.597935, Lush7, shoot, Adjuster8, False
3.677935, Player, shoot, Coward1, False
4.217935, Adjuster8, shoot, Lush7, False
5.157935, Coward1, shoot, Player, False
5.597935, Player, shoot, Adjuster8, False
5.637935, Drunkard3, shoot, Player, False
6.097935, Coward1, shoot, Foe4, False
6.097935, Adjuster8, shoot, Foe4, False
7.797935, Coward1, shoot, Foe4, False
8.697935, Adjuster8, shoot, Foe4, False
8.697935, Foe4, shoot, Adjuster8, False
9.177935, Coward1, shoot, Alcoholic6, False
9.277935, Adjuster8, shoot, Coward1, False
9.717935, Adjuster8, shoot, Foe4, False
9.882454, Drunkard3, deleted 
9.882454, Drunkard10, AI
9.998517, Bongfu9, deleted 
9.998517, Bongfu11, AI
10.07794, Coward1, shoot, Drunkard10, False
10.29793, Player, shoot, Player, False
10.89793, Adjuster8, shoot, Adjuster8, False
11.23794, Player, shoot, Alcoholic6, False
11.85793, Alcoholic6, shoot, Bongfu11, False
12.10673, Juicehead5, deleted 
12.10673, Juicehead12, AI
12.48858, Betrayal2, deleted 
12.48858, Betrayal13, AI
13.07794, Adjuster8, shoot, Foe4, False
13.11794, Alcoholic6, shoot, Betrayal13, False
13.46848, Lush7, deleted 
13.46848, Lush14, AI
13.69794, Foe4, shoot, Coward1, False
13.91793, Foe4, shoot, Coward1, False
13.97793, Betrayal13, shoot, Betrayal13, False
14.13793, Player, shoot, Adjuster8, False
14.71793, Juicehead12, shoot, Juicehead12, False
14.75793, Drunkard10, shoot, Juicehead12, False
14.99794, Adjuster8, shoot, Player, False
14.99794, Player, shoot, Adjuster8, False
15.05793, Drunkard10, shoot, Betrayal13, False
15.11794, Juicehead12, shoot, Juicehead12, False
15.65794, Adjuster8, shoot, Player, False
15.77794, Adjuster8, shoot, Adjuster8, False
16.09793, Player, shoot, Juicehead12, False
17.13794, Adjuster8, shoot, Betrayal13, False
17.39793, Adjuster8, shoot, Foe4, False
17.39793, Adjuster8, shoot, Foe4, False
17.39793, Adjuster8, shoot, Foe4, False
17.39793, Adjuster8, shoot, Foe4, True
17.40438, Foe15, AI
17.41793, Player, get, Horse
17.41793, Foe4, shoot, Player, False
17.41793, Foe4, shoot, Player, False
17.41793, Foe4, shoot, Player, False
17.41793, Foe4, shoot, Player, False
17.41793, Foe4, shoot, Player, True
17.49793, Player, shoot, Adjuster8, True
17.79794, Betrayal13, shoot, Betrayal13, False
Normal Close
