Game Time: 2022/2/17 9:57:13
Version: 1.0.0.2 with bullet collision times = 3
0, Player, player
0, Coward1, AI
0, Betrayal2, AI
0, Drunkard3, AI
0, Foe4, AI
0, Juicehead5, AI
0, Alcoholic6, AI
0, Lush7, AI
0, Adjuster8, AI
0, Bongfu9, AI
1.091205, Coward1, shoot, Adjuster8, False
2.151205, Player, shoot, Coward1, False
2.351205, Bongfu9, shoot, Bongfu9, False
2.743929, Lush7, deleted 
2.743929, Lush10, AI
3.351205, Adjuster8, shoot, Adjuster8, False
3.375347, Juicehead5, deleted 
3.375347, Juicehead11, AI
3.711205, Foe4, shoot, Foe4, False
4.151205, Lush10, shoot, Lush10, False
4.911205, Foe4, shoot, Foe4, False
5.391205, Player, shoot, Coward1, False
5.751205, Foe4, shoot, Foe4, False
5.791205, Foe4, shoot, Lush10, False
5.891205, Juicehead11, shoot, Juicehead11, False
6.131205, Adjuster8, shoot, Player, False
6.291205, Alcoholic6, shoot, Coward1, False
6.591205, Coward1, shoot, Coward1, False
6.911205, Player, shoot, Player, False
7.231205, Lush10, shoot, Lush10, False
7.291205, Coward1, shoot, Adjuster8, False
7.391205, Foe4, shoot, Adjuster8, False
7.911205, Foe4, shoot, Foe4, False
7.991205, Alcoholic6, shoot, Coward1, False
8.431205, Foe4, shoot, Foe4, False
8.851205, Adjuster8, shoot, Foe4, False
9.051205, Player, shoot, Coward1, False
9.131205, Bongfu9, shoot, Bongfu9, False
9.451205, Coward1, shoot, Player, False
9.591205, Player, shoot, Player, False
9.771205, Coward1, shoot, Coward1, False
10.51554, Juicehead11, deleted 
10.51554, Juicehead12, AI
10.9112, Alcoholic6, shoot, Alcoholic6, False
10.9312, Coward1, shoot, Adjuster8, False
11.69121, Adjuster8, shoot, Player, False
11.8712, Foe4, shoot, Coward1, False
12.11121, Alcoholic6, shoot, Alcoholic6, False
12.3712, Player, shoot, Player, False
12.4112, Foe4, shoot, Player, False
12.4112, Alcoholic6, shoot, Alcoholic6, False
12.5912, Foe4, shoot, Player, False
12.7912, Alcoholic6, shoot, Alcoholic6, False
12.99121, Foe4, shoot, Juicehead12, False
13.2112, Foe4, shoot, Adjuster8, False
13.3712, Alcoholic6, shoot, Alcoholic6, False
13.3912, Bongfu9, shoot, Bongfu9, False
14.2112, Alcoholic6, shoot, Alcoholic6, False
14.3312, Lush10, shoot, Foe4, False
14.3512, Coward1, shoot, Lush10, False
14.5112, Alcoholic6, shoot, Alcoholic6, False
14.8712, Player, shoot, Bongfu9, False
15.0912, Adjuster8, shoot, Player, False
15.15121, Foe4, shoot, Foe4, False
15.15121, Player, shoot, Bongfu9, False
15.48034, Betrayal2, deleted 
15.48034, Betrayal13, AI
15.6312, Lush10, shoot, Foe4, False
15.89542, Drunkard3, deleted 
15.89542, Drunkard14, AI
16.0112, Foe4, shoot, Adjuster8, False
16.5312, Bongfu9, shoot, Player, True
16.57121, Juicehead12, shoot, Juicehead12, False
16.7912, Adjuster8, shoot, Bongfu9, False
16.7912, Adjuster8, shoot, Foe4, True
16.7912, Bongfu9, shoot, Adjuster8, False
16.7912, Adjuster8, shoot, Bongfu9, False
16.7912, Adjuster8, shoot, Bongfu9, False
16.8112, Bongfu9, get, Horse
17.25121, Alcoholic6, shoot, Alcoholic6, False
Normal Close
