Game Time: 2022/2/17 10:20:10
Version: 1.0.0.2 with bullet collision times = 3
0, Player, player
0, Coward1, AI
0, Betrayal2, AI
0, Drunkard3, AI
0, Foe4, AI
0, Juicehead5, AI
0, Alcoholic6, AI
0, Lush7, AI
0, Adjuster8, AI
0, Bongfu9, AI
0.1959129, Bongfu9, shoot, Bongfu9, False
0.2759129, Lush7, shoot, Lush7, False
0.4759129, Juicehead5, shoot, Juicehead5, False
0.4759129, Drunkard3, shoot, Drunkard3, False
2.115913, Foe4, shoot, Lush7, False
2.135913, Lush7, shoot, Adjuster8, False
3.215913, Adjuster8, shoot, Player, False
3.775913, Bongfu9, shoot, Foe4, False
3.775913, Player, shoot, Adjuster8, False
4.035913, Coward1, shoot, Coward1, False
4.195913, Adjuster8, shoot, Foe4, False
4.395913, Juicehead5, shoot, Juicehead5, False
4.795913, Player, shoot, Foe4, False
4.935913, Drunkard3, shoot, Drunkard3, False
5.175913, Adjuster8, shoot, Foe4, False
5.395913, Bongfu9, shoot, Lush7, False
5.395913, Foe4, shoot, Adjuster8, False
5.395913, Foe4, shoot, Adjuster8, False
5.395913, Lush7, shoot, Bongfu9, False
5.483108, Alcoholic6, deleted 
5.483108, Alcoholic10, AI
5.495913, Foe4, shoot, Alcoholic10, False
7.635913, Juicehead5, shoot, Drunkard3, False
7.707772, Betrayal2, deleted 
7.707772, Betrayal11, AI
7.795913, Adjuster8, shoot, Player, False
7.875913, Lush7, shoot, Alcoholic10, False
8.335913, Drunkard3, shoot, Adjuster8, False
8.395913, Adjuster8, shoot, Betrayal11, False
9.055913, Adjuster8, shoot, Player, False
9.095913, Adjuster8, shoot, Foe4, False
9.595913, Foe4, shoot, Player, False
9.595913, Adjuster8, shoot, Player, False
9.595913, Adjuster8, shoot, Foe4, False
9.595913, Player, shoot, Foe4, False
9.595913, Foe4, shoot, Adjuster8, False
9.655912, Player, shoot, Player, False
9.750643, Bongfu9, deleted 
9.750643, Bongfu12, AI
10.33591, Coward1, shoot, Lush7, False
10.49591, Adjuster8, shoot, Foe4, False
10.49591, Foe4, shoot, Adjuster8, False
10.79591, Adjuster8, shoot, Foe4, False
10.79591, Adjuster8, shoot, Foe4, True
10.79591, Foe4, shoot, Adjuster8, False
10.79676, Foe13, AI
10.81591, Foe4, shoot, Adjuster8, False
10.83591, Foe4, shoot, Adjuster8, True
10.84658, Adjuster14, AI
10.85591, Adjuster14, shoot, Foe13, False
10.91591, Drunkard3, shoot, Lush7, False
11.11591, Foe4, shoot, Player, False
11.37591, Bongfu12, shoot, Player, False
11.85591, Player, get, Horse
11.93591, Player, get, Horse
12.95591, Juicehead5, shoot, Alcoholic10, False
13.07591, Lush7, shoot, Foe13, False
13.23745, Alcoholic10, deleted 
13.23745, Alcoholic15, AI
13.76873, Juicehead5, deleted 
13.76873, Juicehead16, AI
13.96795, Drunkard3, deleted 
13.96795, Drunkard17, AI
14.11591, Foe13, shoot, Bongfu12, False
14.19591, Player, shoot, Coward1, False
14.39591, Adjuster14, shoot, Foe13, False
14.75591, Player, shoot, Player, False
16.03591, Player, shoot, Drunkard17, False
16.27591, Adjuster14, shoot, Foe13, False
16.63591, Player, shoot, Juicehead16, False
16.64217, Lush7, deleted 
16.64217, Lush18, AI
16.93591, Juicehead16, shoot, Juicehead16, False
17.93591, Foe13, shoot, Alcoholic15, False
18.07591, Foe13, shoot, Alcoholic15, False
18.13591, Alcoholic15, shoot, Bongfu12, False
18.19591, Foe13, shoot, Bongfu12, False
18.39591, Player, shoot, Player, True
18.69591, Adjuster14, shoot, Foe13, False
18.73591, Player, shoot, Foe13, False
Normal Close
