Game Time: 2022/2/17 10:00:39
Version: 1.0.0.2 with bullet collision times = 3
0, Player, player
0, Coward1, AI
0, Betrayal2, AI
0, Drunkard3, AI
0, Foe4, AI
0, Juicehead5, AI
0, Alcoholic6, AI
0, Lush7, AI
0, Adjuster8, AI
0, Bongfu9, AI
0.3472973, Juicehead5, shoot, Juicehead5, False
0.3672973, Bongfu9, shoot, Bongfu9, False
0.3672973, Adjuster8, shoot, Adjuster8, False
0.3672973, Lush7, shoot, Lush7, False
0.3672973, Alcoholic6, shoot, Alcoholic6, False
0.3672973, Player, shoot, Player, False
0.3672973, Drunkard3, shoot, Drunkard3, False
0.3672973, Betrayal2, shoot, Betrayal2, False
1.287297, Alcoholic6, shoot, Alcoholic6, False
1.627297, Alcoholic6, shoot, Alcoholic6, False
2.507297, Juicehead5, shoot, Lush7, False
3.147297, Juicehead5, shoot, Lush7, False
3.187297, Bongfu9, shoot, Bongfu9, False
3.707297, Foe4, shoot, Foe4, False
3.807297, Alcoholic6, shoot, Alcoholic6, False
4.227297, Bongfu9, shoot, Player, False
4.567297, Bongfu9, shoot, Bongfu9, False
4.907297, Foe4, shoot, Foe4, False
5.187297, Bongfu9, shoot, Bongfu9, False
5.207297, Foe4, shoot, Foe4, False
5.334605, Betrayal2, deleted 
5.334605, Betrayal10, AI
5.507297, Foe4, shoot, Foe4, False
5.847297, Adjuster8, shoot, Lush7, False
5.927297, Coward1, shoot, Foe4, False
6.107297, Foe4, shoot, Foe4, False
6.927297, Bongfu9, shoot, Betrayal10, False
7.007297, Foe4, shoot, Foe4, False
7.187297, Bongfu9, shoot, Betrayal10, False
7.287297, Bongfu9, shoot, Betrayal10, False
7.547297, Bongfu9, shoot, Betrayal10, False
8.853952, Alcoholic6, deleted 
8.853952, Alcoholic11, AI
9.107297, Adjuster8, shoot, Adjuster8, False
9.247297, Foe4, shoot, Betrayal10, False
9.327297, Foe4, shoot, Betrayal10, False
9.567297, Bongfu9, shoot, Foe4, False
10.0473, Foe4, shoot, Alcoholic11, False
10.3873, Bongfu9, shoot, Betrayal10, False
10.41521, Lush7, deleted 
10.41521, Lush12, AI
10.5073, Foe4, shoot, Adjuster8, False
10.6073, Alcoholic11, shoot, Alcoholic11, False
10.6873, Betrayal10, shoot, Betrayal10, False
10.7873, Foe4, shoot, Adjuster8, False
10.7873, Foe4, shoot, Adjuster8, False
10.7873, Foe4, shoot, Adjuster8, False
10.99664, Drunkard3, deleted 
10.99664, Drunkard13, AI
11.0273, Betrayal10, shoot, Betrayal10, False
11.3273, Betrayal10, shoot, Adjuster8, False
11.6473, Foe4, shoot, Foe4, False
11.9473, Alcoholic11, shoot, Betrayal10, True
11.96008, Betrayal14, AI
12.4473, Foe4, shoot, Adjuster8, False
12.6673, Adjuster8, shoot, Foe4, True
12.67429, Foe15, AI
12.6873, Lush12, shoot, Lush12, False
12.7873, Adjuster8, get, Horse
13.1873, Foe4, shoot, Betrayal14, False
13.3873, Foe4, shoot, Lush12, False
14.7873, Juicehead5, shoot, Bongfu9, False
14.8073, Adjuster8, shoot, Foe15, False
15.1273, Player, shoot, Adjuster8, False
15.7873, Lush12, shoot, Player, False
16.0073, Adjuster8, shoot, Juicehead5, False
16.0073, Bongfu9, shoot, Alcoholic11, False
16.0473, Adjuster8, shoot, Player, False
16.1873, Adjuster8, shoot, Player, False
16.1873, Adjuster8, shoot, Player, False
16.1873, Adjuster8, shoot, Player, False
16.1873, Player, shoot, Adjuster8, False
16.7673, Bongfu9, shoot, Bongfu9, False
17.4073, Adjuster8, shoot, Foe15, False
17.4073, Adjuster8, shoot, Foe15, False
17.4673, Adjuster8, shoot, Player, False
17.8473, Player, shoot, Foe15, False
17.9873, Adjuster8, shoot, Player, False
17.9873, Adjuster8, shoot, Player, False
17.9873, Adjuster8, shoot, Player, True
17.9873, Player, shoot, Adjuster8, True
18.2073, Lush12, shoot, Lush12, False
18.3673, Foe15, shoot, Foe15, False
18.7273, Lush12, shoot, Lush12, False
18.9273, Juicehead5, shoot, Juicehead5, False
Normal Close
