Game Time: 2022/2/17 9:50:43
Version: 1.0.0.2 with bullet collision times = 3
0, Player, player
0, Coward1, AI
0, Betrayal2, AI
0, Drunkard3, AI
0, Foe4, AI
0, Juicehead5, AI
0, Alcoholic6, AI
0, Lush7, AI
0, Adjuster8, AI
0, Bongfu9, AI
1.124979, Bongfu9, shoot, Player, False
1.92498, Bongfu9, shoot, Coward1, False
3.60498, Lush7, shoot, Foe4, False
5.164979, Betrayal2, shoot, Betrayal2, False
5.52498, Betrayal2, shoot, Betrayal2, False
5.58498, Player, shoot, Alcoholic6, False
6.44498, Juicehead5, shoot, Bongfu9, False
6.58498, Player, shoot, Juicehead5, False
6.884979, Foe4, shoot, Foe4, False
7.087368, Coward1, deleted 
7.087368, Coward10, AI
7.184979, Player, shoot, Juicehead5, False
7.868071, Drunkard3, deleted 
7.868071, Drunkard11, AI
7.904979, Foe4, shoot, Foe4, False
9.804979, Foe4, shoot, Player, False
9.90498, Lush7, shoot, Lush7, False
11.38498, Betrayal2, shoot, Lush7, False
11.40498, Foe4, shoot, Player, False
11.78498, Lush7, shoot, Lush7, False
12.20498, Alcoholic6, shoot, Coward10, False
12.52498, Foe4, shoot, Adjuster8, False
13.18498, Foe4, shoot, Adjuster8, False
13.36591, Coward10, deleted 
13.36591, Coward12, AI
14.00498, Lush7, shoot, Lush7, False
14.40498, Betrayal2, shoot, Juicehead5, False
14.52837, Alcoholic6, deleted 
14.52837, Alcoholic13, AI
14.58498, Adjuster8, shoot, Player, False
15.38498, Alcoholic13, shoot, Player, False
15.90498, Betrayal2, shoot, Betrayal2, False
16.10498, Adjuster8, shoot, Player, False
16.30498, Adjuster8, shoot, Player, False
16.78498, Foe4, shoot, Player, False
16.78498, Player, shoot, Foe4, False
17.12498, Player, shoot, Betrayal2, False
17.53453, Bongfu9, deleted 
17.53453, Bongfu14, AI
17.58498, Lush7, shoot, Foe4, False
17.68498, Foe4, shoot, Player, False
17.68498, Player, shoot, Foe4, False
17.76498, Adjuster8, shoot, Player, False
17.84498, Lush7, shoot, Lush7, False
17.98498, Foe4, shoot, Player, True
17.98498, Player, shoot, Foe4, False
17.98498, Player, shoot, Foe4, False
18.00498, Player, shoot, Adjuster8, False
18.02498, Player, shoot, Adjuster8, False
18.02498, Player, shoot, Foe4, False
18.36498, Bongfu14, shoot, Bongfu14, False
18.38498, Player, shoot, Foe4, False
18.44498, Betrayal2, shoot, Betrayal2, False
Normal Close
