Game Time: 2022/2/17 9:52:24
Version: 1.0.0.2 with bullet collision times = 3
0, Player, player
0, Coward1, AI
0, Betrayal2, AI
0, Drunkard3, AI
0, Foe4, AI
0, Juicehead5, AI
0, Alcoholic6, AI
0, Lush7, AI
0, Adjuster8, AI
0, Bongfu9, AI
1.800489, Bongfu9, shoot, Player, False
1.800489, Player, shoot, Bongfu9, False
2.060489, Foe4, shoot, Lush7, False
2.400489, Drunkard3, shoot, Betrayal2, False
2.900489, Adjuster8, shoot, Coward1, False
4.600489, Lush7, shoot, Foe4, False
4.920489, Foe4, shoot, Foe4, False
5.580489, Player, shoot, Bongfu9, False
5.920489, Lush7, shoot, Foe4, False
6.780489, Lush7, shoot, Player, False
6.846576, Betrayal2, deleted 
6.846576, Betrayal10, AI
7.060489, Player, shoot, Player, False
7.200489, Lush7, shoot, Foe4, False
7.200489, Foe4, shoot, Lush7, False
7.200489, Foe4, shoot, Lush7, False
7.400489, Player, shoot, Foe4, False
7.461164, Juicehead5, deleted 
7.461164, Juicehead11, AI
7.860489, Coward1, shoot, Coward1, False
9.240489, Foe4, shoot, Foe4, False
9.371263, Alcoholic6, deleted 
9.371263, Alcoholic12, AI
9.952505, Juicehead11, deleted 
9.952505, Juicehead13, AI
10.92049, Coward1, shoot, Coward1, False
11.14049, Juicehead13, shoot, Juicehead13, False
11.60049, Foe4, shoot, Lush7, False
12.16188, Bongfu9, deleted 
12.16188, Bongfu14, AI
12.58049, Coward1, shoot, Coward1, False
13.48049, Alcoholic12, shoot, Alcoholic12, False
13.92049, Alcoholic12, shoot, Alcoholic12, False
14.50049, Foe4, shoot, Bongfu14, False
14.52049, Adjuster8, shoot, Adjuster8, False
16.00049, Alcoholic12, shoot, Alcoholic12, False
17.56601, Lush7, deleted 
17.56601, Lush15, AI
17.62049, Foe4, shoot, Alcoholic12, False
18.12049, Adjuster8, shoot, Adjuster8, False
18.70049, Alcoholic12, shoot, Alcoholic12, False
18.72049, Adjuster8, shoot, Adjuster8, False
19.00049, Player, shoot, Coward1, False
19.12733, Coward1, deleted 
19.12733, Coward16, AI
19.48049, Drunkard3, shoot, Lush15, False
19.62049, Adjuster8, shoot, Adjuster8, False
19.92049, Foe4, shoot, Player, False
20.17362, Betrayal10, deleted 
20.17362, Betrayal17, AI
20.34049, Player, shoot, Adjuster8, False
20.40049, Betrayal17, shoot, Betrayal17, False
20.88782, Lush15, deleted 
20.88782, Lush18, AI
21.74049, Lush18, shoot, Bongfu14, False
22.02049, Drunkard3, shoot, Drunkard3, False
22.30049, Adjuster8, shoot, Player, False
22.58202, Alcoholic12, deleted 
22.58202, Alcoholic19, AI
23.20049, Adjuster8, shoot, Foe4, False
23.24049, Player, shoot, Betrayal17, False
24.00049, Adjuster8, shoot, Foe4, False
24.00049, Foe4, shoot, Adjuster8, False
24.90049, Player, shoot, Adjuster8, False
25.20049, Adjuster8, shoot, Player, False
25.20049, Player, shoot, Adjuster8, False
26.26953, Alcoholic19, deleted 
26.26953, Alcoholic20, AI
26.85093, Bongfu14, deleted 
26.85093, Bongfu21, AI
27.12049, Bongfu21, shoot, Bongfu21, False
27.20049, Player, shoot, Foe4, False
27.70049, Foe4, shoot, Foe4, False
27.72049, Foe4, shoot, Juicehead13, False
27.82049, Adjuster8, shoot, Foe4, True
27.83083, Foe22, AI
28.08049, Betrayal17, shoot, Alcoholic20, False
28.34049, Juicehead13, shoot, Juicehead13, False
28.66137, Drunkard3, deleted 
28.66137, Drunkard23, AI
28.92049, Juicehead13, shoot, Juicehead13, False
29.48049, Bongfu21, shoot, Adjuster8, False
30.16049, Player, get, Shield
30.42049, Adjuster8, shoot, Adjuster8, True
30.43862, Adjuster24, AI
30.48049, Betrayal17, shoot, Coward16, False
30.50049, Adjuster8, shoot, Bongfu21, False
30.72049, Foe22, shoot, Foe22, False
30.72049, Adjuster8, shoot, Bongfu21, False
30.74049, Adjuster24, shoot, Adjuster24, False
31.54049, Bongfu21, shoot, Alcoholic20, False
31.78049, Juicehead13, shoot, Juicehead13, False
31.93357, Coward16, deleted 
31.93357, Coward25, AI
32.06049, Betrayal17, shoot, Foe22, False
32.10049, Bongfu21, shoot, Alcoholic20, False
32.40049, Bongfu21, shoot, Alcoholic20, False
32.96049, Alcoholic20, shoot, Alcoholic20, False
32.98049, Alcoholic20, shoot, Foe22, False
33.04049, Adjuster8, shoot, Juicehead13, False
33.08049, Bongfu21, shoot, Alcoholic20, False
33.28049, Adjuster24, shoot, Foe22, False
33.38049, Alcoholic20, shoot, Betrayal17, False
33.74049, Adjuster24, shoot, Foe22, False
33.90049, Alcoholic20, shoot, Betrayal17, False
34.20049, Alcoholic20, shoot, Betrayal17, False
34.20049, Alcoholic20, shoot, Betrayal17, False
34.20049, Alcoholic20, shoot, Betrayal17, False
34.34049, Betrayal17, shoot, Bongfu21, False
34.84049, Foe22, shoot, Adjuster24, False
34.86049, Coward25, shoot, Juicehead13, False
35.00049, Juicehead13, shoot, Juicehead13, False
35.82049, Adjuster24, shoot, Player, False
36.00261, Drunkard23, deleted 
36.00261, Drunkard26, AI
36.58049, Alcoholic20, shoot, Bongfu21, False
36.58376, Lush18, deleted 
36.58376, Lush27, AI
36.72049, Juicehead13, shoot, Juicehead13, False
37.72049, Foe22, shoot, Player, False
37.72973, Betrayal17, deleted 
37.72973, Betrayal28, AI
37.80049, Player, shoot, Adjuster24, False
37.80049, Player, shoot, Adjuster24, False
38.02887, Alcoholic20, deleted 
38.02887, Alcoholic29, AI
38.26049, Alcoholic29, shoot, Alcoholic29, False
38.30049, Foe22, shoot, Foe22, False
38.32049, Juicehead13, shoot, Juicehead13, False
39.12049, Juicehead13, shoot, Juicehead13, True
39.12508, Juicehead30, AI
39.26049, Alcoholic29, shoot, Alcoholic29, False
39.40049, Foe22, shoot, Adjuster24, False
39.60049, Foe22, shoot, Adjuster24, False
39.60049, Foe22, shoot, Adjuster24, False
39.60049, Foe22, shoot, Adjuster24, False
39.60049, Foe22, shoot, Adjuster24, False
39.88049, Juicehead30, shoot, Juicehead30, False
39.94049, Lush27, shoot, Lush27, False
40.02049, Drunkard26, shoot, Drunkard26, False
40.10049, Coward25, shoot, Coward25, False
40.20049, Foe22, shoot, Adjuster24, True
40.20467, Adjuster31, AI
40.22049, Foe22, get, Horse
40.92049, Coward25, shoot, Coward25, False
41.20049, Coward25, shoot, Coward25, False
41.60049, Foe22, shoot, Player, False
41.60049, Player, shoot, Foe22, False
41.91523, Alcoholic29, deleted 
41.91523, Alcoholic32, AI
41.98049, Drunkard26, shoot, Drunkard26, False
42.00049, Player, shoot, Foe22, False
42.00049, Foe22, shoot, Player, False
42.00049, Foe22, shoot, Player, False
42.00049, Player, shoot, Foe22, False
42.12049, Coward25, shoot, Coward25, False
42.14049, Alcoholic32, shoot, Alcoholic32, False
42.64049, Foe22, shoot, Adjuster31, False
42.68049, Player, shoot, Juicehead30, False
42.68049, Foe22, shoot, Adjuster31, False
42.70049, Foe22, shoot, Adjuster31, False
42.70049, Player, shoot, Foe22, True
42.71239, Foe33, AI
42.78049, Foe22, shoot, Adjuster31, False
42.80049, Foe22, shoot, Juicehead30, False
42.82049, Foe22, shoot, Adjuster31, False
42.86049, Foe22, shoot, Juicehead30, False
43.02049, Coward25, shoot, Coward25, False
43.06049, Adjuster31, get, Shield
43.60049, Lush27, shoot, Player, True
43.94049, Coward25, shoot, Coward25, False
44.10049, Foe22, shoot, Lush27, False
44.18049, Player, shoot, Foe33, False
Normal Close
