Game Time: 2022/2/23 11:25:54
Version: 1.0.0.2 with bullet collision times = 2
0, Name, player
0, Name, get, initialShield
0, Coward1, AI
0, Betrayal2, AI
0, Drunkard3, AI
0, Foe4, AI
0, Juicehead5, AI
0, Alcoholic6, AI
0, Lush7, AI
0, Adjuster8, AI
0, Bongfu9, AI
1.477526, Adjuster8, get, coin_v_1
1.637526, Bongfu9, get, coin_v_1
1.837526, Bongfu9, get, coin_v_1
1.917526, Alcoholic6, shoot, Alcoholic6, False
1.917526, Juicehead5, shoot, Juicehead5, False
2.297526, Betrayal2, shoot, Betrayal2, False
2.657526, Name, shoot, Adjuster8, False
3.577526, Foe4, get, coin_v_1
3.737526, Foe4, shoot, Adjuster8, False
4.677526, Alcoholic6, get, coin_v_1
5.037526, Lush7, shoot, Foe4, False
5.497526, Juicehead5, shoot, Juicehead5, False
6.277525, Drunkard3, shoot, Bongfu9, False
6.37936, Coward1, deleted 
6.37936, Coward10, AI
7.077526, Coward10, get, coin_v_1
7.897526, Adjuster8, shoot, Adjuster8, False
8.139535, Bongfu9, deleted 
8.139535, Bongfu11, AI
9.057526, Name, shoot, Foe4, False
9.157525, Juicehead5, shoot, Juicehead5, False
9.197526, Coward10, get, coin_v_1
9.717525, Juicehead5, shoot, Drunkard3, False
9.837525, Juicehead5, shoot, Drunkard3, False
9.957525, Juicehead5, shoot, Juicehead5, False
10.61753, Juicehead5, shoot, Juicehead5, False
11.46109, Bongfu11, deleted 
11.46109, Bongfu12, AI
11.51753, Adjuster8, shoot, Adjuster8, False
11.69753, Alcoholic6, get, coin_v_1
12.97753, Juicehead5, shoot, Juicehead5, False
13.31753, Adjuster8, shoot, Adjuster8, False
13.59753, Juicehead5, shoot, Juicehead5, False
13.78619, Coward10, deleted 
13.78619, Coward13, AI
14.75753, Adjuster8, shoot, Adjuster8, False
15.06522, Bongfu12, deleted 
15.06522, Bongfu14, AI
15.11753, Adjuster8, shoot, Adjuster8, False
15.3809, Alcoholic6, deleted 
15.3809, Alcoholic15, AI
15.81752, Juicehead5, shoot, Adjuster8, False
16.49753, Alcoholic15, shoot, Bongfu14, False
17.09752, Coward13, get, horse
17.15832, Coward13, deleted 
17.15832, Coward16, AI
17.73753, Juicehead5, shoot, Juicehead5, False
17.79753, Juicehead5, shoot, Juicehead5, False
18.09752, Juicehead5, shoot, Juicehead5, True
18.10499, Juicehead17, AI
18.39753, Bongfu14, get, horse
18.4704, Bongfu14, deleted 
18.4704, Bongfu18, AI
18.53753, Bongfu18, shoot, Juicehead17, False
18.61753, Alcoholic15, get, shield
18.66966, Alcoholic15, deleted 
18.66966, Alcoholic19, AI
18.71753, Adjuster8, shoot, Adjuster8, False
19.19753, Juicehead17, shoot, Bongfu18, False
19.41753, Juicehead5, shoot, Foe4, False
19.79753, Alcoholic19, shoot, Bongfu18, False
20.39753, Bongfu18, shoot, Juicehead17, False
20.53753, Coward16, get, shield
20.54625, Coward16, deleted 
20.54625, Coward20, AI
21.03753, Adjuster8, get, coin_v_1
21.31753, Bongfu18, shoot, Juicehead17, False
21.59752, Alcoholic19, shoot, Bongfu18, False
21.71753, Adjuster8, shoot, Lush7, False
22.21753, Bongfu18, shoot, Juicehead17, False
22.971, Juicehead17, deleted 
22.971, Juicehead21, AI
23.01752, Bongfu18, get, shield
23.01752, Alcoholic19, get, shield
23.10392, Bongfu18, deleted 
23.10392, Bongfu22, AI
23.12052, Alcoholic19, deleted 
23.12052, Alcoholic23, AI
23.29753, Adjuster8, shoot, Lush7, False
23.39753, Alcoholic23, shoot, Bongfu22, False
24.05753, Coward20, get, shield
24.15037, Coward20, deleted 
24.15037, Coward24, AI
24.63753, Bongfu22, shoot, Juicehead21, False
25.23753, Bongfu22, shoot, Juicehead21, False
25.29753, Alcoholic23, shoot, Alcoholic23, False
26.04398, Lush7, deleted 
26.04398, Lush25, AI
26.25752, Juicehead21, get, shield
26.34294, Juicehead21, deleted 
26.34294, Juicehead26, AI
26.37753, Bongfu22, get, horse
26.4592, Bongfu22, deleted 
26.4592, Bongfu27, AI
26.51752, Alcoholic23, shoot, Alcoholic23, False
26.81753, Alcoholic23, shoot, Alcoholic23, False
27.01752, Bongfu27, shoot, Juicehead26, False
27.11753, Alcoholic23, shoot, Alcoholic23, False
27.50575, Coward24, deleted 
27.50575, Coward28, AI
27.71753, Adjuster8, shoot, Adjuster8, False
27.71753, Alcoholic23, shoot, Alcoholic23, False
27.83752, Foe4, get, coin_v_1
28.29753, Adjuster8, shoot, Adjuster8, True
28.30313, Adjuster29, AI
28.61753, Alcoholic23, shoot, Alcoholic23, False
28.81753, Bongfu27, shoot, Juicehead26, False
28.91752, Alcoholic23, shoot, Alcoholic23, False
29.11753, Adjuster8, shoot, Drunkard3, False
29.24977, Lush25, deleted 
29.24977, Lush30, AI
29.61753, Juicehead26, get, shield
29.69816, Juicehead26, deleted 
29.69816, Juicehead31, AI
29.75752, Bongfu27, get, horse
29.79753, Bongfu27, get, horse
29.83101, Bongfu27, deleted 
29.83101, Bongfu32, AI
29.83752, Adjuster8, shoot, Coward28, False
30.41752, Alcoholic23, shoot, Alcoholic23, False
30.61753, Bongfu32, shoot, Juicehead31, False
30.85752, Coward28, get, horse
30.86052, Coward28, deleted 
30.86052, Coward33, AI
31.27752, Lush30, get, coin_v_1
31.97753, Adjuster29, shoot, Betrayal2, False
32.03753, Name, shoot, Lush30, False
32.41753, Bongfu32, shoot, Juicehead31, False
32.59753, Alcoholic23, shoot, Alcoholic23, False
32.97752, Juicehead31, get, shield
33.05753, Adjuster29, shoot, Foe4, False
33.08537, Juicehead31, deleted 
33.08537, Juicehead34, AI
33.13752, Bongfu32, get, horse
33.18495, Bongfu32, deleted 
33.18495, Bongfu35, AI
34.15752, Coward33, get, horse
34.21753, Bongfu35, shoot, Juicehead34, False
34.23137, Coward33, deleted 
34.23137, Coward36, AI
34.31752, Betrayal2, shoot, Betrayal2, False
34.43753, Alcoholic23, shoot, Bongfu35, False
34.43753, Lush30, shoot, Lush30, False
34.91753, Lush30, shoot, Lush30, False
34.91753, Betrayal2, shoot, Betrayal2, False
34.96201, Alcoholic23, deleted 
34.96201, Alcoholic37, AI
35.41753, Bongfu35, shoot, Juicehead34, False
35.47752, Betrayal2, shoot, Foe4, False
35.81752, Betrayal2, shoot, Betrayal2, False
36.03753, Bongfu35, shoot, Juicehead34, False
36.35752, Juicehead34, get, shield
36.42318, Juicehead34, deleted 
36.42318, Juicehead38, AI
36.49752, Bongfu35, get, shield
36.58925, Bongfu35, deleted 
36.58925, Bongfu39, AI
36.71753, Betrayal2, shoot, Betrayal2, False
37.07753, Lush30, get, coin_v_1
37.51752, Coward36, get, shield
37.61752, Betrayal2, shoot, Betrayal2, False
37.73753, Lush30, shoot, Lush30, False
37.89753, Lush30, shoot, Lush30, False
38.17752, Foe4, shoot, Drunkard3, False
38.51752, Betrayal2, shoot, Betrayal2, False
38.66517, Alcoholic37, deleted 
38.66517, Alcoholic40, AI
39.15752, Coward36, get, shield
39.24636, Coward36, deleted 
39.24636, Coward41, AI
39.35752, Lush30, shoot, Bongfu39, False
39.41753, Betrayal2, shoot, Betrayal2, False
39.67752, Lush30, get, coin_v_1
39.71753, Betrayal2, shoot, Betrayal2, False
39.73753, Juicehead38, get, shield
39.82758, Juicehead38, deleted 
39.82758, Juicehead42, AI
40.25753, Coward41, shoot, Alcoholic40, False
40.51752, Juicehead42, shoot, Coward41, False
41.19753, Betrayal2, shoot, Betrayal2, True
41.20591, Betrayal43, AI
41.47752, Coward41, shoot, Alcoholic40, False
41.77752, Bongfu39, shoot, Bongfu39, False
41.99752, Alcoholic40, get, horse
42.06934, Alcoholic40, deleted 
42.06934, Alcoholic44, AI
42.07753, Juicehead42, shoot, Coward41, False
42.09753, Bongfu39, shoot, Bongfu39, False
42.56742, Coward41, deleted 
42.56742, Coward45, AI
42.59753, Lush30, shoot, Lush30, False
43.01752, Lush30, shoot, Lush30, False
43.07753, Juicehead42, get, shield
43.18185, Juicehead42, deleted 
43.18185, Juicehead46, AI
43.31752, Lush30, shoot, Lush30, False
43.59753, Adjuster29, shoot, Name, False
43.75753, Coward45, shoot, Alcoholic44, False
43.93752, Juicehead46, shoot, Coward45, False
44.23753, Name, shoot, Bongfu39, False
44.39753, Bongfu39, shoot, Adjuster29, False
44.95752, Coward45, shoot, Alcoholic44, False
45.01752, Bongfu39, shoot, Betrayal43, False
45.33752, Alcoholic44, get, shield
45.41753, Name, shoot, Bongfu39, False
45.42411, Alcoholic44, deleted 
45.42411, Alcoholic47, AI
45.51752, Betrayal43, shoot, Betrayal43, False
45.71753, Betrayal43, shoot, Betrayal43, False
45.73753, Juicehead46, shoot, Coward45, False
45.79752, Foe4, shoot, Adjuster29, False
45.85752, Coward45, get, horse
45.92225, Coward45, deleted 
45.92225, Coward48, AI
47.07753, Foe4, get, coin_v_1
47.13752, Adjuster29, get, coin_v_1
47.31752, Foe4, shoot, Adjuster29, False
47.35752, Coward48, shoot, Alcoholic47, False
47.93752, Adjuster29, shoot, Name, False
48.07753, Adjuster29, shoot, Name, False
48.25753, Juicehead46, get, shield
48.34684, Juicehead46, deleted 
48.34684, Juicehead49, AI
48.77752, Alcoholic47, get, shield
48.77752, Alcoholic47, get, shield
48.79752, Bongfu39, shoot, Betrayal43, False
48.86161, Alcoholic47, deleted 
48.86161, Alcoholic50, AI
49.29752, Coward48, get, shield
49.32662, Coward48, deleted 
49.32662, Coward51, AI
50.88737, Lush30, deleted 
50.88737, Lush52, AI
51.65752, Juicehead49, get, shield
51.75101, Juicehead49, deleted 
51.75101, Juicehead53, AI
52.11752, Adjuster29, get, coin_v_1
52.29752, Betrayal43, shoot, Betrayal43, False
52.35752, Alcoholic50, shoot, Betrayal43, False
52.77752, Coward51, shoot, Alcoholic50, False
52.91753, Betrayal43, shoot, Betrayal43, False
53.29752, Juicehead53, shoot, Lush52, False
53.39753, Alcoholic50, shoot, Coward51, False
53.77752, Name, shoot, Foe4, False
53.85752, Adjuster29, shoot, Foe4, False
53.99752, Alcoholic50, shoot, Coward51, False
54.17752, Name, shoot, Coward51, False
54.21753, Lush52, get, horse
54.24181, Lush52, deleted 
54.24181, Lush54, AI
55.01752, Juicehead53, get, horse
55.07217, Juicehead53, deleted 
55.07217, Juicehead55, AI
55.19753, Foe4, shoot, Drunkard3, False
55.42084, Bongfu39, deleted 
55.42084, Bongfu56, AI
55.69753, Foe4, shoot, Name, False
55.85752, Betrayal43, shoot, Alcoholic50, False
56.05753, Alcoholic50, shoot, Coward51, False
56.81752, Juicehead55, shoot, Lush54, False
57.29752, Alcoholic50, shoot, Bongfu56, False
57.49752, Lush54, get, horse
57.53005, Lush54, deleted 
57.53005, Lush57, AI
57.59752, Bongfu56, shoot, Alcoholic50, False
57.59752, Alcoholic50, shoot, Bongfu56, False
58.33752, Coward51, shoot, Coward51, False
58.41042, Juicehead55, deleted 
58.41042, Juicehead58, AI
58.49752, Adjuster29, shoot, Name, False
58.79752, Name, shoot, Alcoholic50, False
59.19753, Bongfu56, shoot, Bongfu56, False
59.27752, Foe4, shoot, Foe4, False
59.51752, Bongfu56, shoot, Bongfu56, False
59.65752, Coward51, get, coin_v_1
60.11752, Bongfu56, shoot, Bongfu56, False
60.37753, Adjuster29, shoot, Adjuster29, False
60.51752, Alcoholic50, get, shield
60.53753, Juicehead58, shoot, Lush57, False
60.73753, Lush57, get, horse
60.88505, Lush57, deleted 
60.88505, Lush59, AI
61.01752, Bongfu56, shoot, Bongfu56, False
61.29752, Adjuster29, shoot, Adjuster29, False
61.31752, Bongfu56, shoot, Bongfu56, False
61.33752, Adjuster29, shoot, Name, False
61.47752, Name, shoot, Foe4, False
61.65752, Juicehead58, get, horse
61.83174, Juicehead58, deleted 
61.83174, Juicehead60, AI
61.91753, Bongfu56, shoot, Bongfu56, False
62.57753, Bongfu56, shoot, Coward51, False
62.69753, Foe4, shoot, Name, False
62.81752, Bongfu56, shoot, Bongfu56, False
62.87753, Coward51, shoot, Foe4, False
63.01752, Coward51, shoot, Betrayal43, False
63.01752, Coward51, shoot, Betrayal43, False
63.01752, Betrayal43, shoot, Coward51, False
63.01752, Betrayal43, shoot, Coward51, False
63.13752, Betrayal43, shoot, Betrayal43, False
63.49752, Alcoholic50, shoot, Betrayal43, True
63.5093, Betrayal61, AI
63.71753, Adjuster29, shoot, Adjuster29, False
64.23753, Lush59, get, shield
64.31753, Lush59, get, horse
64.37753, Bongfu56, shoot, Bongfu56, True
64.3894, Lush59, deleted 
64.3894, Bongfu62, AI
64.40601, Lush63, AI
64.79752, Lush63, shoot, Bongfu62, False
64.79752, Bongfu62, shoot, Lush63, False
64.91753, Adjuster29, shoot, Name, False
65.07752, Bongfu56, shoot, Betrayal61, False
65.27753, Juicehead60, get, horse
65.31937, Juicehead60, deleted 
65.31937, Juicehead64, AI
65.47752, Juicehead64, shoot, Lush63, False
66.29752, Lush63, shoot, Bongfu62, False
66.31753, Foe4, shoot, Name, False
66.59753, Lush63, shoot, Bongfu62, False
66.59753, Juicehead64, shoot, Lush63, False
66.81753, Name, shoot, Adjuster29, False
67.19753, Lush63, shoot, Bongfu62, False
67.37753, Alcoholic50, shoot, Coward51, False
67.39752, Foe4, shoot, Name, False
67.79752, Name, shoot, Foe4, False
67.79752, Name, shoot, Foe4, False
67.79752, Name, shoot, Foe4, False
68.09753, Name, shoot, Alcoholic50, False
68.11752, Lush63, shoot, Bongfu62, False
68.41753, Juicehead64, shoot, Lush63, False
68.41753, Lush63, shoot, Bongfu62, False
69.03752, Lush63, shoot, Bongfu62, False
69.43774, Bongfu62, deleted 
69.43774, Bongfu65, AI
69.53752, Lush63, get, horse
69.57052, Lush63, deleted 
69.57052, Lush66, AI
69.58711, Juicehead64, deleted 
69.58711, Juicehead67, AI
69.59753, Betrayal61, shoot, Betrayal61, False
69.91753, Name, shoot, Juicehead67, False
70.01752, Betrayal61, shoot, Betrayal61, False
70.19753, Lush66, shoot, Bongfu65, False
70.19753, Juicehead67, shoot, Lush66, False
70.77753, Adjuster29, shoot, Name, True
71.41753, Lush66, shoot, Bongfu65, False
71.41753, Juicehead67, shoot, Lush66, False
71.69753, Foe4, shoot, Adjuster29, False
71.71752, Lush66, shoot, Bongfu65, False
72.03752, Juicehead67, shoot, Lush66, False
Normal Close
