Game Time: 2022/2/23 11:57:40
Version: 1.0.0.2 with bullet collision times = 2
0, Name, player
0, Name, get, initialShield
0, Coward1, AI
0, Betrayal2, AI
0, Drunkard3, AI
0, Foe4, AI
0, Juicehead5, AI
0, Alcoholic6, AI
0, Lush7, AI
0, Adjuster8, AI
0, Bongfu9, AI
0.381114, Bongfu9, shoot, Bongfu9, False
0.381114, Adjuster8, shoot, Adjuster8, False
0.381114, Lush7, shoot, Lush7, False
0.381114, Alcoholic6, shoot, Alcoholic6, False
0.381114, Juicehead5, shoot, Juicehead5, False
0.381114, Foe4, shoot, Foe4, False
0.381114, Drunkard3, shoot, Drunkard3, False
0.381114, Betrayal2, shoot, Betrayal2, False
1.121114, Lush7, get, coin_v_1
1.521114, Adjuster8, get, coin_v_1
1.801114, Juicehead5, get, coin_v_1
2.241114, Alcoholic6, get, coin_v_1
2.321114, Drunkard3, shoot, Coward1, False
2.501114, Foe4, shoot, Adjuster8, False
2.601114, Coward1, shoot, Coward1, False
3.041114, Bongfu9, get, coin_v_1
3.381114, Bongfu9, shoot, Bongfu9, False
3.381114, Juicehead5, shoot, Juicehead5, False
3.721114, Juicehead5, shoot, Juicehead5, False
3.741114, Lush7, shoot, Lush7, False
3.961114, Drunkard3, shoot, Coward1, False
3.981114, Name, shoot, Name, False
4.321114, Juicehead5, shoot, Juicehead5, False
4.321114, Lush7, shoot, Lush7, False
4.721114, Alcoholic6, get, coin_v_1
5.181114, Name, shoot, Name, False
5.221114, Lush7, shoot, Lush7, False
5.521114, Lush7, shoot, Lush7, False
5.781114, Name, shoot, Name, False
6.221114, Foe4, shoot, Drunkard3, False
6.381114, Name, shoot, Name, False
6.701114, Betrayal2, shoot, Betrayal2, False
6.721114, Coward1, get, coin_v_1
7.021114, Lush7, shoot, Lush7, False
7.021114, Betrayal2, shoot, Betrayal2, False
7.301114, Lush7, shoot, Lush7, False
7.621114, Name, shoot, Name, False
7.981114, Foe4, shoot, Juicehead5, False
8.181114, Name, shoot, Name, False
8.761114, Betrayal2, shoot, Betrayal2, False
9.121114, Coward1, shoot, Coward1, False
9.141114, Betrayal2, shoot, Betrayal2, False
9.261114, Juicehead5, shoot, Drunkard3, False
9.421114, Juicehead5, shoot, Drunkard3, False
9.421114, Name, shoot, Name, False
9.601114, Foe4, shoot, Coward1, False
9.721114, Drunkard3, shoot, Drunkard3, False
9.801114, Betrayal2, shoot, Betrayal2, False
9.834352, Alcoholic6, deleted 
9.834352, Alcoholic10, AI
9.981113, Name, shoot, Name, False
10.90111, Name, shoot, Betrayal2, False
11.06111, Adjuster8, shoot, Betrayal2, False
11.22111, Name, shoot, Name, False
11.24111, Name, shoot, Foe4, False
11.34111, Betrayal2, get, coin_v_1
11.61128, Lush7, deleted 
11.61128, Lush11, AI
12.12111, Adjuster8, shoot, Adjuster8, False
12.42111, Adjuster8, shoot, Adjuster8, False
12.62111, Name, shoot, Name, True
12.72111, Adjuster8, shoot, Adjuster8, False
12.90111, Coward1, shoot, Coward1, False
13.14111, Foe4, shoot, Bongfu9, False
13.32111, Adjuster8, shoot, Adjuster8, False
14.22111, Adjuster8, shoot, Adjuster8, False
14.52111, Adjuster8, shoot, Adjuster8, False
14.54111, Coward1, shoot, Coward1, False
14.86111, Juicehead5, shoot, Foe4, False
14.92111, Adjuster8, shoot, Alcoholic10, False
15.12111, Adjuster8, shoot, Adjuster8, False
15.60111, Alcoholic10, shoot, Lush11, False
16.02111, Adjuster8, shoot, Adjuster8, False
16.22111, Alcoholic10, shoot, Lush11, False
16.30111, Juicehead5, shoot, Juicehead5, False
16.92111, Coward1, shoot, Coward1, False
17.50111, Adjuster8, shoot, Adjuster8, True
Normal Close
