Game Time: 2022/2/23 12:05:45
Version: 1.0.0.2 with bullet collision times = 2
0, Name, player
0, Name, get, initialShield
0, Coward1, AI
0, Betrayal2, AI
0, Drunkard3, AI
0, Foe4, AI
0, Juicehead5, AI
0, Alcoholic6, AI
0, Lush7, AI
0, Adjuster8, AI
0, Bongfu9, AI
0.7406296, Foe4, get, coin_v_1
0.7606296, Drunkard3, get, coin_v_1
0.8406296, Alcoholic6, get, coin_v_1
0.8406296, Foe4, get, coin_v_1
0.8606296, Drunkard3, get, coin_v_1
0.9006296, Juicehead5, get, coin_v_1
0.9406296, Bongfu9, get, coin_v_1
0.9406296, Lush7, get, coin_v_1
0.9406296, Alcoholic6, get, coin_v_1
0.9806296, Betrayal2, get, coin_v_1
1.00063, Juicehead5, get, coin_v_1
1.04063, Adjuster8, get, coin_v_1
1.04063, Bongfu9, get, coin_v_1
1.04063, Lush7, get, coin_v_1
1.08063, Betrayal2, get, coin_v_1
1.14063, Adjuster8, get, coin_v_1
2.76063, Alcoholic6, get, coin_v_1
3.30063, Drunkard3, shoot, Bongfu9, False
3.80063, Coward1, shoot, Coward1, False
3.88063, Coward1, shoot, Name, False
4.023333, Juicehead5, deleted 
4.023333, Juicehead10, AI
4.554811, Lush7, deleted 
4.554811, Lush11, AI
4.80063, Betrayal2, get, coin_v_1
4.88063, Bongfu9, get, coin_v_1
5.40063, Juicehead10, shoot, Lush11, False
5.580629, Lush11, get, coin_v_1
5.600629, Adjuster8, shoot, Foe4, False
5.82063, Foe4, get, coin_v_1
6.72063, Coward1, shoot, Coward1, False
7.020629, Coward1, shoot, Coward1, False
7.200629, Juicehead10, shoot, Lush11, False
7.32063, Coward1, shoot, Coward1, False
7.460629, Bongfu9, get, coin_v_1
7.92063, Coward1, shoot, Coward1, False
8.10063, Lush11, get, coin_v_1
8.191791, Drunkard3, deleted 
8.191791, Drunkard12, AI
8.52063, Foe4, shoot, Foe4, False
8.820629, Coward1, shoot, Coward1, False
8.820629, Foe4, shoot, Foe4, False
8.922104, Alcoholic6, deleted 
8.922104, Alcoholic13, AI
9.02063, Juicehead10, shoot, Lush11, False
9.120629, Coward1, shoot, Coward1, False
9.120629, Foe4, shoot, Foe4, False
9.18063, Betrayal2, shoot, Betrayal2, False
9.68063, Foe4, shoot, Adjuster8, False
9.860629, Coward1, shoot, Adjuster8, False
9.92063, Alcoholic13, shoot, Drunkard12, False
10.52063, Bongfu9, get, shield
10.53304, Bongfu9, deleted 
10.53304, Bongfu14, AI
10.62063, Coward1, shoot, Coward1, False
10.84063, Foe4, shoot, Adjuster8, False
10.92063, Coward1, shoot, Coward1, False
10.98063, Foe4, shoot, Adjuster8, False
11.72063, Alcoholic13, shoot, Drunkard12, False
11.92063, Foe4, shoot, Adjuster8, False
13.14063, Betrayal2, shoot, Drunkard12, False
13.20063, Adjuster8, shoot, Foe4, False
13.52063, Alcoholic13, shoot, Drunkard12, False
13.76063, Foe4, shoot, Coward1, True
13.77206, Lush11, deleted 
13.77206, Coward15, AI
13.78063, Juicehead10, get, horse
13.78864, Lush16, AI
13.82174, Juicehead10, deleted 
13.82174, Juicehead17, AI
14.27025, Bongfu14, deleted 
14.27025, Bongfu18, AI
14.40063, Betrayal2, shoot, Drunkard12, False
14.40063, Juicehead17, shoot, Lush16, False
14.98063, Bongfu18, shoot, Coward15, False
15.28063, Adjuster8, shoot, Name, False
15.36063, Alcoholic13, shoot, Drunkard12, False
16.20063, Juicehead17, shoot, Lush16, False
16.28063, Adjuster8, shoot, Foe4, False
16.56063, Drunkard12, get, horse
16.64556, Drunkard12, deleted 
16.64556, Drunkard19, AI
16.94063, Foe4, shoot, Foe4, False
17.12063, Coward15, get, shield
17.12703, Coward15, deleted 
17.12703, Coward20, AI
17.1438, Betrayal2, deleted 
17.1438, Betrayal21, AI
17.36063, Alcoholic13, get, shield
17.37642, Alcoholic13, deleted 
17.37642, Alcoholic22, AI
17.97427, Bongfu18, deleted 
17.97427, Bongfu23, AI
18.00063, Adjuster8, get, coin_v_1
18.00063, Juicehead17, shoot, Lush16, False
18.12063, Adjuster8, shoot, Name, False
18.16063, Alcoholic22, shoot, Betrayal21, False
18.54063, Betrayal21, shoot, Drunkard19, False
18.60063, Coward20, shoot, Alcoholic22, False
19.48063, Alcoholic22, shoot, Betrayal21, False
19.50063, Lush16, shoot, Juicehead17, False
19.72063, Betrayal21, shoot, Drunkard19, False
19.82063, Juicehead17, shoot, Lush16, False
19.82063, Lush16, shoot, Juicehead17, False
19.86063, Drunkard19, shoot, Lush16, False
19.94063, Foe4, shoot, Foe4, False
20.04063, Betrayal21, shoot, Drunkard19, False
20.16063, Drunkard19, shoot, Juicehead17, False
20.32063, Drunkard19, shoot, Juicehead17, False
20.34063, Coward20, shoot, Alcoholic22, False
20.36063, Betrayal21, shoot, Drunkard19, False
20.42063, Lush16, shoot, Juicehead17, False
20.70063, Alcoholic22, shoot, Betrayal21, False
20.70063, Alcoholic22, shoot, Juicehead17, False
20.82063, Betrayal21, shoot, Drunkard19, False
21.30063, Foe4, shoot, Foe4, False
21.52063, Drunkard19, shoot, Drunkard19, False
21.56063, Betrayal21, shoot, Drunkard19, False
21.60063, Foe4, shoot, Foe4, True
21.61245, Foe24, AI
21.70063, Betrayal21, shoot, Drunkard19, False
21.74063, Lush16, shoot, Coward20, False
21.86063, Alcoholic22, shoot, Betrayal21, False
22.20063, Alcoholic22, shoot, Drunkard19, False
22.22063, Adjuster8, shoot, Name, False
22.24063, Drunkard19, shoot, Alcoholic22, False
22.34063, Adjuster8, shoot, Name, False
22.46063, Foe24, get, coin_v_1
22.80063, Coward20, shoot, Alcoholic22, False
23.10063, Drunkard19, shoot, Alcoholic22, False
23.12063, Drunkard19, shoot, Coward20, False
23.12063, Drunkard19, shoot, Coward20, False
23.40063, Coward20, shoot, Drunkard19, True
23.40063, Alcoholic22, shoot, Coward20, False
23.40665, Drunkard25, AI
23.42063, Alcoholic22, shoot, Juicehead17, False
23.64063, Coward20, get, horse
23.64063, Lush16, shoot, Coward20, False
23.64063, Lush16, shoot, Alcoholic22, False
23.72063, Name, shoot, Name, False
23.76063, Lush16, shoot, Juicehead17, False
24.14063, Alcoholic22, shoot, Coward20, False
24.38063, Juicehead17, get, coin_v_1
24.98063, Lush16, get, coin_v_1
25.32063, Alcoholic22, shoot, Coward20, False
25.58063, Betrayal21, get, shield
25.60063, Name, shoot, Foe24, False
25.61599, Betrayal21, deleted 
25.61599, Betrayal26, AI
25.62063, Betrayal26, shoot, Drunkard25, False
25.82063, Name, shoot, Foe24, False
26.10063, Alcoholic22, get, coin_v_1
26.10063, Alcoholic22, shoot, Coward20, False
26.48063, Adjuster8, shoot, Alcoholic22, False
26.94063, Name, shoot, Adjuster8, False
27.02063, Adjuster8, shoot, Foe24, False
27.02063, Adjuster8, shoot, Foe24, False
27.02063, Foe24, shoot, Adjuster8, False
27.18063, Coward20, shoot, Lush16, False
27.22063, Name, shoot, Foe24, False
28.92063, Name, shoot, Name, False
29.18063, Foe24, get, coin_v_1
29.18063, Name, shoot, Adjuster8, False
29.22063, Coward20, shoot, Coward20, False
29.45379, Betrayal26, deleted 
29.45379, Betrayal27, AI
29.82063, Alcoholic22, shoot, Alcoholic22, False
30.14063, Adjuster8, get, coin_v_1
30.40063, Coward20, shoot, Coward20, True
30.40094, Coward28, AI
30.42063, Alcoholic22, shoot, Alcoholic22, False
30.60063, Coward28, shoot, Drunkard25, False
31.03249, Juicehead17, deleted 
31.03249, Juicehead29, AI
31.30063, Name, shoot, Foe24, False
31.70063, Juicehead29, shoot, Coward28, False
31.90063, Alcoholic22, shoot, Alcoholic22, True
31.91287, Alcoholic30, AI
31.96063, Alcoholic22, shoot, Juicehead29, False
31.98063, Foe24, shoot, Adjuster8, False
32.00063, Alcoholic22, shoot, Juicehead29, False
32.04063, Alcoholic22, shoot, Juicehead29, False
32.66063, Foe24, shoot, Foe24, False
32.72063, Betrayal27, get, shield
32.79379, Betrayal27, deleted 
32.79379, Betrayal31, AI
32.80063, Juicehead29, shoot, Coward28, False
33.12063, Drunkard25, shoot, Drunkard25, False
33.28063, Juicehead29, shoot, Juicehead29, False
33.30063, Lush16, get, shield
33.39197, Lush16, deleted 
33.39197, Lush32, AI
33.56063, Drunkard25, shoot, Alcoholic30, False
34.30063, Name, shoot, Name, False
34.50063, Alcoholic22, shoot, Bongfu23, False
34.66063, Alcoholic30, shoot, Juicehead29, False
34.80063, Name, shoot, Juicehead29, False
35.68063, Lush32, shoot, Alcoholic30, False
36.04063, Betrayal31, get, horse
36.08272, Betrayal31, deleted 
36.08272, Betrayal33, AI
36.10063, Name, shoot, Name, False
36.28063, Name, shoot, Foe24, False
36.68063, Name, shoot, Foe24, False
36.90063, Juicehead29, shoot, Foe24, True
36.91266, Foe34, AI
37.10063, Foe24, shoot, Alcoholic30, False
37.26063, Alcoholic30, get, coin_v_1
37.94063, Name, shoot, Name, False
38.80524, Drunkard25, deleted 
38.80524, Drunkard35, AI
39.18063, Name, shoot, Name, True
39.76063, Alcoholic30, get, coin_v_1
40.30063, Adjuster8, shoot, Foe34, False
Normal Close
