Game Time: 2022/2/23 11:19:10
Version: 1.0.0.2 with bullet collision times = 2
0, Name, player
0, Name, get, initialShield
0, Coward1, AI
0, Betrayal2, AI
0, Drunkard3, AI
0, Foe4, AI
0, Juicehead5, AI
0, Alcoholic6, AI
0, Lush7, AI
0, Adjuster8, AI
0, Bongfu9, AI
0.3662466, Foe4, get, coin_v_1
0.5462466, Betrayal2, get, coin_v_1
0.5662466, Drunkard3, get, coin_v_1
0.6262466, Bongfu9, get, coin_v_1
0.6262466, Lush7, get, coin_v_1
0.6662466, Juicehead5, get, coin_v_1
0.8262466, Alcoholic6, get, coin_v_1
0.8462466, Adjuster8, get, coin_v_1
1.306247, Bongfu9, shoot, Coward1, False
3.366246, Coward1, get, coin_v_1
3.586246, Name, get, coin_v_1
4.866247, Bongfu9, shoot, Drunkard3, False
5.026247, Lush7, shoot, Name, False
6.670745, Alcoholic6, deleted 
6.670745, Alcoholic10, AI
6.966247, Coward1, shoot, Coward1, False
7.026247, Foe4, shoot, Foe4, False
7.306246, Foe4, shoot, Foe4, False
8.206246, Adjuster8, shoot, Betrayal2, False
8.806247, Coward1, shoot, Coward1, False
9.106246, Coward1, shoot, Coward1, False
9.378165, Lush7, deleted 
9.378165, Lush11, AI
9.606246, Bongfu9, shoot, Juicehead5, False
9.686247, Foe4, get, coin_v_1
9.706246, Coward1, shoot, Coward1, False
9.966247, Betrayal2, shoot, Adjuster8, False
10.12625, Betrayal2, shoot, Adjuster8, False
10.46625, Drunkard3, shoot, Bongfu9, False
10.60625, Coward1, shoot, Coward1, False
10.62625, Drunkard3, shoot, Bongfu9, False
10.90625, Coward1, shoot, Coward1, False
11.50625, Coward1, shoot, Coward1, False
11.67017, Alcoholic10, deleted 
11.67017, Alcoholic12, AI
12.08625, Adjuster8, shoot, Betrayal2, False
12.40625, Coward1, shoot, Coward1, False
12.52625, Foe4, shoot, Foe4, False
12.68625, Foe4, shoot, Foe4, False
12.80625, Lush11, get, shield
12.84905, Lush11, deleted 
12.84905, Lush13, AI
12.96625, Bongfu9, shoot, Drunkard3, False
13.20625, Bongfu9, shoot, Drunkard3, False
13.22625, Adjuster8, shoot, Lush13, False
13.30625, Foe4, shoot, Foe4, False
13.50625, Adjuster8, shoot, Lush13, False
13.64625, Adjuster8, shoot, Lush13, False
13.66625, Lush13, shoot, Alcoholic12, False
13.88625, Betrayal2, shoot, Adjuster8, False
13.88625, Coward1, shoot, Coward1, True
13.89515, Coward14, AI
14.20625, Lush13, shoot, Lush13, False
14.64625, Bongfu9, shoot, Juicehead5, False
14.70625, Alcoholic12, shoot, Lush13, False
14.92625, Coward1, shoot, Adjuster8, False
15.00625, Bongfu9, shoot, Juicehead5, False
15.70625, Drunkard3, shoot, Bongfu9, False
15.78625, Adjuster8, shoot, Betrayal2, False
15.88625, Adjuster8, shoot, Betrayal2, False
16.76625, Adjuster8, shoot, Name, False
16.98625, Lush13, shoot, Alcoholic12, False
17.68625, Foe4, shoot, Name, False
17.90625, Foe4, shoot, Alcoholic12, False
18.06625, Foe4, shoot, Name, False
18.20625, Foe4, shoot, Name, False
18.52625, Bongfu9, shoot, Juicehead5, False
19.08625, Juicehead5, shoot, Bongfu9, False
19.14625, Alcoholic12, shoot, Alcoholic12, False
19.40625, Coward14, shoot, Alcoholic12, False
19.98625, Juicehead5, shoot, Bongfu9, False
20.64625, Lush13, shoot, Juicehead5, False
21.20625, Betrayal2, shoot, Coward14, False
21.46625, Name, shoot, Adjuster8, False
21.74625, Name, shoot, Adjuster8, False
21.82625, Betrayal2, shoot, Coward14, False
21.94625, Adjuster8, shoot, Foe4, False
22.28625, Adjuster8, shoot, Adjuster8, False
22.28625, Drunkard3, shoot, Bongfu9, False
22.44625, Alcoholic12, shoot, Alcoholic12, False
22.46625, Alcoholic12, shoot, Alcoholic12, False
22.56625, Foe4, shoot, Name, False
22.86625, Lush13, shoot, Name, False
23.14625, Bongfu9, shoot, Name, False
23.18625, Adjuster8, shoot, Adjuster8, False
23.20625, Alcoholic12, shoot, Alcoholic12, False
23.32625, Alcoholic12, shoot, Foe4, False
23.38625, Bongfu9, shoot, Juicehead5, False
23.50625, Alcoholic12, shoot, Alcoholic12, False
23.54625, Adjuster8, shoot, Name, False
23.58625, Foe4, shoot, Foe4, False
24.16625, Foe4, shoot, Foe4, False
24.30625, Lush13, get, coin_v_1
24.68625, Alcoholic12, shoot, Alcoholic12, True
24.68899, Alcoholic15, AI
24.72625, Alcoholic12, shoot, Alcoholic15, False
25.00625, Lush13, shoot, Lush13, False
25.12625, Bongfu9, shoot, Drunkard3, False
25.18625, Foe4, shoot, Foe4, False
25.30625, Lush13, shoot, Lush13, False
25.72625, Foe4, shoot, Foe4, True
25.73518, Foe16, AI
25.90625, Lush13, shoot, Lush13, False
25.96625, Foe16, shoot, Alcoholic15, False
26.12625, Foe4, shoot, Bongfu9, False
26.22625, Coward14, shoot, Foe16, False
27.08625, Foe16, shoot, Foe16, False
27.10625, Lush13, shoot, Lush13, False
27.12625, Foe16, shoot, Coward14, False
27.70625, Lush13, shoot, Lush13, False
27.74625, Bongfu9, shoot, Juicehead5, False
28.16625, Bongfu9, shoot, Coward14, False
28.76625, Foe16, get, coin_v_1
29.54625, Name, shoot, Name, False
30.86677, Juicehead5, deleted 
30.86677, Juicehead17, AI
30.90625, Lush13, shoot, Juicehead17, False
30.92625, Name, shoot, Coward14, False
30.96625, Lush13, shoot, Juicehead17, False
31.38625, Adjuster8, shoot, Foe16, False
31.68624, Adjuster8, shoot, Adjuster8, False
32.20625, Adjuster8, shoot, Adjuster8, False
32.81005, Betrayal2, deleted 
32.81005, Betrayal18, AI
33.17556, Lush13, deleted 
33.17556, Lush19, AI
33.24625, Juicehead17, shoot, Alcoholic15, False
33.48624, Alcoholic15, shoot, Coward14, False
33.64624, Alcoholic15, shoot, Coward14, False
33.66624, Bongfu9, shoot, Adjuster8, True
33.67386, Adjuster20, AI
33.88625, Coward14, shoot, Alcoholic15, False
33.88625, Coward14, shoot, Alcoholic15, False
33.88625, Coward14, shoot, Alcoholic15, False
33.88625, Alcoholic15, shoot, Coward14, False
34.00624, Juicehead17, shoot, Alcoholic15, False
34.18624, Coward14, shoot, Alcoholic15, False
34.18624, Coward14, shoot, Alcoholic15, False
34.18624, Coward14, shoot, Alcoholic15, False
34.18624, Alcoholic15, shoot, Coward14, False
34.18624, Alcoholic15, shoot, Coward14, True
34.18874, Coward21, AI
34.24625, Adjuster20, get, shield
34.26625, Alcoholic15, get, shield
34.40625, Lush19, shoot, Coward21, False
35.32624, Coward14, shoot, Name, True
35.46625, Name, shoot, Bongfu9, False
35.66624, Alcoholic15, shoot, Betrayal18, False
35.98624, Alcoholic15, shoot, Betrayal18, False
35.98624, Alcoholic15, shoot, Betrayal18, False
35.98624, Alcoholic15, shoot, Betrayal18, False
36.02625, Adjuster20, shoot, Lush19, False
Normal Close
