Game Time: 2022/2/23 11:19:47
Version: 1.0.0.2 with bullet collision times = 2
0, Name, player
0, Name, get, initialShield
0, Coward1, AI
0, Betrayal2, AI
0, Drunkard3, AI
0, Foe4, AI
0, Juicehead5, AI
0, Alcoholic6, AI
0, Lush7, AI
0, Adjuster8, AI
0, Bongfu9, AI
1.541797, Coward1, get, coin_v_1
1.881797, Lush7, get, coin_v_1
1.901797, Adjuster8, shoot, Adjuster8, False
1.901797, Bongfu9, shoot, Bongfu9, False
1.921797, Foe4, shoot, Foe4, False
1.921797, Betrayal2, shoot, Betrayal2, False
1.921797, Drunkard3, shoot, Drunkard3, False
1.941797, Alcoholic6, shoot, Alcoholic6, False
1.941797, Juicehead5, shoot, Juicehead5, False
2.601797, Coward1, shoot, Coward1, False
3.101797, Bongfu9, shoot, Bongfu9, False
3.121797, Betrayal2, shoot, Betrayal2, False
3.121797, Drunkard3, shoot, Drunkard3, False
3.121797, Foe4, shoot, Foe4, False
3.121797, Juicehead5, shoot, Juicehead5, False
3.121797, Alcoholic6, shoot, Alcoholic6, False
3.121797, Adjuster8, shoot, Adjuster8, False
3.181797, Name, shoot, Name, False
3.421797, Bongfu9, shoot, Bongfu9, False
3.421797, Betrayal2, shoot, Betrayal2, False
3.421797, Drunkard3, shoot, Drunkard3, False
3.421797, Foe4, shoot, Foe4, False
3.421797, Juicehead5, shoot, Juicehead5, False
3.421797, Alcoholic6, shoot, Alcoholic6, False
3.421797, Adjuster8, shoot, Adjuster8, False
3.721797, Drunkard3, shoot, Drunkard3, False
3.721797, Betrayal2, shoot, Betrayal2, False
3.721797, Juicehead5, shoot, Juicehead5, False
3.721797, Alcoholic6, shoot, Alcoholic6, False
3.721797, Adjuster8, shoot, Adjuster8, False
3.721797, Bongfu9, shoot, Bongfu9, False
4.321797, Bongfu9, shoot, Bongfu9, False
4.321797, Adjuster8, shoot, Adjuster8, False
4.321797, Betrayal2, shoot, Betrayal2, False
4.321797, Drunkard3, shoot, Drunkard3, False
4.321797, Foe4, shoot, Foe4, False
4.321797, Juicehead5, shoot, Juicehead5, False
4.341797, Alcoholic6, shoot, Alcoholic6, False
4.793065, Lush7, deleted 
4.793065, Lush10, AI
5.221797, Adjuster8, shoot, Adjuster8, False
5.221797, Bongfu9, shoot, Bongfu9, False
5.221797, Betrayal2, shoot, Betrayal2, False
5.221797, Drunkard3, shoot, Drunkard3, False
5.221797, Foe4, shoot, Foe4, False
5.221797, Juicehead5, shoot, Juicehead5, False
5.241797, Alcoholic6, shoot, Alcoholic6, False
5.521797, Drunkard3, shoot, Drunkard3, False
5.521797, Foe4, shoot, Foe4, False
5.521797, Juicehead5, shoot, Juicehead5, False
5.521797, Alcoholic6, shoot, Alcoholic6, False
5.521797, Adjuster8, shoot, Adjuster8, False
5.521797, Bongfu9, shoot, Bongfu9, False
5.661797, Lush10, get, coin_v_1
5.701797, Lush10, shoot, Foe4, False
6.001797, Foe4, shoot, Lush10, False
6.121797, Bongfu9, shoot, Bongfu9, False
6.121797, Adjuster8, shoot, Adjuster8, False
6.121797, Betrayal2, shoot, Betrayal2, False
6.121797, Alcoholic6, shoot, Alcoholic6, False
6.121797, Juicehead5, shoot, Juicehead5, False
7.021797, Betrayal2, shoot, Betrayal2, False
7.021797, Drunkard3, shoot, Drunkard3, False
7.021797, Juicehead5, shoot, Juicehead5, False
7.021797, Adjuster8, shoot, Adjuster8, False
7.021797, Bongfu9, shoot, Name, False
7.021797, Bongfu9, shoot, Bongfu9, False
7.041797, Alcoholic6, shoot, Alcoholic6, False
7.301797, Alcoholic6, shoot, Alcoholic6, True
7.317733, Alcoholic11, AI
7.321797, Betrayal2, shoot, Betrayal2, False
7.321797, Drunkard3, shoot, Drunkard3, False
7.321797, Juicehead5, shoot, Juicehead5, True
7.334341, Juicehead12, AI
7.341797, Juicehead12, shoot, Alcoholic11, False
7.341797, Alcoholic11, shoot, Juicehead12, False
7.501797, Foe4, shoot, Juicehead12, False
7.801797, Juicehead12, shoot, Alcoholic11, False
8.032072, Lush10, deleted 
8.032072, Lush13, AI
8.297873, Coward1, deleted 
8.297873, Coward14, AI
8.701797, Juicehead12, shoot, Alcoholic11, False
8.721797, Alcoholic11, shoot, Juicehead12, False
8.801797, Drunkard3, shoot, Drunkard3, True
8.801797, Betrayal2, shoot, Betrayal2, True
8.812778, Drunkard15, AI
8.82939, Betrayal16, AI
9.001797, Betrayal16, shoot, Drunkard15, False
9.041797, Lush13, shoot, Alcoholic11, False
9.141797, Coward14, shoot, Lush13, False
9.421797, Drunkard15, shoot, Coward14, False
9.621797, Juicehead12, shoot, Alcoholic11, False
9.641797, Alcoholic11, shoot, Lush13, False
10.2018, Coward14, shoot, Lush13, False
10.2018, Drunkard15, shoot, Juicehead12, False
10.5018, Juicehead12, shoot, Drunkard15, False
10.5018, Lush13, shoot, Alcoholic11, False
10.8418, Lush13, shoot, Alcoholic11, False
11.0218, Alcoholic11, shoot, Betrayal16, False
11.2418, Coward14, shoot, Coward14, False
11.8818, Bongfu9, shoot, Name, False
12.5418, Alcoholic11, shoot, Lush13, False
12.6618, Juicehead12, shoot, Drunkard15, False
12.7418, Juicehead12, shoot, Juicehead12, False
12.8218, Lush13, shoot, Alcoholic11, False
12.8618, Coward14, shoot, Lush13, False
13.0018, Drunkard15, shoot, Juicehead12, False
13.2818, Coward14, shoot, Alcoholic11, False
13.3218, Juicehead12, shoot, Juicehead12, False
13.49634, Alcoholic11, deleted 
13.49634, Alcoholic17, AI
13.51295, Betrayal16, deleted 
13.51295, Betrayal18, AI
13.7818, Foe4, shoot, Foe4, False
14.1018, Betrayal18, get, coin_v_1
14.4218, Juicehead12, shoot, Alcoholic17, False
14.4218, Juicehead12, shoot, Alcoholic17, False
14.4218, Alcoholic17, shoot, Juicehead12, False
14.4818, Foe4, shoot, Foe4, False
14.50929, Lush13, deleted 
14.50929, Lush19, AI
14.79168, Coward14, deleted 
14.79168, Coward20, AI
15.1218, Juicehead12, shoot, Juicehead12, False
15.1818, Lush19, shoot, Alcoholic17, False
15.2218, Drunkard15, get, coin_v_1
15.4218, Drunkard15, shoot, Alcoholic17, False
15.8018, Foe4, shoot, Foe4, False
15.9018, Juicehead12, shoot, Alcoholic17, False
15.9018, Juicehead12, shoot, Alcoholic17, False
15.9018, Juicehead12, shoot, Alcoholic17, False
16.3818, Drunkard15, shoot, Drunkard15, False
16.7218, Foe4, shoot, Foe4, True
16.73457, Foe21, AI
17.0618, Betrayal18, shoot, Betrayal18, False
17.1618, Adjuster8, shoot, Lush19, False
17.3018, Adjuster8, shoot, Lush19, False
17.4418, Lush19, get, coin_v_1
17.5018, Juicehead12, shoot, Juicehead12, True
17.5018, Betrayal18, shoot, Betrayal18, False
17.515, Juicehead22, AI
17.7218, Drunkard15, shoot, Foe21, False
17.8618, Alcoholic17, shoot, Juicehead22, False
18.1418, Coward20, shoot, Coward20, False
18.3418, Juicehead12, shoot, Juicehead22, False
18.5018, Juicehead22, shoot, Juicehead22, False
18.5418, Alcoholic17, shoot, Foe21, False
18.6418, Foe21, shoot, Lush19, False
18.7018, Juicehead22, shoot, Juicehead22, False
18.7218, Alcoholic17, shoot, Foe21, False
19.5218, Adjuster8, shoot, Foe21, False
19.6618, Coward20, shoot, Foe21, False
19.9618, Adjuster8, shoot, Coward20, False
20.0818, Coward20, shoot, Adjuster8, False
20.4418, Adjuster8, get, horse
21.0618, Adjuster8, shoot, Foe21, False
21.1018, Foe21, get, coin_v_1
21.1818, Adjuster8, shoot, Coward20, False
21.2218, Alcoholic17, shoot, Alcoholic17, False
21.36776, Betrayal18, deleted 
21.36776, Betrayal23, AI
21.4218, Bongfu9, shoot, Bongfu9, False
21.5018, Alcoholic17, shoot, Alcoholic17, False
21.6818, Alcoholic17, shoot, Betrayal23, False
22.3218, Bongfu9, shoot, Bongfu9, False
22.6018, Coward20, shoot, Coward20, False
22.9218, Betrayal23, shoot, Betrayal23, False
23.1218, Adjuster8, shoot, Foe21, False
23.1218, Adjuster8, shoot, Foe21, False
23.2018, Bongfu9, shoot, Bongfu9, True
23.21096, Bongfu24, AI
23.3218, Alcoholic17, shoot, Alcoholic17, True
23.3218, Alcoholic17, shoot, Bongfu24, False
23.32725, Alcoholic25, AI
23.3418, Coward20, shoot, Adjuster8, True
23.34386, Adjuster26, AI
23.4018, Adjuster26, shoot, Alcoholic25, False
23.4418, Alcoholic25, shoot, Bongfu24, False
23.4818, Alcoholic17, shoot, Juicehead22, False
23.5818, Alcoholic17, shoot, Alcoholic25, False
23.6018, Adjuster8, shoot, Lush19, False
23.6218, Drunkard15, shoot, Lush19, False
23.7618, Name, shoot, Foe21, False
23.8818, Alcoholic17, shoot, Betrayal23, False
24.0218, Lush19, get, coin_v_1
24.1818, Betrayal23, shoot, Adjuster26, False
24.2818, Bongfu24, shoot, Bongfu24, False
24.6018, Adjuster26, shoot, Bongfu24, False
24.8218, Coward20, shoot, Coward20, False
24.8418, Betrayal23, shoot, Adjuster26, False
24.8618, Drunkard15, get, coin_v_1
25.0218, Juicehead22, shoot, Juicehead22, False
25.0818, Coward20, shoot, Coward20, False
25.1218, Alcoholic25, shoot, Juicehead22, False
25.2218, Juicehead22, shoot, Alcoholic25, False
25.4218, Foe21, shoot, Coward20, False
25.5218, Juicehead22, shoot, Betrayal23, False
25.7818, Foe21, shoot, Name, False
26.1818, Betrayal23, shoot, Betrayal23, False
26.2618, Juicehead22, shoot, Adjuster26, False
26.3618, Alcoholic25, shoot, Adjuster26, False
27.0018, Adjuster26, shoot, Betrayal23, False
27.0018, Betrayal23, shoot, Adjuster26, False
27.0018, Adjuster26, shoot, Betrayal23, False
27.0018, Adjuster26, shoot, Betrayal23, False
27.0018, Betrayal23, shoot, Adjuster26, False
27.0018, Betrayal23, shoot, Adjuster26, False
27.1818, Alcoholic25, shoot, Betrayal23, False
27.2818, Bongfu24, shoot, Bongfu24, False
27.6018, Juicehead22, shoot, Betrayal23, True
27.61166, Betrayal27, AI
27.8618, Adjuster26, shoot, Adjuster26, False
27.8818, Alcoholic25, shoot, Adjuster26, False
27.9018, Bongfu24, shoot, Betrayal27, False
28.2218, Adjuster26, shoot, Alcoholic25, False
28.2218, Adjuster26, shoot, Alcoholic25, False
28.2218, Adjuster26, shoot, Alcoholic25, False
28.2418, Adjuster26, shoot, Alcoholic25, False
28.3018, Adjuster26, shoot, Alcoholic25, False
28.4818, Foe21, shoot, Coward20, False
28.50846, Drunkard15, deleted 
28.50846, Drunkard28, AI
28.5218, Coward20, shoot, Coward20, False
28.5818, Bongfu24, shoot, Drunkard28, False
28.6018, Coward20, shoot, Coward20, True
28.60812, Coward29, AI
28.8018, Betrayal27, shoot, Betrayal27, False
28.8018, Bongfu24, shoot, Drunkard28, False
28.8018, Bongfu24, shoot, Drunkard28, False
28.8018, Bongfu24, shoot, Coward29, False
28.8018, Drunkard28, shoot, Coward29, False
28.8418, Bongfu24, shoot, Coward29, False
28.9418, Betrayal27, shoot, Betrayal27, False
28.9418, Adjuster26, shoot, Betrayal27, False
29.4218, Adjuster26, get, shield
29.4218, Drunkard28, shoot, Coward29, False
30.0018, Alcoholic25, shoot, Bongfu24, False
30.3018, Betrayal27, shoot, Drunkard28, False
30.3018, Drunkard28, shoot, Betrayal27, False
30.3018, Bongfu24, shoot, Coward29, False
30.3218, Coward29, shoot, Bongfu24, False
30.4818, Alcoholic25, shoot, Juicehead22, False
30.6018, Coward29, shoot, Bongfu24, False
30.6018, Coward29, shoot, Bongfu24, False
30.6018, Coward29, shoot, Bongfu24, True
30.6018, Bongfu24, shoot, Coward29, False
30.61796, Bongfu30, AI
30.6218, Drunkard28, get, shield
30.6618, Juicehead22, shoot, Bongfu30, False
30.7018, Alcoholic25, shoot, Juicehead22, False
30.8018, Alcoholic25, shoot, Bongfu30, False
30.9018, Betrayal27, shoot, Bongfu30, False
31.2018, Drunkard28, shoot, Coward29, False
31.8018, Juicehead22, shoot, Alcoholic25, False
31.8018, Juicehead22, shoot, Alcoholic25, True
31.81385, Alcoholic31, AI
31.8218, Juicehead22, get, shield
32.1418, Juicehead22, shoot, Alcoholic31, False
32.4818, Betrayal27, shoot, Betrayal27, False
32.5018, Coward29, shoot, Alcoholic31, False
32.8218, Alcoholic31, shoot, Alcoholic31, False
33.92179, Juicehead22, shoot, Alcoholic31, False
33.92179, Juicehead22, shoot, Alcoholic31, False
33.92179, Juicehead22, shoot, Alcoholic31, False
33.98937, Lush19, deleted 
33.98937, Lush32, AI
34.42179, Betrayal27, shoot, Betrayal27, False
34.6018, Alcoholic31, shoot, Adjuster26, True
34.60372, Adjuster33, AI
34.6218, Drunkard28, get, shield
34.6218, Drunkard28, shoot, Alcoholic31, False
34.67024, Bongfu30, deleted 
34.67024, Bongfu34, AI
34.6818, Bongfu34, shoot, Adjuster33, False
34.8218, Betrayal27, shoot, Lush32, False
35.0218, Betrayal27, shoot, Adjuster33, False
35.3418, Adjuster33, shoot, Lush32, False
35.42179, Juicehead22, shoot, Betrayal27, False
35.4418, Juicehead22, shoot, Adjuster33, False
35.5218, Juicehead22, shoot, Alcoholic31, False
36.0618, Juicehead22, shoot, Alcoholic31, False
36.1218, Bongfu34, shoot, Bongfu34, False
36.1618, Adjuster33, shoot, Adjuster33, False
36.1618, Juicehead22, shoot, Alcoholic31, True
36.16475, Alcoholic35, AI
36.2218, Alcoholic35, shoot, Betrayal27, False
36.3418, Juicehead22, get, horse
36.4818, Juicehead22, shoot, Alcoholic35, False
36.5218, Juicehead22, shoot, Adjuster33, False
36.5418, Alcoholic31, shoot, Juicehead22, True
36.5466, Juicehead36, AI
36.5618, Betrayal27, shoot, Bongfu34, False
36.58179, Betrayal27, shoot, Adjuster33, False
36.9418, Juicehead36, shoot, Alcoholic35, False
37.4618, Bongfu34, get, horse
37.5418, Betrayal27, shoot, Juicehead36, False
37.5418, Betrayal27, shoot, Juicehead36, False
37.6218, Alcoholic35, shoot, Alcoholic35, False
37.6418, Betrayal27, shoot, Betrayal27, True
37.6418, Name, shoot, Name, False
37.6418, Betrayal27, shoot, Juicehead36, False
37.64244, Betrayal37, AI
37.6618, Juicehead36, get, shield
37.7218, Betrayal27, shoot, Betrayal37, False
37.74204, Coward29, deleted 
37.74204, Coward38, AI
37.7618, Betrayal27, shoot, Lush32, False
38.2018, Betrayal37, shoot, Alcoholic35, False
38.4018, Alcoholic35, shoot, Betrayal37, False
38.6218, Juicehead36, shoot, Alcoholic35, False
38.6618, Foe21, shoot, Adjuster33, False
39.0418, Alcoholic35, shoot, Betrayal37, False
39.2218, Foe21, shoot, Foe21, False
39.3818, Adjuster33, shoot, Alcoholic35, False
39.4818, Foe21, shoot, Foe21, False
39.5418, Drunkard28, get, horse
39.7018, Drunkard28, shoot, Drunkard28, False
39.7218, Foe21, shoot, Foe21, True
39.73451, Foe39, AI
39.7818, Alcoholic35, shoot, Alcoholic35, False
40.0218, Foe21, shoot, Lush32, False
40.08179, Foe39, shoot, Betrayal37, False
40.2218, Betrayal37, shoot, Foe39, False
40.3218, Alcoholic35, shoot, Alcoholic35, False
40.34917, Bongfu34, deleted 
40.34917, Bongfu40, AI
40.3618, Betrayal37, shoot, Foe39, False
40.4418, Adjuster33, shoot, Bongfu40, False
40.5618, Lush32, get, horse
40.56499, Lush32, deleted 
40.56499, Lush41, AI
40.9618, Foe21, shoot, Coward38, False
41.0618, Bongfu40, shoot, Alcoholic35, False
41.1418, Alcoholic35, shoot, Bongfu40, False
41.1618, Foe39, get, coin_v_1
41.2818, Adjuster33, shoot, Adjuster33, False
41.4618, Lush41, shoot, Bongfu40, False
41.5218, Bongfu40, shoot, Bongfu40, False
41.6018, Drunkard28, shoot, Drunkard28, False
42.0018, Bongfu40, shoot, Lush41, False
42.1218, Adjuster33, shoot, Adjuster33, False
42.6618, Alcoholic35, shoot, Bongfu40, False
42.6818, Adjuster33, shoot, Coward38, False
42.7018, Alcoholic35, shoot, Alcoholic35, True
42.7018, Adjuster33, shoot, Adjuster33, True
42.70737, Alcoholic42, AI
42.72398, Adjuster43, AI
42.74179, Alcoholic35, shoot, Lush41, False
42.7618, Alcoholic35, shoot, Bongfu40, False
42.8618, Alcoholic35, shoot, Lush41, False
42.8618, Alcoholic35, shoot, Bongfu40, False
43.0218, Juicehead36, shoot, Juicehead36, False
43.2218, Foe39, get, coin_v_1
43.2218, Bongfu40, get, shield
43.3218, Juicehead36, shoot, Juicehead36, False
43.58179, Drunkard28, get, horse
43.58753, Drunkard28, deleted 
43.58753, Drunkard44, AI
43.6218, Drunkard44, shoot, Lush41, False
43.8018, Lush41, shoot, Drunkard44, False
43.90179, Betrayal37, shoot, Drunkard44, False
43.92179, Juicehead36, shoot, Juicehead36, False
44.0418, Name, shoot, Foe39, False
45.0218, Foe39, get, coin_v_1
45.1818, Juicehead36, shoot, Betrayal37, False
45.2018, Betrayal37, shoot, Juicehead36, False
45.58179, Drunkard44, get, shield
45.89597, Coward38, deleted 
45.89597, Coward45, AI
46.4818, Name, shoot, Name, False
46.8218, Juicehead36, shoot, Juicehead36, False
47.0018, Coward45, shoot, Coward45, False
47.0418, Name, shoot, Adjuster43, False
47.40179, Lush41, shoot, Coward45, False
47.5218, Lush41, shoot, Coward45, False
47.8018, Lush41, shoot, Coward45, False
48.2018, Betrayal37, shoot, Lush41, False
48.4618, Betrayal37, shoot, Lush41, False
48.7018, Juicehead36, shoot, Juicehead36, False
49.08179, Betrayal37, shoot, Lush41, False
49.2218, Coward45, shoot, Alcoholic42, False
49.3618, Lush41, shoot, Bongfu40, False
50.2461, Lush41, deleted 
50.2461, Lush46, AI
50.9618, Name, shoot, Juicehead36, True
50.97668, Juicehead47, AI
51.1018, Drunkard44, shoot, Drunkard44, False
51.3818, Betrayal37, shoot, Bongfu40, False
51.6018, Alcoholic42, shoot, Drunkard44, False
51.6618, Betrayal37, get, horse
51.72401, Betrayal37, deleted 
51.72401, Betrayal48, AI
51.7818, Coward45, shoot, Alcoholic42, False
51.90179, Alcoholic42, shoot, Drunkard44, False
51.92179, Drunkard44, shoot, Alcoholic42, False
52.0018, Foe39, shoot, Adjuster43, False
52.08179, Juicehead36, shoot, Adjuster43, False
52.2018, Drunkard44, shoot, Alcoholic42, False
52.2218, Alcoholic42, shoot, Drunkard44, False
52.2818, Juicehead36, shoot, Adjuster43, False
52.4418, Betrayal48, shoot, Lush46, False
52.8618, Lush46, shoot, Betrayal48, False
52.92179, Drunkard44, shoot, Drunkard44, False
52.9418, Bongfu40, shoot, Bongfu40, True
52.95292, Bongfu49, AI
53.1018, Juicehead47, shoot, Alcoholic42, False
53.33478, Coward45, deleted 
53.33478, Coward50, AI
53.5218, Betrayal48, shoot, Betrayal48, False
53.5418, Alcoholic42, shoot, Coward50, False
53.8218, Betrayal48, shoot, Betrayal48, False
53.8418, Foe39, shoot, Foe39, False
54.08179, Betrayal48, shoot, Lush46, False
54.1018, Alcoholic42, shoot, Coward50, False
54.1218, Betrayal48, shoot, Betrayal48, False
54.1418, Drunkard44, shoot, Drunkard44, False
54.2018, Alcoholic42, shoot, Alcoholic42, False
54.6218, Bongfu49, shoot, Bongfu49, False
54.72179, Alcoholic42, shoot, Alcoholic42, False
55.8218, Drunkard44, shoot, Bongfu49, False
56.0018, Drunkard44, shoot, Bongfu49, False
56.0218, Bongfu49, shoot, Betrayal48, False
56.2618, Drunkard44, shoot, Drunkard44, False
56.4418, Adjuster43, shoot, Foe39, False
56.5218, Juicehead47, get, coin_v_1
56.5218, Drunkard44, shoot, Drunkard44, False
56.6018, Adjuster43, shoot, Foe39, False
56.6418, Coward50, shoot, Bongfu49, False
56.8818, Lush46, shoot, Alcoholic42, False
57.3618, Drunkard44, shoot, Name, False
57.6018, Bongfu49, shoot, Betrayal48, False
57.6018, Bongfu49, shoot, Betrayal48, False
57.74179, Alcoholic42, shoot, Alcoholic42, False
57.74179, Betrayal48, shoot, Betrayal48, False
57.90179, Drunkard44, shoot, Drunkard44, True
57.91829, Drunkard51, AI
57.92179, Lush46, shoot, Alcoholic42, True
57.93489, Alcoholic52, AI
57.9418, Alcoholic52, shoot, Drunkard51, False
57.9418, Drunkard51, shoot, Alcoholic52, False
57.9618, Betrayal48, shoot, Bongfu49, False
58.0218, Alcoholic42, shoot, Lush46, False
58.2018, Lush46, get, shield
58.3618, Foe39, shoot, Adjuster43, False
58.4618, Bongfu49, get, horse
59.40179, Betrayal48, shoot, Bongfu49, False
59.5218, Foe39, shoot, Foe39, False
59.8818, Drunkard51, shoot, Alcoholic52, False
60.29324, Coward50, deleted 
60.29324, Coward53, AI
60.3218, Betrayal48, shoot, Foe39, False
60.4818, Betrayal48, shoot, Betrayal48, False
60.7018, Juicehead47, get, coin_v_1
60.8418, Alcoholic52, shoot, Coward53, False
60.9418, Bongfu49, get, shield
60.99073, Bongfu49, deleted 
60.99073, Bongfu54, AI
61.3018, Adjuster43, shoot, Adjuster43, False
61.38179, Coward53, shoot, Coward53, False
61.4818, Betrayal48, shoot, Bongfu54, False
61.58179, Alcoholic52, shoot, Coward53, False
61.92179, Coward53, shoot, Coward53, False
61.9418, Alcoholic52, shoot, Coward53, False
62.4618, Foe39, shoot, Foe39, False
62.5018, Bongfu54, shoot, Coward53, False
63.1218, Bongfu54, shoot, Bongfu54, False
63.3218, Coward53, shoot, Coward53, False
63.3618, Juicehead47, get, coin_v_1
63.5018, Coward53, shoot, Alcoholic52, False
63.90179, Foe39, shoot, Foe39, False
64.1618, Foe39, shoot, Lush46, False
64.50179, Alcoholic52, shoot, Alcoholic52, False
64.8018, Alcoholic52, shoot, Alcoholic52, False
65.3818, Lush46, shoot, Coward53, False
65.6618, Foe39, shoot, Bongfu54, False
65.87409, Betrayal48, deleted 
65.87409, Betrayal55, AI
66.18971, Juicehead47, deleted 
66.18971, Juicehead56, AI
66.4218, Alcoholic52, shoot, Alcoholic52, False
66.4218, Coward53, shoot, Coward53, False
66.7018, Drunkard51, shoot, Drunkard51, False
66.72179, Lush46, shoot, Name, False
66.72179, Alcoholic52, shoot, Alcoholic52, False
66.9218, Betrayal55, shoot, Betrayal55, False
67.0218, Alcoholic52, shoot, Betrayal55, False
67.1218, Juicehead56, shoot, Betrayal55, False
67.32179, Alcoholic52, shoot, Alcoholic52, False
67.32179, Betrayal55, shoot, Betrayal55, False
67.5618, Alcoholic52, shoot, Juicehead56, False
67.8018, Juicehead56, shoot, Betrayal55, False
67.90179, Coward53, shoot, Coward53, True
67.91702, Coward57, AI
68.0218, Bongfu54, get, shield
68.1218, Alcoholic52, shoot, Betrayal55, False
68.5618, Name, shoot, Foe39, True
68.56468, Foe58, AI
68.6218, Foe39, shoot, Name, False
68.9218, Drunkard51, shoot, Drunkard51, False
68.96179, Alcoholic52, shoot, Foe58, False
69.1018, Drunkard51, shoot, Drunkard51, False
69.1218, Alcoholic52, shoot, Alcoholic52, False
69.47816, Lush46, deleted 
69.47816, Lush59, AI
70.0218, Drunkard51, shoot, Drunkard51, False
70.04179, Alcoholic52, shoot, Coward57, False
70.04179, Foe58, shoot, Lush59, False
70.1018, Alcoholic52, shoot, Coward57, False
70.2418, Betrayal55, shoot, Lush59, False
70.32179, Drunkard51, shoot, Drunkard51, False
70.4218, Drunkard51, shoot, Foe58, False
70.46179, Alcoholic52, shoot, Juicehead56, False
70.86179, Betrayal55, shoot, Drunkard51, False
70.9418, Drunkard51, shoot, Drunkard51, False
71.04179, Betrayal55, shoot, Drunkard51, False
71.18179, Lush59, shoot, Lush59, False
71.3018, Betrayal55, shoot, Drunkard51, False
71.6018, Drunkard51, shoot, Drunkard51, True
71.6018, Drunkard51, shoot, Betrayal55, False
71.60411, Drunkard60, AI
71.68179, Drunkard51, shoot, Betrayal55, False
71.8018, Drunkard51, shoot, Lush59, False
71.82179, Coward57, shoot, Coward57, False
72.2618, Foe58, get, coin_v_1
72.72179, Betrayal55, shoot, Betrayal55, False
73.21511, Juicehead56, deleted 
73.21511, Juicehead61, AI
73.2418, Lush59, shoot, Lush59, False
73.5218, Lush59, shoot, Drunkard60, False
73.9218, Betrayal55, shoot, Betrayal55, True
73.9218, Lush59, shoot, Lush59, False
73.92919, Betrayal62, AI
74.22179, Juicehead61, shoot, Juicehead61, False
74.4418, Foe58, shoot, Foe58, False
74.57678, Alcoholic52, deleted 
74.57678, Alcoholic63, AI
74.58179, Betrayal62, shoot, Juicehead61, False
75.4218, Juicehead61, shoot, Betrayal62, False
75.46179, Foe58, get, horse
75.6018, Betrayal62, shoot, Alcoholic63, False
75.6218, Alcoholic63, shoot, Juicehead61, False
75.7018, Lush59, shoot, Lush59, False
76.04179, Drunkard60, shoot, Juicehead61, False
76.1018, Lush59, get, coin_v_1
76.32179, Foe58, shoot, Coward57, False
76.36179, Juicehead61, shoot, Drunkard60, False
76.4818, Foe58, shoot, Foe58, False
76.7418, Drunkard60, shoot, Alcoholic63, False
76.86179, Coward57, shoot, Bongfu54, False
77.04179, Betrayal62, shoot, Betrayal62, False
77.08179, Juicehead61, get, horse
77.1018, Coward57, shoot, Bongfu54, False
77.1018, Bongfu54, shoot, Coward57, False
77.2018, Betrayal62, shoot, Betrayal62, False
77.4818, Betrayal62, shoot, Alcoholic63, False
77.50179, Juicehead61, shoot, Juicehead61, False
77.54179, Juicehead61, shoot, Juicehead61, False
77.7418, Name, shoot, Foe58, False
77.7618, Bongfu54, shoot, Coward57, False
77.8018, Drunkard60, shoot, Juicehead61, False
77.90179, Foe58, get, horse
77.9418, Drunkard60, shoot, Juicehead61, False
78.14179, Juicehead61, shoot, Juicehead61, False
78.3818, Bongfu54, shoot, Coward57, False
78.8418, Alcoholic63, shoot, Alcoholic63, False
79.3018, Adjuster43, shoot, Adjuster43, False
79.46179, Juicehead61, get, coin_v_1
79.6018, Juicehead61, shoot, Juicehead61, True
79.60925, Juicehead64, AI
79.8018, Drunkard60, get, coin_v_1
80.04179, Foe58, shoot, Name, False
80.1218, Coward57, shoot, Bongfu54, False
80.5218, Coward57, shoot, Bongfu54, False
80.6018, Coward57, shoot, Bongfu54, False
80.82179, Alcoholic63, shoot, Alcoholic63, False
80.8818, Drunkard60, shoot, Drunkard60, False
81.1218, Alcoholic63, shoot, Alcoholic63, False
81.36179, Foe58, shoot, Name, False
81.48583, Betrayal62, deleted 
81.48583, Betrayal65, AI
81.5218, Juicehead64, shoot, Juicehead64, False
82.32179, Juicehead64, shoot, Juicehead64, False
82.6218, Juicehead64, shoot, Juicehead64, False
82.9218, Juicehead64, shoot, Juicehead64, False
83.00179, Betrayal65, get, coin_v_1
83.2418, Adjuster43, shoot, Adjuster43, False
83.50179, Foe58, shoot, Foe58, False
83.5218, Juicehead64, shoot, Juicehead64, False
83.90179, Alcoholic63, shoot, Alcoholic63, False
84.18179, Adjuster43, shoot, Foe58, False
84.40179, Alcoholic63, shoot, Alcoholic63, False
84.64179, Adjuster43, shoot, Foe58, False
85.0618, Bongfu54, shoot, Drunkard60, False
85.3054, Betrayal65, deleted 
85.3054, Betrayal66, AI
85.3818, Name, shoot, Adjuster43, False
85.4418, Lush59, shoot, Drunkard60, False
85.50179, Coward57, shoot, Bongfu54, False
85.9818, Alcoholic63, shoot, Alcoholic63, False
86.2418, Drunkard60, shoot, Coward57, False
86.28179, Adjuster43, shoot, Adjuster43, False
86.50179, Betrayal66, shoot, Betrayal66, False
86.96179, Name, shoot, Coward57, False
87.18179, Name, shoot, Coward57, False
87.90179, Adjuster43, shoot, Adjuster43, False
87.90179, Juicehead64, shoot, Coward57, True
87.90179, Coward57, shoot, Juicehead64, False
87.90179, Coward57, shoot, Juicehead64, False
87.90179, Coward57, shoot, Juicehead64, False
87.9127, Coward67, AI
87.9418, Coward57, shoot, Juicehead64, False
88.00179, Juicehead64, get, horse
88.50179, Bongfu54, shoot, Juicehead64, True
88.51048, Juicehead68, AI
88.54179, Juicehead68, shoot, Coward67, False
89.0618, Lush59, shoot, Drunkard60, False
89.68179, Adjuster43, shoot, Name, False
89.96179, Juicehead68, get, horse
90.8818, Adjuster43, shoot, Lush59, False
91.3018, Coward67, shoot, Coward67, False
91.40179, Drunkard60, shoot, Alcoholic63, True
91.41704, Alcoholic69, AI
91.46179, Lush59, shoot, Lush59, False
91.6218, Coward67, shoot, Coward67, False
91.72179, Lush59, shoot, Lush59, False
91.8818, Foe58, shoot, Adjuster43, True
91.88222, Adjuster70, AI
91.90179, Foe58, shoot, Name, False
91.9218, Coward67, shoot, Coward67, False
91.9418, Foe58, shoot, Betrayal66, False
92.3818, Alcoholic69, shoot, Alcoholic69, False
92.4818, Adjuster70, shoot, Lush59, False
92.5218, Coward67, shoot, Coward67, False
92.7418, Betrayal66, get, horse
93.1218, Alcoholic69, shoot, Alcoholic69, False
93.14179, Bongfu54, get, shield
93.14179, Lush59, shoot, Lush59, True
93.14447, Lush71, AI
93.2018, Drunkard60, get, coin_v_1
93.4218, Coward67, shoot, Coward67, False
93.58179, Alcoholic69, shoot, Lush71, False
93.59287, Juicehead68, deleted 
93.59287, Juicehead72, AI
93.7018, Foe58, shoot, Foe58, False
93.9418, Juicehead72, get, shield
94.00179, Name, shoot, Foe58, False
94.0618, Foe58, get, horse
94.32179, Coward67, shoot, Coward67, False
94.50179, Lush59, shoot, Coward67, False
94.9418, Alcoholic69, shoot, Alcoholic69, False
94.9818, Foe58, shoot, Foe58, False
95.8018, Coward67, shoot, Betrayal66, False
95.86179, Coward67, shoot, Adjuster70, False
96.18179, Betrayal66, shoot, Betrayal66, False
96.4418, Bongfu54, shoot, Drunkard60, False
96.94775, Drunkard60, deleted 
96.94775, Drunkard73, AI
97.6218, Foe58, shoot, Adjuster70, False
97.8818, Drunkard73, shoot, Drunkard73, False
98.2018, Alcoholic69, shoot, Alcoholic69, False
98.46179, Betrayal66, shoot, Foe58, True
98.47584, Foe74, AI
98.8418, Betrayal66, shoot, Name, False
98.9418, Foe58, shoot, Foe74, False
99.00179, Name, shoot, Betrayal66, False
99.00179, Name, shoot, Betrayal66, False
99.00179, Betrayal66, shoot, Name, False
99.00179, Betrayal66, shoot, Name, False
99.00179, Betrayal66, shoot, Name, True
99.08179, Drunkard73, shoot, Alcoholic69, False
99.1218, Alcoholic69, shoot, Alcoholic69, False
99.1218, Juicehead72, shoot, Juicehead72, False
99.14179, Alcoholic69, shoot, Drunkard73, False
99.60179, Drunkard73, shoot, Alcoholic69, False
99.6218, Alcoholic69, shoot, Drunkard73, False
100.1618, Betrayal66, shoot, Betrayal66, False
Normal Close
