Game Time: 2022/3/1 17:42:40
Version: 1.0.0.2 with bullet collision times = 2
0, Player, player
0, Player, get, initialShield
0, Coward1, AI
0, Betrayal2, AI
0, Drunkard3, AI
0, Foe4, AI
0, Juicehead5, AI
0, Alcoholic6, AI
0, Lush7, AI
0, Adjuster8, AI
0, Bongfu9, AI
1.203537, Bongfu9, get, coin_v_1
1.463537, Alcoholic6, get, coin_v_1
1.543537, Drunkard3, get, coin_v_1
1.863537, Player, shoot, Coward1, False
2.043537, Bongfu9, get, coin_v_1
2.103537, Alcoholic6, get, coin_v_1
2.563537, Bongfu9, shoot, Coward1, False
3.243537, Juicehead5, shoot, Adjuster8, False
3.443537, Juicehead5, get, coin_v_1
3.623537, Juicehead5, get, coin_v_1
3.883537, Bongfu9, shoot, Juicehead5, False
4.424948, Lush7, deleted 
4.424948, gen, shield
4.424948, Lush10, AI
4.443537, Coward1, shoot, Player, False
4.723537, Coward1, get, coin_v_1
4.803537, Adjuster8, shoot, Bongfu9, False
4.823537, Drunkard3, get, coin_v_1
5.403537, Coward1, shoot, Adjuster8, False
5.483537, Coward1, shoot, Alcoholic6, False
5.523537, Lush10, shoot, Lush10, False
5.703537, Coward1, get, coin_v_1
5.723537, Alcoholic6, get, coin_v_1
5.823537, Coward1, shoot, Alcoholic6, False
6.163538, Foe4, shoot, Juicehead5, False
6.843537, Juicehead5, get, coin_v_1
7.143537, Lush10, get, coin_v_1
7.223537, Bongfu9, shoot, Juicehead5, False
7.323537, Adjuster8, shoot, Foe4, False
7.403537, Drunkard3, shoot, Drunkard3, False
7.743537, Juicehead5, get, coin_v_1
8.923537, Drunkard3, shoot, Drunkard3, False
9.143538, Drunkard3, shoot, Bongfu9, False
9.406023, Alcoholic6, deleted 
9.406023, gen, horse
9.406023, Alcoholic11, AI
9.663537, Bongfu9, shoot, Drunkard3, False
9.924435, Coward1, deleted 
9.924435, gen, horse
9.924435, Coward12, AI
9.963537, Betrayal2, shoot, Lush10, False
10.62354, Bongfu9, shoot, Bongfu9, False
11.06354, Player, shoot, Player, False
11.50354, Player, shoot, Foe4, False
12.04354, Drunkard3, shoot, Adjuster8, False
12.26354, Drunkard3, shoot, Player, False
12.26687, Alcoholic11, deleted 
12.26687, gen, horse
12.26687, Alcoholic13, AI
12.62354, Foe4, shoot, Drunkard3, False
12.76354, Juicehead5, shoot, Drunkard3, False
12.96354, Adjuster8, shoot, Player, False
13.22354, Betrayal2, shoot, Betrayal2, False
13.22354, Foe4, shoot, Drunkard3, False
13.72354, Drunkard3, shoot, Player, False
14.10354, Betrayal2, get, coin_v_1
14.10354, Foe4, shoot, Player, False
14.10354, Player, shoot, Foe4, False
14.12388, Coward12, deleted 
14.12388, gen, horse
14.12388, Coward14, AI
14.78354, Player, shoot, Adjuster8, False
15.2275, Alcoholic13, deleted 
15.2275, gen, horse
15.2275, Alcoholic15, AI
15.24354, Juicehead5, shoot, Juicehead5, False
15.28354, Adjuster8, shoot, Player, False
15.46354, Drunkard3, shoot, Drunkard3, False
15.46511, Bongfu9, deleted 
15.46511, gen, horse
15.46511, Bongfu16, AI
15.54354, Player, shoot, Player, False
15.60354, Player, shoot, Adjuster8, False
15.60354, Player, shoot, Adjuster8, False
15.60504, Lush10, deleted 
15.60504, gen, horse
15.60504, Lush17, AI
15.92354, Player, shoot, Adjuster8, False
16.30354, Bongfu16, shoot, Lush17, False
16.32354, Lush17, shoot, Lush17, False
16.50354, Juicehead5, shoot, Juicehead5, False
16.52354, Foe4, shoot, Adjuster8, False
16.96386, Betrayal2, deleted 
16.96386, gen, shield
16.96386, Betrayal18, AI
17.14354, Drunkard3, get, coin_v_1
17.24354, Foe4, shoot, Bongfu16, False
17.48354, Drunkard3, get, coin_v_1
17.52354, Bongfu16, get, coin_v_1
17.74354, Adjuster8, shoot, Player, False
17.86354, Player, shoot, Adjuster8, False
18.12354, Betrayal18, shoot, Betrayal18, False
18.44498, Alcoholic15, deleted 
18.44498, gen, horse
18.44498, Alcoholic19, AI
18.86354, Foe4, shoot, Foe4, False
18.90525, Coward14, deleted 
18.90525, gen, horse
18.90525, Coward20, AI
19.34354, Player, shoot, Betrayal18, False
19.66354, Adjuster8, shoot, Foe4, False
19.86595, Drunkard3, deleted 
19.86595, gen, shield
19.86595, Drunkard21, AI
19.88354, Foe4, shoot, Drunkard21, False
20.24485, Lush17, deleted 
20.24485, gen, shield
20.24485, Lush22, AI
20.78354, Bongfu16, get, coin_v_1
20.94354, Foe4, shoot, Coward20, False
21.88354, Alcoholic19, get, shield
21.98556, Alcoholic19, deleted 
21.98556, gen, shield
21.98556, Alcoholic23, AI
22.06354, Coward20, get, horse
22.12632, Coward20, deleted 
22.12632, gen, horse
22.12632, Coward24, AI
22.18354, Coward24, shoot, Alcoholic23, False
22.22354, Foe4, shoot, Player, True
Normal Close
