Game Time: 2022/3/1 17:39:46
Version: 1.0.0.2 with bullet collision times = 2
0, Player, player
0, Player, get, initialShield
0, Coward1, AI
0, Betrayal2, AI
0, Drunkard3, AI
0, Foe4, AI
0, Juicehead5, AI
0, Alcoholic6, AI
0, Lush7, AI
0, Adjuster8, AI
0, Bongfu9, AI
1.27905, Coward1, shoot, Adjuster8, False
1.45905, Alcoholic6, get, coin_v_1
1.57905, Bongfu9, get, coin_v_1
2.41905, Bongfu9, get, coin_v_1
2.67905, Drunkard3, get, coin_v_1
3.31905, Juicehead5, get, coin_v_1
3.45905, Juicehead5, get, coin_v_1
3.53905, Juicehead5, shoot, Bongfu9, False
3.69905, Drunkard3, get, coin_v_1
3.89905, Player, shoot, Bongfu9, False
4.21905, Bongfu9, shoot, Foe4, False
4.35905, Drunkard3, shoot, Adjuster8, False
4.37905, Drunkard3, get, coin_v_1
5.25905, Bongfu9, shoot, Coward1, False
5.41905, Bongfu9, shoot, Coward1, False
5.71905, Lush7, get, coin_v_1
6.11905, Adjuster8, shoot, Player, False
6.83905, Juicehead5, get, coin_v_1
6.91905, Player, shoot, Foe4, False
6.93905, Player, shoot, Bongfu9, False
7.61905, Bongfu9, get, coin_v_1
7.63905, Coward1, shoot, Coward1, False
7.75905, Drunkard3, get, coin_v_1
7.79905, Drunkard3, get, coin_v_1
7.85905, Coward1, get, coin_v_1
8.15905, Alcoholic6, get, coin_v_1
10.33905, Betrayal2, get, coin_v_1
10.64192, Drunkard3, deleted 
10.64192, gen, shield
10.64192, Drunkard10, AI
10.79905, Bongfu9, shoot, Bongfu9, False
10.95905, Lush7, get, coin_v_1
10.97905, Bongfu9, shoot, Bongfu9, False
11.41905, Adjuster8, shoot, Player, False
12.49905, Betrayal2, shoot, Alcoholic6, False
12.75905, Coward1, get, coin_v_1
13.11905, Foe4, shoot, Bongfu9, False
13.21905, Bongfu9, shoot, Adjuster8, False
13.41968, Drunkard10, deleted 
13.41968, gen, horse
13.41968, Drunkard11, AI
14.57905, Juicehead5, shoot, Juicehead5, False
14.64457, Alcoholic6, deleted 
14.64457, gen, horse
14.64457, Alcoholic12, AI
14.65905, Coward1, get, coin_v_1
15.23905, Coward1, shoot, Coward1, False
15.35905, Adjuster8, shoot, Adjuster8, False
15.93905, Player, shoot, Bongfu9, False
16.28064, Drunkard11, deleted 
16.28064, gen, shield
16.28064, Drunkard13, AI
16.33905, Adjuster8, shoot, Coward1, False
16.75905, Drunkard13, get, coin_v_1
17.01905, Bongfu9, shoot, Bongfu9, False
17.05905, Alcoholic12, get, coin_v_1
17.15905, Coward1, get, coin_v_1
17.22256, Juicehead5, deleted 
17.22256, gen, horse
17.22256, Juicehead14, AI
17.49905, Juicehead14, get, coin_v_1
17.77905, Player, shoot, Foe4, False
17.87905, Bongfu9, shoot, Adjuster8, False
18.03905, Drunkard13, get, coin_v_1
18.19986, Betrayal2, deleted 
18.19986, gen, horse
18.19986, Betrayal15, AI
18.45905, Coward1, shoot, Foe4, False
19.15905, Betrayal15, get, coin_v_1
19.21905, Player, shoot, Adjuster8, False
19.28191, Lush7, deleted 
19.28191, gen, horse
19.28191, Lush16, AI
19.71905, Drunkard13, get, coin_v_1
20.09905, Adjuster8, shoot, Coward1, False
20.41905, Foe4, shoot, Player, False
20.51905, Adjuster8, shoot, Bongfu9, False
20.62018, Juicehead14, deleted 
20.62018, gen, horse
20.62018, Juicehead17, AI
20.75905, Drunkard13, shoot, Drunkard13, False
21.33905, Adjuster8, shoot, Betrayal15, False
21.47905, Bongfu9, shoot, Betrayal15, False
21.55905, Adjuster8, shoot, Player, False
21.64518, Alcoholic12, deleted 
21.64518, gen, horse
21.64518, Alcoholic18, AI
22.21905, Adjuster8, shoot, Player, False
22.23905, Bongfu9, shoot, Lush16, False
22.53905, Bongfu9, shoot, Bongfu9, True
22.53905, gen, horse
22.54361, Bongfu19, AI
23.41905, Player, shoot, Foe4, False
23.41905, Player, shoot, Foe4, False
23.41905, Player, shoot, Foe4, False
24.37905, Drunkard13, shoot, Drunkard13, False
24.39905, Lush16, shoot, Adjuster8, False
24.40099, Juicehead17, deleted 
24.40099, gen, shield
24.40099, Juicehead20, AI
25.55905, Juicehead20, shoot, Bongfu19, False
26.39905, Foe4, shoot, Betrayal15, False
26.87905, Player, shoot, Adjuster8, False
27.11905, Player, shoot, Adjuster8, False
27.45905, Player, shoot, Foe4, False
27.69905, Lush16, shoot, Lush16, False
27.83934, Juicehead20, deleted 
27.83934, gen, horse
27.83934, Juicehead21, AI
27.87905, Lush16, get, coin_v_1
27.95933, Coward1, deleted 
27.95933, gen, horse
27.95933, Coward22, AI
28.71905, Lush16, get, coin_v_1
29.01905, Player, shoot, Adjuster8, False
29.49905, Player, shoot, Adjuster8, True
29.49905, gen, shield
29.5009, Adjuster23, AI
29.62166, Drunkard13, deleted 
29.62166, gen, horse
29.62166, Drunkard24, AI
29.97948, Alcoholic18, deleted 
29.97948, gen, horse
29.97948, Alcoholic25, AI
30.57905, Foe4, get, shield
30.61905, Foe4, shoot, Player, False
30.73905, Foe4, shoot, Player, False
31.07905, Drunkard24, shoot, Drunkard24, False
31.19905, Juicehead21, get, horse
31.2394, Juicehead21, deleted 
31.2394, gen, horse
31.2394, Juicehead26, AI
31.93905, Drunkard24, shoot, Drunkard24, False
32.13905, Betrayal15, shoot, Alcoholic25, False
32.53905, Coward22, shoot, Alcoholic25, False
32.71905, Player, shoot, Player, False
32.75905, Foe4, shoot, Adjuster23, False
32.81905, Lush16, get, coin_v_1
33.01905, Alcoholic25, shoot, Betrayal15, False
33.01905, Betrayal15, shoot, Alcoholic25, False
33.17905, Drunkard24, shoot, Drunkard24, False
33.33905, Lush16, shoot, Lush16, False
33.35905, Player, shoot, Drunkard24, False
33.45905, Drunkard24, shoot, Drunkard24, False
33.73905, Player, shoot, Alcoholic25, False
33.93905, Lush16, get, coin_v_1
34.55905, Player, shoot, Player, False
34.57905, Juicehead26, get, horse
34.64158, Juicehead26, deleted 
34.64158, gen, shield
34.64158, Juicehead27, AI
34.67905, Bongfu19, shoot, Player, False
35.07905, Lush16, shoot, Player, False
35.75905, Player, shoot, Drunkard24, False
35.79905, Player, shoot, Player, True
Normal Close
