Game Time: 2022/3/1 16:39:09
Version: 1.0.0.2 with bullet collision times = 2
0, Player, player
0, Player, get, initialShield
0, Coward1, AI
0, Betrayal2, AI
0, Drunkard3, AI
0, Foe4, AI
0, Juicehead5, AI
0, Alcoholic6, AI
0, Lush7, AI
0, Adjuster8, AI
0, Bongfu9, AI
1.14182, Bongfu9, get, coin_v_1
1.26182, Coward1, shoot, Adjuster8, False
1.94182, Foe4, get, coin_v_1
1.98182, Bongfu9, get, coin_v_1
2.54182, Foe4, shoot, Foe4, False
2.66182, Alcoholic6, get, coin_v_1
2.68182, Coward1, get, coin_v_1
3.20182, Bongfu9, shoot, Lush7, False
3.22182, Foe4, shoot, Adjuster8, False
3.34182, Betrayal2, get, coin_v_1
3.80182, Player, shoot, Player, False
4.32182, Adjuster8, shoot, Adjuster8, False
4.90182, Betrayal2, get, coin_v_1
4.90182, Player, shoot, Player, False
4.90182, Foe4, shoot, Player, False
5.10182, Drunkard3, get, coin_v_1
5.10182, Player, shoot, Foe4, False
5.40182, Player, shoot, Foe4, False
5.54182, Coward1, get, coin_v_1
5.58182, Adjuster8, shoot, Player, False
5.70182, Drunkard3, get, coin_v_1
6.52182, Betrayal2, get, coin_v_1
6.76182, Foe4, shoot, Drunkard3, False
7.14182, Foe4, shoot, Player, False
7.82182, Drunkard3, get, coin_v_1
7.82182, Player, shoot, Foe4, False
7.84182, Betrayal2, get, coin_v_1
8.30182, Betrayal2, get, coin_v_1
8.701819, Drunkard3, shoot, Drunkard3, False
8.88182, Drunkard3, get, coin_v_1
9.084831, Lush7, deleted 
9.084831, gen, horse
9.084831, Lush10, AI
9.44182, Foe4, shoot, Player, False
9.44189, Juicehead5, deleted 
9.44189, gen, horse
9.44189, Juicehead11, AI
9.628642, Alcoholic6, deleted 
9.628642, gen, shield
9.628642, Alcoholic12, AI
9.701819, Foe4, shoot, Player, False
10.48182, Lush10, get, coin_v_1
10.56182, Player, shoot, Foe4, False
10.98182, Foe4, shoot, Adjuster8, False
10.98182, Player, shoot, Foe4, False
11.06182, Player, shoot, Adjuster8, False
11.26182, Foe4, shoot, Foe4, False
11.66545, Drunkard3, deleted 
11.66545, gen, shield
11.66545, Drunkard13, AI
11.74182, Bongfu9, get, coin_v_1
11.98182, Player, shoot, Player, False
12.86182, Bongfu9, shoot, Bongfu9, False
13.00551, Juicehead11, deleted 
13.00551, gen, shield
13.00551, Juicehead14, AI
13.14182, Adjuster8, shoot, Foe4, False
13.28182, Player, shoot, Foe4, False
13.38182, Juicehead14, shoot, Alcoholic12, False
13.38182, Adjuster8, shoot, Foe4, True
13.38182, gen, horse
13.38417, Foe15, AI
13.54182, Adjuster8, get, horse
13.82182, Player, shoot, Player, False
14.06182, Foe4, shoot, Betrayal2, False
14.40182, Alcoholic12, shoot, Juicehead14, False
14.40182, Juicehead14, shoot, Alcoholic12, False
14.94299, Drunkard13, deleted 
14.94299, gen, horse
14.94299, Drunkard16, AI
15.16585, Betrayal2, deleted 
15.16585, gen, horse
15.16585, Betrayal17, AI
15.62182, Player, shoot, Player, True
Normal Close
