Game Time: 2022/3/1 18:04:37
Version: 1.0.0.2 with bullet collision times = 2
0, Player, player
0, Player, get, initialShield
0, Coward1, AI
0, Betrayal2, AI
0, Drunkard3, AI
0, Foe4, AI
0, Juicehead5, AI
0, Alcoholic6, AI
0, Lush7, AI
0, Adjuster8, AI
0, Bongfu9, AI
0.8727937, Alcoholic6, get, coin_v_1
1.052794, Drunkard3, get, coin_v_1
1.092794, Betrayal2, get, coin_v_1
1.152794, Bongfu9, get, coin_v_1
1.572794, Betrayal2, get, coin_v_1
1.672794, Betrayal2, get, coin_v_1
1.972794, Bongfu9, get, coin_v_1
2.332794, Alcoholic6, get, coin_v_1
3.192794, Juicehead5, get, coin_v_1
3.232794, Bongfu9, shoot, Lush7, False
3.392794, Juicehead5, get, coin_v_1
3.452794, Drunkard3, get, coin_v_1
3.572794, Juicehead5, shoot, Coward1, False
3.612794, Foe4, shoot, Adjuster8, False
3.612794, Player, shoot, Coward1, False
3.652794, Alcoholic6, get, coin_v_1
3.712794, Coward1, shoot, Coward1, False
3.752794, Lush7, shoot, Alcoholic6, False
4.212794, Coward1, shoot, Adjuster8, False
4.212794, Coward1, shoot, Player, False
4.332794, Bongfu9, shoot, Bongfu9, False
4.372794, Juicehead5, shoot, Foe4, False
4.632793, Drunkard3, shoot, Drunkard3, False
4.812794, Player, shoot, Coward1, False
5.112793, Coward1, shoot, Player, False
5.252794, Juicehead5, get, coin_v_1
5.472794, Juicehead5, get, coin_v_1
5.752794, Coward1, shoot, Foe4, False
6.192794, Foe4, shoot, Coward1, False
6.692793, Coward1, get, coin_v_1
7.052794, Drunkard3, get, coin_v_1
7.192793, Player, shoot, Foe4, False
7.392794, Adjuster8, shoot, Adjuster8, False
7.812794, Player, shoot, Adjuster8, False
8.152794, Adjuster8, get, coin_v_1
8.272794, Coward1, shoot, Foe4, False
8.852794, Foe4, shoot, Juicehead5, False
9.217584, Alcoholic6, deleted 
9.217584, gen, shield
9.217584, Alcoholic10, AI
9.332793, Player, shoot, Adjuster8, False
9.412793, Adjuster8, shoot, Player, False
10.49474, Drunkard3, deleted 
10.49474, gen, shield
10.49474, Drunkard11, AI
10.61279, Adjuster8, shoot, Player, False
10.81279, Adjuster8, shoot, Foe4, False
10.81279, Adjuster8, shoot, Foe4, False
10.81279, Adjuster8, shoot, Foe4, False
10.81279, Adjuster8, shoot, Foe4, False
10.81279, Foe4, shoot, Adjuster8, False
10.81279, Foe4, shoot, Adjuster8, False
10.81279, Foe4, shoot, Adjuster8, False
10.85279, Player, shoot, Foe4, False
10.85279, Player, shoot, Adjuster8, False
11.13471, Lush7, deleted 
11.13471, gen, horse
11.13471, Lush12, AI
11.99279, Lush12, get, coin_v_1
12.31279, Adjuster8, shoot, Player, False
12.31279, Adjuster8, shoot, Player, False
12.31279, Adjuster8, shoot, Player, False
12.31279, Player, shoot, Adjuster8, True
12.31279, gen, horse
12.31392, Adjuster13, AI
12.35279, Adjuster8, shoot, Player, False
12.35279, Adjuster8, shoot, Player, False
12.43502, Alcoholic10, deleted 
12.43502, gen, horse
12.43502, Alcoholic14, AI
12.69279, Alcoholic14, shoot, Adjuster13, False
12.87279, Coward1, shoot, Coward1, False
12.95542, Drunkard11, deleted 
12.95542, gen, horse
12.95542, Drunkard15, AI
13.13279, Drunkard15, shoot, Alcoholic14, False
13.33279, Betrayal2, shoot, Bongfu9, False
13.47279, Foe4, get, horse
14.21279, Adjuster13, shoot, Lush12, False
14.59279, Lush12, get, horse
14.61379, Lush12, deleted 
14.61379, gen, shield
14.61379, Lush16, AI
14.65279, Foe4, shoot, Foe4, False
15.11279, Betrayal2, shoot, Bongfu9, False
15.13279, Player, shoot, Player, True
Normal Close
