Game Time: 2022/3/1 17:01:16
Version: 1.0.0.2 with bullet collision times = 2
0, Player, player
0, Player, get, initialShield
0, Coward1, AI
0, Betrayal2, AI
0, Drunkard3, AI
0, Foe4, AI
0, Juicehead5, AI
0, Alcoholic6, AI
0, Lush7, AI
0, Adjuster8, AI
0, Bongfu9, AI
0.8351277, Foe4, get, coin_v_1
1.275128, Bongfu9, get, coin_v_1
1.695128, Drunkard3, get, coin_v_1
1.975128, Alcoholic6, shoot, Alcoholic6, False
2.055128, Betrayal2, get, coin_v_1
2.095128, Bongfu9, get, coin_v_1
2.275128, Alcoholic6, get, coin_v_1
2.315128, Coward1, get, coin_v_1
2.475128, Coward1, shoot, Alcoholic6, False
2.775128, Coward1, get, coin_v_1
3.255128, Bongfu9, shoot, Lush7, False
3.435128, Juicehead5, get, coin_v_1
3.515128, Drunkard3, get, coin_v_1
3.615128, Juicehead5, get, coin_v_1
3.635128, Alcoholic6, shoot, Lush7, False
3.655128, Adjuster8, shoot, Foe4, False
3.755128, Juicehead5, shoot, Player, False
4.175128, Drunkard3, shoot, Betrayal2, False
4.435128, Bongfu9, shoot, Bongfu9, False
4.815127, Foe4, shoot, Player, False
4.875128, Coward1, get, coin_v_1
5.095128, Betrayal2, shoot, Juicehead5, False
5.415128, Foe4, shoot, Player, False
5.495128, Drunkard3, shoot, Bongfu9, False
5.895128, Player, shoot, Drunkard3, False
6.655128, Bongfu9, shoot, Adjuster8, False
6.775127, Drunkard3, get, coin_v_1
7.015128, Lush7, shoot, Lush7, False
7.815127, Player, shoot, Foe4, False
8.755128, Betrayal2, shoot, Betrayal2, False
8.955128, Drunkard3, shoot, Drunkard3, False
9.195127, Drunkard3, shoot, Drunkard3, False
9.218975, Coward1, deleted 
9.218975, gen, shield
9.218975, Coward10, AI
9.496945, Alcoholic6, deleted 
9.496945, gen, shield
9.496945, Alcoholic11, AI
9.555127, Bongfu9, get, coin_v_1
9.735127, Coward10, shoot, Bongfu9, False
10.11513, Bongfu9, get, coin_v_1
10.35513, Foe4, shoot, Coward10, False
10.87513, Betrayal2, get, coin_v_1
11.07809, Lush7, deleted 
11.07809, gen, shield
11.07809, Lush12, AI
12.13513, Adjuster8, shoot, Adjuster8, False
12.43513, Adjuster8, shoot, Adjuster8, False
12.49513, Drunkard3, shoot, Coward10, False
12.71513, Adjuster8, shoot, Adjuster8, False
13.21513, Player, shoot, Adjuster8, False
13.21513, Adjuster8, shoot, Player, False
13.25513, Player, shoot, Drunkard3, False
13.31513, Bongfu9, shoot, Bongfu9, False
13.55513, Betrayal2, shoot, Foe4, False
14.37513, Bongfu9, get, coin_v_1
14.83513, Adjuster8, shoot, Foe4, False
16.31513, Adjuster8, shoot, Player, False
17.01513, Juicehead5, get, coin_v_1
17.15513, Foe4, shoot, Lush12, False
17.85513, Drunkard3, get, coin_v_1
18.43513, Juicehead5, shoot, Coward10, False
18.53576, Betrayal2, deleted 
18.53576, gen, horse
18.53576, Betrayal13, AI
18.95513, Lush12, get, coin_v_1
18.99902, Alcoholic11, deleted 
18.99902, gen, horse
18.99902, Alcoholic14, AI
19.0599, Bongfu9, deleted 
19.0599, gen, shield
19.0599, Bongfu15, AI
19.41513, Betrayal13, get, coin_v_1
19.57513, Lush12, get, coin_v_1
19.75513, Coward10, get, coin_v_1
19.77513, Foe4, shoot, Adjuster8, False
20.19513, Betrayal13, get, coin_v_1
20.76014, Drunkard3, deleted 
20.76014, gen, horse
20.76014, Drunkard16, AI
20.85513, Betrayal13, get, coin_v_1
21.69513, Adjuster8, shoot, Player, False
22.33513, Lush12, get, coin_v_1
22.39513, Coward10, get, coin_v_1
22.41513, Player, shoot, Foe4, False
22.6011, Bongfu15, deleted 
22.6011, gen, horse
22.6011, Bongfu17, AI
23.33513, Player, shoot, Adjuster8, False
23.59513, Player, shoot, Adjuster8, False
23.63513, Adjuster8, shoot, Player, False
24.01513, Foe4, shoot, Adjuster8, False
24.01513, Adjuster8, shoot, Foe4, False
24.91513, Alcoholic14, shoot, Drunkard16, False
25.35513, Adjuster8, shoot, Player, False
25.45513, Adjuster8, shoot, Drunkard16, False
25.65979, Betrayal13, deleted 
25.65979, gen, horse
25.65979, Betrayal18, AI
26.25513, Foe4, shoot, Player, False
26.49513, Player, shoot, Foe4, False
26.49513, Player, shoot, Player, False
26.77703, Coward10, deleted 
26.77703, gen, horse
26.77703, Coward19, AI
26.79513, Player, shoot, Foe4, False
26.81513, Player, shoot, Alcoholic14, False
26.83513, Juicehead5, get, coin_v_1
28.01513, Player, shoot, Player, True
Normal Close
