Game Time: 2022/3/1 17:44:04
Version: 1.0.0.2 with bullet collision times = 2
0, Player, player
0, Player, get, initialShield
0, Coward1, AI
0, Betrayal2, AI
0, Drunkard3, AI
0, Foe4, AI
0, Juicehead5, AI
0, Alcoholic6, AI
0, Lush7, AI
0, Adjuster8, AI
0, Bongfu9, AI
0.1198251, Betrayal2, shoot, Betrayal2, False
0.639825, Drunkard3, get, coin_v_1
0.7398251, Lush7, get, coin_v_1
0.8198251, Drunkard3, shoot, Drunkard3, False
1.159825, Lush7, get, coin_v_1
1.639825, Bongfu9, get, coin_v_1
1.699825, Betrayal2, get, coin_v_1
2.279825, Betrayal2, shoot, Alcoholic6, False
2.479825, Bongfu9, get, coin_v_1
2.779825, Alcoholic6, get, coin_v_1
3.059825, Adjuster8, shoot, Bongfu9, False
3.139825, Juicehead5, get, coin_v_1
3.159825, Alcoholic6, shoot, Alcoholic6, False
3.219825, Juicehead5, shoot, Adjuster8, False
3.419825, Juicehead5, get, coin_v_1
3.519825, Bongfu9, shoot, Foe4, False
3.639825, Drunkard3, get, coin_v_1
3.659825, Coward1, shoot, Drunkard3, False
3.899825, Bongfu9, shoot, Bongfu9, False
3.979825, Adjuster8, shoot, Betrayal2, False
4.079825, Drunkard3, shoot, Adjuster8, False
4.239825, Bongfu9, shoot, Juicehead5, False
4.339825, Drunkard3, get, coin_v_1
4.499825, Drunkard3, shoot, Betrayal2, False
4.50053, Lush7, deleted 
4.50053, gen, horse
4.50053, Lush10, AI
4.519825, Adjuster8, shoot, Adjuster8, False
5.219825, Coward1, get, coin_v_1
5.519825, Betrayal2, shoot, Betrayal2, False
5.579825, Adjuster8, shoot, Foe4, False
6.359825, Alcoholic6, get, coin_v_1
6.359825, Drunkard3, shoot, Alcoholic6, False
6.479825, Foe4, shoot, Foe4, False
7.259825, Adjuster8, shoot, Player, False
7.279825, Drunkard3, get, coin_v_1
7.781374, Lush10, deleted 
7.781374, gen, horse
7.781374, Lush11, AI
7.839825, Adjuster8, shoot, Player, False
8.719825, Adjuster8, shoot, Player, False
9.019825, Player, shoot, Adjuster8, False
9.019825, Adjuster8, shoot, Player, False
11.09982, Bongfu9, get, coin_v_1
11.15982, Alcoholic6, shoot, Drunkard3, False
11.22337, Drunkard3, deleted 
11.22337, gen, horse
11.22337, Drunkard12, AI
11.43983, Bongfu9, shoot, Bongfu9, False
11.47983, Player, shoot, Juicehead5, False
11.50352, Coward1, deleted 
11.50352, gen, shield
11.50352, Coward13, AI
11.59982, Player, shoot, Foe4, False
11.78219, Lush11, deleted 
11.78219, gen, shield
11.78219, Lush14, AI
11.89983, Alcoholic6, get, horse
11.96289, Alcoholic6, deleted 
11.96289, gen, horse
11.96289, Alcoholic15, AI
12.27983, Foe4, shoot, Player, False
12.61982, Bongfu9, shoot, Bongfu9, False
12.93983, Alcoholic15, get, coin_v_1
13.51982, Foe4, shoot, Adjuster8, False
13.85983, Bongfu9, shoot, Bongfu9, False
13.95982, Foe4, shoot, Player, False
14.23982, Player, shoot, Foe4, False
14.40041, Drunkard12, deleted 
14.40041, gen, shield
14.40041, Drunkard16, AI
14.41982, Juicehead5, get, coin_v_1
14.57982, Coward13, shoot, Coward13, False
14.63982, Player, shoot, Foe4, False
15.21982, Player, shoot, Juicehead5, False
15.43983, Drunkard16, get, coin_v_1
15.51982, Foe4, shoot, Juicehead5, False
15.91982, Bongfu9, shoot, Adjuster8, False
16.1212, Alcoholic15, deleted 
16.1212, gen, horse
16.1212, Alcoholic17, AI
16.21982, Foe4, shoot, Player, False
16.26206, Lush14, deleted 
16.26206, gen, shield
16.26206, Lush18, AI
16.33982, Foe4, shoot, Player, False
16.37983, Adjuster8, shoot, Adjuster8, False
16.62133, Betrayal2, deleted 
16.62133, gen, shield
16.62133, Betrayal19, AI
16.75982, Bongfu9, shoot, Foe4, False
16.99982, Betrayal19, shoot, Lush18, False
17.56108, Drunkard16, deleted 
17.56108, gen, shield
17.56108, Drunkard20, AI
17.71982, Player, shoot, Bongfu9, False
17.89982, Adjuster8, shoot, Player, False
18.03983, Player, shoot, Adjuster8, False
18.03983, Player, shoot, Adjuster8, False
18.03983, Adjuster8, shoot, Player, True
Normal Close
