Game Time: 2022/3/1 17:50:21
Version: 1.0.0.2 with bullet collision times = 2
0, Player, player
0, Player, get, initialShield
0, Coward1, AI
0, Betrayal2, AI
0, Drunkard3, AI
0, Foe4, AI
0, Juicehead5, AI
0, Alcoholic6, AI
0, Lush7, AI
0, Adjuster8, AI
0, Bongfu9, AI
0.8685142, Juicehead5, shoot, Juicehead5, False
1.028514, Foe4, get, coin_v_1
1.368514, Betrayal2, get, coin_v_1
1.488514, Bongfu9, get, coin_v_1
1.488514, Betrayal2, get, coin_v_1
1.768514, Foe4, get, coin_v_1
2.048514, Drunkard3, get, coin_v_1
2.328514, Bongfu9, get, coin_v_1
2.588514, Foe4, shoot, Foe4, False
3.128514, Juicehead5, shoot, Adjuster8, False
3.388514, Juicehead5, shoot, Adjuster8, False
3.488514, Coward1, get, coin_v_1
3.708514, Drunkard3, get, coin_v_1
3.748514, Juicehead5, get, coin_v_1
3.808514, Juicehead5, shoot, Foe4, False
4.248514, Betrayal2, get, coin_v_1
4.608514, Bongfu9, shoot, Bongfu9, False
4.628514, Drunkard3, shoot, Bongfu9, False
5.188514, Juicehead5, shoot, Foe4, False
5.428514, Foe4, shoot, Juicehead5, False
5.548514, Foe4, shoot, Juicehead5, False
5.588514, Juicehead5, shoot, Juicehead5, False
7.228514, Adjuster8, shoot, Player, False
7.388514, Adjuster8, shoot, Adjuster8, False
7.528514, Drunkard3, get, coin_v_1
10.24851, Lush7, get, coin_v_1
10.30851, Adjuster8, shoot, Foe4, False
10.38851, Player, shoot, Adjuster8, False
10.90851, Foe4, shoot, Foe4, False
10.90851, Adjuster8, shoot, Player, False
11.10851, Adjuster8, shoot, Coward1, False
11.34851, Adjuster8, shoot, Adjuster8, False
11.75138, Juicehead5, deleted 
11.75138, gen, horse
11.75138, Juicehead10, AI
11.7704, Drunkard3, deleted 
11.7704, gen, horse
11.7704, Drunkard11, AI
11.93514, Betrayal2, deleted 
11.93514, gen, horse
11.93514, Betrayal12, AI
12.62851, Bongfu9, shoot, Lush7, False
13.68851, Betrayal12, shoot, Bongfu9, False
13.74851, Coward1, get, coin_v_1
14.08851, Coward1, get, coin_v_1
14.10851, Foe4, shoot, Lush7, False
14.12851, Adjuster8, shoot, Adjuster8, False
14.30851, Player, shoot, Lush7, False
14.41138, Alcoholic6, deleted 
14.41138, gen, shield
14.41138, Alcoholic13, AI
14.56851, Foe4, shoot, Lush7, False
14.62854, Juicehead10, deleted 
14.62854, gen, horse
14.62854, Juicehead14, AI
14.64851, Foe4, shoot, Lush7, False
14.72851, Foe4, shoot, Player, False
15.03289, Drunkard11, deleted 
15.03289, gen, shield
15.03289, Drunkard15, AI
15.24851, Foe4, shoot, Lush7, False
15.28851, Adjuster8, shoot, Adjuster8, False
15.38851, Lush7, get, coin_v_1
15.82851, Coward1, shoot, Coward1, False
16.02851, Player, shoot, Adjuster8, False
16.28851, Adjuster8, shoot, Player, False
16.36851, Foe4, shoot, Foe4, False
16.50851, Betrayal12, get, coin_v_1
16.64851, Betrayal12, shoot, Alcoholic13, False
16.68851, Coward1, shoot, Coward1, False
16.86851, Adjuster8, shoot, Lush7, False
16.98851, Bongfu9, get, coin_v_1
17.56851, Adjuster8, shoot, Foe4, False
17.63278, Juicehead14, deleted 
17.63278, gen, horse
17.63278, Juicehead16, AI
18.22851, Coward1, shoot, Coward1, False
18.30851, Bongfu9, shoot, Coward1, False
18.36851, Lush7, shoot, Lush7, False
18.83186, Drunkard15, deleted 
18.83186, gen, shield
18.83186, Drunkard17, AI
19.22851, Foe4, shoot, Foe4, False
19.82851, Coward1, shoot, Foe4, False
20.00851, Player, shoot, Foe4, True
20.00851, gen, horse
20.00868, Foe18, AI
20.66851, Foe4, shoot, Player, False
20.80851, Adjuster8, shoot, Player, False
20.86851, Adjuster8, shoot, Adjuster8, False
20.94897, Juicehead16, deleted 
20.94897, gen, horse
20.94897, Juicehead19, AI
21.82851, Foe18, get, coin_v_1
22.06851, Drunkard17, get, horse
22.12856, Drunkard17, deleted 
22.12856, gen, shield
22.12856, Drunkard20, AI
22.1886, Coward1, deleted 
22.1886, gen, shield
22.1886, Coward21, AI
22.34863, Lush7, deleted 
22.34863, gen, shield
22.34863, Lush22, AI
23.54966, Bongfu9, deleted 
23.54966, gen, horse
23.54966, Bongfu23, AI
24.04962, Alcoholic13, deleted 
24.04962, gen, horse
24.04962, Alcoholic24, AI
24.06851, Adjuster8, shoot, Lush22, False
24.20851, Bongfu23, shoot, Lush22, False
24.62886, Juicehead19, deleted 
24.62886, gen, shield
24.62886, Juicehead25, AI
24.96851, Lush22, shoot, Bongfu23, False
25.70851, Drunkard20, get, shield
25.79128, Drunkard20, deleted 
25.79128, gen, horse
25.79128, Drunkard26, AI
26.10851, Alcoholic24, shoot, Bongfu23, False
26.70851, Betrayal12, get, coin_v_1
27.12851, Foe18, shoot, Foe18, False
27.86851, Adjuster8, shoot, Juicehead25, False
27.88851, Juicehead25, get, shield
27.90981, Juicehead25, deleted 
27.90981, gen, shield
27.90981, Juicehead27, AI
27.94851, Player, shoot, Alcoholic24, False
28.32851, Foe18, shoot, Foe18, False
28.62851, Foe18, shoot, Foe18, False
28.86851, Alcoholic24, get, coin_v_1
29.24851, Adjuster8, shoot, Player, False
29.30851, Adjuster8, shoot, Foe18, False
29.58851, Lush22, shoot, Lush22, False
29.78851, Adjuster8, shoot, Foe18, False
30.34851, Foe18, shoot, Adjuster8, False
30.3491, Coward21, deleted 
30.3491, gen, horse
30.3491, Coward28, AI
30.42851, Lush22, shoot, Lush22, False
30.72851, Lush22, shoot, Lush22, False
30.84851, Player, shoot, Foe18, False
30.94851, Coward28, shoot, Betrayal12, False
31.10851, Juicehead27, get, shield
31.19262, Juicehead27, deleted 
31.19262, gen, horse
31.19262, Juicehead29, AI
31.24851, Bongfu23, shoot, Alcoholic24, False
31.72851, Lush22, shoot, Player, False
31.88851, Adjuster8, shoot, Player, False
32.00851, Adjuster8, shoot, Adjuster8, True
32.00851, gen, shield
32.0108, Adjuster30, AI
32.26851, Adjuster8, shoot, Player, False
32.36852, Betrayal12, get, coin_v_1
32.54852, Lush22, shoot, Lush22, False
33.26851, Foe18, shoot, Foe18, False
33.72851, Lush22, get, coin_v_1
34.08851, Adjuster8, shoot, Drunkard26, False
34.38851, Juicehead29, get, horse
34.44851, Bongfu23, shoot, Foe18, False
34.45248, Juicehead29, deleted 
34.45248, gen, shield
34.45248, Juicehead31, AI
34.56851, Foe18, shoot, Player, True
Normal Close
