Game Time: 2022/3/1 16:44:38
Version: 1.0.0.2 with bullet collision times = 2
0, Player, player
0, Player, get, initialShield
0, Coward1, AI
0, Betrayal2, AI
0, Drunkard3, AI
0, Foe4, AI
0, Juicehead5, AI
0, Alcoholic6, AI
0, Lush7, AI
0, Adjuster8, AI
0, Bongfu9, AI
1.591245, Bongfu9, get, coin_v_1
2.231245, Adjuster8, shoot, Adjuster8, False
2.371245, Alcoholic6, get, coin_v_1
2.431245, Bongfu9, get, coin_v_1
2.631245, Juicehead5, get, coin_v_1
3.611245, Bongfu9, shoot, Foe4, False
3.611245, Foe4, shoot, Bongfu9, False
3.771245, Adjuster8, shoot, Player, False
3.931245, Coward1, get, coin_v_1
4.115271, Lush7, deleted 
4.115271, gen, horse
4.115271, Lush10, AI
4.291245, Lush10, shoot, Lush10, False
4.571245, Betrayal2, get, coin_v_1
4.931245, Lush10, shoot, Lush10, False
6.031245, Coward1, shoot, Coward1, False
6.251245, Foe4, get, coin_v_1
6.351245, Alcoholic6, get, coin_v_1
7.091245, Bongfu9, get, coin_v_1
7.091245, Drunkard3, shoot, Alcoholic6, False
7.331245, Alcoholic6, get, coin_v_1
7.351245, Player, shoot, Adjuster8, False
7.431245, Betrayal2, get, coin_v_1
7.991245, Adjuster8, get, coin_v_1
8.271245, Coward1, shoot, Coward1, False
9.497107, Alcoholic6, deleted 
9.497107, gen, shield
9.497107, Alcoholic11, AI
9.871245, Lush10, shoot, Drunkard3, False
10.49125, Player, shoot, Adjuster8, False
10.91606, Drunkard3, deleted 
10.91606, gen, shield
10.91606, Drunkard12, AI
11.19125, Foe4, shoot, Foe4, False
11.87458, Lush10, deleted 
11.87458, gen, horse
11.87458, Lush13, AI
12.31201, Alcoholic11, deleted 
12.31201, gen, horse
12.31201, Alcoholic14, AI
12.65125, Alcoholic14, shoot, Lush13, False
12.79125, Drunkard12, shoot, Juicehead5, False
14.31124, Foe4, shoot, Foe4, False
14.35124, Lush13, shoot, Lush13, False
14.39124, Adjuster8, shoot, Adjuster8, False
14.53125, Foe4, shoot, Foe4, False
14.73125, Adjuster8, shoot, Foe4, False
15.29221, Betrayal2, deleted 
15.29221, gen, horse
15.29221, Betrayal15, AI
15.49125, Bongfu9, get, coin_v_1
15.53125, Bongfu9, shoot, Betrayal15, False
15.89124, Bongfu9, get, coin_v_1
15.89124, Juicehead5, get, coin_v_1
16.35125, Adjuster8, shoot, Coward1, False
17.15125, Adjuster8, shoot, Drunkard12, False
17.29124, Coward1, shoot, Player, False
17.31124, Lush13, shoot, Bongfu9, False
17.45124, Coward1, shoot, Alcoholic14, False
17.71124, Player, shoot, Foe4, False
18.13124, Coward1, shoot, Coward1, False
18.15125, Drunkard12, get, coin_v_1
18.19124, Juicehead5, get, coin_v_1
18.89124, Coward1, shoot, Coward1, False
19.27125, Player, shoot, Foe4, False
20.99418, Juicehead5, deleted 
20.99418, gen, shield
20.99418, Juicehead16, AI
21.05124, Foe4, shoot, Drunkard12, False
21.09125, Player, shoot, Foe4, False
21.75125, Foe4, shoot, Player, False
21.79402, Bongfu9, deleted 
21.79402, gen, shield
21.79402, Bongfu17, AI
21.81124, Betrayal15, shoot, Betrayal15, False
22.25504, Drunkard12, deleted 
22.25504, gen, horse
22.25504, Drunkard18, AI
22.33125, Foe4, shoot, Player, False
23.41125, Bongfu17, shoot, Drunkard18, False
23.79124, Coward1, shoot, Alcoholic14, False
24.19124, Foe4, shoot, Adjuster8, False
24.21124, Juicehead16, get, coin_v_1
24.91125, Foe4, shoot, Player, False
24.91125, Player, shoot, Foe4, False
25.01125, Coward1, shoot, Alcoholic14, False
25.23125, Bongfu17, shoot, Drunkard18, False
25.25125, Player, shoot, Foe4, False
25.27124, Lush13, get, coin_v_1
25.81124, Adjuster8, shoot, Player, False
26.37124, Alcoholic14, get, coin_v_1
27.05124, Foe4, shoot, Foe4, True
27.05124, gen, horse
27.05638, Foe19, AI
27.45124, Betrayal15, get, coin_v_1
28.27124, Adjuster8, shoot, Adjuster8, False
28.39124, Betrayal15, get, coin_v_1
28.65125, Betrayal15, get, coin_v_1
28.87124, Adjuster8, get, coin_v_1
28.99125, Adjuster8, shoot, Adjuster8, False
29.01125, Lush13, get, coin_v_1
29.17125, Player, shoot, Drunkard18, False
29.55464, Coward1, deleted 
29.55464, gen, shield
29.55464, Coward20, AI
29.89124, Juicehead16, shoot, Drunkard18, False
29.93124, Bongfu17, get, horse
30.75125, Bongfu17, shoot, Bongfu17, False
30.85124, Adjuster8, shoot, Bongfu17, False
30.95124, Player, shoot, Adjuster8, False
31.35124, Bongfu17, shoot, Bongfu17, False
31.57125, Betrayal15, get, coin_v_1
32.51125, Adjuster8, shoot, Adjuster8, False
32.63124, Bongfu17, shoot, Bongfu17, False
32.87125, Juicehead16, shoot, Juicehead16, False
32.97124, Betrayal15, shoot, Juicehead16, False
34.03125, Adjuster8, shoot, Adjuster8, False
34.29124, Lush13, get, coin_v_1
34.31124, Bongfu17, get, coin_v_1
35.15125, Adjuster8, shoot, Juicehead16, False
35.17125, Drunkard18, get, shield
35.33523, Drunkard18, deleted 
35.33523, gen, shield
35.33523, Drunkard21, AI
35.51125, Adjuster8, shoot, Adjuster8, True
35.51125, gen, horse
35.51487, Adjuster22, AI
35.97124, Adjuster22, get, coin_v_1
36.13124, Lush13, get, coin_v_1
36.23124, Coward20, shoot, Coward20, False
36.57124, Bongfu17, get, coin_v_1
37.07124, Drunkard21, get, coin_v_1
37.63124, Bongfu17, shoot, Bongfu17, False
37.93124, Bongfu17, shoot, Bongfu17, False
37.95124, Player, shoot, Foe19, False
38.47124, Foe19, shoot, Foe19, False
38.73124, Drunkard21, shoot, Drunkard21, False
39.29124, Drunkard21, shoot, Drunkard21, False
39.31124, Alcoholic14, get, coin_v_1
40.15125, Adjuster22, shoot, Player, False
40.71124, Lush13, shoot, Drunkard21, False
40.99348, Coward20, deleted 
40.99348, gen, horse
40.99348, Coward23, AI
41.09124, Drunkard21, shoot, Drunkard21, False
41.23124, Juicehead16, shoot, Juicehead16, False
41.47124, Bongfu17, get, coin_v_1
41.51125, Adjuster22, shoot, Player, False
41.85125, Juicehead16, get, coin_v_1
42.31124, Bongfu17, get, coin_v_1
42.41124, Drunkard21, shoot, Coward23, False
43.39124, Adjuster22, shoot, Foe19, False
43.41124, Player, shoot, Adjuster22, False
44.01125, Player, shoot, Alcoholic14, False
44.23124, Bongfu17, get, coin_v_1
44.29124, Bongfu17, shoot, Betrayal15, False
44.41124, Drunkard21, shoot, Coward23, False
44.41124, Player, shoot, Bongfu17, False
44.81124, Coward23, shoot, Coward23, False
45.19593, Juicehead16, deleted 
45.19593, gen, horse
45.19593, Juicehead24, AI
45.23124, Player, shoot, Foe19, False
46.57124, Lush13, get, coin_v_1
46.63124, Foe19, shoot, Adjuster22, False
46.97124, Adjuster22, shoot, Adjuster22, False
47.01125, Betrayal15, get, coin_v_1
47.07124, Player, shoot, Foe19, False
47.11124, Drunkard21, shoot, Coward23, False
47.77124, Bongfu17, shoot, Bongfu17, False
47.91124, Coward23, shoot, Player, False
48.47124, Betrayal15, shoot, Betrayal15, False
48.61124, Player, shoot, Player, False
48.85125, Player, shoot, Foe19, False
49.19125, Coward23, shoot, Player, False
49.22537, Juicehead24, deleted 
49.22537, gen, shield
49.22537, Juicehead25, AI
49.95124, Player, shoot, Adjuster22, False
49.97124, Adjuster22, shoot, Foe19, False
50.01275, Alcoholic14, deleted 
50.01275, gen, horse
50.01275, Alcoholic26, AI
50.05124, Player, shoot, Coward23, False
50.31124, Coward23, shoot, Player, True
Normal Close
