Game Time: 2022/3/1 18:03:17
Version: 1.0.0.2 with bullet collision times = 2
0, Player, player
0, Player, get, initialShield
0, Coward1, AI
0, Betrayal2, AI
0, Drunkard3, AI
0, Foe4, AI
0, Juicehead5, AI
0, Alcoholic6, AI
0, Lush7, AI
0, Adjuster8, AI
0, Bongfu9, AI
1.210776, Alcoholic6, shoot, Betrayal2, False
1.510776, Bongfu9, get, coin_v_1
1.670776, Lush7, get, coin_v_1
1.810776, Betrayal2, get, coin_v_1
1.930776, Alcoholic6, shoot, Alcoholic6, False
2.370776, Bongfu9, get, coin_v_1
3.170776, Juicehead5, get, coin_v_1
3.370776, Juicehead5, get, coin_v_1
3.610776, Adjuster8, shoot, Foe4, False
3.750776, Drunkard3, get, coin_v_1
4.450776, Drunkard3, get, coin_v_1
4.450776, Coward1, shoot, Bongfu9, False
4.470776, Coward1, shoot, Juicehead5, False
4.490776, Juicehead5, shoot, Adjuster8, False
4.710776, Drunkard3, shoot, Bongfu9, False
4.810776, Foe4, shoot, Player, False
4.950776, Betrayal2, get, coin_v_1
5.410776, Foe4, shoot, Player, False
5.430776, Lush7, shoot, Alcoholic6, False
5.670776, Adjuster8, shoot, Juicehead5, False
6.610776, Foe4, shoot, Player, False
6.610776, Adjuster8, shoot, Foe4, False
7.570776, Juicehead5, shoot, Player, False
8.110776, Lush7, get, coin_v_1
8.830775, Bongfu9, shoot, Bongfu9, False
8.910776, Juicehead5, shoot, Foe4, False
9.010776, Foe4, shoot, Player, False
9.010776, Player, shoot, Foe4, False
9.010776, Player, shoot, Foe4, False
9.010776, Player, shoot, Foe4, False
9.030776, Alcoholic6, shoot, Lush7, False
9.130775, Bongfu9, shoot, Bongfu9, False
9.830775, Coward1, get, coin_v_1
10.69078, Bongfu9, shoot, Bongfu9, False
11.07078, Bongfu9, get, coin_v_1
12.11078, Juicehead5, shoot, Adjuster8, False
12.15078, Player, shoot, Player, False
12.31078, Foe4, shoot, Player, False
12.55504, Lush7, deleted 
12.55504, gen, shield
12.55504, Lush10, AI
12.71078, Bongfu9, shoot, Bongfu9, False
12.83078, Lush10, get, coin_v_1
12.83078, Player, shoot, Adjuster8, False
13.03078, Juicehead5, shoot, Player, False
13.17489, Alcoholic6, deleted 
13.17489, gen, horse
13.17489, Alcoholic11, AI
13.31078, Foe4, get, coin_v_1
13.49078, Foe4, shoot, Foe4, False
13.59078, Bongfu9, get, coin_v_1
13.79078, Player, shoot, Player, False
13.99078, Player, shoot, Juicehead5, False
14.07078, Player, shoot, Adjuster8, False
14.57078, Foe4, shoot, Juicehead5, False
14.93078, Player, shoot, Foe4, False
15.09336, Betrayal2, deleted 
15.09336, gen, horse
15.09336, Betrayal12, AI
15.11078, Coward1, shoot, Coward1, False
15.19078, Adjuster8, shoot, Juicehead5, False
15.61078, Foe4, shoot, Adjuster8, False
16.33078, Coward1, shoot, Coward1, False
16.75078, Adjuster8, shoot, Adjuster8, False
16.75078, Adjuster8, shoot, Player, True
Normal Close
