Game Time: 2022/3/1 16:43:48
Version: 1.0.0.2 with bullet collision times = 2
0, Player, player
0, Player, get, initialShield
0, Coward1, AI
0, Betrayal2, AI
0, Drunkard3, AI
0, Foe4, AI
0, Juicehead5, AI
0, Alcoholic6, AI
0, Lush7, AI
0, Adjuster8, AI
0, Bongfu9, AI
1.558088, Bongfu9, get, coin_v_1
1.958088, Alcoholic6, shoot, Alcoholic6, False
2.418088, Bongfu9, get, coin_v_1
3.158088, Alcoholic6, shoot, Betrayal2, False
3.638088, Drunkard3, get, coin_v_1
3.758088, Juicehead5, get, coin_v_1
4.138088, Betrayal2, shoot, Drunkard3, False
4.258088, Juicehead5, shoot, Bongfu9, False
4.298088, Drunkard3, get, coin_v_1
4.300825, Lush7, deleted 
4.300825, gen, horse
4.300825, Lush10, AI
4.318088, Juicehead5, shoot, Lush10, False
4.978088, Alcoholic6, get, coin_v_1
5.018088, Bongfu9, shoot, Betrayal2, False
5.078088, Coward1, shoot, Player, False
5.118088, Betrayal2, shoot, Bongfu9, False
5.518088, Adjuster8, shoot, Adjuster8, False
5.918088, Bongfu9, shoot, Juicehead5, False
6.138088, Betrayal2, get, coin_v_1
6.338088, Betrayal2, get, coin_v_1
6.458088, Alcoholic6, shoot, Drunkard3, False
6.478088, Betrayal2, shoot, Betrayal2, False
6.558088, Betrayal2, shoot, Betrayal2, False
6.918088, Drunkard3, get, coin_v_1
6.938088, Adjuster8, shoot, Player, False
7.444872, Lush10, deleted 
7.444872, gen, horse
7.444872, Lush11, AI
7.918088, Juicehead5, shoot, Juicehead5, False
7.998088, Lush11, get, coin_v_1
8.478088, Bongfu9, get, coin_v_1
8.838088, Juicehead5, shoot, Juicehead5, False
8.898088, Bongfu9, shoot, Bongfu9, False
9.138088, Juicehead5, shoot, Juicehead5, False
10.07809, Betrayal2, get, coin_v_1
10.51809, Player, shoot, Adjuster8, False
10.69956, Lush11, deleted 
10.69956, gen, shield
10.69956, Lush12, AI
10.81809, Adjuster8, shoot, Player, False
10.81809, Player, shoot, Adjuster8, False
10.85809, Coward1, get, shield
10.91969, Coward1, deleted 
10.91969, gen, shield
10.91969, Coward13, AI
10.97809, Bongfu9, shoot, Foe4, False
11.09809, Coward13, shoot, Lush12, False
11.83809, Lush12, get, coin_v_1
12.05809, Player, shoot, Alcoholic6, False
12.59809, Player, shoot, Adjuster8, False
12.65809, Foe4, get, coin_v_1
12.77809, Coward13, shoot, Lush12, False
12.81809, Player, shoot, Adjuster8, False
12.93809, Adjuster8, shoot, Player, False
13.25809, Foe4, shoot, Bongfu9, False
13.41809, Adjuster8, shoot, Adjuster8, False
13.95809, Lush12, get, shield
14.12118, Lush12, deleted 
14.12118, gen, horse
14.12118, Lush14, AI
14.23809, Bongfu9, shoot, Bongfu9, False
14.25809, Coward13, get, horse
14.34174, Coward13, deleted 
14.34174, gen, shield
14.34174, Coward15, AI
14.52186, Alcoholic6, deleted 
14.52186, gen, shield
14.52186, Alcoholic16, AI
14.53809, Juicehead5, shoot, Juicehead5, False
14.57809, Coward15, shoot, Lush14, False
14.83809, Adjuster8, shoot, Foe4, False
15.03809, Player, shoot, Foe4, False
15.03809, Foe4, shoot, Player, False
15.09809, Bongfu9, shoot, Drunkard3, False
15.19809, Juicehead5, shoot, Juicehead5, False
15.55809, Juicehead5, shoot, Foe4, False
15.99809, Bongfu9, get, coin_v_1
16.31809, Juicehead5, shoot, Juicehead5, False
16.37809, Coward15, shoot, Lush14, False
16.39809, Bongfu9, shoot, Drunkard3, False
16.43809, Drunkard3, shoot, Bongfu9, False
16.93809, Juicehead5, shoot, Juicehead5, False
17.09809, Player, shoot, Foe4, False
17.49809, Lush14, get, shield
17.56049, Lush14, deleted 
17.56049, gen, horse
17.56049, Lush17, AI
17.69809, Coward15, get, horse
17.71809, Player, shoot, Foe4, False
17.74255, Coward15, deleted 
17.74255, gen, shield
17.74255, Coward18, AI
17.83809, Juicehead5, shoot, Juicehead5, False
17.85809, Bongfu9, shoot, Bongfu9, False
18.11809, Juicehead5, shoot, Juicehead5, True
18.11809, gen, shield
18.12159, Juicehead19, AI
18.37974, Alcoholic16, deleted 
18.37974, gen, shield
18.37974, Alcoholic20, AI
18.39809, Player, shoot, Foe4, False
18.58158, Betrayal2, deleted 
18.58158, gen, horse
18.58158, Betrayal21, AI
18.59809, Bongfu9, get, coin_v_1
18.63809, Betrayal21, shoot, Alcoholic20, False
18.77809, Alcoholic20, shoot, Alcoholic20, False
18.79809, Drunkard3, shoot, Drunkard3, False
18.85809, Juicehead5, shoot, Foe4, False
19.89809, Bongfu9, get, coin_v_1
20.13809, Adjuster8, shoot, Foe4, False
20.17809, Foe4, shoot, Player, False
20.89809, Lush17, get, shield
20.93809, Juicehead19, shoot, Juicehead19, False
20.93949, Lush17, deleted 
20.93949, gen, shield
20.93949, Lush22, AI
21.23809, Juicehead19, shoot, Juicehead19, False
21.44272, Coward18, deleted 
21.44272, gen, shield
21.44272, Coward23, AI
21.65809, Adjuster8, shoot, Player, False
22.04104, Alcoholic20, deleted 
22.04104, gen, horse
22.04104, Alcoholic24, AI
22.25809, Adjuster8, shoot, Adjuster8, False
22.37809, Alcoholic24, shoot, Alcoholic24, False
22.45809, Player, shoot, Foe4, True
22.45809, gen, shield
22.46097, Foe25, AI
22.57809, Player, shoot, Bongfu9, False
23.69809, Alcoholic24, shoot, Coward23, False
23.75809, Drunkard3, get, coin_v_1
23.95809, Bongfu9, shoot, Lush22, False
24.03809, Player, shoot, Juicehead19, False
24.14006, Betrayal21, deleted 
24.14006, gen, horse
24.14006, Betrayal26, AI
24.31809, Alcoholic24, shoot, Coward23, False
24.73809, Coward23, get, shield
24.8597, Coward23, deleted 
24.8597, gen, shield
24.8597, Coward27, AI
24.87809, Juicehead19, get, shield
24.87809, Adjuster8, shoot, Bongfu9, False
24.93809, Adjuster8, get, shield
25.05809, Drunkard3, shoot, Drunkard3, False
25.07809, Lush22, shoot, Lush22, False
25.46059, Alcoholic24, deleted 
25.46059, gen, shield
25.46059, Alcoholic28, AI
25.49809, Drunkard3, shoot, Drunkard3, False
25.93809, Lush22, shoot, Lush22, False
26.03809, Bongfu9, shoot, Betrayal26, False
26.19809, Alcoholic28, shoot, Coward27, False
26.21809, Betrayal26, get, coin_v_1
26.27809, Player, shoot, Player, False
26.31809, Lush22, shoot, Lush22, False
26.55809, Adjuster8, get, coin_v_1
26.77809, Juicehead19, get, coin_v_1
27.03809, Foe25, shoot, Player, False
27.09809, Adjuster8, shoot, Bongfu9, True
27.09809, gen, shield
27.09856, Bongfu29, AI
27.67809, Bongfu29, get, coin_v_1
27.77809, Bongfu29, get, coin_v_1
27.79809, Adjuster8, shoot, Drunkard3, False
28.11809, Adjuster8, shoot, Player, True
Normal Close
