Game Time: 2022/3/1 16:53:35
Version: 1.0.0.2 with bullet collision times = 2
0, Player, player
0, Player, get, initialShield
0, Coward1, AI
0, Betrayal2, AI
0, Drunkard3, AI
0, Foe4, AI
0, Juicehead5, AI
0, Alcoholic6, AI
0, Lush7, AI
0, Adjuster8, AI
0, Bongfu9, AI
0.5740575, Foe4, get, coin_v_1
0.8140575, Alcoholic6, get, coin_v_1
1.054057, Drunkard3, get, coin_v_1
1.214057, Alcoholic6, shoot, Betrayal2, False
1.394057, Bongfu9, get, coin_v_1
1.974057, Alcoholic6, shoot, Alcoholic6, False
2.074057, Foe4, get, coin_v_1
2.234057, Bongfu9, get, coin_v_1
3.454057, Juicehead5, get, coin_v_1
3.754057, Drunkard3, get, coin_v_1
3.994057, Bongfu9, shoot, Adjuster8, False
4.434057, Drunkard3, get, coin_v_1
4.794057, Drunkard3, shoot, Bongfu9, False
4.814057, Adjuster8, shoot, Drunkard3, False
5.414057, Adjuster8, shoot, Drunkard3, False
5.414057, Drunkard3, shoot, Adjuster8, False
5.434057, Coward1, get, coin_v_1
5.774057, Player, shoot, Adjuster8, False
6.294057, Coward1, get, coin_v_1
6.534057, Bongfu9, get, coin_v_1
6.974057, Alcoholic6, get, coin_v_1
7.234057, Player, shoot, Foe4, False
7.394057, Drunkard3, shoot, Alcoholic6, False
7.514057, Adjuster8, shoot, Foe4, False
7.534057, Drunkard3, shoot, Alcoholic6, False
7.934057, Adjuster8, shoot, Adjuster8, False
8.094057, Juicehead5, get, coin_v_1
9.295332, Coward1, deleted 
9.295332, gen, horse
9.295332, Coward10, AI
9.514057, Adjuster8, shoot, Foe4, False
9.557873, Bongfu9, deleted 
9.557873, gen, shield
9.557873, Bongfu11, AI
9.654058, Foe4, shoot, Lush7, False
9.674057, Juicehead5, get, coin_v_1
9.974057, Lush7, shoot, Lush7, False
10.93406, Foe4, shoot, Player, False
10.95406, Juicehead5, shoot, Juicehead5, False
11.05406, Foe4, shoot, Adjuster8, False
11.19406, Adjuster8, shoot, Coward10, False
11.21406, Adjuster8, shoot, Player, False
11.53406, Player, shoot, Adjuster8, False
12.41406, Juicehead5, get, coin_v_1
12.43406, Alcoholic6, shoot, Betrayal2, False
12.61801, Bongfu11, deleted 
12.61801, gen, shield
12.61801, Bongfu12, AI
12.71652, Drunkard3, deleted 
12.71652, gen, shield
12.71652, Drunkard13, AI
12.75406, Drunkard13, shoot, Bongfu12, False
12.77406, Adjuster8, shoot, Player, False
12.89406, Lush7, shoot, Lush7, False
12.91406, Foe4, shoot, Adjuster8, False
14.23406, Lush7, shoot, Lush7, False
14.31406, Player, shoot, Adjuster8, False
14.53406, Lush7, shoot, Lush7, False
14.59406, Adjuster8, shoot, Foe4, False
15.01406, Adjuster8, shoot, Player, False
15.01406, Player, shoot, Adjuster8, False
15.79481, Bongfu12, deleted 
15.79481, gen, horse
15.79481, Bongfu14, AI
15.95548, Coward10, deleted 
15.95548, gen, shield
15.95548, Coward15, AI
16.25406, Foe4, shoot, Player, False
16.25406, Foe4, shoot, Player, False
16.31406, Bongfu14, shoot, Bongfu14, False
16.35406, Coward15, shoot, Coward15, False
16.35486, Alcoholic6, deleted 
16.35486, gen, horse
16.35486, Alcoholic16, AI
16.51406, Lush7, shoot, Lush7, False
16.57406, Player, shoot, Player, False
16.83726, Drunkard13, deleted 
16.83726, gen, horse
16.83726, Drunkard17, AI
17.07406, Coward15, get, coin_v_1
17.19406, Player, shoot, Player, False
17.41406, Adjuster8, shoot, Player, False
17.41406, Adjuster8, shoot, Player, True
17.41406, Player, shoot, Adjuster8, True
17.41406, gen, shield
Normal Close
