Game Time: 2022/3/1 17:45:08
Version: 1.0.0.2 with bullet collision times = 2
0, Player, player
0, Player, get, initialShield
0, Coward1, AI
0, Betrayal2, AI
0, Drunkard3, AI
0, Foe4, AI
0, Juicehead5, AI
0, Alcoholic6, AI
0, Lush7, AI
0, Adjuster8, AI
0, Bongfu9, AI
1.174089, Betrayal2, get, coin_v_1
1.574089, Bongfu9, get, coin_v_1
1.914089, Lush7, shoot, Lush7, False
1.914089, Alcoholic6, shoot, Alcoholic6, False
2.434089, Bongfu9, get, coin_v_1
2.674089, Lush7, get, coin_v_1
2.734089, Coward1, get, coin_v_1
2.894089, Betrayal2, shoot, Betrayal2, False
3.654089, Coward1, get, coin_v_1
3.674089, Foe4, shoot, Adjuster8, False
3.774089, Adjuster8, shoot, Bongfu9, False
3.97536, Juicehead5, deleted 
3.97536, gen, shield
3.97536, Juicehead10, AI
4.234089, Juicehead10, get, coin_v_1
4.394089, Juicehead10, shoot, Juicehead10, False
4.454089, Alcoholic6, shoot, Lush7, False
4.47409, Juicehead10, get, coin_v_1
4.57409, Betrayal2, shoot, Lush7, False
5.414089, Betrayal2, shoot, Betrayal2, False
5.53409, Foe4, shoot, Foe4, False
5.55409, Drunkard3, get, coin_v_1
5.694089, Lush7, shoot, Lush7, False
5.834089, Alcoholic6, get, coin_v_1
6.114089, Betrayal2, shoot, Betrayal2, False
6.214089, Coward1, get, coin_v_1
6.254089, Betrayal2, shoot, Bongfu9, False
6.734089, Alcoholic6, shoot, Alcoholic6, False
6.974089, Bongfu9, get, coin_v_1
6.974089, Drunkard3, shoot, Alcoholic6, False
7.07409, Lush7, get, coin_v_1
7.314089, Player, shoot, Adjuster8, False
7.454089, Adjuster8, shoot, Foe4, False
7.474089, Lush7, shoot, Lush7, False
7.814089, Adjuster8, shoot, Player, False
8.134089, Lush7, shoot, Juicehead10, False
8.774089, Lush7, get, coin_v_1
8.874089, Lush7, shoot, Lush7, False
8.954089, Bongfu9, shoot, Bongfu9, False
8.994089, Adjuster8, shoot, Foe4, False
9.134089, Bongfu9, shoot, Bongfu9, False
10.09409, Betrayal2, get, coin_v_1
10.73449, Drunkard3, deleted 
10.73449, gen, horse
10.73449, Drunkard11, AI
10.79443, Alcoholic6, deleted 
10.79443, gen, shield
10.79443, Alcoholic12, AI
10.81409, Alcoholic12, shoot, Drunkard11, False
10.89409, Juicehead10, get, coin_v_1
11.25409, Bongfu9, shoot, Bongfu9, False
11.53409, Drunkard11, get, coin_v_1
11.59409, Bongfu9, shoot, Drunkard11, False
12.05409, Player, shoot, Adjuster8, False
12.17797, Coward1, deleted 
12.17797, gen, horse
12.17797, Coward13, AI
12.21409, Bongfu9, get, coin_v_1
13.27409, Foe4, shoot, Player, False
13.71745, Drunkard11, deleted 
13.71745, gen, horse
13.71745, Drunkard14, AI
14.21831, Alcoholic12, deleted 
14.21831, gen, horse
14.21831, Alcoholic15, AI
14.33409, Juicehead10, shoot, Adjuster8, False
14.53409, Drunkard14, shoot, Drunkard14, False
14.55409, Alcoholic15, shoot, Drunkard14, False
14.55867, Lush7, deleted 
14.55867, gen, shield
14.55867, Lush16, AI
14.57501, Bongfu9, deleted 
14.57501, gen, horse
14.57501, Bongfu17, AI
14.59409, Bongfu17, shoot, Lush16, False
14.59409, Lush16, shoot, Bongfu17, False
14.85681, Betrayal2, deleted 
14.85681, gen, shield
14.85681, Betrayal18, AI
14.87409, Betrayal18, shoot, Bongfu17, False
15.01409, Adjuster8, shoot, Player, False
15.03409, Drunkard14, shoot, Alcoholic15, False
15.17409, Betrayal18, get, coin_v_1
15.55409, Player, shoot, Foe4, False
15.65409, Bongfu17, shoot, Coward13, False
15.71409, Lush16, shoot, Drunkard14, False
16.01409, Player, shoot, Player, False
16.21409, Foe4, shoot, Player, False
16.21409, Foe4, shoot, Player, False
16.21409, Foe4, shoot, Player, False
16.33409, Player, shoot, Player, False
16.61409, Drunkard14, get, coin_v_1
16.63409, Foe4, shoot, Player, False
17.53409, Player, shoot, Player, True
Normal Close
