Game Time: 2022/3/1 17:41:32
Version: 1.0.0.2 with bullet collision times = 2
0, Player, player
0, Player, get, initialShield
0, Coward1, AI
0, Betrayal2, AI
0, Drunkard3, AI
0, Foe4, AI
0, Juicehead5, AI
0, Alcoholic6, AI
0, Lush7, AI
0, Adjuster8, AI
0, Bongfu9, AI
0.3811189, Drunkard3, shoot, Drunkard3, False
1.321119, Bongfu9, get, coin_v_1
2.181119, Bongfu9, get, coin_v_1
2.321119, Alcoholic6, get, coin_v_1
2.321119, Betrayal2, get, coin_v_1
2.501119, Coward1, get, coin_v_1
3.181119, Juicehead5, get, coin_v_1
3.361119, Juicehead5, get, coin_v_1
3.581119, Juicehead5, shoot, Player, False
3.601119, Adjuster8, shoot, Bongfu9, False
3.681119, Drunkard3, get, coin_v_1
4.323932, Lush7, deleted 
4.323932, gen, shield
4.323932, Lush10, AI
5.64308, Betrayal2, deleted 
5.64308, gen, horse
5.64308, Betrayal11, AI
6.021119, Bongfu9, get, coin_v_1
6.261119, Alcoholic6, get, coin_v_1
6.801119, Foe4, shoot, Betrayal11, False
7.50339, Lush10, deleted 
7.50339, gen, shield
7.50339, Lush12, AI
8.281118, Lush12, get, coin_v_1
9.221186, Alcoholic6, deleted 
9.221186, gen, horse
9.221186, Alcoholic13, AI
9.661119, Alcoholic13, shoot, Alcoholic13, False
9.741648, Coward1, deleted 
9.741648, gen, shield
9.741648, Coward14, AI
10.20112, Betrayal11, shoot, Adjuster8, False
10.32112, Player, shoot, Betrayal11, False
10.54112, Betrayal11, shoot, Player, False
10.54632, Drunkard3, deleted 
10.54632, gen, shield
10.54632, Drunkard15, AI
10.80112, Adjuster8, shoot, Betrayal11, False
10.90182, Lush12, deleted 
10.90182, gen, shield
10.90182, Lush16, AI
10.96112, Player, shoot, Foe4, False
11.10112, Drunkard15, get, coin_v_1
12.04112, Adjuster8, shoot, Player, False
12.18112, Bongfu9, shoot, Bongfu9, False
12.50112, Betrayal11, get, coin_v_1
12.60112, Adjuster8, shoot, Player, False
13.04112, Foe4, shoot, Bongfu9, False
13.12112, Betrayal11, get, coin_v_1
13.66112, Player, shoot, Foe4, False
13.80112, Betrayal11, get, coin_v_1
14.02215, Drunkard15, deleted 
14.02215, gen, horse
14.02215, Drunkard17, AI
14.20112, Bongfu9, shoot, Bongfu9, False
14.22112, Lush16, get, shield
14.34112, Foe4, shoot, Alcoholic13, False
14.98253, Lush16, deleted 
14.98253, gen, shield
14.98253, Lush18, AI
15.12112, Bongfu9, shoot, Bongfu9, False
15.12112, Player, shoot, Adjuster8, False
15.24112, Foe4, shoot, Adjuster8, False
15.72112, Coward14, get, coin_v_1
15.88266, Alcoholic13, deleted 
15.88266, gen, shield
15.88266, Alcoholic19, AI
16.22112, Adjuster8, get, coin_v_1
16.24112, Player, shoot, Alcoholic19, False
16.30112, Bongfu9, shoot, Bongfu9, False
16.50112, Foe4, shoot, Lush18, False
16.52444, Betrayal11, deleted 
16.52444, gen, shield
16.52444, Betrayal20, AI
16.56114, Juicehead5, deleted 
16.56114, gen, horse
16.56114, Juicehead21, AI
16.58112, Juicehead21, shoot, Betrayal20, False
16.68112, Betrayal20, get, coin_v_1
16.94112, Coward14, get, coin_v_1
17.12112, Coward14, get, coin_v_1
17.52212, Drunkard17, deleted 
17.52212, gen, horse
17.52212, Drunkard22, AI
17.58112, Foe4, shoot, Betrayal20, False
17.90112, Adjuster8, shoot, Foe4, False
18.00112, Foe4, shoot, Adjuster8, False
18.00112, Adjuster8, shoot, Foe4, False
18.00112, Adjuster8, shoot, Foe4, False
18.00112, Foe4, shoot, Adjuster8, False
18.14112, Player, shoot, Foe4, False
18.16112, Lush18, get, shield
18.20112, Bongfu9, shoot, Bongfu9, False
18.76426, Lush18, deleted 
18.76426, gen, shield
18.76426, Lush23, AI
18.80112, Bongfu9, shoot, Bongfu9, False
19.50112, Adjuster8, shoot, Player, False
19.50112, Player, shoot, Adjuster8, False
19.82138, Coward14, deleted 
19.82138, gen, horse
19.82138, Coward24, AI
20.08112, Betrayal20, shoot, Adjuster8, False
20.56112, Foe4, shoot, Foe4, False
20.58112, Betrayal20, shoot, Betrayal20, False
20.88723, Drunkard22, deleted 
20.88723, gen, horse
20.88723, Drunkard25, AI
21.02112, Adjuster8, shoot, Coward24, False
22.14112, Adjuster8, shoot, Adjuster8, False
22.18221, Alcoholic19, deleted 
22.18221, gen, shield
22.18221, Alcoholic26, AI
22.20112, Coward24, shoot, Foe4, False
22.32112, Adjuster8, shoot, Player, False
22.46342, Lush23, deleted 
22.46342, gen, horse
22.46342, Lush27, AI
23.04112, Player, shoot, Juicehead21, False
23.36112, Player, shoot, Foe4, False
23.56112, Player, shoot, Foe4, True
23.56112, gen, shield
23.56443, Foe28, AI
23.76112, Foe28, shoot, Lush27, False
23.90112, Lush27, get, coin_v_1
24.54599, Drunkard25, deleted 
24.54599, gen, horse
24.54599, Drunkard29, AI
24.56112, Bongfu9, get, coin_v_1
24.70112, Juicehead21, shoot, Juicehead21, False
25.08112, Bongfu9, get, coin_v_1
25.10112, Betrayal20, get, coin_v_1
25.32112, Foe4, shoot, Alcoholic26, False
25.42112, Adjuster8, get, coin_v_1
25.50112, Juicehead21, shoot, Foe28, False
25.52112, Drunkard29, shoot, Drunkard29, False
25.66112, Lush27, shoot, Lush27, False
25.92112, Adjuster8, shoot, Drunkard29, False
25.94112, Lush27, shoot, Lush27, False
26.42112, Juicehead21, shoot, Drunkard29, False
26.64112, Alcoholic26, get, shield
26.82112, Lush27, shoot, Lush27, False
26.84112, Adjuster8, shoot, Betrayal20, False
27.00112, Adjuster8, shoot, Foe28, False
27.04112, Adjuster8, shoot, Foe28, False
27.04333, Alcoholic26, deleted 
27.04333, gen, shield
27.04333, Alcoholic30, AI
27.10112, Drunkard29, shoot, Drunkard29, False
27.20112, Betrayal20, shoot, Betrayal20, False
27.60112, Foe28, shoot, Adjuster8, False
27.76112, Alcoholic30, shoot, Alcoholic30, False
28.08112, Lush27, shoot, Lush27, False
28.26112, Bongfu9, shoot, Juicehead21, False
28.46112, Bongfu9, get, coin_v_1
28.70112, Adjuster8, shoot, Foe28, False
28.82112, Betrayal20, get, coin_v_1
28.92112, Alcoholic30, shoot, Alcoholic30, False
29.10112, Lush27, shoot, Lush27, False
29.22112, Juicehead21, shoot, Bongfu9, False
29.52112, Alcoholic30, shoot, Alcoholic30, False
29.94112, Drunkard29, shoot, Drunkard29, False
30.00112, Foe28, get, shield
30.06112, Player, shoot, Player, False
30.14112, Juicehead21, shoot, Adjuster8, True
30.14112, gen, horse
30.14123, Adjuster31, AI
30.42112, Alcoholic30, shoot, Adjuster31, False
30.80112, Alcoholic30, shoot, Alcoholic30, False
30.92146, Coward24, deleted 
30.92146, gen, shield
30.92146, Coward32, AI
31.08112, Foe28, shoot, Alcoholic30, False
31.32112, Coward32, shoot, Alcoholic30, False
32.56112, Coward32, get, coin_v_1
32.68112, Foe28, get, horse
33.10112, Alcoholic30, shoot, Alcoholic30, False
33.28112, Bongfu9, get, coin_v_1
33.70112, Player, shoot, Player, False
33.78112, Drunkard29, shoot, Drunkard29, False
33.92112, Bongfu9, shoot, Juicehead21, False
34.28112, Coward32, get, coin_v_1
34.28112, Player, shoot, Foe28, False
35.14112, Drunkard29, get, coin_v_1
35.22112, Bongfu9, shoot, Adjuster31, False
35.54112, Player, shoot, Player, False
35.56112, Alcoholic30, shoot, Foe28, False
35.98112, Bongfu9, shoot, Adjuster31, False
36.12112, Coward32, shoot, Coward32, False
36.22112, Player, shoot, Adjuster31, False
36.64112, Bongfu9, shoot, Foe28, False
36.92112, Alcoholic30, shoot, Alcoholic30, False
37.00112, Adjuster31, shoot, Player, False
37.32112, Coward32, shoot, Coward32, False
37.54112, Bongfu9, get, coin_v_1
37.60112, Juicehead21, shoot, Juicehead21, False
37.62112, Coward32, shoot, Coward32, False
37.64112, Player, shoot, Foe28, False
37.92112, Coward32, shoot, Coward32, False
38.02112, Juicehead21, get, coin_v_1
38.10112, Alcoholic30, shoot, Betrayal20, False
39.08112, Alcoholic30, shoot, Alcoholic30, False
39.24112, Coward32, shoot, Coward32, False
39.88112, Player, shoot, Foe28, False
39.96416, Drunkard29, deleted 
39.96416, gen, horse
39.96416, Drunkard33, AI
39.98112, Player, shoot, Adjuster31, False
40.00112, Coward32, get, coin_v_1
40.22112, Alcoholic30, shoot, Coward32, False
40.50112, Bongfu9, shoot, Bongfu9, False
40.80112, Player, shoot, Foe28, False
40.82112, Player, shoot, Bongfu9, False
41.34112, Coward32, shoot, Coward32, False
41.36112, Alcoholic30, get, coin_v_1
41.66112, Player, shoot, Adjuster31, False
41.78112, Adjuster31, shoot, Drunkard33, False
42.02112, Alcoholic30, shoot, Bongfu9, False
42.10112, Adjuster31, shoot, Player, False
42.34112, Bongfu9, shoot, Player, True
Normal Close
