Game Time: 2022/3/1 18:07:52
Version: 1.0.0.2 with bullet collision times = 2
0, Player, player
0, Player, get, initialShield
0, Coward1, AI
0, Betrayal2, AI
0, Drunkard3, AI
0, Foe4, AI
0, Juicehead5, AI
0, Alcoholic6, AI
0, Lush7, AI
0, Adjuster8, AI
0, Bongfu9, AI
0.2360256, Betrayal2, shoot, Betrayal2, False
0.8960256, Drunkard3, get, coin_v_1
1.056026, Drunkard3, get, coin_v_1
1.276026, Coward1, shoot, Adjuster8, False
1.516026, Bongfu9, get, coin_v_1
1.796026, Alcoholic6, get, coin_v_1
2.236026, Juicehead5, get, coin_v_1
2.236026, Alcoholic6, get, coin_v_1
2.336025, Bongfu9, get, coin_v_1
3.376025, Juicehead5, get, coin_v_1
3.576025, Juicehead5, get, coin_v_1
3.616025, Coward1, get, coin_v_1
3.616025, Alcoholic6, shoot, Lush7, False
3.616025, Lush7, shoot, Alcoholic6, False
3.916026, Coward1, get, coin_v_1
4.416026, Drunkard3, shoot, Player, False
4.616025, Bongfu9, shoot, Bongfu9, False
5.296025, Betrayal2, shoot, Betrayal2, False
6.616025, Player, shoot, Adjuster8, False
6.896026, Adjuster8, shoot, Foe4, False
6.976026, Adjuster8, shoot, Foe4, False
7.336025, Alcoholic6, shoot, Alcoholic6, False
7.617215, Coward1, deleted 
7.617215, gen, horse
7.617215, Coward10, AI
8.116025, Alcoholic6, get, coin_v_1
8.316026, Betrayal2, get, coin_v_1
8.536025, Drunkard3, get, coin_v_1
8.556026, Drunkard3, get, coin_v_1
9.178946, Lush7, deleted 
9.178946, gen, shield
9.178946, Lush11, AI
9.859378, Bongfu9, deleted 
9.859378, gen, horse
9.859378, Bongfu12, AI
10.31908, Alcoholic6, deleted 
10.31908, gen, shield
10.31908, Alcoholic13, AI
10.81603, Bongfu12, shoot, Drunkard3, False
11.43603, Foe4, shoot, Player, False
12.42021, Betrayal2, deleted 
12.42021, gen, shield
12.42021, Betrayal14, AI
12.51603, Adjuster8, get, coin_v_1
12.99893, Coward10, deleted 
12.99893, gen, horse
12.99893, Coward15, AI
13.41928, Drunkard3, deleted 
13.41928, gen, horse
13.41928, Drunkard16, AI
13.47603, Foe4, shoot, Player, False
13.53621, Bongfu12, deleted 
13.53621, gen, shield
13.53621, Bongfu17, AI
14.64012, Juicehead5, deleted 
14.64012, gen, horse
14.64012, Juicehead18, AI
15.35603, Drunkard16, shoot, Coward15, False
15.6783, Lush11, deleted 
15.6783, gen, horse
15.6783, Lush19, AI
15.93603, Player, shoot, Adjuster8, False
16.27603, Drunkard16, get, coin_v_1
16.83603, Betrayal14, shoot, Drunkard16, False
17.17603, Player, shoot, Foe4, False
17.41714, Bongfu17, deleted 
17.41714, gen, shield
17.41714, Bongfu20, AI
17.71602, Adjuster8, shoot, Player, False
18.03603, Player, shoot, Adjuster8, False
18.13602, Adjuster8, shoot, Coward15, False
18.63752, Juicehead18, deleted 
18.63752, gen, horse
18.63752, Juicehead21, AI
19.07603, Lush19, shoot, Lush19, False
19.31602, Lush19, shoot, Lush19, False
19.51603, Foe4, shoot, Player, False
19.85603, Alcoholic13, shoot, Bongfu20, False
20.93603, Lush19, shoot, Lush19, False
20.93603, Player, shoot, Foe4, False
20.97602, Drunkard16, get, coin_v_1
21.63602, Adjuster8, shoot, Player, False
21.63602, Adjuster8, shoot, Player, False
21.63602, Player, shoot, Adjuster8, False
21.81602, Foe4, shoot, Adjuster8, False
21.81831, Bongfu20, deleted 
21.81831, gen, shield
21.81831, Bongfu22, AI
22.41603, Lush19, shoot, Bongfu22, False
23.53603, Player, shoot, Player, False
23.75603, Foe4, shoot, Adjuster8, False
24.13602, Foe4, shoot, Foe4, False
24.13602, Adjuster8, shoot, Adjuster8, False
24.15602, Player, shoot, Player, False
24.35603, Player, shoot, Adjuster8, False
25.07603, Foe4, shoot, Adjuster8, False
25.09603, Player, shoot, Player, False
25.13779, Drunkard16, deleted 
25.13779, gen, shield
25.13779, Drunkard23, AI
25.37602, Adjuster8, shoot, Foe4, False
25.39602, Player, shoot, Player, True
Normal Close
