Game Time: 2022/3/1 16:57:24
Version: 1.0.0.2 with bullet collision times = 2
0, Player, player
0, Player, get, initialShield
0, Coward1, AI
0, Betrayal2, AI
0, Drunkard3, AI
0, Foe4, AI
0, Juicehead5, AI
0, Alcoholic6, AI
0, Lush7, AI
0, Adjuster8, AI
0, Bongfu9, AI
0.7364175, Lush7, get, coin_v_1
1.256417, Coward1, shoot, Adjuster8, False
1.296417, Drunkard3, get, coin_v_1
1.456417, Bongfu9, get, coin_v_1
2.296417, Bongfu9, get, coin_v_1
3.016418, Juicehead5, shoot, Lush7, False
3.096417, Adjuster8, shoot, Juicehead5, False
3.196417, Juicehead5, get, coin_v_1
3.236417, Adjuster8, shoot, Foe4, False
3.596417, Drunkard3, get, coin_v_1
3.636417, Adjuster8, shoot, Foe4, False
3.876417, Player, shoot, Player, False
3.996417, Juicehead5, shoot, Adjuster8, False
4.016418, Lush7, shoot, Lush7, False
4.436418, Alcoholic6, get, coin_v_1
5.176417, Adjuster8, shoot, Foe4, False
5.236417, Lush7, shoot, Lush7, False
5.236417, Foe4, shoot, Foe4, False
5.576417, Drunkard3, shoot, Drunkard3, False
5.676417, Player, shoot, Player, False
5.716417, Coward1, shoot, Betrayal2, False
5.896417, Drunkard3, get, coin_v_1
6.056417, Player, shoot, Coward1, False
6.136417, Adjuster8, shoot, Adjuster8, False
6.136417, Foe4, shoot, Foe4, False
6.256417, Foe4, shoot, Drunkard3, False
6.716417, Betrayal2, shoot, Betrayal2, False
6.836417, Bongfu9, get, coin_v_1
7.016418, Drunkard3, get, coin_v_1
7.036417, Adjuster8, shoot, Adjuster8, False
7.076417, Juicehead5, get, coin_v_1
7.136417, Juicehead5, shoot, Juicehead5, False
7.216417, Player, shoot, Player, False
7.236417, Bongfu9, get, coin_v_1
7.336417, Adjuster8, shoot, Adjuster8, False
7.896417, Coward1, get, coin_v_1
8.156417, Player, shoot, Player, False
8.616417, Coward1, shoot, Betrayal2, False
9.016418, Betrayal2, shoot, Foe4, False
9.256417, Alcoholic6, shoot, Drunkard3, False
9.616417, Player, shoot, Betrayal2, False
9.776418, Adjuster8, get, coin_v_1
10.01642, Coward1, get, coin_v_1
10.17839, Bongfu9, deleted 
10.17839, gen, shield
10.17839, Bongfu10, AI
10.87818, Drunkard3, deleted 
10.87818, gen, shield
10.87818, Drunkard11, AI
11.37642, Bongfu10, get, coin_v_1
11.83642, Player, shoot, Player, False
12.09642, Foe4, shoot, Player, False
12.75642, Player, shoot, Player, False
13.17721, Bongfu10, deleted 
13.17721, gen, shield
13.17721, Bongfu12, AI
13.26105, Lush7, deleted 
13.26105, gen, shield
13.26105, Lush13, AI
13.33642, Player, shoot, Foe4, False
13.33642, Player, shoot, Adjuster8, False
13.35642, Juicehead5, shoot, Juicehead5, False
13.51642, Betrayal2, shoot, Adjuster8, False
13.59642, Adjuster8, shoot, Betrayal2, False
13.89817, Drunkard11, deleted 
13.89817, gen, horse
13.89817, Drunkard14, AI
14.59642, Adjuster8, shoot, Player, False
14.67642, Foe4, shoot, Adjuster8, False
14.75642, Player, shoot, Foe4, False
15.01642, Player, shoot, Adjuster8, False
15.01642, Adjuster8, shoot, Player, False
15.29642, Drunkard14, shoot, Lush13, False
15.80029, Lush13, deleted 
15.80029, gen, shield
15.80029, Lush15, AI
16.07642, Player, shoot, Player, True
Normal Close
