Game Time: 2022/3/1 18:15:55
Version: 1.0.0.2 with bullet collision times = 2
0, Player, player
0, Player, get, initialShield
0, Coward1, AI
0, Betrayal2, AI
0, Drunkard3, AI
0, Foe4, AI
0, Juicehead5, AI
0, Alcoholic6, AI
0, Lush7, AI
0, Adjuster8, AI
0, Bongfu9, AI
0.1014183, Juicehead5, shoot, Juicehead5, False
1.581418, Alcoholic6, get, coin_v_1
1.621418, Bongfu9, get, coin_v_1
1.841418, Alcoholic6, get, coin_v_1
2.021418, Lush7, get, coin_v_1
2.281418, Alcoholic6, get, coin_v_1
2.461418, Bongfu9, get, coin_v_1
2.781418, Coward1, get, coin_v_1
2.921418, Juicehead5, get, coin_v_1
3.601418, Lush7, shoot, Alcoholic6, False
3.601418, Alcoholic6, shoot, Lush7, False
4.361418, Coward1, get, coin_v_1
4.881418, Player, shoot, Betrayal2, False
5.301418, Lush7, shoot, Lush7, False
5.521418, Lush7, shoot, Lush7, False
5.541418, Betrayal2, shoot, Bongfu9, False
5.761418, Foe4, get, coin_v_1
6.321418, Bongfu9, get, coin_v_1
6.541418, Alcoholic6, shoot, Betrayal2, False
6.581418, Adjuster8, get, coin_v_1
7.743354, Coward1, deleted 
7.743354, gen, horse
7.743354, Coward10, AI
7.801418, Lush7, shoot, Juicehead5, False
8.201418, Coward10, get, coin_v_1
9.001418, Foe4, shoot, Player, False
9.261418, Lush7, shoot, Adjuster8, False
9.861466, Alcoholic6, deleted 
9.861466, gen, shield
9.861466, Alcoholic11, AI
10.02301, Bongfu9, deleted 
10.02301, gen, shield
10.02301, Bongfu12, AI
10.50142, Bongfu12, get, coin_v_1
10.92142, Adjuster8, shoot, Adjuster8, False
11.18142, Lush7, shoot, Lush7, False
11.26142, Foe4, shoot, Player, False
12.40142, Coward10, get, shield
12.50212, Coward10, deleted 
12.50212, gen, horse
12.50212, Coward13, AI
13.22493, Juicehead5, deleted 
13.22493, gen, shield
13.22493, Juicehead14, AI
13.84438, Alcoholic11, deleted 
13.84438, gen, horse
13.84438, Bongfu12, deleted 
13.84438, gen, horse
13.84438, Alcoholic15, AI
13.85054, Bongfu16, AI
14.10142, Player, shoot, Foe4, False
14.36154, Drunkard3, deleted 
14.36154, gen, horse
14.36154, Drunkard17, AI
14.68142, Lush7, shoot, Lush7, False
14.88142, Bongfu16, get, coin_v_1
15.24142, Lush7, shoot, Lush7, False
15.24142, Adjuster8, shoot, Coward13, False
16.10142, Adjuster8, shoot, Adjuster8, False
16.22142, Lush7, shoot, Lush7, False
16.60266, Betrayal2, deleted 
16.60266, gen, horse
16.60266, Betrayal18, AI
16.68142, Juicehead14, shoot, Coward13, False
17.66142, Lush7, shoot, Bongfu16, False
17.68369, Drunkard17, deleted 
17.68369, gen, shield
17.68369, Drunkard19, AI
18.28485, Alcoholic15, deleted 
18.28485, gen, shield
18.28485, Alcoholic20, AI
18.30142, Lush7, shoot, Bongfu16, False
18.58142, Adjuster8, shoot, Player, False
18.84142, Adjuster8, shoot, Player, False
18.88142, Alcoholic20, shoot, Juicehead14, False
19.08142, Foe4, get, coin_v_1
19.32142, Lush7, shoot, Betrayal18, False
19.64142, Lush7, shoot, Bongfu16, False
19.86142, Betrayal18, get, coin_v_1
19.86142, Lush7, shoot, Bongfu16, False
19.90142, Foe4, shoot, Player, False
20.50142, Player, shoot, Bongfu16, False
20.72142, Player, shoot, Foe4, False
21.18142, Drunkard19, get, horse
21.20282, Drunkard19, deleted 
21.20282, gen, horse
21.20282, Drunkard21, AI
21.60142, Adjuster8, shoot, Foe4, False
21.70142, Adjuster8, shoot, Foe4, False
21.86142, Bongfu16, shoot, Foe4, False
22.38142, Foe4, shoot, Foe4, False
22.78142, Alcoholic20, shoot, Juicehead14, False
22.88183, Coward13, deleted 
22.88183, gen, shield
22.88183, Coward22, AI
23.32142, Lush7, shoot, Lush7, False
23.54142, Player, shoot, Adjuster8, False
23.54142, Player, shoot, Adjuster8, False
23.58142, Adjuster8, shoot, Alcoholic20, False
23.84142, Player, shoot, Adjuster8, False
24.12142, Foe4, shoot, Foe4, False
24.78533, Drunkard21, deleted 
24.78533, gen, horse
24.78533, Drunkard23, AI
25.00142, Lush7, shoot, Coward22, False
25.10142, Foe4, shoot, Adjuster8, False
25.20142, Adjuster8, shoot, Foe4, False
25.20142, Adjuster8, shoot, Foe4, False
25.20142, Adjuster8, shoot, Foe4, True
25.20142, gen, shield
25.20142, Foe4, shoot, Adjuster8, False
25.20142, Foe4, shoot, Adjuster8, False
25.20142, Foe4, shoot, Adjuster8, False
25.20142, Foe4, shoot, Adjuster8, True
25.20142, gen, horse
25.20753, Foe24, AI
25.22218, Adjuster25, AI
25.24142, Adjuster25, shoot, Foe24, False
25.24142, Foe24, shoot, Adjuster25, False
25.28142, Lush7, shoot, Foe24, False
25.94142, Adjuster25, get, coin_v_1
27.08142, Juicehead14, get, coin_v_1
27.20142, Alcoholic20, shoot, Alcoholic20, False
27.22142, Player, shoot, Player, False
28.02142, Foe24, shoot, Player, False
28.28142, Drunkard23, get, horse
28.28142, Drunkard23, get, horse
28.28142, Foe24, shoot, Player, False
28.32469, Drunkard23, deleted 
28.32469, gen, shield
28.32469, Drunkard26, AI
29.0063, Bongfu16, deleted 
29.0063, gen, shield
29.0063, Bongfu27, AI
29.28142, Adjuster25, shoot, Player, False
29.32142, Betrayal18, get, coin_v_1
29.40142, Bongfu27, get, coin_v_1
29.82361, Lush7, deleted 
29.82361, gen, shield
29.82361, Lush28, AI
29.84142, Bongfu27, get, coin_v_1
29.98142, Coward22, shoot, Foe24, False
30.28142, Juicehead14, shoot, Juicehead14, False
30.40142, Betrayal18, get, coin_v_1
30.70142, Lush28, shoot, Lush28, False
30.82142, Betrayal18, shoot, Betrayal18, False
30.92142, Foe24, shoot, Player, False
31.08142, Adjuster25, shoot, Foe24, False
31.24142, Player, shoot, Foe24, False
31.26142, Foe24, shoot, Adjuster25, False
31.86142, Drunkard26, get, shield
31.88142, Player, shoot, Adjuster25, False
31.90303, Drunkard26, deleted 
31.90303, gen, horse
31.90303, Drunkard29, AI
32.10142, Adjuster25, shoot, Foe24, False
32.38142, Player, shoot, Player, False
32.42142, Adjuster25, shoot, Foe24, False
32.62142, Alcoholic20, shoot, Lush28, False
33.00142, Foe24, shoot, Adjuster25, False
34.14142, Juicehead14, get, coin_v_1
34.18142, Alcoholic20, shoot, Lush28, False
34.20142, Bongfu27, get, coin_v_1
34.20142, Adjuster25, shoot, Player, True
Normal Close
