Game Time: 2022/3/1 16:33:46
Version: 1.0.0.2 with bullet collision times = 2
0, Player, player
0, Player, get, initialShield
0, Coward1, AI
0, Betrayal2, AI
0, Drunkard3, AI
0, Foe4, AI
0, Juicehead5, AI
0, Alcoholic6, AI
0, Lush7, AI
0, Adjuster8, AI
0, Bongfu9, AI
0.1151071, Alcoholic6, shoot, Alcoholic6, False
0.9351071, Lush7, get, coin_v_1
1.255107, Bongfu9, get, coin_v_1
1.595107, Foe4, get, coin_v_1
1.815107, Lush7, get, coin_v_1
2.075107, Bongfu9, get, coin_v_1
2.295107, Foe4, get, coin_v_1
2.315107, Adjuster8, shoot, Lush7, False
2.375107, Alcoholic6, get, coin_v_1
2.375107, Coward1, get, coin_v_1
2.415107, Betrayal2, shoot, Betrayal2, False
2.935107, Coward1, shoot, Betrayal2, False
3.255107, Bongfu9, shoot, Lush7, False
3.775107, Betrayal2, get, coin_v_1
3.835107, Drunkard3, get, coin_v_1
4.455107, Betrayal2, shoot, Betrayal2, False
4.515107, Drunkard3, get, coin_v_1
4.835107, Bongfu9, get, coin_v_1
5.495107, Adjuster8, shoot, Player, False
5.815107, Drunkard3, shoot, Bongfu9, False
5.875107, Coward1, get, coin_v_1
6.138063, Juicehead5, deleted 
6.138063, gen, shield
6.138063, Juicehead10, AI
6.295107, Lush7, get, coin_v_1
6.715107, Alcoholic6, shoot, Alcoholic6, False
7.195107, Lush7, get, coin_v_1
8.715107, Adjuster8, get, coin_v_1
9.196265, Coward1, deleted 
9.196265, gen, shield
9.196265, Coward11, AI
9.275984, Juicehead10, deleted 
9.275984, gen, shield
9.275984, Juicehead12, AI
9.436927, Bongfu9, deleted 
9.436927, gen, horse
9.436927, Bongfu13, AI
9.455107, Coward11, get, coin_v_1
9.935107, Bongfu13, get, coin_v_1
10.11511, Betrayal2, get, coin_v_1
10.21511, Player, shoot, Foe4, False
10.31511, Lush7, shoot, Coward11, False
10.72347, Drunkard3, deleted 
10.72347, gen, horse
10.72347, Drunkard14, AI
10.95511, Betrayal2, get, coin_v_1
11.27511, Adjuster8, shoot, Player, False
11.85511, Foe4, get, coin_v_1
11.97511, Coward11, get, coin_v_1
12.33511, Alcoholic6, get, coin_v_1
12.37511, Lush7, get, coin_v_1
12.49511, Player, shoot, Coward11, False
12.61877, Juicehead12, deleted 
12.61877, gen, shield
12.61877, Juicehead15, AI
12.89511, Juicehead15, shoot, Drunkard14, False
12.93794, Bongfu13, deleted 
12.93794, gen, shield
12.93794, Bongfu16, AI
13.11511, Betrayal2, get, coin_v_1
13.97511, Coward11, get, coin_v_1
14.41511, Betrayal2, shoot, Bongfu16, False
14.75511, Bongfu16, shoot, Juicehead15, False
15.75833, Lush7, deleted 
15.75833, gen, horse
15.75833, Lush17, AI
15.95511, Bongfu16, shoot, Juicehead15, False
15.99858, Juicehead15, deleted 
15.99858, gen, horse
15.99858, Juicehead18, AI
16.07621, Betrayal2, deleted 
16.07621, gen, horse
16.07621, Betrayal19, AI
16.29511, Bongfu16, get, horse
16.33741, Bongfu16, deleted 
16.33741, gen, horse
16.33741, Bongfu20, AI
16.41511, Bongfu20, shoot, Betrayal19, False
17.31646, Alcoholic6, deleted 
17.31646, gen, horse
17.31646, Alcoholic21, AI
17.41511, Adjuster8, shoot, Player, False
18.35511, Bongfu20, shoot, Juicehead18, False
18.55511, Betrayal19, get, coin_v_1
19.31511, Betrayal19, get, coin_v_1
19.33511, Juicehead18, get, horse
19.37718, Juicehead18, deleted 
19.37718, gen, shield
19.37718, Juicehead22, AI
19.67511, Bongfu20, get, shield
19.75904, Bongfu20, deleted 
19.75904, gen, shield
19.75904, Bongfu23, AI
20.03823, Coward11, deleted 
20.03823, gen, shield
20.03823, Coward24, AI
20.19511, Bongfu23, shoot, Juicehead22, False
20.33511, Drunkard14, get, coin_v_1
20.63511, Player, shoot, Player, False
21.61511, Alcoholic21, shoot, Lush17, False
21.75511, Drunkard14, shoot, Drunkard14, False
21.83511, Foe4, shoot, Foe4, False
21.93511, Player, shoot, Foe4, False
21.99511, Bongfu23, shoot, Juicehead22, False
22.05511, Player, shoot, Alcoholic21, False
22.71511, Juicehead22, get, shield
22.75743, Juicehead22, deleted 
22.75743, gen, shield
22.75743, Juicehead25, AI
22.81511, Alcoholic21, shoot, Lush17, False
23.05511, Bongfu23, get, shield
23.11511, Foe4, shoot, Player, False
23.11511, Player, shoot, Foe4, False
23.15609, Bongfu23, deleted 
23.15609, gen, shield
23.15609, Bongfu26, AI
23.41511, Player, shoot, Foe4, False
23.41511, Foe4, shoot, Player, False
23.41511, Player, shoot, Foe4, False
23.41511, Player, shoot, Foe4, False
23.83511, Bongfu26, shoot, Juicehead25, False
24.25511, Player, shoot, Adjuster8, False
24.65511, Betrayal19, get, coin_v_1
24.73511, Adjuster8, shoot, Player, False
24.93511, Lush17, shoot, Alcoholic21, False
25.01511, Lush17, get, coin_v_1
25.21511, Lush17, shoot, Alcoholic21, False
25.63511, Bongfu26, shoot, Juicehead25, False
25.81511, Lush17, shoot, Alcoholic21, False
25.89511, Alcoholic21, shoot, Lush17, False
25.93511, Coward24, get, coin_v_1
26.01511, Foe4, shoot, Adjuster8, False
26.07511, Juicehead25, get, shield
26.13771, Juicehead25, deleted 
26.13771, gen, shield
26.13771, Juicehead27, AI
26.17511, Betrayal19, get, coin_v_1
26.45511, Bongfu26, get, shield
26.55971, Bongfu26, deleted 
26.55971, gen, shield
26.55971, Bongfu28, AI
26.71511, Adjuster8, shoot, Foe4, False
26.73511, Lush17, shoot, Alcoholic21, False
26.85511, Betrayal19, get, coin_v_1
26.95511, Player, shoot, Player, False
26.95511, Player, shoot, Adjuster8, False
27.05511, Lush17, shoot, Alcoholic21, False
27.11511, Foe4, shoot, Adjuster8, False
27.15511, Coward24, shoot, Coward24, False
27.45511, Bongfu28, shoot, Juicehead27, False
27.67511, Lush17, shoot, Alcoholic21, False
27.81511, Foe4, shoot, Adjuster8, False
28.21511, Player, shoot, Foe4, False
28.51511, Player, shoot, Foe4, False
29.25511, Bongfu28, shoot, Juicehead27, False
29.45511, Juicehead27, get, shield
29.51606, Alcoholic21, deleted 
29.51606, gen, shield
29.51606, Alcoholic29, AI
29.59632, Juicehead27, deleted 
29.59632, gen, horse
29.59632, Juicehead30, AI
29.65511, Lush17, get, shield
29.6967, Lush17, deleted 
29.6967, gen, shield
29.6967, Lush31, AI
29.77511, Adjuster8, shoot, Adjuster8, False
29.93511, Bongfu28, get, horse
30.01564, Bongfu28, deleted 
30.01564, gen, horse
30.01564, Bongfu32, AI
30.09511, Adjuster8, get, coin_v_1
30.17511, Player, shoot, Foe4, True
30.17511, gen, shield
30.1799, Foe33, AI
30.21511, Player, shoot, Lush31, False
30.45511, Adjuster8, shoot, Player, False
30.61511, Adjuster8, shoot, Player, True
Normal Close
