Game Time: 2022/3/1 18:07:31
Version: 1.0.0.2 with bullet collision times = 2
0, Player, player
0, Player, get, initialShield
0, Coward1, AI
0, Betrayal2, AI
0, Drunkard3, AI
0, Foe4, AI
0, Juicehead5, AI
0, Alcoholic6, AI
0, Lush7, AI
0, Adjuster8, AI
0, Bongfu9, AI
0.1186515, Lush7, shoot, Lush7, False
0.2386515, Alcoholic6, shoot, Alcoholic6, False
1.158651, Alcoholic6, get, coin_v_1
1.218651, Coward1, shoot, Adjuster8, False
1.438651, Bongfu9, get, coin_v_1
2.058651, Adjuster8, shoot, Adjuster8, False
2.098651, Juicehead5, get, coin_v_1
2.258651, Bongfu9, get, coin_v_1
2.858651, Alcoholic6, get, coin_v_1
3.338651, Juicehead5, get, coin_v_1
3.558651, Juicehead5, get, coin_v_1
3.678651, Adjuster8, shoot, Juicehead5, False
3.718651, Bongfu9, shoot, Alcoholic6, False
3.718651, Juicehead5, shoot, Player, False
3.918651, Lush7, shoot, Coward1, False
3.978651, Coward1, get, coin_v_1
3.978651, Adjuster8, shoot, Player, False
4.038651, Drunkard3, get, coin_v_1
4.058651, Player, shoot, Bongfu9, False
4.278651, Coward1, get, coin_v_1
5.778651, Alcoholic6, get, coin_v_1
6.638651, Adjuster8, shoot, Juicehead5, False
6.718651, Lush7, shoot, Lush7, False
7.338651, Betrayal2, shoot, Betrayal2, False
7.378651, Adjuster8, shoot, Foe4, False
7.838651, Player, shoot, Foe4, False
7.840741, Coward1, deleted 
7.840741, gen, horse
7.840741, Coward10, AI
8.538651, Betrayal2, shoot, Betrayal2, False
8.818651, Adjuster8, shoot, Adjuster8, False
8.838652, Betrayal2, shoot, Betrayal2, False
8.878652, Lush7, shoot, Alcoholic6, False
9.138651, Betrayal2, shoot, Betrayal2, False
9.541809, Bongfu9, deleted 
9.541809, gen, shield
9.541809, Bongfu11, AI
9.921127, Alcoholic6, deleted 
9.921127, gen, shield
9.921127, Alcoholic12, AI
10.63865, Player, shoot, Foe4, False
10.65865, Betrayal2, shoot, Betrayal2, False
10.91865, Drunkard3, get, coin_v_1
11.55865, Betrayal2, shoot, Betrayal2, False
11.79989, Lush7, deleted 
11.79989, gen, shield
11.79989, Lush13, AI
12.03865, Player, shoot, Adjuster8, False
12.43865, Betrayal2, shoot, Betrayal2, False
12.73865, Lush13, shoot, Lush13, False
12.73865, Betrayal2, shoot, Betrayal2, False
12.87865, Foe4, shoot, Player, False
12.88486, Bongfu11, deleted 
12.88486, gen, shield
12.88486, Bongfu14, AI
13.27865, Player, shoot, Foe4, False
13.31865, Foe4, shoot, Foe4, False
13.67865, Bongfu14, shoot, Bongfu14, False
13.75865, Alcoholic12, get, coin_v_1
13.93865, Bongfu14, shoot, Bongfu14, False
14.23865, Betrayal2, shoot, Betrayal2, False
14.27865, Betrayal2, shoot, Betrayal2, True
14.27865, gen, horse
14.28108, Betrayal15, AI
14.35865, Adjuster8, get, coin_v_1
14.41865, Player, shoot, Player, False
15.35865, Alcoholic12, get, coin_v_1
15.43865, Juicehead5, get, coin_v_1
15.43865, Player, shoot, Foe4, False
15.44224, Coward10, deleted 
15.44224, gen, shield
15.44224, Coward16, AI
15.91865, Foe4, shoot, Player, False
16.21865, Foe4, shoot, Player, False
16.21865, Foe4, shoot, Player, False
16.21865, Foe4, shoot, Player, False
17.05865, Juicehead5, get, coin_v_1
17.41865, Bongfu14, shoot, Foe4, False
17.78483, Drunkard3, deleted 
17.78483, gen, horse
17.78483, Drunkard17, AI
17.81865, Adjuster8, shoot, Adjuster8, False
18.01865, Foe4, shoot, Player, False
18.13865, Drunkard17, shoot, Drunkard17, False
18.67865, Player, shoot, Foe4, False
19.03865, Adjuster8, shoot, Player, False
19.91865, Coward16, shoot, Coward16, False
20.39865, Foe4, shoot, Player, True
Normal Close
