Game Time: 2022/3/1 16:56:52
Version: 1.0.0.2 with bullet collision times = 2
0, Player, player
0, Player, get, initialShield
0, Coward1, AI
0, Betrayal2, AI
0, Drunkard3, AI
0, Foe4, AI
0, Juicehead5, AI
0, Alcoholic6, AI
0, Lush7, AI
0, Adjuster8, AI
0, Bongfu9, AI
0.5911804, Foe4, get, coin_v_1
1.13118, Bongfu9, get, coin_v_1
1.23118, Lush7, get, coin_v_1
1.25118, Coward1, shoot, Adjuster8, False
1.49118, Juicehead5, get, coin_v_1
1.97118, Bongfu9, get, coin_v_1
2.35118, Betrayal2, get, coin_v_1
2.51118, Betrayal2, shoot, Betrayal2, False
2.71118, Coward1, get, coin_v_1
2.81118, Alcoholic6, shoot, Alcoholic6, False
3.45118, Betrayal2, shoot, Betrayal2, False
3.79118, Alcoholic6, shoot, Foe4, False
3.89118, Betrayal2, shoot, Betrayal2, False
4.135126, Juicehead5, deleted 
4.135126, gen, horse
4.135126, Juicehead10, AI
4.15118, Juicehead5, shoot, Juicehead10, False
4.17118, Juicehead10, get, coin_v_1
4.27118, Lush7, get, coin_v_1
4.65118, Adjuster8, shoot, Drunkard3, False
4.77118, Alcoholic6, get, coin_v_1
4.91118, Foe4, shoot, Player, False
4.99118, Adjuster8, shoot, Foe4, False
5.03118, Alcoholic6, get, coin_v_1
5.11118, Foe4, shoot, Player, False
5.41118, Foe4, shoot, Player, False
5.53118, Lush7, shoot, Lush7, False
5.61118, Alcoholic6, get, coin_v_1
6.09118, Adjuster8, get, coin_v_1
6.19118, Betrayal2, get, coin_v_1
6.23118, Betrayal2, shoot, Betrayal2, False
6.91118, Player, shoot, Adjuster8, False
7.11118, Adjuster8, shoot, Foe4, False
7.13118, Bongfu9, get, coin_v_1
7.19118, Foe4, shoot, Adjuster8, False
7.39118, Player, shoot, Foe4, False
7.535463, Juicehead10, deleted 
7.535463, gen, shield
7.535463, Juicehead11, AI
7.61118, Lush7, get, coin_v_1
8.27118, Adjuster8, shoot, Bongfu9, False
8.35118, Alcoholic6, get, coin_v_1
8.71118, Adjuster8, shoot, Foe4, False
8.71118, Foe4, shoot, Adjuster8, False
9.05118, Adjuster8, shoot, Player, False
9.05118, Adjuster8, shoot, Player, False
9.15118, Alcoholic6, get, coin_v_1
9.45118, Betrayal2, shoot, Betrayal2, False
9.61118, Foe4, shoot, Adjuster8, False
9.67118, Adjuster8, shoot, Player, False
10.07118, Foe4, shoot, Foe4, False
10.09118, Foe4, shoot, Player, False
10.47118, Alcoholic6, get, coin_v_1
11.05552, Juicehead11, deleted 
11.05552, gen, shield
11.05552, Juicehead12, AI
11.25237, Lush7, deleted 
11.25237, gen, shield
11.25237, Lush13, AI
12.33118, Player, shoot, Adjuster8, False
12.37118, Player, shoot, Coward1, False
12.63118, Lush13, get, coin_v_1
12.93118, Alcoholic6, shoot, Alcoholic6, False
13.05118, Player, shoot, Drunkard3, False
13.31118, Betrayal2, shoot, Bongfu9, False
13.55118, Foe4, get, coin_v_1
13.77118, Foe4, get, coin_v_1
13.79118, Alcoholic6, get, coin_v_1
14.15118, Foe4, shoot, Adjuster8, False
14.27118, Bongfu9, get, shield
14.2712, Bongfu9, deleted 
14.2712, gen, horse
14.2712, Bongfu14, AI
14.33118, Betrayal2, shoot, Juicehead12, False
14.83428, Juicehead12, deleted 
14.83428, gen, horse
14.83428, Juicehead15, AI
15.43118, Foe4, shoot, Betrayal2, False
15.49118, Adjuster8, shoot, Adjuster8, False
15.53118, Adjuster8, get, coin_v_1
16.37241, Alcoholic6, deleted 
16.37241, gen, shield
16.37241, Alcoholic16, AI
16.85118, Juicehead15, shoot, Bongfu14, False
16.99118, Adjuster8, shoot, Player, False
17.43118, Drunkard3, shoot, Lush13, False
17.53118, Alcoholic16, get, coin_v_1
17.71441, Bongfu14, deleted 
17.71441, gen, horse
17.71441, Bongfu17, AI
17.97118, Adjuster8, shoot, Adjuster8, False
18.01118, Betrayal2, shoot, Drunkard3, False
18.01118, Drunkard3, shoot, Betrayal2, False
18.01118, Betrayal2, shoot, Drunkard3, False
18.13118, Betrayal2, shoot, Betrayal2, False
18.29502, Juicehead15, deleted 
18.29502, gen, shield
18.29502, Juicehead18, AI
18.57118, Adjuster8, shoot, Foe4, False
18.99118, Juicehead18, shoot, Bongfu17, False
19.21118, Betrayal2, shoot, Drunkard3, False
19.21118, Betrayal2, shoot, Drunkard3, False
19.535, Alcoholic16, deleted 
19.535, gen, horse
19.535, Alcoholic19, AI
19.61118, Adjuster8, shoot, Foe4, False
19.67118, Betrayal2, get, coin_v_1
20.07118, Betrayal2, shoot, Drunkard3, False
20.51118, Betrayal2, get, coin_v_1
20.71118, Drunkard3, shoot, Betrayal2, False
21.09118, Coward1, get, coin_v_1
21.23118, Adjuster8, shoot, Player, False
21.29118, Betrayal2, shoot, Drunkard3, False
21.39118, Drunkard3, shoot, Juicehead18, False
21.45118, Bongfu17, get, horse
21.45118, Player, shoot, Adjuster8, True
21.45118, gen, horse
21.45568, Bongfu17, deleted 
21.45568, gen, shield
21.45568, Adjuster20, AI
21.46573, Bongfu21, AI
21.55118, Betrayal2, shoot, Bongfu21, False
21.67118, Juicehead18, get, horse
21.67118, Juicehead18, get, shield
21.73673, Juicehead18, deleted 
21.73673, gen, horse
21.73673, Juicehead22, AI
21.77118, Adjuster20, shoot, Adjuster20, False
21.93118, Juicehead22, shoot, Bongfu21, False
22.75118, Alcoholic19, get, horse
22.77318, Alcoholic19, deleted 
22.77318, gen, horse
22.77318, Alcoholic23, AI
23.53118, Alcoholic23, shoot, Alcoholic23, False
23.53118, Juicehead22, shoot, Juicehead22, False
24.53521, Betrayal2, deleted 
24.53521, gen, shield
24.53521, Betrayal24, AI
24.73118, Juicehead22, shoot, Juicehead22, False
24.73118, Adjuster20, shoot, Adjuster20, False
24.87118, Bongfu21, get, horse
24.91353, Bongfu21, deleted 
24.91353, gen, shield
24.91353, Bongfu25, AI
25.03118, Adjuster20, shoot, Adjuster20, False
25.15406, Coward1, deleted 
25.15406, gen, horse
25.15406, Coward26, AI
25.23118, Coward26, shoot, Juicehead22, False
25.59118, Player, shoot, Foe4, False
25.99118, Adjuster20, shoot, Adjuster20, False
26.17118, Foe4, get, horse
26.79195, Drunkard3, deleted 
26.79195, gen, shield
26.79195, Drunkard27, AI
26.97118, Foe4, shoot, Foe4, False
26.99214, Lush13, deleted 
26.99214, gen, shield
26.99214, Lush28, AI
27.03118, Juicehead22, shoot, Juicehead22, False
27.31118, Alcoholic23, shoot, Alcoholic23, False
27.39118, Adjuster20, shoot, Foe4, False
27.69118, Player, shoot, Foe4, False
28.11118, Juicehead22, shoot, Drunkard27, False
28.21118, Player, shoot, Foe4, False
28.25118, Bongfu25, get, shield
28.33286, Bongfu25, deleted 
28.33286, gen, shield
28.33286, Bongfu29, AI
28.61118, Foe4, shoot, Foe4, False
28.83118, Player, shoot, Adjuster20, False
28.83118, Adjuster20, shoot, Player, False
29.19118, Juicehead22, shoot, Juicehead22, False
29.41118, Adjuster20, shoot, Player, False
29.47118, Coward26, shoot, Lush28, False
29.91118, Juicehead22, shoot, Drunkard27, False
30.15118, Drunkard27, get, shield
30.27118, Drunkard27, get, horse
30.33118, Player, shoot, Foe4, False
30.33118, Player, shoot, Foe4, False
30.39118, Player, shoot, Adjuster20, False
30.41268, Betrayal24, deleted 
30.41268, gen, shield
30.41268, Betrayal30, AI
30.71539, Drunkard27, deleted 
30.71539, gen, horse
30.71539, Drunkard31, AI
30.77118, Lush28, shoot, Adjuster20, False
31.01118, Drunkard31, shoot, Betrayal30, False
31.03118, Adjuster20, shoot, Player, True
Normal Close
