Game Time: 2022/3/1 18:01:21
Version: 1.0.0.2 with bullet collision times = 2
0, Player, player
0, Player, get, initialShield
0, Coward1, AI
0, Betrayal2, AI
0, Drunkard3, AI
0, Foe4, AI
0, Juicehead5, AI
0, Alcoholic6, AI
0, Lush7, AI
0, Adjuster8, AI
0, Bongfu9, AI
0.01121392, Juicehead5, get, coin_v_1
0.6312139, Juicehead5, shoot, Juicehead5, False
0.9312139, Lush7, get, coin_v_1
1.271214, Drunkard3, get, coin_v_1
1.531214, Bongfu9, get, coin_v_1
1.831214, Foe4, get, coin_v_1
2.351214, Bongfu9, get, coin_v_1
2.491214, Alcoholic6, get, coin_v_1
2.791214, Lush7, get, coin_v_1
3.271214, Juicehead5, get, coin_v_1
3.631214, Alcoholic6, shoot, Coward1, False
3.731214, Coward1, get, coin_v_1
3.731214, Lush7, shoot, Lush7, False
3.811214, Bongfu9, shoot, Adjuster8, False
4.031214, Player, shoot, Adjuster8, False
4.271214, Betrayal2, get, coin_v_1
4.291214, Lush7, get, coin_v_1
4.311214, Drunkard3, shoot, Drunkard3, False
5.931214, Drunkard3, shoot, Player, False
6.431214, Player, shoot, Alcoholic6, False
6.951214, Lush7, get, coin_v_1
7.331214, Betrayal2, shoot, Betrayal2, False
7.651214, Drunkard3, get, coin_v_1
7.811214, Drunkard3, get, coin_v_1
7.811214, Adjuster8, shoot, Player, False
8.231214, Bongfu9, shoot, Lush7, False
10.45371, Lush7, deleted 
10.45371, gen, shield
10.45371, Lush10, AI
10.77121, Player, shoot, Foe4, False
11.59197, Coward1, deleted 
11.59197, gen, shield
11.59197, Coward11, AI
12.83121, Foe4, shoot, Adjuster8, False
12.95121, Drunkard3, get, coin_v_1
14.21121, Adjuster8, shoot, Adjuster8, False
14.25121, Alcoholic6, get, coin_v_1
14.35121, Juicehead5, shoot, Player, False
14.53121, Adjuster8, shoot, Player, False
14.55121, Adjuster8, shoot, Player, False
14.57121, Adjuster8, shoot, Player, False
14.85306, Betrayal2, deleted 
14.85306, gen, horse
14.85306, Betrayal12, AI
15.03121, Player, shoot, Alcoholic6, False
15.07121, Player, shoot, Adjuster8, False
15.09154, Lush10, deleted 
15.09154, gen, horse
15.09154, Lush13, AI
15.79121, Adjuster8, shoot, Adjuster8, False
15.89686, Coward11, deleted 
15.89686, gen, horse
15.89686, Coward14, AI
15.91121, Alcoholic6, shoot, Alcoholic6, False
16.21121, Player, shoot, Foe4, False
16.21121, Player, shoot, Foe4, False
16.49121, Betrayal12, get, coin_v_1
16.73121, Adjuster8, get, coin_v_1
17.71121, Adjuster8, shoot, Player, False
17.83121, Player, shoot, Adjuster8, False
18.33121, Adjuster8, shoot, Foe4, False
18.49121, Alcoholic6, get, coin_v_1
19.19121, Player, shoot, Player, False
19.37243, Coward14, deleted 
19.37243, gen, horse
19.37243, Coward15, AI
19.99121, Adjuster8, shoot, Player, False
20.77277, Lush13, deleted 
20.77277, gen, shield
20.77277, Lush16, AI
21.1353, Alcoholic6, deleted 
21.1353, gen, horse
21.1353, Alcoholic17, AI
21.17121, Player, shoot, Adjuster8, False
21.87121, Adjuster8, shoot, Foe4, False
22.13121, Lush16, get, coin_v_1
22.93121, Player, shoot, Alcoholic17, False
23.12988, Coward15, deleted 
23.12988, gen, horse
23.12988, Coward18, AI
23.31437, Betrayal12, deleted 
23.31437, gen, shield
23.31437, Betrayal19, AI
23.37121, Adjuster8, shoot, Player, True
Normal Close
