Game Time: 2022/3/1 16:46:20
Version: 1.0.0.2 with bullet collision times = 2
0, Player, player
0, Player, get, initialShield
0, Coward1, AI
0, Betrayal2, AI
0, Drunkard3, AI
0, Foe4, AI
0, Juicehead5, AI
0, Alcoholic6, AI
0, Lush7, AI
0, Adjuster8, AI
0, Bongfu9, AI
1.221482, Coward1, shoot, Adjuster8, False
1.301482, Bongfu9, get, coin_v_1
2.141482, Bongfu9, get, coin_v_1
2.261482, Coward1, get, coin_v_1
2.361482, Alcoholic6, shoot, Coward1, False
2.601482, Alcoholic6, get, coin_v_1
3.381482, Juicehead5, shoot, Foe4, False
3.481482, Drunkard3, get, coin_v_1
4.161482, Alcoholic6, shoot, Alcoholic6, False
4.221482, Betrayal2, get, coin_v_1
4.325523, Lush7, deleted 
4.325523, gen, shield
4.325523, Lush10, AI
4.361482, Lush10, get, coin_v_1
4.861482, Foe4, shoot, Adjuster8, False
5.361482, Alcoholic6, shoot, Alcoholic6, False
5.741482, Drunkard3, shoot, Drunkard3, False
5.861482, Coward1, get, coin_v_1
6.261482, Adjuster8, shoot, Foe4, False
6.281482, Coward1, get, coin_v_1
6.441482, Alcoholic6, get, coin_v_1
7.121481, Adjuster8, get, coin_v_1
7.203934, Juicehead5, deleted 
7.203934, gen, horse
7.203934, Juicehead11, AI
7.361482, Juicehead11, shoot, Juicehead11, False
7.801482, Adjuster8, shoot, Player, False
7.881482, Betrayal2, shoot, Betrayal2, False
7.961482, Player, shoot, Drunkard3, False
8.701482, Foe4, shoot, Player, False
8.721481, Adjuster8, shoot, Foe4, False
9.081482, Player, shoot, Foe4, False
9.301481, Juicehead11, shoot, Juicehead11, False
9.401482, Foe4, shoot, Adjuster8, False
9.741482, Lush10, get, coin_v_1
9.803168, Alcoholic6, deleted 
9.803168, gen, horse
9.803168, Alcoholic12, AI
9.881481, Drunkard3, shoot, Alcoholic12, False
10.06148, Lush10, get, coin_v_1
10.16148, Betrayal2, get, coin_v_1
10.16148, Alcoholic12, get, coin_v_1
10.58148, Juicehead11, get, coin_v_1
10.98148, Juicehead11, shoot, Drunkard3, False
11.38148, Lush10, shoot, Betrayal2, False
11.56148, Player, shoot, Foe4, False
11.78148, Juicehead11, shoot, Betrayal2, False
12.30148, Adjuster8, shoot, Player, False
12.36314, Coward1, deleted 
12.36314, gen, shield
12.36314, Coward13, AI
12.66148, Bongfu9, shoot, Foe4, False
12.90148, Betrayal2, shoot, Adjuster8, False
12.94207, Alcoholic12, deleted 
12.94207, gen, shield
12.94207, Alcoholic14, AI
13.30148, Betrayal2, shoot, Adjuster8, False
13.46148, Foe4, shoot, Adjuster8, False
13.98573, Drunkard3, deleted 
13.98573, gen, horse
13.98573, Drunkard15, AI
14.36451, Lush10, deleted 
14.36451, gen, horse
14.36451, Lush16, AI
14.50148, Drunkard15, shoot, Drunkard15, False
14.60148, Adjuster8, shoot, Player, False
15.94148, Adjuster8, shoot, Player, False
16.14148, Player, shoot, Betrayal2, False
16.20148, Adjuster8, shoot, Player, False
16.20148, Adjuster8, shoot, Player, False
16.20148, Adjuster8, shoot, Player, False
16.30148, Foe4, shoot, Foe4, False
16.40148, Drunkard15, shoot, Lush16, False
16.58592, Alcoholic14, deleted 
16.58592, gen, shield
16.58592, Alcoholic17, AI
16.74148, Coward13, get, coin_v_1
16.74148, Alcoholic17, shoot, Alcoholic17, False
16.80148, Adjuster8, shoot, Player, False
17.36148, Coward13, get, coin_v_1
17.40148, Drunkard15, get, coin_v_1
17.40148, Player, shoot, Adjuster8, False
17.40148, Player, shoot, Adjuster8, False
17.40148, Player, shoot, Adjuster8, False
17.44148, Player, shoot, Bongfu9, False
17.52148, Lush16, shoot, Lush16, False
18.00148, Lush16, shoot, Drunkard15, False
18.12148, Lush16, shoot, Lush16, False
18.52148, Adjuster8, shoot, Drunkard15, False
18.52361, Juicehead11, deleted 
18.52361, gen, shield
18.52361, Juicehead18, AI
18.60148, Lush16, shoot, Coward13, False
18.60148, Foe4, shoot, Adjuster8, True
18.60148, gen, horse
18.60421, Adjuster19, AI
18.62148, Foe4, get, horse
19.36148, Adjuster8, shoot, Juicehead18, False
20.24148, Betrayal2, shoot, Drunkard15, False
20.92148, Betrayal2, shoot, Betrayal2, False
21.08148, Player, shoot, Foe4, False
21.40148, Player, shoot, Alcoholic17, False
21.54148, Juicehead18, shoot, Juicehead18, False
21.70148, Player, shoot, Player, True
Normal Close
