Game Time: 2022/3/1 18:05:37
Version: 1.0.0.2 with bullet collision times = 2
0, Player, player
0, Player, get, initialShield
0, Coward1, AI
0, Betrayal2, AI
0, Drunkard3, AI
0, Foe4, AI
0, Juicehead5, AI
0, Alcoholic6, AI
0, Lush7, AI
0, Adjuster8, AI
0, Bongfu9, AI
0.117546, Lush7, shoot, Lush7, False
1.577546, Bongfu9, get, coin_v_1
1.977546, Alcoholic6, get, coin_v_1
2.117546, Betrayal2, shoot, Betrayal2, False
2.417546, Bongfu9, get, coin_v_1
3.217546, Juicehead5, get, coin_v_1
3.397546, Juicehead5, get, coin_v_1
3.437546, Drunkard3, get, coin_v_1
3.617546, Juicehead5, shoot, Player, False
4.117546, Drunkard3, get, coin_v_1
4.277546, Juicehead5, shoot, Bongfu9, False
4.297546, Coward1, get, coin_v_1
4.717546, Lush7, shoot, Drunkard3, False
4.757546, Lush7, shoot, Lush7, False
4.817546, Alcoholic6, get, coin_v_1
4.817546, Betrayal2, shoot, Juicehead5, False
5.077546, Player, shoot, Player, False
5.177546, Bongfu9, shoot, Juicehead5, False
5.337546, Alcoholic6, get, coin_v_1
5.417546, Foe4, shoot, Adjuster8, False
5.417546, Foe4, shoot, Bongfu9, False
5.417546, Adjuster8, shoot, Foe4, False
5.417546, Bongfu9, shoot, Adjuster8, False
5.417546, Adjuster8, shoot, Bongfu9, False
5.457546, Bongfu9, shoot, Player, False
5.657546, Player, shoot, Juicehead5, False
5.737546, Drunkard3, get, coin_v_1
6.017546, Adjuster8, shoot, Player, False
6.017546, Player, shoot, Adjuster8, False
7.157546, Coward1, get, coin_v_1
7.277546, Player, shoot, Foe4, False
7.837546, Foe4, shoot, Player, False
8.377545, Adjuster8, get, coin_v_1
8.540297, Alcoholic6, deleted 
8.540297, gen, shield
8.540297, Alcoholic10, AI
8.797545, Coward1, get, coin_v_1
8.977546, Betrayal2, shoot, Coward1, False
9.317546, Coward1, shoot, Betrayal2, False
9.437546, Juicehead5, get, coin_v_1
9.757545, Juicehead5, get, coin_v_1
10.05755, Player, shoot, Foe4, False
10.73755, Coward1, get, coin_v_1
10.81755, Foe4, shoot, Player, False
11.20131, Alcoholic10, deleted 
11.20131, gen, horse
11.20131, Alcoholic11, AI
11.60106, Lush7, deleted 
11.60106, gen, shield
11.60106, Lush12, AI
11.73918, Drunkard3, deleted 
11.73918, gen, horse
11.73918, Drunkard13, AI
11.99755, Drunkard13, get, coin_v_1
12.17755, Player, shoot, Adjuster8, False
12.65755, Adjuster8, shoot, Coward1, False
12.83755, Drunkard13, shoot, Lush12, False
12.91755, Player, shoot, Adjuster8, False
13.27755, Coward1, shoot, Bongfu9, False
13.53755, Foe4, shoot, Bongfu9, False
13.75755, Player, shoot, Player, False
13.89755, Alcoholic11, get, horse
13.91931, Alcoholic11, deleted 
13.91931, gen, horse
13.91931, Alcoholic14, AI
14.17755, Bongfu9, shoot, Coward1, False
14.37755, Player, shoot, Adjuster8, False
14.38581, Lush12, deleted 
14.38581, gen, horse
14.38581, Lush15, AI
14.53755, Alcoholic14, shoot, Alcoholic14, False
14.87755, Player, shoot, Alcoholic14, False
14.93755, Drunkard13, get, horse
14.97964, Drunkard13, deleted 
14.97964, gen, shield
14.97964, Drunkard16, AI
14.99755, Drunkard16, shoot, Alcoholic14, False
15.01755, Player, shoot, Adjuster8, False
15.01755, Adjuster8, shoot, Player, False
15.01755, Alcoholic14, shoot, Drunkard16, False
15.73755, Drunkard16, shoot, Drunkard16, False
15.81755, Adjuster8, shoot, Adjuster8, False
16.03755, Drunkard16, shoot, Drunkard16, False
16.83755, Player, shoot, Player, False
16.91755, Adjuster8, shoot, Adjuster8, False
17.10141, Lush15, deleted 
17.10141, gen, horse
17.10141, Lush17, AI
17.37755, Adjuster8, shoot, Coward1, False
17.53755, Adjuster8, shoot, Foe4, False
17.59755, Player, shoot, Player, True
Normal Close
