Game Time: 2022/3/1 17:44:22
Version: 1.0.0.2 with bullet collision times = 2
0, Player, player
0, Player, get, initialShield
0, Coward1, AI
0, Betrayal2, AI
0, Drunkard3, AI
0, Foe4, AI
0, Juicehead5, AI
0, Alcoholic6, AI
0, Lush7, AI
0, Adjuster8, AI
0, Bongfu9, AI
1.029165, Juicehead5, get, coin_v_1
1.169165, Bongfu9, get, coin_v_1
1.509165, Foe4, get, coin_v_1
1.849165, Lush7, get, coin_v_1
1.909165, Alcoholic6, shoot, Alcoholic6, False
2.009165, Bongfu9, get, coin_v_1
2.269165, Alcoholic6, get, coin_v_1
2.309165, Foe4, shoot, Lush7, False
2.329165, Betrayal2, get, coin_v_1
3.429165, Alcoholic6, get, coin_v_1
3.489165, Drunkard3, get, coin_v_1
3.769165, Adjuster8, shoot, Player, False
3.835239, Juicehead5, deleted 
3.835239, gen, horse
3.835239, Juicehead10, AI
4.169165, Drunkard3, get, coin_v_1
5.069165, Betrayal2, get, coin_v_1
5.589165, Player, shoot, Foe4, False
6.149165, Lush7, shoot, Drunkard3, False
6.529165, Alcoholic6, get, coin_v_1
6.729165, Drunkard3, shoot, Drunkard3, False
6.971148, Juicehead10, deleted 
6.971148, gen, shield
6.971148, Juicehead11, AI
7.409165, Player, shoot, Lush7, False
7.549165, Coward1, shoot, Coward1, False
7.749165, Coward1, get, coin_v_1
8.229165, Foe4, shoot, Player, False
8.969165, Player, shoot, Adjuster8, False
9.329165, Lush7, shoot, Lush7, False
9.489889, Bongfu9, deleted 
9.489889, gen, shield
9.489889, Bongfu12, AI
10.15291, Alcoholic6, deleted 
10.15291, gen, shield
10.15291, Alcoholic13, AI
10.33137, Juicehead11, deleted 
10.33137, gen, horse
10.33137, Juicehead14, AI
10.80917, Adjuster8, shoot, Player, False
10.88916, Juicehead14, shoot, Alcoholic13, False
12.14916, Drunkard3, get, coin_v_1
12.42916, Adjuster8, shoot, Foe4, False
12.42916, Player, shoot, Foe4, False
12.60916, Adjuster8, shoot, Foe4, False
12.60916, Foe4, shoot, Adjuster8, False
12.63131, Bongfu12, deleted 
12.63131, gen, horse
12.63131, Bongfu15, AI
12.64916, Juicehead14, shoot, Alcoholic13, False
12.72916, Betrayal2, shoot, Betrayal2, False
12.72916, Player, shoot, Adjuster8, False
13.22916, Player, shoot, Adjuster8, False
13.48916, Alcoholic13, get, horse
13.61335, Alcoholic13, deleted 
13.61335, gen, shield
13.61335, Alcoholic16, AI
13.72916, Juicehead14, get, shield
13.76917, Foe4, shoot, Adjuster8, False
13.80986, Juicehead14, deleted 
13.80986, gen, horse
13.80986, Juicehead17, AI
14.26916, Adjuster8, get, coin_v_1
14.50916, Foe4, shoot, Foe4, False
14.50916, Coward1, shoot, Coward1, False
14.94916, Player, shoot, Adjuster8, False
15.12916, Adjuster8, shoot, Foe4, False
16.20916, Adjuster8, shoot, Player, False
16.20916, Adjuster8, shoot, Player, False
16.20916, Adjuster8, shoot, Player, False
16.20916, Player, shoot, Adjuster8, False
16.40916, Bongfu15, shoot, Bongfu15, False
16.56916, Foe4, shoot, Adjuster8, False
17.20916, Juicehead17, get, horse
17.24916, Lush7, get, coin_v_1
17.35152, Juicehead17, deleted 
17.35152, gen, horse
17.35152, Juicehead18, AI
17.67062, Alcoholic16, deleted 
17.67062, gen, shield
17.67062, Alcoholic19, AI
17.70916, Player, shoot, Foe4, False
17.80916, Player, shoot, Drunkard3, False
17.84916, Player, shoot, Bongfu15, False
18.18917, Betrayal2, get, coin_v_1
18.18917, Foe4, shoot, Coward1, False
18.30916, Alcoholic19, shoot, Juicehead18, False
18.80916, Foe4, shoot, Drunkard3, False
18.90916, Foe4, shoot, Player, False
19.28916, Lush7, get, coin_v_1
19.62916, Coward1, shoot, Coward1, False
19.74916, Coward1, shoot, Bongfu15, False
20.08916, Foe4, shoot, Adjuster8, False
20.10917, Adjuster8, shoot, Player, False
20.10917, Alcoholic19, shoot, Juicehead18, False
20.16916, Adjuster8, shoot, Player, False
20.40916, Foe4, shoot, Player, True
Normal Close
