Game Time: 2022/3/1 17:02:04
Version: 1.0.0.2 with bullet collision times = 2
0, Player, player
0, Player, get, initialShield
0, Coward1, AI
0, Betrayal2, AI
0, Drunkard3, AI
0, Foe4, AI
0, Juicehead5, AI
0, Alcoholic6, AI
0, Lush7, AI
0, Adjuster8, AI
0, Bongfu9, AI
1.256469, Bongfu9, get, coin_v_1
2.096469, Bongfu9, get, coin_v_1
2.416469, Alcoholic6, get, coin_v_1
2.916469, Adjuster8, shoot, Coward1, False
3.116469, Juicehead5, get, coin_v_1
3.296469, Juicehead5, get, coin_v_1
3.296469, Bongfu9, shoot, Lush7, False
3.896469, Bongfu9, shoot, Alcoholic6, False
4.816469, Coward1, shoot, Player, False
6.87902, Betrayal2, deleted 
6.87902, gen, shield
6.87902, Betrayal10, AI
7.176469, Alcoholic6, shoot, Alcoholic6, False
7.376469, Drunkard3, shoot, Drunkard3, False
7.816469, Lush7, get, coin_v_1
8.176469, Betrayal10, shoot, Betrayal10, False
8.396469, Juicehead5, get, coin_v_1
8.516469, Lush7, shoot, Lush7, False
8.616468, Player, shoot, Adjuster8, False
9.196468, Betrayal10, get, coin_v_1
9.278662, Bongfu9, deleted 
9.278662, gen, shield
9.278662, Bongfu11, AI
10.11647, Betrayal10, get, coin_v_1
10.33647, Drunkard3, shoot, Drunkard3, False
10.61647, Lush7, get, coin_v_1
10.73914, Alcoholic6, deleted 
10.73914, gen, shield
10.73914, Alcoholic12, AI
10.91647, Drunkard3, shoot, Drunkard3, False
11.07647, Lush7, shoot, Lush7, False
11.77647, Lush7, shoot, Alcoholic12, False
12.57647, Betrayal10, get, coin_v_1
12.61647, Drunkard3, shoot, Adjuster8, False
12.71647, Drunkard3, shoot, Drunkard3, False
12.73647, Player, shoot, Foe4, False
12.77703, Bongfu11, deleted 
12.77703, gen, horse
12.77703, Bongfu13, AI
13.13647, Alcoholic12, shoot, Juicehead5, False
13.33647, Adjuster8, shoot, Adjuster8, False
14.29826, Juicehead5, deleted 
14.29826, gen, shield
14.29826, Juicehead14, AI
14.39647, Juicehead14, get, coin_v_1
14.67647, Lush7, shoot, Lush7, False
14.83647, Juicehead14, shoot, Juicehead14, False
15.51647, Drunkard3, shoot, Adjuster8, False
15.53953, Alcoholic12, deleted 
15.53953, gen, shield
15.53953, Alcoholic15, AI
15.73647, Juicehead14, shoot, Juicehead14, False
16.03647, Juicehead14, shoot, Juicehead14, False
16.33647, Juicehead14, shoot, Juicehead14, False
16.62331, Bongfu13, deleted 
16.62331, gen, horse
16.62331, Bongfu16, AI
16.78145, Betrayal10, deleted 
16.78145, gen, horse
16.78145, Betrayal17, AI
16.83647, Adjuster8, shoot, Player, False
17.75647, Drunkard3, shoot, Alcoholic15, False
18.01647, Foe4, shoot, Player, False
18.11647, Lush7, shoot, Lush7, False
18.33647, Drunkard3, shoot, Foe4, False
18.43931, Coward1, deleted 
18.43931, gen, horse
18.43931, Coward18, AI
18.83647, Drunkard3, shoot, Foe4, False
19.09647, Drunkard3, shoot, Foe4, False
19.25647, Drunkard3, shoot, Betrayal17, False
19.69647, Drunkard3, shoot, Betrayal17, False
19.79647, Adjuster8, shoot, Betrayal17, False
19.81647, Drunkard3, shoot, Betrayal17, False
19.81647, Drunkard3, shoot, Betrayal17, False
19.81647, Drunkard3, shoot, Betrayal17, False
19.83647, Betrayal17, shoot, Drunkard3, False
19.95647, Adjuster8, shoot, Betrayal17, False
20.41647, Drunkard3, shoot, Betrayal17, False
20.45647, Betrayal17, shoot, Drunkard3, False
21.03992, Bongfu16, deleted 
21.03992, gen, shield
21.03992, Bongfu19, AI
21.27647, Lush7, shoot, Lush7, False
21.33647, Lush7, get, coin_v_1
21.77647, Alcoholic15, get, coin_v_1
22.05647, Bongfu19, get, coin_v_1
22.41647, Foe4, shoot, Drunkard3, False
22.75647, Lush7, shoot, Juicehead14, False
23.11954, Coward18, deleted 
23.11954, gen, horse
23.11954, Coward20, AI
23.33647, Lush7, shoot, Juicehead14, False
23.51647, Drunkard3, shoot, Drunkard3, False
24.05647, Foe4, shoot, Betrayal17, False
24.15647, Adjuster8, shoot, Foe4, False
24.39647, Foe4, shoot, Foe4, False
24.49647, Drunkard3, shoot, Foe4, False
24.57647, Betrayal17, shoot, Betrayal17, True
24.57647, gen, shield
24.5783, Betrayal21, AI
24.77647, Juicehead14, get, coin_v_1
25.37647, Adjuster8, shoot, Foe4, False
25.59647, Drunkard3, get, coin_v_1
26.1581, Bongfu19, deleted 
26.1581, gen, horse
26.1581, Bongfu22, AI
26.65839, Coward20, deleted 
26.65839, gen, shield
26.65839, Coward23, AI
27.31647, Foe4, shoot, Drunkard3, False
27.61647, Bongfu22, shoot, Bongfu22, False
28.17647, Foe4, get, coin_v_1
28.9182, Juicehead14, deleted 
28.9182, gen, horse
28.9182, Juicehead24, AI
29.43647, Juicehead24, shoot, Bongfu22, False
29.57647, Drunkard3, shoot, Player, False
30.01647, Drunkard3, get, shield
30.11647, Foe4, shoot, Player, False
30.17647, Coward23, get, shield
30.31799, Coward23, deleted 
30.31799, gen, horse
30.31799, Coward25, AI
30.41647, Juicehead24, get, coin_v_1
30.55647, Drunkard3, shoot, Player, False
30.79647, Player, shoot, Adjuster8, False
31.09647, Juicehead24, shoot, Betrayal21, False
31.11647, Coward25, shoot, Coward25, False
31.15647, Drunkard3, shoot, Betrayal21, False
31.53647, Lush7, shoot, Coward25, False
31.57647, Bongfu22, shoot, Bongfu22, False
31.63907, Alcoholic15, deleted 
31.63907, gen, horse
31.63907, Alcoholic26, AI
31.83647, Drunkard3, shoot, Betrayal21, False
32.05647, Foe4, shoot, Player, False
32.11647, Lush7, shoot, Lush7, False
32.23647, Bongfu22, shoot, Bongfu22, False
32.41647, Foe4, shoot, Player, False
32.41647, Foe4, shoot, Player, False
32.41647, Player, shoot, Foe4, False
32.41647, Player, shoot, Foe4, True
32.41647, gen, shield
32.41897, Foe27, AI
32.45647, Adjuster8, shoot, Player, False
32.47647, Foe4, shoot, Player, False
32.49647, Foe4, shoot, Player, True
32.49647, Coward25, shoot, Foe27, False
Normal Close
