Game Time: 2022/3/1 17:49:32
Version: 1.0.0.2 with bullet collision times = 2
0, Player, player
0, Player, get, initialShield
0, Coward1, AI
0, Betrayal2, AI
0, Drunkard3, AI
0, Foe4, AI
0, Juicehead5, AI
0, Alcoholic6, AI
0, Lush7, AI
0, Adjuster8, AI
0, Bongfu9, AI
0.2304399, Betrayal2, shoot, Betrayal2, False
0.2304399, Drunkard3, shoot, Drunkard3, False
1.21044, Bongfu9, get, coin_v_1
1.29044, Foe4, get, coin_v_1
1.43044, Alcoholic6, get, coin_v_1
1.43044, Foe4, get, coin_v_1
2.05044, Bongfu9, get, coin_v_1
2.07044, Drunkard3, get, coin_v_1
2.09044, Alcoholic6, shoot, Betrayal2, False
2.09044, Juicehead5, shoot, Juicehead5, False
2.17044, Alcoholic6, get, coin_v_1
2.99044, Juicehead5, get, coin_v_1
3.49044, Betrayal2, get, coin_v_1
3.77044, Foe4, shoot, Bongfu9, False
3.87044, Juicehead5, get, coin_v_1
3.99044, Juicehead5, shoot, Drunkard3, False
4.01044, Player, shoot, Foe4, False
4.25044, Lush7, shoot, Lush7, False
4.29044, Alcoholic6, shoot, Alcoholic6, False
4.31044, Drunkard3, shoot, Player, False
4.87044, Player, shoot, Adjuster8, False
5.81044, Drunkard3, get, coin_v_1
6.81044, Lush7, get, coin_v_1
6.910439, Alcoholic6, shoot, Lush7, False
7.15044, Juicehead5, shoot, Adjuster8, False
7.216038, Coward1, deleted 
7.216038, gen, shield
7.216038, Coward10, AI
7.31044, Adjuster8, shoot, Player, False
7.81044, Adjuster8, shoot, Player, False
7.81044, Player, shoot, Foe4, False
7.87044, Juicehead5, get, coin_v_1
8.13044, Coward10, get, coin_v_1
8.71044, Adjuster8, shoot, Player, False
9.33044, Juicehead5, get, coin_v_1
9.791032, Bongfu9, deleted 
9.791032, gen, horse
9.791032, Bongfu11, AI
9.990439, Player, shoot, Foe4, False
10.03044, Coward10, get, coin_v_1
10.25044, Coward10, shoot, Adjuster8, False
11.43044, Bongfu11, shoot, Bongfu11, False
11.71044, Player, shoot, Coward10, False
12.11229, Drunkard3, deleted 
12.11229, gen, shield
12.11229, Drunkard12, AI
12.85044, Bongfu11, shoot, Coward10, False
13.07044, Drunkard12, get, coin_v_1
13.93044, Adjuster8, shoot, Foe4, False
14.03183, Betrayal2, deleted 
14.03183, gen, horse
14.03183, Betrayal13, AI
14.43044, Foe4, shoot, Adjuster8, False
14.57044, Player, shoot, Foe4, False
14.59044, Coward10, get, coin_v_1
14.83044, Alcoholic6, get, coin_v_1
14.91297, Lush7, deleted 
14.91297, gen, shield
14.91297, Lush14, AI
15.09044, Juicehead5, get, coin_v_1
15.55044, Drunkard12, get, coin_v_1
15.67044, Player, shoot, Juicehead5, False
16.09044, Foe4, get, coin_v_1
16.19044, Juicehead5, get, coin_v_1
16.83044, Foe4, shoot, Player, False
16.97044, Betrayal13, get, coin_v_1
17.03044, Foe4, shoot, Foe4, False
17.11044, Player, shoot, Betrayal13, False
17.69044, Juicehead5, get, coin_v_1
17.89044, Adjuster8, shoot, Adjuster8, False
17.93044, Betrayal13, get, coin_v_1
18.77044, Foe4, get, coin_v_1
19.33251, Juicehead5, deleted 
19.33251, gen, horse
19.33251, Juicehead15, AI
19.93044, Betrayal13, shoot, Betrayal13, False
19.99124, Coward10, deleted 
19.99124, gen, horse
19.99124, Coward16, AI
20.05044, Player, shoot, Adjuster8, False
20.51044, Player, shoot, Adjuster8, False
20.53044, Adjuster8, shoot, Adjuster8, False
20.69044, Juicehead15, get, coin_v_1
20.83044, Foe4, shoot, Player, False
20.89044, Coward16, shoot, Coward16, False
21.83044, Player, shoot, Player, False
22.05044, Adjuster8, shoot, Alcoholic6, False
22.19044, Player, shoot, Adjuster8, False
22.45044, Player, shoot, Coward16, False
23.45044, Foe4, shoot, Adjuster8, True
23.45044, gen, shield
23.45108, Adjuster17, AI
23.57253, Bongfu11, deleted 
23.57253, gen, shield
23.57253, Bongfu18, AI
23.67044, Player, shoot, Player, False
23.77044, Player, shoot, Coward16, False
24.03044, Coward16, shoot, Foe4, False
24.17044, Foe4, shoot, Foe4, False
24.23044, Foe4, shoot, Foe4, False
24.3133, Betrayal13, deleted 
24.3133, gen, shield
24.3133, Betrayal19, AI
24.73044, Player, shoot, Player, False
25.47044, Player, shoot, Player, False
26.49044, Adjuster17, get, shield
26.53044, Player, shoot, Player, True
Normal Close
