Game Time: 2022/3/1 16:52:12
Version: 1.0.0.2 with bullet collision times = 2
0, Player, player
0, Player, get, initialShield
0, Coward1, AI
0, Betrayal2, AI
0, Drunkard3, AI
0, Foe4, AI
0, Juicehead5, AI
0, Alcoholic6, AI
0, Lush7, AI
0, Adjuster8, AI
0, Bongfu9, AI
1.035919, Foe4, get, coin_v_1
1.155919, Bongfu9, get, coin_v_1
1.515919, Lush7, get, coin_v_1
1.975919, Bongfu9, get, coin_v_1
2.115919, Coward1, get, coin_v_1
2.235919, Alcoholic6, get, coin_v_1
2.975919, Juicehead5, shoot, Coward1, False
3.335919, Juicehead5, get, coin_v_1
3.615919, Alcoholic6, shoot, Lush7, False
3.615919, Lush7, shoot, Alcoholic6, False
3.655919, Coward1, shoot, Juicehead5, False
3.715919, Drunkard3, get, coin_v_1
3.735919, Foe4, shoot, Foe4, False
4.195919, Player, shoot, Adjuster8, False
4.415919, Drunkard3, get, coin_v_1
4.435919, Juicehead5, shoot, Player, False
4.815919, Bongfu9, get, coin_v_1
4.935919, Foe4, shoot, Foe4, False
5.235919, Foe4, shoot, Foe4, False
5.535919, Foe4, shoot, Foe4, False
5.815919, Bongfu9, get, coin_v_1
6.135919, Foe4, shoot, Foe4, False
7.035919, Foe4, shoot, Foe4, False
7.335919, Foe4, shoot, Foe4, False
7.835919, Foe4, shoot, Foe4, False
7.935919, Foe4, shoot, Foe4, False
8.799063, Lush7, deleted 
8.799063, gen, shield
8.799063, Lush10, AI
8.815919, Foe4, shoot, Foe4, True
8.815919, gen, shield
8.817946, Foe11, AI
8.836962, Alcoholic6, deleted 
8.836962, gen, shield
8.836962, Alcoholic12, AI
9.015919, Alcoholic12, shoot, Lush10, False
9.135919, Coward1, shoot, Player, False
9.235919, Foe4, shoot, Foe11, False
9.275919, Foe4, shoot, Juicehead5, False
9.297921, Bongfu9, deleted 
9.297921, gen, shield
9.297921, Bongfu13, AI
10.63862, Drunkard3, deleted 
10.63862, gen, horse
10.63862, Drunkard14, AI
10.83592, Drunkard14, get, coin_v_1
10.83592, Alcoholic12, shoot, Lush10, False
11.21592, Bongfu13, shoot, Alcoholic12, False
11.31592, Betrayal2, shoot, Coward1, False
12.45624, Lush10, deleted 
12.45624, gen, shield
12.45624, Lush15, AI
12.53592, Alcoholic12, get, shield
12.61731, Alcoholic12, deleted 
12.61731, gen, shield
12.61731, Alcoholic16, AI
12.69592, Alcoholic16, shoot, Lush15, False
12.97736, Bongfu13, deleted 
12.97736, gen, horse
12.97736, Bongfu17, AI
13.87592, Alcoholic16, get, coin_v_1
14.45592, Alcoholic16, get, coin_v_1
14.49592, Coward1, get, coin_v_1
16.17592, Juicehead5, shoot, Player, False
16.21592, Adjuster8, shoot, Alcoholic16, False
16.39592, Betrayal2, shoot, Betrayal2, False
16.47925, Lush15, deleted 
16.47925, gen, shield
16.47925, Lush18, AI
17.03869, Bongfu17, deleted 
17.03869, gen, horse
17.03869, Bongfu19, AI
17.41592, Juicehead5, shoot, Player, False
18.13592, Bongfu19, shoot, Bongfu19, False
18.21592, Player, shoot, Foe11, False
19.29592, Foe11, shoot, Adjuster8, False
19.55592, Coward1, shoot, Lush18, False
20.23592, Foe11, shoot, Juicehead5, False
20.29592, Juicehead5, shoot, Foe11, False
20.43592, Bongfu19, shoot, Alcoholic16, False
21.01592, Adjuster8, shoot, Foe11, False
21.03601, Lush18, deleted 
21.03601, gen, horse
21.03601, Lush20, AI
21.13592, Betrayal2, shoot, Betrayal2, False
21.43592, Betrayal2, shoot, Betrayal2, False
21.43592, Juicehead5, shoot, Adjuster8, False
21.43592, Alcoholic16, shoot, Alcoholic16, False
21.79592, Foe11, shoot, Foe11, False
21.91592, Player, shoot, Adjuster8, False
22.01592, Lush20, get, coin_v_1
22.31592, Betrayal2, shoot, Betrayal2, False
22.51592, Alcoholic16, shoot, Alcoholic16, False
23.19592, Juicehead5, shoot, Player, False
23.37592, Alcoholic16, shoot, Alcoholic16, False
23.59592, Bongfu19, get, coin_v_1
23.71592, Player, shoot, Adjuster8, False
23.99592, Bongfu19, shoot, Bongfu19, False
24.15592, Bongfu19, shoot, Bongfu19, False
24.43592, Player, shoot, Player, False
24.47982, Lush20, deleted 
24.47982, gen, shield
24.47982, Lush21, AI
24.95592, Lush21, get, coin_v_1
25.63592, Bongfu19, get, coin_v_1
26.07865, Coward1, deleted 
26.07865, gen, shield
26.07865, Coward22, AI
26.19592, Betrayal2, get, coin_v_1
26.71592, Player, shoot, Foe11, False
27.11592, Adjuster8, shoot, Adjuster8, False
27.13592, Coward22, shoot, Coward22, False
27.25592, Player, shoot, Adjuster8, False
28.07767, Lush21, deleted 
28.07767, gen, shield
28.07767, Lush23, AI
28.53592, Betrayal2, get, coin_v_1
28.55592, Alcoholic16, shoot, Lush23, False
28.75592, Lush23, get, coin_v_1
28.75592, Betrayal2, get, coin_v_1
28.75592, Foe11, shoot, Player, False
29.01592, Alcoholic16, shoot, Alcoholic16, False
29.11592, Juicehead5, get, coin_v_1
29.13592, Alcoholic16, shoot, Coward22, False
29.39592, Alcoholic16, get, shield
29.49592, Alcoholic16, get, coin_v_1
30.29592, Alcoholic16, get, coin_v_1
30.37592, Adjuster8, shoot, Adjuster8, False
30.45592, Player, shoot, Adjuster8, False
30.79592, Player, shoot, Adjuster8, False
31.01592, Foe11, shoot, Player, False
31.27592, Player, shoot, Player, False
31.39592, Foe11, shoot, Player, True
31.39592, Juicehead5, shoot, Juicehead5, False
Normal Close
