Game Time: 2022/3/1 16:43:26
Version: 1.0.0.2 with bullet collision times = 2
0, Player, player
0, Player, get, initialShield
0, Coward1, AI
0, Betrayal2, AI
0, Drunkard3, AI
0, Foe4, AI
0, Juicehead5, AI
0, Alcoholic6, AI
0, Lush7, AI
0, Adjuster8, AI
0, Bongfu9, AI
0.2276395, Foe4, shoot, Foe4, False
1.087639, Juicehead5, get, coin_v_1
1.247639, Coward1, shoot, Adjuster8, False
1.507639, Bongfu9, get, coin_v_1
2.227639, Alcoholic6, get, coin_v_1
2.227639, Foe4, shoot, Adjuster8, False
2.267639, Betrayal2, get, coin_v_1
2.34764, Bongfu9, get, coin_v_1
2.467639, Adjuster8, shoot, Foe4, False
2.467639, Alcoholic6, shoot, Betrayal2, False
2.86764, Coward1, get, coin_v_1
3.527639, Foe4, shoot, Adjuster8, False
3.567639, Adjuster8, shoot, Bongfu9, False
3.607639, Drunkard3, get, coin_v_1
3.787639, Foe4, shoot, Bongfu9, False
3.807639, Betrayal2, shoot, Drunkard3, False
4.187639, Drunkard3, shoot, Alcoholic6, False
4.28764, Drunkard3, get, coin_v_1
4.30764, Coward1, get, coin_v_1
4.38764, Adjuster8, shoot, Drunkard3, False
5.30764, Adjuster8, get, coin_v_1
5.80764, Drunkard3, shoot, Drunkard3, False
5.88764, Juicehead5, get, coin_v_1
5.90764, Betrayal2, get, coin_v_1
6.087639, Adjuster8, shoot, Player, False
6.40764, Bongfu9, shoot, Foe4, False
6.567639, Coward1, shoot, Bongfu9, False
7.647639, Betrayal2, shoot, Betrayal2, False
8.267639, Betrayal2, get, coin_v_1
9.627639, Alcoholic6, shoot, Bongfu9, False
9.727639, Adjuster8, shoot, Adjuster8, False
10.08764, Coward1, shoot, Bongfu9, False
10.98764, Foe4, shoot, Player, False
11.40764, Foe4, shoot, Player, False
11.42764, Lush7, get, coin_v_1
11.95285, Drunkard3, deleted 
11.95285, gen, horse
11.95285, Drunkard10, AI
12.12764, Bongfu9, get, coin_v_1
12.30764, Foe4, shoot, Player, False
12.60764, Foe4, shoot, Player, False
12.86851, Betrayal2, deleted 
12.86851, gen, shield
12.86851, Betrayal11, AI
13.30764, Foe4, shoot, Foe4, False
13.56764, Betrayal11, shoot, Bongfu9, False
13.96764, Drunkard10, get, coin_v_1
14.02764, Adjuster8, shoot, Player, False
14.14764, Betrayal11, get, coin_v_1
14.38764, Foe4, shoot, Foe4, False
14.50764, Adjuster8, shoot, Adjuster8, False
15.26764, Adjuster8, get, coin_v_1
15.26764, Player, shoot, Player, False
15.90764, Drunkard10, get, coin_v_1
15.98764, Bongfu9, shoot, Betrayal11, False
16.04989, Alcoholic6, deleted 
16.04989, gen, horse
16.04989, Alcoholic12, AI
16.14764, Adjuster8, shoot, Foe4, False
16.32764, Lush7, shoot, Lush7, False
17.04764, Bongfu9, shoot, Betrayal11, False
17.10764, Player, shoot, Player, False
17.50764, Bongfu9, get, coin_v_1
17.62764, Lush7, get, coin_v_1
18.16764, Bongfu9, get, coin_v_1
18.18764, Foe4, shoot, Foe4, False
18.32764, Adjuster8, shoot, Foe4, False
18.42764, Bongfu9, shoot, Adjuster8, False
18.47145, Alcoholic12, deleted 
18.47145, gen, shield
18.47145, Alcoholic13, AI
18.52764, Bongfu9, get, coin_v_1
18.58764, Adjuster8, shoot, Bongfu9, False
18.70764, Bongfu9, shoot, Bongfu9, False
19.02764, Foe4, shoot, Bongfu9, False
19.30871, Coward1, deleted 
19.30871, gen, shield
19.30871, Coward14, AI
19.40764, Betrayal11, get, coin_v_1
19.50969, Juicehead5, deleted 
19.50969, gen, shield
19.50969, Juicehead15, AI
19.62764, Adjuster8, shoot, Adjuster8, False
19.96857, Drunkard10, deleted 
19.96857, gen, shield
19.96857, Drunkard16, AI
20.10764, Player, shoot, Player, False
20.10764, Betrayal11, shoot, Betrayal11, False
20.24764, Bongfu9, get, coin_v_1
20.34764, Drunkard16, get, coin_v_1
20.85026, Alcoholic13, deleted 
20.85026, gen, horse
20.85026, Alcoholic17, AI
21.34764, Player, shoot, Player, True
Normal Close
