Game Time: 2022/3/1 18:20:01
Version: 1.0.0.2 with bullet collision times = 2
0, Player, player
0, Player, get, initialShield
0, Coward1, AI
0, Betrayal2, AI
0, Drunkard3, AI
0, Foe4, AI
0, Juicehead5, AI
0, Alcoholic6, AI
0, Lush7, AI
0, Adjuster8, AI
0, Bongfu9, AI
1.076896, Lush7, get, coin_v_1
1.596896, Bongfu9, get, coin_v_1
1.976896, Player, shoot, Coward1, False
2.336896, Foe4, shoot, Lush7, False
2.416896, Bongfu9, get, coin_v_1
2.676896, Alcoholic6, get, coin_v_1
2.996896, Lush7, get, coin_v_1
3.276896, Juicehead5, get, coin_v_1
3.516896, Juicehead5, get, coin_v_1
3.916896, Coward1, get, coin_v_1
4.016896, Juicehead5, shoot, Foe4, False
4.376896, Adjuster8, shoot, Coward1, False
5.156896, Player, shoot, Alcoholic6, False
5.176896, Bongfu9, get, coin_v_1
5.296896, Betrayal2, get, coin_v_1
5.476896, Drunkard3, get, coin_v_1
5.496896, Adjuster8, shoot, Foe4, False
6.516896, Foe4, shoot, Player, False
6.676896, Bongfu9, get, coin_v_1
6.756896, Player, shoot, Foe4, False
6.776896, Drunkard3, get, coin_v_1
7.116896, Foe4, shoot, Adjuster8, False
7.316896, Drunkard3, get, coin_v_1
7.396896, Alcoholic6, shoot, Alcoholic6, False
7.456896, Adjuster8, shoot, Adjuster8, False
7.757071, Lush7, deleted 
7.757071, gen, shield
7.757071, Lush10, AI
7.936896, Alcoholic6, shoot, Lush10, False
7.976896, Juicehead5, shoot, Juicehead5, False
8.160039, Betrayal2, deleted 
8.160039, gen, horse
8.160039, Betrayal11, AI
8.416896, Betrayal11, get, coin_v_1
9.660621, Bongfu9, deleted 
9.660621, gen, shield
9.660621, Bongfu12, AI
9.876896, Juicehead5, shoot, Juicehead5, False
10.19733, Drunkard3, deleted 
10.19733, gen, shield
10.19733, Drunkard13, AI
10.6769, Foe4, shoot, Player, False
10.83786, Lush10, deleted 
10.83786, gen, shield
10.83786, Lush14, AI
10.9569, Adjuster8, get, coin_v_1
12.1369, Player, shoot, Betrayal11, False
12.7169, Foe4, shoot, Betrayal11, False
12.7169, Foe4, shoot, Player, False
12.8569, Foe4, shoot, Foe4, False
13.05876, Drunkard13, deleted 
13.05876, gen, shield
13.05876, Drunkard15, AI
13.2769, Player, shoot, Foe4, False
14.0569, Alcoholic6, shoot, Bongfu12, False
14.12084, Lush14, deleted 
14.12084, gen, horse
14.12084, Lush16, AI
14.2169, Betrayal11, get, coin_v_1
14.2769, Bongfu12, get, coin_v_1
14.6969, Foe4, shoot, Player, False
14.7569, Bongfu12, get, coin_v_1
15.1369, Foe4, shoot, Foe4, False
15.2169, Bongfu12, shoot, Juicehead5, False
15.77813, Coward1, deleted 
15.77813, gen, horse
15.77813, Coward17, AI
16.02343, Drunkard15, deleted 
16.02343, gen, horse
16.02343, Drunkard18, AI
16.0969, Player, shoot, Foe4, False
16.4369, Foe4, shoot, Adjuster8, False
16.5769, Betrayal11, get, coin_v_1
17.4176, Lush16, deleted 
17.4176, gen, shield
17.4176, Lush19, AI
17.7769, Drunkard18, shoot, Juicehead5, False
18.2769, Coward17, shoot, Coward17, False
18.6569, Juicehead5, get, horse
18.69747, Juicehead5, deleted 
18.69747, gen, shield
18.69747, Juicehead20, AI
19.2369, Drunkard18, get, shield
19.34095, Drunkard18, deleted 
19.34095, gen, shield
19.34095, Drunkard21, AI
19.5569, Juicehead20, get, coin_v_1
19.8769, Player, shoot, Adjuster8, False
20.0969, Foe4, shoot, Adjuster8, False
20.33689, Foe4, shoot, Alcoholic6, False
20.4569, Bongfu12, get, coin_v_1
20.6569, Lush19, get, shield
20.7573, Lush19, deleted 
20.7573, gen, horse
20.7573, Lush22, AI
21.3769, Player, shoot, Foe4, False
21.6369, Foe4, shoot, Player, False
21.8169, Player, shoot, Adjuster8, False
21.83689, Adjuster8, shoot, Player, False
21.9769, Juicehead20, shoot, Juicehead20, False
22.46162, Betrayal11, deleted 
22.46162, gen, horse
22.46162, Betrayal23, AI
22.6169, Drunkard21, get, horse
22.61922, Drunkard21, deleted 
22.61922, gen, horse
22.61922, Drunkard24, AI
23.3969, Player, shoot, Juicehead20, False
23.76092, Alcoholic6, deleted 
23.76092, gen, shield
23.76092, Alcoholic25, AI
23.9569, Lush22, get, horse
24.01797, Lush22, deleted 
24.01797, gen, shield
24.01797, Lush26, AI
24.1169, Betrayal23, shoot, Juicehead20, False
26.11791, Drunkard24, deleted 
26.11791, gen, horse
26.11791, Drunkard27, AI
26.7169, Adjuster8, shoot, Player, False
27.1169, Player, shoot, Foe4, False
27.2369, Lush26, get, shield
27.2369, Alcoholic25, shoot, Juicehead20, False
27.23917, Lush26, deleted 
27.23917, gen, horse
27.23917, Lush28, AI
27.2769, Juicehead20, get, coin_v_1
27.9569, Alcoholic25, get, coin_v_1
28.0169, Player, shoot, Player, False
28.0369, Player, shoot, Player, False
28.3169, Foe4, shoot, Player, False
28.7169, Player, shoot, Player, True
Normal Close
