Game Time: 2022/3/1 16:34:18
Version: 1.0.0.2 with bullet collision times = 2
0, Player, player
0, Player, get, initialShield
0, Coward1, AI
0, Betrayal2, AI
0, Drunkard3, AI
0, Foe4, AI
0, Juicehead5, AI
0, Alcoholic6, AI
0, Lush7, AI
0, Adjuster8, AI
0, Bongfu9, AI
0.9312041, Drunkard3, get, coin_v_1
1.311204, Bongfu9, get, coin_v_1
1.551204, Lush7, get, coin_v_1
1.891204, Betrayal2, get, coin_v_1
2.151204, Bongfu9, get, coin_v_1
3.351204, Bongfu9, shoot, Lush7, False
3.471204, Juicehead5, get, coin_v_1
3.611204, Alcoholic6, shoot, Betrayal2, False
3.611204, Betrayal2, shoot, Alcoholic6, False
3.651204, Juicehead5, get, coin_v_1
3.731204, Foe4, shoot, Foe4, False
3.751204, Drunkard3, get, coin_v_1
3.771204, Juicehead5, shoot, Player, False
3.971204, Coward1, get, coin_v_1
3.991204, Alcoholic6, get, coin_v_1
4.231204, Juicehead5, shoot, Adjuster8, False
4.431204, Drunkard3, get, coin_v_1
4.491204, Drunkard3, shoot, Betrayal2, False
4.771204, Player, shoot, Alcoholic6, False
4.931204, Foe4, shoot, Foe4, False
5.231204, Foe4, shoot, Foe4, False
5.231204, Betrayal2, shoot, Betrayal2, False
6.251204, Alcoholic6, get, coin_v_1
6.591204, Foe4, shoot, Juicehead5, False
7.211204, Foe4, shoot, Adjuster8, False
7.331204, Foe4, shoot, Adjuster8, False
7.491204, Drunkard3, get, coin_v_1
8.011204, Alcoholic6, shoot, Alcoholic6, False
8.055071, Coward1, deleted 
8.055071, gen, shield
8.055071, Coward10, AI
8.251204, Lush7, get, coin_v_1
9.831203, Juicehead5, get, coin_v_1
10.0312, Alcoholic6, shoot, Alcoholic6, False
10.6112, Alcoholic6, shoot, Alcoholic6, False
10.61339, Drunkard3, deleted 
10.61339, gen, shield
10.61339, Drunkard11, AI
10.8712, Foe4, shoot, Player, False
11.13195, Lush7, deleted 
11.13195, gen, horse
11.13195, Lush12, AI
11.2912, Lush12, shoot, Lush12, False
11.2912, Alcoholic6, shoot, Drunkard11, False
11.4112, Foe4, shoot, Player, False
11.7312, Coward10, get, shield
11.93296, Coward10, deleted 
11.93296, gen, shield
11.93296, Coward13, AI
13.4512, Alcoholic6, shoot, Juicehead5, False
13.575, Drunkard11, deleted 
13.575, gen, horse
13.575, Drunkard14, AI
14.27509, Alcoholic6, deleted 
14.27509, gen, horse
14.27509, Alcoholic15, AI
14.4112, Adjuster8, shoot, Player, False
14.4112, Adjuster8, shoot, Player, False
14.4112, Player, shoot, Adjuster8, False
14.4712, Foe4, shoot, Betrayal2, False
14.5112, Drunkard14, shoot, Drunkard14, False
14.5312, Lush12, shoot, Lush12, False
15.2312, Bongfu9, get, coin_v_1
15.37272, Coward13, deleted 
15.37272, gen, shield
15.37272, Coward16, AI
15.6712, Drunkard14, get, coin_v_1
16.8112, Player, shoot, Betrayal2, False
16.8112, Foe4, shoot, Player, False
17.1912, Betrayal2, get, coin_v_1
17.99368, Bongfu9, deleted 
17.99368, gen, shield
17.99368, Bongfu17, AI
18.2512, Player, shoot, Adjuster8, False
18.4112, Player, shoot, Foe4, False
18.45227, Alcoholic15, deleted 
18.45227, gen, horse
18.45227, Alcoholic18, AI
18.5912, Drunkard14, get, coin_v_1
19.0712, Alcoholic18, get, coin_v_1
19.07726, Juicehead5, deleted 
19.07726, gen, shield
19.07726, Juicehead19, AI
19.23723, Coward16, deleted 
19.23723, gen, shield
19.23723, Coward20, AI
19.5112, Foe4, shoot, Player, False
19.7712, Betrayal2, get, coin_v_1
19.8112, Player, shoot, Foe4, False
19.8112, Player, shoot, Foe4, False
19.8112, Player, shoot, Foe4, False
20.0312, Coward20, shoot, Coward20, False
20.71535, Lush12, deleted 
20.71535, gen, shield
20.71535, Lush21, AI
20.8912, Drunkard14, get, coin_v_1
21.21175, Bongfu17, deleted 
21.21175, gen, shield
21.21175, Bongfu22, AI
21.4912, Coward20, get, coin_v_1
21.6112, Bongfu22, shoot, Lush21, False
21.6112, Lush21, shoot, Bongfu22, False
21.7312, Coward20, get, coin_v_1
21.7512, Juicehead19, shoot, Coward20, False
22.2312, Player, shoot, Foe4, False
22.57298, Betrayal2, deleted 
22.57298, gen, shield
22.57298, Betrayal23, AI
23.2312, Alcoholic18, get, shield
23.4912, Foe4, shoot, Coward20, False
23.5712, Coward20, shoot, Foe4, False
23.8312, Coward20, shoot, Foe4, False
23.8912, Foe4, shoot, Player, False
23.9512, Player, shoot, Coward20, False
24.2512, Player, shoot, Adjuster8, False
24.6512, Foe4, shoot, Player, False
24.6512, Foe4, shoot, Player, False
24.6712, Foe4, shoot, Coward20, False
24.8712, Player, shoot, Foe4, True
24.8712, gen, shield
24.87424, Foe24, AI
24.9112, Coward20, shoot, Player, True
Normal Close
