Game Time: 2022/3/1 16:31:39
Version: 1.0.0.2 with bullet collision times = 2
0, Player, player
0, Player, get, initialShield
0, Coward1, AI
0, Betrayal2, AI
0, Drunkard3, AI
0, Foe4, AI
0, Juicehead5, AI
0, Alcoholic6, AI
0, Lush7, AI
0, Adjuster8, AI
0, Bongfu9, AI
0.1173315, Juicehead5, shoot, Juicehead5, False
1.237331, Coward1, shoot, Adjuster8, False
1.297331, Bongfu9, get, coin_v_1
2.097332, Player, shoot, Coward1, False
2.117332, Drunkard3, get, coin_v_1
2.117332, Bongfu9, get, coin_v_1
2.217331, Alcoholic6, get, coin_v_1
3.057331, Coward1, shoot, Lush7, False
3.417331, Adjuster8, shoot, Coward1, False
3.537331, Drunkard3, get, coin_v_1
4.217331, Drunkard3, get, coin_v_1
4.617332, Drunkard3, shoot, Bongfu9, False
5.157331, Lush7, get, coin_v_1
5.417331, Coward1, shoot, Lush7, False
5.557332, Coward1, shoot, Adjuster8, False
5.737331, Juicehead5, get, coin_v_1
6.317331, Bongfu9, shoot, Player, False
6.657331, Juicehead5, shoot, Coward1, False
6.917331, Bongfu9, shoot, Foe4, False
6.997331, Adjuster8, get, coin_v_1
7.117332, Coward1, shoot, Coward1, False
7.237331, Juicehead5, shoot, Coward1, False
7.337331, Foe4, shoot, Foe4, False
7.377331, Lush7, shoot, Bongfu9, False
7.817331, Bongfu9, shoot, Adjuster8, False
7.817331, Adjuster8, shoot, Bongfu9, False
8.097331, Coward1, get, coin_v_1
8.317331, Betrayal2, shoot, Betrayal2, False
8.377332, Foe4, shoot, Bongfu9, False
8.577332, Lush7, get, coin_v_1
8.917332, Lush7, get, coin_v_1
9.577332, Betrayal2, shoot, Adjuster8, False
9.617332, Bongfu9, shoot, Lush7, False
9.637331, Betrayal2, shoot, Betrayal2, False
9.737331, Foe4, shoot, Foe4, False
10.43759, Drunkard3, deleted 
10.43759, gen, horse
10.43759, Drunkard10, AI
10.45733, Coward1, shoot, Adjuster8, False
10.95733, Adjuster8, shoot, Adjuster8, False
11.08289, Juicehead5, deleted 
11.08289, gen, shield
11.08289, Juicehead11, AI
11.61733, Adjuster8, shoot, Player, False
12.47733, Coward1, get, coin_v_1
12.77733, Betrayal2, shoot, Player, False
13.21733, Adjuster8, shoot, Foe4, False
13.21733, Foe4, shoot, Adjuster8, False
13.33733, Coward1, get, coin_v_1
13.53802, Drunkard10, deleted 
13.53802, gen, shield
13.53802, Drunkard12, AI
14.53733, Player, shoot, Foe4, False
14.61733, Foe4, shoot, Player, False
14.71733, Foe4, shoot, Betrayal2, False
14.73733, Coward1, get, coin_v_1
15.00008, Juicehead11, deleted 
15.00008, gen, shield
15.00008, Juicehead13, AI
15.13733, Coward1, get, coin_v_1
16.31733, Coward1, get, coin_v_1
16.59733, Juicehead13, get, coin_v_1
16.65733, Drunkard12, get, coin_v_1
16.65733, Adjuster8, shoot, Foe4, False
16.99733, Adjuster8, shoot, Foe4, False
18.43733, Player, shoot, Foe4, False
18.61733, Player, shoot, Adjuster8, False
18.61733, Adjuster8, shoot, Player, False
19.03733, Juicehead13, get, shield
19.121, Juicehead13, deleted 
19.121, gen, shield
19.121, Juicehead14, AI
19.41733, Foe4, shoot, Player, False
20.6777, Alcoholic6, deleted 
20.6777, gen, horse
20.6777, Alcoholic15, AI
21.60301, Bongfu9, deleted 
21.60301, gen, shield
21.60301, Bongfu16, AI
21.79733, Adjuster8, shoot, Player, False
22.09733, Bongfu16, shoot, Alcoholic15, False
22.8793, Betrayal2, deleted 
22.8793, gen, horse
22.8793, Betrayal17, AI
22.97733, Adjuster8, shoot, Player, False
23.25733, Bongfu16, get, coin_v_1
23.91733, Adjuster8, get, coin_v_1
24.17733, Player, shoot, Foe4, False
24.61733, Foe4, shoot, Player, False
24.61733, Foe4, shoot, Player, True
24.61733, Player, shoot, Foe4, True
24.61733, gen, shield
Normal Close
