Game Time: 2022/3/1 16:52:44
Version: 1.0.0.2 with bullet collision times = 2
0, Player, player
0, Player, get, initialShield
0, Coward1, AI
0, Betrayal2, AI
0, Drunkard3, AI
0, Foe4, AI
0, Juicehead5, AI
0, Alcoholic6, AI
0, Lush7, AI
0, Adjuster8, AI
0, Bongfu9, AI
0.7269197, Juicehead5, get, coin_v_1
0.7469197, Foe4, get, coin_v_1
1.34692, Bongfu9, get, coin_v_1
1.44692, Alcoholic6, get, coin_v_1
2.18692, Bongfu9, get, coin_v_1
2.24692, Alcoholic6, get, coin_v_1
2.58692, Bongfu9, shoot, Coward1, False
2.86692, Juicehead5, get, coin_v_1
3.30692, Betrayal2, shoot, Drunkard3, False
3.50692, Juicehead5, shoot, Bongfu9, False
3.52692, Juicehead5, get, coin_v_1
4.54692, Juicehead5, shoot, Drunkard3, False
4.926919, Bongfu9, shoot, Bongfu9, False
5.446919, Lush7, get, coin_v_1
6.30692, Betrayal2, get, coin_v_1
7.22692, Bongfu9, shoot, Juicehead5, False
7.406919, Bongfu9, shoot, Betrayal2, False
7.546919, Juicehead5, shoot, Player, False
7.586919, Lush7, get, coin_v_1
7.586919, Bongfu9, shoot, Bongfu9, False
7.64692, Alcoholic6, get, coin_v_1
8.106919, Betrayal2, get, coin_v_1
8.66692, Player, shoot, Player, False
9.12692, Adjuster8, shoot, Juicehead5, False
9.306919, Player, shoot, Player, False
9.32692, Betrayal2, get, coin_v_1
9.36692, Bongfu9, get, coin_v_1
9.646919, Juicehead5, shoot, Adjuster8, False
9.74692, Lush7, get, coin_v_1
10.72706, Coward1, deleted 
10.72706, gen, shield
10.72706, Coward10, AI
10.78692, Player, shoot, Foe4, False
10.80692, Player, shoot, Foe4, False
10.92723, Drunkard3, deleted 
10.92723, gen, shield
10.92723, Drunkard11, AI
11.44692, Adjuster8, get, coin_v_1
11.74692, Player, shoot, Player, False
12.14692, Coward10, get, coin_v_1
12.74692, Alcoholic6, get, coin_v_1
12.82927, Betrayal2, deleted 
12.82927, gen, shield
12.82927, Betrayal12, AI
13.06995, Lush7, deleted 
13.06995, gen, horse
13.06995, Lush13, AI
13.20692, Player, shoot, Foe4, False
13.20692, Foe4, shoot, Player, False
13.63081, Drunkard11, deleted 
13.63081, gen, horse
13.63081, Drunkard14, AI
14.08692, Alcoholic6, get, coin_v_1
14.28692, Foe4, shoot, Juicehead5, False
14.40692, Foe4, shoot, Juicehead5, False
14.54692, Adjuster8, shoot, Adjuster8, False
15.40692, Bongfu9, shoot, Player, False
15.54692, Player, shoot, Player, False
15.82692, Betrayal12, get, coin_v_1
16.43007, Drunkard14, deleted 
16.43007, gen, shield
16.43007, Drunkard15, AI
16.54692, Player, shoot, Foe4, False
17.02692, Coward10, shoot, Alcoholic6, False
17.28692, Coward10, get, coin_v_1
17.58692, Bongfu9, get, coin_v_1
17.92692, Player, shoot, Foe4, False
18.22692, Player, shoot, Adjuster8, False
18.70692, Player, shoot, Coward10, False
18.70692, Bongfu9, shoot, Bongfu9, False
18.98692, Juicehead5, shoot, Juicehead5, False
19.22692, Player, shoot, Player, False
19.54692, Player, shoot, Adjuster8, False
19.57174, Drunkard15, deleted 
19.57174, gen, shield
19.57174, Drunkard16, AI
19.84692, Adjuster8, shoot, Player, False
20.00692, Bongfu9, shoot, Alcoholic6, False
20.08692, Juicehead5, shoot, Juicehead5, False
20.46692, Player, shoot, Player, True
Normal Close
