Game Time: 2022/3/1 17:46:52
Version: 1.0.0.2 with bullet collision times = 2
0, Player, player
0, Player, get, initialShield
0, Coward1, AI
0, Betrayal2, AI
0, Drunkard3, AI
0, Foe4, AI
0, Juicehead5, AI
0, Alcoholic6, AI
0, Lush7, AI
0, Adjuster8, AI
0, Bongfu9, AI
0.4592923, Foe4, get, coin_v_1
0.6392923, Alcoholic6, shoot, Alcoholic6, False
1.199292, Bongfu9, get, coin_v_1
2.059292, Bongfu9, get, coin_v_1
2.079292, Coward1, shoot, Adjuster8, False
2.279292, Alcoholic6, get, coin_v_1
2.499292, Betrayal2, get, coin_v_1
3.199292, Bongfu9, shoot, Lush7, False
3.719292, Adjuster8, shoot, Player, False
3.899292, Foe4, shoot, Adjuster8, False
3.94346, Juicehead5, deleted 
3.94346, gen, horse
3.94346, Juicehead10, AI
3.999292, Coward1, get, coin_v_1
5.039292, Player, shoot, Player, False
5.119292, Adjuster8, shoot, Foe4, False
5.379292, Player, shoot, Player, False
5.419292, Adjuster8, shoot, Foe4, False
5.419292, Foe4, shoot, Adjuster8, False
5.719292, Player, shoot, Player, False
6.179292, Lush7, get, coin_v_1
6.319292, Player, shoot, Player, False
6.359292, Foe4, shoot, Player, False
6.619292, Lush7, shoot, Foe4, False
6.759292, Player, shoot, Coward1, False
6.919292, Adjuster8, shoot, Player, False
6.963576, Juicehead10, deleted 
6.963576, gen, horse
6.963576, Juicehead11, AI
7.159292, Betrayal2, get, coin_v_1
7.219292, Player, shoot, Adjuster8, False
7.359292, Player, shoot, Adjuster8, False
7.620424, Coward1, deleted 
7.620424, gen, shield
7.620424, Coward12, AI
7.819292, Juicehead11, shoot, Juicehead11, False
8.039292, Juicehead11, get, coin_v_1
8.239292, Player, shoot, Player, False
8.819292, Betrayal2, get, coin_v_1
9.06132, Alcoholic6, deleted 
9.06132, gen, shield
9.06132, Alcoholic13, AI
9.159292, Player, shoot, Player, False
9.58306, Drunkard3, deleted 
9.58306, gen, shield
9.58306, Drunkard14, AI
9.699292, Foe4, shoot, Player, True
Normal Close
