Game Time: 2022/3/1 17:05:09
Version: 1.0.0.2 with bullet collision times = 2
0, Player, player
0, Player, get, initialShield
0, Coward1, AI
0, Betrayal2, AI
0, Drunkard3, AI
0, Foe4, AI
0, Juicehead5, AI
0, Alcoholic6, AI
0, Lush7, AI
0, Adjuster8, AI
0, Bongfu9, AI
0.1167998, Drunkard3, shoot, Drunkard3, False
0.7567998, Alcoholic6, get, coin_v_1
0.7567998, Lush7, shoot, Lush7, False
0.7767998, Drunkard3, get, coin_v_1
1.1368, Bongfu9, get, coin_v_1
1.2768, Foe4, get, coin_v_1
1.9568, Bongfu9, get, coin_v_1
2.2368, Adjuster8, shoot, Adjuster8, False
2.3168, Alcoholic6, get, coin_v_1
2.5368, Coward1, get, coin_v_1
3.4768, Betrayal2, get, coin_v_1
3.7968, Juicehead5, get, coin_v_1
3.8968, Bongfu9, shoot, Alcoholic6, False
4.2568, Coward1, get, coin_v_1
4.9568, Alcoholic6, get, coin_v_1
5.4168, Adjuster8, shoot, Foe4, False
5.496799, Player, shoot, Adjuster8, False
6.440591, Juicehead5, deleted 
6.440591, gen, horse
6.440591, Juicehead10, AI
6.9568, Lush7, shoot, Bongfu9, False
7.0968, Foe4, shoot, Betrayal2, False
7.2168, Foe4, shoot, Player, False
7.2368, Lush7, get, coin_v_1
8.4168, Player, shoot, Adjuster8, False
8.9768, Adjuster8, shoot, Foe4, False
9.298455, Juicehead10, deleted 
9.298455, gen, shield
9.298455, Juicehead11, AI
9.578229, Drunkard3, deleted 
9.578229, gen, horse
9.578229, Drunkard12, AI
9.897913, Alcoholic6, deleted 
9.897913, gen, horse
9.897913, Alcoholic13, AI
10.0568, Adjuster8, shoot, Player, False
10.5168, Adjuster8, shoot, Foe4, False
10.5168, Foe4, shoot, Adjuster8, False
11.41961, Coward1, deleted 
11.41961, gen, horse
11.41961, Coward14, AI
11.8968, Alcoholic13, shoot, Juicehead11, False
12.1768, Drunkard12, get, horse
12.30039, Drunkard12, deleted 
12.30039, gen, shield
12.30039, Drunkard15, AI
12.36108, Juicehead11, deleted 
12.36108, gen, shield
12.36108, Juicehead16, AI
12.4968, Foe4, shoot, Player, False
12.5568, Coward14, get, coin_v_1
12.6368, Juicehead16, shoot, Drunkard15, False
12.6368, Foe4, shoot, Player, False
13.5802, Alcoholic13, deleted 
13.5802, gen, horse
13.5802, Alcoholic17, AI
13.6568, Coward14, get, coin_v_1
14.4168, Juicehead16, shoot, Drunkard15, False
14.7168, Adjuster8, shoot, Foe4, False
15.2768, Foe4, shoot, Player, False
15.35739, Drunkard15, deleted 
15.35739, gen, horse
15.35739, Drunkard18, AI
15.3768, Juicehead16, get, horse
15.41707, Juicehead16, deleted 
15.41707, gen, shield
15.41707, Juicehead19, AI
16.0593, Lush7, deleted 
16.0593, gen, horse
16.0593, Lush20, AI
16.3768, Player, shoot, Adjuster8, False
16.5168, Coward14, get, coin_v_1
17.2568, Coward14, get, coin_v_1
17.48052, Betrayal2, deleted 
17.48052, gen, horse
17.48052, Betrayal21, AI
17.8168, Foe4, shoot, Foe4, False
18.11732, Alcoholic17, deleted 
18.11732, gen, shield
18.11732, Alcoholic22, AI
18.3768, Drunkard18, get, shield
18.43952, Drunkard18, deleted 
18.43952, gen, shield
18.43952, Drunkard23, AI
18.7368, Foe4, shoot, Juicehead19, False
20.1368, Drunkard23, shoot, Alcoholic22, False
20.3168, Drunkard23, shoot, Betrayal21, False
20.4368, Juicehead19, get, coin_v_1
20.4368, Adjuster8, shoot, Player, False
20.4368, Player, shoot, Adjuster8, False
20.5568, Adjuster8, shoot, Juicehead19, False
20.8168, Bongfu9, get, coin_v_1
20.81704, Coward14, deleted 
20.81704, gen, shield
20.81704, Coward24, AI
21.0968, Alcoholic22, get, shield
21.15796, Alcoholic22, deleted 
21.15796, gen, shield
21.15796, Alcoholic25, AI
21.4168, Drunkard23, get, shield
21.4368, Adjuster8, get, coin_v_1
21.49777, Drunkard23, deleted 
21.49777, gen, shield
21.49777, Drunkard26, AI
21.55767, Lush20, deleted 
21.55767, gen, horse
21.55767, Lush27, AI
21.6168, Lush27, shoot, Drunkard26, False
21.9368, Drunkard26, shoot, Alcoholic25, False
22.0168, Bongfu9, get, coin_v_1
22.2168, Adjuster8, shoot, Foe4, False
22.3168, Player, shoot, Adjuster8, False
22.7968, Foe4, shoot, Betrayal21, False
23.1768, Adjuster8, shoot, Player, False
23.2168, Betrayal21, shoot, Betrayal21, False
23.5168, Betrayal21, shoot, Betrayal21, False
23.8968, Foe4, shoot, Foe4, False
24.1368, Alcoholic25, get, shield
24.20021, Alcoholic25, deleted 
24.20021, gen, shield
24.20021, Alcoholic28, AI
24.3168, Lush27, get, coin_v_1
24.3968, Adjuster8, shoot, Foe4, False
24.4168, Player, shoot, Adjuster8, False
24.6368, Foe4, shoot, Coward24, False
24.7968, Drunkard26, shoot, Betrayal21, False
25.0968, Adjuster8, shoot, Bongfu9, False
25.1768, Player, shoot, Coward24, False
25.2368, Adjuster8, shoot, Coward24, False
25.4368, Foe4, shoot, Coward24, False
25.4368, Adjuster8, shoot, Foe4, False
26.62045, Lush27, deleted 
26.62045, gen, shield
26.62045, Lush29, AI
26.9168, Betrayal21, get, coin_v_1
26.9968, Adjuster8, shoot, Bongfu9, False
27.2168, Alcoholic28, get, shield
27.2987, Alcoholic28, deleted 
27.2987, gen, shield
27.2987, Alcoholic30, AI
27.6768, Adjuster8, shoot, Foe4, True
27.6768, gen, horse
27.67685, Foe31, AI
27.7168, Adjuster8, get, horse
28.2568, Betrayal21, shoot, Bongfu9, False
28.2568, Bongfu9, shoot, Coward24, False
28.6368, Coward24, shoot, Coward24, False
28.7768, Alcoholic30, shoot, Foe31, False
28.9968, Player, shoot, Drunkard26, False
29.1168, Coward24, shoot, Coward24, False
29.5168, Betrayal21, shoot, Bongfu9, False
29.5168, Coward24, shoot, Coward24, False
29.5368, Bongfu9, shoot, Bongfu9, False
29.5568, Player, shoot, Player, False
29.7389, Juicehead19, deleted 
29.7389, gen, shield
29.7389, Juicehead32, AI
30.2968, Alcoholic30, get, shield
30.32034, Alcoholic30, deleted 
30.32034, gen, shield
30.32034, Alcoholic33, AI
30.8168, Lush29, shoot, Lush29, False
30.8768, Adjuster8, shoot, Adjuster8, False
30.9768, Alcoholic33, shoot, Alcoholic33, False
31.3968, Player, shoot, Player, False
31.6968, Drunkard26, get, coin_v_1
32.5568, Player, shoot, Player, True
Normal Close
