Game Time: 2022/3/1 18:09:12
Version: 1.0.0.2 with bullet collision times = 2
0, Player, player
0, Player, get, initialShield
0, Coward1, AI
0, Betrayal2, AI
0, Drunkard3, AI
0, Foe4, AI
0, Juicehead5, AI
0, Alcoholic6, AI
0, Lush7, AI
0, Adjuster8, AI
0, Bongfu9, AI
0.7674261, Juicehead5, shoot, Juicehead5, False
0.7874262, Juicehead5, get, coin_v_1
1.367426, Bongfu9, get, coin_v_1
2.187426, Drunkard3, get, coin_v_1
2.207426, Bongfu9, get, coin_v_1
2.267426, Foe4, shoot, Adjuster8, False
2.327426, Adjuster8, shoot, Foe4, False
3.607426, Drunkard3, get, coin_v_1
3.727426, Foe4, shoot, Adjuster8, False
3.727426, Alcoholic6, shoot, Alcoholic6, False
3.767426, Coward1, get, coin_v_1
3.887426, Adjuster8, shoot, Adjuster8, False
4.287426, Drunkard3, get, coin_v_1
4.587426, Adjuster8, shoot, Foe4, False
4.907426, Juicehead5, shoot, Juicehead5, False
4.927426, Alcoholic6, shoot, Alcoholic6, False
5.227426, Alcoholic6, shoot, Alcoholic6, False
5.527426, Alcoholic6, shoot, Alcoholic6, False
6.187426, Lush7, get, coin_v_1
6.287426, Alcoholic6, shoot, Alcoholic6, False
6.427426, Foe4, shoot, Player, False
6.887426, Drunkard3, get, coin_v_1
7.107426, Alcoholic6, shoot, Alcoholic6, False
7.307426, Alcoholic6, shoot, Alcoholic6, False
8.627426, Juicehead5, get, coin_v_1
8.767426, Adjuster8, shoot, Player, False
8.987426, Foe4, shoot, Adjuster8, False
9.387426, Alcoholic6, get, coin_v_1
9.507426, Alcoholic6, shoot, Alcoholic6, False
9.569921, Bongfu9, deleted 
9.569921, gen, horse
9.569921, Bongfu10, AI
10.54743, Adjuster8, shoot, Lush7, False
10.68743, Player, shoot, Adjuster8, False
10.96743, Player, shoot, Adjuster8, False
11.28743, Adjuster8, shoot, Alcoholic6, False
11.38743, Alcoholic6, shoot, Alcoholic6, True
11.38743, gen, shield
11.38999, Alcoholic11, AI
11.4295, Drunkard3, deleted 
11.4295, gen, shield
11.4295, Drunkard12, AI
11.94743, Drunkard12, get, coin_v_1
11.98743, Juicehead5, shoot, Juicehead5, False
12.16743, Lush7, get, coin_v_1
12.88743, Adjuster8, shoot, Foe4, False
13.46743, Adjuster8, shoot, Juicehead5, False
13.48863, Bongfu10, deleted 
13.48863, gen, shield
13.48863, Bongfu13, AI
13.88743, Juicehead5, shoot, Player, False
14.02743, Bongfu13, get, coin_v_1
14.29134, Coward1, deleted 
14.29134, gen, shield
14.29134, Coward14, AI
14.30743, Drunkard12, get, coin_v_1
14.40743, Adjuster8, shoot, Foe4, False
14.40743, Adjuster8, shoot, Foe4, False
14.40743, Adjuster8, shoot, Foe4, False
14.40743, Foe4, shoot, Adjuster8, False
14.69029, Alcoholic11, deleted 
14.69029, gen, horse
14.69029, Alcoholic15, AI
15.54743, Coward14, get, coin_v_1
15.62743, Juicehead5, shoot, Player, False
15.90743, Adjuster8, shoot, Player, False
15.90743, Adjuster8, shoot, Player, False
15.90743, Player, shoot, Adjuster8, False
16.16743, Juicehead5, shoot, Betrayal2, False
16.20743, Foe4, shoot, Foe4, False
16.30743, Adjuster8, shoot, Player, False
16.53102, Drunkard12, deleted 
16.53102, gen, horse
16.53102, Drunkard16, AI
16.80743, Foe4, shoot, Player, False
16.80743, Player, shoot, Foe4, False
17.08743, Player, shoot, Adjuster8, False
17.58743, Adjuster8, shoot, Player, False
17.81185, Bongfu13, deleted 
17.81185, gen, shield
17.81185, Bongfu17, AI
17.88743, Juicehead5, get, coin_v_1
18.03004, Lush7, deleted 
18.03004, gen, shield
18.03004, Lush18, AI
18.20743, Bongfu17, get, coin_v_1
18.30845, Alcoholic15, deleted 
18.30845, gen, shield
18.30845, Alcoholic19, AI
18.58743, Foe4, shoot, Adjuster8, True
18.58743, gen, horse
18.59112, Adjuster20, AI
18.62743, Alcoholic19, shoot, Lush18, False
18.78743, Adjuster8, shoot, Player, True
Normal Close
