Game Time: 2022/3/1 17:59:06
Version: 1.0.0.2 with bullet collision times = 2
0, Player, player
0, Player, get, initialShield
0, Coward1, AI
0, Betrayal2, AI
0, Drunkard3, AI
0, Foe4, AI
0, Juicehead5, AI
0, Alcoholic6, AI
0, Lush7, AI
0, Adjuster8, AI
0, Bongfu9, AI
1.220163, Coward1, shoot, Adjuster8, False
1.260163, Bongfu9, get, coin_v_1
1.400163, Alcoholic6, get, coin_v_1
1.780163, Betrayal2, get, coin_v_1
2.040163, Lush7, get, coin_v_1
2.080163, Bongfu9, get, coin_v_1
2.260163, Alcoholic6, get, coin_v_1
2.500163, Coward1, shoot, Coward1, False
2.880163, Coward1, get, coin_v_1
3.260163, Bongfu9, shoot, Lush7, False
3.400163, Adjuster8, shoot, Player, False
3.600163, Alcoholic6, shoot, Lush7, False
3.600163, Lush7, shoot, Alcoholic6, False
3.680163, Adjuster8, shoot, Player, False
3.780163, Foe4, shoot, Adjuster8, False
4.060163, Lush7, get, coin_v_1
4.420163, Coward1, get, coin_v_1
4.500163, Drunkard3, get, coin_v_1
4.660163, Drunkard3, get, coin_v_1
4.900163, Coward1, shoot, Coward1, False
5.100163, Adjuster8, shoot, Player, False
5.220163, Juicehead5, shoot, Betrayal2, False
5.380163, Alcoholic6, get, coin_v_1
5.400163, Adjuster8, shoot, Player, False
5.500163, Lush7, shoot, Lush7, False
5.580163, Alcoholic6, get, coin_v_1
6.300163, Juicehead5, get, coin_v_1
6.560163, Foe4, get, coin_v_1
6.800163, Alcoholic6, shoot, Alcoholic6, False
7.220163, Foe4, shoot, Player, False
7.520163, Player, shoot, Juicehead5, False
9.402355, Bongfu9, deleted 
9.402355, gen, horse
9.402355, Bongfu10, AI
9.520164, Player, shoot, Juicehead5, False
9.620163, Betrayal2, get, coin_v_1
9.88117, Coward1, deleted 
9.88117, gen, horse
9.88117, Coward11, AI
10.52016, Juicehead5, shoot, Player, False
10.72016, Juicehead5, get, coin_v_1
10.74016, Coward11, get, coin_v_1
10.82016, Player, shoot, Foe4, False
10.96241, Lush7, deleted 
10.96241, gen, horse
10.96241, Lush12, AI
11.42016, Coward11, get, coin_v_1
12.56182, Drunkard3, deleted 
12.56182, gen, shield
12.56182, Drunkard13, AI
12.72016, Alcoholic6, get, coin_v_1
12.72016, Player, shoot, Adjuster8, False
12.72329, Bongfu10, deleted 
12.72329, gen, shield
12.72329, Bongfu14, AI
13.42192, Betrayal2, deleted 
13.42192, gen, shield
13.42192, Betrayal15, AI
14.60201, Coward11, deleted 
14.60201, gen, horse
14.60201, Coward16, AI
14.76016, Bongfu14, get, coin_v_1
14.86016, Player, shoot, Foe4, False
15.04016, Adjuster8, shoot, Player, False
15.34016, Foe4, shoot, Player, False
15.38198, Juicehead5, deleted 
15.38198, gen, horse
15.38198, Juicehead17, AI
15.62016, Player, shoot, Foe4, False
16.34016, Player, shoot, Foe4, False
16.38016, Alcoholic6, shoot, Alcoholic6, False
16.44016, Lush12, shoot, Lush12, False
16.44016, Coward16, shoot, Coward16, False
16.50016, Foe4, shoot, Adjuster8, False
16.58016, Player, shoot, Player, False
16.64016, Lush12, get, coin_v_1
16.64016, Bongfu14, shoot, Foe4, False
16.64016, Bongfu14, shoot, Adjuster8, False
16.66016, Player, shoot, Bongfu14, False
17.52016, Player, shoot, Adjuster8, False
17.70016, Adjuster8, shoot, Player, True
Normal Close
