Game Time: 2022/3/1 16:51:05
Version: 1.0.0.2 with bullet collision times = 2
0, Player, player
0, Player, get, initialShield
0, Coward1, AI
0, Betrayal2, AI
0, Drunkard3, AI
0, Foe4, AI
0, Juicehead5, AI
0, Alcoholic6, AI
0, Lush7, AI
0, Adjuster8, AI
0, Bongfu9, AI
0.6721314, Foe4, get, coin_v_1
1.252131, Coward1, shoot, Adjuster8, False
1.312131, Betrayal2, get, coin_v_1
1.412131, Bongfu9, get, coin_v_1
2.112131, Alcoholic6, get, coin_v_1
2.232131, Bongfu9, get, coin_v_1
2.452131, Betrayal2, shoot, Betrayal2, False
3.432131, Juicehead5, get, coin_v_1
3.472131, Juicehead5, shoot, Bongfu9, False
3.912131, Player, shoot, Bongfu9, False
4.392131, Drunkard3, get, coin_v_1
4.812131, Coward1, get, coin_v_1
5.072131, Bongfu9, get, coin_v_1
5.612131, Betrayal2, get, coin_v_1
5.612131, Adjuster8, shoot, Player, False
6.152131, Bongfu9, get, coin_v_1
6.172131, Foe4, shoot, Adjuster8, False
6.732131, Betrayal2, shoot, Betrayal2, False
6.912131, Adjuster8, shoot, Foe4, False
7.372131, Adjuster8, shoot, Player, False
7.792131, Foe4, shoot, Drunkard3, False
9.152131, Coward1, shoot, Coward1, False
9.374337, Alcoholic6, deleted 
9.374337, gen, horse
9.374337, Alcoholic10, AI
9.732131, Alcoholic10, get, coin_v_1
10.97213, Bongfu9, get, coin_v_1
11.61213, Adjuster8, shoot, Foe4, False
11.83213, Adjuster8, shoot, Player, False
11.87213, Bongfu9, get, coin_v_1
11.91213, Juicehead5, get, coin_v_1
12.47213, Drunkard3, get, coin_v_1
12.65286, Alcoholic10, deleted 
12.65286, gen, shield
12.65286, Alcoholic11, AI
12.77213, Betrayal2, shoot, Player, False
12.87213, Drunkard3, shoot, Lush7, False
13.49213, Bongfu9, get, coin_v_1
14.37213, Bongfu9, shoot, Bongfu9, False
14.71339, Coward1, deleted 
14.71339, gen, horse
14.71339, Coward12, AI
15.27213, Foe4, get, coin_v_1
15.45213, Player, shoot, Adjuster8, False
15.49213, Foe4, get, coin_v_1
16.1139, Alcoholic11, deleted 
16.1139, gen, shield
16.1139, Alcoholic13, AI
16.13213, Lush7, get, coin_v_1
16.31213, Lush7, shoot, Lush7, False
16.41213, Lush7, get, coin_v_1
16.59311, Juicehead5, deleted 
16.59311, gen, horse
16.59311, Juicehead14, AI
17.15407, Bongfu9, deleted 
17.15407, gen, horse
17.15407, Bongfu15, AI
17.69213, Adjuster8, shoot, Player, False
17.97213, Coward12, get, shield
18.01475, Coward12, deleted 
18.01475, gen, shield
18.01475, Coward16, AI
19.33213, Foe4, shoot, Foe4, False
19.61213, Foe4, shoot, Foe4, False
19.87272, Lush7, deleted 
19.87272, gen, horse
19.87272, Lush17, AI
19.91213, Foe4, shoot, Foe4, False
19.91281, Alcoholic13, deleted 
19.91281, gen, horse
19.91281, Alcoholic18, AI
19.93213, Alcoholic18, shoot, Lush17, False
20.07213, Juicehead14, get, horse
20.17761, Juicehead14, deleted 
20.17761, gen, horse
20.17761, Juicehead19, AI
20.19213, Adjuster8, shoot, Player, False
20.27213, Player, shoot, Player, False
20.39213, Juicehead19, shoot, Alcoholic18, False
20.55213, Foe4, shoot, Foe4, False
21.45213, Foe4, shoot, Foe4, False
21.73213, Foe4, shoot, Foe4, False
21.73422, Coward16, deleted 
21.73422, gen, horse
21.73422, Coward20, AI
21.81213, Juicehead19, shoot, Alcoholic18, False
22.35213, Foe4, shoot, Foe4, False
23.15461, Lush17, deleted 
23.15461, gen, shield
23.15461, Lush21, AI
23.25213, Foe4, shoot, Foe4, False
23.51213, Alcoholic18, get, horse
23.55213, Alcoholic18, get, horse
23.59654, Alcoholic18, deleted 
23.59654, gen, shield
23.59654, Alcoholic22, AI
23.79213, Juicehead19, get, shield
23.89377, Juicehead19, deleted 
23.89377, gen, shield
23.89377, Juicehead23, AI
24.07213, Player, shoot, Adjuster8, False
24.09213, Alcoholic22, shoot, Lush21, False
24.99213, Player, shoot, Adjuster8, False
25.33213, Foe4, shoot, Foe4, True
25.33213, gen, shield
25.33595, Foe24, AI
25.41213, Coward20, get, shield
25.41213, Foe4, shoot, Bongfu15, False
25.41367, Coward20, deleted 
25.41367, gen, shield
25.41367, Coward25, AI
25.43213, Coward25, shoot, Foe24, False
25.49213, Juicehead23, shoot, Alcoholic22, False
25.69213, Alcoholic22, shoot, Lush21, False
26.41213, Foe24, shoot, Coward25, False
26.47213, Bongfu15, get, shield
26.77213, Lush21, get, shield
26.85319, Lush21, deleted 
26.85319, gen, horse
26.85319, Lush26, AI
27.09213, Player, shoot, Adjuster8, False
27.21213, Alcoholic22, get, horse
27.2752, Alcoholic22, deleted 
27.2752, gen, horse
27.2752, Alcoholic27, AI
27.53213, Juicehead23, get, horse
27.5753, Juicehead23, deleted 
27.5753, gen, shield
27.5753, Juicehead28, AI
27.69213, Bongfu15, get, coin_v_1
27.73213, Alcoholic27, shoot, Lush26, False
27.87213, Juicehead28, shoot, Alcoholic27, False
28.13213, Foe24, get, coin_v_1
28.65213, Alcoholic27, shoot, Lush26, False
29.09213, Juicehead28, shoot, Alcoholic27, False
29.27213, Alcoholic27, shoot, Lush26, False
29.63213, Bongfu15, get, coin_v_1
29.83569, Betrayal2, deleted 
29.83569, gen, horse
29.83569, Betrayal29, AI
29.87213, Alcoholic27, shoot, Lush26, False
29.97213, Adjuster8, shoot, Player, False
30.03213, Coward25, get, coin_v_1
30.31213, Player, shoot, Adjuster8, False
30.45213, Lush26, get, shield
30.51344, Lush26, deleted 
30.51344, gen, shield
30.51344, Lush30, AI
30.89213, Alcoholic27, get, shield
30.93213, Player, shoot, Foe24, False
30.97673, Alcoholic27, deleted 
30.97673, gen, horse
30.97673, Alcoholic31, AI
31.21213, Juicehead28, get, horse
31.23572, Juicehead28, deleted 
31.23572, gen, horse
31.23572, Juicehead32, AI
31.39213, Player, shoot, Foe24, False
31.49213, Alcoholic31, shoot, Lush30, False
32.11213, Player, shoot, Player, False
32.39235, Bongfu15, deleted 
32.39235, gen, shield
32.39235, Bongfu33, AI
32.61213, Juicehead32, shoot, Alcoholic31, False
32.91213, Alcoholic31, shoot, Lush30, False
32.95213, Foe24, shoot, Foe24, False
33.59213, Betrayal29, get, horse
33.71288, Betrayal29, deleted 
33.71288, gen, shield
33.71288, Betrayal34, AI
34.11213, Lush30, get, horse
34.11213, Alcoholic31, shoot, Lush30, False
34.21318, Lush30, deleted 
34.21318, gen, horse
34.21318, Lush35, AI
34.41213, Juicehead32, shoot, Alcoholic31, False
34.47213, Player, shoot, Foe24, False
34.57213, Player, shoot, Adjuster8, False
34.63213, Alcoholic31, get, horse
34.67213, Adjuster8, shoot, Player, False
34.67326, Alcoholic31, deleted 
34.67326, gen, shield
34.67326, Alcoholic36, AI
34.87213, Juicehead32, get, shield
34.97213, Juicehead32, deleted 
34.97213, gen, shield
34.97213, Juicehead37, AI
35.41213, Player, shoot, Adjuster8, False
35.41213, Player, shoot, Adjuster8, False
35.41213, Player, shoot, Adjuster8, False
36.27213, Juicehead37, shoot, Alcoholic36, False
36.51213, Alcoholic36, shoot, Lush35, False
36.55213, Lush35, shoot, Betrayal34, False
37.01213, Foe24, shoot, Foe24, False
37.05213, Player, shoot, Player, True
Normal Close
