Game Time: 2022/3/1 18:09:32
Version: 1.0.0.2 with bullet collision times = 2
0, Player, player
0, Player, get, initialShield
0, Coward1, AI
0, Betrayal2, AI
0, Drunkard3, AI
0, Foe4, AI
0, Juicehead5, AI
0, Alcoholic6, AI
0, Lush7, AI
0, Adjuster8, AI
0, Bongfu9, AI
0.3979055, Lush7, shoot, Lush7, False
0.7979055, Lush7, get, coin_v_1
1.237906, Coward1, shoot, Adjuster8, False
1.397905, Bongfu9, get, coin_v_1
1.577906, Lush7, get, coin_v_1
2.077905, Adjuster8, shoot, Adjuster8, False
2.217906, Bongfu9, get, coin_v_1
3.377905, Bongfu9, shoot, Lush7, False
3.757905, Bongfu9, shoot, Adjuster8, False
3.937906, Juicehead5, get, coin_v_1
4.037906, Drunkard3, shoot, Drunkard3, False
4.237906, Adjuster8, shoot, Coward1, False
4.317905, Adjuster8, shoot, Adjuster8, False
4.337905, Lush7, shoot, Alcoholic6, False
4.437905, Foe4, shoot, Drunkard3, False
5.037905, Bongfu9, get, coin_v_1
5.277905, Coward1, shoot, Coward1, False
5.717906, Betrayal2, shoot, Betrayal2, False
6.397905, Adjuster8, shoot, Player, False
6.417905, Player, shoot, Betrayal2, False
6.497905, Bongfu9, get, coin_v_1
6.537905, Adjuster8, shoot, Betrayal2, False
6.677906, Drunkard3, shoot, Drunkard3, False
6.697906, Player, shoot, Adjuster8, False
6.857905, Alcoholic6, get, coin_v_1
7.557905, Adjuster8, shoot, Juicehead5, False
7.737906, Lush7, get, coin_v_1
7.977905, Betrayal2, shoot, Player, False
8.277905, Betrayal2, shoot, Player, False
9.217905, Adjuster8, shoot, Player, False
9.357905, Drunkard3, shoot, Drunkard3, False
9.359341, Lush7, deleted 
9.359341, gen, horse
9.359341, Lush10, AI
9.377905, Alcoholic6, shoot, Lush10, False
9.540623, Juicehead5, deleted 
9.540623, gen, shield
9.540623, Juicehead11, AI
9.559793, Bongfu9, deleted 
9.559793, gen, horse
9.559793, Bongfu12, AI
9.577906, Juicehead11, shoot, Bongfu12, False
9.577906, Bongfu12, shoot, Juicehead11, False
9.637905, Player, shoot, Adjuster8, False
9.757905, Adjuster8, shoot, Foe4, False
9.817905, Betrayal2, get, coin_v_1
10.04046, Coward1, deleted 
10.04046, gen, shield
10.04046, Coward13, AI
10.93791, Lush10, shoot, Lush10, False
11.11791, Adjuster8, shoot, Player, False
11.21791, Coward13, get, coin_v_1
11.53791, Lush10, shoot, Lush10, False
12.43791, Lush10, shoot, Lush10, False
12.47791, Adjuster8, shoot, Adjuster8, False
12.66621, Juicehead11, deleted 
12.66621, gen, horse
12.66621, Juicehead14, AI
12.67791, Player, shoot, Foe4, False
12.73791, Lush10, shoot, Lush10, False
13.16267, Drunkard3, deleted 
13.16267, gen, horse
13.16267, Drunkard15, AI
13.44121, Bongfu12, deleted 
13.44121, gen, horse
13.44121, Bongfu16, AI
13.53791, Foe4, get, coin_v_1
14.05791, Lush10, shoot, Drunkard15, False
14.15791, Drunkard15, get, coin_v_1
14.3779, Lush10, get, coin_v_1
14.53791, Coward13, shoot, Coward13, False
14.73791, Lush10, shoot, Lush10, False
15.96221, Juicehead14, deleted 
15.96221, gen, shield
15.96221, Juicehead17, AI
16.21791, Coward13, get, coin_v_1
16.4579, Drunkard15, get, horse
16.56504, Drunkard15, deleted 
16.56504, gen, shield
16.56504, Drunkard18, AI
16.71791, Adjuster8, shoot, Coward13, False
17.18032, Bongfu16, deleted 
17.18032, gen, horse
17.18032, Bongfu19, AI
17.3598, Lush10, deleted 
17.3598, gen, horse
17.3598, Lush20, AI
17.39791, Foe4, shoot, Player, False
17.6979, Adjuster8, shoot, Adjuster8, False
17.75791, Coward13, get, coin_v_1
17.8579, Foe4, shoot, Player, False
18.0179, Player, shoot, Foe4, False
18.0179, Player, shoot, Foe4, False
18.0179, Player, shoot, Foe4, False
18.91791, Player, shoot, Adjuster8, False
18.96208, Alcoholic6, deleted 
18.96208, gen, horse
18.96208, Alcoholic21, AI
19.23791, Alcoholic21, get, coin_v_1
19.24039, Betrayal2, deleted 
19.24039, gen, shield
19.24039, Betrayal22, AI
19.2779, Juicehead17, get, horse
19.34085, Juicehead17, deleted 
19.34085, gen, shield
19.34085, Juicehead23, AI
19.57791, Drunkard18, shoot, Drunkard18, False
20.07791, Drunkard18, shoot, Drunkard18, False
20.5379, Drunkard18, shoot, Drunkard18, False
20.71791, Lush20, get, shield
20.75871, Lush20, deleted 
20.75871, gen, horse
20.75871, Lush24, AI
21.4579, Adjuster8, shoot, Player, False
21.61969, Bongfu19, deleted 
21.61969, gen, horse
21.61969, Bongfu25, AI
21.89791, Bongfu25, shoot, Lush24, False
21.91791, Lush24, shoot, Lush24, False
21.9379, Coward13, shoot, Coward13, False
22.13791, Player, shoot, Drunkard18, False
22.63791, Adjuster8, shoot, Alcoholic21, False
22.65791, Juicehead23, get, horse
22.70031, Juicehead23, deleted 
22.70031, gen, shield
22.70031, Juicehead26, AI
22.8579, Betrayal22, get, coin_v_1
22.99791, Alcoholic21, get, coin_v_1
23.1979, Foe4, shoot, Player, False
23.6779, Lush24, shoot, Alcoholic21, False
24.0179, Lush24, shoot, Alcoholic21, False
24.9379, Bongfu25, get, shield
24.99791, Lush24, get, coin_v_1
24.99908, Bongfu25, deleted 
24.99908, gen, shield
24.99908, Bongfu27, AI
25.73791, Coward13, shoot, Adjuster8, True
25.73791, gen, horse
25.73948, Adjuster28, AI
25.7779, Adjuster8, shoot, Betrayal22, False
25.81791, Foe4, shoot, Player, True
Normal Close
