Game Time: 2022/3/1 17:52:12
Version: 1.0.0.2 with bullet collision times = 2
0, Player, player
0, Player, get, initialShield
0, Coward1, AI
0, Betrayal2, AI
0, Drunkard3, AI
0, Foe4, AI
0, Juicehead5, AI
0, Alcoholic6, AI
0, Lush7, AI
0, Adjuster8, AI
0, Bongfu9, AI
0.1152638, Foe4, get, coin_v_1
0.1152638, Betrayal2, shoot, Betrayal2, False
0.1152638, Foe4, shoot, Foe4, False
1.375264, Bongfu9, get, coin_v_1
1.495264, Betrayal2, shoot, Betrayal2, False
1.955264, Coward1, shoot, Coward1, False
2.195264, Bongfu9, get, coin_v_1
2.795264, Coward1, get, coin_v_1
3.055264, Coward1, get, coin_v_1
3.375264, Bongfu9, shoot, Lush7, False
4.035264, Player, shoot, Adjuster8, False
4.215264, Drunkard3, get, coin_v_1
4.555264, Drunkard3, shoot, Bongfu9, False
4.815264, Adjuster8, shoot, Player, False
5.275264, Coward1, get, coin_v_1
5.355264, Betrayal2, shoot, Juicehead5, False
5.415264, Player, shoot, Adjuster8, False
5.475264, Coward1, get, coin_v_1
5.535264, Foe4, get, coin_v_1
5.555264, Drunkard3, shoot, Bongfu9, False
5.795264, Foe4, shoot, Foe4, False
6.375264, Betrayal2, get, coin_v_1
7.135263, Lush7, get, coin_v_1
7.235264, Juicehead5, shoot, Bongfu9, False
7.235264, Bongfu9, shoot, Juicehead5, False
7.535264, Betrayal2, shoot, Player, False
7.835264, Bongfu9, shoot, Juicehead5, False
8.735264, Adjuster8, shoot, Bongfu9, False
8.735264, Bongfu9, shoot, Juicehead5, False
9.055264, Bongfu9, shoot, Juicehead5, False
9.115264, Bongfu9, get, coin_v_1
9.195264, Lush7, get, coin_v_1
9.275264, Foe4, shoot, Coward1, False
9.295263, Player, shoot, Drunkard3, False
9.655264, Coward1, shoot, Coward1, False
10.61526, Juicehead5, get, coin_v_1
10.83526, Bongfu9, get, coin_v_1
11.11526, Player, shoot, Adjuster8, False
11.43526, Drunkard3, get, coin_v_1
12.47526, Drunkard3, get, coin_v_1
13.33603, Juicehead5, deleted 
13.33603, gen, shield
13.33603, Juicehead10, AI
13.57526, Coward1, shoot, Player, False
13.79779, Bongfu9, deleted 
13.79779, gen, shield
13.79779, Bongfu11, AI
14.13526, Adjuster8, shoot, Player, False
14.13526, Player, shoot, Adjuster8, False
14.53772, Lush7, deleted 
14.53772, gen, shield
14.53772, Lush12, AI
15.01526, Betrayal2, shoot, Coward1, False
15.21526, Player, shoot, Foe4, False
15.31526, Alcoholic6, get, coin_v_1
16.13526, Betrayal2, shoot, Alcoholic6, False
16.13526, Player, shoot, Adjuster8, False
16.23843, Juicehead10, deleted 
16.23843, gen, shield
16.23843, Juicehead13, AI
16.37526, Player, shoot, Adjuster8, False
16.51526, Drunkard3, get, coin_v_1
17.05526, Coward1, get, coin_v_1
17.91681, Bongfu11, deleted 
17.91681, gen, shield
17.91681, Bongfu14, AI
18.05526, Player, shoot, Foe4, False
18.13526, Lush12, shoot, Lush12, False
18.17526, Foe4, shoot, Foe4, False
18.37526, Adjuster8, shoot, Player, False
18.55526, Adjuster8, shoot, Adjuster8, False
18.81526, Player, shoot, Adjuster8, False
19.28796, Juicehead13, deleted 
19.28796, gen, shield
19.28796, Juicehead15, AI
19.33526, Lush12, shoot, Lush12, False
19.63526, Lush12, shoot, Lush12, False
19.93526, Lush12, shoot, Lush12, False
20.03526, Juicehead15, shoot, Juicehead15, False
20.03526, Coward1, shoot, Foe4, False
20.41526, Player, shoot, Foe4, False
20.57526, Alcoholic6, get, coin_v_1
20.69526, Juicehead15, get, coin_v_1
21.47526, Lush12, shoot, Juicehead15, False
21.61526, Lush12, shoot, Juicehead15, False
21.61526, Lush12, shoot, Juicehead15, False
21.61526, Lush12, shoot, Juicehead15, False
21.61526, Juicehead15, shoot, Lush12, False
21.89526, Lush12, get, coin_v_1
22.51526, Player, shoot, Foe4, False
22.63526, Bongfu14, get, shield
22.67845, Bongfu14, deleted 
22.67845, gen, horse
22.67845, Bongfu16, AI
23.01866, Drunkard3, deleted 
23.01866, gen, horse
23.01866, Drunkard17, AI
23.71526, Alcoholic6, shoot, Alcoholic6, False
24.77526, Alcoholic6, get, coin_v_1
25.15526, Player, shoot, Foe4, False
25.19526, Adjuster8, shoot, Juicehead15, False
25.31559, Lush12, deleted 
25.31559, gen, horse
25.31559, Lush18, AI
25.39526, Player, shoot, Foe4, False
25.49526, Foe4, shoot, Player, False
26.1385, Coward1, deleted 
26.1385, gen, shield
26.1385, Coward19, AI
26.75526, Coward19, get, coin_v_1
26.75793, Drunkard17, deleted 
26.75793, gen, shield
26.75793, Drunkard20, AI
27.21526, Foe4, shoot, Betrayal2, False
27.29526, Foe4, shoot, Adjuster8, False
27.37526, Player, shoot, Foe4, True
27.37526, gen, horse
27.3763, Foe21, AI
27.59526, Coward19, get, coin_v_1
28.23526, Juicehead15, get, coin_v_1
28.73731, Lush18, deleted 
28.73731, gen, horse
28.73731, Lush22, AI
28.99526, Drunkard20, shoot, Drunkard20, False
29.47526, Adjuster8, shoot, Foe21, False
29.91526, Foe21, shoot, Adjuster8, False
30.05526, Coward19, get, coin_v_1
30.17526, Adjuster8, get, coin_v_1
30.47526, Bongfu16, get, horse
30.75526, Adjuster8, shoot, Bongfu16, False
30.83526, Adjuster8, shoot, Foe21, False
31.97866, Alcoholic6, deleted 
31.97866, gen, horse
31.97866, Alcoholic23, AI
31.99526, Bongfu16, shoot, Bongfu16, False
32.33526, Foe21, get, coin_v_1
32.49526, Adjuster8, shoot, Player, False
32.69526, Juicehead15, get, coin_v_1
32.75526, Player, shoot, Foe21, False
32.85526, Foe21, shoot, Juicehead15, False
33.25526, Adjuster8, shoot, Foe21, False
33.95526, Lush22, shoot, Alcoholic23, False
33.95526, Betrayal2, shoot, Player, False
33.99526, Adjuster8, shoot, Coward19, False
34.41526, Foe21, shoot, Lush22, False
35.03526, Player, shoot, Adjuster8, True
35.03526, gen, horse
35.03642, Adjuster24, AI
35.39526, Drunkard20, shoot, Alcoholic23, False
35.55526, Adjuster8, shoot, Adjuster24, False
36.01526, Player, shoot, Betrayal2, False
36.01526, Betrayal2, shoot, Player, False
36.01526, Player, shoot, Betrayal2, False
36.03526, Bongfu16, shoot, Bongfu16, False
36.17526, Lush22, shoot, Adjuster24, False
36.19526, Juicehead15, shoot, Juicehead15, False
36.31526, Bongfu16, shoot, Bongfu16, False
36.61526, Betrayal2, shoot, Player, False
36.73526, Adjuster24, shoot, Adjuster24, False
36.75526, Foe21, get, horse
36.75526, Juicehead15, get, coin_v_1
36.77526, Betrayal2, shoot, Player, False
37.51526, Betrayal2, shoot, Player, True
37.51526, Player, shoot, Betrayal2, False
37.51526, Player, shoot, Betrayal2, False
37.51526, Player, shoot, Betrayal2, False
Normal Close
