Game Time: 2022/3/1 17:08:10
Version: 1.0.0.2 with bullet collision times = 2
0, Player, player
0, Player, get, initialShield
0, Coward1, AI
0, Betrayal2, AI
0, Drunkard3, AI
0, Foe4, AI
0, Juicehead5, AI
0, Alcoholic6, AI
0, Lush7, AI
0, Adjuster8, AI
0, Bongfu9, AI
0.7091641, Lush7, get, coin_v_1
1.449164, Juicehead5, get, coin_v_1
1.509164, Bongfu9, get, coin_v_1
1.709164, Foe4, get, coin_v_1
1.929164, Player, shoot, Coward1, False
2.329164, Bongfu9, get, coin_v_1
3.449164, Betrayal2, get, coin_v_1
3.749164, Bongfu9, shoot, Foe4, False
4.009164, Coward1, get, coin_v_1
4.809164, Foe4, shoot, Player, False
4.809164, Foe4, shoot, Adjuster8, False
5.409164, Adjuster8, shoot, Player, False
6.929164, Coward1, shoot, Coward1, False
7.029164, Betrayal2, get, coin_v_1
7.369164, Lush7, get, coin_v_1
7.711397, Juicehead5, deleted 
7.711397, gen, horse
7.711397, Juicehead10, AI
7.769164, Adjuster8, shoot, Foe4, False
7.809164, Player, shoot, Foe4, False
7.809164, Foe4, shoot, Player, False
7.909164, Drunkard3, get, coin_v_1
8.189164, Juicehead10, shoot, Lush7, False
8.489164, Drunkard3, shoot, Foe4, False
9.192693, Bongfu9, deleted 
9.192693, gen, horse
9.192693, Bongfu11, AI
9.289164, Foe4, shoot, Drunkard3, False
9.750652, Betrayal2, deleted 
9.750652, gen, shield
9.750652, Betrayal12, AI
10.34916, Bongfu11, get, coin_v_1
10.38916, Bongfu11, get, coin_v_1
10.78916, Player, shoot, Adjuster8, False
10.80916, Foe4, shoot, Player, False
10.80916, Foe4, shoot, Player, False
10.80916, Foe4, shoot, Player, False
10.80916, Player, shoot, Foe4, False
10.82916, Coward1, shoot, Coward1, False
11.02916, Drunkard3, get, coin_v_1
11.33002, Lush7, deleted 
11.33002, gen, shield
11.33002, Lush13, AI
11.70916, Juicehead10, shoot, Alcoholic6, False
11.81148, Bongfu11, deleted 
11.81148, gen, horse
11.81148, Bongfu14, AI
12.88916, Player, shoot, Foe4, False
13.18916, Alcoholic6, shoot, Adjuster8, False
13.32916, Foe4, shoot, Player, False
14.06916, Coward1, get, coin_v_1
14.06916, Betrayal12, get, coin_v_1
14.24916, Betrayal12, get, coin_v_1
14.43325, Bongfu14, deleted 
14.43325, gen, horse
14.43325, Bongfu15, AI
15.02916, Lush13, get, shield
15.03066, Lush13, deleted 
15.03066, gen, shield
15.03066, Lush16, AI
15.12916, Adjuster8, shoot, Adjuster8, False
15.30916, Juicehead10, get, coin_v_1
15.58918, Drunkard3, deleted 
15.58918, gen, horse
15.58918, Drunkard17, AI
15.70916, Coward1, get, coin_v_1
16.28916, Foe4, shoot, Player, False
16.48916, Foe4, shoot, Alcoholic6, False
16.84916, Betrayal12, get, coin_v_1
17.00916, Adjuster8, get, coin_v_1
17.45033, Bongfu15, deleted 
17.45033, gen, shield
17.45033, Bongfu18, AI
17.50916, Coward1, shoot, Alcoholic6, False
17.91051, Juicehead10, deleted 
17.91051, gen, horse
17.91051, Juicehead19, AI
18.02916, Juicehead19, shoot, Bongfu18, False
18.02916, Bongfu18, shoot, Juicehead19, False
18.40916, Foe4, shoot, Adjuster8, False
18.46916, Drunkard17, get, horse
18.53492, Drunkard17, deleted 
18.53492, gen, shield
18.53492, Drunkard20, AI
18.62916, Foe4, shoot, Player, False
18.62916, Player, shoot, Foe4, False
18.66916, Drunkard20, shoot, Juicehead19, False
18.98916, Adjuster8, get, coin_v_1
19.14916, Bongfu18, get, coin_v_1
19.40916, Adjuster8, shoot, Adjuster8, False
19.76916, Adjuster8, shoot, Foe4, False
20.72916, Juicehead19, shoot, Bongfu18, False
21.06916, Foe4, shoot, Adjuster8, False
21.26916, Player, shoot, Adjuster8, False
21.34916, Coward1, get, coin_v_1
21.36916, Foe4, shoot, Player, True
21.36916, Player, shoot, Coward1, False
Normal Close
