Game Time: 2022/3/1 17:51:44
Version: 1.0.0.2 with bullet collision times = 2
0, Player, player
0, Player, get, initialShield
0, Coward1, AI
0, Betrayal2, AI
0, Drunkard3, AI
0, Foe4, AI
0, Juicehead5, AI
0, Alcoholic6, AI
0, Lush7, AI
0, Adjuster8, AI
0, Bongfu9, AI
1.336469, Bongfu9, get, coin_v_1
2.176469, Bongfu9, get, coin_v_1
2.256469, Alcoholic6, get, coin_v_1
3.056469, Juicehead5, get, coin_v_1
3.236469, Juicehead5, get, coin_v_1
3.376469, Juicehead5, shoot, Bongfu9, False
3.716469, Drunkard3, shoot, Drunkard3, False
3.956469, Player, shoot, Player, False
4.076469, Lush7, shoot, Bongfu9, False
4.316469, Betrayal2, shoot, Adjuster8, False
4.396469, Juicehead5, shoot, Player, False
4.776469, Adjuster8, get, coin_v_1
4.936469, Drunkard3, shoot, Drunkard3, False
5.236469, Drunkard3, shoot, Drunkard3, False
5.516469, Player, shoot, Player, False
5.936469, Lush7, get, coin_v_1
6.476469, Player, shoot, Player, False
7.036469, Drunkard3, shoot, Drunkard3, False
7.356469, Player, shoot, Player, False
7.516469, Drunkard3, shoot, Drunkard3, False
8.336469, Lush7, get, coin_v_1
8.596469, Drunkard3, get, coin_v_1
9.016469, Foe4, shoot, Player, False
9.256469, Drunkard3, shoot, Alcoholic6, False
9.880063, Bongfu9, deleted 
9.880063, gen, shield
9.880063, Bongfu10, AI
9.917929, Lush7, deleted 
9.917929, gen, horse
9.917929, Lush11, AI
9.956469, Bongfu10, get, coin_v_1
10.19647, Alcoholic6, shoot, Betrayal2, False
10.51647, Player, shoot, Drunkard3, False
10.51647, Adjuster8, shoot, Foe4, False
10.55647, Alcoholic6, shoot, Betrayal2, False
10.81647, Foe4, shoot, Player, False
10.81647, Player, shoot, Foe4, False
10.83647, Player, shoot, Player, False
10.85647, Adjuster8, shoot, Foe4, False
10.85647, Player, shoot, Foe4, False
10.95647, Betrayal2, get, coin_v_1
11.11946, Coward1, deleted 
11.11946, gen, horse
11.11946, Coward12, AI
11.25811, Juicehead5, deleted 
11.25811, gen, shield
11.25811, Juicehead13, AI
11.31647, Juicehead13, shoot, Coward12, False
11.41647, Foe4, shoot, Player, False
11.45647, Coward12, shoot, Coward12, False
12.01647, Alcoholic6, get, coin_v_1
12.31647, Player, shoot, Foe4, False
12.31647, Player, shoot, Foe4, False
12.31647, Player, shoot, Foe4, False
12.33647, Foe4, shoot, Player, True
Normal Close
