Game Time: 2022/3/1 16:57:41
Version: 1.0.0.2 with bullet collision times = 2
0, Player, player
0, Player, get, initialShield
0, Coward1, AI
0, Betrayal2, AI
0, Drunkard3, AI
0, Foe4, AI
0, Juicehead5, AI
0, Alcoholic6, AI
0, Lush7, AI
0, Adjuster8, AI
0, Bongfu9, AI
0.5113961, Drunkard3, shoot, Drunkard3, False
0.5713961, Drunkard3, get, coin_v_1
1.371396, Bongfu9, get, coin_v_1
1.451396, Coward1, get, coin_v_1
1.671396, Alcoholic6, get, coin_v_1
1.991396, Juicehead5, get, coin_v_1
2.211396, Bongfu9, get, coin_v_1
2.231396, Foe4, get, coin_v_1
2.551396, Betrayal2, shoot, Betrayal2, False
3.211396, Juicehead5, get, coin_v_1
3.351396, Juicehead5, shoot, Foe4, False
3.491396, Betrayal2, shoot, Betrayal2, False
3.891396, Lush7, shoot, Alcoholic6, False
4.011396, Juicehead5, shoot, Foe4, False
4.911396, Adjuster8, get, coin_v_1
5.391396, Drunkard3, get, coin_v_1
5.971396, Foe4, shoot, Juicehead5, False
6.131396, Betrayal2, shoot, Betrayal2, False
6.451396, Bongfu9, get, coin_v_1
6.451396, Drunkard3, shoot, Alcoholic6, False
7.111396, Alcoholic6, shoot, Alcoholic6, False
7.531396, Juicehead5, shoot, Coward1, False
7.631396, Alcoholic6, get, coin_v_1
8.051396, Foe4, shoot, Alcoholic6, False
8.091396, Juicehead5, get, coin_v_1
8.411396, Betrayal2, shoot, Betrayal2, False
8.531396, Player, shoot, Bongfu9, False
9.493738, Bongfu9, deleted 
9.493738, gen, shield
9.493738, Bongfu10, AI
10.53281, Drunkard3, deleted 
10.53281, gen, horse
10.53281, Drunkard11, AI
10.99766, Coward1, deleted 
10.99766, gen, horse
10.99766, Coward12, AI
11.07603, Alcoholic6, deleted 
11.07603, gen, shield
11.07603, Alcoholic13, AI
11.0914, Alcoholic13, shoot, Coward12, False
11.17748, Juicehead5, deleted 
11.17748, gen, shield
11.17748, Juicehead14, AI
11.1914, Juicehead14, shoot, Alcoholic13, False
11.2514, Coward12, get, coin_v_1
11.5714, Coward12, get, coin_v_1
13.21528, Bongfu10, deleted 
13.21528, gen, horse
13.21528, Bongfu15, AI
13.39253, Drunkard11, deleted 
13.39253, gen, horse
13.39253, Drunkard16, AI
13.9314, Coward12, shoot, Coward12, False
14.07554, Alcoholic13, deleted 
14.07554, gen, shield
14.07554, Alcoholic17, AI
14.19683, Juicehead14, deleted 
14.19683, gen, shield
14.19683, Juicehead18, AI
14.4114, Bongfu15, shoot, Drunkard16, False
14.8914, Juicehead18, shoot, Juicehead18, False
14.9314, Alcoholic17, shoot, Bongfu15, False
16.5514, Alcoholic17, shoot, Drunkard16, False
17.11424, Alcoholic17, deleted 
17.11424, gen, shield
17.11424, Alcoholic19, AI
17.61139, Foe4, shoot, Foe4, False
18.6714, Foe4, shoot, Player, False
20.3114, Juicehead18, get, coin_v_1
20.3914, Coward12, get, coin_v_1
21.0714, Drunkard16, shoot, Alcoholic19, False
21.4714, Alcoholic19, get, coin_v_1
21.8314, Coward12, get, coin_v_1
22.09253, Lush7, deleted 
22.09253, gen, shield
22.09253, Lush20, AI
22.7314, Lush20, shoot, Lush20, False
22.9114, Adjuster8, shoot, Alcoholic19, False
22.9314, Lush20, shoot, Lush20, False
23.2314, Lush20, shoot, Lush20, False
23.4114, Adjuster8, shoot, Player, False
23.4114, Player, shoot, Adjuster8, False
24.61196, Drunkard16, deleted 
24.61196, gen, horse
24.61196, Drunkard21, AI
24.8914, Foe4, shoot, Player, False
25.3914, Lush20, get, coin_v_1
25.57279, Bongfu15, deleted 
25.57279, gen, shield
25.57279, Bongfu22, AI
25.8114, Player, shoot, Adjuster8, False
25.8314, Coward12, shoot, Coward12, False
26.77139, Betrayal2, get, coin_v_1
27.7914, Coward12, shoot, Player, False
27.93139, Player, shoot, Adjuster8, False
28.0114, Coward12, shoot, Foe4, False
28.53139, Player, shoot, Adjuster8, False
28.85139, Adjuster8, get, coin_v_1
28.9326, Alcoholic19, deleted 
28.9326, gen, horse
28.9326, Alcoholic23, AI
30.1714, Coward12, get, coin_v_1
30.7914, Adjuster8, shoot, Adjuster8, False
31.03139, Player, shoot, Foe4, False
31.0514, Foe4, shoot, Coward12, False
31.17265, Drunkard21, deleted 
31.17265, gen, horse
31.17265, Drunkard24, AI
31.19139, Foe4, shoot, Coward12, False
32.19139, Foe4, shoot, Player, False
32.2714, Bongfu22, shoot, Player, False
32.4114, Foe4, shoot, Player, False
32.4114, Foe4, shoot, Player, False
32.4114, Player, shoot, Foe4, False
32.4114, Foe4, shoot, Player, False
32.4114, Player, shoot, Foe4, False
32.4114, Player, shoot, Foe4, False
32.8914, Coward12, shoot, Coward12, False
33.4314, Foe4, shoot, Foe4, False
33.9314, Player, shoot, Adjuster8, False
33.9314, Player, shoot, Adjuster8, False
34.2914, Player, shoot, Player, True
Normal Close
