Game Time: 2022/3/1 16:48:47
Version: 1.0.0.2 with bullet collision times = 2
0, Player, player
0, Player, get, initialShield
0, Coward1, AI
0, Betrayal2, AI
0, Drunkard3, AI
0, Foe4, AI
0, Juicehead5, AI
0, Alcoholic6, AI
0, Lush7, AI
0, Adjuster8, AI
0, Bongfu9, AI
0.5164126, Alcoholic6, shoot, Alcoholic6, False
1.256413, Lush7, get, coin_v_1
1.256413, Coward1, shoot, Adjuster8, False
1.536413, Bongfu9, get, coin_v_1
1.556413, Juicehead5, get, coin_v_1
1.956413, Alcoholic6, shoot, Alcoholic6, False
2.156413, Betrayal2, get, coin_v_1
2.316412, Alcoholic6, get, coin_v_1
2.396413, Bongfu9, get, coin_v_1
3.156413, Adjuster8, shoot, Foe4, False
3.416413, Juicehead5, get, coin_v_1
3.596412, Alcoholic6, get, coin_v_1
3.616412, Juicehead5, get, coin_v_1
3.636412, Foe4, shoot, Adjuster8, False
3.696413, Drunkard3, get, coin_v_1
3.696413, Alcoholic6, shoot, Alcoholic6, False
3.776412, Bongfu9, shoot, Bongfu9, False
4.116413, Coward1, shoot, Alcoholic6, False
4.196413, Drunkard3, shoot, Betrayal2, False
4.218001, Lush7, deleted 
4.218001, gen, shield
4.218001, Lush10, AI
4.396412, Drunkard3, get, coin_v_1
4.936412, Foe4, shoot, Adjuster8, False
5.396412, Alcoholic6, get, coin_v_1
6.856412, Bongfu9, get, coin_v_1
7.116413, Adjuster8, shoot, Player, False
7.236413, Alcoholic6, shoot, Drunkard3, False
7.256413, Adjuster8, shoot, Player, False
7.296412, Coward1, get, coin_v_1
7.656413, Betrayal2, shoot, Betrayal2, False
7.816412, Player, shoot, Adjuster8, False
7.816412, Adjuster8, shoot, Player, False
8.036412, Alcoholic6, get, coin_v_1
8.276412, Coward1, get, coin_v_1
8.916412, Betrayal2, shoot, Betrayal2, False
9.656412, Lush10, get, coin_v_1
10.34002, Bongfu9, deleted 
10.34002, gen, horse
10.34002, Bongfu11, AI
10.49641, Player, shoot, Lush10, False
10.63641, Player, shoot, Foe4, False
10.73641, Foe4, shoot, Foe4, False
10.77814, Drunkard3, deleted 
10.77814, gen, horse
10.77814, Drunkard12, AI
10.93641, Player, shoot, Foe4, False
11.15641, Player, shoot, Juicehead5, False
12.03641, Alcoholic6, shoot, Lush10, False
12.81641, Adjuster8, shoot, Player, False
12.87641, Adjuster8, shoot, Player, False
13.45641, Juicehead5, shoot, Player, False
13.53641, Lush10, shoot, Juicehead5, False
13.58071, Bongfu11, deleted 
13.58071, gen, horse
13.58071, Bongfu13, AI
13.75641, Alcoholic6, get, coin_v_1
13.83946, Drunkard12, deleted 
13.83946, gen, horse
13.83946, Drunkard14, AI
14.19641, Lush10, shoot, Bongfu13, False
15.11641, Coward1, get, coin_v_1
15.25641, Coward1, get, coin_v_1
15.35641, Coward1, shoot, Coward1, False
15.83641, Player, shoot, Player, False
16.93641, Player, shoot, Adjuster8, False
16.95641, Juicehead5, shoot, Juicehead5, False
16.96405, Drunkard14, deleted 
16.96405, gen, horse
16.96405, Drunkard15, AI
17.05641, Betrayal2, get, coin_v_1
17.29641, Player, shoot, Lush10, False
17.33641, Bongfu13, shoot, Coward1, False
17.53641, Bongfu13, shoot, Bongfu13, False
17.69641, Coward1, get, coin_v_1
17.75641, Juicehead5, get, coin_v_1
18.11641, Lush10, shoot, Foe4, False
18.15641, Adjuster8, shoot, Player, False
18.53641, Player, shoot, Player, False
18.65641, Lush10, shoot, Foe4, False
18.71641, Player, shoot, Lush10, False
18.93641, Bongfu13, shoot, Foe4, False
19.19641, Foe4, shoot, Betrayal2, False
19.63641, Coward1, shoot, Coward1, False
19.77641, Player, shoot, Bongfu13, False
19.93641, Coward1, shoot, Coward1, False
20.11641, Player, shoot, Foe4, False
20.15948, Drunkard15, deleted 
20.15948, gen, horse
20.15948, Drunkard16, AI
20.21641, Lush10, shoot, Foe4, False
20.59641, Bongfu13, get, coin_v_1
20.71641, Lush10, get, coin_v_1
20.71641, Foe4, shoot, Adjuster8, False
21.01641, Player, shoot, Adjuster8, False
21.01641, Player, shoot, Adjuster8, False
21.01641, Player, shoot, Adjuster8, False
21.07977, Juicehead5, deleted 
21.07977, gen, shield
21.07977, Juicehead17, AI
21.43641, Coward1, shoot, Coward1, False
21.73641, Coward1, shoot, Coward1, False
22.03641, Coward1, shoot, Betrayal2, False
22.59641, Juicehead17, shoot, Drunkard16, False
23.41641, Adjuster8, shoot, Player, True
Normal Close
