Game Time: 2022/3/1 17:53:17
Version: 1.0.0.2 with bullet collision times = 2
0, Player, player
0, Player, get, initialShield
0, Coward1, AI
0, Betrayal2, AI
0, Drunkard3, AI
0, Foe4, AI
0, Juicehead5, AI
0, Alcoholic6, AI
0, Lush7, AI
0, Adjuster8, AI
0, Bongfu9, AI
0.5817497, Alcoholic6, get, coin_v_1
1.08175, Foe4, get, coin_v_1
1.46175, Bongfu9, get, coin_v_1
1.80175, Player, shoot, Coward1, False
1.82175, Drunkard3, get, coin_v_1
1.94175, Coward1, shoot, Coward1, False
2.28175, Bongfu9, get, coin_v_1
2.42175, Alcoholic6, get, coin_v_1
3.62175, Coward1, shoot, Drunkard3, False
3.64175, Coward1, get, coin_v_1
3.64175, Drunkard3, get, coin_v_1
3.68175, Drunkard3, shoot, Lush7, False
5.061749, Bongfu9, get, coin_v_1
5.22175, Coward1, shoot, Coward1, False
5.28175, Alcoholic6, get, coin_v_1
5.521749, Foe4, shoot, Adjuster8, False
6.121749, Lush7, get, coin_v_1
6.14175, Bongfu9, get, coin_v_1
6.581749, Coward1, get, coin_v_1
6.601749, Adjuster8, shoot, Foe4, False
6.88175, Lush7, shoot, Betrayal2, False
7.20175, Adjuster8, shoot, Player, False
7.48175, Drunkard3, get, coin_v_1
8.20175, Coward1, shoot, Player, False
8.341749, Alcoholic6, get, coin_v_1
8.40175, Foe4, shoot, Adjuster8, False
8.40175, Adjuster8, shoot, Foe4, False
9.021749, Foe4, shoot, Player, False
9.101749, Lush7, shoot, Lush7, False
9.503334, Bongfu9, deleted 
9.503334, gen, horse
9.503334, Bongfu10, AI
9.923556, Juicehead5, deleted 
9.923556, gen, horse
9.923556, Juicehead11, AI
9.94175, Bongfu10, shoot, Alcoholic6, False
10.04175, Adjuster8, get, coin_v_1
10.28324, Drunkard3, deleted 
10.28324, gen, horse
10.28324, Drunkard12, AI
10.86175, Drunkard12, shoot, Alcoholic6, False
11.14175, Drunkard12, get, coin_v_1
12.36175, Foe4, shoot, Player, False
12.72175, Adjuster8, shoot, Adjuster8, False
13.00261, Drunkard12, deleted 
13.00261, gen, shield
13.00261, Drunkard13, AI
13.10317, Bongfu10, deleted 
13.10317, gen, shield
13.10317, Bongfu14, AI
13.12175, Bongfu14, shoot, Drunkard13, False
13.30596, Alcoholic6, deleted 
13.30596, gen, horse
13.30596, Alcoholic15, AI
13.32175, Adjuster8, shoot, Player, False
14.76175, Lush7, shoot, Adjuster8, False
14.92175, Adjuster8, shoot, Foe4, False
15.16175, Lush7, shoot, Lush7, False
15.28175, Player, shoot, Foe4, False
15.80458, Drunkard13, deleted 
15.80458, gen, horse
15.80458, Drunkard16, AI
16.36175, Foe4, shoot, Adjuster8, False
16.36175, Adjuster8, shoot, Foe4, False
16.5834, Alcoholic15, deleted 
16.5834, gen, shield
16.5834, Alcoholic17, AI
16.60175, Player, shoot, Lush7, False
16.60175, Juicehead11, shoot, Alcoholic17, False
16.64175, Drunkard16, shoot, Juicehead11, False
17.90175, Adjuster8, shoot, Player, False
18.00175, Alcoholic17, shoot, Juicehead11, False
18.00175, Juicehead11, shoot, Alcoholic17, False
18.00367, Betrayal2, deleted 
18.00367, gen, shield
18.00367, Betrayal18, AI
18.60175, Adjuster8, shoot, Player, False
19.50424, Drunkard16, deleted 
19.50424, gen, shield
19.50424, Drunkard19, AI
19.60175, Player, shoot, Foe4, False
21.56175, Adjuster8, get, coin_v_1
21.82175, Adjuster8, shoot, Betrayal18, False
22.32211, Juicehead11, deleted 
22.32211, gen, shield
22.32211, Juicehead20, AI
22.40175, Adjuster8, shoot, Foe4, False
22.78175, Bongfu14, shoot, Bongfu14, False
22.84175, Betrayal18, shoot, Player, False
22.94175, Player, shoot, Player, False
23.06236, Drunkard19, deleted 
23.06236, gen, shield
23.06236, Drunkard21, AI
23.24175, Player, shoot, Adjuster8, False
23.40175, Alcoholic17, get, coin_v_1
23.54175, Player, shoot, Foe4, False
23.58175, Bongfu14, get, coin_v_1
24.26175, Lush7, shoot, Lush7, False
24.50318, Coward1, deleted 
24.50318, gen, shield
24.50318, Coward22, AI
24.68175, Foe4, shoot, Alcoholic17, False
24.96175, Adjuster8, shoot, Bongfu14, False
25.32175, Lush7, shoot, Lush7, False
25.32175, Juicehead20, shoot, Juicehead20, False
25.48175, Betrayal18, shoot, Betrayal18, False
25.56175, Alcoholic17, get, coin_v_1
25.86175, Bongfu14, shoot, Adjuster8, False
26.54175, Drunkard21, get, shield
26.70506, Drunkard21, deleted 
26.70506, gen, shield
26.70506, Drunkard23, AI
27.00175, Adjuster8, shoot, Player, True
Normal Close
