Game Time: 2022/3/1 17:07:21
Version: 1.0.0.2 with bullet collision times = 2
0, Player, player
0, Player, get, initialShield
0, Coward1, AI
0, Betrayal2, AI
0, Drunkard3, AI
0, Foe4, AI
0, Juicehead5, AI
0, Alcoholic6, AI
0, Lush7, AI
0, Adjuster8, AI
0, Bongfu9, AI
1.161818, Bongfu9, get, coin_v_1
1.161818, Betrayal2, get, coin_v_1
1.981817, Bongfu9, get, coin_v_1
2.141818, Alcoholic6, get, coin_v_1
2.261817, Drunkard3, get, coin_v_1
3.601817, Lush7, shoot, Bongfu9, False
3.861817, Coward1, get, coin_v_1
5.181818, Drunkard3, get, coin_v_1
5.341817, Bongfu9, get, coin_v_1
5.561817, Lush7, get, coin_v_1
5.881883, Juicehead5, deleted 
5.881883, gen, shield
5.881883, Juicehead10, AI
6.221817, Lush7, get, coin_v_1
6.381817, Coward1, shoot, Coward1, False
7.081817, Drunkard3, get, coin_v_1
7.201818, Foe4, shoot, Adjuster8, False
7.341817, Lush7, shoot, Lush7, False
7.361817, Alcoholic6, shoot, Alcoholic6, False
7.661818, Bongfu9, get, coin_v_1
8.841817, Lush7, get, coin_v_1
9.081818, Bongfu9, get, coin_v_1
10.30542, Coward1, deleted 
10.30542, gen, shield
10.30542, Coward11, AI
10.96182, Coward11, shoot, Coward11, False
11.10369, Drunkard3, deleted 
11.10369, gen, shield
11.10369, Drunkard12, AI
11.92182, Lush7, get, coin_v_1
12.70182, Lush7, get, coin_v_1
12.78182, Coward11, get, coin_v_1
12.82182, Foe4, shoot, Player, False
12.94182, Adjuster8, shoot, Lush7, False
13.58182, Lush7, get, coin_v_1
13.70182, Alcoholic6, shoot, Player, False
14.32182, Coward11, shoot, Foe4, False
14.84255, Bongfu9, deleted 
14.84255, gen, horse
14.84255, Bongfu13, AI
14.86182, Player, shoot, Foe4, False
15.14182, Foe4, shoot, Foe4, False
15.26182, Player, shoot, Foe4, False
16.38182, Player, shoot, Adjuster8, False
16.72509, Juicehead10, deleted 
16.72509, gen, horse
16.72509, Juicehead14, AI
17.12182, Drunkard12, get, coin_v_1
17.26182, Betrayal2, get, coin_v_1
17.36182, Adjuster8, shoot, Player, False
17.54243, Lush7, deleted 
17.54243, gen, horse
17.54243, Lush15, AI
17.82182, Juicehead14, get, coin_v_1
17.90182, Foe4, shoot, Foe4, False
17.98182, Lush15, get, coin_v_1
17.98182, Player, shoot, Foe4, False
18.26182, Drunkard12, shoot, Drunkard12, False
19.64182, Player, shoot, Adjuster8, False
19.68192, Alcoholic6, deleted 
19.68192, gen, horse
19.68192, Alcoholic16, AI
20.72182, Player, shoot, Foe4, False
21.04182, Drunkard12, shoot, Bongfu13, False
21.28182, Juicehead14, get, coin_v_1
22.22182, Lush15, shoot, Alcoholic16, False
22.38182, Player, shoot, Adjuster8, False
22.84182, Player, shoot, Alcoholic16, False
23.26182, Bongfu13, get, coin_v_1
23.44182, Foe4, shoot, Player, False
23.62182, Foe4, shoot, Adjuster8, False
23.98182, Bongfu13, shoot, Drunkard12, False
24.00182, Foe4, shoot, Player, False
24.00182, Player, shoot, Foe4, False
24.00182, Foe4, shoot, Player, False
24.38182, Alcoholic16, get, coin_v_1
24.38182, Bongfu13, get, coin_v_1
24.42182, Player, shoot, Adjuster8, False
24.88182, Adjuster8, shoot, Alcoholic16, False
25.30182, Bongfu13, shoot, Bongfu13, False
25.40182, Adjuster8, shoot, Player, False
25.68182, Betrayal2, get, coin_v_1
25.76182, Alcoholic16, get, coin_v_1
25.92182, Juicehead14, get, coin_v_1
26.14182, Player, shoot, Foe4, False
26.82182, Adjuster8, shoot, Adjuster8, False
27.00182, Player, shoot, Foe4, True
27.00182, gen, shield
27.00589, Foe17, AI
27.12182, Adjuster8, shoot, Adjuster8, False
27.14182, Player, shoot, Player, False
27.26182, Foe4, shoot, Drunkard12, False
27.36182, Alcoholic16, shoot, Bongfu13, False
27.40182, Juicehead14, shoot, Lush15, False
27.56182, Foe4, shoot, Adjuster8, False
27.72182, Adjuster8, shoot, Alcoholic16, False
27.94182, Foe4, shoot, Coward11, False
28.10182, Adjuster8, get, shield
28.12182, Coward11, get, coin_v_1
28.90182, Foe17, shoot, Foe17, False
29.06182, Player, shoot, Lush15, False
29.66182, Drunkard12, get, coin_v_1
29.88182, Drunkard12, get, coin_v_1
30.06182, Player, shoot, Juicehead14, False
30.12182, Foe17, shoot, Foe17, False
30.42182, Foe17, shoot, Foe17, False
30.72182, Foe17, shoot, Foe17, False
30.78182, Player, shoot, Player, False
30.96341, Betrayal2, deleted 
30.96341, gen, shield
30.96341, Betrayal18, AI
31.02583, Bongfu13, deleted 
31.02583, gen, shield
31.02583, Bongfu19, AI
31.04182, Bongfu19, shoot, Betrayal18, False
31.12182, Adjuster8, shoot, Lush15, False
31.32182, Foe17, shoot, Foe17, False
31.56182, Adjuster8, get, coin_v_1
31.74182, Drunkard12, get, coin_v_1
31.92182, Betrayal18, shoot, Betrayal18, False
31.98182, Player, shoot, Player, True
Normal Close
