Game Time: 2022/3/1 17:57:36
Version: 1.0.0.2 with bullet collision times = 2
0, Player, player
0, Player, get, initialShield
0, Coward1, AI
0, Betrayal2, AI
0, Drunkard3, AI
0, Foe4, AI
0, Juicehead5, AI
0, Alcoholic6, AI
0, Lush7, AI
0, Adjuster8, AI
0, Bongfu9, AI
0.7379462, Alcoholic6, get, coin_v_1
1.257946, Coward1, shoot, Adjuster8, False
1.277946, Bongfu9, get, coin_v_1
1.337946, Alcoholic6, get, coin_v_1
2.097946, Bongfu9, get, coin_v_1
2.437946, Betrayal2, shoot, Betrayal2, False
2.597946, Juicehead5, get, coin_v_1
2.637946, Drunkard3, shoot, Drunkard3, False
2.697946, Juicehead5, get, coin_v_1
3.197946, Adjuster8, shoot, Foe4, False
3.477946, Juicehead5, get, coin_v_1
3.577946, Coward1, get, coin_v_1
3.577946, Alcoholic6, get, coin_v_1
3.657946, Juicehead5, get, coin_v_1
3.717946, Adjuster8, shoot, Foe4, False
3.777946, Juicehead5, shoot, Player, False
3.917946, Coward1, get, coin_v_1
5.557946, Lush7, shoot, Lush7, False
5.577946, Juicehead5, get, coin_v_1
5.797946, Juicehead5, get, coin_v_1
5.817946, Adjuster8, shoot, Player, False
5.997946, Lush7, get, coin_v_1
6.117946, Player, shoot, Adjuster8, False
7.017946, Foe4, shoot, Player, False
7.097946, Player, shoot, Bongfu9, False
7.121796, Betrayal2, deleted 
7.121796, gen, shield
7.121796, Betrayal10, AI
7.575511, Coward1, deleted 
7.575511, gen, shield
7.575511, Coward11, AI
7.797946, Coward11, shoot, Alcoholic6, False
8.917946, Adjuster8, shoot, Adjuster8, False
9.097946, Adjuster8, shoot, Player, False
9.177946, Alcoholic6, get, coin_v_1
9.540188, Bongfu9, deleted 
9.540188, gen, horse
9.540188, Bongfu12, AI
10.19944, Drunkard3, deleted 
10.19944, gen, shield
10.19944, Drunkard13, AI
10.57933, Alcoholic6, deleted 
10.57933, gen, horse
10.57933, Alcoholic14, AI
11.05795, Drunkard13, get, coin_v_1
11.27795, Lush7, get, coin_v_1
11.33795, Juicehead5, get, shield
11.3982, Juicehead5, deleted 
11.3982, gen, horse
11.3982, Juicehead15, AI
11.51795, Coward11, get, coin_v_1
11.97795, Alcoholic14, get, coin_v_1
12.61795, Adjuster8, shoot, Player, False
13.13952, Drunkard13, deleted 
13.13952, gen, shield
13.13952, Drunkard16, AI
13.21795, Lush7, get, coin_v_1
13.24103, Bongfu12, deleted 
13.24103, gen, horse
13.24103, Bongfu17, AI
13.54142, Alcoholic14, deleted 
13.54142, gen, horse
13.54142, Alcoholic18, AI
13.63795, Player, shoot, Foe4, False
14.75795, Adjuster8, shoot, Foe4, False
15.23795, Player, shoot, Foe4, False
15.36361, Juicehead15, deleted 
15.36361, gen, horse
15.36361, Juicehead19, AI
15.43795, Alcoholic18, get, coin_v_1
15.51795, Alcoholic18, shoot, Coward11, False
16.05795, Drunkard16, get, shield
16.12119, Drunkard16, deleted 
16.12119, gen, horse
16.12119, Drunkard20, AI
16.31795, Betrayal10, shoot, Drunkard20, False
16.33795, Bongfu17, get, coin_v_1
17.99795, Player, shoot, Foe4, False
18.93983, Lush7, deleted 
18.93983, gen, shield
18.93983, Lush21, AI
19.1595, Juicehead19, deleted 
19.1595, gen, shield
19.1595, Juicehead22, AI
19.47795, Drunkard20, get, horse
19.49795, Bongfu17, shoot, Foe4, False
19.54161, Drunkard20, deleted 
19.54161, gen, shield
19.54161, Drunkard23, AI
19.61795, Coward11, shoot, Coward11, False
19.87794, Foe4, shoot, Player, False
19.93795, Lush21, shoot, Lush21, False
20.45794, Player, shoot, Juicehead22, False
20.81795, Player, shoot, Foe4, False
21.30114, Betrayal10, deleted 
21.30114, gen, horse
21.30114, Betrayal24, AI
21.73795, Lush21, shoot, Lush21, False
21.77795, Player, shoot, Adjuster8, False
22.33795, Lush21, shoot, Lush21, False
22.47795, Coward11, shoot, Coward11, False
22.89795, Drunkard23, get, shield
22.95866, Drunkard23, deleted 
22.95866, gen, shield
22.95866, Drunkard25, AI
23.04031, Alcoholic18, deleted 
23.04031, gen, shield
23.04031, Alcoholic26, AI
23.23795, Lush21, shoot, Lush21, False
23.37996, Juicehead22, deleted 
23.37996, gen, horse
23.37996, Juicehead27, AI
23.43795, Drunkard25, shoot, Betrayal24, False
24.27795, Alcoholic26, shoot, Coward11, False
24.35795, Juicehead27, shoot, Drunkard25, False
24.63795, Drunkard25, shoot, Betrayal24, False
25.23795, Drunkard25, shoot, Betrayal24, False
25.47795, Lush21, get, coin_v_1
26.21795, Betrayal24, get, shield
26.27937, Betrayal24, deleted 
26.27937, gen, shield
26.27937, Betrayal28, AI
26.29795, Bongfu17, get, coin_v_1
26.33795, Drunkard25, get, shield
26.39795, Player, shoot, Player, False
26.44136, Drunkard25, deleted 
26.44136, gen, horse
26.44136, Drunkard29, AI
26.79795, Bongfu17, shoot, Foe4, False
26.93795, Adjuster8, shoot, Player, False
27.07795, Drunkard29, shoot, Betrayal28, False
27.17795, Foe4, shoot, Adjuster8, False
27.27795, Adjuster8, shoot, Foe4, False
27.61794, Lush21, shoot, Player, False
27.87794, Lush21, shoot, Player, False
27.95794, Lush21, shoot, Lush21, False
28.31795, Foe4, shoot, Adjuster8, False
28.59795, Player, shoot, Alcoholic26, False
28.81795, Foe4, shoot, Alcoholic26, False
28.83795, Foe4, shoot, Lush21, False
28.83795, Foe4, shoot, Lush21, False
28.83795, Foe4, shoot, Alcoholic26, False
28.83795, Lush21, shoot, Foe4, True
28.83795, gen, horse
28.84152, Foe30, AI
28.87794, Drunkard29, shoot, Betrayal28, False
28.89795, Foe4, shoot, Lush21, False
28.89795, Foe4, shoot, Lush21, False
28.89795, Foe4, shoot, Alcoholic26, False
29.09795, Foe4, shoot, Player, True
Normal Close
