Game Time: 2022/3/1 16:36:49
Version: 1.0.0.2 with bullet collision times = 2
0, Player, player
0, Player, get, initialShield
0, Coward1, AI
0, Betrayal2, AI
0, Drunkard3, AI
0, Foe4, AI
0, Juicehead5, AI
0, Alcoholic6, AI
0, Lush7, AI
0, Adjuster8, AI
0, Bongfu9, AI
1.201412, Bongfu9, get, coin_v_1
1.481412, Alcoholic6, get, coin_v_1
1.621412, Foe4, get, coin_v_1
1.761412, Foe4, get, coin_v_1
1.881412, Player, shoot, Coward1, False
1.921412, Betrayal2, shoot, Betrayal2, False
2.041412, Bongfu9, get, coin_v_1
2.181412, Alcoholic6, get, coin_v_1
3.661412, Bongfu9, shoot, Foe4, False
3.761412, Drunkard3, get, coin_v_1
3.786839, Juicehead5, deleted 
3.786839, gen, horse
3.786839, Juicehead10, AI
3.801412, Drunkard3, shoot, Coward1, False
4.361412, Juicehead10, shoot, Juicehead10, False
4.441411, Drunkard3, get, coin_v_1
4.801412, Foe4, shoot, Player, False
4.921412, Juicehead10, shoot, Juicehead10, False
5.221412, Juicehead10, shoot, Juicehead10, False
6.101411, Coward1, shoot, Coward1, False
6.601411, Player, shoot, Adjuster8, False
7.081411, Drunkard3, get, coin_v_1
7.101411, Foe4, shoot, Adjuster8, False
7.301412, Alcoholic6, get, coin_v_1
7.841412, Juicehead10, shoot, Bongfu9, False
7.881412, Coward1, get, coin_v_1
8.021412, Bongfu9, shoot, Bongfu9, False
8.441411, Coward1, get, coin_v_1
8.881412, Bongfu9, shoot, Bongfu9, False
9.201411, Bongfu9, shoot, Foe4, False
9.283954, Alcoholic6, deleted 
9.283954, gen, horse
9.283954, Alcoholic11, AI
9.601412, Adjuster8, shoot, Player, False
10.50141, Adjuster8, shoot, Foe4, False
10.50141, Foe4, shoot, Adjuster8, False
10.62141, Juicehead10, shoot, Juicehead10, False
10.80324, Drunkard3, deleted 
10.80324, gen, horse
10.80324, Drunkard12, AI
10.92141, Juicehead10, shoot, Juicehead10, False
11.06141, Foe4, get, coin_v_1
11.30141, Foe4, get, coin_v_1
11.40141, Player, shoot, Adjuster8, False
11.40141, Adjuster8, shoot, Player, False
11.92141, Juicehead10, get, coin_v_1
12.44141, Bongfu9, shoot, Bongfu9, False
12.58141, Player, shoot, Foe4, False
12.7063, Lush7, deleted 
12.7063, gen, shield
12.7063, Lush13, AI
12.88604, Betrayal2, deleted 
12.88604, gen, horse
12.88604, Betrayal14, AI
12.90141, Player, shoot, Foe4, False
13.36141, Foe4, shoot, Adjuster8, False
13.50141, Lush13, get, coin_v_1
13.54141, Bongfu9, shoot, Bongfu9, False
13.56141, Betrayal14, get, coin_v_1
13.62546, Drunkard12, deleted 
13.62546, gen, shield
13.62546, Drunkard15, AI
14.22141, Bongfu9, shoot, Bongfu9, False
14.52141, Bongfu9, shoot, Bongfu9, False
14.68141, Player, shoot, Juicehead10, False
14.78141, Adjuster8, shoot, Player, False
15.02141, Adjuster8, shoot, Player, False
15.42141, Adjuster8, shoot, Adjuster8, False
15.84719, Lush13, deleted 
15.84719, gen, horse
15.84719, Lush16, AI
16.00141, Player, shoot, Foe4, False
16.02141, Foe4, shoot, Coward1, False
16.04141, Player, shoot, Betrayal14, False
16.54253, Drunkard15, deleted 
16.54253, gen, horse
16.54253, Drunkard17, AI
16.72141, Lush16, get, coin_v_1
16.80141, Player, shoot, Foe4, False
16.80141, Foe4, shoot, Player, False
18.06141, Coward1, get, coin_v_1
18.18141, Adjuster8, shoot, Player, False
18.38141, Juicehead10, shoot, Juicehead10, False
18.88141, Drunkard17, shoot, Lush16, False
18.98141, Foe4, shoot, Player, False
19.00141, Coward1, get, coin_v_1
19.24141, Player, shoot, Foe4, False
19.50141, Player, shoot, Foe4, False
19.62348, Lush16, deleted 
19.62348, gen, shield
19.62348, Lush18, AI
19.64141, Juicehead10, get, coin_v_1
19.82141, Player, shoot, Foe4, True
19.82141, gen, horse
19.82522, Foe19, AI
20.28792, Drunkard17, deleted 
20.28792, gen, horse
20.28792, Drunkard20, AI
20.78408, Bongfu9, deleted 
20.78408, gen, shield
20.78408, Bongfu21, AI
21.10141, Drunkard20, shoot, Lush18, False
22.16141, Bongfu21, shoot, Drunkard20, False
22.30141, Adjuster8, shoot, Alcoholic11, False
22.42141, Drunkard20, shoot, Lush18, False
23.04141, Betrayal14, shoot, Betrayal14, False
23.12141, Adjuster8, shoot, Foe19, False
23.14141, Alcoholic11, shoot, Alcoholic11, False
23.40141, Adjuster8, shoot, Foe19, False
23.40141, Adjuster8, shoot, Foe19, False
23.40141, Foe19, shoot, Adjuster8, False
23.42141, Player, shoot, Adjuster8, False
23.62141, Drunkard20, shoot, Lush18, False
23.84491, Lush18, deleted 
23.84491, gen, horse
23.84491, Lush22, AI
23.96141, Bongfu21, shoot, Drunkard20, False
24.00141, Foe19, shoot, Adjuster8, False
24.10141, Alcoholic11, get, coin_v_1
24.44583, Drunkard20, deleted 
24.44583, gen, shield
24.44583, Drunkard23, AI
24.66141, Adjuster8, shoot, Player, False
24.94141, Bongfu21, get, horse
24.94141, Player, shoot, Alcoholic11, False
24.98522, Bongfu21, deleted 
24.98522, gen, shield
24.98522, Bongfu24, AI
25.16141, Alcoholic11, get, coin_v_1
25.20141, Player, shoot, Foe19, False
25.20141, Player, shoot, Foe19, False
25.20141, Player, shoot, Foe19, False
25.20141, Foe19, shoot, Player, True
Normal Close
