Game Time: 2022/3/1 16:56:12
Version: 1.0.0.2 with bullet collision times = 2
0, Player, player
0, Player, get, initialShield
0, Coward1, AI
0, Betrayal2, AI
0, Drunkard3, AI
0, Foe4, AI
0, Juicehead5, AI
0, Alcoholic6, AI
0, Lush7, AI
0, Adjuster8, AI
0, Bongfu9, AI
0.8585653, Drunkard3, get, coin_v_1
1.358565, Bongfu9, get, coin_v_1
1.938565, Juicehead5, shoot, Juicehead5, False
2.178565, Drunkard3, get, coin_v_1
2.198565, Bongfu9, get, coin_v_1
2.358565, Alcoholic6, get, coin_v_1
3.438565, Alcoholic6, get, coin_v_1
3.618565, Coward1, shoot, Player, False
3.738565, Foe4, shoot, Foe4, False
3.880285, Juicehead5, deleted 
3.880285, gen, horse
3.880285, Juicehead10, AI
4.838565, Bongfu9, shoot, Alcoholic6, False
4.938565, Foe4, shoot, Foe4, False
5.078565, Alcoholic6, get, coin_v_1
5.238565, Foe4, shoot, Foe4, False
5.418565, Drunkard3, get, coin_v_1
5.418565, Coward1, shoot, Player, False
5.538565, Foe4, shoot, Foe4, False
5.538565, Adjuster8, shoot, Adjuster8, False
6.598565, Juicehead10, shoot, Betrayal2, False
6.678565, Lush7, get, coin_v_1
6.738565, Adjuster8, shoot, Adjuster8, False
7.038565, Adjuster8, shoot, Adjuster8, False
7.218565, Coward1, shoot, Player, False
7.238565, Lush7, shoot, Player, False
7.338565, Adjuster8, shoot, Adjuster8, False
7.520785, Alcoholic6, deleted 
7.520785, gen, shield
7.520785, Alcoholic11, AI
7.739151, Drunkard3, deleted 
7.739151, gen, shield
7.739151, Drunkard12, AI
7.938565, Adjuster8, shoot, Adjuster8, False
8.238565, Betrayal2, get, coin_v_1
8.838565, Adjuster8, shoot, Adjuster8, False
8.938565, Foe4, shoot, Foe4, False
9.138565, Adjuster8, shoot, Adjuster8, False
9.218565, Player, shoot, Coward1, False
9.239561, Bongfu9, deleted 
9.239561, gen, horse
9.239561, Bongfu13, AI
9.398565, Adjuster8, shoot, Juicehead10, False
9.458565, Betrayal2, get, coin_v_1
9.979973, Drunkard12, deleted 
9.979973, gen, horse
9.979973, Drunkard14, AI
10.17857, Betrayal2, get, coin_v_1
10.57857, Coward1, shoot, Coward1, False
10.59857, Lush7, get, coin_v_1
10.61928, Alcoholic11, deleted 
10.61928, gen, shield
10.61928, Alcoholic15, AI
10.63857, Foe4, shoot, Foe4, False
10.87856, Lush7, get, coin_v_1
10.93857, Lush7, get, coin_v_1
11.15857, Alcoholic15, shoot, Alcoholic15, False
11.53856, Foe4, shoot, Foe4, False
12.11857, Betrayal2, shoot, Betrayal2, False
12.18105, Drunkard14, deleted 
12.18105, gen, horse
12.18105, Drunkard16, AI
12.39857, Coward1, get, coin_v_1
12.55857, Coward1, get, coin_v_1
12.63857, Lush7, shoot, Juicehead10, False
12.75856, Betrayal2, shoot, Betrayal2, False
12.77857, Foe4, shoot, Foe4, False
13.39857, Adjuster8, shoot, Juicehead10, False
13.58228, Bongfu13, deleted 
13.58228, gen, shield
13.58228, Bongfu17, AI
14.10173, Alcoholic15, deleted 
14.10173, gen, shield
14.10173, Alcoholic18, AI
14.21856, Betrayal2, shoot, Betrayal2, False
14.51857, Betrayal2, shoot, Betrayal2, False
14.63857, Betrayal2, shoot, Betrayal2, False
15.49856, Juicehead10, shoot, Juicehead10, False
16.07857, Betrayal2, get, coin_v_1
16.33857, Betrayal2, shoot, Betrayal2, False
16.35856, Foe4, shoot, Foe4, False
16.47857, Juicehead10, shoot, Juicehead10, False
16.74309, Alcoholic18, deleted 
16.74309, gen, shield
16.74309, Alcoholic19, AI
16.85856, Drunkard16, get, coin_v_1
16.91857, Adjuster8, shoot, Adjuster8, False
17.51856, Foe4, shoot, Foe4, True
17.51856, gen, horse
17.51892, Foe20, AI
17.55857, Drunkard16, shoot, Drunkard16, False
17.89857, Betrayal2, shoot, Adjuster8, False
18.80284, Lush7, deleted 
18.80284, gen, horse
18.80284, Lush21, AI
18.85856, Adjuster8, shoot, Foe20, False
18.88115, Bongfu17, deleted 
18.88115, gen, horse
18.88115, Bongfu22, AI
19.11859, Alcoholic19, deleted 
19.11859, gen, horse
19.11859, Alcoholic23, AI
19.45856, Foe20, shoot, Foe20, False
19.7231, Coward1, deleted 
19.7231, gen, shield
19.7231, Coward24, AI
19.93856, Adjuster8, shoot, Adjuster8, False
20.11856, Alcoholic23, shoot, Lush21, False
20.57857, Adjuster8, get, coin_v_1
20.65857, Foe20, shoot, Foe20, False
21.09856, Lush21, get, horse
21.13857, Adjuster8, shoot, Foe20, False
21.14096, Lush21, deleted 
21.14096, gen, shield
21.14096, Lush25, AI
21.25856, Betrayal2, shoot, Alcoholic23, False
21.39857, Alcoholic23, get, shield
21.48009, Alcoholic23, deleted 
21.48009, gen, shield
21.48009, Alcoholic26, AI
21.49857, Adjuster8, shoot, Player, False
21.55857, Coward24, get, coin_v_1
21.64086, Betrayal2, deleted 
21.64086, gen, shield
21.64086, Betrayal27, AI
21.65857, Foe20, get, coin_v_1
21.71856, Adjuster8, shoot, Adjuster8, True
21.71856, gen, shield
21.71856, Betrayal27, shoot, Alcoholic26, False
21.71983, Adjuster28, AI
21.83856, Adjuster8, shoot, Foe20, False
21.89857, Adjuster8, shoot, Foe20, False
21.95856, Alcoholic26, shoot, Lush25, False
22.35856, Adjuster8, shoot, Player, False
22.63857, Betrayal27, get, coin_v_1
22.87856, Foe20, get, coin_v_1
23.15857, Alcoholic26, shoot, Lush25, False
23.35894, Drunkard16, deleted 
23.35894, gen, shield
23.35894, Drunkard29, AI
23.41857, Lush25, get, shield
23.48224, Lush25, deleted 
23.48224, gen, shield
23.48224, Lush30, AI
23.75856, Alcoholic26, get, shield
23.84017, Alcoholic26, deleted 
23.84017, gen, shield
23.84017, Alcoholic31, AI
23.86106, Juicehead10, deleted 
23.86106, gen, shield
23.86106, Juicehead32, AI
23.87856, Juicehead32, shoot, Alcoholic31, False
23.87856, Alcoholic31, shoot, Juicehead32, False
23.93856, Foe20, shoot, Coward24, False
23.94464, Betrayal27, deleted 
23.94464, gen, horse
23.94464, Betrayal33, AI
23.95856, Betrayal33, shoot, Juicehead32, False
24.97857, Alcoholic31, shoot, Lush30, False
25.19856, Player, shoot, Foe20, False
25.23857, Betrayal33, shoot, Alcoholic31, False
25.35856, Drunkard29, shoot, Drunkard29, False
25.57857, Alcoholic31, shoot, Lush30, False
25.58229, Bongfu22, deleted 
25.58229, gen, horse
25.58229, Bongfu34, AI
25.63857, Player, shoot, Foe20, False
25.73857, Lush30, get, shield
25.76267, Lush30, deleted 
25.76267, gen, horse
25.76267, Lush35, AI
25.77856, Player, shoot, Player, False
26.05857, Alcoholic31, get, horse
26.12071, Alcoholic31, deleted 
26.12071, gen, horse
26.12071, Alcoholic36, AI
26.19856, Betrayal33, get, horse
26.24295, Betrayal33, deleted 
26.24295, gen, shield
26.24295, Betrayal37, AI
26.30119, Juicehead32, deleted 
26.30119, gen, shield
26.30119, Juicehead38, AI
26.63857, Coward24, get, coin_v_1
26.63857, Adjuster28, shoot, Player, False
26.77856, Foe20, shoot, Adjuster28, False
26.87856, Player, shoot, Adjuster28, False
26.93856, Player, shoot, Foe20, False
27.01856, Juicehead38, shoot, Betrayal37, False
27.03856, Betrayal37, shoot, Alcoholic36, False
27.13857, Player, shoot, Foe20, True
27.13857, gen, horse
27.14256, Foe39, AI
27.35856, Alcoholic36, shoot, Lush35, False
27.51856, Player, shoot, Adjuster28, False
27.57857, Drunkard29, shoot, Juicehead38, False
27.87856, Bongfu34, get, coin_v_1
27.99857, Lush35, get, shield
28.05939, Lush35, deleted 
28.05939, gen, horse
28.05939, Lush40, AI
28.13857, Adjuster28, shoot, Player, False
28.21856, Juicehead38, shoot, Betrayal37, False
28.23857, Betrayal37, shoot, Alcoholic36, False
28.23857, Foe39, shoot, Juicehead38, False
28.33856, Alcoholic36, get, horse
28.37856, Player, shoot, Adjuster28, False
28.37977, Alcoholic36, deleted 
28.37977, gen, horse
28.37977, Alcoholic41, AI
28.39857, Player, shoot, Adjuster28, False
28.39857, Coward24, shoot, Coward24, False
28.45856, Betrayal37, get, horse
28.51887, Betrayal37, deleted 
28.51887, gen, horse
28.51887, Betrayal42, AI
28.55857, Adjuster28, get, horse
28.55857, Juicehead38, get, horse
28.60237, Juicehead38, deleted 
28.60237, gen, shield
28.60237, Juicehead43, AI
28.75856, Coward24, get, coin_v_1
28.81857, Juicehead43, shoot, Betrayal42, False
28.85856, Betrayal42, shoot, Alcoholic41, False
29.05857, Drunkard29, shoot, Alcoholic41, False
29.05857, Player, shoot, Bongfu34, False
29.07857, Coward24, get, coin_v_1
29.11856, Alcoholic41, shoot, Lush40, False
29.71856, Alcoholic41, shoot, Lush40, False
30.07857, Betrayal42, shoot, Alcoholic41, False
30.09856, Adjuster28, shoot, Foe39, False
30.25856, Lush40, get, shield
30.34217, Lush40, deleted 
30.34217, gen, shield
30.34217, Lush44, AI
30.59856, Alcoholic41, get, shield
30.61856, Juicehead43, shoot, Betrayal42, False
30.64151, Alcoholic41, deleted 
30.64151, gen, shield
30.64151, Alcoholic45, AI
30.65857, Drunkard29, shoot, Lush44, False
30.69856, Coward24, get, coin_v_1
30.69856, Betrayal42, get, shield
30.75856, Adjuster28, shoot, Adjuster28, False
30.78162, Betrayal42, deleted 
30.78162, gen, horse
30.78162, Betrayal46, AI
30.79856, Juicehead43, get, horse
30.83856, Betrayal46, shoot, Alcoholic45, False
30.86112, Juicehead43, deleted 
30.86112, gen, horse
30.86112, Juicehead47, AI
30.87856, Juicehead47, shoot, Betrayal46, False
30.93856, Alcoholic45, shoot, Lush44, False
31.05857, Foe39, get, coin_v_1
31.85856, Betrayal46, shoot, Alcoholic45, False
32.09856, Alcoholic45, shoot, Lush44, False
32.30213, Coward24, deleted 
32.30213, gen, shield
32.30213, Coward48, AI
32.37856, Alcoholic45, shoot, Lush44, False
32.41856, Juicehead47, shoot, Betrayal46, False
32.45856, Betrayal46, shoot, Alcoholic45, False
32.51857, Foe39, shoot, Foe39, False
32.53856, Lush44, get, horse
32.58352, Lush44, deleted 
32.58352, gen, shield
32.58352, Lush49, AI
32.81857, Alcoholic45, get, shield
32.83857, Lush49, shoot, Coward48, False
32.89883, Alcoholic45, deleted 
32.89883, gen, shield
32.89883, Alcoholic50, AI
32.97857, Adjuster28, get, shield
32.97857, Betrayal46, get, shield
33.03996, Betrayal46, deleted 
33.03996, gen, horse
33.03996, Betrayal51, AI
33.05856, Juicehead47, get, horse
33.1228, Juicehead47, deleted 
33.1228, gen, shield
33.1228, Juicehead52, AI
33.35857, Adjuster28, shoot, Foe39, False
34.12179, Bongfu34, deleted 
34.12179, gen, shield
34.12179, Bongfu53, AI
34.21856, Juicehead52, shoot, Betrayal51, False
34.23856, Betrayal51, shoot, Alcoholic50, False
34.51857, Alcoholic50, shoot, Lush49, False
34.77856, Lush49, get, shield
34.82105, Lush49, deleted 
34.82105, gen, horse
34.82105, Lush54, AI
35.05856, Alcoholic50, get, horse
35.12092, Alcoholic50, deleted 
35.12092, gen, horse
35.12092, Alcoholic55, AI
35.19857, Betrayal51, get, horse
35.25999, Betrayal51, deleted 
35.25999, gen, horse
35.25999, Betrayal56, AI
35.29856, Juicehead52, get, horse
35.33894, Juicehead52, deleted 
35.33894, gen, shield
35.33894, Juicehead57, AI
35.47857, Adjuster28, shoot, Player, False
35.83857, Foe39, shoot, Foe39, False
36.01857, Juicehead57, shoot, Betrayal56, False
36.01857, Alcoholic55, shoot, Bongfu53, False
36.05856, Betrayal56, shoot, Alcoholic55, False
36.15857, Bongfu53, shoot, Lush54, False
36.17857, Player, shoot, Foe39, False
36.61906, Coward48, deleted 
36.61906, gen, horse
36.61906, Coward58, AI
36.63857, Adjuster28, get, coin_v_1
36.95856, Lush54, get, shield
37.0617, Lush54, deleted 
37.0617, gen, shield
37.0617, Lush59, AI
37.19856, Bongfu53, get, shield
37.25856, Betrayal56, shoot, Alcoholic55, False
37.26091, Bongfu53, deleted 
37.26091, gen, horse
37.26091, Bongfu60, AI
37.27856, Alcoholic55, get, horse
37.34059, Alcoholic55, deleted 
37.34059, gen, shield
37.34059, Alcoholic61, AI
37.43856, Betrayal56, get, shield
37.49857, Adjuster28, shoot, Player, False
37.51935, Betrayal56, deleted 
37.51935, gen, shield
37.51935, Betrayal62, AI
37.53856, Juicehead57, get, shield
37.59856, Player, shoot, Adjuster28, False
37.6018, Juicehead57, deleted 
37.6018, gen, horse
37.6018, Juicehead63, AI
37.63857, Player, shoot, Foe39, False
37.81857, Juicehead63, shoot, Betrayal62, False
37.81857, Alcoholic61, shoot, Bongfu60, False
37.85857, Foe39, shoot, Adjuster28, False
37.89856, Betrayal62, shoot, Alcoholic61, False
37.91856, Foe39, shoot, Foe39, False
37.93856, Bongfu60, shoot, Lush59, False
39.07856, Player, shoot, Adjuster28, False
39.13857, Bongfu60, shoot, Lush59, False
39.15857, Player, shoot, Foe39, False
39.21856, Lush59, get, horse
39.23856, Betrayal62, shoot, Bongfu60, False
39.28017, Lush59, deleted 
39.28017, gen, shield
39.28017, Lush64, AI
39.43856, Bongfu60, get, shield
39.51962, Bongfu60, deleted 
39.51962, gen, horse
39.51962, Bongfu65, AI
39.61856, Juicehead63, shoot, Betrayal62, False
39.63857, Foe39, shoot, Player, True
39.63857, Player, shoot, Foe39, False
39.63857, Player, shoot, Foe39, True
39.63857, gen, shield
Normal Close
