Game Time: 2022/3/1 18:21:14
Version: 1.0.0.2 with bullet collision times = 2
0, Player, player
0, Player, get, initialShield
0, Coward1, AI
0, Betrayal2, AI
0, Drunkard3, AI
0, Foe4, AI
0, Juicehead5, AI
0, Alcoholic6, AI
0, Lush7, AI
0, Adjuster8, AI
0, Bongfu9, AI
0.5692345, Foe4, get, coin_v_1
0.6292346, Drunkard3, shoot, Drunkard3, False
1.069234, Juicehead5, get, coin_v_1
1.129235, Bongfu9, get, coin_v_1
1.269235, Coward1, shoot, Adjuster8, False
1.889235, Player, shoot, Coward1, False
1.909235, Alcoholic6, shoot, Alcoholic6, False
1.969235, Bongfu9, get, coin_v_1
2.009234, Betrayal2, shoot, Betrayal2, False
2.129235, Alcoholic6, get, coin_v_1
2.389235, Drunkard3, get, coin_v_1
2.969234, Drunkard3, shoot, Coward1, False
3.029234, Coward1, get, coin_v_1
3.289234, Drunkard3, shoot, Drunkard3, False
3.549234, Juicehead5, get, coin_v_1
3.809234, Coward1, shoot, Player, False
4.189234, Juicehead5, shoot, Foe4, False
4.231308, Lush7, deleted 
4.231308, gen, horse
4.231308, Lush10, AI
4.329235, Drunkard3, get, coin_v_1
4.829235, Adjuster8, shoot, Foe4, False
5.009234, Foe4, shoot, Juicehead5, False
5.109234, Player, shoot, Juicehead5, False
5.109234, Foe4, shoot, Juicehead5, False
5.369235, Coward1, shoot, Coward1, False
5.409235, Adjuster8, shoot, Juicehead5, False
5.409235, Juicehead5, shoot, Adjuster8, False
5.709234, Coward1, shoot, Coward1, False
5.929235, Drunkard3, get, coin_v_1
5.989234, Alcoholic6, get, coin_v_1
6.089234, Juicehead5, get, coin_v_1
7.029234, Coward1, shoot, Betrayal2, False
7.209234, Coward1, shoot, Betrayal2, False
7.209234, Coward1, shoot, Betrayal2, False
7.369235, Alcoholic6, get, coin_v_1
8.910541, Alcoholic6, deleted 
8.910541, gen, shield
8.910541, Alcoholic11, AI
9.229235, Adjuster8, shoot, Foe4, False
9.289234, Alcoholic11, get, coin_v_1
9.589234, Alcoholic11, get, coin_v_1
10.00923, Bongfu9, shoot, Bongfu9, False
10.10923, Juicehead5, shoot, Juicehead5, False
10.53124, Drunkard3, deleted 
10.53124, gen, shield
10.53124, Drunkard12, AI
10.80923, Adjuster8, shoot, Player, False
11.02923, Betrayal2, shoot, Betrayal2, False
11.02923, Betrayal2, shoot, Betrayal2, False
11.06923, Juicehead5, shoot, Drunkard12, False
11.40923, Foe4, shoot, Player, False
11.6921, Alcoholic11, deleted 
11.6921, gen, horse
11.6921, Alcoholic13, AI
11.72923, Coward1, get, coin_v_1
13.06923, Lush10, shoot, Bongfu9, False
13.32923, Player, shoot, Adjuster8, False
13.47311, Drunkard12, deleted 
13.47311, gen, horse
13.47311, Drunkard14, AI
13.58923, Bongfu9, shoot, Lush10, False
13.98923, Foe4, shoot, Lush10, False
14.06923, Lush10, shoot, Bongfu9, False
14.23331, Coward1, deleted 
14.23331, gen, horse
14.23331, Coward15, AI
14.35163, Juicehead5, deleted 
14.35163, gen, shield
14.35163, Juicehead16, AI
14.42923, Foe4, shoot, Player, False
14.42923, Foe4, shoot, Player, False
14.42923, Bongfu9, shoot, Lush10, False
14.80923, Foe4, shoot, Player, False
15.09137, Alcoholic13, deleted 
15.09137, gen, horse
15.09137, Alcoholic17, AI
15.30923, Bongfu9, shoot, Coward15, False
15.32923, Player, shoot, Foe4, False
15.34923, Betrayal2, shoot, Adjuster8, False
15.54923, Alcoholic17, get, coin_v_1
15.90923, Bongfu9, shoot, Lush10, False
15.90923, Player, shoot, Adjuster8, False
15.90923, Lush10, shoot, Bongfu9, False
16.26923, Player, shoot, Adjuster8, False
16.34923, Lush10, shoot, Bongfu9, False
16.48923, Adjuster8, shoot, Foe4, False
16.65341, Drunkard14, deleted 
16.65341, gen, horse
16.65341, Drunkard18, AI
16.92923, Foe4, shoot, Player, False
16.94923, Betrayal2, shoot, Betrayal2, False
18.02923, Adjuster8, shoot, Player, False
18.02923, Adjuster8, shoot, Player, False
18.02923, Adjuster8, shoot, Player, True
Normal Close
