Game Time: 2022/3/1 16:35:28
Version: 1.0.0.2 with bullet collision times = 2
0, Player, player
0, Player, get, initialShield
0, Coward1, AI
0, Betrayal2, AI
0, Drunkard3, AI
0, Foe4, AI
0, Juicehead5, AI
0, Alcoholic6, AI
0, Lush7, AI
0, Adjuster8, AI
0, Bongfu9, AI
0.2357764, Alcoholic6, shoot, Alcoholic6, False
1.215776, Drunkard3, get, coin_v_1
1.575776, Bongfu9, get, coin_v_1
2.135776, Foe4, get, coin_v_1
2.235776, Betrayal2, shoot, Betrayal2, False
2.375776, Alcoholic6, get, coin_v_1
2.375776, Drunkard3, get, coin_v_1
2.415776, Bongfu9, get, coin_v_1
3.615776, Adjuster8, shoot, Lush7, False
3.655776, Lush7, shoot, Adjuster8, False
3.775776, Foe4, shoot, Bongfu9, False
3.937458, Juicehead5, deleted 
3.937458, gen, horse
3.937458, Juicehead10, AI
4.795776, Drunkard3, get, coin_v_1
4.995776, Betrayal2, shoot, Betrayal2, False
5.255776, Bongfu9, get, coin_v_1
5.895776, Alcoholic6, shoot, Alcoholic6, False
6.375776, Coward1, shoot, Coward1, False
6.395776, Bongfu9, get, coin_v_1
6.755776, Drunkard3, get, coin_v_1
6.755776, Adjuster8, shoot, Foe4, False
7.119874, Juicehead10, deleted 
7.119874, gen, shield
7.119874, Juicehead11, AI
7.135776, Alcoholic6, shoot, Alcoholic6, False
7.275776, Coward1, get, coin_v_1
7.435776, Coward1, shoot, Coward1, False
7.555776, Betrayal2, get, coin_v_1
7.615776, Coward1, get, coin_v_1
7.755776, Coward1, shoot, Player, False
9.155776, Foe4, shoot, Lush7, False
9.195776, Adjuster8, shoot, Adjuster8, False
9.415776, Player, shoot, Adjuster8, False
9.897011, Bongfu9, deleted 
9.897011, gen, shield
9.897011, Bongfu12, AI
10.23578, Foe4, shoot, Adjuster8, False
10.45849, Juicehead11, deleted 
10.45849, gen, horse
10.45849, Alcoholic6, deleted 
10.45849, gen, horse
10.45849, Juicehead13, AI
10.46553, Alcoholic14, AI
10.71991, Drunkard3, deleted 
10.71991, gen, horse
10.71991, Drunkard15, AI
10.85578, Adjuster8, shoot, Betrayal2, False
11.07578, Adjuster8, shoot, Betrayal2, False
11.67578, Drunkard15, get, coin_v_1
12.59578, Adjuster8, shoot, Foe4, False
12.65578, Adjuster8, shoot, Foe4, False
12.99578, Betrayal2, shoot, Player, False
13.19578, Betrayal2, get, coin_v_1
13.21578, Alcoholic14, get, coin_v_1
13.25578, Coward1, get, coin_v_1
13.47578, Player, shoot, Foe4, False
13.61692, Drunkard15, deleted 
13.61692, gen, shield
13.61692, Drunkard16, AI
13.75578, Juicehead13, get, horse
13.81611, Juicehead13, deleted 
13.81611, gen, shield
13.81611, Juicehead17, AI
14.13578, Player, shoot, Adjuster8, False
14.17578, Coward1, shoot, Juicehead17, False
14.55744, Bongfu12, deleted 
14.55744, gen, shield
14.55744, Bongfu18, AI
14.61578, Adjuster8, shoot, Betrayal2, False
15.49578, Bongfu18, shoot, Juicehead17, False
15.53641, Lush7, deleted 
15.53641, gen, shield
15.53641, Lush19, AI
16.09578, Player, shoot, Foe4, False
16.63804, Drunkard16, deleted 
16.63804, gen, shield
16.63804, Drunkard20, AI
16.93578, Player, shoot, Adjuster8, False
17.11578, Bongfu18, shoot, Juicehead17, False
17.13578, Juicehead17, get, shield
17.1781, Juicehead17, deleted 
17.1781, gen, horse
17.1781, Juicehead21, AI
17.89578, Bongfu18, get, horse
17.937, Bongfu18, deleted 
17.937, gen, shield
17.937, Bongfu22, AI
18.17578, Foe4, shoot, Player, False
18.49578, Betrayal2, get, coin_v_1
18.63578, Juicehead21, shoot, Drunkard20, False
18.95578, Bongfu22, shoot, Juicehead21, False
19.21845, Alcoholic14, deleted 
19.21845, gen, horse
19.21845, Alcoholic23, AI
19.23578, Adjuster8, shoot, Foe4, False
19.81578, Juicehead21, shoot, Drunkard20, False
19.93763, Drunkard20, deleted 
19.93763, gen, horse
19.93763, Drunkard24, AI
20.39578, Juicehead21, get, horse
20.45578, Foe4, shoot, Adjuster8, False
20.47832, Juicehead21, deleted 
20.47832, gen, shield
20.47832, Juicehead25, AI
20.95578, Alcoholic23, get, coin_v_1
21.19578, Bongfu22, get, shield
21.26338, Bongfu22, deleted 
21.26338, gen, horse
21.26338, Bongfu26, AI
21.72003, Betrayal2, deleted 
21.72003, gen, horse
21.72003, Betrayal27, AI
21.89578, Adjuster8, shoot, Player, False
22.23577, Juicehead25, shoot, Drunkard24, False
22.47578, Player, shoot, Adjuster8, False
22.59578, Bongfu26, shoot, Juicehead25, False
22.95598, Lush19, deleted 
22.95598, gen, shield
22.95598, Lush28, AI
23.17578, Drunkard24, get, horse
23.21716, Drunkard24, deleted 
23.21716, gen, horse
23.21716, Drunkard29, AI
23.27578, Foe4, shoot, Player, False
23.43578, Player, shoot, Foe4, False
23.43578, Foe4, shoot, Player, False
23.43578, Foe4, shoot, Player, False
23.69578, Juicehead25, get, horse
23.73803, Juicehead25, deleted 
23.73803, gen, horse
23.73803, Juicehead30, AI
24.27578, Adjuster8, shoot, Juicehead30, False
24.35578, Juicehead30, shoot, Drunkard29, False
24.39578, Player, shoot, Player, False
24.45578, Bongfu26, get, horse
24.49763, Bongfu26, deleted 
24.49763, gen, horse
24.49763, Bongfu31, AI
24.61578, Adjuster8, shoot, Player, False
24.61578, Adjuster8, shoot, Player, True
24.61578, Player, shoot, Adjuster8, False
Normal Close
