Game Time: 2022/3/1 17:47:02
Version: 1.0.0.2 with bullet collision times = 2
0, Player, player
0, Player, get, initialShield
0, Coward1, AI
0, Betrayal2, AI
0, Drunkard3, AI
0, Foe4, AI
0, Juicehead5, AI
0, Alcoholic6, AI
0, Lush7, AI
0, Adjuster8, AI
0, Bongfu9, AI
1.232155, Foe4, get, coin_v_1
1.492155, Bongfu9, get, coin_v_1
2.132155, Coward1, get, coin_v_1
2.212155, Alcoholic6, get, coin_v_1
2.332155, Bongfu9, get, coin_v_1
2.412155, Foe4, shoot, Lush7, False
3.652155, Drunkard3, get, coin_v_1
4.112154, Player, shoot, Foe4, False
4.332155, Drunkard3, shoot, Foe4, False
4.352155, Drunkard3, get, coin_v_1
5.152154, Foe4, shoot, Adjuster8, False
5.452155, Coward1, get, coin_v_1
5.652154, Alcoholic6, get, coin_v_1
5.672154, Player, shoot, Player, False
6.092155, Alcoholic6, get, coin_v_1
6.912155, Player, shoot, Player, False
7.212154, Drunkard3, shoot, Lush7, False
7.412155, Foe4, shoot, Foe4, False
7.512155, Player, shoot, Player, False
7.912155, Juicehead5, shoot, Juicehead5, False
8.112155, Bongfu9, get, coin_v_1
8.592155, Adjuster8, shoot, Adjuster8, False
8.852155, Player, shoot, Adjuster8, False
9.012155, Drunkard3, shoot, Lush7, False
9.032154, Player, shoot, Adjuster8, False
9.412154, Juicehead5, get, coin_v_1
9.435575, Alcoholic6, deleted 
9.435575, gen, horse
9.435575, Alcoholic10, AI
9.552463, Coward1, deleted 
9.552463, gen, shield
9.552463, Coward11, AI
9.992154, Player, shoot, Player, False
10.51215, Bongfu9, get, coin_v_1
10.75215, Adjuster8, shoot, Betrayal2, False
10.81215, Drunkard3, shoot, Lush7, False
10.87215, Adjuster8, shoot, Betrayal2, False
10.89215, Player, shoot, Foe4, False
11.23215, Player, shoot, Player, False
11.43215, Betrayal2, shoot, Adjuster8, False
11.63215, Player, shoot, Adjuster8, False
12.15215, Bongfu9, get, coin_v_1
12.17346, Juicehead5, deleted 
12.17346, gen, horse
12.17346, Juicehead12, AI
12.35905, Lush7, deleted 
12.35905, gen, horse
12.35905, Lush13, AI
12.37215, Drunkard3, get, horse
12.41413, Drunkard3, deleted 
12.41413, gen, shield
12.41413, Drunkard14, AI
12.51857, Alcoholic10, deleted 
12.51857, gen, shield
12.51857, Alcoholic15, AI
12.61215, Alcoholic15, shoot, Drunkard14, False
12.61215, Drunkard14, shoot, Lush13, False
13.07215, Player, shoot, Player, False
13.09289, Coward11, deleted 
13.09289, gen, shield
13.09289, Coward16, AI
13.55215, Bongfu9, get, coin_v_1
13.63215, Foe4, shoot, Player, False
13.71215, Player, shoot, Player, False
13.79215, Coward16, shoot, Alcoholic15, False
13.81215, Drunkard14, shoot, Lush13, False
13.85215, Adjuster8, shoot, Coward16, False
13.93215, Betrayal2, shoot, Betrayal2, False
14.13215, Player, shoot, Foe4, False
14.43215, Drunkard14, shoot, Lush13, False
14.95215, Player, shoot, Player, False
15.31215, Coward16, shoot, Drunkard14, False
15.37215, Adjuster8, shoot, Player, True
Normal Close
