Game Time: 2022/3/1 16:32:18
Version: 1.0.0.2 with bullet collision times = 2
0, Player, player
0, Player, get, initialShield
0, Coward1, AI
0, Betrayal2, AI
0, Drunkard3, AI
0, Foe4, AI
0, Juicehead5, AI
0, Alcoholic6, AI
0, Lush7, AI
0, Adjuster8, AI
0, Bongfu9, AI
0.1107792, Foe4, shoot, Foe4, False
1.350779, Bongfu9, get, coin_v_1
1.530779, Juicehead5, get, coin_v_1
1.570779, Foe4, get, coin_v_1
1.950779, Alcoholic6, shoot, Alcoholic6, False
2.090779, Foe4, shoot, Lush7, False
2.190779, Bongfu9, get, coin_v_1
2.590779, Bongfu9, shoot, Coward1, False
2.670779, Betrayal2, shoot, Alcoholic6, False
3.050779, Coward1, shoot, Bongfu9, False
3.250779, Juicehead5, get, coin_v_1
3.430779, Juicehead5, get, coin_v_1
3.470779, Drunkard3, get, coin_v_1
3.770779, Foe4, shoot, Player, False
4.030779, Alcoholic6, shoot, Alcoholic6, False
4.070779, Juicehead5, shoot, Juicehead5, False
4.150779, Lush7, shoot, Alcoholic6, False
4.170779, Drunkard3, get, coin_v_1
4.250779, Lush7, get, coin_v_1
4.810779, Foe4, shoot, Adjuster8, False
4.910779, Player, shoot, Player, False
5.190779, Coward1, shoot, Coward1, False
5.310779, Player, shoot, Adjuster8, False
5.410779, Adjuster8, shoot, Player, False
5.710779, Drunkard3, get, coin_v_1
6.110779, Lush7, get, coin_v_1
6.510779, Betrayal2, get, coin_v_1
6.650779, Lush7, get, coin_v_1
7.210779, Coward1, shoot, Coward1, False
7.510779, Juicehead5, get, coin_v_1
7.850779, Player, shoot, Alcoholic6, False
7.930779, Player, shoot, Player, False
7.930779, Adjuster8, shoot, Adjuster8, False
8.830779, Adjuster8, shoot, Adjuster8, False
9.550779, Player, shoot, Alcoholic6, False
9.754309, Bongfu9, deleted 
9.754309, gen, shield
9.754309, Bongfu10, AI
9.790779, Player, shoot, Foe4, False
9.912863, Lush7, deleted 
9.912863, gen, shield
9.912863, Lush11, AI
10.91078, Juicehead5, get, coin_v_1
11.09078, Player, shoot, Adjuster8, False
11.43217, Drunkard3, deleted 
11.43217, gen, horse
11.43217, Drunkard12, AI
12.13078, Foe4, shoot, Adjuster8, False
12.73078, Alcoholic6, shoot, Alcoholic6, False
12.91078, Foe4, shoot, Alcoholic6, False
12.95078, Adjuster8, shoot, Player, False
13.25078, Adjuster8, shoot, Player, False
13.41314, Lush11, deleted 
13.41314, gen, shield
13.41314, Lush13, AI
13.554, Betrayal2, deleted 
13.554, gen, horse
13.554, Betrayal14, AI
14.11078, Adjuster8, shoot, Player, False
14.41078, Player, shoot, Adjuster8, False
14.41078, Adjuster8, shoot, Player, False
14.41078, Adjuster8, shoot, Player, False
14.41078, Adjuster8, shoot, Player, True
14.41078, Player, shoot, Adjuster8, False
Normal Close
