Game Time: 2022/3/1 18:20:45
Version: 1.0.0.2 with bullet collision times = 2
0, Player, player
0, Player, get, initialShield
0, Coward1, AI
0, Betrayal2, AI
0, Drunkard3, AI
0, Foe4, AI
0, Juicehead5, AI
0, Alcoholic6, AI
0, Lush7, AI
0, Adjuster8, AI
0, Bongfu9, AI
0.1039881, Alcoholic6, shoot, Alcoholic6, False
0.8639881, Betrayal2, get, coin_v_1
1.263988, Coward1, shoot, Adjuster8, False
1.343988, Bongfu9, get, coin_v_1
1.383988, Juicehead5, get, coin_v_1
1.423988, Alcoholic6, shoot, Alcoholic6, False
2.183988, Bongfu9, get, coin_v_1
2.603988, Bongfu9, shoot, Coward1, False
2.643988, Betrayal2, shoot, Betrayal2, False
2.763988, Juicehead5, get, coin_v_1
3.263988, Juicehead5, get, coin_v_1
3.443988, Juicehead5, get, coin_v_1
3.703988, Betrayal2, shoot, Betrayal2, False
3.863988, Player, shoot, Player, False
3.963988, Drunkard3, get, coin_v_1
4.383988, Juicehead5, shoot, Foe4, False
4.583988, Drunkard3, get, coin_v_1
4.623988, Adjuster8, shoot, Foe4, False
4.903988, Coward1, shoot, Coward1, False
4.943988, Drunkard3, shoot, Bongfu9, False
5.023988, Player, shoot, Player, False
5.363988, Player, shoot, Player, False
5.683988, Coward1, get, coin_v_1
5.863988, Juicehead5, get, coin_v_1
6.143988, Drunkard3, get, coin_v_1
6.303988, Player, shoot, Player, False
6.903988, Player, shoot, Foe4, False
7.243988, Juicehead5, get, coin_v_1
8.143988, Player, shoot, Player, False
8.403988, Adjuster8, shoot, Player, False
8.443988, Coward1, get, coin_v_1
8.543988, Bongfu9, get, coin_v_1
9.003988, Player, shoot, Player, False
9.083988, Bongfu9, get, coin_v_1
9.167775, Lush7, deleted 
9.167775, gen, horse
9.167775, Lush10, AI
9.383987, Player, shoot, Adjuster8, False
9.563988, Player, shoot, Foe4, False
9.943988, Player, shoot, Player, False
9.943988, Player, shoot, Player, False
10.20399, Foe4, shoot, Player, True
Normal Close
