Game Time: 2022/3/1 17:07:53
Version: 1.0.0.2 with bullet collision times = 2
0, Player, player
0, Player, get, initialShield
0, Coward1, AI
0, Betrayal2, AI
0, Drunkard3, AI
0, Foe4, AI
0, Juicehead5, AI
0, Alcoholic6, AI
0, Lush7, AI
0, Adjuster8, AI
0, Bongfu9, AI
0.4144139, Foe4, get, coin_v_1
0.5144139, Drunkard3, shoot, Drunkard3, False
1.434414, Bongfu9, get, coin_v_1
1.554414, Foe4, get, coin_v_1
1.914414, Juicehead5, shoot, Juicehead5, False
2.274414, Bongfu9, get, coin_v_1
2.714414, Bongfu9, shoot, Coward1, False
3.074414, Foe4, shoot, Bongfu9, False
3.554414, Drunkard3, get, coin_v_1
3.614414, Foe4, shoot, Adjuster8, False
3.614414, Bongfu9, shoot, Coward1, False
3.894414, Alcoholic6, shoot, Alcoholic6, False
3.914414, Juicehead5, shoot, Juicehead5, False
4.234414, Drunkard3, get, coin_v_1
4.374414, Drunkard3, shoot, Bongfu9, False
4.634414, Adjuster8, get, coin_v_1
5.694414, Adjuster8, shoot, Foe4, False
5.814414, Drunkard3, get, coin_v_1
7.174414, Alcoholic6, shoot, Betrayal2, False
7.274414, Player, shoot, Foe4, False
7.954414, Juicehead5, get, coin_v_1
7.974414, Alcoholic6, shoot, Alcoholic6, False
8.074413, Alcoholic6, get, coin_v_1
8.374413, Foe4, shoot, Foe4, False
9.174414, Foe4, shoot, Player, False
9.234414, Player, shoot, Foe4, False
9.394414, Juicehead5, get, coin_v_1
9.614413, Foe4, shoot, Player, False
9.854464, Bongfu9, deleted 
9.854464, gen, horse
9.854464, Bongfu10, AI
10.21441, Adjuster8, shoot, Player, False
10.3788, Drunkard3, deleted 
10.3788, gen, shield
10.3788, Drunkard11, AI
10.51441, Player, shoot, Adjuster8, False
10.87441, Player, shoot, Adjuster8, False
11.09441, Juicehead5, get, coin_v_1
11.15441, Player, shoot, Player, False
11.51441, Foe4, shoot, Foe4, False
11.55454, Coward1, deleted 
11.55454, gen, horse
11.55454, Coward12, AI
12.09441, Foe4, shoot, Juicehead5, False
12.27508, Lush7, deleted 
12.27508, gen, shield
12.27508, Lush13, AI
12.31441, Betrayal2, shoot, Betrayal2, False
12.99441, Player, shoot, Player, False
13.09583, Drunkard11, deleted 
13.09583, gen, shield
13.09583, Drunkard14, AI
13.23441, Adjuster8, shoot, Foe4, False
13.29441, Coward12, get, coin_v_1
13.29441, Player, shoot, Adjuster8, False
13.55441, Betrayal2, get, coin_v_1
13.61685, Bongfu10, deleted 
13.61685, gen, horse
13.61685, Bongfu15, AI
13.93441, Coward12, get, coin_v_1
14.19441, Player, shoot, Foe4, False
14.67441, Adjuster8, shoot, Player, False
14.83441, Player, shoot, Player, False
15.01441, Player, shoot, Adjuster8, False
15.01441, Adjuster8, shoot, Player, False
15.29441, Coward12, get, coin_v_1
15.47441, Player, shoot, Player, False
15.93492, Drunkard14, deleted 
15.93492, gen, shield
15.93492, Drunkard16, AI
15.97441, Coward12, get, coin_v_1
16.27441, Lush13, get, shield
16.27441, Foe4, shoot, Player, True
Normal Close
