Game Time: 2022/3/1 17:51:57
Version: 1.0.0.2 with bullet collision times = 2
0, Player, player
0, Player, get, initialShield
0, Coward1, AI
0, Betrayal2, AI
0, Drunkard3, AI
0, Foe4, AI
0, Juicehead5, AI
0, Alcoholic6, AI
0, Lush7, AI
0, Adjuster8, AI
0, Bongfu9, AI
0.3908097, Alcoholic6, shoot, Alcoholic6, False
0.7108097, Alcoholic6, get, coin_v_1
1.03081, Foe4, get, coin_v_1
1.29081, Coward1, shoot, Adjuster8, False
1.33081, Bongfu9, get, coin_v_1
2.01081, Alcoholic6, get, coin_v_1
2.15081, Bongfu9, get, coin_v_1
2.39081, Betrayal2, shoot, Betrayal2, False
2.41081, Alcoholic6, get, coin_v_1
2.89081, Coward1, get, coin_v_1
3.49081, Drunkard3, get, coin_v_1
3.51081, Juicehead5, shoot, Bongfu9, False
3.67081, Juicehead5, get, coin_v_1
4.17081, Drunkard3, get, coin_v_1
4.27081, Player, shoot, Bongfu9, False
4.37081, Lush7, get, coin_v_1
4.550809, Juicehead5, shoot, Player, False
4.930809, Betrayal2, get, coin_v_1
5.41081, Bongfu9, shoot, Coward1, False
5.490809, Drunkard3, shoot, Bongfu9, False
5.590809, Lush7, shoot, Lush7, False
5.990809, Player, shoot, Juicehead5, False
6.39081, Adjuster8, shoot, Juicehead5, False
6.510809, Bongfu9, shoot, Foe4, False
6.67081, Coward1, get, coin_v_1
6.69081, Alcoholic6, shoot, Drunkard3, False
6.990809, Alcoholic6, get, coin_v_1
7.25081, Player, shoot, Adjuster8, False
7.41081, Lush7, shoot, Adjuster8, False
8.054881, Betrayal2, deleted 
8.054881, gen, shield
8.054881, Betrayal10, AI
8.270809, Coward1, get, coin_v_1
8.67081, Betrayal10, get, coin_v_1
8.730809, Drunkard3, get, coin_v_1
8.83081, Juicehead5, shoot, Juicehead5, False
8.83081, Bongfu9, shoot, Bongfu9, False
9.09081, Drunkard3, get, coin_v_1
9.110809, Betrayal10, shoot, Betrayal10, False
10.47081, Lush7, shoot, Player, False
10.49081, Player, shoot, Adjuster8, False
10.77081, Bongfu9, get, coin_v_1
10.81081, Foe4, shoot, Player, False
11.29081, Bongfu9, shoot, Foe4, False
11.39081, Coward1, shoot, Coward1, False
11.43081, Bongfu9, shoot, Foe4, False
11.51081, Player, shoot, Player, False
11.61081, Adjuster8, shoot, Foe4, False
11.71436, Drunkard3, deleted 
11.71436, gen, horse
11.71436, Drunkard11, AI
12.25081, Coward1, shoot, Betrayal10, False
12.45081, Player, shoot, Player, False
13.31081, Foe4, shoot, Player, False
13.39081, Player, shoot, Player, False
13.53081, Betrayal10, shoot, Betrayal10, False
14.17081, Player, shoot, Foe4, False
14.29081, Adjuster8, shoot, Player, False
14.47081, Adjuster8, shoot, Player, False
14.47081, Adjuster8, shoot, Player, True
Normal Close
