Game Time: 2022/3/1 16:39:46
Version: 1.0.0.2 with bullet collision times = 2
0, Player, player
0, Player, get, initialShield
0, Coward1, AI
0, Betrayal2, AI
0, Drunkard3, AI
0, Foe4, AI
0, Juicehead5, AI
0, Alcoholic6, AI
0, Lush7, AI
0, Adjuster8, AI
0, Bongfu9, AI
0.6582708, Lush7, get, coin_v_1
0.7382708, Drunkard3, shoot, Drunkard3, False
0.7582708, Drunkard3, get, coin_v_1
1.238271, Juicehead5, get, coin_v_1
1.378271, Bongfu9, get, coin_v_1
1.778271, Juicehead5, get, coin_v_1
2.058271, Foe4, get, coin_v_1
2.058271, Coward1, shoot, Adjuster8, False
2.118271, Betrayal2, get, coin_v_1
2.218271, Bongfu9, get, coin_v_1
2.378271, Alcoholic6, get, coin_v_1
2.658271, Drunkard3, get, coin_v_1
2.698271, Juicehead5, get, coin_v_1
3.118271, Juicehead5, shoot, Adjuster8, False
3.418271, Adjuster8, shoot, Bongfu9, False
3.438271, Juicehead5, get, coin_v_1
3.698271, Adjuster8, shoot, Player, False
3.798271, Drunkard3, get, coin_v_1
3.918271, Juicehead5, shoot, Foe4, False
3.958271, Bongfu9, shoot, Alcoholic6, False
4.03827, Coward1, get, coin_v_1
4.378271, Adjuster8, shoot, Foe4, False
4.438271, Drunkard3, get, coin_v_1
4.478271, Drunkard3, shoot, Bongfu9, False
4.798271, Betrayal2, get, coin_v_1
4.898271, Drunkard3, shoot, Bongfu9, False
5.51827, Betrayal2, shoot, Betrayal2, False
6.07827, Lush7, get, coin_v_1
6.298271, Adjuster8, shoot, Player, False
6.478271, Bongfu9, get, coin_v_1
7.298271, Player, shoot, Adjuster8, False
7.862867, Coward1, deleted 
7.862867, gen, shield
7.862867, Coward10, AI
8.980616, Lush7, deleted 
8.980616, gen, horse
8.980616, Lush11, AI
8.998271, Coward10, get, coin_v_1
9.558984, Bongfu9, deleted 
9.558984, gen, horse
9.558984, Bongfu12, AI
9.898271, Foe4, shoot, Adjuster8, False
9.898271, Player, shoot, Adjuster8, False
10.51827, Adjuster8, shoot, Player, False
10.51827, Player, shoot, Adjuster8, False
10.54098, Drunkard3, deleted 
10.54098, gen, horse
10.54098, Drunkard13, AI
10.83827, Player, shoot, Adjuster8, False
10.83827, Player, shoot, Adjuster8, False
10.99827, Betrayal2, shoot, Betrayal2, False
11.34153, Coward10, deleted 
11.34153, gen, shield
11.34153, Coward14, AI
11.41827, Foe4, shoot, Adjuster8, False
11.41827, Adjuster8, shoot, Foe4, False
11.75827, Alcoholic6, shoot, Bongfu12, False
12.01827, Coward14, get, coin_v_1
12.33827, Juicehead5, get, coin_v_1
12.41827, Adjuster8, shoot, Player, False
12.61827, Player, shoot, Adjuster8, True
12.61827, gen, shield
12.62043, Adjuster15, AI
12.63827, Adjuster15, shoot, Alcoholic6, False
12.63827, Alcoholic6, shoot, Adjuster15, False
12.88093, Bongfu12, deleted 
12.88093, gen, horse
12.88093, Bongfu16, AI
12.93827, Bongfu16, shoot, Alcoholic6, False
12.95827, Player, get, shield
13.21827, Alcoholic6, shoot, Bongfu16, False
13.23991, Drunkard13, deleted 
13.23991, gen, shield
13.23991, Drunkard17, AI
13.77827, Adjuster15, get, coin_v_1
14.61827, Adjuster15, get, coin_v_1
14.65827, Adjuster15, get, coin_v_1
14.79827, Adjuster15, get, coin_v_1
14.82116, Coward14, deleted 
14.82116, gen, shield
14.82116, Coward18, AI
14.91827, Alcoholic6, shoot, Bongfu16, False
15.23827, Alcoholic6, shoot, Bongfu16, False
15.25827, Adjuster8, shoot, Bongfu16, False
15.51827, Coward18, shoot, Coward18, False
16.16187, Juicehead5, deleted 
16.16187, gen, horse
16.16187, Juicehead19, AI
16.62174, Bongfu16, deleted 
16.62174, gen, shield
16.62174, Bongfu20, AI
16.75827, Bongfu20, shoot, Alcoholic6, False
16.81827, Alcoholic6, shoot, Bongfu20, False
17.41827, Adjuster15, shoot, Player, False
17.71827, Coward18, get, coin_v_1
17.71827, Foe4, shoot, Player, False
17.81827, Alcoholic6, shoot, Alcoholic6, False
18.01827, Adjuster15, shoot, Player, False
18.01827, Player, shoot, Foe4, False
18.01827, Foe4, shoot, Player, False
18.01827, Player, shoot, Adjuster15, False
18.01827, Foe4, shoot, Player, False
18.01827, Foe4, shoot, Player, True
18.01827, Player, shoot, Adjuster15, False
Normal Close
