Game Time: 2022/3/1 16:27:56
Version: 1.0.0.2 with bullet collision times = 2
0, Player, player
0, Player, get, initialShield
0, Coward1, AI
0, Betrayal2, AI
0, Drunkard3, AI
0, Foe4, AI
0, Juicehead5, AI
0, Alcoholic6, AI
0, Lush7, AI
0, Adjuster8, AI
0, Bongfu9, AI
0.5146197, Betrayal2, shoot, Betrayal2, False
1.37462, Bongfu9, get, coin_v_1
1.65462, Drunkard3, get, coin_v_1
1.93462, Foe4, shoot, Foe4, False
1.95462, Player, shoot, Coward1, False
2.19462, Bongfu9, get, coin_v_1
2.39462, Alcoholic6, get, coin_v_1
2.63462, Alcoholic6, get, coin_v_1
2.99462, Foe4, get, coin_v_1
3.01462, Alcoholic6, shoot, Alcoholic6, False
3.43462, Drunkard3, get, coin_v_1
3.49462, Betrayal2, shoot, Lush7, False
3.53462, Juicehead5, get, coin_v_1
3.63462, Alcoholic6, shoot, Bongfu9, False
3.65462, Foe4, shoot, Adjuster8, False
3.91462, Coward1, shoot, Coward1, False
3.95462, Lush7, get, coin_v_1
4.01462, Foe4, shoot, Adjuster8, False
4.25462, Drunkard3, shoot, Betrayal2, False
4.53462, Juicehead5, shoot, Drunkard3, False
4.55462, Adjuster8, shoot, Betrayal2, False
4.934619, Betrayal2, shoot, Foe4, False
4.954619, Bongfu9, get, coin_v_1
5.09462, Alcoholic6, shoot, Player, False
5.31462, Drunkard3, shoot, Drunkard3, False
6.15462, Foe4, shoot, Juicehead5, False
6.29462, Coward1, get, coin_v_1
6.77462, Drunkard3, get, coin_v_1
6.79462, Lush7, get, coin_v_1
6.934619, Adjuster8, shoot, Player, False
7.014619, Foe4, shoot, Player, False
7.67462, Betrayal2, shoot, Alcoholic6, False
7.75462, Player, shoot, Betrayal2, False
7.81462, Adjuster8, shoot, Juicehead5, False
7.914619, Lush7, get, coin_v_1
9.13462, Lush7, get, coin_v_1
9.454619, Foe4, shoot, Player, False
9.534891, Bongfu9, deleted 
9.534891, gen, horse
9.534891, Bongfu10, AI
9.71462, Foe4, shoot, Player, False
9.93462, Adjuster8, shoot, Adjuster8, False
10.45758, Drunkard3, deleted 
10.45758, gen, horse
10.45758, Drunkard11, AI
11.49462, Player, shoot, Alcoholic6, False
11.53462, Drunkard11, get, coin_v_1
11.99462, Foe4, shoot, Player, False
12.11462, Adjuster8, shoot, Player, False
12.29462, Player, shoot, Foe4, False
12.61462, Player, shoot, Adjuster8, False
13.19462, Player, shoot, Coward1, False
13.27679, Bongfu10, deleted 
13.27679, gen, horse
13.27679, Bongfu12, AI
13.41462, Coward1, get, coin_v_1
13.41462, Adjuster8, shoot, Betrayal2, False
13.65504, Drunkard11, deleted 
13.65504, gen, shield
13.65504, Drunkard13, AI
13.78066, Lush7, deleted 
13.78066, gen, shield
13.78066, Lush14, AI
14.29738, Juicehead5, deleted 
14.29738, gen, horse
14.29738, Juicehead15, AI
14.73462, Player, shoot, Alcoholic6, False
14.83462, Alcoholic6, shoot, Betrayal2, False
15.13462, Coward1, shoot, Coward1, False
16.07462, Alcoholic6, shoot, Alcoholic6, False
17.07828, Drunkard13, deleted 
17.07828, gen, shield
17.07828, Drunkard16, AI
17.17462, Juicehead15, get, shield
17.23799, Juicehead15, deleted 
17.23799, gen, horse
17.23799, Juicehead17, AI
17.45551, Bongfu12, deleted 
17.45551, gen, shield
17.45551, Bongfu18, AI
17.79462, Player, shoot, Lush14, False
18.11462, Adjuster8, shoot, Adjuster8, False
18.23462, Foe4, shoot, Player, False
18.29462, Juicehead17, get, coin_v_1
18.37462, Foe4, shoot, Player, False
18.57462, Coward1, shoot, Lush14, False
19.11462, Player, shoot, Player, True
Normal Close
