Game Time: 2022/3/1 17:45:26
Version: 1.0.0.2 with bullet collision times = 2
0, Player, player
0, Player, get, initialShield
0, Coward1, AI
0, Betrayal2, AI
0, Drunkard3, AI
0, Foe4, AI
0, Juicehead5, AI
0, Alcoholic6, AI
0, Lush7, AI
0, Adjuster8, AI
0, Bongfu9, AI
0.8591601, Alcoholic6, get, coin_v_1
1.29916, Bongfu9, get, coin_v_1
1.31916, Drunkard3, get, coin_v_1
2.05916, Coward1, shoot, Adjuster8, False
2.13916, Bongfu9, get, coin_v_1
2.29916, Juicehead5, get, coin_v_1
2.35916, Alcoholic6, get, coin_v_1
3.45916, Juicehead5, get, coin_v_1
3.47916, Betrayal2, get, coin_v_1
3.51916, Drunkard3, get, coin_v_1
3.61916, Juicehead5, get, coin_v_1
3.63916, Drunkard3, shoot, Alcoholic6, False
3.71916, Foe4, shoot, Adjuster8, False
3.75916, Juicehead5, shoot, Player, False
3.99916, Bongfu9, shoot, Alcoholic6, False
4.21916, Drunkard3, get, coin_v_1
4.53916, Juicehead5, shoot, Bongfu9, False
4.91916, Drunkard3, shoot, Bongfu9, False
5.49916, Adjuster8, shoot, Foe4, False
5.53916, Alcoholic6, shoot, Betrayal2, False
5.71916, Lush7, shoot, Lush7, False
6.11916, Bongfu9, shoot, Bongfu9, False
6.79916, Drunkard3, get, coin_v_1
6.91916, Adjuster8, shoot, Player, False
7.05916, Alcoholic6, get, coin_v_1
7.21916, Adjuster8, shoot, Player, False
7.21916, Drunkard3, shoot, Bongfu9, False
7.37916, Coward1, shoot, Coward1, False
7.59916, Bongfu9, shoot, Drunkard3, False
7.71916, Bongfu9, get, coin_v_1
7.81916, Adjuster8, shoot, Player, False
7.89916, Alcoholic6, get, coin_v_1
8.31916, Alcoholic6, get, coin_v_1
8.73916, Betrayal2, get, coin_v_1
8.899917, Lush7, deleted 
8.899917, gen, horse
8.899917, Lush10, AI
8.93916, Bongfu9, get, coin_v_1
9.15916, Juicehead5, get, coin_v_1
9.27916, Player, shoot, Coward1, False
9.27916, Player, shoot, Coward1, False
9.45916, Adjuster8, shoot, Player, False
10.95916, Player, shoot, Player, False
10.98298, Alcoholic6, deleted 
10.98298, gen, shield
10.98298, Alcoholic11, AI
11.10213, Drunkard3, deleted 
11.10213, gen, horse
11.10213, Drunkard12, AI
11.43916, Player, shoot, Adjuster8, False
12.13916, Betrayal2, shoot, Betrayal2, False
12.13916, Foe4, shoot, Foe4, False
12.29974, Juicehead5, deleted 
12.29974, gen, horse
12.29974, Juicehead13, AI
12.33916, Drunkard12, get, coin_v_1
12.35925, Lush10, deleted 
12.35925, gen, shield
12.35925, Lush14, AI
12.37916, Player, shoot, Foe4, False
12.59916, Adjuster8, shoot, Player, False
12.63916, Alcoholic11, shoot, Drunkard12, False
12.71916, Player, shoot, Foe4, False
12.75916, Adjuster8, shoot, Player, False
12.75916, Foe4, shoot, Foe4, False
12.93916, Coward1, get, coin_v_1
13.35916, Foe4, shoot, Player, False
14.25916, Foe4, shoot, Foe4, False
14.53916, Foe4, shoot, Foe4, False
14.78263, Drunkard12, deleted 
14.78263, gen, shield
14.78263, Drunkard15, AI
14.85916, Foe4, shoot, Foe4, False
15.13916, Adjuster8, shoot, Adjuster8, False
15.76284, Alcoholic11, deleted 
15.76284, gen, shield
15.76284, Alcoholic16, AI
15.91916, Lush14, get, shield
15.98044, Lush14, deleted 
15.98044, gen, horse
15.98044, Lush17, AI
16.03916, Adjuster8, shoot, Adjuster8, False
16.03916, Foe4, shoot, Foe4, False
16.05916, Player, shoot, Foe4, True
16.05916, gen, shield
16.06405, Foe18, AI
16.19916, Foe4, shoot, Player, True
Normal Close
