Game Time: 2022/3/1 17:48:44
Version: 1.0.0.2 with bullet collision times = 2
0, Player, player
0, Player, get, initialShield
0, Coward1, AI
0, Betrayal2, AI
0, Drunkard3, AI
0, Foe4, AI
0, Juicehead5, AI
0, Alcoholic6, AI
0, Lush7, AI
0, Adjuster8, AI
0, Bongfu9, AI
1.397889, Bongfu9, get, coin_v_1
2.237889, Bongfu9, get, coin_v_1
2.257889, Adjuster8, shoot, Adjuster8, False
2.397889, Lush7, shoot, Coward1, False
4.097889, Lush7, get, coin_v_1
4.237889, Lush7, shoot, Lush7, False
4.737889, Alcoholic6, shoot, Coward1, False
4.817889, Adjuster8, shoot, Foe4, False
5.057889, Betrayal2, shoot, Player, False
5.417889, Foe4, shoot, Adjuster8, False
5.417889, Adjuster8, shoot, Foe4, False
5.537889, Betrayal2, shoot, Betrayal2, False
5.577889, Player, shoot, Betrayal2, False
6.077889, Juicehead5, get, coin_v_1
6.237889, Coward1, shoot, Bongfu9, False
6.237889, Adjuster8, shoot, Betrayal2, False
6.457889, Coward1, shoot, Coward1, False
6.917889, Coward1, shoot, Alcoholic6, False
7.217889, Bongfu9, shoot, Foe4, False
7.337889, Alcoholic6, shoot, Coward1, False
8.257889, Coward1, get, coin_v_1
8.297889, Foe4, shoot, Player, False
8.537889, Bongfu9, get, coin_v_1
8.717889, Player, shoot, Foe4, False
8.717889, Foe4, shoot, Player, False
9.017889, Player, shoot, Coward1, False
9.477889, Adjuster8, shoot, Alcoholic6, False
10.15789, Betrayal2, get, coin_v_1
10.77811, Drunkard3, deleted 
10.77811, gen, shield
10.77811, Drunkard10, AI
10.83789, Player, shoot, Foe4, False
10.83789, Foe4, shoot, Player, False
10.95789, Adjuster8, get, coin_v_1
11.90055, Juicehead5, deleted 
11.90055, gen, horse
11.90055, Juicehead11, AI
12.07789, Coward1, shoot, Bongfu9, False
12.09959, Lush7, deleted 
12.09959, gen, horse
12.09959, Lush12, AI
12.11789, Betrayal2, shoot, Bongfu9, False
12.53873, Alcoholic6, deleted 
12.53873, gen, horse
12.53873, Alcoholic13, AI
12.81789, Lush12, get, coin_v_1
13.15789, Foe4, shoot, Foe4, False
13.21789, Juicehead11, get, coin_v_1
13.45789, Alcoholic13, get, coin_v_1
13.95789, Player, shoot, Coward1, False
13.97789, Bongfu9, get, coin_v_1
14.41789, Foe4, shoot, Alcoholic13, False
14.53789, Coward1, get, coin_v_1
14.92074, Juicehead11, deleted 
14.92074, gen, shield
14.92074, Juicehead14, AI
14.93789, Player, shoot, Coward1, False
15.43789, Lush12, shoot, Lush12, False
15.63789, Adjuster8, shoot, Betrayal2, False
15.71789, Lush12, shoot, Lush12, False
15.91789, Betrayal2, shoot, Coward1, False
15.92091, Drunkard10, deleted 
15.92091, gen, horse
15.92091, Drunkard15, AI
15.97789, Coward1, get, coin_v_1
16.03789, Lush12, shoot, Lush12, False
16.09789, Coward1, shoot, Coward1, False
16.89789, Foe4, shoot, Adjuster8, False
17.49789, Lush12, get, coin_v_1
17.65789, Drunkard15, get, coin_v_1
17.83789, Foe4, shoot, Lush12, False
17.86433, Juicehead14, deleted 
17.86433, gen, shield
17.86433, Juicehead16, AI
17.87789, Drunkard15, get, coin_v_1
18.09789, Adjuster8, shoot, Player, False
18.21789, Foe4, shoot, Foe4, False
18.41789, Juicehead16, get, coin_v_1
18.63789, Adjuster8, shoot, Foe4, False
18.63789, Foe4, shoot, Adjuster8, False
18.73789, Player, shoot, Adjuster8, False
18.94059, Bongfu9, deleted 
18.94059, gen, horse
18.94059, Bongfu17, AI
19.21789, Lush12, shoot, Bongfu17, False
19.39789, Coward1, get, coin_v_1
20.05789, Player, shoot, Adjuster8, False
21.19789, Foe4, shoot, Foe4, False
21.23789, Foe4, shoot, Adjuster8, False
21.2818, Juicehead16, deleted 
21.2818, gen, horse
21.2818, Juicehead18, AI
21.43789, Player, shoot, Foe4, True
21.43789, gen, shield
21.44313, Foe19, AI
22.01789, Player, shoot, Adjuster8, False
22.26, Drunkard15, deleted 
22.26, gen, horse
22.26, Drunkard20, AI
22.95907, Betrayal2, deleted 
22.95907, gen, horse
22.95907, Betrayal21, AI
23.01789, Drunkard20, get, coin_v_1
23.48028, Coward1, deleted 
23.48028, gen, shield
23.48028, Coward22, AI
23.57789, Adjuster8, shoot, Bongfu17, False
24.01789, Alcoholic13, get, horse
24.05983, Alcoholic13, deleted 
24.05983, gen, shield
24.05983, Alcoholic23, AI
24.25789, Player, shoot, Bongfu17, False
24.35789, Bongfu17, shoot, Foe19, False
24.55789, Adjuster8, get, coin_v_1
24.61789, Juicehead18, get, horse
24.66154, Juicehead18, deleted 
24.66154, gen, shield
24.66154, Juicehead24, AI
24.73789, Foe19, shoot, Bongfu17, False
25.31789, Adjuster8, shoot, Foe19, False
25.71946, Drunkard20, deleted 
25.71946, gen, shield
25.71946, Drunkard25, AI
26.03789, Player, shoot, Adjuster8, False
26.05789, Adjuster8, get, shield
26.05789, Bongfu17, shoot, Bongfu17, False
26.11789, Foe19, shoot, Player, False
26.49789, Player, shoot, Lush12, False
26.57789, Coward22, get, coin_v_1
26.73789, Lush12, shoot, Lush12, False
26.75789, Adjuster8, get, coin_v_1
27.55789, Lush12, shoot, Betrayal21, False
27.99789, Juicehead24, get, shield
28.03897, Juicehead24, deleted 
28.03897, gen, horse
28.03897, Juicehead26, AI
28.45789, Lush12, get, coin_v_1
28.55789, Lush12, get, coin_v_1
28.63789, Coward22, get, coin_v_1
28.91789, Player, shoot, Foe19, False
29.03789, Drunkard25, get, horse
29.05789, Drunkard25, get, shield
29.07974, Drunkard25, deleted 
29.07974, gen, horse
29.07974, Drunkard27, AI
29.71856, Betrayal21, deleted 
29.71856, gen, shield
29.71856, Betrayal28, AI
30.33789, Adjuster8, shoot, Player, False
30.59789, Coward22, get, coin_v_1
30.63789, Adjuster8, shoot, Player, False
30.77789, Foe19, shoot, Foe19, False
31.33789, Juicehead26, get, horse
31.40088, Juicehead26, deleted 
31.40088, gen, shield
31.40088, Juicehead29, AI
31.5609, Lush12, deleted 
31.5609, gen, horse
31.5609, Lush30, AI
31.57789, Adjuster8, shoot, Lush30, False
31.83789, Bongfu17, shoot, Juicehead29, False
32.31789, Lush30, shoot, Lush30, False
32.39789, Drunkard27, get, shield
32.39789, Player, shoot, Adjuster8, False
32.46039, Drunkard27, deleted 
32.46039, gen, horse
32.46039, Drunkard31, AI
32.51789, Lush30, shoot, Alcoholic23, False
33.01789, Lush30, shoot, Alcoholic23, False
33.51789, Adjuster8, shoot, Foe19, False
34.21789, Foe19, shoot, Player, False
34.21789, Foe19, shoot, Player, False
34.21789, Player, shoot, Foe19, False
34.21789, Player, shoot, Foe19, False
34.21789, Player, shoot, Foe19, False
34.29789, Lush30, shoot, Alcoholic23, False
34.69789, Juicehead29, get, horse
34.759, Juicehead29, deleted 
34.759, gen, shield
34.759, Juicehead32, AI
34.97789, Player, shoot, Foe19, False
35.19789, Foe19, get, coin_v_1
35.75789, Drunkard31, get, shield
35.84325, Drunkard31, deleted 
35.84325, gen, horse
35.84325, Drunkard33, AI
36.05789, Adjuster8, shoot, Player, False
36.29789, Player, shoot, Player, True
Normal Close
