Game Time: 2022/3/1 16:41:27
Version: 1.0.0.2 with bullet collision times = 2
0, Player, player
0, Player, get, initialShield
0, Coward1, AI
0, Betrayal2, AI
0, Drunkard3, AI
0, Foe4, AI
0, Juicehead5, AI
0, Alcoholic6, AI
0, Lush7, AI
0, Adjuster8, AI
0, Bongfu9, AI
0.8741533, Alcoholic6, get, coin_v_1
1.274153, Lush7, get, coin_v_1
1.454153, Lush7, get, coin_v_1
1.554153, Bongfu9, get, coin_v_1
2.394153, Bongfu9, get, coin_v_1
3.434153, Betrayal2, get, coin_v_1
3.514153, Bongfu9, shoot, Lush7, False
3.794153, Bongfu9, shoot, Foe4, False
3.834153, Coward1, get, coin_v_1
4.374153, Drunkard3, shoot, Coward1, False
5.314153, Betrayal2, get, coin_v_1
5.374153, Lush7, shoot, Bongfu9, False
5.754153, Betrayal2, get, coin_v_1
5.754153, Juicehead5, get, coin_v_1
6.874153, Juicehead5, get, coin_v_1
7.434153, Coward1, get, coin_v_1
7.454153, Adjuster8, shoot, Player, False
8.614153, Foe4, shoot, Adjuster8, False
8.874153, Betrayal2, get, coin_v_1
9.054153, Player, shoot, Foe4, False
9.134153, Foe4, shoot, Adjuster8, False
9.797523, Bongfu9, deleted 
9.797523, gen, shield
9.797523, Bongfu10, AI
10.35415, Coward1, shoot, Drunkard3, False
11.05415, Alcoholic6, shoot, Alcoholic6, False
11.17962, Juicehead5, deleted 
11.17962, gen, horse
11.17962, Juicehead11, AI
11.59479, Betrayal2, deleted 
11.59479, gen, shield
11.59479, Betrayal12, AI
12.13415, Player, shoot, Foe4, False
12.21415, Adjuster8, get, coin_v_1
12.37444, Lush7, deleted 
12.37444, gen, horse
12.37444, Lush13, AI
12.65415, Adjuster8, shoot, Player, False
13.77493, Bongfu10, deleted 
13.77493, gen, shield
13.77493, Bongfu14, AI
14.53415, Bongfu14, shoot, Bongfu14, False
14.57415, Lush13, get, coin_v_1
14.65462, Alcoholic6, deleted 
14.65462, gen, shield
14.65462, Alcoholic15, AI
15.11415, Juicehead11, shoot, Alcoholic15, False
15.23415, Player, shoot, Foe4, False
15.71415, Bongfu14, shoot, Bongfu14, False
15.83415, Lush13, get, coin_v_1
15.97665, Betrayal12, deleted 
15.97665, gen, shield
15.97665, Betrayal16, AI
16.03415, Alcoholic15, shoot, Juicehead11, False
16.91415, Player, shoot, Foe4, False
16.95415, Alcoholic15, get, coin_v_1
18.37415, Foe4, shoot, Adjuster8, False
19.13889, Drunkard3, deleted 
19.13889, gen, horse
19.13889, Drunkard17, AI
19.17814, Coward1, deleted 
19.17814, gen, horse
19.17814, Coward18, AI
19.51415, Foe4, shoot, Player, False
19.67415, Adjuster8, shoot, Player, False
19.81415, Adjuster8, shoot, Foe4, False
19.81415, Foe4, shoot, Adjuster8, False
19.81415, Foe4, shoot, Adjuster8, False
19.81415, Foe4, shoot, Adjuster8, False
19.89415, Bongfu14, shoot, Alcoholic15, False
20.07659, Betrayal16, deleted 
20.07659, gen, shield
20.07659, Betrayal19, AI
20.41415, Adjuster8, shoot, Foe4, False
20.41415, Foe4, shoot, Adjuster8, False
21.31415, Player, shoot, Drunkard17, False
21.31415, Adjuster8, shoot, Foe4, False
21.31415, Foe4, shoot, Adjuster8, False
21.61415, Adjuster8, shoot, Foe4, False
21.61415, Adjuster8, shoot, Foe4, True
21.61415, gen, shield
21.61415, Foe4, shoot, Adjuster8, False
21.61415, Foe4, shoot, Adjuster8, False
21.61415, Foe4, shoot, Adjuster8, True
21.61415, gen, horse
21.61647, Foe20, AI
21.63029, Adjuster21, AI
21.63415, Foe20, shoot, Adjuster21, False
21.63415, Adjuster21, shoot, Foe20, False
21.73415, Bongfu14, get, coin_v_1
21.83415, Bongfu14, get, coin_v_1
22.37415, Drunkard17, get, coin_v_1
22.91415, Drunkard17, get, coin_v_1
23.09415, Drunkard17, shoot, Drunkard17, False
23.23415, Drunkard17, shoot, Drunkard17, False
23.31807, Coward18, deleted 
23.31807, gen, shield
23.31807, Coward22, AI
23.49415, Bongfu14, shoot, Alcoholic15, False
23.51415, Drunkard17, shoot, Drunkard17, False
23.89539, Lush13, deleted 
23.89539, gen, shield
23.89539, Lush23, AI
24.65661, Betrayal19, deleted 
24.65661, gen, horse
24.65661, Betrayal24, AI
25.11415, Foe20, shoot, Adjuster21, False
25.27622, Bongfu14, deleted 
25.27622, gen, horse
25.27622, Bongfu25, AI
25.51415, Foe20, shoot, Adjuster21, False
25.83415, Player, shoot, Adjuster21, False
25.93415, Adjuster21, shoot, Adjuster21, False
26.01415, Bongfu25, shoot, Betrayal24, False
26.35415, Drunkard17, shoot, Lush23, False
26.99415, Coward22, get, shield
27.09415, Drunkard17, get, coin_v_1
27.13534, Coward22, deleted 
27.13534, gen, horse
27.13534, Coward26, AI
27.73415, Bongfu25, shoot, Betrayal24, False
28.39415, Betrayal24, get, horse
28.45572, Betrayal24, deleted 
28.45572, gen, shield
28.45572, Betrayal27, AI
29.03415, Bongfu25, get, shield
29.15415, Alcoholic15, shoot, Betrayal27, False
29.33415, Alcoholic15, shoot, Player, False
29.57415, Alcoholic15, shoot, Juicehead11, False
29.75415, Foe20, get, coin_v_1
29.87415, Adjuster21, get, shield
29.99415, Foe20, get, coin_v_1
30.13415, Adjuster21, shoot, Foe20, False
30.29415, Player, shoot, Juicehead11, False
30.35415, Adjuster21, get, horse
30.75415, Player, shoot, Foe20, False
30.77415, Alcoholic15, shoot, Alcoholic15, False
31.23415, Foe20, shoot, Adjuster21, False
31.25415, Drunkard17, shoot, Drunkard17, False
31.33854, Coward26, deleted 
31.33854, gen, shield
31.33854, Coward28, AI
32.23726, Betrayal27, deleted 
32.23726, gen, horse
32.23726, Betrayal29, AI
32.37415, Juicehead11, shoot, Adjuster21, False
32.39415, Lush23, get, horse
32.44001, Lush23, deleted 
32.44001, gen, horse
32.44001, Lush30, AI
32.77415, Adjuster21, shoot, Player, False
32.91415, Foe20, shoot, Foe20, False
32.99415, Alcoholic15, shoot, Alcoholic15, False
33.01415, Adjuster21, shoot, Player, False
33.05415, Player, shoot, Alcoholic15, False
33.17415, Juicehead11, shoot, Juicehead11, False
33.81415, Bongfu25, get, coin_v_1
34.03415, Drunkard17, shoot, Drunkard17, False
35.59578, Coward28, deleted 
35.59578, gen, horse
35.59578, Coward31, AI
36.01415, Foe20, shoot, Adjuster21, False
36.01415, Foe20, shoot, Adjuster21, False
36.01415, Foe20, shoot, Adjuster21, False
36.01415, Adjuster21, shoot, Foe20, False
36.25415, Player, shoot, Foe20, False
36.27415, Lush30, get, horse
36.57415, Drunkard17, shoot, Drunkard17, False
36.61557, Lush30, deleted 
36.61557, gen, shield
36.61557, Lush32, AI
36.73415, Player, shoot, Foe20, False
37.11415, Alcoholic15, shoot, Adjuster21, False
37.31415, Juicehead11, shoot, Player, False
37.59415, Player, shoot, Adjuster21, False
38.15415, Betrayal29, get, shield
38.596, Betrayal29, deleted 
38.596, gen, horse
38.596, Betrayal33, AI
38.67415, Foe20, shoot, Player, False
39.01415, Player, shoot, Foe20, False
39.21415, Drunkard17, shoot, Drunkard17, False
39.33415, Adjuster21, get, coin_v_1
39.51415, Alcoholic15, shoot, Adjuster21, False
39.73415, Coward31, get, shield
39.79415, Adjuster21, shoot, Player, False
39.79561, Coward31, deleted 
39.79561, gen, shield
39.79561, Coward34, AI
39.85415, Foe20, shoot, Juicehead11, False
40.09415, Player, shoot, Foe20, False
40.37415, Player, shoot, Coward34, False
40.43415, Alcoholic15, shoot, Coward34, False
40.73415, Lush32, get, shield
40.81415, Lush32, get, horse
40.81765, Lush32, deleted 
40.81765, gen, shield
40.81765, Lush35, AI
41.11415, Juicehead11, shoot, Betrayal33, False
41.13415, Foe20, shoot, Juicehead11, False
41.39415, Player, shoot, Foe20, False
41.61826, Bongfu25, deleted 
41.61826, gen, horse
41.61826, Bongfu36, AI
43.01415, Drunkard17, shoot, Bongfu36, False
43.79415, Lush35, shoot, Lush35, False
43.97415, Coward34, get, shield
44.21506, Alcoholic15, deleted 
44.21506, gen, horse
44.21506, Alcoholic37, AI
44.59415, Foe20, shoot, Alcoholic37, False
44.71415, Foe20, shoot, Player, True
44.71415, Player, shoot, Foe20, True
44.71415, gen, horse
Normal Close
