Game Time: 2022/3/1 16:35:14
Version: 1.0.0.2 with bullet collision times = 2
0, Player, player
0, Player, get, initialShield
0, Coward1, AI
0, Betrayal2, AI
0, Drunkard3, AI
0, Foe4, AI
0, Juicehead5, AI
0, Alcoholic6, AI
0, Lush7, AI
0, Adjuster8, AI
0, Bongfu9, AI
0.5385537, Foe4, shoot, Foe4, False
0.9785537, Drunkard3, get, coin_v_1
1.318554, Bongfu9, get, coin_v_1
1.418554, Alcoholic6, get, coin_v_1
1.598554, Lush7, get, coin_v_1
1.678554, Foe4, get, coin_v_1
1.778554, Drunkard3, get, coin_v_1
1.998554, Betrayal2, shoot, Betrayal2, False
2.158554, Bongfu9, get, coin_v_1
2.258554, Alcoholic6, get, coin_v_1
3.518554, Drunkard3, get, coin_v_1
3.618554, Adjuster8, shoot, Lush7, False
3.678554, Foe4, shoot, Bongfu9, False
3.858554, Foe4, shoot, Bongfu9, False
3.958554, Bongfu9, shoot, Lush7, False
4.218554, Drunkard3, get, coin_v_1
4.498554, Lush7, shoot, Drunkard3, False
5.418553, Drunkard3, shoot, Betrayal2, False
5.458554, Player, shoot, Adjuster8, False
6.198554, Betrayal2, shoot, Betrayal2, False
6.218554, Alcoholic6, get, coin_v_1
7.139799, Juicehead5, deleted 
7.139799, gen, shield
7.139799, Juicehead10, AI
7.158554, Betrayal2, shoot, Adjuster8, False
7.238554, Coward1, shoot, Lush7, False
7.858553, Betrayal2, shoot, Player, False
8.298553, Player, shoot, Drunkard3, False
8.538553, Player, shoot, Player, False
8.718554, Betrayal2, shoot, Player, False
8.978554, Lush7, shoot, Lush7, False
9.118553, Player, shoot, Player, False
9.718554, Player, shoot, Player, False
9.858554, Coward1, get, coin_v_1
10.09855, Drunkard3, shoot, Drunkard3, False
10.1589, Bongfu9, deleted 
10.1589, gen, shield
10.1589, Bongfu11, AI
10.1821, Juicehead10, deleted 
10.1821, gen, horse
10.1821, Juicehead12, AI
10.27855, Lush7, get, coin_v_1
10.29855, Alcoholic6, get, coin_v_1
10.65855, Player, shoot, Player, False
10.91855, Drunkard3, shoot, Drunkard3, False
10.95855, Betrayal2, shoot, Betrayal2, False
10.99855, Player, shoot, Player, False
11.09855, Juicehead12, get, coin_v_1
11.39855, Adjuster8, shoot, Player, False
11.63855, Player, shoot, Player, False
11.81855, Lush7, shoot, Lush7, False
11.81855, Player, shoot, Lush7, False
12.11855, Drunkard3, shoot, Adjuster8, False
12.53855, Player, shoot, Player, True
Normal Close
