Game Time: 2022/3/1 18:15:30
Version: 1.0.0.2 with bullet collision times = 2
0, Player, player
0, Player, get, initialShield
0, Coward1, AI
0, Betrayal2, AI
0, Drunkard3, AI
0, Foe4, AI
0, Juicehead5, AI
0, Alcoholic6, AI
0, Lush7, AI
0, Adjuster8, AI
0, Bongfu9, AI
1.136628, Lush7, get, coin_v_1
1.296628, Bongfu9, get, coin_v_1
1.756628, Betrayal2, get, coin_v_1
1.916628, Alcoholic6, shoot, Alcoholic6, False
1.956628, Juicehead5, shoot, Juicehead5, False
2.136628, Bongfu9, get, coin_v_1
2.756628, Alcoholic6, get, coin_v_1
3.256628, Foe4, shoot, Bongfu9, False
3.316628, Drunkard3, get, coin_v_1
3.496628, Coward1, get, coin_v_1
3.756628, Adjuster8, shoot, Adjuster8, False
3.796628, Player, shoot, Adjuster8, False
3.796628, Coward1, shoot, Drunkard3, False
3.996628, Drunkard3, get, coin_v_1
4.016628, Betrayal2, shoot, Drunkard3, False
4.316628, Drunkard3, shoot, Betrayal2, False
4.356628, Adjuster8, shoot, Betrayal2, False
5.956628, Betrayal2, get, coin_v_1
5.976628, Bongfu9, shoot, Bongfu9, False
6.216628, Betrayal2, get, coin_v_1
6.436628, Betrayal2, shoot, Betrayal2, False
6.616628, Drunkard3, get, coin_v_1
6.916628, Adjuster8, shoot, Player, False
7.178375, Juicehead5, deleted 
7.178375, gen, horse
7.178375, Juicehead10, AI
7.696628, Betrayal2, get, coin_v_1
8.136628, Betrayal2, get, coin_v_1
8.238392, Lush7, deleted 
8.238392, gen, shield
8.238392, Lush11, AI
9.036628, Juicehead10, shoot, Lush11, False
9.216628, Alcoholic6, get, coin_v_1
9.936627, Lush11, get, coin_v_1
9.938744, Bongfu9, deleted 
9.938744, gen, shield
9.938744, Bongfu12, AI
10.13663, Lush11, shoot, Lush11, False
10.63837, Drunkard3, deleted 
10.63837, gen, horse
10.63837, Drunkard13, AI
10.91663, Foe4, shoot, Player, False
10.93663, Lush11, shoot, Lush11, False
10.93663, Drunkard13, shoot, Drunkard13, False
11.11663, Alcoholic6, get, coin_v_1
13.13663, Juicehead10, get, coin_v_1
13.41914, Bongfu12, deleted 
13.41914, gen, shield
13.41914, Bongfu14, AI
14.19663, Player, shoot, Foe4, False
14.53663, Adjuster8, shoot, Adjuster8, False
14.77663, Drunkard13, get, coin_v_1
15.13663, Adjuster8, shoot, Adjuster8, False
15.63663, Lush11, shoot, Drunkard13, False
15.71663, Betrayal2, get, coin_v_1
15.95663, Bongfu14, get, coin_v_1
16.05663, Player, shoot, Lush11, False
16.21663, Juicehead10, shoot, Player, False
16.33663, Adjuster8, shoot, Adjuster8, False
16.59663, Foe4, shoot, Player, False
16.73663, Lush11, shoot, Alcoholic6, False
17.07663, Lush11, shoot, Alcoholic6, False
17.41663, Alcoholic6, get, coin_v_1
17.43663, Lush11, shoot, Alcoholic6, False
18.23663, Player, shoot, Adjuster8, False
18.27663, Player, shoot, Adjuster8, False
18.29663, Adjuster8, shoot, Foe4, False
18.51663, Betrayal2, get, coin_v_1
18.77815, Coward1, deleted 
18.77815, gen, shield
18.77815, Coward15, AI
18.81663, Alcoholic6, shoot, Lush11, False
19.51663, Player, shoot, Foe4, False
20.05663, Adjuster8, shoot, Adjuster8, False
20.41663, Adjuster8, shoot, Player, False
20.41663, Adjuster8, shoot, Player, False
20.41663, Adjuster8, shoot, Player, False
20.41663, Player, shoot, Adjuster8, False
20.67663, Betrayal2, get, coin_v_1
20.69663, Foe4, shoot, Foe4, False
21.03663, Betrayal2, shoot, Betrayal2, False
21.23663, Juicehead10, get, coin_v_1
21.41663, Betrayal2, shoot, Betrayal2, False
21.73663, Betrayal2, shoot, Betrayal2, False
22.41663, Lush11, shoot, Lush11, False
22.47663, Betrayal2, get, coin_v_1
22.63663, Coward15, shoot, Foe4, False
22.77663, Alcoholic6, shoot, Player, False
23.01663, Betrayal2, get, coin_v_1
23.11663, Player, shoot, Adjuster8, False
23.11663, Adjuster8, shoot, Player, False
23.53966, Lush11, deleted 
23.53966, gen, horse
23.53966, Lush16, AI
23.61663, Drunkard13, shoot, Lush16, False
23.79663, Betrayal2, get, coin_v_1
23.86111, Bongfu14, deleted 
23.86111, gen, horse
23.86111, Bongfu17, AI
23.97663, Foe4, shoot, Player, True
Normal Close
