Game Time: 2022/3/1 18:04:53
Version: 1.0.0.2 with bullet collision times = 2
0, Player, player
0, Player, get, initialShield
0, Coward1, AI
0, Betrayal2, AI
0, Drunkard3, AI
0, Foe4, AI
0, Juicehead5, AI
0, Alcoholic6, AI
0, Lush7, AI
0, Adjuster8, AI
0, Bongfu9, AI
0.775117, Betrayal2, get, coin_v_1
1.095117, Juicehead5, get, coin_v_1
1.315117, Betrayal2, get, coin_v_1
1.455117, Betrayal2, get, coin_v_1
1.655117, Bongfu9, get, coin_v_1
1.935117, Juicehead5, shoot, Juicehead5, False
2.195117, Alcoholic6, get, coin_v_1
2.275117, Adjuster8, shoot, Foe4, False
2.295117, Foe4, shoot, Lush7, False
2.535117, Drunkard3, get, coin_v_1
3.235117, Foe4, shoot, Coward1, False
3.615117, Bongfu9, shoot, Adjuster8, False
3.615117, Adjuster8, shoot, Bongfu9, False
3.635117, Foe4, shoot, Adjuster8, False
3.695117, Lush7, shoot, Alcoholic6, False
3.915117, Coward1, shoot, Alcoholic6, False
4.135117, Drunkard3, get, coin_v_1
4.475117, Adjuster8, shoot, Drunkard3, False
4.855117, Drunkard3, get, coin_v_1
5.715117, Juicehead5, shoot, Foe4, False
5.955117, Juicehead5, shoot, Foe4, False
6.155117, Adjuster8, shoot, Foe4, False
6.295117, Coward1, get, coin_v_1
6.975117, Foe4, shoot, Drunkard3, False
7.115117, Adjuster8, shoot, Adjuster8, False
7.555117, Coward1, shoot, Drunkard3, False
7.655117, Coward1, get, coin_v_1
8.735117, Foe4, shoot, Adjuster8, False
8.915117, Foe4, shoot, Player, False
9.195117, Juicehead5, get, coin_v_1
9.195117, Adjuster8, shoot, Adjuster8, False
9.240736, Alcoholic6, deleted 
9.240736, gen, horse
9.240736, Alcoholic10, AI
9.255116, Alcoholic10, shoot, Coward1, False
9.735117, Juicehead5, get, coin_v_1
10.23512, Player, shoot, Adjuster8, False
10.97512, Adjuster8, shoot, Player, False
11.11526, Drunkard3, deleted 
11.11526, gen, horse
11.11526, Drunkard11, AI
11.55512, Foe4, shoot, Player, False
11.85928, Bongfu9, deleted 
11.85928, gen, horse
11.85928, Bongfu12, AI
11.99512, Adjuster8, shoot, Lush7, False
12.31735, Juicehead5, deleted 
12.31735, gen, shield
12.31735, Juicehead13, AI
12.61512, Juicehead13, shoot, Drunkard11, False
12.97512, Adjuster8, shoot, Foe4, False
13.19844, Coward1, deleted 
13.19844, gen, horse
13.19844, Coward14, AI
13.33987, Betrayal2, deleted 
13.33987, gen, horse
13.33987, Betrayal15, AI
13.37512, Bongfu12, get, coin_v_1
13.69512, Bongfu12, get, coin_v_1
13.77512, Coward14, get, coin_v_1
14.25512, Player, shoot, Foe4, False
14.27512, Foe4, shoot, Player, False
14.53512, Drunkard11, shoot, Juicehead13, False
14.67512, Foe4, shoot, Adjuster8, False
16.17512, Juicehead13, shoot, Alcoholic10, False
16.33512, Foe4, shoot, Foe4, False
16.37512, Adjuster8, shoot, Player, False
16.51512, Adjuster8, shoot, Betrayal15, False
16.99512, Coward14, shoot, Coward14, False
16.99512, Foe4, shoot, Adjuster8, False
17.01512, Adjuster8, shoot, Foe4, False
17.09512, Coward14, get, coin_v_1
17.19512, Foe4, shoot, Player, False
17.49512, Foe4, shoot, Player, False
18.41512, Adjuster8, shoot, Player, False
18.79512, Alcoholic10, shoot, Coward14, False
18.85859, Bongfu12, deleted 
18.85859, gen, shield
18.85859, Bongfu16, AI
18.91512, Lush7, get, shield
19.03782, Lush7, deleted 
19.03782, gen, horse
19.03782, Lush17, AI
19.07512, Alcoholic10, shoot, Juicehead13, False
19.51512, Coward14, shoot, Juicehead13, False
19.85512, Juicehead13, shoot, Coward14, False
19.97512, Player, shoot, Foe4, False
19.99512, Adjuster8, shoot, Coward14, False
20.01512, Adjuster8, shoot, Juicehead13, False
20.09512, Coward14, get, coin_v_1
20.11512, Player, shoot, Foe4, True
20.11512, gen, horse
20.11704, Foe18, AI
20.13512, Alcoholic10, shoot, Alcoholic10, False
20.31512, Adjuster8, shoot, Coward14, False
20.33512, Foe4, shoot, Betrayal15, False
20.49512, Betrayal15, get, coin_v_1
20.75512, Juicehead13, get, coin_v_1
20.87512, Player, shoot, Player, False
21.03512, Alcoholic10, get, coin_v_1
21.15512, Betrayal15, get, coin_v_1
21.41512, Foe18, shoot, Bongfu16, False
21.61512, Adjuster8, shoot, Player, True
Normal Close
