Game Time: 2022/3/1 17:44:43
Version: 1.0.0.2 with bullet collision times = 2
0, Player, player
0, Player, get, initialShield
0, Coward1, AI
0, Betrayal2, AI
0, Drunkard3, AI
0, Foe4, AI
0, Juicehead5, AI
0, Alcoholic6, AI
0, Lush7, AI
0, Adjuster8, AI
0, Bongfu9, AI
1.230287, Bongfu9, get, coin_v_1
2.070287, Bongfu9, get, coin_v_1
2.270287, Alcoholic6, get, coin_v_1
2.590287, Bongfu9, shoot, Coward1, False
3.450287, Drunkard3, get, coin_v_1
3.630287, Drunkard3, shoot, Alcoholic6, False
4.150287, Drunkard3, get, coin_v_1
4.230287, Player, shoot, Betrayal2, False
4.290287, Drunkard3, shoot, Betrayal2, False
4.850287, Bongfu9, get, coin_v_1
5.390287, Betrayal2, shoot, Foe4, False
5.410287, Adjuster8, shoot, Drunkard3, False
5.410287, Drunkard3, shoot, Adjuster8, False
6.590287, Player, shoot, Drunkard3, False
7.010287, Adjuster8, shoot, Foe4, False
7.390287, Coward1, get, coin_v_1
7.770287, Foe4, shoot, Foe4, False
7.930287, Foe4, shoot, Foe4, False
8.290287, Betrayal2, shoot, Foe4, False
8.31438, Juicehead5, deleted 
8.31438, gen, shield
8.31438, Juicehead10, AI
8.330287, Drunkard3, get, coin_v_1
8.730287, Foe4, shoot, Adjuster8, False
8.81375, Lush7, deleted 
8.81375, gen, horse
8.81375, Lush11, AI
8.850286, Juicehead10, get, coin_v_1
9.190287, Lush11, get, coin_v_1
9.430287, Lush11, get, coin_v_1
9.432557, Bongfu9, deleted 
9.432557, gen, shield
9.432557, Bongfu12, AI
9.550287, Betrayal2, get, coin_v_1
9.693292, Alcoholic6, deleted 
9.693292, gen, shield
9.693292, Alcoholic13, AI
10.11029, Lush11, get, coin_v_1
10.17029, Bongfu12, get, coin_v_1
11.13029, Foe4, shoot, Player, False
11.39569, Juicehead10, deleted 
11.39569, gen, shield
11.39569, Juicehead14, AI
11.77029, Coward1, shoot, Coward1, False
12.99101, Bongfu12, deleted 
12.99101, gen, horse
12.99101, Bongfu15, AI
13.05029, Foe4, shoot, Player, False
13.09029, Coward1, get, coin_v_1
14.15029, Player, shoot, Adjuster8, False
14.17077, Lush11, deleted 
14.17077, gen, horse
14.17077, Lush16, AI
14.61029, Lush16, get, coin_v_1
14.65803, Juicehead14, deleted 
14.65803, gen, horse
14.65803, Juicehead17, AI
14.87029, Drunkard3, get, coin_v_1
15.01029, Adjuster8, shoot, Adjuster8, False
15.07029, Adjuster8, get, coin_v_1
15.11029, Lush16, get, coin_v_1
15.75029, Adjuster8, shoot, Player, False
16.03029, Drunkard3, get, coin_v_1
16.07029, Foe4, shoot, Player, False
16.41029, Player, shoot, Adjuster8, False
16.79069, Bongfu15, deleted 
16.79069, gen, horse
16.79069, Bongfu18, AI
16.81029, Foe4, shoot, Player, False
16.81029, Player, shoot, Foe4, False
17.17029, Coward1, get, coin_v_1
17.49029, Betrayal2, shoot, Player, False
18.27029, Drunkard3, shoot, Bongfu18, False
18.33174, Juicehead17, deleted 
18.33174, gen, horse
18.33174, Juicehead19, AI
19.51029, Player, shoot, Player, False
19.51029, Player, shoot, Foe4, False
19.51029, Foe4, shoot, Player, False
19.51029, Player, shoot, Foe4, False
19.59029, Drunkard3, get, coin_v_1
19.83029, Player, shoot, Foe4, False
19.93029, Betrayal2, shoot, Betrayal2, False
20.01029, Juicehead19, shoot, Bongfu18, False
20.33232, Lush16, deleted 
20.33232, gen, horse
20.33232, Lush20, AI
20.45029, Foe4, get, coin_v_1
20.47029, Adjuster8, shoot, Foe4, False
20.67144, Bongfu18, deleted 
20.67144, gen, horse
20.67144, Bongfu21, AI
20.73029, Drunkard3, get, coin_v_1
21.39029, Player, shoot, Player, False
21.75029, Adjuster8, get, coin_v_1
21.75123, Alcoholic13, deleted 
21.75123, gen, shield
21.75123, Alcoholic22, AI
21.85029, Betrayal2, shoot, Betrayal2, False
21.91029, Player, shoot, Coward1, False
22.07029, Coward1, get, coin_v_1
22.17029, Foe4, shoot, Coward1, False
22.65029, Player, shoot, Coward1, False
23.23029, Foe4, get, coin_v_1
23.25029, Player, shoot, Coward1, False
23.33029, Player, shoot, Adjuster8, False
23.59029, Adjuster8, shoot, Player, True
Normal Close
