Game Time: 2022/3/1 17:48:15
Version: 1.0.0.2 with bullet collision times = 2
0, Player, player
0, Player, get, initialShield
0, Coward1, AI
0, Betrayal2, AI
0, Drunkard3, AI
0, Foe4, AI
0, Juicehead5, AI
0, Alcoholic6, AI
0, Lush7, AI
0, Adjuster8, AI
0, Bongfu9, AI
0.6470467, Foe4, get, coin_v_1
1.027047, Lush7, get, coin_v_1
1.207047, Drunkard3, get, coin_v_1
1.227047, Coward1, shoot, Adjuster8, False
1.567047, Bongfu9, get, coin_v_1
1.867047, Player, shoot, Coward1, False
2.127047, Alcoholic6, get, coin_v_1
2.407047, Bongfu9, get, coin_v_1
2.727047, Coward1, get, coin_v_1
2.767047, Drunkard3, get, coin_v_1
3.127047, Juicehead5, get, coin_v_1
3.307047, Juicehead5, get, coin_v_1
3.447047, Juicehead5, shoot, Bongfu9, False
3.727047, Foe4, shoot, Foe4, False
3.767047, Drunkard3, get, coin_v_1
3.887047, Juicehead5, shoot, Adjuster8, False
4.087047, Adjuster8, shoot, Player, False
4.267046, Drunkard3, shoot, Betrayal2, False
4.467047, Drunkard3, get, coin_v_1
4.927047, Foe4, shoot, Foe4, False
4.947047, Betrayal2, shoot, Betrayal2, False
4.987047, Bongfu9, shoot, Bongfu9, False
5.347047, Adjuster8, shoot, Juicehead5, False
5.607047, Drunkard3, shoot, Bongfu9, False
5.647047, Adjuster8, shoot, Juicehead5, False
5.787046, Coward1, shoot, Coward1, False
6.187047, Coward1, shoot, Coward1, False
6.807046, Betrayal2, get, coin_v_1
6.907047, Player, shoot, Drunkard3, False
7.047047, Foe4, shoot, Adjuster8, False
7.347046, Betrayal2, get, coin_v_1
7.807046, Drunkard3, get, coin_v_1
7.927047, Juicehead5, shoot, Juicehead5, False
8.347047, Betrayal2, get, coin_v_1
9.367046, Adjuster8, shoot, Player, False
9.407046, Bongfu9, shoot, Foe4, False
9.627047, Adjuster8, shoot, Player, False
9.947046, Juicehead5, shoot, Foe4, False
10.30705, Bongfu9, shoot, Player, False
10.38705, Foe4, shoot, Alcoholic6, False
10.44769, Coward1, deleted 
10.44769, gen, shield
10.44769, Coward10, AI
10.63073, Drunkard3, deleted 
10.63073, gen, horse
10.63073, Drunkard11, AI
10.68705, Bongfu9, shoot, Foe4, False
11.10705, Bongfu9, shoot, Player, False
11.20705, Juicehead5, shoot, Alcoholic6, False
11.36705, Betrayal2, get, coin_v_1
11.84705, Adjuster8, shoot, Foe4, False
11.85038, Lush7, deleted 
11.85038, gen, horse
11.85038, Lush12, AI
12.06705, Player, shoot, Juicehead5, False
12.18705, Juicehead5, get, coin_v_1
12.80705, Juicehead5, get, coin_v_1
12.84705, Foe4, shoot, Betrayal2, False
13.20705, Alcoholic6, get, coin_v_1
13.32705, Alcoholic6, shoot, Alcoholic6, False
13.40705, Player, shoot, Foe4, False
13.60705, Foe4, shoot, Coward10, False
13.70705, Player, shoot, Coward10, False
13.91068, Drunkard11, deleted 
13.91068, gen, horse
13.91068, Drunkard13, AI
14.30705, Player, shoot, Adjuster8, False
14.68705, Player, shoot, Adjuster8, False
15.02705, Juicehead5, get, coin_v_1
15.10705, Coward10, shoot, Bongfu9, False
15.14705, Player, shoot, Foe4, False
15.30705, Adjuster8, shoot, Alcoholic6, False
15.62705, Coward10, shoot, Juicehead5, False
16.38705, Juicehead5, shoot, Coward10, False
17.00705, Player, shoot, Adjuster8, False
17.16705, Adjuster8, shoot, Juicehead5, False
17.20705, Drunkard13, get, horse
17.22802, Drunkard13, deleted 
17.22802, gen, shield
17.22802, Drunkard14, AI
17.74705, Player, shoot, Foe4, False
18.48705, Lush12, shoot, Alcoholic6, False
18.72705, Adjuster8, shoot, Player, False
18.88705, Juicehead5, shoot, Juicehead5, False
19.94705, Foe4, shoot, Player, False
20.10705, Player, shoot, Foe4, True
20.10705, gen, horse
20.10914, Foe15, AI
20.30705, Lush12, shoot, Lush12, False
20.52705, Juicehead5, shoot, Juicehead5, False
20.63084, Drunkard14, deleted 
20.63084, gen, horse
20.63084, Drunkard16, AI
20.66705, Adjuster8, get, horse
21.11067, Betrayal2, deleted 
21.11067, gen, shield
21.11067, Betrayal17, AI
21.34705, Juicehead5, shoot, Betrayal17, False
21.82705, Adjuster8, shoot, Adjuster8, False
22.42705, Player, shoot, Juicehead5, False
22.42705, Player, shoot, Player, False
22.78705, Player, shoot, Juicehead5, True
22.78705, gen, shield
22.78948, Juicehead18, AI
23.56746, Alcoholic6, deleted 
23.56746, gen, horse
23.56746, Alcoholic19, AI
23.9299, Bongfu9, deleted 
23.9299, gen, shield
23.9299, Bongfu20, AI
24.00802, Drunkard16, deleted 
24.00802, gen, shield
24.00802, Drunkard21, AI
24.22705, Juicehead18, get, coin_v_1
24.46705, Coward10, shoot, Player, False
24.82705, Alcoholic6, shoot, Coward10, False
25.14779, Lush12, deleted 
25.14779, gen, shield
25.14779, Lush22, AI
25.16705, Coward10, get, coin_v_1
25.16705, Player, shoot, Adjuster8, False
25.56705, Player, shoot, Juicehead18, False
25.88705, Juicehead18, get, coin_v_1
25.92705, Adjuster8, get, coin_v_1
26.00705, Player, shoot, Foe15, False
26.74705, Player, shoot, Foe15, False
26.88705, Player, shoot, Adjuster8, False
27.02705, Alcoholic19, shoot, Betrayal17, False
27.12705, Player, shoot, Foe15, False
27.18705, Foe15, shoot, Adjuster8, False
27.59179, Drunkard21, deleted 
27.59179, gen, shield
27.59179, Drunkard23, AI
27.60705, Player, shoot, Adjuster8, False
27.62705, Betrayal17, shoot, Alcoholic19, False
27.86705, Coward10, shoot, Coward10, False
28.04857, Lush22, deleted 
28.04857, gen, shield
28.04857, Lush24, AI
28.76705, Foe15, shoot, Juicehead18, False
28.80705, Adjuster8, shoot, Player, False
28.80705, Adjuster8, shoot, Player, True
28.80705, Player, shoot, Adjuster8, False
28.80705, Player, shoot, Adjuster8, False
28.80705, Player, shoot, Adjuster8, False
Normal Close
