Game Time: 2022/3/1 17:03:39
Version: 1.0.0.2 with bullet collision times = 2
0, Player, player
0, Player, get, initialShield
0, Coward1, AI
0, Betrayal2, AI
0, Drunkard3, AI
0, Foe4, AI
0, Juicehead5, AI
0, Alcoholic6, AI
0, Lush7, AI
0, Adjuster8, AI
0, Bongfu9, AI
0.2382741, Lush7, shoot, Lush7, False
0.6382741, Alcoholic6, shoot, Alcoholic6, False
1.398274, Bongfu9, get, coin_v_1
1.478274, Drunkard3, get, coin_v_1
1.838274, Coward1, get, coin_v_1
1.998274, Drunkard3, get, coin_v_1
2.218274, Bongfu9, get, coin_v_1
3.018274, Lush7, shoot, Adjuster8, False
3.398274, Drunkard3, get, coin_v_1
3.618274, Adjuster8, shoot, Lush7, False
3.738274, Betrayal2, shoot, Betrayal2, False
3.938274, Alcoholic6, shoot, Alcoholic6, False
4.078274, Drunkard3, get, coin_v_1
4.258274, Alcoholic6, get, coin_v_1
4.818274, Adjuster8, shoot, Bongfu9, False
5.220864, Juicehead5, deleted 
5.220864, gen, shield
5.220864, Juicehead10, AI
5.418274, Adjuster8, shoot, Drunkard3, False
5.418274, Drunkard3, shoot, Adjuster8, False
5.518274, Betrayal2, shoot, Betrayal2, False
6.258274, Betrayal2, shoot, Betrayal2, False
7.018274, Betrayal2, shoot, Betrayal2, False
7.298274, Adjuster8, shoot, Player, False
7.900556, Coward1, deleted 
7.900556, gen, horse
7.900556, Coward11, AI
8.341379, Juicehead10, deleted 
8.341379, gen, shield
8.341379, Juicehead12, AI
8.478274, Alcoholic6, get, coin_v_1
9.078274, Foe4, get, coin_v_1
9.460214, Lush7, deleted 
9.460214, gen, shield
9.460214, Lush13, AI
11.11827, Betrayal2, shoot, Foe4, False
11.31827, Adjuster8, shoot, Coward11, False
11.65961, Juicehead12, deleted 
11.65961, gen, horse
11.65961, Juicehead14, AI
11.90171, Drunkard3, deleted 
11.90171, gen, horse
11.90171, Drunkard15, AI
12.13827, Foe4, shoot, Foe4, False
12.31827, Betrayal2, shoot, Coward11, False
12.43827, Foe4, shoot, Foe4, False
12.50083, Lush13, deleted 
12.50083, gen, shield
12.50083, Lush16, AI
12.59876, Alcoholic6, deleted 
12.59876, gen, horse
12.59876, Alcoholic17, AI
12.61827, Betrayal2, shoot, Coward11, False
12.61827, Betrayal2, shoot, Coward11, False
12.61827, Coward11, shoot, Betrayal2, False
12.63827, Foe4, shoot, Adjuster8, False
12.73827, Player, shoot, Adjuster8, False
13.05827, Betrayal2, get, coin_v_1
14.41827, Adjuster8, shoot, Foe4, False
14.47827, Betrayal2, shoot, Coward11, False
14.55827, Adjuster8, shoot, Foe4, False
14.91827, Juicehead14, get, horse
14.98254, Juicehead14, deleted 
14.98254, gen, horse
14.98254, Juicehead18, AI
15.11827, Lush16, shoot, Drunkard15, False
15.17945, Drunkard15, deleted 
15.17945, gen, shield
15.17945, Drunkard19, AI
15.29827, Alcoholic17, get, coin_v_1
15.69851, Lush16, deleted 
15.69851, gen, horse
15.69851, Lush20, AI
16.19827, Betrayal2, get, coin_v_1
16.33827, Drunkard19, shoot, Juicehead18, False
16.41827, Player, shoot, Adjuster8, False
16.67827, Coward11, shoot, Coward11, False
16.81827, Lush20, shoot, Drunkard19, False
17.13827, Betrayal2, shoot, Bongfu9, False
17.53827, Drunkard19, shoot, Juicehead18, False
18.03827, Foe4, shoot, Foe4, False
18.13827, Drunkard19, shoot, Juicehead18, False
18.23827, Juicehead18, get, horse
18.25827, Adjuster8, shoot, Player, False
18.30214, Juicehead18, deleted 
18.30214, gen, horse
18.30214, Juicehead21, AI
18.45827, Drunkard19, get, horse
18.49962, Drunkard19, deleted 
18.49962, gen, horse
18.49962, Drunkard22, AI
18.63827, Drunkard22, shoot, Juicehead21, False
18.95827, Lush20, get, horse
19.01852, Lush20, deleted 
19.01852, gen, horse
19.01852, Lush23, AI
19.63827, Betrayal2, shoot, Betrayal2, False
19.63886, Coward11, deleted 
19.63886, gen, shield
19.63886, Coward24, AI
19.70205, Alcoholic17, deleted 
19.70205, gen, horse
19.70205, Alcoholic25, AI
19.83827, Foe4, shoot, Adjuster8, False
19.95827, Drunkard22, shoot, Juicehead21, False
20.01827, Bongfu9, shoot, Bongfu9, False
20.15827, Coward24, get, coin_v_1
20.39827, Lush23, shoot, Drunkard22, False
20.43827, Adjuster8, shoot, Adjuster8, False
20.53827, Bongfu9, shoot, Bongfu9, False
21.09827, Bongfu9, shoot, Alcoholic25, False
21.15827, Drunkard22, shoot, Juicehead21, False
21.23827, Foe4, shoot, Juicehead21, False
21.51827, Juicehead21, get, shield
21.57827, Juicehead21, get, horse
21.60056, Juicehead21, deleted 
21.60056, gen, horse
21.60056, Juicehead26, AI
21.75827, Foe4, shoot, Player, False
21.77827, Drunkard22, get, horse
21.81833, Drunkard22, deleted 
21.81833, gen, horse
21.81833, Drunkard27, AI
21.99827, Drunkard27, shoot, Juicehead26, False
22.27827, Lush23, get, horse
22.31837, Lush23, deleted 
22.31837, gen, horse
22.31837, Lush28, AI
22.37827, Foe4, shoot, Coward24, False
22.45827, Player, shoot, Coward24, False
22.69827, Foe4, shoot, Coward24, False
23.57827, Drunkard27, shoot, Juicehead26, False
23.97827, Lush28, shoot, Drunkard27, False
24.13827, Player, shoot, Adjuster8, False
24.77827, Drunkard27, shoot, Juicehead26, False
24.81827, Juicehead26, get, horse
24.87926, Juicehead26, deleted 
24.87926, gen, horse
24.87926, Juicehead29, AI
24.93827, Foe4, shoot, Foe4, False
25.05827, Drunkard27, get, horse
25.10007, Drunkard27, deleted 
25.10007, gen, horse
25.10007, Drunkard30, AI
25.31827, Coward24, shoot, Coward24, False
25.37827, Drunkard30, shoot, Juicehead29, False
25.39827, Betrayal2, shoot, Betrayal2, False
25.53827, Lush28, get, horse
25.59912, Lush28, deleted 
25.59912, gen, horse
25.59912, Lush31, AI
25.61827, Adjuster8, shoot, Player, False
25.67827, Coward24, shoot, Coward24, False
26.03827, Betrayal2, shoot, Adjuster8, False
26.17827, Lush31, shoot, Drunkard30, False
26.33827, Player, shoot, Foe4, False
26.57827, Drunkard30, shoot, Juicehead29, False
26.95827, Alcoholic25, get, coin_v_1
27.07827, Betrayal2, shoot, Player, False
27.11827, Adjuster8, shoot, Adjuster8, False
27.17827, Drunkard30, shoot, Juicehead29, False
27.21827, Foe4, shoot, Player, False
27.57827, Lush31, shoot, Drunkard30, False
27.61827, Foe4, shoot, Player, False
27.61827, Player, shoot, Foe4, False
27.77827, Drunkard30, shoot, Juicehead29, False
27.87827, Betrayal2, shoot, Adjuster8, True
27.87827, gen, horse
27.87852, Adjuster32, AI
28.09827, Juicehead29, get, horse
28.13885, Juicehead29, deleted 
28.13885, gen, horse
28.13885, Juicehead33, AI
28.21827, Betrayal2, shoot, Coward24, False
28.29827, Drunkard30, get, horse
28.35864, Drunkard30, deleted 
28.35864, gen, shield
28.35864, Drunkard34, AI
28.53827, Foe4, shoot, Player, False
28.81827, Lush31, get, shield
28.86134, Lush31, deleted 
28.86134, gen, shield
28.86134, Lush35, AI
28.97827, Drunkard34, shoot, Juicehead33, False
29.19827, Player, shoot, Player, False
29.25827, Betrayal2, shoot, Player, False
29.43827, Lush35, shoot, Drunkard34, False
29.55827, Betrayal2, shoot, Betrayal2, False
29.69827, Alcoholic25, get, coin_v_1
29.79827, Coward24, get, coin_v_1
29.85827, Player, shoot, Player, True
Normal Close
