Game Time: 2022/3/1 17:56:37
Version: 1.0.0.2 with bullet collision times = 2
0, Player, player
0, Player, get, initialShield
0, Coward1, AI
0, Betrayal2, AI
0, Drunkard3, AI
0, Foe4, AI
0, Juicehead5, AI
0, Alcoholic6, AI
0, Lush7, AI
0, Adjuster8, AI
0, Bongfu9, AI
1.160436, Bongfu9, get, coin_v_1
1.180436, Lush7, get, coin_v_1
1.900436, Juicehead5, shoot, Juicehead5, False
1.980436, Bongfu9, get, coin_v_1
2.160436, Alcoholic6, get, coin_v_1
2.440436, Juicehead5, get, coin_v_1
2.660436, Drunkard3, get, coin_v_1
3.220436, Bongfu9, shoot, Lush7, False
3.600436, Alcoholic6, shoot, Lush7, False
3.600436, Lush7, shoot, Alcoholic6, False
4.800436, Coward1, get, coin_v_1
4.980436, Lush7, get, coin_v_1
5.680436, Betrayal2, shoot, Betrayal2, False
5.720436, Player, shoot, Adjuster8, False
5.840436, Coward1, get, coin_v_1
6.360435, Foe4, get, coin_v_1
9.066518, Coward1, deleted 
9.066518, gen, shield
9.066518, Coward10, AI
9.363418, Bongfu9, deleted 
9.363418, gen, shield
9.363418, Bongfu11, AI
9.840436, Adjuster8, get, coin_v_1
10.12361, Drunkard3, deleted 
10.12361, gen, shield
10.12361, Drunkard12, AI
10.34044, Bongfu11, get, coin_v_1
10.38044, Coward10, shoot, Juicehead5, False
10.42044, Juicehead5, get, coin_v_1
10.42044, Betrayal2, shoot, Betrayal2, False
10.54044, Alcoholic6, shoot, Alcoholic6, False
10.84044, Adjuster8, shoot, Foe4, False
10.8439, Lush7, deleted 
10.8439, gen, horse
10.8439, Lush13, AI
10.90044, Alcoholic6, shoot, Alcoholic6, False
11.78044, Lush13, shoot, Drunkard12, False
12.64044, Player, shoot, Foe4, False
12.72044, Alcoholic6, shoot, Alcoholic6, False
13.04195, Drunkard12, deleted 
13.04195, gen, horse
13.04195, Drunkard14, AI
13.5415, Bongfu11, deleted 
13.5415, gen, shield
13.5415, Bongfu15, AI
13.90346, Lush13, deleted 
13.90346, gen, shield
13.90346, Lush16, AI
14.52044, Lush16, shoot, Lush16, False
14.72044, Player, shoot, Adjuster8, False
15.10044, Alcoholic6, shoot, Player, False
15.76044, Player, shoot, Foe4, False
16.04829, Drunkard14, deleted 
16.04829, gen, horse
16.04829, Drunkard17, AI
16.32043, Alcoholic6, shoot, Alcoholic6, False
16.32043, Drunkard17, shoot, Drunkard17, False
16.38044, Player, shoot, Player, False
16.64346, Betrayal2, deleted 
16.64346, gen, shield
16.64346, Betrayal18, AI
16.80044, Betrayal18, shoot, Drunkard17, False
16.98044, Player, shoot, Player, False
17.46044, Alcoholic6, shoot, Drunkard17, False
17.52044, Lush16, shoot, Lush16, False
17.92043, Player, shoot, Player, False
18.00043, Foe4, shoot, Player, False
18.10044, Alcoholic6, shoot, Alcoholic6, False
18.24043, Player, shoot, Foe4, False
18.24043, Player, shoot, Player, False
18.441, Bongfu15, deleted 
18.441, gen, shield
18.441, Bongfu19, AI
18.68044, Player, shoot, Foe4, False
18.72044, Drunkard17, shoot, Drunkard17, False
18.78044, Foe4, shoot, Betrayal18, False
19.18044, Lush16, get, coin_v_1
19.36044, Betrayal18, shoot, Bongfu19, False
19.86044, Player, shoot, Adjuster8, False
19.86044, Player, shoot, Adjuster8, False
19.86044, Alcoholic6, shoot, Foe4, False
19.94044, Adjuster8, shoot, Adjuster8, False
20.46044, Juicehead5, get, coin_v_1
20.56433, Coward10, deleted 
20.56433, gen, horse
20.56433, Coward20, AI
20.64044, Lush16, shoot, Lush16, False
21.24043, Adjuster8, shoot, Alcoholic6, False
21.94044, Player, shoot, Foe4, False
22.36044, Alcoholic6, get, coin_v_1
22.98232, Drunkard17, deleted 
22.98232, gen, horse
22.98232, Drunkard21, AI
23.02044, Bongfu19, get, coin_v_1
23.38044, Lush16, shoot, Lush16, False
23.50043, Betrayal18, shoot, Betrayal18, False
23.52044, Player, shoot, Foe4, False
23.58043, Alcoholic6, get, coin_v_1
23.94044, Alcoholic6, shoot, Alcoholic6, False
24.46044, Coward20, shoot, Betrayal18, False
24.58043, Foe4, shoot, Betrayal18, False
25.08043, Alcoholic6, get, coin_v_1
25.12044, Adjuster8, get, coin_v_1
25.26044, Betrayal18, shoot, Coward20, False
26.24043, Adjuster8, shoot, Adjuster8, False
26.34044, Alcoholic6, shoot, Coward20, False
26.38044, Lush16, shoot, Juicehead5, False
26.72044, Player, shoot, Foe4, False
26.82043, Coward20, shoot, Coward20, False
27.02044, Player, shoot, Foe4, True
27.02044, gen, horse
27.02068, Foe22, AI
27.06043, Lush16, shoot, Betrayal18, False
27.20044, Foe22, get, coin_v_1
27.36044, Adjuster8, shoot, Adjuster8, False
27.46044, Adjuster8, shoot, Adjuster8, False
27.46059, Bongfu19, deleted 
27.46059, gen, horse
27.46059, Bongfu23, AI
27.58043, Betrayal18, shoot, Juicehead5, False
27.76044, Foe4, shoot, Juicehead5, False
27.76044, Betrayal18, shoot, Player, False
28.14043, Betrayal18, get, coin_v_1
28.26044, Player, shoot, Juicehead5, False
28.44044, Juicehead5, shoot, Adjuster8, False
28.64043, Player, shoot, Player, False
28.94044, Player, shoot, Player, False
29.08043, Juicehead5, shoot, Lush16, False
29.26044, Lush16, shoot, Drunkard21, False
29.58043, Player, shoot, Player, False
29.70044, Foe22, shoot, Foe22, False
29.72044, Adjuster8, shoot, Betrayal18, False
29.76044, Adjuster8, shoot, Adjuster8, False
30.16043, Betrayal18, shoot, Coward20, False
30.24043, Coward20, get, coin_v_1
30.38044, Coward20, get, coin_v_1
30.52044, Adjuster8, shoot, Adjuster8, True
30.52044, gen, shield
30.52044, Player, shoot, Player, True
Normal Close
