Game Time: 2022/3/1 17:53:44
Version: 1.0.0.2 with bullet collision times = 2
0, Player, player
0, Player, get, initialShield
0, Coward1, AI
0, Betrayal2, AI
0, Drunkard3, AI
0, Foe4, AI
0, Juicehead5, AI
0, Alcoholic6, AI
0, Lush7, AI
0, Adjuster8, AI
0, Bongfu9, AI
1.266563, Juicehead5, get, coin_v_1
1.266563, Coward1, shoot, Adjuster8, False
1.386563, Bongfu9, get, coin_v_1
2.146563, Juicehead5, get, coin_v_1
2.206563, Bongfu9, get, coin_v_1
2.266563, Alcoholic6, get, coin_v_1
2.486563, Drunkard3, get, coin_v_1
3.266563, Juicehead5, get, coin_v_1
3.326563, Betrayal2, get, coin_v_1
3.606563, Betrayal2, shoot, Coward1, False
3.606563, Coward1, shoot, Betrayal2, False
3.666563, Juicehead5, shoot, Player, False
3.906563, Adjuster8, shoot, Player, False
4.286563, Player, shoot, Adjuster8, False
4.546563, Drunkard3, get, coin_v_1
4.646563, Adjuster8, get, coin_v_1
4.766563, Coward1, get, coin_v_1
5.246563, Player, shoot, Foe4, False
5.266563, Drunkard3, shoot, Bongfu9, False
5.446563, Drunkard3, shoot, Foe4, False
5.866563, Adjuster8, shoot, Adjuster8, False
6.366563, Coward1, shoot, Adjuster8, False
7.206563, Adjuster8, shoot, Player, False
7.226563, Bongfu9, get, coin_v_1
7.246562, Betrayal2, get, coin_v_1
7.346563, Adjuster8, shoot, Player, False
7.486563, Adjuster8, shoot, Foe4, False
7.586563, Betrayal2, get, coin_v_1
7.606563, Drunkard3, shoot, Drunkard3, False
7.766562, Bongfu9, shoot, Juicehead5, False
8.026563, Player, shoot, Player, False
8.406563, Bongfu9, shoot, Coward1, False
8.766562, Juicehead5, shoot, Coward1, False
9.026563, Foe4, shoot, Coward1, False
9.266562, Player, shoot, Adjuster8, False
9.266562, Player, shoot, Player, False
9.386562, Drunkard3, get, coin_v_1
9.406563, Player, shoot, Juicehead5, False
9.566563, Bongfu9, shoot, Coward1, False
9.586563, Alcoholic6, get, coin_v_1
9.626563, Foe4, shoot, Adjuster8, False
9.686563, Juicehead5, shoot, Drunkard3, False
9.906563, Player, shoot, Player, False
10.08656, Juicehead5, shoot, Drunkard3, False
10.92656, Drunkard3, shoot, Drunkard3, False
10.96656, Adjuster8, shoot, Coward1, False
11.66656, Player, shoot, Adjuster8, False
11.66656, Bongfu9, shoot, Adjuster8, False
11.86656, Player, shoot, Player, False
13.04656, Drunkard3, shoot, Juicehead5, False
13.20656, Adjuster8, shoot, Foe4, False
13.70656, Player, shoot, Player, False
13.94656, Player, shoot, Adjuster8, False
14.24656, Player, shoot, Foe4, False
14.40656, Adjuster8, shoot, Player, True
14.40656, Player, shoot, Adjuster8, True
14.40656, gen, shield
Normal Close
