Game Time: 2022/3/1 17:06:04
Version: 1.0.0.2 with bullet collision times = 2
0, Player, player
0, Player, get, initialShield
0, Coward1, AI
0, Betrayal2, AI
0, Drunkard3, AI
0, Foe4, AI
0, Juicehead5, AI
0, Alcoholic6, AI
0, Lush7, AI
0, Adjuster8, AI
0, Bongfu9, AI
0.4527821, Foe4, get, coin_v_1
0.5127821, Betrayal2, shoot, Betrayal2, False
0.5927821, Drunkard3, shoot, Drunkard3, False
1.352782, Bongfu9, get, coin_v_1
2.032782, Juicehead5, get, coin_v_1
2.192782, Bongfu9, get, coin_v_1
2.232782, Alcoholic6, get, coin_v_1
4.172782, Drunkard3, get, coin_v_1
4.432782, Betrayal2, shoot, Betrayal2, False
4.812782, Betrayal2, get, coin_v_1
5.892782, Coward1, shoot, Foe4, False
5.932782, Coward1, shoot, Alcoholic6, False
6.372782, Bongfu9, shoot, Bongfu9, False
6.732782, Coward1, get, coin_v_1
6.752782, Drunkard3, get, coin_v_1
7.212782, Adjuster8, shoot, Player, False
7.372782, Betrayal2, shoot, Betrayal2, False
7.752782, Foe4, shoot, Coward1, False
9.092782, Drunkard3, shoot, Lush7, False
9.112782, Betrayal2, shoot, Betrayal2, False
9.516843, Juicehead5, deleted 
9.516843, gen, horse
9.516843, Juicehead10, AI
10.15278, Coward1, get, coin_v_1
10.69373, Drunkard3, deleted 
10.69373, gen, horse
10.69373, Drunkard11, AI
10.73278, Coward1, get, coin_v_1
10.91278, Betrayal2, shoot, Betrayal2, False
10.91278, Player, shoot, Foe4, False
11.05278, Drunkard11, get, coin_v_1
11.55278, Betrayal2, shoot, Betrayal2, False
11.57278, Alcoholic6, shoot, Foe4, False
12.03278, Player, shoot, Adjuster8, False
12.29743, Lush7, deleted 
12.29743, gen, horse
12.29743, Lush12, AI
12.41278, Foe4, shoot, Adjuster8, False
12.49278, Betrayal2, shoot, Betrayal2, False
12.61278, Adjuster8, shoot, Foe4, False
12.61278, Foe4, shoot, Adjuster8, False
12.71525, Juicehead10, deleted 
12.71525, gen, shield
12.71525, Juicehead13, AI
12.83278, Betrayal2, shoot, Betrayal2, False
13.35278, Adjuster8, shoot, Player, False
14.15278, Betrayal2, shoot, Betrayal2, False
14.31278, Alcoholic6, get, coin_v_1
14.37278, Betrayal2, shoot, Betrayal2, True
14.37278, gen, horse
14.37449, Betrayal14, AI
14.55278, Alcoholic6, shoot, Alcoholic6, False
15.07278, Player, shoot, Alcoholic6, False
15.29278, Adjuster8, shoot, Player, False
16.01618, Juicehead13, deleted 
16.01618, gen, horse
16.01618, Juicehead15, AI
16.07672, Drunkard11, deleted 
16.07672, gen, shield
16.07672, Drunkard16, AI
16.21278, Lush12, get, coin_v_1
16.29278, Drunkard16, shoot, Juicehead15, False
17.07278, Coward1, get, coin_v_1
17.19278, Player, shoot, Foe4, False
17.33512, Bongfu9, deleted 
17.33512, gen, shield
17.33512, Bongfu17, AI
17.45278, Player, shoot, Lush12, False
17.91278, Betrayal14, shoot, Alcoholic6, False
18.13278, Foe4, shoot, Player, False
18.29278, Adjuster8, shoot, Player, False
18.63278, Adjuster8, shoot, Foe4, False
18.63278, Foe4, shoot, Adjuster8, False
18.73278, Player, shoot, Player, False
19.39704, Juicehead15, deleted 
19.39704, gen, horse
19.39704, Juicehead18, AI
19.51278, Adjuster8, shoot, Player, False
19.51278, Player, shoot, Adjuster8, False
19.93278, Player, shoot, Adjuster8, False
21.57278, Foe4, shoot, Lush12, False
21.79278, Lush12, get, coin_v_1
21.81278, Lush12, shoot, Lush12, False
22.13278, Juicehead18, shoot, Drunkard16, False
22.37278, Adjuster8, shoot, Foe4, False
22.41278, Foe4, shoot, Alcoholic6, False
22.55278, Adjuster8, shoot, Coward1, False
23.01706, Juicehead18, deleted 
23.01706, gen, horse
23.01706, Juicehead19, AI
23.11278, Foe4, shoot, Adjuster8, False
23.11278, Foe4, shoot, Adjuster8, False
23.2958, Drunkard16, deleted 
23.2958, gen, shield
23.2958, Drunkard20, AI
23.37278, Player, shoot, Foe4, False
23.51278, Adjuster8, get, coin_v_1
23.53278, Player, shoot, Adjuster8, False
23.57278, Adjuster8, shoot, Player, False
24.07278, Bongfu17, shoot, Betrayal14, False
24.09278, Foe4, shoot, Alcoholic6, False
24.13278, Coward1, get, coin_v_1
24.29278, Adjuster8, shoot, Foe4, False
24.45278, Foe4, shoot, Alcoholic6, False
24.45278, Betrayal14, shoot, Alcoholic6, False
24.81278, Adjuster8, shoot, Player, False
26.07278, Player, shoot, Player, True
Normal Close
