Game Time: 2022/3/1 18:01:03
Version: 1.0.0.2 with bullet collision times = 2
0, Player, player
0, Player, get, initialShield
0, Coward1, AI
0, Betrayal2, AI
0, Drunkard3, AI
0, Foe4, AI
0, Juicehead5, AI
0, Alcoholic6, AI
0, Lush7, AI
0, Adjuster8, AI
0, Bongfu9, AI
1.274333, Bongfu9, get, coin_v_1
1.914333, Juicehead5, get, coin_v_1
1.914333, Alcoholic6, shoot, Alcoholic6, False
2.114333, Bongfu9, get, coin_v_1
2.114333, Betrayal2, shoot, Betrayal2, False
2.374333, Alcoholic6, get, coin_v_1
2.734333, Coward1, get, coin_v_1
2.794333, Coward1, shoot, Lush7, False
3.174333, Juicehead5, get, coin_v_1
3.374333, Juicehead5, get, coin_v_1
3.454333, Drunkard3, get, coin_v_1
3.714333, Foe4, shoot, Adjuster8, False
4.154333, Drunkard3, get, coin_v_1
4.174333, Drunkard3, shoot, Betrayal2, False
4.274333, Juicehead5, shoot, Adjuster8, False
5.374333, Lush7, get, coin_v_1
5.414333, Alcoholic6, shoot, Alcoholic6, False
5.434333, Foe4, shoot, Betrayal2, False
6.114333, Bongfu9, shoot, Alcoholic6, False
6.774333, Drunkard3, get, coin_v_1
6.934333, Adjuster8, shoot, Juicehead5, False
7.354333, Foe4, shoot, Player, False
7.754333, Betrayal2, get, coin_v_1
8.937318, Alcoholic6, deleted 
8.937318, gen, shield
8.937318, Alcoholic10, AI
9.034332, Alcoholic10, get, coin_v_1
9.277737, Coward1, deleted 
9.277737, gen, shield
9.277737, Coward11, AI
9.517884, Bongfu9, deleted 
9.517884, gen, horse
9.517884, Bongfu12, AI
9.834332, Betrayal2, get, coin_v_1
10.35834, Drunkard3, deleted 
10.35834, gen, horse
10.35834, Drunkard13, AI
11.03433, Drunkard13, shoot, Coward11, False
11.31433, Player, shoot, Foe4, False
11.63433, Bongfu12, shoot, Lush7, False
11.97762, Lush7, deleted 
11.97762, gen, horse
11.97762, Lush14, AI
12.03433, Alcoholic10, get, horse
12.07621, Alcoholic10, deleted 
12.07621, gen, shield
12.07621, Alcoholic15, AI
12.2574, Betrayal2, deleted 
12.2574, gen, shield
12.2574, Betrayal16, AI
12.51433, Foe4, shoot, Player, False
12.65433, Adjuster8, shoot, Player, False
12.75433, Foe4, shoot, Player, False
12.79433, Player, shoot, Player, False
12.81433, Juicehead5, get, coin_v_1
13.4571, Bongfu12, deleted 
13.4571, gen, shield
13.4571, Bongfu17, AI
13.47433, Player, shoot, Player, False
13.77513, Drunkard13, deleted 
13.77513, gen, shield
13.77513, Drunkard18, AI
13.81433, Adjuster8, shoot, Foe4, False
13.81433, Foe4, shoot, Adjuster8, False
13.95683, Coward11, deleted 
13.95683, gen, horse
13.95683, Coward19, AI
14.37433, Player, shoot, Player, False
14.67433, Juicehead5, shoot, Betrayal16, False
14.71433, Player, shoot, Player, False
15.11433, Player, shoot, Adjuster8, False
15.47433, Betrayal16, get, coin_v_1
15.55893, Alcoholic15, deleted 
15.55893, gen, horse
15.55893, Alcoholic20, AI
16.63473, Lush14, deleted 
16.63473, gen, horse
16.63473, Lush21, AI
16.87433, Foe4, shoot, Player, False
17.23433, Player, shoot, Player, True
Normal Close
