Game Time: 2022/3/1 17:43:51
Version: 1.0.0.2 with bullet collision times = 2
0, Player, player
0, Player, get, initialShield
0, Coward1, AI
0, Betrayal2, AI
0, Drunkard3, AI
0, Foe4, AI
0, Juicehead5, AI
0, Alcoholic6, AI
0, Lush7, AI
0, Adjuster8, AI
0, Bongfu9, AI
1.507606, Bongfu9, get, coin_v_1
2.307606, Juicehead5, get, coin_v_1
2.367605, Bongfu9, get, coin_v_1
2.487606, Alcoholic6, get, coin_v_1
2.587605, Betrayal2, shoot, Betrayal2, False
2.927605, Coward1, shoot, Alcoholic6, False
3.027606, Lush7, get, coin_v_1
3.027606, Juicehead5, get, coin_v_1
3.247606, Juicehead5, get, coin_v_1
3.327605, Alcoholic6, shoot, Bongfu9, False
3.407605, Juicehead5, shoot, Bongfu9, False
3.467605, Betrayal2, shoot, Betrayal2, False
3.687605, Foe4, shoot, Adjuster8, False
3.907605, Juicehead5, shoot, Juicehead5, False
4.707605, Betrayal2, get, coin_v_1
5.247605, Adjuster8, shoot, Adjuster8, False
5.247605, Adjuster8, shoot, Foe4, False
5.750746, Lush7, deleted 
5.750746, gen, shield
5.750746, Lush10, AI
5.767605, Alcoholic6, shoot, Coward1, False
6.007606, Betrayal2, shoot, Foe4, False
6.547606, Adjuster8, shoot, Player, False
6.627605, Player, shoot, Foe4, False
6.827605, Lush10, get, coin_v_1
6.827605, Alcoholic6, shoot, Alcoholic6, False
7.247605, Foe4, shoot, Adjuster8, False
7.327605, Coward1, shoot, Coward1, False
7.327605, Foe4, shoot, Player, False
7.327605, Bongfu9, shoot, Bongfu9, False
7.387605, Drunkard3, shoot, Alcoholic6, False
7.387605, Lush10, shoot, Lush10, False
7.487606, Betrayal2, shoot, Juicehead5, False
7.967606, Betrayal2, shoot, Foe4, False
8.087605, Player, shoot, Player, False
8.527605, Lush10, shoot, Lush10, False
8.827605, Lush10, shoot, Lush10, False
8.967606, Player, shoot, Player, False
9.107605, Coward1, get, coin_v_1
9.127605, Lush10, shoot, Lush10, False
9.307606, Player, shoot, Player, False
9.727605, Lush10, shoot, Lush10, False
9.947605, Player, shoot, Player, False
10.54761, Betrayal2, get, coin_v_1
10.62761, Player, shoot, Adjuster8, False
10.90761, Lush10, shoot, Lush10, False
10.92761, Lush10, shoot, Lush10, False
10.94761, Lush10, shoot, Lush10, False
10.96761, Foe4, shoot, Adjuster8, False
11.1076, Player, shoot, Foe4, False
11.12761, Adjuster8, get, coin_v_1
11.1476, Player, shoot, Player, False
11.22968, Alcoholic6, deleted 
11.22968, gen, horse
11.22968, Alcoholic11, AI
11.47168, Drunkard3, deleted 
11.47168, gen, shield
11.47168, Drunkard12, AI
11.6076, Adjuster8, shoot, Player, False
11.6876, Betrayal2, shoot, Player, False
11.78761, Player, shoot, Adjuster8, False
11.78761, Player, shoot, Player, True
Normal Close
