Game Time: 2022/3/1 17:54:39
Version: 1.0.0.2 with bullet collision times = 2
0, Player, player
0, Player, get, initialShield
0, Coward1, AI
0, Betrayal2, AI
0, Drunkard3, AI
0, Foe4, AI
0, Juicehead5, AI
0, Alcoholic6, AI
0, Lush7, AI
0, Adjuster8, AI
0, Bongfu9, AI
0.3356323, Foe4, get, coin_v_1
0.3756323, Lush7, shoot, Lush7, False
1.355632, Bongfu9, get, coin_v_1
1.855632, Lush7, shoot, Coward1, False
2.155632, Lush7, shoot, Coward1, False
2.155632, Drunkard3, shoot, Drunkard3, False
2.195632, Bongfu9, get, coin_v_1
2.235632, Drunkard3, get, coin_v_1
2.315632, Alcoholic6, get, coin_v_1
3.315632, Juicehead5, get, coin_v_1
3.775632, Adjuster8, shoot, Adjuster8, False
5.715632, Betrayal2, shoot, Bongfu9, False
5.935632, Alcoholic6, get, coin_v_1
6.735632, Drunkard3, shoot, Foe4, False
6.735632, Lush7, shoot, Lush7, False
7.215632, Foe4, shoot, Drunkard3, False
8.095633, Lush7, get, coin_v_1
9.358603, Alcoholic6, deleted 
9.358603, gen, shield
9.358603, Alcoholic10, AI
9.995632, Lush7, shoot, Drunkard3, False
10.07765, Juicehead5, deleted 
10.07765, gen, horse
10.07765, Juicehead11, AI
10.87563, Lush7, get, coin_v_1
11.21603, Bongfu9, deleted 
11.21603, gen, horse
11.21603, Bongfu12, AI
11.33563, Betrayal2, get, coin_v_1
11.45563, Betrayal2, get, coin_v_1
11.89563, Bongfu12, get, coin_v_1
12.63574, Alcoholic10, deleted 
12.63574, gen, horse
12.63574, Alcoholic13, AI
12.79563, Foe4, shoot, Adjuster8, False
12.89563, Lush7, get, coin_v_1
13.15798, Juicehead11, deleted 
13.15798, gen, horse
13.15798, Juicehead14, AI
13.21563, Alcoholic13, get, coin_v_1
15.4357, Betrayal2, deleted 
15.4357, gen, horse
15.4357, Betrayal15, AI
15.75563, Adjuster8, shoot, Foe4, False
16.17632, Alcoholic13, deleted 
16.17632, gen, horse
16.17632, Alcoholic16, AI
16.27563, Alcoholic16, shoot, Juicehead14, False
16.47563, Player, shoot, Adjuster8, False
16.57563, Drunkard3, get, coin_v_1
16.81563, Bongfu12, shoot, Bongfu12, False
17.05563, Bongfu12, get, coin_v_1
17.43563, Lush7, shoot, Bongfu12, False
17.89563, Drunkard3, shoot, Adjuster8, False
17.99563, Lush7, get, coin_v_1
19.37563, Lush7, get, coin_v_1
19.97563, Bongfu12, shoot, Bongfu12, False
20.01563, Player, shoot, Adjuster8, False
20.03567, Alcoholic16, deleted 
20.03567, gen, horse
20.03567, Alcoholic17, AI
21.79563, Adjuster8, shoot, Foe4, False
22.23563, Alcoholic17, shoot, Alcoholic17, False
22.87563, Adjuster8, shoot, Betrayal15, False
22.91563, Juicehead14, shoot, Juicehead14, False
23.17563, Drunkard3, get, coin_v_1
23.27563, Bongfu12, shoot, Lush7, False
23.67563, Alcoholic17, shoot, Alcoholic17, False
24.21732, Lush7, deleted 
24.21732, gen, horse
24.21732, Lush18, AI
24.31563, Coward1, shoot, Coward1, False
25.15563, Alcoholic17, shoot, Lush18, False
25.31563, Alcoholic17, shoot, Lush18, False
25.33563, Alcoholic17, shoot, Alcoholic17, False
25.69563, Adjuster8, shoot, Betrayal15, False
25.97563, Adjuster8, get, coin_v_1
26.06029, Drunkard3, deleted 
26.06029, gen, shield
26.06029, Drunkard19, AI
26.81563, Coward1, shoot, Coward1, False
27.33563, Coward1, shoot, Coward1, False
27.35563, Bongfu12, get, coin_v_1
27.61563, Foe4, shoot, Player, False
27.71563, Bongfu12, get, coin_v_1
27.81563, Adjuster8, shoot, Lush18, False
28.79563, Adjuster8, shoot, Player, False
28.99563, Lush18, shoot, Lush18, False
29.25563, Adjuster8, shoot, Alcoholic17, False
29.41563, Adjuster8, shoot, Player, False
29.41563, Player, shoot, Adjuster8, False
29.87563, Alcoholic17, get, coin_v_1
30.39563, Player, shoot, Foe4, False
30.61563, Foe4, shoot, Player, False
30.61563, Player, shoot, Foe4, False
31.03563, Adjuster8, shoot, Player, False
31.33563, Lush18, shoot, Lush18, False
31.35563, Player, shoot, Adjuster8, False
31.81563, Coward1, shoot, Coward1, False
32.23563, Lush18, shoot, Lush18, False
32.51563, Alcoholic17, get, coin_v_1
32.53563, Lush18, shoot, Lush18, False
32.55563, Adjuster8, get, coin_v_1
32.77563, Player, shoot, Foe4, False
32.93563, Adjuster8, shoot, Foe4, False
33.11563, Lush18, shoot, Lush18, False
33.19563, Foe4, shoot, Player, False
33.21563, Player, shoot, Foe4, False
33.21852, Betrayal15, deleted 
33.21852, gen, shield
33.21852, Betrayal20, AI
33.47563, Coward1, shoot, Coward1, False
34.03563, Lush18, shoot, Lush18, False
34.13563, Player, shoot, Adjuster8, False
35.07563, Coward1, get, coin_v_1
35.27563, Adjuster8, shoot, Adjuster8, False
35.51563, Lush18, shoot, Lush18, True
35.51563, gen, horse
35.52034, Lush21, AI
35.75563, Player, shoot, Foe4, False
36.01563, Player, shoot, Foe4, False
36.01563, Foe4, shoot, Player, False
36.01563, Foe4, shoot, Player, False
36.01563, Foe4, shoot, Player, False
36.01563, Player, shoot, Foe4, False
36.01563, Player, shoot, Foe4, True
36.01563, gen, horse
36.01947, Foe22, AI
36.07563, Foe4, shoot, Player, True
Normal Close
