Game Time: 2022/3/1 17:55:45
Version: 1.0.0.2 with bullet collision times = 2
0, Player, player
0, Player, get, initialShield
0, Coward1, AI
0, Betrayal2, AI
0, Drunkard3, AI
0, Foe4, AI
0, Juicehead5, AI
0, Alcoholic6, AI
0, Lush7, AI
0, Adjuster8, AI
0, Bongfu9, AI
0.8522373, Lush7, get, coin_v_1
1.152237, Bongfu9, get, coin_v_1
1.592237, Lush7, get, coin_v_1
1.692237, Drunkard3, get, coin_v_1
1.932237, Betrayal2, shoot, Betrayal2, False
1.972237, Bongfu9, get, coin_v_1
2.352237, Adjuster8, shoot, Foe4, False
2.472237, Alcoholic6, get, coin_v_1
3.272237, Juicehead5, get, coin_v_1
3.452237, Juicehead5, get, coin_v_1
3.552237, Foe4, shoot, Bongfu9, False
3.652237, Coward1, get, coin_v_1
3.692237, Foe4, shoot, Bongfu9, False
3.832237, Coward1, shoot, Coward1, False
3.872237, Betrayal2, shoot, Alcoholic6, False
4.392237, Adjuster8, get, coin_v_1
4.552237, Adjuster8, shoot, Betrayal2, False
4.792237, Bongfu9, get, coin_v_1
5.532237, Coward1, shoot, Coward1, False
5.632237, Drunkard3, shoot, Drunkard3, False
5.712237, Bongfu9, shoot, Alcoholic6, False
5.732237, Alcoholic6, get, coin_v_1
6.092237, Juicehead5, shoot, Foe4, False
6.252237, Bongfu9, shoot, Alcoholic6, False
6.372237, Betrayal2, shoot, Player, False
6.672237, Coward1, get, coin_v_1
7.192237, Foe4, shoot, Adjuster8, False
7.212237, Player, shoot, Adjuster8, False
7.292237, Foe4, shoot, Adjuster8, False
7.672237, Drunkard3, shoot, Betrayal2, False
7.832237, Juicehead5, shoot, Juicehead5, False
8.172237, Drunkard3, get, coin_v_1
8.292237, Betrayal2, shoot, Drunkard3, False
8.372237, Foe4, shoot, Drunkard3, False
8.872237, Bongfu9, shoot, Alcoholic6, False
9.11616, Alcoholic6, deleted 
9.11616, gen, shield
9.11616, Alcoholic10, AI
9.252237, Bongfu9, get, shield
9.292237, Drunkard3, shoot, Foe4, False
9.334411, Bongfu9, deleted 
9.334411, gen, horse
9.334411, Bongfu11, AI
9.512238, Bongfu11, shoot, Alcoholic10, False
9.592237, Foe4, shoot, Lush7, False
9.772237, Drunkard3, shoot, Lush7, False
10.03224, Adjuster8, shoot, Drunkard3, False
10.45224, Coward1, shoot, Lush7, False
10.93224, Coward1, get, coin_v_1
11.09224, Player, shoot, Adjuster8, False
11.15224, Adjuster8, shoot, Player, False
11.35224, Juicehead5, shoot, Juicehead5, False
12.39674, Alcoholic10, deleted 
12.39674, gen, horse
12.39674, Bongfu11, deleted 
12.39674, gen, horse
12.39674, Alcoholic12, AI
12.40453, Bongfu13, AI
12.57224, Foe4, shoot, Player, False
12.63224, Foe4, shoot, Adjuster8, False
12.69224, Player, shoot, Adjuster8, False
12.89224, Alcoholic12, get, coin_v_1
13.25224, Lush7, get, coin_v_1
13.33224, Juicehead5, shoot, Juicehead5, False
13.45224, Foe4, shoot, Alcoholic12, False
14.51224, Lush7, get, coin_v_1
14.53224, Foe4, shoot, Foe4, False
14.63224, Betrayal2, shoot, Coward1, False
14.67224, Adjuster8, shoot, Adjuster8, False
15.03224, Adjuster8, shoot, Player, False
15.57319, Bongfu13, deleted 
15.57319, gen, horse
15.57319, Bongfu14, AI
16.09224, Player, shoot, Foe4, False
16.15224, Adjuster8, shoot, Drunkard3, False
16.33224, Betrayal2, shoot, Juicehead5, False
16.37224, Drunkard3, shoot, Adjuster8, False
16.73224, Player, shoot, Foe4, False
16.81224, Adjuster8, shoot, Adjuster8, False
17.09749, Lush7, deleted 
17.09749, gen, horse
17.09749, Lush15, AI
17.79224, Adjuster8, shoot, Player, False
18.03224, Player, shoot, Adjuster8, True
18.03224, gen, shield
18.03535, Adjuster16, AI
18.11224, Adjuster8, shoot, Player, False
18.23224, Adjuster8, shoot, Alcoholic12, False
18.93224, Coward1, shoot, Coward1, False
19.03242, Bongfu14, deleted 
19.03242, gen, horse
19.03242, Bongfu17, AI
19.07701, Juicehead5, deleted 
19.07701, gen, shield
19.07701, Juicehead18, AI
19.39224, Foe4, shoot, Lush15, False
19.75224, Foe4, shoot, Betrayal2, False
20.63224, Drunkard3, get, coin_v_1
20.91224, Player, shoot, Player, False
21.21224, Coward1, shoot, Coward1, False
21.23224, Foe4, shoot, Player, False
21.75224, Drunkard3, shoot, Drunkard3, False
21.79224, Foe4, shoot, Foe4, False
22.01224, Player, shoot, Foe4, False
22.09427, Juicehead18, deleted 
22.09427, gen, horse
22.09427, Juicehead19, AI
22.33224, Juicehead19, shoot, Juicehead19, False
22.41224, Coward1, shoot, Coward1, False
22.75224, Player, shoot, Player, False
23.45224, Player, shoot, Player, True
Normal Close
