Game Time: 2022/3/1 16:32:33
Version: 1.0.0.2 with bullet collision times = 2
0, Player, player
0, Player, get, initialShield
0, Coward1, AI
0, Betrayal2, AI
0, Drunkard3, AI
0, Foe4, AI
0, Juicehead5, AI
0, Alcoholic6, AI
0, Lush7, AI
0, Adjuster8, AI
0, Bongfu9, AI
0.1156904, Juicehead5, shoot, Juicehead5, False
0.4756904, Betrayal2, get, coin_v_1
0.9556904, Lush7, get, coin_v_1
1.21569, Bongfu9, get, coin_v_1
1.55569, Alcoholic6, get, coin_v_1
1.73569, Drunkard3, get, coin_v_1
2.05569, Bongfu9, get, coin_v_1
2.11569, Coward1, shoot, Adjuster8, False
2.27569, Alcoholic6, get, coin_v_1
2.55569, Juicehead5, get, coin_v_1
3.11569, Juicehead5, get, coin_v_1
3.31569, Betrayal2, get, coin_v_1
3.31569, Juicehead5, get, coin_v_1
3.43569, Alcoholic6, get, coin_v_1
3.61569, Foe4, shoot, Adjuster8, False
3.65569, Drunkard3, get, coin_v_1
3.71569, Coward1, get, coin_v_1
4.07569, Juicehead5, shoot, Player, False
4.33569, Drunkard3, get, coin_v_1
5.07569, Drunkard3, shoot, Alcoholic6, False
5.25569, Alcoholic6, get, coin_v_1
5.61569, Alcoholic6, shoot, Alcoholic6, False
6.31569, Bongfu9, get, coin_v_1
6.73569, Player, shoot, Adjuster8, False
6.79569, Alcoholic6, get, coin_v_1
7.01569, Adjuster8, shoot, Player, False
7.15569, Player, shoot, Bongfu9, False
7.21569, Player, shoot, Adjuster8, False
7.21569, Adjuster8, shoot, Player, False
7.21569, Adjuster8, shoot, Player, False
7.25569, Adjuster8, shoot, Foe4, False
7.81569, Lush7, get, coin_v_1
7.95569, Foe4, shoot, Juicehead5, False
8.715691, Alcoholic6, shoot, Coward1, False
9.295691, Player, shoot, Adjuster8, False
9.396252, Bongfu9, deleted 
9.396252, gen, horse
9.396252, Bongfu10, AI
9.41569, Betrayal2, shoot, Betrayal2, False
10.33569, Juicehead5, shoot, Juicehead5, False
10.43958, Alcoholic6, deleted 
10.43958, gen, horse
10.43958, Alcoholic11, AI
10.51569, Adjuster8, shoot, Player, False
10.5169, Drunkard3, deleted 
10.5169, gen, horse
10.5169, Drunkard12, AI
11.15569, Adjuster8, shoot, Adjuster8, False
11.19569, Betrayal2, shoot, Betrayal2, False
11.53569, Juicehead5, shoot, Juicehead5, False
11.55971, Coward1, deleted 
11.55971, gen, shield
11.55971, Coward13, AI
12.27569, Foe4, shoot, Player, False
13.09569, Lush7, get, coin_v_1
13.19569, Betrayal2, get, coin_v_1
13.31572, Bongfu10, deleted 
13.31572, gen, shield
13.31572, Bongfu14, AI
13.35569, Juicehead5, shoot, Juicehead5, False
13.37569, Adjuster8, shoot, Player, False
13.48057, Drunkard12, deleted 
13.48057, gen, horse
13.48057, Drunkard15, AI
13.85569, Drunkard15, get, coin_v_1
13.89949, Alcoholic11, deleted 
13.89949, gen, shield
13.89949, Alcoholic16, AI
14.07569, Lush7, get, coin_v_1
14.11569, Foe4, shoot, Lush7, False
14.35569, Player, shoot, Betrayal2, False
15.07569, Player, shoot, Foe4, False
15.11569, Juicehead5, shoot, Juicehead5, False
15.21569, Alcoholic16, get, coin_v_1
15.39569, Betrayal2, get, coin_v_1
15.99874, Coward13, deleted 
15.99874, gen, shield
15.99874, Coward17, AI
16.03569, Alcoholic16, get, coin_v_1
16.17569, Player, shoot, Player, False
16.23569, Adjuster8, shoot, Player, False
16.23569, Player, shoot, Adjuster8, False
16.49657, Drunkard15, deleted 
16.49657, gen, horse
16.49657, Drunkard18, AI
16.51569, Adjuster8, shoot, Player, True
Normal Close
