Game Time: 2022/3/1 17:47:45
Version: 1.0.0.2 with bullet collision times = 2
0, Player, player
0, Player, get, initialShield
0, Coward1, AI
0, Betrayal2, AI
0, Drunkard3, AI
0, Foe4, AI
0, Juicehead5, AI
0, Alcoholic6, AI
0, Lush7, AI
0, Adjuster8, AI
0, Bongfu9, AI
0.2304021, Alcoholic6, shoot, Alcoholic6, False
0.9104021, Alcoholic6, get, coin_v_1
1.230402, Drunkard3, get, coin_v_1
1.270402, Coward1, shoot, Adjuster8, False
1.410402, Bongfu9, get, coin_v_1
1.770402, Juicehead5, get, coin_v_1
1.890402, Juicehead5, get, coin_v_1
2.250402, Lush7, get, coin_v_1
2.250402, Bongfu9, get, coin_v_1
2.370402, Foe4, shoot, Adjuster8, False
2.390402, Alcoholic6, get, coin_v_1
2.430402, Alcoholic6, shoot, Coward1, False
2.490402, Lush7, shoot, Foe4, False
3.210402, Foe4, shoot, Adjuster8, False
3.470402, Juicehead5, get, coin_v_1
3.490402, Coward1, shoot, Betrayal2, False
3.830402, Foe4, shoot, Alcoholic6, False
3.930402, Player, shoot, Bongfu9, False
4.110402, Drunkard3, shoot, Drunkard3, False
4.690402, Lush7, get, coin_v_1
5.230402, Foe4, shoot, Juicehead5, False
5.330402, Bongfu9, get, coin_v_1
5.510402, Foe4, shoot, Foe4, False
6.690402, Adjuster8, shoot, Foe4, False
6.730402, Drunkard3, shoot, Drunkard3, False
7.030402, Drunkard3, shoot, Drunkard3, False
7.070402, Alcoholic6, get, coin_v_1
7.190402, Bongfu9, get, coin_v_1
7.490402, Bongfu9, shoot, Lush7, False
7.830402, Adjuster8, shoot, Player, False
7.890402, Foe4, shoot, Drunkard3, False
8.073294, Betrayal2, deleted 
8.073294, gen, shield
8.073294, Betrayal10, AI
8.170402, Drunkard3, shoot, Drunkard3, False
8.494627, Lush7, deleted 
8.494627, gen, shield
8.494627, Lush11, AI
8.530402, Juicehead5, shoot, Juicehead5, False
8.710402, Lush11, get, coin_v_1
8.830401, Juicehead5, shoot, Juicehead5, False
9.110969, Coward1, deleted 
9.110969, gen, shield
9.110969, Coward12, AI
9.130402, Juicehead5, shoot, Juicehead5, False
9.530402, Coward12, shoot, Betrayal10, False
10.1304, Adjuster8, shoot, Adjuster8, False
10.2504, Drunkard3, shoot, Drunkard3, False
10.2904, Juicehead5, get, coin_v_1
10.4704, Player, shoot, Adjuster8, False
10.5104, Coward12, get, coin_v_1
10.65329, Bongfu9, deleted 
10.65329, gen, horse
10.65329, Bongfu13, AI
10.9504, Drunkard3, shoot, Drunkard3, False
10.9904, Juicehead5, shoot, Juicehead5, False
11.0337, Alcoholic6, deleted 
11.0337, gen, horse
11.0337, Alcoholic14, AI
11.1904, Alcoholic14, get, coin_v_1
12.4104, Juicehead5, get, coin_v_1
13.0104, Juicehead5, shoot, Juicehead5, False
13.1104, Adjuster8, shoot, Foe4, False
13.1704, Betrayal10, get, coin_v_1
13.4104, Drunkard3, shoot, Drunkard3, False
13.4104, Foe4, shoot, Foe4, False
13.43196, Lush11, deleted 
13.43196, gen, horse
13.43196, Lush15, AI
13.9104, Adjuster8, shoot, Betrayal10, False
13.9304, Betrayal10, shoot, Betrayal10, False
14.2704, Foe4, shoot, Foe4, False
14.3304, Lush15, get, coin_v_1
14.5104, Lush15, shoot, Lush15, False
15.6104, Juicehead5, shoot, Lush15, False
15.7904, Foe4, get, coin_v_1
16.25306, Bongfu13, deleted 
16.25306, gen, horse
16.25306, Bongfu16, AI
16.6504, Foe4, shoot, Player, False
16.79051, Alcoholic14, deleted 
16.79051, gen, horse
16.79051, Alcoholic17, AI
17.1504, Drunkard3, shoot, Betrayal10, False
17.9304, Juicehead5, get, coin_v_1
17.9504, Drunkard3, shoot, Alcoholic17, False
18.2304, Adjuster8, shoot, Player, False
18.5304, Juicehead5, get, coin_v_1
18.6104, Foe4, shoot, Adjuster8, False
18.6104, Adjuster8, shoot, Foe4, False
18.7904, Juicehead5, shoot, Juicehead5, False
19.2904, Alcoholic17, get, coin_v_1
19.31112, Coward12, deleted 
19.31112, gen, shield
19.31112, Coward18, AI
19.5104, Adjuster8, shoot, Player, False
19.5104, Foe4, shoot, Adjuster8, False
19.5104, Foe4, shoot, Adjuster8, False
19.5104, Foe4, shoot, Adjuster8, False
19.73272, Betrayal10, deleted 
19.73272, gen, horse
19.73272, Betrayal19, AI
19.8104, Foe4, shoot, Adjuster8, False
19.8104, Adjuster8, shoot, Player, False
19.8104, Foe4, shoot, Adjuster8, True
19.8104, gen, horse
19.8104, Adjuster8, shoot, Player, False
19.8104, Adjuster8, shoot, Player, False
19.8104, Adjuster8, shoot, Foe4, False
19.81083, Adjuster20, AI
19.8304, Adjuster20, shoot, Betrayal19, False
19.8504, Foe4, get, horse
19.9304, Betrayal19, shoot, Betrayal19, False
20.0104, Coward18, shoot, Coward18, False
22.0504, Foe4, shoot, Player, False
22.0704, Betrayal19, shoot, Betrayal19, False
22.2104, Player, shoot, Foe4, False
22.3904, Juicehead5, shoot, Coward18, False
23.11424, Bongfu16, deleted 
23.11424, gen, horse
23.11424, Bongfu21, AI
23.2304, Betrayal19, shoot, Adjuster20, False
23.2704, Betrayal19, shoot, Betrayal19, False
23.3704, Juicehead5, shoot, Adjuster20, False
23.5504, Bongfu21, shoot, Bongfu21, False
23.6704, Juicehead5, shoot, Juicehead5, False
23.9704, Juicehead5, shoot, Betrayal19, False
24.1704, Drunkard3, shoot, Alcoholic17, False
25.0704, Foe4, shoot, Player, False
25.1704, Drunkard3, shoot, Alcoholic17, False
25.2104, Bongfu21, shoot, Juicehead5, False
25.3704, Coward18, get, coin_v_1
26.5104, Drunkard3, shoot, Alcoholic17, False
26.8704, Juicehead5, shoot, Bongfu21, False
26.9304, Betrayal19, shoot, Betrayal19, False
26.9304, Betrayal19, shoot, Betrayal19, False
27.2104, Betrayal19, shoot, Betrayal19, False
27.4904, Player, shoot, Foe4, False
27.5104, Juicehead5, shoot, Player, False
28.3104, Player, shoot, Foe4, False
28.9904, Adjuster20, shoot, Player, True
Normal Close
