Game Time: 2022/3/1 18:05:15
Version: 1.0.0.2 with bullet collision times = 2
0, Player, player
0, Player, get, initialShield
0, Coward1, AI
0, Betrayal2, AI
0, Drunkard3, AI
0, Foe4, AI
0, Juicehead5, AI
0, Alcoholic6, AI
0, Lush7, AI
0, Adjuster8, AI
0, Bongfu9, AI
0.8614474, Drunkard3, get, coin_v_1
1.021447, Alcoholic6, get, coin_v_1
1.221447, Bongfu9, get, coin_v_1
2.061447, Bongfu9, get, coin_v_1
2.081447, Alcoholic6, get, coin_v_1
2.781447, Juicehead5, get, coin_v_1
3.281447, Juicehead5, get, coin_v_1
3.481447, Juicehead5, get, coin_v_1
3.501447, Juicehead5, shoot, Alcoholic6, False
3.601447, Adjuster8, shoot, Foe4, False
3.721447, Juicehead5, shoot, Alcoholic6, False
3.741447, Coward1, get, coin_v_1
3.861447, Foe4, shoot, Juicehead5, False
4.101447, Drunkard3, get, coin_v_1
4.281447, Coward1, get, coin_v_1
4.741447, Drunkard3, shoot, Bongfu9, False
5.341447, Alcoholic6, get, coin_v_1
5.581447, Foe4, shoot, Foe4, False
5.781447, Player, shoot, Player, False
6.181448, Juicehead5, shoot, Alcoholic6, False
6.701447, Juicehead5, shoot, Alcoholic6, False
7.021447, Player, shoot, Player, False
7.342804, Coward1, deleted 
7.342804, gen, horse
7.342804, Coward10, AI
7.401447, Lush7, shoot, Lush7, False
7.481447, Player, shoot, Adjuster8, False
7.881447, Juicehead5, shoot, Alcoholic6, False
8.801447, Foe4, shoot, Foe4, False
9.121448, Drunkard3, shoot, Bongfu9, False
9.161448, Foe4, shoot, Player, False
9.187483, Bongfu9, deleted 
9.187483, gen, shield
9.187483, Bongfu11, AI
9.222107, Alcoholic6, deleted 
9.222107, gen, shield
9.222107, Alcoholic12, AI
9.241447, Alcoholic12, shoot, Bongfu11, False
9.441447, Bongfu11, get, coin_v_1
9.501448, Alcoholic12, get, coin_v_1
10.02218, Drunkard3, deleted 
10.02218, gen, horse
10.02218, Drunkard13, AI
10.12145, Juicehead5, get, shield
10.18218, Juicehead5, deleted 
10.18218, gen, shield
10.18218, Juicehead14, AI
10.20177, Betrayal2, deleted 
10.20177, gen, horse
10.20177, Betrayal15, AI
10.42145, Betrayal15, get, coin_v_1
10.92145, Lush7, shoot, Alcoholic12, False
11.79368, Coward10, deleted 
11.79368, gen, horse
11.79368, Coward16, AI
12.12145, Lush7, shoot, Lush7, False
12.24351, Alcoholic12, deleted 
12.24351, gen, horse
12.24351, Alcoholic17, AI
12.30145, Player, shoot, Foe4, False
12.62593, Bongfu11, deleted 
12.62593, gen, shield
12.62593, Bongfu18, AI
12.92145, Player, shoot, Adjuster8, False
13.28145, Player, shoot, Adjuster8, False
13.46298, Juicehead14, deleted 
13.46298, gen, horse
13.46298, Juicehead19, AI
14.02145, Bongfu18, shoot, Lush7, False
14.36145, Foe4, shoot, Player, False
14.42145, Alcoholic17, shoot, Coward16, False
14.48145, Foe4, shoot, Player, False
14.64145, Betrayal15, get, horse
14.84298, Betrayal15, deleted 
14.84298, gen, horse
14.84298, Betrayal20, AI
15.00145, Foe4, shoot, Player, False
15.16173, Coward16, deleted 
15.16173, gen, horse
15.16173, Coward21, AI
15.22145, Alcoholic17, get, horse
15.26283, Alcoholic17, deleted 
15.26283, gen, shield
15.26283, Alcoholic22, AI
15.46145, Player, shoot, Player, False
15.96145, Player, shoot, Adjuster8, False
15.98145, Lush7, get, horse
16.08336, Bongfu18, deleted 
16.08336, gen, horse
16.08336, Bongfu23, AI
16.1022, Lush7, deleted 
16.1022, gen, horse
16.1022, Lush24, AI
16.20145, Lush24, shoot, Bongfu23, False
16.22145, Alcoholic22, shoot, Coward21, False
16.70145, Foe4, shoot, Player, False
16.98194, Juicehead19, deleted 
16.98194, gen, shield
16.98194, Juicehead25, AI
17.20145, Bongfu23, shoot, Alcoholic22, False
17.42145, Alcoholic22, shoot, Coward21, False
17.82145, Juicehead25, get, coin_v_1
18.02145, Alcoholic22, shoot, Coward21, False
18.02145, Player, shoot, Adjuster8, False
18.08145, Adjuster8, shoot, Bongfu23, False
18.12145, Player, shoot, Adjuster8, False
18.28493, Coward21, deleted 
18.28493, gen, horse
18.28493, Coward26, AI
18.32145, Alcoholic22, get, horse
18.36307, Alcoholic22, deleted 
18.36307, gen, shield
18.36307, Alcoholic27, AI
18.38145, Alcoholic27, shoot, Coward26, False
18.60145, Adjuster8, shoot, Player, False
18.60145, Player, shoot, Adjuster8, False
18.82145, Lush24, shoot, Juicehead25, False
19.12276, Betrayal20, deleted 
19.12276, gen, horse
19.12276, Betrayal28, AI
19.64145, Player, shoot, Foe4, False
19.82145, Alcoholic27, shoot, Coward26, False
20.06145, Bongfu23, get, coin_v_1
20.10145, Bongfu23, shoot, Bongfu23, False
20.64145, Juicehead25, get, horse
20.68579, Juicehead25, deleted 
20.68579, gen, shield
20.68579, Juicehead29, AI
20.74145, Betrayal28, shoot, Alcoholic27, False
21.00145, Alcoholic27, shoot, Coward26, False
21.00145, Player, shoot, Adjuster8, False
21.00145, Player, shoot, Adjuster8, False
21.00145, Player, shoot, Adjuster8, True
21.00145, gen, shield
21.00252, Adjuster30, AI
21.04145, Adjuster8, shoot, Player, True
Normal Close
