Game Time: 2022/3/1 16:53:05
Version: 1.0.0.2 with bullet collision times = 2
0, Player, player
0, Player, get, initialShield
0, Coward1, AI
0, Betrayal2, AI
0, Drunkard3, AI
0, Foe4, AI
0, Juicehead5, AI
0, Alcoholic6, AI
0, Lush7, AI
0, Adjuster8, AI
0, Bongfu9, AI
0.3890046, Juicehead5, shoot, Juicehead5, False
0.6290046, Drunkard3, shoot, Drunkard3, False
1.229005, Betrayal2, get, coin_v_1
1.369005, Bongfu9, get, coin_v_1
1.909005, Alcoholic6, shoot, Alcoholic6, False
2.209005, Bongfu9, get, coin_v_1
3.129004, Alcoholic6, shoot, Alcoholic6, False
3.349005, Bongfu9, shoot, Lush7, False
3.429005, Alcoholic6, shoot, Alcoholic6, False
3.669004, Drunkard3, get, coin_v_1
3.729005, Alcoholic6, shoot, Alcoholic6, False
4.329005, Drunkard3, get, coin_v_1
4.349005, Alcoholic6, shoot, Alcoholic6, False
4.869005, Betrayal2, shoot, Betrayal2, False
4.969005, Bongfu9, get, coin_v_1
5.249004, Alcoholic6, shoot, Alcoholic6, False
5.489005, Player, shoot, Foe4, False
5.589005, Adjuster8, shoot, Juicehead5, False
5.769004, Juicehead5, shoot, Coward1, False
6.449005, Juicehead5, get, coin_v_1
7.309004, Juicehead5, get, coin_v_1
7.409005, Foe4, shoot, Adjuster8, False
7.969005, Drunkard3, get, coin_v_1
8.329004, Lush7, get, coin_v_1
8.389005, Alcoholic6, shoot, Alcoholic6, False
8.549005, Lush7, shoot, Lush7, False
8.729005, Alcoholic6, shoot, Betrayal2, False
9.512684, Bongfu9, deleted 
9.512684, gen, shield
9.512684, Bongfu10, AI
10.269, Lush7, get, coin_v_1
10.509, Juicehead5, shoot, Drunkard3, False
10.52936, Drunkard3, deleted 
10.52936, gen, shield
10.52936, Drunkard11, AI
11.169, Adjuster8, shoot, Foe4, False
11.709, Alcoholic6, get, coin_v_1
12.209, Juicehead5, shoot, Juicehead5, False
12.449, Foe4, shoot, Foe4, False
12.609, Adjuster8, shoot, Player, False
12.609, Player, shoot, Adjuster8, False
13.649, Coward1, get, coin_v_1
13.97042, Drunkard11, deleted 
13.97042, gen, shield
13.97042, Drunkard12, AI
14.109, Lush7, get, coin_v_1
14.15245, Betrayal2, deleted 
14.15245, gen, horse
14.15245, Betrayal13, AI
14.169, Lush7, get, coin_v_1
14.189, Foe4, shoot, Player, False
14.229, Juicehead5, shoot, Juicehead5, False
14.329, Coward1, get, coin_v_1
14.409, Player, shoot, Foe4, False
14.409, Foe4, shoot, Player, False
14.409, Foe4, shoot, Player, False
14.529, Juicehead5, shoot, Juicehead5, False
14.649, Adjuster8, shoot, Foe4, False
14.789, Alcoholic6, shoot, Lush7, False
15.049, Player, shoot, Adjuster8, False
15.049, Player, shoot, Bongfu10, False
16.829, Player, shoot, Foe4, False
17.129, Alcoholic6, shoot, Alcoholic6, False
17.309, Player, shoot, Juicehead5, False
17.689, Foe4, shoot, Juicehead5, False
18.41039, Lush7, deleted 
18.41039, gen, horse
18.41039, Lush14, AI
18.809, Juicehead5, shoot, Juicehead5, False
19.03029, Coward1, deleted 
19.03029, gen, shield
19.03029, Coward15, AI
19.52901, Foe4, shoot, Player, False
19.609, Bongfu10, shoot, Bongfu10, False
19.669, Alcoholic6, get, coin_v_1
19.809, Player, shoot, Foe4, False
19.869, Lush14, get, coin_v_1
20.02901, Foe4, shoot, Bongfu10, False
20.209, Foe4, shoot, Adjuster8, False
20.269, Juicehead5, shoot, Player, False
20.489, Drunkard12, shoot, Drunkard12, False
20.509, Alcoholic6, shoot, Alcoholic6, False
21.149, Juicehead5, shoot, Player, False
21.309, Player, shoot, Adjuster8, False
21.449, Alcoholic6, shoot, Alcoholic6, False
21.569, Foe4, shoot, Adjuster8, False
21.589, Coward15, get, coin_v_1
21.609, Lush14, get, coin_v_1
21.709, Alcoholic6, shoot, Alcoholic6, True
21.709, gen, shield
21.76013, Alcoholic16, AI
21.809, Player, shoot, Adjuster8, False
22.089, Adjuster8, get, coin_v_1
23.209, Foe4, shoot, Bongfu10, False
23.429, Juicehead5, shoot, Drunkard12, False
23.609, Foe4, shoot, Bongfu10, False
23.789, Foe4, get, coin_v_1
23.929, Alcoholic16, shoot, Drunkard12, False
24.309, Foe4, get, coin_v_1
25.009, Player, shoot, Bongfu10, False
25.449, Alcoholic16, shoot, Alcoholic16, False
25.529, Betrayal13, get, coin_v_1
25.569, Adjuster8, get, coin_v_1
25.729, Adjuster8, shoot, Player, False
25.989, Bongfu10, shoot, Bongfu10, False
26.069, Adjuster8, shoot, Foe4, False
26.849, Adjuster8, shoot, Drunkard12, False
26.929, Player, shoot, Adjuster8, False
27.029, Bongfu10, shoot, Juicehead5, False
27.089, Lush14, get, coin_v_1
27.209, Bongfu10, shoot, Juicehead5, False
28.229, Player, shoot, Foe4, False
29.029, Adjuster8, shoot, Player, False
29.209, Foe4, shoot, Bongfu10, False
29.409, Adjuster8, shoot, Player, True
Normal Close
