Game Time: 2022/3/1 18:03:04
Version: 1.0.0.2 with bullet collision times = 2
0, Player, player
0, Player, get, initialShield
0, Coward1, AI
0, Betrayal2, AI
0, Drunkard3, AI
0, Foe4, AI
0, Juicehead5, AI
0, Alcoholic6, AI
0, Lush7, AI
0, Adjuster8, AI
0, Bongfu9, AI
0.5103431, Drunkard3, shoot, Drunkard3, False
1.010343, Foe4, get, coin_v_1
1.110343, Foe4, get, coin_v_1
1.310343, Lush7, get, coin_v_1
1.610343, Bongfu9, get, coin_v_1
1.790343, Lush7, get, coin_v_1
1.810343, Alcoholic6, get, coin_v_1
2.190343, Foe4, get, coin_v_1
2.350343, Alcoholic6, get, coin_v_1
2.450343, Bongfu9, get, coin_v_1
3.150343, Juicehead5, get, coin_v_1
3.270343, Drunkard3, get, coin_v_1
3.350343, Juicehead5, get, coin_v_1
3.350343, Juicehead5, shoot, Adjuster8, False
3.710343, Foe4, shoot, Adjuster8, False
3.790343, Adjuster8, shoot, Player, False
3.810343, Betrayal2, shoot, Adjuster8, False
3.830343, Lush7, shoot, Alcoholic6, False
3.910343, Coward1, shoot, Foe4, False
4.330343, Juicehead5, shoot, Foe4, False
4.690343, Bongfu9, shoot, Bongfu9, False
4.810343, Player, shoot, Adjuster8, False
5.030343, Bongfu9, shoot, Bongfu9, False
5.250343, Foe4, shoot, Foe4, False
5.510343, Alcoholic6, get, coin_v_1
5.710343, Coward1, get, coin_v_1
6.170343, Adjuster8, shoot, Foe4, False
6.830343, Player, shoot, Player, False
7.090343, Player, shoot, Betrayal2, False
7.170343, Player, shoot, Player, False
7.190343, Betrayal2, get, coin_v_1
7.310343, Player, shoot, Foe4, False
7.330343, Foe4, shoot, Adjuster8, False
7.810343, Adjuster8, shoot, Player, False
7.810343, Player, shoot, Adjuster8, False
8.610343, Alcoholic6, shoot, Alcoholic6, False
8.750343, Juicehead5, get, coin_v_1
8.770343, Adjuster8, shoot, Player, False
8.770343, Bongfu9, shoot, Lush7, False
8.810343, Coward1, get, coin_v_1
8.850343, Juicehead5, get, coin_v_1
8.990343, Adjuster8, shoot, Drunkard3, False
9.010343, Adjuster8, shoot, Player, False
9.010343, Adjuster8, shoot, Player, False
9.010343, Adjuster8, shoot, Player, False
9.430343, Bongfu9, shoot, Lush7, False
9.650343, Player, shoot, Drunkard3, False
10.23034, Player, shoot, Foe4, False
10.61034, Foe4, shoot, Adjuster8, False
11.33034, Drunkard3, get, coin_v_1
12.11034, Player, shoot, Player, False
12.19034, Player, shoot, Adjuster8, False
12.21602, Lush7, deleted 
12.21602, gen, horse
12.21602, Lush10, AI
12.31034, Foe4, shoot, Player, True
12.31034, Player, shoot, Foe4, False
12.31034, Player, shoot, Foe4, False
Normal Close
