Game Time: 2022/3/1 16:28:39
Version: 1.0.0.2 with bullet collision times = 2
0, Player, player
0, Player, get, initialShield
0, Coward1, AI
0, Betrayal2, AI
0, Drunkard3, AI
0, Foe4, AI
0, Juicehead5, AI
0, Alcoholic6, AI
0, Lush7, AI
0, Adjuster8, AI
0, Bongfu9, AI
1.228133, Coward1, shoot, Adjuster8, False
1.348133, Bongfu9, get, coin_v_1
1.348133, Foe4, get, coin_v_1
1.828133, Drunkard3, get, coin_v_1
1.908133, Alcoholic6, shoot, Alcoholic6, False
2.188133, Bongfu9, get, coin_v_1
3.288133, Adjuster8, shoot, Lush7, False
4.048133, Player, shoot, Adjuster8, False
4.488133, Adjuster8, shoot, Adjuster8, False
4.928133, Bongfu9, get, coin_v_1
5.188133, Alcoholic6, shoot, Bongfu9, False
5.528133, Lush7, get, coin_v_1
5.708133, Betrayal2, get, coin_v_1
5.992096, Juicehead5, deleted 
5.992096, gen, horse
5.992096, Juicehead10, AI
6.408133, Bongfu9, get, coin_v_1
6.908133, Adjuster8, shoot, Player, False
7.088133, Drunkard3, get, coin_v_1
7.208133, Adjuster8, shoot, Player, False
7.388133, Adjuster8, shoot, Foe4, False
7.628133, Betrayal2, get, coin_v_1
8.328133, Alcoholic6, get, coin_v_1
8.568132, Drunkard3, get, coin_v_1
8.709467, Coward1, deleted 
8.709467, gen, horse
8.709467, Coward11, AI
8.928133, Betrayal2, get, coin_v_1
9.008133, Player, shoot, Adjuster8, False
9.11114, Lush7, deleted 
9.11114, gen, shield
9.11114, Lush12, AI
9.410102, Juicehead10, deleted 
9.410102, gen, horse
9.410102, Juicehead13, AI
9.533298, Bongfu9, deleted 
9.533298, gen, shield
9.533298, Bongfu14, AI
9.908133, Player, shoot, Foe4, False
10.60813, Foe4, get, coin_v_1
10.90813, Foe4, shoot, Foe4, False
11.73114, Drunkard3, deleted 
11.73114, gen, shield
11.73114, Drunkard15, AI
12.04813, Drunkard15, get, coin_v_1
12.35029, Alcoholic6, deleted 
12.35029, gen, horse
12.35029, Alcoholic16, AI
12.42813, Foe4, shoot, Foe4, False
12.72813, Foe4, shoot, Foe4, False
13.4288, Bongfu14, deleted 
13.4288, gen, shield
13.4288, Bongfu17, AI
14.32813, Player, shoot, Adjuster8, False
14.52813, Bongfu17, shoot, Bongfu17, False
14.62813, Player, shoot, Adjuster8, False
14.93153, Drunkard15, deleted 
14.93153, gen, horse
14.93153, Drunkard18, AI
15.08813, Coward11, get, coin_v_1
15.10813, Foe4, shoot, Foe4, False
15.62813, Alcoholic16, shoot, Alcoholic16, False
15.84813, Juicehead13, get, coin_v_1
16.02813, Foe4, shoot, Foe4, False
16.32813, Foe4, shoot, Foe4, False
16.38813, Alcoholic16, get, coin_v_1
16.48813, Alcoholic16, shoot, Alcoholic16, False
17.08852, Lush12, deleted 
17.08852, gen, horse
17.08852, Lush19, AI
17.74813, Adjuster8, shoot, Player, False
17.82813, Alcoholic16, shoot, Alcoholic16, False
18.12813, Alcoholic16, shoot, Alcoholic16, False
18.27002, Drunkard18, deleted 
18.27002, gen, horse
18.27002, Drunkard20, AI
18.32813, Bongfu17, shoot, Alcoholic16, False
18.60813, Foe4, shoot, Lush19, False
18.64813, Bongfu17, get, coin_v_1
18.72813, Alcoholic16, shoot, Alcoholic16, False
18.84813, Drunkard20, shoot, Drunkard20, False
18.86813, Player, shoot, Coward11, False
19.18989, Betrayal2, deleted 
19.18989, gen, shield
19.18989, Betrayal21, AI
19.32813, Drunkard20, shoot, Drunkard20, False
19.40813, Foe4, get, coin_v_1
19.60813, Player, shoot, Adjuster8, False
19.68813, Alcoholic16, shoot, Alcoholic16, False
19.72813, Foe4, get, coin_v_1
19.92813, Foe4, shoot, Adjuster8, False
20.10813, Foe4, shoot, Coward11, False
20.62813, Drunkard20, shoot, Drunkard20, False
20.70813, Player, shoot, Foe4, False
20.96913, Juicehead13, deleted 
20.96913, gen, horse
20.96913, Juicehead22, AI
21.12813, Adjuster8, shoot, Player, False
21.72813, Adjuster8, shoot, Adjuster8, False
22.00813, Alcoholic16, shoot, Alcoholic16, False
22.86813, Alcoholic16, shoot, Adjuster8, True
22.86813, gen, horse
22.87229, Adjuster23, AI
22.92813, Adjuster8, shoot, Lush19, False
23.12813, Lush19, shoot, Lush19, False
23.26813, Foe4, shoot, Player, False
23.32813, Drunkard20, shoot, Betrayal21, False
24.76813, Betrayal21, shoot, Drunkard20, False
24.78813, Foe4, shoot, Player, False
24.96813, Drunkard20, shoot, Betrayal21, False
25.16813, Alcoholic16, shoot, Adjuster23, False
25.22813, Betrayal21, shoot, Drunkard20, False
25.22813, Drunkard20, shoot, Betrayal21, False
25.2285, Bongfu17, deleted 
25.2285, gen, shield
25.2285, Bongfu24, AI
25.58813, Alcoholic16, shoot, Adjuster23, False
26.24968, Coward11, deleted 
26.24968, gen, horse
26.24968, Coward25, AI
26.56813, Alcoholic16, get, coin_v_1
26.58813, Betrayal21, get, coin_v_1
26.78813, Drunkard20, shoot, Coward25, False
26.94813, Foe4, shoot, Foe4, True
26.94813, gen, horse
26.94967, Foe26, AI
27.66813, Alcoholic16, shoot, Foe26, False
27.80813, Coward25, get, coin_v_1
27.88813, Betrayal21, shoot, Betrayal21, False
28.14813, Juicehead22, shoot, Juicehead22, False
28.44813, Juicehead22, shoot, Juicehead22, False
28.62813, Juicehead22, shoot, Juicehead22, False
29.06813, Alcoholic16, shoot, Coward25, False
29.12813, Foe4, shoot, Juicehead22, False
29.98813, Coward25, shoot, Alcoholic16, False
30.06813, Foe4, shoot, Betrayal21, False
30.22813, Player, shoot, Player, False
30.62813, Player, shoot, Adjuster23, False
31.47144, Lush19, deleted 
31.47144, gen, shield
31.47144, Lush27, AI
31.48813, Coward25, shoot, Bongfu24, False
31.50813, Drunkard20, shoot, Bongfu24, False
31.62813, Player, shoot, Alcoholic16, False
32.16813, Alcoholic16, shoot, Foe26, False
32.32813, Player, shoot, Adjuster23, False
32.68813, Adjuster23, shoot, Adjuster23, False
33.06813, Alcoholic16, shoot, Adjuster23, False
33.46813, Lush27, get, coin_v_1
33.86813, Adjuster23, get, horse
34.08813, Coward25, shoot, Coward25, False
34.36813, Bongfu24, get, coin_v_1
34.44813, Player, shoot, Player, False
34.56824, Betrayal21, deleted 
34.56824, gen, horse
34.56824, Betrayal28, AI
35.04813, Player, shoot, Adjuster23, False
35.16813, Adjuster23, shoot, Bongfu24, False
35.48813, Bongfu24, shoot, Bongfu24, False
35.76813, Lush27, get, coin_v_1
36.02813, Adjuster23, get, coin_v_1
36.76813, Foe26, shoot, Adjuster23, False
37.72813, Player, shoot, Adjuster23, False
38.02813, Foe26, shoot, Foe26, False
38.20813, Player, shoot, Betrayal28, False
38.60813, Player, shoot, Adjuster23, False
38.78813, Bongfu24, get, coin_v_1
39.22813, Alcoholic16, shoot, Alcoholic16, False
39.98813, Alcoholic16, get, coin_v_1
40.13229, Lush27, deleted 
40.13229, gen, shield
40.13229, Lush29, AI
40.26813, Coward25, shoot, Juicehead22, False
40.34813, Player, shoot, Adjuster23, False
40.50989, Juicehead22, deleted 
40.50989, gen, shield
40.50989, Juicehead30, AI
41.12813, Foe26, shoot, Adjuster23, False
41.12813, Adjuster23, shoot, Foe26, False
41.32969, Drunkard20, deleted 
41.32969, gen, horse
41.32969, Drunkard31, AI
42.36813, Coward25, shoot, Lush29, False
42.70813, Betrayal28, get, coin_v_1
43.08813, Adjuster23, shoot, Bongfu24, False
43.34813, Adjuster23, shoot, Player, False
43.76813, Alcoholic16, shoot, Juicehead30, False
43.78813, Alcoholic16, get, coin_v_1
44.52813, Juicehead30, shoot, Juicehead30, False
44.82813, Juicehead30, shoot, Juicehead30, False
44.82813, Adjuster23, shoot, Adjuster23, False
44.86813, Betrayal28, get, coin_v_1
45.10813, Alcoholic16, shoot, Alcoholic16, True
45.10813, gen, shield
45.10923, Alcoholic32, AI
45.12813, Drunkard31, shoot, Drunkard31, False
45.68813, Juicehead30, shoot, Lush29, False
45.78813, Adjuster23, shoot, Player, False
45.84813, Player, shoot, Juicehead30, False
45.86813, Coward25, shoot, Bongfu24, False
46.24813, Player, shoot, Foe26, False
46.32813, Drunkard31, shoot, Drunkard31, False
46.50813, Coward25, shoot, Bongfu24, False
46.62813, Drunkard31, shoot, Drunkard31, False
46.66813, Juicehead30, shoot, Bongfu24, False
46.88813, Bongfu24, shoot, Juicehead30, False
47.08813, Foe26, get, coin_v_1
47.14813, Juicehead30, get, horse
47.52813, Coward25, shoot, Adjuster23, False
48.25151, Betrayal28, deleted 
48.25151, gen, horse
48.25151, Betrayal33, AI
48.50813, Player, shoot, Foe26, False
48.74813, Adjuster23, shoot, Player, False
48.74813, Drunkard31, shoot, Drunkard31, False
49.23102, Alcoholic32, deleted 
49.23102, gen, shield
49.23102, Alcoholic34, AI
49.76813, Bongfu24, shoot, Betrayal33, False
49.80813, Player, shoot, Foe26, False
49.80813, Player, shoot, Foe26, False
49.80813, Player, shoot, Foe26, False
50.42813, Alcoholic34, get, coin_v_1
50.44813, Drunkard31, shoot, Alcoholic34, False
50.52813, Coward25, shoot, Coward25, False
50.68813, Lush29, shoot, Lush29, False
50.70813, Player, shoot, Adjuster23, False
50.72813, Foe26, shoot, Player, True
Normal Close
