Game Time: 2022/3/1 18:06:49
Version: 1.0.0.2 with bullet collision times = 2
0, Player, player
0, Player, get, initialShield
0, Coward1, AI
0, Betrayal2, AI
0, Drunkard3, AI
0, Foe4, AI
0, Juicehead5, AI
0, Alcoholic6, AI
0, Lush7, AI
0, Adjuster8, AI
0, Bongfu9, AI
0.7967688, Alcoholic6, get, coin_v_1
0.9767688, Betrayal2, get, coin_v_1
1.256769, Bongfu9, get, coin_v_1
1.376769, Foe4, get, coin_v_1
1.936769, Betrayal2, shoot, Betrayal2, False
2.076769, Bongfu9, get, coin_v_1
2.316769, Alcoholic6, get, coin_v_1
3.416769, Drunkard3, get, coin_v_1
3.576769, Drunkard3, shoot, Alcoholic6, False
3.936769, Bongfu9, shoot, Alcoholic6, False
3.976769, Adjuster8, get, coin_v_1
4.116769, Drunkard3, get, coin_v_1
4.276769, Coward1, get, coin_v_1
4.616769, Drunkard3, shoot, Bongfu9, False
6.321476, Betrayal2, deleted 
6.321476, gen, shield
6.321476, Betrayal10, AI
7.076768, Foe4, shoot, Alcoholic6, False
7.376769, Drunkard3, shoot, Drunkard3, False
7.596769, Alcoholic6, shoot, Drunkard3, False
7.936769, Alcoholic6, shoot, Alcoholic6, False
8.096768, Alcoholic6, shoot, Betrayal10, False
8.976768, Drunkard3, get, coin_v_1
9.116769, Juicehead5, get, coin_v_1
9.116769, Adjuster8, shoot, Player, False
9.196769, Coward1, get, coin_v_1
9.216768, Lush7, get, coin_v_1
9.31725, Bongfu9, deleted 
9.31725, gen, horse
9.31725, Bongfu11, AI
9.476768, Betrayal10, shoot, Betrayal10, False
9.676768, Juicehead5, shoot, Player, False
9.976768, Coward1, get, coin_v_1
11.85677, Juicehead5, get, coin_v_1
12.11677, Betrayal10, shoot, Coward1, False
12.13677, Lush7, get, coin_v_1
12.75852, Bongfu11, deleted 
12.75852, gen, shield
12.75852, Bongfu12, AI
12.87677, Alcoholic6, get, coin_v_1
13.27677, Player, shoot, Coward1, False
13.31677, Alcoholic6, shoot, Alcoholic6, False
13.39677, Betrayal10, shoot, Foe4, False
13.61677, Drunkard3, shoot, Alcoholic6, False
14.13677, Foe4, shoot, Betrayal10, False
14.19677, Betrayal10, get, coin_v_1
14.53677, Foe4, shoot, Foe4, False
16.56151, Bongfu12, deleted 
16.56151, gen, horse
16.56151, Bongfu13, AI
17.65677, Bongfu13, get, coin_v_1
17.69677, Player, shoot, Lush7, False
18.24078, Juicehead5, deleted 
18.24078, gen, shield
18.24078, Juicehead14, AI
18.43677, Foe4, shoot, Coward1, False
18.79677, Coward1, shoot, Foe4, False
19.05677, Betrayal10, get, coin_v_1
19.87677, Player, shoot, Foe4, False
19.9568, Bongfu13, deleted 
19.9568, gen, horse
19.9568, Bongfu15, AI
20.29677, Drunkard3, shoot, Alcoholic6, False
20.83677, Juicehead14, get, coin_v_1
21.11677, Lush7, get, coin_v_1
21.93677, Coward1, get, coin_v_1
23.07677, Alcoholic6, shoot, Player, False
23.13677, Foe4, shoot, Adjuster8, False
23.53677, Alcoholic6, shoot, Alcoholic6, False
23.67781, Bongfu15, deleted 
23.67781, gen, horse
23.67781, Bongfu16, AI
24.03677, Betrayal10, get, coin_v_1
24.53677, Coward1, shoot, Juicehead14, False
25.15677, Lush7, get, coin_v_1
25.94087, Juicehead14, deleted 
25.94087, gen, horse
25.94087, Juicehead17, AI
26.01677, Player, shoot, Adjuster8, False
26.47677, Betrayal10, shoot, Alcoholic6, False
27.09677, Alcoholic6, shoot, Adjuster8, False
27.47677, Juicehead17, get, coin_v_1
27.61677, Player, shoot, Foe4, False
27.61677, Foe4, shoot, Player, False
27.95712, Bongfu16, deleted 
27.95712, gen, shield
27.95712, Bongfu18, AI
28.29677, Alcoholic6, shoot, Player, False
29.25677, Juicehead17, get, coin_v_1
30.63677, Foe4, shoot, Player, False
31.01677, Player, shoot, Adjuster8, False
31.41677, Alcoholic6, shoot, Juicehead17, False
32.0184, Coward1, deleted 
32.0184, gen, horse
32.0184, Coward19, AI
32.03677, Juicehead17, get, coin_v_1
32.11677, Player, shoot, Adjuster8, False
32.11677, Adjuster8, shoot, Player, False
32.33677, Alcoholic6, shoot, Alcoholic6, True
32.33677, gen, horse
32.33687, Alcoholic20, AI
32.89929, Bongfu18, deleted 
32.89929, gen, horse
32.89929, Bongfu21, AI
32.99677, Alcoholic20, shoot, Alcoholic20, False
33.11677, Betrayal10, get, coin_v_1
33.51677, Adjuster8, shoot, Adjuster8, False
34.59677, Player, shoot, Foe4, False
34.71683, Lush7, deleted 
34.71683, gen, shield
34.71683, Lush22, AI
34.79677, Betrayal10, get, coin_v_1
35.39677, Adjuster8, shoot, Player, False
35.89677, Player, shoot, Foe4, False
36.13677, Coward19, shoot, Coward19, False
36.61677, Foe4, shoot, Player, False
36.61677, Player, shoot, Foe4, False
37.39677, Coward19, shoot, Coward19, False
37.47677, Alcoholic20, get, coin_v_1
38.29677, Lush22, shoot, Lush22, False
38.31677, Foe4, shoot, Adjuster8, False
38.73677, Foe4, shoot, Player, False
38.93677, Coward19, shoot, Coward19, False
38.95677, Bongfu21, get, horse
39.01677, Player, shoot, Foe4, False
39.03677, Player, shoot, Foe4, False
39.09857, Bongfu21, deleted 
39.09857, gen, horse
39.09857, Bongfu23, AI
39.13677, Alcoholic20, shoot, Adjuster8, False
39.77677, Adjuster8, shoot, Alcoholic20, False
40.21677, Adjuster8, shoot, Alcoholic20, False
40.59677, Adjuster8, shoot, Foe4, True
40.59677, gen, shield
40.59898, Foe24, AI
40.89677, Adjuster8, shoot, Player, True
Normal Close
