Game Time: 2022/3/1 16:46:02
Version: 1.0.0.2 with bullet collision times = 2
0, Player, player
0, Player, get, initialShield
0, Coward1, AI
0, Betrayal2, AI
0, Drunkard3, AI
0, Foe4, AI
0, Juicehead5, AI
0, Alcoholic6, AI
0, Lush7, AI
0, Adjuster8, AI
0, Bongfu9, AI
1.155565, Betrayal2, get, coin_v_1
1.335565, Drunkard3, get, coin_v_1
1.395565, Bongfu9, get, coin_v_1
1.955565, Betrayal2, shoot, Betrayal2, False
1.975565, Alcoholic6, shoot, Alcoholic6, False
2.195565, Adjuster8, shoot, Lush7, False
2.235565, Bongfu9, get, coin_v_1
2.435565, Alcoholic6, get, coin_v_1
3.035565, Lush7, shoot, Adjuster8, False
3.295565, Coward1, get, coin_v_1
3.877948, Juicehead5, deleted 
3.877948, gen, horse
3.877948, Juicehead10, AI
4.195565, Drunkard3, get, coin_v_1
4.635565, Betrayal2, get, coin_v_1
4.935565, Adjuster8, shoot, Player, False
5.415565, Player, shoot, Adjuster8, False
5.475565, Alcoholic6, get, coin_v_1
6.775565, Drunkard3, get, coin_v_1
7.076211, Juicehead10, deleted 
7.076211, gen, shield
7.076211, Juicehead11, AI
7.275565, Betrayal2, get, coin_v_1
7.415565, Betrayal2, shoot, Betrayal2, False
7.815565, Adjuster8, shoot, Player, False
7.875565, Juicehead11, get, coin_v_1
8.255565, Bongfu9, shoot, Bongfu9, False
8.93716, Coward1, deleted 
8.93716, gen, shield
8.93716, Coward12, AI
8.975565, Adjuster8, shoot, Foe4, False
9.055565, Drunkard3, shoot, Alcoholic6, False
9.055565, Adjuster8, shoot, Foe4, False
9.055565, Foe4, shoot, Adjuster8, False
9.255565, Bongfu9, shoot, Bongfu9, False
9.355565, Juicehead11, get, coin_v_1
10.19557, Coward12, shoot, Coward12, False
10.20036, Alcoholic6, deleted 
10.20036, gen, horse
10.20036, Alcoholic13, AI
10.27777, Drunkard3, deleted 
10.27777, gen, shield
10.27777, Drunkard14, AI
10.53557, Adjuster8, shoot, Foe4, False
10.53557, Foe4, shoot, Adjuster8, False
10.81557, Adjuster8, shoot, Player, False
10.81557, Adjuster8, shoot, Player, False
10.81557, Adjuster8, shoot, Player, False
10.81557, Player, shoot, Adjuster8, False
10.97556, Foe4, shoot, Bongfu9, False
11.11557, Alcoholic13, shoot, Alcoholic13, False
11.15557, Bongfu9, get, coin_v_1
11.27763, Betrayal2, deleted 
11.27763, gen, horse
11.27763, Betrayal15, AI
11.29556, Juicehead11, get, coin_v_1
11.67556, Bongfu9, shoot, Adjuster8, False
12.59556, Foe4, shoot, Foe4, False
12.67722, Lush7, deleted 
12.67722, gen, horse
12.67722, Lush16, AI
12.73557, Foe4, shoot, Foe4, False
12.75556, Bongfu9, shoot, Coward12, False
13.07557, Adjuster8, shoot, Bongfu9, False
13.09556, Adjuster8, shoot, Player, False
13.17556, Adjuster8, shoot, Bongfu9, False
13.17556, Adjuster8, shoot, Player, False
13.21933, Drunkard14, deleted 
13.21933, gen, horse
13.21933, Drunkard17, AI
13.31557, Adjuster8, shoot, Juicehead11, False
13.33556, Player, shoot, Foe4, False
13.37556, Bongfu9, shoot, Bongfu9, False
13.49557, Betrayal15, get, coin_v_1
13.79556, Coward12, shoot, Player, False
14.41556, Player, shoot, Adjuster8, False
14.41556, Player, shoot, Adjuster8, False
14.41556, Adjuster8, shoot, Player, False
14.41556, Player, shoot, Adjuster8, False
15.13556, Juicehead11, get, coin_v_1
15.59556, Foe4, shoot, Adjuster8, True
15.59556, gen, horse
15.59917, Adjuster18, AI
15.71592, Lush16, deleted 
15.71592, gen, horse
15.71592, Lush19, AI
15.79556, Adjuster8, shoot, Juicehead11, False
15.91556, Player, shoot, Foe4, False
15.91556, Player, shoot, Foe4, False
15.91556, Player, shoot, Foe4, False
16.19844, Drunkard17, deleted 
16.19844, gen, horse
16.19844, Drunkard20, AI
16.79556, Foe4, get, horse
16.91557, Bongfu9, shoot, Bongfu9, False
16.97556, Player, shoot, Coward12, False
16.99557, Juicehead11, get, coin_v_1
17.33557, Bongfu9, shoot, Coward12, False
17.49557, Player, shoot, Foe4, False
17.51556, Player, shoot, Player, True
Normal Close
