Game Time: 2022/3/1 18:19:22
Version: 1.0.0.2 with bullet collision times = 2
0, Player, player
0, Player, get, initialShield
0, Coward1, AI
0, Betrayal2, AI
0, Drunkard3, AI
0, Foe4, AI
0, Juicehead5, AI
0, Alcoholic6, AI
0, Lush7, AI
0, Adjuster8, AI
0, Bongfu9, AI
0.2203643, Betrayal2, shoot, Betrayal2, False
0.5003643, Foe4, shoot, Foe4, False
1.640364, Bongfu9, get, coin_v_1
1.940364, Alcoholic6, shoot, Alcoholic6, False
2.180364, Betrayal2, get, coin_v_1
2.220364, Alcoholic6, get, coin_v_1
3.260364, Drunkard3, shoot, Drunkard3, False
3.680364, Coward1, get, coin_v_1
3.720364, Foe4, shoot, Foe4, False
4.320364, Foe4, shoot, Foe4, False
4.363796, Lush7, deleted 
4.363796, gen, horse
4.363796, Lush10, AI
5.000364, Drunkard3, get, coin_v_1
5.180364, Lush10, get, coin_v_1
5.220364, Foe4, shoot, Foe4, False
5.280364, Coward1, get, coin_v_1
5.520364, Foe4, shoot, Foe4, False
6.480364, Alcoholic6, get, coin_v_1
6.761877, Juicehead5, deleted 
6.761877, gen, horse
6.761877, Juicehead11, AI
7.020364, Foe4, shoot, Foe4, False
7.500895, Lush10, deleted 
7.500895, gen, horse
7.500895, Lush12, AI
7.800364, Foe4, shoot, Adjuster8, False
8.440364, Lush12, shoot, Juicehead11, False
9.500364, Bongfu9, get, coin_v_1
9.620364, Lush12, shoot, Lush12, False
9.700364, Foe4, get, coin_v_1
9.840364, Juicehead11, get, horse
9.862371, Juicehead11, deleted 
9.862371, gen, shield
9.862371, Juicehead13, AI
10.30036, Betrayal2, shoot, Juicehead13, False
10.92036, Juicehead13, shoot, Juicehead13, False
10.94036, Foe4, shoot, Foe4, False
10.98036, Player, shoot, Foe4, False
11.04036, Foe4, shoot, Player, False
11.34036, Lush12, shoot, Bongfu9, False
11.60165, Coward1, deleted 
11.60165, gen, shield
11.60165, Coward14, AI
12.00036, Lush12, shoot, Bongfu9, False
12.30036, Bongfu9, shoot, Lush12, False
12.40036, Foe4, shoot, Lush12, False
12.60036, Lush12, shoot, Bongfu9, False
12.80036, Adjuster8, get, coin_v_1
13.86036, Lush12, get, coin_v_1
13.86036, Foe4, shoot, Adjuster8, False
14.40036, Player, shoot, Coward14, False
14.46353, Drunkard3, deleted 
14.46353, gen, shield
14.46353, Drunkard15, AI
15.12036, Lush12, get, coin_v_1
15.12036, Adjuster8, shoot, Player, False
15.50036, Bongfu9, shoot, Juicehead13, False
15.54036, Betrayal2, get, coin_v_1
15.82036, Coward14, get, coin_v_1
16.00036, Foe4, shoot, Foe4, False
16.42257, Alcoholic6, deleted 
16.42257, gen, horse
16.42257, Alcoholic16, AI
17.48036, Foe4, shoot, Player, False
17.52036, Foe4, shoot, Drunkard15, False
18.92036, Foe4, shoot, Betrayal2, False
19.02036, Player, shoot, Player, False
19.22036, Foe4, shoot, Betrayal2, False
19.40036, Drunkard15, get, coin_v_1
19.50036, Juicehead13, get, coin_v_1
19.94036, Player, shoot, Foe4, True
19.94036, gen, horse
19.94351, Foe17, AI
20.18036, Foe4, shoot, Betrayal2, False
20.22036, Player, shoot, Adjuster8, False
20.24061, Lush12, deleted 
20.24061, gen, shield
20.24061, Lush18, AI
20.86036, Player, shoot, Player, False
21.30036, Betrayal2, get, horse
21.32036, Foe17, get, coin_v_1
21.42036, Adjuster8, shoot, Adjuster8, False
21.46036, Player, shoot, Betrayal2, False
21.58036, Drunkard15, get, coin_v_1
22.10036, Player, shoot, Player, False
22.58036, Adjuster8, shoot, Lush18, False
22.74036, Player, shoot, Player, False
23.28036, Drunkard15, get, coin_v_1
23.40036, Adjuster8, shoot, Foe17, False
23.40036, Adjuster8, shoot, Foe17, False
23.86036, Lush18, shoot, Lush18, False
23.98036, Player, shoot, Player, False
24.20036, Foe17, shoot, Player, False
24.32257, Juicehead13, deleted 
24.32257, gen, horse
24.32257, Juicehead19, AI
24.60036, Player, shoot, Player, True
Normal Close
