Game Time: 2022/3/1 16:38:04
Version: 1.0.0.2 with bullet collision times = 2
0, Player, player
0, Player, get, initialShield
0, Coward1, AI
0, Betrayal2, AI
0, Drunkard3, AI
0, Foe4, AI
0, Juicehead5, AI
0, Alcoholic6, AI
0, Lush7, AI
0, Adjuster8, AI
0, Bongfu9, AI
0.1129407, Juicehead5, shoot, Juicehead5, False
0.4529407, Foe4, get, coin_v_1
0.6529407, Foe4, get, coin_v_1
0.9729407, Drunkard3, get, coin_v_1
1.012941, Juicehead5, get, coin_v_1
1.232941, Bongfu9, get, coin_v_1
1.612941, Foe4, get, coin_v_1
2.072941, Bongfu9, get, coin_v_1
2.392941, Alcoholic6, get, coin_v_1
2.452941, Bongfu9, shoot, Coward1, False
2.512941, Foe4, shoot, Foe4, False
3.272941, Juicehead5, get, coin_v_1
3.472941, Juicehead5, get, coin_v_1
3.612941, Bongfu9, shoot, Adjuster8, False
3.612941, Adjuster8, shoot, Bongfu9, False
3.632941, Coward1, shoot, Player, False
3.632941, Player, shoot, Coward1, False
3.752941, Foe4, shoot, Alcoholic6, False
4.092941, Drunkard3, get, coin_v_1
4.192941, Juicehead5, shoot, Player, False
4.212941, Coward1, shoot, Player, False
4.212941, Player, shoot, Coward1, False
4.495025, Lush7, deleted 
4.495025, gen, horse
4.495025, Lush10, AI
4.632941, Alcoholic6, get, coin_v_1
4.732941, Betrayal2, shoot, Betrayal2, False
4.892941, Adjuster8, shoot, Foe4, False
5.692941, Foe4, shoot, Foe4, False
6.732941, Bongfu9, shoot, Bongfu9, False
6.812941, Drunkard3, get, coin_v_1
7.272941, Player, shoot, Juicehead5, False
7.652941, Player, shoot, Adjuster8, False
7.712941, Bongfu9, shoot, Bongfu9, False
7.892941, Drunkard3, get, coin_v_1
8.732941, Juicehead5, shoot, Juicehead5, False
8.892941, Foe4, shoot, Foe4, False
9.312941, Alcoholic6, shoot, Player, False
9.335246, Betrayal2, deleted 
9.335246, gen, horse
9.335246, Betrayal11, AI
10.51295, Drunkard3, deleted 
10.51295, gen, horse
10.51295, Drunkard12, AI
10.71294, Foe4, shoot, Alcoholic6, False
11.05294, Player, shoot, Player, False
11.05294, Adjuster8, shoot, Foe4, False
11.55294, Adjuster8, shoot, Adjuster8, False
11.7355, Bongfu9, deleted 
11.7355, gen, horse
11.7355, Bongfu13, AI
11.83294, Player, shoot, Foe4, False
12.17294, Player, shoot, Alcoholic6, False
12.57294, Foe4, shoot, Player, False
12.65294, Juicehead5, shoot, Betrayal11, False
12.73294, Bongfu13, shoot, Bongfu13, False
13.21294, Alcoholic6, shoot, Player, False
13.39294, Foe4, shoot, Alcoholic6, False
13.53294, Alcoholic6, shoot, Player, False
13.65294, Alcoholic6, shoot, Foe4, False
13.8148, Drunkard12, deleted 
13.8148, gen, horse
13.8148, Drunkard14, AI
14.51294, Player, shoot, Player, False
14.63294, Player, shoot, Adjuster8, False
14.83294, Player, shoot, Foe4, False
15.17294, Adjuster8, shoot, Foe4, False
15.21294, Foe4, shoot, Bongfu13, False
15.49294, Alcoholic6, shoot, Adjuster8, False
16.03294, Bongfu13, shoot, Bongfu13, False
16.03294, Foe4, shoot, Foe4, True
16.03294, gen, shield
16.03883, Foe15, AI
16.09294, Foe4, shoot, Player, True
Normal Close
