Game Time: 2022/3/1 18:16:47
Version: 1.0.0.2 with bullet collision times = 2
0, Player, player
0, Player, get, initialShield
0, Coward1, AI
0, Betrayal2, AI
0, Drunkard3, AI
0, Foe4, AI
0, Juicehead5, AI
0, Alcoholic6, AI
0, Lush7, AI
0, Adjuster8, AI
0, Bongfu9, AI
0.8907452, Lush7, get, coin_v_1
1.010745, Betrayal2, get, coin_v_1
1.310745, Juicehead5, get, coin_v_1
1.470745, Bongfu9, get, coin_v_1
1.870745, Alcoholic6, get, coin_v_1
1.950745, Foe4, shoot, Foe4, False
1.990745, Player, shoot, Coward1, False
2.210745, Alcoholic6, get, coin_v_1
2.230745, Foe4, get, coin_v_1
2.290745, Bongfu9, get, coin_v_1
2.610745, Juicehead5, get, coin_v_1
2.770745, Coward1, get, coin_v_1
2.910745, Coward1, shoot, Betrayal2, False
3.130745, Drunkard3, shoot, Coward1, False
3.190745, Juicehead5, shoot, Adjuster8, False
3.350745, Juicehead5, get, coin_v_1
3.530745, Juicehead5, get, coin_v_1
3.610745, Drunkard3, get, coin_v_1
3.850745, Player, shoot, Adjuster8, False
3.930745, Foe4, shoot, Adjuster8, False
5.590745, Adjuster8, get, coin_v_1
6.170745, Bongfu9, get, coin_v_1
6.610745, Foe4, shoot, Juicehead5, False
7.010745, Juicehead5, shoot, Juicehead5, False
7.330745, Adjuster8, shoot, Player, False
7.750745, Coward1, get, coin_v_1
7.830745, Adjuster8, shoot, Player, False
8.230745, Betrayal2, get, coin_v_1
9.393414, Alcoholic6, deleted 
9.393414, gen, horse
9.393414, Alcoholic10, AI
9.630745, Bongfu9, get, coin_v_1
9.890745, Betrayal2, get, coin_v_1
10.01075, Player, shoot, Adjuster8, False
10.29753, Lush7, deleted 
10.29753, gen, shield
10.29753, Lush11, AI
10.47407, Drunkard3, deleted 
10.47407, gen, shield
10.47407, Drunkard12, AI
10.75074, Juicehead5, get, coin_v_1
10.87074, Juicehead5, get, coin_v_1
12.05075, Lush11, get, coin_v_1
12.65074, Alcoholic10, get, coin_v_1
13.01075, Bongfu9, shoot, Bongfu9, False
14.49316, Coward1, deleted 
14.49316, gen, horse
14.49316, Coward13, AI
14.63074, Adjuster8, shoot, Foe4, False
14.79074, Adjuster8, shoot, Foe4, False
14.79074, Coward13, shoot, Bongfu9, False
15.43075, Juicehead5, shoot, Juicehead5, False
15.67455, Lush11, deleted 
15.67455, gen, shield
15.67455, Lush14, AI
16.19074, Foe4, shoot, Foe4, False
16.31075, Player, shoot, Foe4, False
17.07075, Coward13, get, coin_v_1
18.63074, Foe4, shoot, Player, False
18.81075, Foe4, shoot, Bongfu9, False
19.93074, Adjuster8, shoot, Player, False
20.41075, Adjuster8, shoot, Player, False
20.53074, Foe4, shoot, Player, False
20.91296, Lush14, deleted 
20.91296, gen, horse
20.91296, Lush15, AI
21.31075, Adjuster8, shoot, Player, False
21.45074, Foe4, shoot, Lush15, False
21.49075, Foe4, shoot, Adjuster8, False
21.61074, Adjuster8, shoot, Foe4, False
21.61074, Adjuster8, shoot, Foe4, False
21.61074, Foe4, shoot, Adjuster8, False
21.61074, Foe4, shoot, Adjuster8, False
22.35074, Player, shoot, Player, False
22.77074, Alcoholic10, shoot, Foe4, False
22.81075, Coward13, shoot, Player, False
22.97075, Juicehead5, shoot, Juicehead5, False
23.77074, Foe4, shoot, Player, False
24.01074, Foe4, shoot, Adjuster8, False
24.01074, Adjuster8, shoot, Foe4, False
24.01074, Foe4, shoot, Adjuster8, False
24.01074, Foe4, shoot, Adjuster8, False
24.21074, Coward13, get, coin_v_1
24.21074, Player, shoot, Player, True
Normal Close
