Game Time: 2022/2/17 17:44:23
Version: 1.0.0.2 with bullet collision times = 2
0, Player, player
0, Coward1, AI
0, Betrayal2, AI
0, Drunkard3, AI
0, Foe4, AI
0, Juicehead5, AI
0, Alcoholic6, AI
0, Lush7, AI
0, Adjuster8, AI
0, Bongfu9, AI
1.427379, Bongfu9, shoot, Player, False
2.167379, Bongfu9, shoot, Bongfu9, False
2.207379, Lush7, shoot, Adjuster8, False
2.367379, Juicehead5, shoot, Juicehead5, False
3.067379, Betrayal2, shoot, Drunkard3, False
3.627379, Adjuster8, shoot, Player, False
4.90738, Adjuster8, shoot, Player, False
5.48738, Betrayal2, shoot, Betrayal2, False
5.567379, Adjuster8, shoot, Foe4, False
7.267379, Player, shoot, Adjuster8, False
7.267379, Foe4, shoot, Adjuster8, False
7.348473, Coward1, deleted 
7.348473, Coward10, AI
8.943086, Bongfu9, deleted 
8.943086, Bongfu11, AI
9.067379, Foe4, shoot, Adjuster8, False
10.25509, Lush7, deleted 
10.25509, Lush12, AI
10.26738, Foe4, shoot, Adjuster8, False
10.86738, Player, shoot, Adjuster8, False
11.45119, Juicehead5, deleted 
11.45119, Juicehead13, AI
11.46738, Adjuster8, shoot, Player, False
11.70041, Bongfu11, deleted 
11.70041, Bongfu14, AI
11.78355, Betrayal2, deleted 
11.78355, Betrayal15, AI
12.06738, Foe4, shoot, Adjuster8, False
12.28738, Player, shoot, Alcoholic6, False
12.38738, Adjuster8, shoot, Foe4, False
12.66738, Adjuster8, shoot, Foe4, False
13.84738, Player, shoot, Betrayal15, False
14.17556, Juicehead13, deleted 
14.17556, Juicehead16, AI
14.48738, Foe4, shoot, Adjuster8, False
14.78738, Betrayal15, shoot, Lush12, False
15.08912, Coward10, deleted 
15.08912, Coward17, AI
15.52738, Foe4, shoot, Player, False
15.86738, Player, shoot, Drunkard3, False
16.22738, Adjuster8, shoot, Lush12, False
16.84738, Juicehead16, get, Horse
16.89965, Juicehead16, deleted 
16.89965, Juicehead18, AI
16.92738, Betrayal15, shoot, Betrayal15, False
17.38738, Coward17, shoot, Drunkard3, False
17.40738, Adjuster8, shoot, Foe4, False
17.41451, Alcoholic6, deleted 
17.41451, Alcoholic19, AI
17.44738, Adjuster8, shoot, Player, False
17.46738, Player, shoot, Bongfu14, False
17.80738, Drunkard3, shoot, Drunkard3, False
18.32738, Player, shoot, Bongfu14, False
18.70738, Adjuster8, shoot, Player, False
19.26738, Adjuster8, shoot, Foe4, False
19.32738, Foe4, shoot, Player, False
19.58738, Adjuster8, shoot, Player, False
19.86738, Adjuster8, shoot, Player, True
20.28738, Adjuster8, shoot, Alcoholic19, False
20.46738, Alcoholic19, shoot, Adjuster8, False
Normal Close
