Game Time: 2022/2/17 18:06:21
Version: 1.0.0.2 with bullet collision times = 2
0, Player, player
0, Coward1, AI
0, Betrayal2, AI
0, Drunkard3, AI
0, Foe4, AI
0, Juicehead5, AI
0, Alcoholic6, AI
0, Lush7, AI
0, Adjuster8, AI
0, Bongfu9, AI
0.09682009, Coward1, shoot, Coward1, False
1.85682, Bongfu9, shoot, Bongfu9, False
1.91682, Coward1, shoot, Coward1, False
1.91682, Betrayal2, shoot, Betrayal2, False
2.19682, Bongfu9, shoot, Coward1, False
2.63682, Adjuster8, shoot, Foe4, False
3.67682, Adjuster8, shoot, Foe4, False
3.83682, Lush7, shoot, Lush7, False
4.45682, Bongfu9, shoot, Bongfu9, False
5.47682, Adjuster8, shoot, Player, False
5.51682, Coward1, shoot, Coward1, False
5.51682, Foe4, shoot, Adjuster8, False
6.07682, Player, shoot, Juicehead5, False
6.93682, Foe4, shoot, Adjuster8, False
7.19682, Foe4, shoot, Adjuster8, False
7.29682, Adjuster8, shoot, Player, False
7.665984, Betrayal2, deleted 
7.665984, Betrayal10, AI
7.71682, Drunkard3, shoot, Drunkard3, False
7.95682, Adjuster8, shoot, Foe4, False
8.75682, Adjuster8, shoot, Player, False
9.028643, Coward1, deleted 
9.028643, Coward11, AI
9.078432, Bongfu9, deleted 
9.078432, Bongfu12, AI
9.09682, Bongfu12, shoot, Coward11, False
9.13682, Foe4, shoot, Adjuster8, False
9.277668, Alcoholic6, deleted 
9.277668, Alcoholic13, AI
9.43682, Alcoholic13, shoot, Bongfu12, False
9.61682, Player, shoot, Adjuster8, False
10.55682, Foe4, shoot, Adjuster8, False
10.81682, Player, shoot, Adjuster8, False
10.81682, Player, shoot, Adjuster8, False
10.93682, Adjuster8, shoot, Foe4, False
11.75146, Lush7, deleted 
11.75146, Lush14, AI
11.90094, Bongfu12, deleted 
11.90094, Bongfu15, AI
12.08346, Alcoholic13, deleted 
12.08346, Alcoholic16, AI
12.21682, Adjuster8, shoot, Foe4, False
12.55682, Drunkard3, shoot, Coward11, False
12.69682, Alcoholic16, shoot, Alcoholic16, False
13.49682, Foe4, shoot, Foe4, False
13.51682, Foe4, shoot, Betrayal10, False
13.61682, Adjuster8, shoot, Player, False
13.87682, Adjuster8, shoot, Foe4, False
14.47682, Player, shoot, Adjuster8, False
14.63682, Betrayal10, shoot, Foe4, False
15.23762, Bongfu15, deleted 
15.23762, Bongfu17, AI
15.35682, Coward11, shoot, Coward11, False
15.41682, Adjuster8, shoot, Drunkard3, False
15.61682, Foe4, shoot, Betrayal10, False
15.61682, Betrayal10, shoot, Foe4, False
15.7523, Lush14, deleted 
15.7523, Lush18, AI
15.93682, Foe4, shoot, Betrayal10, False
15.95682, Adjuster8, shoot, Player, False
17.01682, Player, shoot, Betrayal10, False
17.09706, Juicehead5, deleted 
17.09706, Juicehead19, AI
17.41682, Foe4, shoot, Adjuster8, True
17.41682, Adjuster8, shoot, Foe4, True
17.42914, Adjuster20, AI
17.44577, Foe21, AI
17.97682, Bongfu17, shoot, Juicehead19, False
18.09682, Player, shoot, Player, False
18.11682, Betrayal10, shoot, Betrayal10, False
18.29682, Player, shoot, Betrayal10, False
18.33682, Foe21, shoot, Juicehead19, False
18.71682, Betrayal10, shoot, Betrayal10, False
19.38914, Lush18, deleted 
19.38914, Lush22, AI
19.61682, Betrayal10, shoot, Betrayal10, False
19.89682, Betrayal10, shoot, Betrayal10, False
19.89682, Player, shoot, Player, False
19.95682, Drunkard3, shoot, Drunkard3, False
20.07682, Coward11, shoot, Coward11, False
20.25682, Foe21, shoot, Adjuster20, False
20.49682, Player, shoot, Foe21, False
20.65682, Adjuster20, shoot, Player, False
20.67682, Player, shoot, Bongfu17, False
21.07682, Adjuster20, shoot, Bongfu17, False
21.29682, Foe21, get, Horse
21.41682, Foe21, get, Horse
21.55682, Betrayal10, shoot, Betrayal10, True
21.56409, Betrayal23, AI
21.65682, Adjuster20, shoot, Bongfu17, False
21.69682, Player, shoot, Player, False
21.83682, Player, shoot, Adjuster20, False
21.97682, Betrayal23, shoot, Betrayal23, False
22.03682, Player, shoot, Juicehead19, False
22.56014, Alcoholic16, deleted 
22.56014, Alcoholic24, AI
22.89682, Foe21, shoot, Player, True
23.89682, Bongfu17, shoot, Bongfu17, False
Normal Close
