Game Time: 2022/2/17 17:58:24
Version: 1.0.0.2 with bullet collision times = 2
0, Player, player
0, Coward1, AI
0, Betrayal2, AI
0, Drunkard3, AI
0, Foe4, AI
0, Juicehead5, AI
0, Alcoholic6, AI
0, Lush7, AI
0, Adjuster8, AI
0, Bongfu9, AI
0.7697368, Bongfu9, shoot, Bongfu9, False
0.9697369, Player, shoot, Player, False
1.149737, Coward1, shoot, Adjuster8, False
1.789737, Player, shoot, Coward1, False
2.649737, Bongfu9, shoot, Adjuster8, False
2.989737, Adjuster8, shoot, Foe4, False
3.049737, Juicehead5, shoot, Foe4, False
4.009737, Juicehead5, shoot, Coward1, False
4.277694, Lush7, deleted 
4.277694, Lush10, AI
4.469737, Foe4, shoot, Coward1, False
5.189737, Coward1, shoot, Alcoholic6, False
5.789737, Alcoholic6, shoot, Alcoholic6, False
6.029737, Player, shoot, Juicehead5, False
6.089737, Drunkard3, shoot, Drunkard3, False
6.189737, Alcoholic6, shoot, Alcoholic6, False
6.869737, Adjuster8, shoot, Alcoholic6, False
6.989737, Coward1, shoot, Coward1, False
7.017759, Lush10, deleted 
7.017759, Lush11, AI
7.189737, Coward1, shoot, Player, False
7.189737, Coward1, shoot, Player, False
7.189737, Coward1, shoot, Player, False
7.189737, Player, shoot, Coward1, False
7.689737, Player, shoot, Player, False
7.769737, Alcoholic6, shoot, Alcoholic6, False
7.969737, Alcoholic6, shoot, Alcoholic6, False
9.069736, Player, shoot, Adjuster8, False
9.089737, Foe4, shoot, Adjuster8, False
9.276477, Betrayal2, deleted 
9.276477, Betrayal12, AI
9.309736, Drunkard3, shoot, Foe4, False
9.459201, Bongfu9, deleted 
9.459201, Bongfu13, AI
9.609736, Foe4, shoot, Adjuster8, False
9.669737, Adjuster8, shoot, Player, False
9.709737, Alcoholic6, shoot, Drunkard3, False
9.774772, Lush11, deleted 
9.774772, Lush14, AI
10.43902, Juicehead5, deleted 
10.43902, Juicehead15, AI
10.90974, Alcoholic6, shoot, Betrayal12, False
11.12974, Alcoholic6, shoot, Alcoholic6, False
12.84974, Juicehead15, shoot, Bongfu13, False
12.86974, Drunkard3, shoot, Drunkard3, False
13.44974, Drunkard3, shoot, Drunkard3, False
13.72974, Betrayal12, shoot, Betrayal12, False
13.72974, Player, shoot, Player, False
13.92628, Coward1, deleted 
13.92628, Coward16, AI
14.46974, Player, shoot, Adjuster8, False
14.60974, Betrayal12, shoot, Betrayal12, False
14.84974, Alcoholic6, shoot, Juicehead15, False
15.04974, Foe4, shoot, Adjuster8, False
15.18974, Drunkard3, shoot, Foe4, False
15.56974, Player, shoot, Player, False
15.64974, Player, shoot, Adjuster8, False
16.04974, Drunkard3, shoot, Drunkard3, False
16.22974, Foe4, shoot, Adjuster8, False
16.30118, Bongfu13, deleted 
16.30118, Bongfu17, AI
16.42974, Drunkard3, shoot, Drunkard3, False
16.86594, Alcoholic6, deleted 
16.86594, Alcoholic18, AI
17.10974, Betrayal12, shoot, Betrayal12, False
17.14974, Drunkard3, shoot, Foe4, False
17.40974, Adjuster8, shoot, Foe4, False
17.40974, Adjuster8, shoot, Foe4, False
17.40974, Adjuster8, shoot, Foe4, False
17.56974, Adjuster8, shoot, Foe4, False
18.00974, Foe4, shoot, Adjuster8, True
18.00974, Adjuster8, shoot, Foe4, True
18.01194, Adjuster19, AI
18.02855, Foe20, AI
18.02974, Adjuster19, shoot, Foe20, False
18.02974, Foe20, shoot, Adjuster19, False
18.16974, Drunkard3, shoot, Drunkard3, False
18.42974, Player, shoot, Adjuster19, False
18.64974, Foe4, shoot, Coward16, False
19.16974, Player, shoot, Player, False
20.04974, Drunkard3, shoot, Drunkard3, False
20.24974, Foe20, shoot, Foe20, False
20.40974, Betrayal12, shoot, Player, True
20.54974, Adjuster19, shoot, Betrayal12, False
21.40974, Betrayal12, shoot, Betrayal12, False
21.60974, Foe20, shoot, Foe20, False
21.68974, Foe20, shoot, Foe20, False
23.52974, Adjuster19, shoot, Adjuster19, False
24.06974, Betrayal12, shoot, Coward16, False
24.26974, Betrayal12, shoot, Betrayal12, False
24.44974, Drunkard3, shoot, Foe20, False
Normal Close
