Game Time: 2022/2/17 18:00:38
Version: 1.0.0.2 with bullet collision times = 2
0, Player, player
0, Coward1, AI
0, Betrayal2, AI
0, Drunkard3, AI
0, Foe4, AI
0, Juicehead5, AI
0, Alcoholic6, AI
0, Lush7, AI
0, Adjuster8, AI
0, Bongfu9, AI
1.430264, Bongfu9, shoot, Player, False
2.710263, Alcoholic6, shoot, Alcoholic6, False
3.070263, Bongfu9, shoot, Juicehead5, False
3.230263, Player, shoot, Alcoholic6, False
3.690264, Foe4, shoot, Foe4, False
3.770263, Bongfu9, shoot, Adjuster8, False
4.570263, Betrayal2, shoot, Drunkard3, False
4.670263, Drunkard3, shoot, Betrayal2, False
6.730263, Adjuster8, shoot, Adjuster8, False
7.070263, Adjuster8, shoot, Player, False
7.638032, Coward1, deleted 
7.638032, Coward10, AI
8.110263, Adjuster8, shoot, Adjuster8, False
8.150264, Player, shoot, Drunkard3, False
8.670263, Alcoholic6, shoot, Foe4, False
9.332293, Lush7, deleted 
9.332293, Lush11, AI
9.897123, Bongfu9, deleted 
9.897123, Bongfu12, AI
10.07981, Juicehead5, deleted 
10.07981, Juicehead13, AI
10.17026, Player, shoot, Coward10, False
10.57026, Foe4, shoot, Adjuster8, False
10.89026, Juicehead13, shoot, Juicehead13, False
10.89026, Adjuster8, shoot, Foe4, False
11.45026, Foe4, shoot, Adjuster8, False
11.49026, Adjuster8, shoot, Player, False
12.09026, Coward10, shoot, Coward10, False
12.47026, Coward10, shoot, Adjuster8, False
12.65026, Adjuster8, shoot, Player, False
12.67026, Foe4, shoot, Adjuster8, False
14.47026, Adjuster8, shoot, Foe4, False
14.49026, Player, shoot, Adjuster8, False
14.86358, Bongfu12, deleted 
14.86358, Bongfu14, AI
15.07026, Adjuster8, shoot, Player, False
15.09026, Foe4, shoot, Adjuster8, False
15.95026, Adjuster8, shoot, Foe4, False
15.97026, Adjuster8, shoot, Player, False
16.27026, Player, shoot, Adjuster8, True
16.27533, Adjuster15, AI
16.42484, Juicehead13, deleted 
16.42484, Juicehead16, AI
16.43026, Juicehead16, shoot, Adjuster15, False
16.47026, Foe4, shoot, Bongfu14, False
16.65026, Alcoholic6, shoot, Lush11, False
18.21026, Player, shoot, Foe4, False
18.8334, Drunkard3, deleted 
18.8334, Drunkard17, AI
19.97026, Player, shoot, Foe4, False
20.41155, Coward10, deleted 
20.41155, Coward18, AI
21.09026, Adjuster15, shoot, Adjuster15, False
21.75026, Player, shoot, Foe4, False
22.19026, Foe4, shoot, Adjuster15, False
22.93657, Juicehead16, deleted 
22.93657, Juicehead19, AI
23.53026, Foe4, shoot, Adjuster15, False
23.57026, Foe4, get, Shield
23.59026, Coward18, shoot, Coward18, False
24.81026, Coward18, shoot, Coward18, False
25.27026, Player, shoot, Adjuster15, False
26.13026, Player, shoot, Player, False
26.69026, Coward18, shoot, Alcoholic6, False
26.77026, Foe4, shoot, Juicehead19, False
26.97362, Bongfu14, deleted 
26.97362, Bongfu20, AI
27.07026, Player, shoot, Adjuster15, False
27.25026, Lush11, shoot, Lush11, False
27.45026, Foe4, shoot, Adjuster15, False
27.59026, Foe4, shoot, Juicehead19, False
27.85026, Coward18, shoot, Coward18, False
28.07026, Player, shoot, Coward18, False
28.19026, Foe4, shoot, Juicehead19, False
28.19026, Foe4, shoot, Juicehead19, False
28.65172, Drunkard17, deleted 
28.65172, Drunkard21, AI
28.77026, Player, shoot, Player, False
28.89026, Foe4, shoot, Adjuster15, False
29.29026, Betrayal2, shoot, Bongfu20, False
30.03026, Juicehead19, shoot, Juicehead19, False
30.03065, Lush11, deleted 
30.03065, Lush22, AI
30.07026, Adjuster15, shoot, Foe4, False
30.37026, Player, shoot, Adjuster15, False
30.67026, Foe4, shoot, Adjuster15, True
30.67865, Adjuster23, AI
30.91026, Betrayal2, shoot, Adjuster23, False
31.05026, Adjuster15, shoot, Foe4, False
31.25026, Player, shoot, Foe4, True
31.26001, Foe24, AI
31.53026, Player, shoot, Player, False
32.51026, Foe24, shoot, Foe24, False
32.89026, Drunkard21, shoot, Drunkard21, False
33.05026, Alcoholic6, shoot, Adjuster23, False
33.53026, Player, shoot, Adjuster23, False
33.95026, Foe24, shoot, Adjuster23, False
34.35026, Foe24, shoot, Foe24, False
34.51026, Adjuster23, shoot, Player, False
34.99026, Adjuster23, get, Horse
35.28018, Juicehead19, deleted 
35.28018, Juicehead25, AI
35.49026, Bongfu20, shoot, Bongfu20, False
36.23026, Player, shoot, Foe24, False
36.44291, Coward18, deleted 
36.44291, Coward26, AI
36.63026, Adjuster23, shoot, Foe24, False
36.63026, Foe24, shoot, Adjuster23, False
36.81026, Adjuster23, get, Horse
37.55026, Foe24, shoot, Adjuster23, False
37.59026, Player, shoot, Adjuster23, False
37.81026, Foe24, shoot, Adjuster23, False
37.81026, Foe24, shoot, Adjuster23, False
38.03026, Alcoholic6, shoot, Coward26, False
38.39026, Foe24, shoot, Adjuster23, True
38.40328, Adjuster27, AI
38.43026, Foe24, get, Shield
38.65238, Juicehead25, deleted 
38.65238, Juicehead28, AI
39.93026, Player, shoot, Coward26, False
40.67026, Player, shoot, Drunkard21, False
41.51026, Alcoholic6, shoot, Drunkard21, False
41.59026, Foe24, shoot, Player, False
41.99026, Juicehead28, get, Shield
42.05761, Juicehead28, deleted 
42.05761, Juicehead29, AI
42.19026, Foe24, shoot, Player, True
Normal Close
