Game Time: 2022/2/17 17:43:19
Version: 1.0.0.2 with bullet collision times = 2
0, Player, player
0, Coward1, AI
0, Betrayal2, AI
0, Drunkard3, AI
0, Foe4, AI
0, Juicehead5, AI
0, Alcoholic6, AI
0, Lush7, AI
0, Adjuster8, AI
0, Bongfu9, AI
1.454753, Bongfu9, shoot, Player, False
2.514753, Foe4, shoot, Adjuster8, False
3.234753, Adjuster8, shoot, Bongfu9, False
3.634753, Foe4, shoot, Adjuster8, False
3.714753, Drunkard3, shoot, Drunkard3, False
3.894753, Juicehead5, shoot, Alcoholic6, False
4.194753, Adjuster8, shoot, Player, False
4.234753, Coward1, shoot, Drunkard3, False
4.274753, Player, shoot, Bongfu9, False
4.454752, Juicehead5, shoot, Bongfu9, False
4.614753, Alcoholic6, shoot, Bongfu9, False
6.347579, Lush7, deleted 
6.347579, Lush10, AI
6.894753, Adjuster8, shoot, Player, False
6.894753, Player, shoot, Adjuster8, False
7.294753, Adjuster8, shoot, Foe4, False
8.194753, Drunkard3, shoot, Bongfu9, False
8.774753, Drunkard3, shoot, Bongfu9, False
8.774753, Adjuster8, shoot, Player, False
9.059545, Lush10, deleted 
9.059545, Lush11, AI
9.723947, Bongfu9, deleted 
9.723947, Bongfu12, AI
10.27475, Foe4, shoot, Adjuster8, False
10.62088, Drunkard3, deleted 
10.62088, Drunkard13, AI
10.85475, Adjuster8, shoot, Foe4, False
10.87475, Player, shoot, Adjuster8, False
10.91475, Bongfu12, shoot, Bongfu12, False
11.55094, Betrayal2, deleted 
11.55094, Betrayal14, AI
11.86652, Lush11, deleted 
11.86652, Lush15, AI
12.31475, Player, shoot, Adjuster8, False
12.57475, Foe4, shoot, Adjuster8, False
12.63475, Player, shoot, Adjuster8, False
12.8631, Juicehead5, deleted 
12.8631, Juicehead16, AI
13.04577, Bongfu12, deleted 
13.04577, Bongfu17, AI
13.05475, Bongfu17, shoot, Juicehead16, False
14.13475, Foe4, shoot, Adjuster8, False
15.07475, Foe4, shoot, Adjuster8, True
15.08895, Adjuster18, AI
15.50408, Lush15, deleted 
15.50408, Lush19, AI
15.71475, Juicehead16, shoot, Lush19, False
16.58334, Bongfu17, deleted 
16.58334, Bongfu20, AI
18.11475, Betrayal14, shoot, Betrayal14, False
18.93475, Foe4, shoot, Alcoholic6, False
18.95807, Drunkard13, deleted 
18.95807, Drunkard21, AI
19.31475, Betrayal14, shoot, Betrayal14, False
19.87475, Player, shoot, Foe4, False
20.03475, Bongfu20, get, Shield
20.05475, Adjuster18, shoot, Foe4, False
20.07076, Lush19, deleted 
20.07076, Lush22, AI
20.10398, Bongfu20, deleted 
20.10398, Bongfu23, AI
20.11475, Bongfu23, shoot, Lush22, False
20.43608, Alcoholic6, deleted 
20.43608, Alcoholic24, AI
20.47475, Foe4, shoot, Adjuster18, False
20.91475, Foe4, shoot, Juicehead16, False
21.59475, Bongfu23, shoot, Lush22, False
21.61475, Adjuster18, get, Horse
21.61475, Player, shoot, Adjuster18, False
21.71475, Alcoholic24, shoot, Alcoholic24, False
22.27475, Coward1, shoot, Drunkard21, False
22.43475, Drunkard21, get, Horse
22.49525, Drunkard21, deleted 
22.49525, Drunkard25, AI
22.79475, Alcoholic24, shoot, Drunkard25, False
22.82735, Coward1, deleted 
22.82735, Coward26, AI
23.39475, Bongfu23, shoot, Lush22, False
23.51475, Drunkard25, shoot, Drunkard25, False
23.61475, Lush22, get, Shield
23.64083, Lush22, deleted 
23.64083, Lush27, AI
23.65475, Bongfu23, get, Horse
23.69475, Lush27, shoot, Drunkard25, False
23.70729, Bongfu23, deleted 
23.70729, Bongfu28, AI
23.71475, Bongfu28, shoot, Lush27, False
24.19475, Drunkard25, shoot, Alcoholic24, False
25.21475, Bongfu28, shoot, Lush27, False
25.39475, Foe4, shoot, Player, False
26.05475, Foe4, shoot, Adjuster18, False
26.33475, Foe4, shoot, Juicehead16, False
26.71475, Adjuster18, shoot, Foe4, False
26.97475, Betrayal14, shoot, Foe4, False
27.15475, Lush27, get, Horse
27.17708, Lush27, deleted 
27.17708, Lush29, AI
27.47475, Drunkard25, shoot, Alcoholic24, False
27.79475, Drunkard25, shoot, Alcoholic24, False
27.81475, Alcoholic24, shoot, Alcoholic24, False
28.05475, Foe4, shoot, Adjuster18, False
28.27475, Drunkard25, shoot, Drunkard25, False
29.15475, Player, shoot, Alcoholic24, False
29.53475, Player, shoot, Drunkard25, False
29.85475, Drunkard25, shoot, Alcoholic24, False
30.43475, Alcoholic24, shoot, Alcoholic24, False
30.66393, Lush29, deleted 
30.66393, Lush30, AI
30.67475, Adjuster18, shoot, Foe4, False
31.43475, Foe4, shoot, Bongfu28, False
31.91475, Alcoholic24, shoot, Drunkard25, False
32.15475, Foe4, shoot, Foe4, False
32.17475, Foe4, shoot, Adjuster18, False
32.59475, Alcoholic24, shoot, Betrayal14, False
32.59475, Drunkard25, shoot, Drunkard25, False
32.65475, Drunkard25, shoot, Drunkard25, False
33.07475, Foe4, shoot, Adjuster18, False
34.11475, Lush30, get, Horse
34.11475, Lush30, get, Shield
34.15475, Juicehead16, shoot, Drunkard25, False
34.18466, Lush30, deleted 
34.18466, Lush31, AI
34.25475, Adjuster18, shoot, Player, False
34.31475, Alcoholic24, shoot, Bongfu28, False
34.37475, Juicehead16, shoot, Juicehead16, False
34.83475, Adjuster18, shoot, Adjuster18, False
34.87475, Foe4, shoot, Adjuster18, False
35.03475, Adjuster18, shoot, Player, False
36.07475, Player, shoot, Adjuster18, False
36.09475, Adjuster18, shoot, Foe4, False
37.03475, Foe4, shoot, Lush31, False
37.57475, Adjuster18, shoot, Player, False
37.59475, Lush31, get, Shield
37.62227, Lush31, deleted 
37.62227, Lush32, AI
37.67475, Adjuster18, shoot, Foe4, False
37.83475, Betrayal14, shoot, Coward26, False
37.87475, Player, shoot, Adjuster18, True
37.88807, Adjuster33, AI
38.03475, Adjuster33, shoot, Adjuster33, False
38.37475, Foe4, shoot, Adjuster33, False
38.39475, Foe4, shoot, Alcoholic24, False
38.43475, Drunkard25, shoot, Betrayal14, False
38.63475, Alcoholic24, shoot, Alcoholic24, False
39.23475, Foe4, shoot, Juicehead16, False
39.71475, Lush32, shoot, Lush32, False
40.39558, Bongfu28, deleted 
40.39558, Bongfu34, AI
40.79475, Alcoholic24, shoot, Juicehead16, False
40.91475, Betrayal14, shoot, Adjuster33, False
40.91475, Lush32, shoot, Lush32, False
41.21475, Lush32, shoot, Lush32, False
41.5418, Drunkard25, deleted 
41.5418, Drunkard35, AI
41.55475, Drunkard35, shoot, Lush32, False
41.57475, Alcoholic24, get, Shield
41.64138, Alcoholic24, deleted 
41.64138, Alcoholic36, AI
41.65475, Alcoholic36, shoot, Drunkard35, False
41.83475, Adjuster33, shoot, Foe4, True
41.84064, Foe37, AI
41.93475, Foe37, shoot, Alcoholic36, False
42.03475, Betrayal14, shoot, Adjuster33, False
42.09475, Adjuster33, get, Shield
42.19475, Player, shoot, Betrayal14, False
42.23475, Player, shoot, Player, False
42.33475, Betrayal14, shoot, Player, False
43.33475, Foe4, shoot, Juicehead16, False
43.79475, Player, shoot, Bongfu34, False
44.07475, Adjuster33, shoot, Betrayal14, False
44.83475, Player, shoot, Bongfu34, False
45.11475, Player, shoot, Player, False
45.31475, Betrayal14, shoot, Betrayal14, False
45.37475, Adjuster33, shoot, Foe37, False
45.54435, Drunkard35, deleted 
45.54435, Drunkard38, AI
45.71475, Juicehead16, shoot, Lush32, False
45.83475, Player, shoot, Player, False
46.29475, Player, shoot, Player, True
46.47475, Player, shoot, Foe37, False
46.49475, Adjuster33, shoot, Foe37, False
46.85475, Adjuster33, shoot, Foe37, False
46.85475, Adjuster33, shoot, Foe37, False
Normal Close
