Game Time: 2022/2/17 17:46:34
Version: 1.0.0.2 with bullet collision times = 2
0, Player, player
0, Coward1, AI
0, Betrayal2, AI
0, Drunkard3, AI
0, Foe4, AI
0, Juicehead5, AI
0, Alcoholic6, AI
0, Lush7, AI
0, Adjuster8, AI
0, Bongfu9, AI
1.425733, Bongfu9, shoot, Player, False
2.425733, Drunkard3, shoot, Betrayal2, False
3.605733, Adjuster8, shoot, Player, False
3.605733, Player, shoot, Adjuster8, False
3.705733, Bongfu9, shoot, Bongfu9, False
3.845733, Adjuster8, shoot, Bongfu9, False
4.805733, Adjuster8, shoot, Foe4, False
5.189379, Lush7, deleted 
5.189379, Lush10, AI
6.845733, Betrayal2, shoot, Betrayal2, False
7.946644, Lush10, deleted 
7.946644, Lush11, AI
8.046259, Juicehead5, deleted 
8.046259, Juicehead12, AI
8.465733, Adjuster8, shoot, Foe4, False
9.085732, Adjuster8, shoot, Foe4, False
9.605733, Betrayal2, shoot, Betrayal2, False
10.12236, Alcoholic6, deleted 
10.12236, Alcoholic13, AI
10.38573, Betrayal2, shoot, Foe4, False
10.47115, Bongfu9, deleted 
10.47115, Bongfu14, AI
10.54573, Foe4, shoot, Adjuster8, False
10.75359, Lush11, deleted 
10.75359, Lush15, AI
10.83662, Juicehead12, deleted 
10.83662, Juicehead16, AI
10.84573, Juicehead16, shoot, Lush15, False
11.44573, Drunkard3, shoot, Player, False
12.64573, Adjuster8, shoot, Player, False
12.88573, Alcoholic13, shoot, Alcoholic13, False
13.04573, Betrayal2, shoot, Foe4, False
13.26573, Foe4, shoot, Adjuster8, False
13.89292, Lush15, deleted 
13.89292, Lush17, AI
14.16573, Adjuster8, shoot, Player, False
14.16573, Foe4, shoot, Adjuster8, False
14.30827, Juicehead16, deleted 
14.30827, Juicehead18, AI
14.46573, Player, shoot, Adjuster8, False
15.18573, Foe4, shoot, Player, False
15.90573, Player, shoot, Adjuster8, False
16.26573, Adjuster8, shoot, Foe4, False
16.85014, Betrayal2, deleted 
16.85014, Betrayal19, AI
16.88573, Foe4, shoot, Adjuster8, False
17.72573, Foe4, shoot, Adjuster8, False
17.94652, Lush17, deleted 
17.94652, Lush20, AI
18.06573, Foe4, shoot, Adjuster8, False
19.56573, Adjuster8, shoot, Player, False
19.58573, Adjuster8, shoot, Foe4, False
19.86573, Player, shoot, Adjuster8, True
19.87296, Adjuster21, AI
21.00573, Juicehead18, shoot, Juicehead18, False
21.76573, Betrayal19, shoot, Betrayal19, False
22.26573, Player, shoot, Foe4, False
22.48573, Player, shoot, Adjuster21, False
22.58026, Bongfu14, deleted 
22.58026, Bongfu22, AI
23.58573, Lush20, shoot, Bongfu22, False
23.60573, Foe4, shoot, Adjuster21, False
23.68573, Alcoholic13, shoot, Adjuster21, False
23.78573, Adjuster21, shoot, Player, False
24.14573, Foe4, shoot, Coward1, False
24.18573, Adjuster21, shoot, Foe4, False
24.22573, Player, shoot, Foe4, True
24.24131, Foe23, AI
24.72573, Player, shoot, Juicehead18, False
25.60573, Betrayal19, shoot, Betrayal19, False
25.84573, Alcoholic13, shoot, Alcoholic13, False
25.92573, Betrayal19, shoot, Betrayal19, False
25.96573, Player, shoot, Bongfu22, False
26.00573, Coward1, shoot, Coward1, False
26.40573, Player, shoot, Player, False
26.96573, Bongfu22, shoot, Bongfu22, False
27.64573, Player, shoot, Player, False
27.70573, Adjuster21, shoot, Adjuster21, False
28.08573, Betrayal19, shoot, Betrayal19, False
28.30573, Alcoholic13, shoot, Foe23, False
28.60573, Foe23, get, Horse
28.60573, Bongfu22, shoot, Bongfu22, False
28.68573, Player, shoot, Alcoholic13, False
28.78573, Adjuster21, shoot, Bongfu22, False
28.78573, Adjuster21, shoot, Bongfu22, False
28.78573, Adjuster21, shoot, Bongfu22, False
28.78573, Bongfu22, shoot, Adjuster21, False
28.78573, Bongfu22, shoot, Adjuster21, False
28.78573, Bongfu22, shoot, Adjuster21, False
28.92573, Player, shoot, Player, True
29.54573, Player, shoot, Alcoholic13, False
Normal Close
