Game Time: 2022/2/17 17:59:45
Version: 1.0.0.2 with bullet collision times = 2
0, Player, player
0, Coward1, AI
0, Betrayal2, AI
0, Drunkard3, AI
0, Foe4, AI
0, Juicehead5, AI
0, Alcoholic6, AI
0, Lush7, AI
0, Adjuster8, AI
0, Bongfu9, AI
1.007645, Bongfu9, shoot, Bongfu9, False
1.367645, Player, shoot, Player, False
3.587645, Adjuster8, shoot, Foe4, False
4.847645, Foe4, shoot, Adjuster8, False
5.167645, Player, shoot, Coward1, False
5.507645, Juicehead5, shoot, Juicehead5, False
5.787645, Player, shoot, Coward1, False
7.007645, Player, shoot, Coward1, False
7.307645, Juicehead5, shoot, Juicehead5, False
7.547645, Coward1, shoot, Adjuster8, False
7.627645, Player, shoot, Coward1, False
7.707809, Betrayal2, deleted 
7.707809, Betrayal10, AI
8.507645, Foe4, shoot, Adjuster8, False
9.107645, Juicehead5, shoot, Juicehead5, False
9.527645, Betrayal10, shoot, Coward1, False
10.80764, Adjuster8, shoot, Player, False
10.86246, Drunkard3, deleted 
10.86246, Drunkard11, AI
11.28765, Player, shoot, Coward1, False
11.52765, Adjuster8, shoot, Player, False
11.54764, Coward1, shoot, Lush7, False
11.76764, Coward1, shoot, Betrayal10, False
11.82765, Coward1, shoot, Foe4, False
12.12765, Foe4, shoot, Adjuster8, False
12.30764, Adjuster8, shoot, Foe4, False
12.42764, Betrayal10, shoot, Foe4, False
12.60765, Player, shoot, Coward1, False
12.64764, Adjuster8, shoot, Player, False
12.66765, Coward1, shoot, Foe4, False
13.24765, Adjuster8, shoot, Foe4, False
13.24765, Coward1, shoot, Foe4, False
13.92764, Player, shoot, Player, False
14.20061, Bongfu9, deleted 
14.20061, Bongfu12, AI
14.46764, Player, shoot, Adjuster8, False
14.48765, Foe4, shoot, Foe4, False
15.12764, Player, shoot, Player, False
15.62764, Foe4, shoot, Adjuster8, False
16.40764, Alcoholic6, shoot, Alcoholic6, False
17.60765, Player, shoot, Player, False
18.20765, Adjuster8, shoot, Player, False
18.32764, Lush7, shoot, Lush7, False
19.52765, Player, shoot, Adjuster8, False
19.80765, Foe4, shoot, Adjuster8, False
19.80765, Adjuster8, shoot, Foe4, False
19.82964, Bongfu12, deleted 
19.82964, Bongfu13, AI
19.90764, Player, shoot, Adjuster8, False
20.16183, Coward1, deleted 
20.16183, Coward14, AI
21.02765, Adjuster8, shoot, Player, False
21.06764, Adjuster8, shoot, Player, False
21.19124, Betrayal10, deleted 
21.19124, Betrayal15, AI
21.22764, Adjuster8, shoot, Adjuster8, True
21.24096, Adjuster16, AI
21.24764, Adjuster8, shoot, Player, True
21.50764, Foe4, shoot, Bongfu13, False
22.18764, Foe4, shoot, Foe4, False
22.46765, Adjuster8, shoot, Lush7, False
22.72764, Foe4, shoot, Lush7, False
23.44765, Foe4, shoot, Coward14, False
23.50764, Adjuster16, shoot, Adjuster16, False
25.60765, Bongfu13, shoot, Bongfu13, False
Normal Close
