Game Time: 2022/2/17 17:41:15
Version: 1.0.0.2 with bullet collision times = 2
0, Player, player
0, Coward1, AI
0, Betrayal2, AI
0, Drunkard3, AI
0, Foe4, AI
0, Juicehead5, AI
0, Alcoholic6, AI
0, Lush7, AI
0, Adjuster8, AI
0, Bongfu9, AI
1.436783, Bongfu9, shoot, Player, False
2.236783, Coward1, shoot, Coward1, False
2.376783, Bongfu9, shoot, Player, False
3.596783, Bongfu9, shoot, Player, False
3.596783, Adjuster8, shoot, Lush7, False
3.736783, Coward1, shoot, Bongfu9, False
4.096783, Lush7, shoot, Bongfu9, False
5.396783, Drunkard3, shoot, Juicehead5, False
5.796783, Juicehead5, shoot, Bongfu9, False
5.996783, Player, shoot, Drunkard3, False
6.676783, Juicehead5, shoot, Bongfu9, False
7.836783, Drunkard3, shoot, Drunkard3, False
8.192105, Betrayal2, deleted 
8.192105, Betrayal10, AI
8.616783, Coward1, shoot, Coward1, False
9.487523, Alcoholic6, deleted 
9.487523, Alcoholic11, AI
10.11678, Drunkard3, shoot, Drunkard3, False
10.51678, Player, shoot, Drunkard3, False
11.11678, Adjuster8, shoot, Betrayal10, False
11.38176, Lush7, deleted 
11.38176, Lush12, AI
12.21678, Player, shoot, Drunkard3, False
12.49678, Player, shoot, Drunkard3, False
12.71678, Foe4, shoot, Foe4, False
13.05678, Player, shoot, Drunkard3, False
13.43678, Bongfu9, shoot, Adjuster8, False
13.47678, Coward1, shoot, Coward1, False
13.87678, Player, shoot, Drunkard3, False
13.91678, Foe4, shoot, Foe4, False
14.18984, Alcoholic11, deleted 
14.18984, Alcoholic13, AI
14.21678, Foe4, shoot, Foe4, False
14.61678, Bongfu9, shoot, Bongfu9, False
14.87049, Juicehead5, deleted 
14.87049, Juicehead14, AI
14.97678, Juicehead14, shoot, Alcoholic13, False
15.01678, Bongfu9, shoot, Bongfu9, False
15.07678, Foe4, shoot, Adjuster8, False
15.08631, Lush12, deleted 
15.08631, Lush15, AI
15.09678, Drunkard3, shoot, Drunkard3, False
15.21678, Foe4, shoot, Foe4, False
15.67678, Player, shoot, Drunkard3, True
15.68396, Drunkard16, AI
15.99678, Alcoholic13, shoot, Alcoholic13, False
16.09678, Foe4, shoot, Player, False
16.75678, Bongfu9, shoot, Bongfu9, False
16.89678, Foe4, shoot, Adjuster8, False
18.07678, Player, shoot, Adjuster8, False
18.39678, Coward1, shoot, Player, False
18.65678, Foe4, shoot, Adjuster8, False
18.98749, Lush15, deleted 
18.98749, Lush17, AI
19.15678, Bongfu9, shoot, Betrayal10, False
19.31678, Coward1, shoot, Foe4, False
19.85678, Foe4, shoot, Adjuster8, False
20.23678, Coward1, shoot, Juicehead14, False
20.63678, Alcoholic13, shoot, Alcoholic13, False
21.65678, Player, shoot, Adjuster8, False
21.71678, Bongfu9, shoot, Bongfu9, False
22.27678, Adjuster8, shoot, Player, False
22.33678, Adjuster8, shoot, Juicehead14, False
23.17678, Adjuster8, shoot, Foe4, False
23.19678, Bongfu9, shoot, Player, False
23.47678, Player, shoot, Adjuster8, False
23.73678, Player, shoot, Player, False
24.05678, Player, shoot, Adjuster8, False
24.65678, Adjuster8, shoot, Foe4, False
24.69678, Adjuster8, shoot, Player, False
24.99678, Juicehead14, shoot, Juicehead14, False
25.31678, Juicehead14, shoot, Juicehead14, False
25.53678, Player, shoot, Player, False
26.93678, Player, shoot, Juicehead14, False
27.07678, Foe4, shoot, Adjuster8, True
27.07678, Player, shoot, Player, True
27.27678, Juicehead14, shoot, Juicehead14, False
27.43678, Player, shoot, Coward1, False
27.65678, Adjuster8, shoot, Lush17, False
28.27678, Foe4, shoot, Foe4, False
28.31678, Lush17, shoot, Lush17, False
28.33678, Coward1, shoot, Coward1, False
28.57678, Alcoholic13, shoot, Bongfu9, False
Normal Close
