Game Time: 2022/2/17 17:50:36
Version: 1.0.0.2 with bullet collision times = 2
0, Player, player
0, Coward1, AI
0, Betrayal2, AI
0, Drunkard3, AI
0, Foe4, AI
0, Juicehead5, AI
0, Alcoholic6, AI
0, Lush7, AI
0, Adjuster8, AI
0, Bongfu9, AI
1.461234, Bongfu9, shoot, Bongfu9, False
2.741234, Juicehead5, shoot, Coward1, False
3.841234, Drunkard3, shoot, Coward1, False
4.521235, Coward1, shoot, Foe4, False
7.281234, Foe4, shoot, Adjuster8, False
7.461234, Foe4, shoot, Foe4, False
7.974871, Lush7, deleted 
7.974871, Lush10, AI
8.423288, Alcoholic6, deleted 
8.423288, Alcoholic11, AI
8.688988, Bongfu9, deleted 
8.688988, Bongfu12, AI
8.781234, Foe4, shoot, Adjuster8, False
9.021235, Juicehead5, shoot, Lush10, False
9.181234, Coward1, shoot, Betrayal2, False
9.221234, Bongfu12, shoot, Alcoholic11, False
9.761234, Coward1, shoot, Betrayal2, False
11.0134, Drunkard3, deleted 
11.0134, Drunkard13, AI
11.82123, Betrayal2, shoot, Betrayal2, False
11.97642, Alcoholic11, deleted 
11.97642, Alcoholic14, AI
12.68123, Foe4, shoot, Adjuster8, False
12.69054, Bongfu12, deleted 
12.69054, Bongfu15, AI
13.60123, Bongfu15, shoot, Alcoholic14, False
13.96123, Coward1, shoot, Betrayal2, False
14.18123, Foe4, shoot, Adjuster8, False
14.46123, Adjuster8, shoot, Player, False
14.50123, Foe4, shoot, Adjuster8, False
15.28123, Bongfu15, shoot, Alcoholic14, False
15.46123, Alcoholic14, get, Horse
15.51305, Alcoholic14, deleted 
15.51305, Alcoholic16, AI
16.40972, Bongfu15, deleted 
16.40972, Bongfu17, AI
16.86123, Adjuster8, shoot, Player, False
18.08123, Adjuster8, shoot, Foe4, False
18.86123, Foe4, shoot, Betrayal2, False
19.00123, Alcoholic16, get, Horse
19.05014, Alcoholic16, deleted 
19.05014, Alcoholic18, AI
19.18123, Betrayal2, shoot, Coward1, False
19.36123, Coward1, shoot, Juicehead5, False
19.52123, Player, shoot, Adjuster8, False
20.10123, Bongfu17, get, Horse
20.10123, Foe4, shoot, Betrayal2, False
20.12971, Bongfu17, deleted 
20.12971, Bongfu19, AI
20.44123, Foe4, shoot, Adjuster8, False
21.34123, Foe4, shoot, Adjuster8, False
21.40123, Adjuster8, shoot, Player, False
21.44123, Coward1, shoot, Coward1, False
21.62431, Lush10, deleted 
21.62431, Lush20, AI
22.90309, Juicehead5, deleted 
22.90309, Juicehead21, AI
23.06123, Betrayal2, shoot, Lush20, False
23.48123, Adjuster8, shoot, Player, False
23.52123, Alcoholic18, shoot, Alcoholic18, False
24.10123, Adjuster8, shoot, Foe4, False
24.48123, Player, shoot, Alcoholic18, False
24.68123, Adjuster8, shoot, Player, False
25.00123, Adjuster8, shoot, Player, False
25.21145, Drunkard13, deleted 
25.21145, Drunkard22, AI
25.30123, Foe4, shoot, Adjuster8, False
25.57686, Betrayal2, deleted 
25.57686, Betrayal23, AI
26.07499, Lush20, deleted 
26.07499, Lush24, AI
26.74123, Adjuster8, shoot, Player, False
27.02123, Foe4, shoot, Adjuster8, True
27.02151, Adjuster25, AI
27.38123, Foe4, get, Horse
27.76123, Player, shoot, Foe4, False
28.21705, Coward1, deleted 
28.21705, Coward26, AI
28.22123, Adjuster8, shoot, Drunkard22, False
28.62123, Player, shoot, Drunkard22, False
28.92123, Adjuster25, shoot, Adjuster25, False
29.54123, Betrayal23, shoot, Betrayal23, False
30.12123, Adjuster25, shoot, Adjuster25, False
30.42123, Player, shoot, Foe4, False
30.42123, Adjuster25, shoot, Adjuster25, False
30.72123, Adjuster25, shoot, Adjuster25, False
31.10123, Foe4, shoot, Alcoholic18, False
31.32123, Adjuster25, shoot, Adjuster25, False
31.57124, Alcoholic18, deleted 
31.57124, Alcoholic27, AI
31.80123, Bongfu19, shoot, Bongfu19, False
31.96123, Drunkard22, shoot, Drunkard22, False
32.22123, Adjuster25, shoot, Adjuster25, False
32.30124, Player, shoot, Drunkard22, False
32.52123, Adjuster25, shoot, Adjuster25, False
32.98124, Drunkard22, shoot, Coward26, False
33.10123, Adjuster25, shoot, Adjuster25, False
33.16123, Player, shoot, Juicehead21, False
34.01212, Lush24, deleted 
34.01212, Lush28, AI
34.02123, Juicehead21, shoot, Alcoholic27, False
34.02123, Adjuster25, shoot, Adjuster25, False
34.69293, Betrayal23, deleted 
34.69293, Betrayal29, AI
35.52123, Betrayal29, shoot, Lush28, False
36.22123, Drunkard22, shoot, Foe4, False
36.28123, Adjuster25, shoot, Drunkard22, False
36.50315, Bongfu19, deleted 
36.50315, Bongfu30, AI
36.64124, Foe4, shoot, Adjuster25, True
36.65271, Adjuster31, AI
37.92123, Coward26, shoot, Coward26, False
37.96124, Drunkard22, shoot, Alcoholic27, False
38.30124, Adjuster31, shoot, Adjuster31, False
38.78123, Betrayal29, shoot, Betrayal29, False
39.00123, Player, shoot, Adjuster31, False
39.02123, Foe4, shoot, Foe4, False
39.16123, Juicehead21, shoot, Juicehead21, False
40.34123, Adjuster31, get, Horse
40.46124, Adjuster31, shoot, Player, False
42.02123, Player, shoot, Adjuster31, False
42.10123, Coward26, shoot, Coward26, False
43.02123, Coward26, shoot, Coward26, False
43.86123, Player, shoot, Adjuster31, False
44.28123, Coward26, shoot, Adjuster31, False
44.78123, Player, shoot, Adjuster31, False
44.92123, Foe4, shoot, Player, False
45.00855, Bongfu30, deleted 
45.00855, Bongfu32, AI
45.18123, Player, shoot, Adjuster31, False
45.30124, Adjuster31, shoot, Player, False
45.90123, Drunkard22, shoot, Drunkard22, False
46.82123, Player, shoot, Adjuster31, False
46.86123, Player, shoot, Adjuster31, False
46.98123, Coward26, shoot, Betrayal29, False
47.23451, Alcoholic27, deleted 
47.23451, Alcoholic33, AI
47.40123, Bongfu32, shoot, Bongfu32, False
48.32123, Adjuster31, shoot, Foe4, False
48.32123, Adjuster31, shoot, Foe4, False
48.64644, Lush28, deleted 
48.64644, Lush34, AI
48.72123, Foe4, shoot, Adjuster31, True
48.72944, Adjuster35, AI
48.74123, Adjuster35, shoot, Lush34, False
48.96124, Foe4, shoot, Player, True
49.04123, Foe4, get, Horse
Normal Close
