Game Time: 2022/2/17 17:44:45
Version: 1.0.0.2 with bullet collision times = 2
0, Player, player
0, Coward1, AI
0, Betrayal2, AI
0, Drunkard3, AI
0, Foe4, AI
0, Juicehead5, AI
0, Alcoholic6, AI
0, Lush7, AI
0, Adjuster8, AI
0, Bongfu9, AI
1.235271, Coward1, shoot, Adjuster8, False
1.415271, Alcoholic6, shoot, Betrayal2, False
1.435271, Bongfu9, shoot, Player, False
1.915271, Alcoholic6, shoot, Alcoholic6, False
1.995271, Foe4, shoot, Lush7, False
2.475271, Bongfu9, shoot, Player, False
2.675271, Adjuster8, shoot, Adjuster8, False
3.115271, Alcoholic6, shoot, Alcoholic6, False
3.415271, Alcoholic6, shoot, Alcoholic6, False
3.595271, Bongfu9, shoot, Player, False
4.415271, Player, shoot, Bongfu9, False
4.575271, Juicehead5, shoot, Juicehead5, False
5.97157, Betrayal2, deleted 
5.97157, Betrayal10, AI
7.075271, Juicehead5, shoot, Adjuster8, False
7.315271, Player, shoot, Adjuster8, False
7.881089, Lush7, deleted 
7.881089, Lush11, AI
7.897691, Coward1, deleted 
7.897691, Coward12, AI
8.960526, Alcoholic6, deleted 
8.960526, Alcoholic13, AI
8.995271, Coward12, shoot, Lush11, False
9.075271, Adjuster8, shoot, Player, False
10.32235, Bongfu9, deleted 
10.32235, Bongfu14, AI
10.62123, Drunkard3, deleted 
10.62123, Drunkard15, AI
10.81527, Coward12, shoot, Lush11, False
10.89527, Player, shoot, Adjuster8, False
11.19527, Adjuster8, shoot, Betrayal10, False
11.29527, Betrayal10, shoot, Foe4, False
11.47527, Adjuster8, shoot, Player, False
12.23527, Alcoholic13, shoot, Lush11, False
12.84661, Coward12, deleted 
12.84661, Coward16, AI
12.86322, Lush11, deleted 
12.86322, Lush17, AI
12.87527, Coward16, shoot, Lush17, False
12.87527, Lush17, shoot, Coward16, False
13.27527, Adjuster8, shoot, Player, False
14.22507, Drunkard15, deleted 
14.22507, Drunkard18, AI
14.29527, Foe4, shoot, Foe4, False
15.07527, Foe4, shoot, Adjuster8, False
15.3376, Alcoholic13, deleted 
15.3376, Alcoholic19, AI
16.27527, Adjuster8, shoot, Foe4, False
16.29527, Player, shoot, Adjuster8, False
16.40054, Betrayal10, deleted 
16.40054, Betrayal20, AI
17.77527, Adjuster8, shoot, Player, False
18.16074, Lush17, deleted 
18.16074, Lush21, AI
19.55527, Foe4, shoot, Adjuster8, False
19.62188, Juicehead5, deleted 
19.62188, Juicehead22, AI
19.97527, Adjuster8, shoot, Betrayal20, False
20.07527, Juicehead22, shoot, Juicehead22, False
20.25527, Bongfu14, shoot, Bongfu14, False
20.45527, Foe4, shoot, Adjuster8, False
21.05527, Adjuster8, shoot, Player, False
21.11527, Juicehead22, shoot, Juicehead22, False
21.36521, Coward16, deleted 
21.36521, Coward23, AI
21.41527, Juicehead22, shoot, Juicehead22, False
21.55527, Bongfu14, shoot, Bongfu14, False
21.71527, Bongfu14, shoot, Bongfu14, False
22.23527, Foe4, shoot, Adjuster8, True
22.24529, Adjuster24, AI
23.21527, Betrayal20, shoot, Betrayal20, False
23.47527, Player, shoot, Foe4, False
23.89527, Juicehead22, shoot, Coward23, False
24.09527, Player, shoot, Foe4, False
24.78588, Lush21, deleted 
24.78588, Lush25, AI
24.86888, Drunkard18, deleted 
24.86888, Drunkard26, AI
25.29527, Adjuster24, shoot, Adjuster24, False
25.31527, Player, shoot, Foe4, False
25.49527, Lush25, shoot, Lush25, False
25.63527, Player, shoot, Juicehead22, False
26.01527, Foe4, shoot, Juicehead22, False
26.55527, Player, shoot, Bongfu14, False
26.77527, Player, shoot, Foe4, False
27.05527, Coward23, shoot, Coward23, False
27.71527, Juicehead22, shoot, Coward23, False
28.05527, Juicehead22, shoot, Coward23, False
28.29527, Adjuster24, get, Horse
28.29527, Lush25, shoot, Lush25, False
28.33527, Juicehead22, shoot, Coward23, False
28.51527, Drunkard26, shoot, Player, False
29.65527, Bongfu14, shoot, Bongfu14, False
30.01527, Player, shoot, Adjuster24, False
30.31527, Player, shoot, Adjuster24, False
30.61527, Foe4, shoot, Adjuster24, False
30.75527, Bongfu14, shoot, Coward23, False
30.91527, Bongfu14, shoot, Coward23, False
31.87581, Juicehead22, deleted 
31.87581, Juicehead27, AI
32.45527, Foe4, shoot, Adjuster24, False
32.85527, Alcoholic19, shoot, Lush25, False
33.67527, Player, shoot, Adjuster24, False
33.91527, Foe4, shoot, Drunkard26, False
34.15527, Player, shoot, Lush25, False
34.21527, Adjuster24, shoot, Drunkard26, False
34.21527, Adjuster24, shoot, Drunkard26, False
34.23527, Player, shoot, Adjuster24, False
34.45, Lush25, deleted 
34.45, Lush28, AI
34.59947, Bongfu14, deleted 
34.59947, Bongfu29, AI
34.9483, Alcoholic19, deleted 
34.9483, Alcoholic30, AI
35.01527, Bongfu29, shoot, Bongfu29, False
35.45527, Player, shoot, Adjuster24, False
35.51527, Bongfu29, shoot, Bongfu29, False
35.81527, Bongfu29, shoot, Bongfu29, False
36.05527, Foe4, shoot, Adjuster24, False
36.59527, Player, shoot, Drunkard26, False
36.84179, Coward23, deleted 
36.84179, Coward31, AI
37.05527, Player, shoot, Drunkard26, False
37.59527, Adjuster24, shoot, Foe4, False
38.49527, Player, shoot, Adjuster24, True
38.50241, Adjuster32, AI
38.51527, Bongfu29, shoot, Bongfu29, False
38.65527, Drunkard26, shoot, Bongfu29, False
39.39527, Player, shoot, Foe4, False
39.51527, Foe4, shoot, Bongfu29, False
39.83527, Drunkard26, shoot, Alcoholic30, False
40.15527, Foe4, shoot, Alcoholic30, False
40.97527, Bongfu29, shoot, Bongfu29, False
41.31527, Player, shoot, Foe4, False
41.359, Lush28, deleted 
41.359, Lush33, AI
41.53527, Foe4, shoot, Player, False
42.69527, Player, shoot, Foe4, False
42.75527, Betrayal20, shoot, Player, False
43.96652, Juicehead27, deleted 
43.96652, Juicehead34, AI
44.27527, Drunkard26, shoot, Drunkard26, False
44.71527, Foe4, shoot, Adjuster32, False
44.73527, Player, shoot, Adjuster32, False
44.73527, Player, shoot, Adjuster32, False
44.95527, Adjuster32, get, Horse
45.27527, Juicehead34, shoot, Juicehead34, False
45.39527, Adjuster32, shoot, Betrayal20, False
45.87527, Bongfu29, get, Shield
45.92622, Bongfu29, deleted 
45.92622, Bongfu35, AI
45.94282, Alcoholic30, deleted 
45.94282, Alcoholic36, AI
45.99527, Adjuster32, shoot, Foe4, True
46.00922, Foe37, AI
46.45527, Player, shoot, Player, True
46.91527, Alcoholic36, shoot, Alcoholic36, False
46.97527, Lush33, shoot, Drunkard26, False
47.33527, Bongfu35, shoot, Alcoholic36, False
47.39527, Drunkard26, shoot, Drunkard26, False
47.51527, Alcoholic36, shoot, Alcoholic36, False
Normal Close
