Game Time: 2022/2/17 17:58:50
Version: 1.0.0.2 with bullet collision times = 2
0, Player, player
0, Coward1, AI
0, Betrayal2, AI
0, Drunkard3, AI
0, Foe4, AI
0, Juicehead5, AI
0, Alcoholic6, AI
0, Lush7, AI
0, Adjuster8, AI
0, Bongfu9, AI
1.429587, Bongfu9, shoot, Player, False
1.969587, Bongfu9, shoot, Bongfu9, False
2.109587, Lush7, shoot, Lush7, False
2.549587, Adjuster8, shoot, Foe4, False
2.729587, Alcoholic6, shoot, Player, False
2.849587, Foe4, shoot, Coward1, False
3.409587, Foe4, shoot, Player, False
3.589587, Adjuster8, shoot, Foe4, False
3.589587, Foe4, shoot, Adjuster8, False
3.709587, Drunkard3, shoot, Drunkard3, False
3.709587, Player, shoot, Adjuster8, False
4.349586, Adjuster8, shoot, Foe4, False
4.909586, Drunkard3, shoot, Drunkard3, False
5.249587, Drunkard3, shoot, Drunkard3, False
5.317292, Juicehead5, deleted 
5.317292, Juicehead10, AI
6.389586, Player, shoot, Bongfu9, False
6.809587, Coward1, shoot, Coward1, False
7.269587, Player, shoot, Adjuster8, False
7.329587, Drunkard3, shoot, Coward1, False
7.889586, Drunkard3, shoot, Drunkard3, False
8.040614, Juicehead10, deleted 
8.040614, Juicehead11, AI
8.189587, Player, shoot, Betrayal2, False
8.769587, Foe4, shoot, Adjuster8, False
9.149587, Adjuster8, shoot, Adjuster8, False
9.489587, Drunkard3, shoot, Player, False
10.20959, Player, shoot, Drunkard3, False
10.56959, Adjuster8, shoot, Foe4, False
10.66959, Betrayal2, shoot, Betrayal2, False
10.78959, Drunkard3, shoot, Adjuster8, False
10.96959, Adjuster8, shoot, Adjuster8, False
11.17954, Bongfu9, deleted 
11.17954, Bongfu12, AI
11.41196, Juicehead11, deleted 
11.41196, Juicehead13, AI
11.52959, Drunkard3, shoot, Drunkard3, False
11.56959, Adjuster8, shoot, Adjuster8, False
12.00959, Foe4, shoot, Drunkard3, False
12.06959, Adjuster8, shoot, Foe4, False
12.2589, Coward1, deleted 
12.2589, Coward14, AI
12.66959, Player, shoot, Adjuster8, False
12.74959, Adjuster8, shoot, Adjuster8, True
12.7572, Adjuster15, AI
12.86959, Adjuster15, shoot, Juicehead13, False
13.10959, Drunkard3, shoot, Alcoholic6, False
13.16959, Coward14, shoot, Adjuster15, False
13.24959, Drunkard3, shoot, Coward14, False
13.26959, Player, shoot, Foe4, False
13.95286, Lush7, deleted 
13.95286, Lush16, AI
14.44959, Drunkard3, shoot, Coward14, False
14.51748, Bongfu12, deleted 
14.51748, Bongfu17, AI
14.54959, Bongfu17, shoot, Juicehead13, False
14.58959, Drunkard3, shoot, Coward14, False
15.78959, Adjuster15, shoot, Foe4, False
15.94959, Coward14, shoot, Coward14, False
16.18959, Bongfu17, shoot, Juicehead13, False
16.28959, Coward14, shoot, Lush16, False
16.36959, Foe4, shoot, Foe4, False
16.78959, Foe4, shoot, Adjuster15, False
16.86959, Player, shoot, Foe4, False
16.92959, Foe4, shoot, Lush16, False
17.00959, Lush16, shoot, Bongfu17, False
17.38959, Foe4, shoot, Adjuster15, False
17.38959, Foe4, shoot, Adjuster15, False
17.38959, Foe4, shoot, Adjuster15, False
18.08959, Foe4, shoot, Foe4, True
18.10385, Foe18, AI
18.18959, Foe4, shoot, Adjuster15, False
18.34959, Drunkard3, shoot, Bongfu17, False
18.56959, Drunkard3, shoot, Drunkard3, False
18.60959, Player, shoot, Adjuster15, False
18.70959, Adjuster15, get, Horse
20.00959, Adjuster15, shoot, Adjuster15, False
20.28959, Adjuster15, shoot, Foe18, False
20.66094, Betrayal2, deleted 
20.66094, Betrayal19, AI
21.82324, Juicehead13, deleted 
21.82324, Juicehead20, AI
21.96959, Betrayal19, shoot, Betrayal19, False
22.72959, Adjuster15, get, Shield
22.90959, Bongfu17, shoot, Lush16, False
22.96959, Foe18, shoot, Player, False
23.14959, Adjuster15, shoot, Foe18, False
23.35103, Alcoholic6, deleted 
23.35103, Alcoholic21, AI
23.48959, Alcoholic21, shoot, Alcoholic21, False
24.68959, Adjuster15, shoot, Player, False
24.82959, Adjuster15, shoot, Foe18, False
25.30959, Player, shoot, Player, False
25.32959, Coward14, shoot, Coward14, False
25.7918, Lush16, deleted 
25.7918, Lush22, AI
25.86959, Player, shoot, Betrayal19, False
26.00959, Betrayal19, shoot, Foe18, False
26.72156, Bongfu17, deleted 
26.72156, Bongfu23, AI
27.12959, Adjuster15, shoot, Betrayal19, False
27.12959, Foe18, shoot, Foe18, False
27.24959, Adjuster15, shoot, Alcoholic21, False
27.26959, Juicehead20, shoot, Juicehead20, False
27.88959, Coward14, shoot, Player, False
28.60959, Drunkard3, shoot, Drunkard3, False
28.64959, Alcoholic21, shoot, Alcoholic21, False
28.96959, Alcoholic21, shoot, Alcoholic21, False
29.00959, Coward14, shoot, Coward14, False
29.12959, Coward14, shoot, Coward14, False
29.22959, Foe18, shoot, Foe18, False
29.80959, Drunkard3, shoot, Coward14, False
30.05876, Bongfu23, deleted 
30.05876, Bongfu24, AI
30.30959, Player, shoot, Adjuster15, False
30.30959, Player, shoot, Adjuster15, False
30.38959, Alcoholic21, shoot, Alcoholic21, False
30.38959, Drunkard3, shoot, Alcoholic21, False
30.86959, Coward14, shoot, Drunkard3, False
31.22959, Player, shoot, Adjuster15, True
31.23775, Adjuster25, AI
31.32959, Betrayal19, shoot, Betrayal19, False
31.48959, Foe18, get, Horse
31.54959, Alcoholic21, shoot, Alcoholic21, False
32.50959, Adjuster25, shoot, Adjuster25, False
32.56959, Alcoholic21, shoot, Alcoholic21, False
32.58958, Alcoholic21, shoot, Alcoholic21, False
32.74958, Foe18, shoot, Coward14, False
33.06959, Drunkard3, shoot, Drunkard3, True
33.08092, Drunkard26, AI
33.38959, Bongfu24, get, Horse
33.42965, Bongfu24, deleted 
33.42965, Bongfu27, AI
33.74958, Foe18, shoot, Lush22, False
34.06959, Alcoholic21, shoot, Alcoholic21, True
34.07736, Alcoholic28, AI
34.44958, Alcoholic21, shoot, Adjuster25, False
34.66959, Adjuster25, get, Shield
35.06959, Foe18, shoot, Lush22, False
35.10958, Juicehead20, shoot, Lush22, False
35.14959, Drunkard3, shoot, Drunkard26, False
36.18959, Lush22, shoot, Lush22, False
36.34959, Adjuster25, shoot, Foe18, False
36.95077, Bongfu27, deleted 
36.95077, Bongfu29, AI
36.96959, Foe18, shoot, Player, False
37.36604, Drunkard26, deleted 
37.36604, Drunkard30, AI
38.02959, Betrayal19, shoot, Coward14, False
38.98959, Betrayal19, shoot, Juicehead20, False
39.72959, Player, shoot, Adjuster25, False
40.24958, Bongfu29, get, Horse
40.28959, Foe18, shoot, Foe18, False
40.30523, Bongfu29, deleted 
40.30523, Bongfu31, AI
40.60958, Betrayal19, shoot, Player, False
40.90958, Player, shoot, Player, False
41.12959, Alcoholic28, shoot, Alcoholic28, False
41.18959, Foe18, shoot, Foe18, False
41.28959, Player, shoot, Betrayal19, False
41.48959, Foe18, shoot, Foe18, False
41.54959, Betrayal19, shoot, Player, True
42.68959, Foe18, shoot, Foe18, True
42.68959, Player, shoot, Alcoholic28, False
42.94958, Foe18, shoot, Adjuster25, False
43.38959, Foe18, shoot, Betrayal19, False
43.40958, Adjuster25, shoot, Adjuster25, False
43.42958, Adjuster25, get, Shield
43.58958, Bongfu31, get, Horse
44.82959, Juicehead20, shoot, Juicehead20, False
45.84959, Alcoholic28, shoot, Lush22, False
Normal Close
