Game Time: 2022/2/17 17:42:18
Version: 1.0.0.2 with bullet collision times = 2
0, Player, player
0, Coward1, AI
0, Betrayal2, AI
0, Drunkard3, AI
0, Foe4, AI
0, Juicehead5, AI
0, Alcoholic6, AI
0, Lush7, AI
0, Adjuster8, AI
0, Bongfu9, AI
1.122659, Coward1, shoot, Adjuster8, False
1.442659, Bongfu9, shoot, Player, False
1.922659, Alcoholic6, shoot, Alcoholic6, False
2.202659, Player, shoot, Coward1, False
2.682659, Bongfu9, shoot, Adjuster8, False
3.30266, Adjuster8, shoot, Foe4, False
3.682659, Player, shoot, Coward1, False
3.902659, Adjuster8, shoot, Player, False
4.142659, Player, shoot, Bongfu9, False
4.822659, Player, shoot, Juicehead5, False
5.522659, Betrayal2, shoot, Betrayal2, False
5.756496, Lush7, deleted 
5.756496, Lush10, AI
6.702659, Juicehead5, shoot, Bongfu9, False
7.042659, Adjuster8, shoot, Foe4, False
7.222659, Foe4, shoot, Adjuster8, False
7.26266, Bongfu9, shoot, Coward1, False
8.563291, Lush10, deleted 
8.563291, Lush11, AI
8.70266, Adjuster8, shoot, Foe4, False
8.70266, Foe4, shoot, Adjuster8, False
9.042659, Foe4, shoot, Adjuster8, False
9.642902, Bongfu9, deleted 
9.642902, Bongfu12, AI
10.40266, Betrayal2, shoot, Betrayal2, False
11.10429, Drunkard3, deleted 
11.10429, Drunkard13, AI
11.12266, Alcoholic6, shoot, Alcoholic6, False
11.40316, Lush11, deleted 
11.40316, Lush14, AI
11.56266, Juicehead5, shoot, Juicehead5, False
12.08396, Coward1, deleted 
12.08396, Coward15, AI
12.64266, Foe4, shoot, Lush14, False
12.68266, Adjuster8, shoot, Player, False
12.86435, Bongfu12, deleted 
12.86435, Bongfu16, AI
13.30266, Adjuster8, shoot, Player, False
14.48266, Player, shoot, Adjuster8, False
14.88266, Alcoholic6, shoot, Juicehead5, False
15.08266, Adjuster8, shoot, Player, False
16.01915, Betrayal2, deleted 
16.01915, Betrayal17, AI
16.02266, Foe4, shoot, Coward15, False
16.50266, Lush14, shoot, Lush14, False
17.19797, Bongfu16, deleted 
17.19797, Bongfu18, AI
17.66266, Coward15, shoot, Coward15, False
17.66289, Juicehead5, deleted 
17.66289, Juicehead19, AI
17.7957, Alcoholic6, deleted 
17.7957, Alcoholic20, AI
18.28266, Player, shoot, Lush14, False
18.68266, Foe4, shoot, Adjuster8, False
18.98266, Bongfu18, shoot, Bongfu18, False
19.60266, Adjuster8, shoot, Player, False
19.88266, Adjuster8, shoot, Foe4, False
19.98266, Coward15, shoot, Coward15, False
20.46266, Foe4, shoot, Adjuster8, False
21.00266, Adjuster8, shoot, Coward15, False
21.06266, Adjuster8, shoot, Player, False
21.68266, Foe4, shoot, Adjuster8, False
21.74266, Juicehead19, shoot, Juicehead19, False
21.81468, Bongfu18, deleted 
21.81468, Bongfu21, AI
21.88266, Adjuster8, shoot, Coward15, False
22.46266, Player, shoot, Drunkard13, False
22.99376, Betrayal17, deleted 
22.99376, Betrayal22, AI
23.18266, Adjuster8, shoot, Player, False
23.18266, Adjuster8, shoot, Foe4, False
23.80266, Coward15, shoot, Coward15, False
23.96266, Foe4, shoot, Adjuster8, True
23.97343, Adjuster23, AI
24.56266, Alcoholic20, shoot, Alcoholic20, False
25.00266, Foe4, shoot, Foe4, False
25.02266, Drunkard13, shoot, Drunkard13, False
25.30266, Foe4, shoot, Foe4, False
25.34266, Player, shoot, Foe4, False
25.38266, Adjuster8, shoot, Coward15, False
26.08266, Alcoholic20, shoot, Adjuster23, False
26.50266, Alcoholic20, shoot, Alcoholic20, False
26.59749, Lush14, deleted 
26.59749, Lush24, AI
26.94266, Player, shoot, Foe4, False
27.24266, Adjuster23, shoot, Foe4, False
27.52741, Juicehead19, deleted 
27.52741, Juicehead25, AI
27.70266, Player, shoot, Foe4, True
27.71009, Foe26, AI
27.76266, Juicehead25, shoot, Juicehead25, False
27.92266, Player, shoot, Adjuster23, False
27.98266, Adjuster23, get, Horse
28.30266, Alcoholic20, shoot, Bongfu21, False
29.78266, Drunkard13, shoot, Alcoholic20, False
29.81909, Coward15, deleted 
29.81909, Coward27, AI
29.88266, Adjuster23, shoot, Adjuster23, False
30.78266, Player, shoot, Lush24, False
30.84266, Player, shoot, Foe26, False
31.34266, Drunkard13, shoot, Coward27, False
31.41309, Bongfu21, deleted 
31.41309, Bongfu28, AI
31.90266, Coward27, shoot, Bongfu28, False
32.42266, Adjuster23, shoot, Adjuster23, False
32.76266, Alcoholic20, shoot, Lush24, False
33.44266, Alcoholic20, shoot, Foe26, False
34.26266, Adjuster23, shoot, Foe26, False
34.61766, Drunkard13, deleted 
34.61766, Drunkard29, AI
35.10266, Alcoholic20, shoot, Betrayal22, False
35.18266, Player, shoot, Bongfu28, False
35.2154, Juicehead25, deleted 
35.2154, Juicehead30, AI
35.30266, Alcoholic20, shoot, Betrayal22, False
35.84266, Foe26, shoot, Foe26, False
36.16266, Foe26, shoot, Foe26, False
37.24266, Adjuster23, get, Shield
38.66266, Juicehead30, get, Horse
38.70271, Juicehead30, deleted 
38.70271, Juicehead31, AI
40.90266, Adjuster23, shoot, Bongfu28, False
40.92266, Foe26, shoot, Betrayal22, False
41.38266, Foe26, shoot, Lush24, False
42.42266, Player, shoot, Betrayal22, False
42.94266, Player, shoot, Adjuster23, False
43.22266, Juicehead31, shoot, Lush24, False
43.26266, Foe26, shoot, Adjuster23, False
43.28266, Player, shoot, Adjuster23, False
43.78604, Bongfu28, deleted 
43.78604, Bongfu32, AI
44.16807, Drunkard29, deleted 
44.16807, Drunkard33, AI
45.08266, Player, shoot, Adjuster23, False
45.12266, Bongfu32, shoot, Bongfu32, False
47.02489, Alcoholic20, deleted 
47.02489, Alcoholic34, AI
47.36266, Alcoholic34, shoot, Bongfu32, False
48.02266, Adjuster23, shoot, Bongfu32, False
48.38266, Foe26, shoot, Adjuster23, False
48.40266, Adjuster23, shoot, Player, False
49.86266, Adjuster23, shoot, Player, False
49.99773, Betrayal22, deleted 
49.99773, Betrayal35, AI
50.54266, Foe26, shoot, Adjuster23, False
50.66266, Player, shoot, Coward27, False
51.21006, Lush24, deleted 
51.21006, Lush36, AI
52.26266, Player, shoot, Adjuster23, True
52.27298, Adjuster37, AI
52.63828, Juicehead31, deleted 
52.63828, Juicehead38, AI
52.66266, Adjuster37, shoot, Juicehead38, False
53.52266, Juicehead38, shoot, Juicehead38, False
53.80266, Bongfu32, shoot, Bongfu32, False
54.03307, Drunkard33, deleted 
54.03307, Drunkard39, AI
54.14266, Foe26, shoot, Foe26, False
54.32266, Foe26, shoot, Alcoholic34, False
54.32266, Player, shoot, Foe26, False
54.68266, Player, shoot, Foe26, False
55.46266, Adjuster37, shoot, Foe26, False
55.62266, Foe26, shoot, Player, False
55.86266, Foe26, shoot, Adjuster37, False
55.90266, Bongfu32, shoot, Bongfu32, False
55.90266, Player, shoot, Foe26, False
55.92266, Foe26, shoot, Player, False
56.24266, Adjuster37, shoot, Player, False
56.28266, Drunkard39, shoot, Drunkard39, False
56.40266, Foe26, shoot, Betrayal35, False
56.66266, Bongfu32, shoot, Adjuster37, False
57.00266, Player, shoot, Betrayal35, False
57.00266, Player, shoot, Betrayal35, False
57.00266, Player, shoot, Betrayal35, False
57.00266, Player, shoot, Betrayal35, False
57.00266, Foe26, shoot, Adjuster37, False
57.00266, Foe26, shoot, Adjuster37, False
57.12266, Betrayal35, get, Shield
57.30266, Adjuster37, shoot, Foe26, False
57.30266, Foe26, shoot, Adjuster37, False
57.98485, Juicehead38, deleted 
57.98485, Juicehead40, AI
58.18266, Drunkard39, shoot, Drunkard39, False
58.24266, Player, shoot, Player, True
58.70266, Juicehead40, shoot, Juicehead40, False
58.92266, Juicehead40, shoot, Juicehead40, False
Normal Close
