Game Time: 2022/2/17 17:48:22
Version: 1.0.0.2 with bullet collision times = 2
0, Player, player
0, Coward1, AI
0, Betrayal2, AI
0, Drunkard3, AI
0, Foe4, AI
0, Juicehead5, AI
0, Alcoholic6, AI
0, Lush7, AI
0, Adjuster8, AI
0, Bongfu9, AI
2.204548, Foe4, shoot, Lush7, False
2.624548, Coward1, shoot, Player, False
2.884548, Bongfu9, shoot, Bongfu9, False
3.364548, Bongfu9, shoot, Bongfu9, False
4.104548, Drunkard3, shoot, Foe4, False
4.784548, Foe4, shoot, Adjuster8, False
5.504548, Adjuster8, shoot, Player, False
6.444548, Alcoholic6, shoot, Betrayal2, False
7.224548, Bongfu9, shoot, Coward1, False
8.164548, Lush7, shoot, Lush7, False
8.424548, Bongfu9, shoot, Bongfu9, False
9.924548, Lush7, shoot, Bongfu9, False
10.96567, Juicehead5, deleted 
10.96567, Juicehead10, AI
11.0653, Drunkard3, deleted 
11.0653, Drunkard11, AI
11.44455, Player, shoot, Adjuster8, False
11.54455, Bongfu9, shoot, Bongfu9, False
11.84455, Bongfu9, shoot, Bongfu9, False
12.96455, Coward1, shoot, Coward1, False
13.14455, Bongfu9, shoot, Bongfu9, False
13.40455, Bongfu9, shoot, Bongfu9, False
14.34455, Lush7, shoot, Drunkard11, False
14.34455, Juicehead10, shoot, Drunkard11, False
14.82455, Adjuster8, shoot, Coward1, False
15.26856, Alcoholic6, deleted 
15.26856, Alcoholic12, AI
15.74455, Lush7, shoot, Drunkard11, False
16.24455, Drunkard11, shoot, Drunkard11, False
16.26455, Foe4, shoot, Adjuster8, False
16.84455, Adjuster8, shoot, Foe4, False
17.46455, Foe4, shoot, Adjuster8, False
17.62455, Drunkard11, shoot, Betrayal2, False
17.76455, Adjuster8, shoot, Player, False
18.08455, Adjuster8, shoot, Player, False
18.97317, Coward1, deleted 
18.97317, Coward13, AI
19.45476, Betrayal2, deleted 
19.45476, Betrayal14, AI
19.56455, Adjuster8, shoot, Foe4, False
19.94455, Lush7, shoot, Drunkard11, False
20.46455, Coward13, shoot, Alcoholic12, False
20.48455, Player, shoot, Player, False
20.48455, Adjuster8, shoot, Player, False
20.52455, Adjuster8, shoot, Player, False
21.66455, Adjuster8, shoot, Foe4, False
21.66455, Player, shoot, Adjuster8, False
21.78014, Bongfu9, deleted 
21.78014, Bongfu15, AI
22.32455, Player, shoot, Player, False
22.4279, Betrayal14, deleted 
22.4279, Betrayal16, AI
23.10455, Foe4, shoot, Adjuster8, False
23.94455, Bongfu15, shoot, Alcoholic12, False
25.24455, Foe4, shoot, Adjuster8, False
25.84455, Juicehead10, shoot, Juicehead10, False
25.92455, Adjuster8, shoot, Adjuster8, False
26.09914, Betrayal16, deleted 
26.09914, Betrayal17, AI
26.14455, Drunkard11, shoot, Drunkard11, False
26.76455, Player, shoot, Adjuster8, False
26.76455, Foe4, shoot, Adjuster8, True
26.78022, Adjuster18, AI
26.84455, Adjuster8, shoot, Bongfu15, False
26.86455, Adjuster8, shoot, Bongfu15, False
26.88455, Adjuster8, shoot, Player, False
27.08455, Player, shoot, Bongfu15, False
27.20455, Betrayal17, shoot, Betrayal17, False
27.56106, Coward13, deleted 
27.56106, Coward19, AI
28.12455, Drunkard11, shoot, Coward19, False
28.14455, Player, shoot, Player, False
28.24455, Juicehead10, shoot, Lush7, False
28.32455, Player, shoot, Foe4, False
29.28455, Drunkard11, shoot, Drunkard11, False
29.36455, Player, shoot, Player, True
29.48455, Drunkard11, shoot, Drunkard11, False
29.54455, Player, shoot, Bongfu15, False
30.12455, Foe4, get, Shield
Normal Close
