Game Time: 2022/2/17 18:02:01
Version: 1.0.0.2 with bullet collision times = 2
0, Player, player
0, Coward1, AI
0, Betrayal2, AI
0, Drunkard3, AI
0, Foe4, AI
0, Juicehead5, AI
0, Alcoholic6, AI
0, Lush7, AI
0, Adjuster8, AI
0, Bongfu9, AI
0.6920078, Bongfu9, shoot, Bongfu9, False
0.8520078, Betrayal2, shoot, Betrayal2, False
0.8520078, Player, shoot, Player, False
1.912008, Drunkard3, shoot, Drunkard3, False
2.512008, Adjuster8, shoot, Adjuster8, False
2.692008, Player, shoot, Player, False
3.152008, Bongfu9, shoot, Bongfu9, False
5.092008, Bongfu9, shoot, Adjuster8, False
5.192008, Drunkard3, shoot, Drunkard3, False
5.412008, Drunkard3, shoot, Bongfu9, False
5.932008, Bongfu9, shoot, Coward1, False
6.292007, Bongfu9, shoot, Bongfu9, False
6.712008, Coward1, shoot, Coward1, False
7.192008, Adjuster8, shoot, Foe4, False
7.192008, Foe4, shoot, Adjuster8, False
7.583348, Betrayal2, deleted 
7.583348, Betrayal10, AI
7.633229, Lush7, deleted 
7.633229, Lush11, AI
7.652008, Lush11, shoot, Betrayal10, False
7.812007, Player, shoot, Adjuster8, False
8.172008, Adjuster8, shoot, Bongfu9, False
8.712008, Juicehead5, shoot, Juicehead5, False
8.812008, Adjuster8, shoot, Player, False
9.012008, Coward1, shoot, Coward1, False
9.372007, Drunkard3, shoot, Drunkard3, False
9.692008, Adjuster8, shoot, Foe4, False
9.692008, Player, shoot, Player, False
10.09201, Betrayal10, shoot, Player, False
10.53201, Player, shoot, Adjuster8, False
10.95201, Player, shoot, Adjuster8, False
10.97201, Bongfu9, shoot, Juicehead5, False
11.27201, Bongfu9, shoot, Juicehead5, False
11.59201, Adjuster8, shoot, Player, False
11.69201, Player, shoot, Alcoholic6, False
11.83201, Foe4, shoot, Player, False
11.87201, Betrayal10, shoot, Betrayal10, False
12.11201, Alcoholic6, shoot, Alcoholic6, False
12.31201, Player, shoot, Adjuster8, False
12.31201, Player, shoot, Adjuster8, False
12.39201, Player, shoot, Adjuster8, False
12.41201, Alcoholic6, shoot, Alcoholic6, False
12.43201, Foe4, shoot, Adjuster8, True
12.43514, Adjuster12, AI
12.51201, Adjuster8, shoot, Player, False
12.57201, Adjuster8, shoot, Player, False
12.71201, Alcoholic6, shoot, Alcoholic6, False
13.15201, Foe4, get, Shield
13.2656, Drunkard3, deleted 
13.2656, Drunkard13, AI
13.33201, Alcoholic6, shoot, Alcoholic6, False
13.71201, Foe4, shoot, Drunkard13, False
14.51201, Drunkard13, shoot, Drunkard13, False
14.55201, Alcoholic6, shoot, Alcoholic6, False
15.47201, Betrayal10, shoot, Player, True
16.29201, Alcoholic6, shoot, Alcoholic6, False
Normal Close
