Game Time: 2022/2/17 18:01:23
Version: 1.0.0.2 with bullet collision times = 2
0, Player, player
0, Coward1, AI
0, Betrayal2, AI
0, Drunkard3, AI
0, Foe4, AI
0, Juicehead5, AI
0, Alcoholic6, AI
0, Lush7, AI
0, Adjuster8, AI
0, Bongfu9, AI
1.423916, Bongfu9, shoot, Player, False
1.903916, Foe4, shoot, Foe4, False
2.023916, Bongfu9, shoot, Bongfu9, False
2.083916, Lush7, shoot, Adjuster8, False
2.103916, Alcoholic6, shoot, Alcoholic6, False
2.823916, Adjuster8, shoot, Juicehead5, False
3.723916, Foe4, shoot, Juicehead5, False
4.943916, Foe4, shoot, Adjuster8, False
5.203916, Player, shoot, Betrayal2, False
5.243917, Adjuster8, shoot, Foe4, False
5.503916, Adjuster8, shoot, Foe4, False
6.063916, Foe4, shoot, Adjuster8, False
7.263916, Foe4, shoot, Adjuster8, False
8.000058, Lush7, deleted 
8.000058, Lush10, AI
8.743917, Adjuster8, shoot, Player, False
8.980042, Bongfu9, deleted 
8.980042, Bongfu11, AI
8.983916, Betrayal2, shoot, Player, False
8.983916, Player, shoot, Betrayal2, False
9.003916, Adjuster8, shoot, Foe4, False
9.003916, Adjuster8, shoot, Foe4, False
9.023916, Adjuster8, shoot, Betrayal2, False
9.283916, Betrayal2, shoot, Player, False
9.903916, Foe4, shoot, Foe4, False
10.06392, Adjuster8, shoot, Betrayal2, False
10.70759, Drunkard3, deleted 
10.70759, Lush10, deleted 
10.70759, Drunkard12, AI
10.7242, Lush13, AI
10.78392, Lush13, shoot, Drunkard12, False
10.78392, Drunkard12, shoot, Lush13, False
10.80392, Foe4, shoot, Adjuster8, False
10.80392, Foe4, shoot, Adjuster8, False
11.60392, Foe4, shoot, Foe4, False
11.70439, Bongfu11, deleted 
11.70439, Bongfu14, AI
12.30392, Foe4, shoot, Adjuster8, False
12.68392, Betrayal2, shoot, Betrayal2, False
12.78392, Foe4, shoot, Foe4, False
14.48392, Player, shoot, Adjuster8, False
14.57842, Lush13, deleted 
14.57842, Lush15, AI
14.74392, Betrayal2, shoot, Juicehead5, False
16.34392, Foe4, shoot, Foe4, False
16.54392, Betrayal2, shoot, Adjuster8, False
16.58392, Betrayal2, shoot, Betrayal2, False
16.63845, Alcoholic6, deleted 
16.63845, Alcoholic16, AI
16.66392, Player, shoot, Drunkard12, False
16.80392, Player, shoot, Adjuster8, True
16.80458, Adjuster17, AI
16.92392, Betrayal2, shoot, Foe4, True
16.93745, Foe18, AI
17.44392, Betrayal2, get, Shield
17.98392, Drunkard12, shoot, Drunkard12, False
18.06719, Coward1, deleted 
18.06719, Coward19, AI
18.12392, Betrayal2, shoot, Player, False
18.16392, Adjuster17, shoot, Foe18, False
18.64392, Foe18, shoot, Alcoholic16, False
19.49592, Lush15, deleted 
19.49592, Lush20, AI
20.08392, Adjuster17, shoot, Foe18, False
20.52392, Player, shoot, Drunkard12, False
21.16392, Adjuster17, get, Shield
22.17062, Bongfu14, deleted 
22.17062, Bongfu21, AI
23.94392, Drunkard12, shoot, Drunkard12, False
24.14392, Drunkard12, shoot, Foe18, False
24.39672, Coward19, deleted 
24.39672, Coward22, AI
25.34392, Alcoholic16, shoot, Alcoholic16, False
25.42392, Drunkard12, shoot, Foe18, False
25.46392, Drunkard12, shoot, Player, False
26.02392, Drunkard12, shoot, Drunkard12, False
26.36392, Drunkard12, shoot, Betrayal2, False
26.78392, Betrayal2, shoot, Betrayal2, False
27.06392, Adjuster17, shoot, Player, False
27.20392, Drunkard12, shoot, Drunkard12, False
27.24392, Foe18, shoot, Drunkard12, False
27.76392, Bongfu21, shoot, Alcoholic16, False
27.82392, Player, shoot, Bongfu21, False
27.88391, Drunkard12, shoot, Coward22, False
28.58392, Foe18, shoot, Adjuster17, False
28.78392, Alcoholic16, shoot, Coward22, False
28.78392, Coward22, shoot, Alcoholic16, False
28.80392, Betrayal2, shoot, Betrayal2, False
28.86392, Foe18, shoot, Adjuster17, False
28.86392, Player, shoot, Adjuster17, False
28.90392, Bongfu21, shoot, Betrayal2, False
29.24392, Bongfu21, shoot, Bongfu21, False
29.48392, Foe18, shoot, Adjuster17, False
29.64392, Coward22, shoot, Foe18, False
30.22392, Player, shoot, Lush20, False
30.66392, Foe18, shoot, Adjuster17, False
30.98392, Drunkard12, shoot, Coward22, False
31.26392, Adjuster17, shoot, Foe18, False
31.60392, Drunkard12, shoot, Player, False
31.60392, Bongfu21, shoot, Juicehead5, False
31.80392, Betrayal2, shoot, Juicehead5, False
31.80392, Player, shoot, Coward22, False
31.90392, Lush20, shoot, Lush20, False
31.96391, Betrayal2, shoot, Bongfu21, False
32.18391, Drunkard12, shoot, Foe18, False
32.40392, Betrayal2, shoot, Juicehead5, False
32.50391, Foe18, shoot, Drunkard12, False
32.88391, Player, shoot, Player, False
33.78392, Lush20, shoot, Lush20, False
33.94392, Foe18, shoot, Adjuster17, False
33.96392, Betrayal2, shoot, Juicehead5, False
33.98392, Adjuster17, shoot, Player, False
34.00391, Drunkard12, shoot, Drunkard12, True
34.01483, Drunkard23, AI
34.14392, Drunkard12, shoot, Adjuster17, False
34.38391, Coward22, shoot, Adjuster17, False
34.64392, Player, shoot, Player, False
34.71264, Juicehead5, deleted 
34.71264, Juicehead24, AI
34.74392, Lush20, shoot, Alcoholic16, False
34.84391, Adjuster17, shoot, Player, False
34.87876, Betrayal2, deleted 
34.87876, Betrayal25, AI
35.12392, Player, shoot, Alcoholic16, False
35.14467, Bongfu21, deleted 
35.14467, Bongfu26, AI
35.44392, Adjuster17, shoot, Foe18, False
35.58392, Alcoholic16, shoot, Alcoholic16, False
35.76392, Player, shoot, Coward22, False
35.80392, Adjuster17, shoot, Player, True
35.80392, Lush20, shoot, Lush20, False
36.18391, Bongfu26, shoot, Juicehead24, False
Normal Close
