Game Time: 2022/2/16 16:03:12
Version: 1.0.0.2 with bullet collision times = 0
0, Player, player
0, Coward1, AI
0, Betrayal2, AI
0, Drunkard3, AI
0, Foe4, AI
0, Juicehead5, AI
0, Alcoholic6, AI
0, Lush7, AI
0, Adjuster8, AI
0, Bongfu9, AI
2.070437, Lush7, shoot, Adjuster8, False
2.170437, Foe4, shoot, Lush7, False
3.010437, Adjuster8, shoot, Alcoholic6, False
5.110437, Alcoholic6, shoot, Drunkard3, False
6.290437, Alcoholic6, shoot, Adjuster8, False
6.970437, Adjuster8, shoot, Foe4, False
7.650437, Juicehead5, shoot, Foe4, False
7.821014, Bongfu9, deleted 
7.821014, Bongfu10, AI
7.910437, Adjuster8, shoot, Foe4, False
8.690436, Adjuster8, shoot, Foe4, False
8.690436, Adjuster8, shoot, Juicehead5, False
8.830437, Foe4, shoot, Alcoholic6, False
8.990437, Adjuster8, shoot, Juicehead5, False
9.030437, Foe4, shoot, Alcoholic6, False
9.830535, Bongfu10, deleted 
9.830535, Bongfu11, AI
10.03044, Foe4, shoot, Player, False
10.21248, Drunkard3, deleted 
10.21248, Drunkard12, AI
10.23044, Adjuster8, shoot, Foe4, False
11.47044, Adjuster8, shoot, Player, False
11.77044, Adjuster8, shoot, Player, False
13.46626, Alcoholic6, deleted 
13.46626, Alcoholic13, AI
14.01456, Bongfu11, deleted 
14.01456, Bongfu14, AI
16.57044, Juicehead5, shoot, Alcoholic13, False
16.87044, Foe4, shoot, Bongfu14, False
17.39044, Adjuster8, shoot, Player, False
17.4033, Betrayal2, deleted 
17.4033, Betrayal15, AI
18.86499, Alcoholic13, deleted 
18.86499, Alcoholic16, AI
19.463, Juicehead5, deleted 
19.463, Juicehead17, AI
19.75044, Player, shoot, Juicehead17, False
20.19044, Player, shoot, Alcoholic16, False
20.25044, Alcoholic16, shoot, Player, False
20.47044, Foe4, shoot, Alcoholic16, False
21.69044, Juicehead17, shoot, Juicehead17, False
21.69044, Foe4, shoot, Foe4, False
21.71044, Adjuster8, shoot, Adjuster8, False
21.87176, Coward1, deleted 
21.87176, Coward18, AI
22.17044, Player, shoot, Juicehead17, False
23.31044, Lush7, shoot, Foe4, False
24.27931, Drunkard12, deleted 
24.27931, Drunkard19, AI
25.65763, Betrayal15, deleted 
25.65763, Betrayal20, AI
25.91044, Foe4, shoot, Foe4, False
26.81044, Foe4, shoot, Foe4, False
26.95332, Bongfu14, deleted 
26.95332, Bongfu21, AI
27.13044, Alcoholic16, shoot, Juicehead17, False
27.51832, Alcoholic16, deleted 
27.51832, Alcoholic22, AI
27.8173, Coward18, deleted 
27.8173, Coward23, AI
27.83044, Foe4, shoot, Drunkard19, False
29.09044, Foe4, shoot, Betrayal20, False
30.71044, Juicehead17, shoot, Juicehead17, False
31.27076, Betrayal20, deleted 
31.27076, Betrayal24, AI
32.98072, Drunkard19, deleted 
32.98072, Drunkard25, AI
33.31266, Juicehead17, deleted 
33.31266, Juicehead26, AI
34.85691, Bongfu21, deleted 
34.85691, Bongfu27, AI
35.65044, Foe4, shoot, Drunkard25, False
35.81044, Foe4, shoot, Drunkard25, False
36.21044, Foe4, shoot, Drunkard25, False
36.81044, Foe4, shoot, Bongfu27, False
37.51326, Betrayal24, deleted 
37.51326, Betrayal28, AI
38.25043, Bongfu27, shoot, Coward23, False
38.34335, Coward23, deleted 
38.34335, Coward29, AI
38.84152, Drunkard25, deleted 
38.84152, Drunkard30, AI
41.69044, Foe4, shoot, Coward29, False
41.95044, Foe4, shoot, Coward29, False
42.03044, Foe4, shoot, Coward29, False
42.21247, Betrayal28, deleted 
42.21247, Betrayal31, AI
42.23043, Foe4, shoot, Juicehead26, False
42.29044, Foe4, shoot, Coward29, False
43.44206, Bongfu27, deleted 
43.44206, Bongfu32, AI
46.33083, Coward29, deleted 
46.33083, Coward33, AI
46.91043, Drunkard30, shoot, Drunkard30, False
47.01044, Bongfu32, shoot, Juicehead26, False
48.11044, Drunkard30, shoot, Drunkard30, False
48.41043, Drunkard30, shoot, Drunkard30, False
48.71044, Drunkard30, shoot, Drunkard30, False
48.82108, Betrayal31, deleted 
48.82108, Betrayal34, AI
48.83044, Foe4, shoot, Player, False
49.31044, Drunkard30, shoot, Drunkard30, False
49.47044, Bongfu32, shoot, Lush7, False
50.21043, Drunkard30, shoot, Drunkard30, False
51.83044, Drunkard30, shoot, Coward33, False
52.05043, Drunkard30, shoot, Coward33, False
52.19044, Drunkard30, shoot, Coward33, False
52.19044, Drunkard30, shoot, Coward33, False
52.19044, Drunkard30, shoot, Coward33, False
52.19044, Coward33, shoot, Drunkard30, False
52.37044, Foe4, shoot, Player, False
53.53584, Bongfu32, deleted 
53.53584, Bongfu35, AI
53.68518, Drunkard30, deleted 
53.68518, Drunkard36, AI
54.06695, Betrayal34, deleted 
54.06695, Betrayal37, AI
55.87044, Foe4, shoot, Adjuster8, False
57.25043, Player, shoot, Alcoholic22, False
58.91043, Adjuster8, shoot, Adjuster8, False
59.51044, Adjuster8, shoot, Adjuster8, False
59.55043, Alcoholic22, shoot, Adjuster8, False
60.31044, Alcoholic22, shoot, Player, False
60.35044, Coward33, shoot, Bongfu35, False
61.52602, Betrayal37, deleted 
61.52602, Betrayal38, AI
61.6258, Drunkard36, deleted 
61.6258, Drunkard39, AI
63.91871, Bongfu35, deleted 
63.91871, Bongfu40, AI
64.25043, Player, shoot, Bongfu40, False
64.91044, Adjuster8, shoot, Drunkard39, False
64.93044, Alcoholic22, shoot, Betrayal38, False
65.21043, Adjuster8, shoot, Drunkard39, False
65.79044, Adjuster8, shoot, Foe4, False
66.09044, Adjuster8, shoot, Foe4, False
66.59306, Betrayal38, deleted 
66.59306, Betrayal41, AI
66.71043, Adjuster8, shoot, Foe4, False
66.85043, Foe4, shoot, Player, False
67.89043, Adjuster8, shoot, Foe4, False
68.27044, Player, shoot, Foe4, False
68.93044, Coward33, shoot, Juicehead26, False
71.61044, Foe4, shoot, Player, False
71.85699, Betrayal41, deleted 
71.85699, Betrayal42, AI
72.21043, Foe4, shoot, Player, False
73.03043, Coward33, shoot, Alcoholic22, False
73.43044, Foe4, shoot, Player, False
75.11044, Foe4, shoot, Betrayal42, False
75.41044, Adjuster8, shoot, Adjuster8, False
76.31043, Foe4, shoot, Player, False
76.31043, Adjuster8, shoot, Adjuster8, False
76.91044, Juicehead26, shoot, Foe4, False
77.15334, Drunkard39, deleted 
77.15334, Drunkard43, AI
77.31931, Betrayal42, deleted 
77.31931, Betrayal44, AI
78.09044, Foe4, shoot, Foe4, False
78.09044, Coward33, shoot, Coward33, False
78.67043, Foe4, shoot, Juicehead26, False
79.29044, Foe4, shoot, Juicehead26, False
79.85982, Coward33, deleted 
79.85982, Coward45, AI
80.95535, Bongfu40, deleted 
80.95535, Bongfu46, AI
81.13043, Bongfu46, shoot, Coward45, False
82.6656, Betrayal44, deleted 
82.6656, Betrayal47, AI
82.69044, Adjuster8, shoot, Foe4, True
82.69872, Foe48, AI
83.63043, Player, shoot, Foe48, False
83.73044, Foe4, shoot, Foe48, False
84.59044, Player, shoot, Coward45, False
85.53043, Coward45, shoot, Bongfu46, False
85.81043, Lush7, shoot, Adjuster8, False
86.59044, Player, shoot, Foe48, False
87.23044, Adjuster8, shoot, Betrayal47, False
87.31043, Adjuster8, shoot, Betrayal47, False
87.53043, Lush7, shoot, Adjuster8, False
87.59043, Adjuster8, shoot, Betrayal47, False
88.11069, Alcoholic22, deleted 
88.11069, Alcoholic49, AI
88.87044, Adjuster8, shoot, Bongfu46, False
89.03043, Coward45, shoot, Lush7, False
89.03043, Foe48, shoot, Player, False
89.09043, Betrayal47, shoot, Adjuster8, False
91.49745, Coward45, deleted 
91.49745, Coward50, AI
92.09499, Bongfu46, deleted 
92.09499, Bongfu51, AI
92.31103, Betrayal47, deleted 
92.31103, Betrayal52, AI
92.33044, Betrayal52, shoot, Bongfu51, False
92.47044, Player, shoot, Juicehead26, False
93.97044, Lush7, shoot, Juicehead26, False
94.75158, Juicehead26, deleted 
94.75158, Juicehead53, AI
98.83557, Coward50, deleted 
98.83557, Coward54, AI
99.23409, Juicehead53, deleted 
99.23409, Juicehead55, AI
99.76508, Betrayal52, deleted 
99.76508, Betrayal56, AI
101.575, Lush7, deleted 
101.575, Lush57, AI
101.8304, Foe48, shoot, Betrayal56, False
101.9567, Drunkard43, deleted 
101.9567, Drunkard58, AI
102.7504, Player, shoot, Foe48, False
104.2104, Foe48, shoot, Foe48, False
104.4904, Foe48, shoot, Foe48, False
105.0621, Coward54, deleted 
105.0621, Coward59, AI
105.2616, Juicehead55, deleted 
105.2616, Juicehead60, AI
105.8904, Player, shoot, Lush57, False
106.2104, Player, shoot, Lush57, False
106.5904, Lush57, shoot, Coward59, False
107.8863, Betrayal56, deleted 
107.8863, Betrayal61, AI
108.0704, Player, shoot, Lush57, False
109.2318, Bongfu51, deleted 
109.2318, Bongfu62, AI
109.5304, Player, shoot, Lush57, False
109.6104, Foe48, shoot, Foe48, False
109.8904, Lush57, shoot, Lush57, False
109.9104, Player, shoot, Lush57, False
110.2121, Coward59, deleted 
110.2121, Coward63, AI
110.8904, Adjuster8, shoot, Foe48, False
111.2904, Adjuster8, shoot, Foe48, False
113.4104, Player, shoot, Alcoholic49, False
115.2704, Player, shoot, Alcoholic49, False
115.5611, Coward63, deleted 
115.5611, Coward64, AI
115.6939, Lush57, deleted 
115.6939, Lush65, AI
117.0904, Coward64, shoot, Coward64, False
117.2504, Betrayal61, shoot, Foe48, False
117.7904, Player, shoot, Lush65, False
117.8704, Adjuster8, shoot, Bongfu62, False
118.7504, Foe48, shoot, Adjuster8, False
118.7904, Player, shoot, Lush65, False
119.3304, Foe48, shoot, Adjuster8, False
119.5455, Betrayal61, deleted 
119.5455, Betrayal66, AI
120.3304, Lush65, shoot, Player, False
120.4904, Adjuster8, shoot, Lush65, False
122.1904, Alcoholic49, shoot, Alcoholic49, False
122.7504, Foe48, shoot, Coward64, False
123.1104, Adjuster8, shoot, Adjuster8, False
124.6104, Lush65, shoot, Player, False
124.6111, Juicehead60, deleted 
124.6111, Juicehead67, AI
125.6579, Betrayal66, deleted 
125.6579, Betrayal68, AI
125.8407, Drunkard58, deleted 
125.8407, Drunkard69, AI
126.4704, Player, shoot, Juicehead67, False
127.9104, Foe48, shoot, Foe48, False
128.7304, Lush65, shoot, Player, False
128.7504, Coward64, shoot, Bongfu62, False
129.5904, Lush65, shoot, Player, False
129.7504, Lush65, shoot, Player, False
130.1704, Foe48, shoot, Juicehead67, False
130.2704, Foe48, shoot, Adjuster8, False
131.3504, Alcoholic49, shoot, Foe48, False
131.4196, Betrayal68, deleted 
131.4196, Betrayal70, AI
131.6704, Coward64, shoot, Bongfu62, False
131.7504, Foe48, shoot, Adjuster8, False
132.2704, Coward64, shoot, Bongfu62, False
133.1304, Alcoholic49, shoot, Foe48, True
133.146, Foe71, AI
133.3504, Adjuster8, shoot, Adjuster8, False
133.3704, Coward64, shoot, Bongfu62, False
133.5904, Alcoholic49, shoot, Coward64, False
133.5945, Juicehead67, deleted 
133.5945, Juicehead72, AI
133.9304, Coward64, shoot, Bongfu62, False
134.1104, Bongfu62, shoot, Lush65, False
135.4504, Coward64, shoot, Bongfu62, False
135.7504, Coward64, shoot, Bongfu62, False
135.8863, Drunkard69, deleted 
135.8863, Drunkard73, AI
136.4504, Player, shoot, Foe71, False
136.9104, Foe71, shoot, Foe71, False
136.9904, Player, shoot, Player, False
137.5104, Foe71, shoot, Foe71, False
138.4104, Foe71, shoot, Foe71, False
138.5904, Alcoholic49, shoot, Coward64, False
138.6104, Adjuster8, shoot, Foe71, False
138.6904, Foe71, shoot, Foe71, False
138.9104, Alcoholic49, shoot, Foe71, False
139.3104, Foe71, shoot, Foe71, False
140.1104, Foe71, shoot, Coward64, False
140.2104, Foe71, shoot, Foe71, False
140.4904, Foe71, shoot, Foe71, True
140.5032, Foe74, AI
140.6029, Betrayal70, deleted 
140.6029, Betrayal75, AI
140.6104, Betrayal75, shoot, Foe74, False
140.6104, Foe71, shoot, Coward64, False
141.1704, Lush65, shoot, Juicehead72, False
141.3704, Player, shoot, Drunkard73, False
141.5904, Coward64, shoot, Alcoholic49, False
142.7949, Coward64, deleted 
142.7949, Coward76, AI
143.5704, Player, shoot, Foe74, False
143.7104, Adjuster8, shoot, Foe74, False
143.8242, Bongfu62, deleted 
143.8242, Bongfu77, AI
144.1104, Coward76, shoot, Coward76, False
145.7904, Lush65, shoot, Juicehead72, False
145.7904, Juicehead72, shoot, Lush65, False
146.1321, Alcoholic49, deleted 
146.1321, Alcoholic78, AI
146.3311, Drunkard73, deleted 
146.3311, Drunkard79, AI
146.4504, Adjuster8, shoot, Foe74, False
146.5704, Adjuster8, shoot, Foe74, False
147.1781, Betrayal75, deleted 
147.1781, Betrayal80, AI
147.4104, Foe74, shoot, Foe74, False
147.6904, Foe74, shoot, Foe74, False
148.0249, Juicehead72, deleted 
148.0249, Juicehead81, AI
148.3104, Adjuster8, shoot, Adjuster8, False
148.772, Betrayal80, deleted 
148.772, Betrayal82, AI
148.8104, Bongfu77, shoot, Juicehead81, False
149.2104, Adjuster8, shoot, Adjuster8, False
149.5104, Adjuster8, shoot, Adjuster8, False
149.6704, Alcoholic49, shoot, Coward76, False
149.8517, Coward76, deleted 
149.8517, Coward83, AI
150.1104, Adjuster8, shoot, Adjuster8, False
150.6904, Adjuster8, shoot, Adjuster8, True
150.6992, Adjuster84, AI
150.9704, Player, shoot, Betrayal82, False
151.5904, Player, shoot, Coward83, False
152.7904, Lush65, shoot, Lush65, False
152.8104, Foe74, shoot, Coward83, False
153.0304, Alcoholic78, shoot, Juicehead81, False
153.8104, Foe74, shoot, Adjuster84, False
154.1504, Juicehead81, shoot, Adjuster84, False
154.8008, Betrayal82, deleted 
154.8008, Betrayal85, AI
155.0998, Coward83, deleted 
155.0998, Coward86, AI
155.1304, Lush65, shoot, Drunkard79, False
156.1504, Foe74, shoot, Alcoholic78, False
156.3904, Lush65, shoot, Lush65, False
156.7104, Alcoholic78, shoot, Alcoholic78, False
156.8304, Foe74, shoot, Alcoholic78, False
158.2304, Foe74, shoot, Adjuster84, False
158.9904, Alcoholic78, shoot, Betrayal85, False
159.4104, Lush65, shoot, Betrayal85, False
160.1104, Foe74, shoot, Coward86, False
160.7641, Bongfu77, deleted 
160.7641, Bongfu87, AI
160.9904, Player, shoot, Player, False
161.5611, Betrayal85, deleted 
161.5611, Betrayal88, AI
162.1589, Bongfu87, deleted 
162.1589, Bongfu89, AI
162.2304, Foe74, shoot, Player, False
162.5304, Alcoholic78, shoot, Drunkard79, False
162.6704, Player, shoot, Adjuster84, False
163.1392, Coward86, deleted 
163.1392, Coward90, AI
163.5304, Adjuster84, shoot, Betrayal88, False
163.9904, Foe74, shoot, Player, False
164.7704, Adjuster84, shoot, Player, True
165.4304, Foe74, shoot, Coward90, False
166.2104, Foe74, shoot, Adjuster84, False
166.3304, Alcoholic78, shoot, Alcoholic78, False
166.9104, Betrayal88, shoot, Betrayal88, False
167.0104, Coward90, shoot, Betrayal88, False
167.0904, Adjuster84, shoot, Alcoholic78, False
167.1904, Betrayal88, shoot, Betrayal88, False
167.5304, Betrayal88, shoot, Betrayal88, False
168.1104, Alcoholic78, shoot, Alcoholic78, False
169.2904, Adjuster84, shoot, Foe74, False
169.3304, Adjuster84, shoot, Adjuster84, False
Normal Close
