Game Time: 2022/2/16 15:35:22
Version: 1.0.0.2 with bullet collision times = 0
0, Player, player
0, Coward1, AI
0, Betrayal2, AI
0, Drunkard3, AI
0, Foe4, AI
0, Juicehead5, AI
0, Alcoholic6, AI
0, Lush7, AI
0, Adjuster8, AI
0, Bongfu9, AI
1.207554, Coward1, shoot, Adjuster8, False
1.787554, Player, shoot, Coward1, False
3.007554, Adjuster8, shoot, Coward1, False
3.287554, Coward1, shoot, Foe4, False
3.587554, Foe4, shoot, Coward1, False
4.327554, Bongfu9, shoot, Lush7, False
5.567554, Adjuster8, shoot, Player, False
6.462037, Betrayal2, deleted 
6.462037, Betrayal10, AI
6.767554, Player, shoot, Foe4, False
6.887554, Foe4, shoot, Lush7, False
6.893838, Juicehead5, deleted 
6.893838, Juicehead11, AI
7.187554, Player, shoot, Alcoholic6, False
7.387554, Alcoholic6, shoot, Betrayal10, False
8.047554, Foe4, shoot, Alcoholic6, False
8.387553, Adjuster8, shoot, Betrayal10, False
8.387553, Betrayal10, shoot, Adjuster8, False
8.467554, Lush7, shoot, Adjuster8, False
8.687553, Adjuster8, shoot, Betrayal10, False
9.027554, Foe4, shoot, Alcoholic6, False
9.127554, Betrayal10, shoot, Adjuster8, False
9.367554, Adjuster8, shoot, Foe4, False
11.24755, Adjuster8, shoot, Player, False
11.30755, Betrayal10, shoot, Bongfu9, False
13.12007, Lush7, deleted 
13.12007, Lush12, AI
15.26755, Player, shoot, Lush12, False
15.98755, Lush7, shoot, Lush12, False
16.00755, Coward1, shoot, Coward1, False
16.07652, Alcoholic6, deleted 
16.07652, Alcoholic13, AI
16.39215, Betrayal10, deleted 
16.39215, Betrayal14, AI
16.50755, Adjuster8, shoot, Lush12, False
17.48869, Drunkard3, deleted 
17.48869, Drunkard15, AI
17.60755, Adjuster8, shoot, Player, False
17.64755, Lush7, shoot, Lush12, False
17.90399, Juicehead11, deleted 
17.90399, Juicehead16, AI
19.38755, Foe4, shoot, Juicehead16, False
19.96755, Foe4, shoot, Juicehead16, False
22.04755, Betrayal14, shoot, Coward1, False
22.30755, Lush12, shoot, Lush12, False
23.60031, Betrayal14, deleted 
23.60031, Betrayal17, AI
24.70755, Juicehead16, shoot, Player, False
25.04755, Adjuster8, shoot, Foe4, False
25.5925, Alcoholic13, deleted 
25.5925, Alcoholic18, AI
26.32755, Player, shoot, Juicehead16, False
26.56755, Bongfu9, shoot, Adjuster8, False
27.38755, Lush12, shoot, Coward1, False
27.72755, Player, shoot, Foe4, False
27.83414, Drunkard15, deleted 
27.83414, Drunkard19, AI
27.92755, Coward1, shoot, Lush12, False
28.50755, Adjuster8, shoot, Player, False
29.16755, Foe4, shoot, Player, False
30.62362, Betrayal17, deleted 
30.62362, Betrayal20, AI
32.20755, Adjuster8, shoot, Adjuster8, False
32.48755, Adjuster8, shoot, Adjuster8, False
32.48755, Betrayal20, shoot, Betrayal20, False
32.50755, Adjuster8, shoot, Adjuster8, False
32.56755, Coward1, shoot, Coward1, False
33.06755, Player, shoot, Betrayal20, False
33.10755, Adjuster8, shoot, Adjuster8, False
33.46315, Juicehead16, deleted 
33.46315, Juicehead21, AI
36.70074, Betrayal20, deleted 
36.70074, Betrayal22, AI
37.78755, Coward1, shoot, Lush12, False
38.16755, Player, shoot, Juicehead21, False
38.50755, Lush12, shoot, Lush12, False
39.40755, Lush12, shoot, Lush12, False
39.72755, Lush12, shoot, Lush12, False
39.78755, Adjuster8, shoot, Bongfu9, False
42.12991, Betrayal22, deleted 
42.12991, Betrayal23, AI
42.77738, Lush12, deleted 
42.77738, Lush24, AI
43.74023, Bongfu9, deleted 
43.74023, Bongfu25, AI
45.10755, Foe4, shoot, Foe4, False
45.2678, Drunkard19, deleted 
45.2678, Drunkard26, AI
45.54755, Adjuster8, shoot, Foe4, False
46.34755, Player, shoot, Drunkard26, False
47.34298, Betrayal23, deleted 
47.34298, Betrayal27, AI
47.54755, Drunkard26, shoot, Bongfu25, False
47.98755, Foe4, shoot, Player, False
48.24755, Bongfu25, shoot, Player, False
48.30755, Foe4, shoot, Player, False
48.92755, Foe4, shoot, Bongfu25, False
49.56759, Coward1, deleted 
49.56759, Coward28, AI
50.38755, Coward1, shoot, Drunkard26, False
51.46051, Drunkard26, deleted 
51.46051, Drunkard29, AI
51.48755, Lush24, shoot, Drunkard29, False
51.54755, Adjuster8, shoot, Player, False
53.5202, Betrayal27, deleted 
53.5202, Betrayal30, AI
53.56755, Bongfu25, shoot, Foe4, False
54.30755, Foe4, shoot, Player, False
55.86222, Coward28, deleted 
55.86222, Coward31, AI
56.42755, Adjuster8, shoot, Bongfu25, False
56.76755, Adjuster8, shoot, Bongfu25, False
56.90755, Player, shoot, Coward31, False
57.34755, Bongfu25, shoot, Coward31, False
57.38755, Adjuster8, shoot, Bongfu25, False
57.52328, Alcoholic18, deleted 
57.52328, Alcoholic32, AI
57.68936, Juicehead21, deleted 
57.68936, Juicehead33, AI
57.80755, Juicehead33, shoot, Alcoholic32, False
58.14755, Foe4, shoot, Coward31, False
58.22755, Bongfu25, shoot, Foe4, False
58.26755, Adjuster8, shoot, Bongfu25, False
58.50755, Betrayal30, shoot, Coward31, False
58.60755, Adjuster8, shoot, Bongfu25, False
58.88755, Alcoholic32, shoot, Alcoholic32, False
59.20755, Adjuster8, shoot, Bongfu25, False
60.10755, Adjuster8, shoot, Drunkard29, False
60.10755, Adjuster8, shoot, Bongfu25, False
60.32755, Bongfu25, shoot, Foe4, False
60.68755, Foe4, shoot, Player, False
60.78755, Player, shoot, Lush24, False
60.90755, Bongfu25, shoot, Foe4, False
61.02755, Adjuster8, shoot, Bongfu25, False
62.22755, Adjuster8, shoot, Bongfu25, True
62.2401, Bongfu34, AI
63.04755, Alcoholic32, shoot, Lush24, False
63.23671, Coward31, deleted 
63.23671, Coward35, AI
63.28755, Foe4, shoot, Alcoholic32, False
63.5356, Betrayal30, deleted 
63.5356, Betrayal36, AI
64.60755, Alcoholic32, shoot, Alcoholic32, False
65.12756, Player, shoot, Lush24, False
65.50755, Alcoholic32, shoot, Alcoholic32, False
67.44756, Alcoholic32, shoot, Adjuster8, False
68.8008, Lush24, deleted 
68.8008, Lush37, AI
70.7608, Drunkard29, deleted 
70.7608, Drunkard38, AI
71.47508, Betrayal36, deleted 
71.47508, Betrayal39, AI
72.74755, Foe4, shoot, Player, False
73.58755, Foe4, shoot, Foe4, False
76.14316, Coward35, deleted 
76.14316, Coward40, AI
76.45863, Betrayal39, deleted 
76.45863, Betrayal41, AI
76.64755, Adjuster8, shoot, Bongfu34, False
77.87004, Juicehead33, deleted 
77.87004, Juicehead42, AI
82.05399, Betrayal41, deleted 
82.05399, Betrayal43, AI
82.94756, Foe4, shoot, Juicehead42, False
84.08755, Foe4, shoot, Juicehead42, False
84.48755, Foe4, shoot, Juicehead42, False
84.66755, Foe4, shoot, Juicehead42, False
84.71062, Coward40, deleted 
84.71062, Coward44, AI
85.10755, Alcoholic32, shoot, Foe4, False
85.22755, Juicehead42, shoot, Betrayal43, False
85.28755, Foe4, shoot, Juicehead42, False
85.68755, Player, shoot, Coward44, False
85.84755, Coward44, shoot, Player, False
86.12755, Foe4, shoot, Juicehead42, False
86.40755, Player, shoot, Coward44, False
86.61998, Bongfu34, deleted 
86.61998, Bongfu45, AI
87.04755, Foe4, shoot, Juicehead42, False
88.02755, Player, shoot, Foe4, False
88.06755, Player, shoot, Foe4, False
88.34755, Foe4, shoot, Player, True
Normal Close
