Game Time: 2022/2/16 15:32:48
Version: 1.0.0.2 with bullet collision times = 0
0, Player, player
0, Coward1, AI
0, Betrayal2, AI
0, Drunkard3, AI
0, Foe4, AI
0, Juicehead5, AI
0, Alcoholic6, AI
0, Lush7, AI
0, Adjuster8, AI
0, Bongfu9, AI
2.072516, Foe4, shoot, Lush7, False
2.092516, Adjuster8, shoot, Lush7, False
2.092516, Player, shoot, Lush7, False
3.532516, Alcoholic6, shoot, Player, False
5.12191, Juicehead5, deleted 
5.12191, Juicehead10, AI
6.092516, Lush7, shoot, Lush7, False
7.21507, Betrayal2, deleted 
7.21507, Betrayal11, AI
8.178556, Drunkard3, deleted 
8.178556, Drunkard12, AI
12.51451, Betrayal11, deleted 
12.51451, Betrayal13, AI
12.59252, Adjuster8, shoot, Alcoholic6, False
13.24502, Bongfu9, deleted 
13.24502, Bongfu14, AI
15.17252, Alcoholic6, shoot, Adjuster8, False
16.27252, Foe4, shoot, Player, False
16.29252, Alcoholic6, shoot, Adjuster8, False
16.89252, Alcoholic6, shoot, Adjuster8, False
17.24629, Lush7, deleted 
17.24629, Lush15, AI
17.95252, Alcoholic6, shoot, Foe4, False
18.94021, Betrayal13, deleted 
18.94021, Betrayal16, AI
20.67252, Player, shoot, Betrayal16, False
20.99252, Player, shoot, Betrayal16, False
21.81252, Adjuster8, shoot, Betrayal16, False
23.55252, Foe4, shoot, Adjuster8, False
23.83252, Bongfu14, shoot, Betrayal16, False
24.23846, Lush15, deleted 
24.23846, Lush17, AI
24.35252, Alcoholic6, shoot, Coward1, False
24.48752, Betrayal16, deleted 
24.48752, Betrayal18, AI
25.91252, Alcoholic6, shoot, Coward1, False
25.91527, Drunkard12, deleted 
25.91527, Drunkard19, AI
27.79252, Adjuster8, shoot, Player, False
28.99252, Adjuster8, shoot, Juicehead10, False
29.41252, Alcoholic6, shoot, Coward1, False
29.49252, Adjuster8, shoot, Juicehead10, False
29.65252, Adjuster8, shoot, Lush17, False
30.39252, Juicehead10, shoot, Juicehead10, False
30.71251, Juicehead10, shoot, Juicehead10, False
30.78025, Betrayal18, deleted 
30.78025, Betrayal20, AI
32.51252, Foe4, shoot, Lush17, False
33.53655, Bongfu14, deleted 
33.53655, Bongfu21, AI
34.59251, Foe4, shoot, Adjuster8, False
34.99252, Lush17, shoot, Foe4, False
35.21379, Drunkard19, deleted 
35.21379, Drunkard22, AI
36.91251, Coward1, shoot, Lush17, False
37.11251, Coward1, shoot, Lush17, False
37.19252, Foe4, shoot, Adjuster8, False
37.60538, Juicehead10, deleted 
37.60538, Juicehead23, AI
37.81252, Adjuster8, shoot, Foe4, False
39.67252, Adjuster8, shoot, Foe4, False
39.75251, Adjuster8, shoot, Foe4, False
39.81383, Betrayal20, deleted 
39.81383, Betrayal24, AI
40.13251, Player, shoot, Drunkard22, False
41.05252, Coward1, shoot, Alcoholic6, False
42.28796, Bongfu21, deleted 
42.28796, Bongfu25, AI
42.91251, Coward1, shoot, Lush17, False
43.19252, Coward1, shoot, Lush17, False
43.19252, Lush17, shoot, Coward1, False
43.19252, Lush17, shoot, Coward1, False
43.75251, Adjuster8, shoot, Foe4, False
43.81252, Coward1, shoot, Lush17, False
44.69252, Coward1, shoot, Lush17, False
44.99252, Coward1, shoot, Lush17, False
44.99252, Coward1, shoot, Lush17, True
44.99423, Lush26, AI
45.01252, Coward1, get, Shield
45.29251, Foe4, shoot, Drunkard22, False
45.60858, Betrayal24, deleted 
45.60858, Betrayal27, AI
45.67252, Adjuster8, shoot, Foe4, False
45.74145, Coward1, deleted 
45.74145, Coward28, AI
45.77251, Foe4, shoot, Drunkard22, False
45.95251, Adjuster8, shoot, Foe4, False
47.09251, Drunkard22, shoot, Betrayal27, False
47.55252, Drunkard22, shoot, Betrayal27, False
49.24515, Bongfu25, deleted 
49.24515, Bongfu29, AI
49.53252, Player, shoot, Coward28, False
50.04222, Juicehead23, deleted 
50.04222, Juicehead30, AI
50.20822, Betrayal27, deleted 
50.20822, Betrayal31, AI
50.53252, Alcoholic6, shoot, Alcoholic6, False
51.67252, Foe4, shoot, Bongfu29, False
52.21252, Drunkard22, shoot, Bongfu29, False
52.81252, Drunkard22, shoot, Foe4, False
55.505, Alcoholic6, deleted 
55.505, Alcoholic32, AI
56.13251, Foe4, shoot, Juicehead30, False
56.40184, Betrayal31, deleted 
56.40184, Betrayal33, AI
59.20827, Coward28, deleted 
59.20827, Coward34, AI
60.43251, Foe4, shoot, Player, False
60.69252, Juicehead30, shoot, Juicehead30, False
61.01252, Juicehead30, shoot, Juicehead30, False
61.41251, Juicehead30, shoot, Juicehead30, False
62.49643, Betrayal33, deleted 
62.49643, Betrayal35, AI
62.86169, Alcoholic32, deleted 
62.86169, Alcoholic36, AI
63.05251, Foe4, shoot, Coward34, False
63.39251, Adjuster8, shoot, Foe4, False
63.49252, Adjuster8, shoot, Foe4, False
63.73251, Foe4, shoot, Coward34, False
64.67252, Foe4, shoot, Player, False
66.09251, Adjuster8, shoot, Bongfu29, False
67.11353, Coward34, deleted 
67.11353, Coward37, AI
67.19251, Adjuster8, shoot, Foe4, False
67.66163, Juicehead30, deleted 
67.66163, Juicehead38, AI
68.01251, Foe4, shoot, Adjuster8, False
68.69251, Foe4, shoot, Adjuster8, False
69.27251, Foe4, shoot, Player, False
69.62129, Bongfu29, deleted 
69.62129, Bongfu39, AI
69.63251, Adjuster8, shoot, Foe4, True
69.6379, Foe40, AI
69.77251, Player, shoot, Bongfu39, False
70.17252, Adjuster8, get, Shield
70.31252, Player, shoot, Foe40, False
70.49252, Player, shoot, Foe40, False
72.32838, Betrayal35, deleted 
72.32838, Betrayal41, AI
72.73251, Player, shoot, Foe40, False
73.15251, Adjuster8, shoot, Alcoholic36, False
73.15886, Coward37, deleted 
73.15886, Coward42, AI
73.83251, Foe40, shoot, Lush26, False
73.83251, Adjuster8, shoot, Alcoholic36, False
73.91251, Juicehead38, shoot, Juicehead38, False
75.11252, Juicehead38, shoot, Juicehead38, False
75.41251, Juicehead38, shoot, Juicehead38, False
75.57252, Adjuster8, shoot, Betrayal41, False
76.31252, Alcoholic36, shoot, Adjuster8, False
76.31252, Juicehead38, shoot, Juicehead38, False
76.45251, Adjuster8, shoot, Player, False
76.75252, Alcoholic36, shoot, Adjuster8, False
77.11252, Alcoholic36, shoot, Betrayal41, False
77.21252, Juicehead38, shoot, Juicehead38, False
78.00851, Juicehead38, deleted 
78.00851, Juicehead43, AI
79.08816, Drunkard22, deleted 
79.08816, Drunkard44, AI
79.31252, Bongfu39, shoot, Bongfu39, False
79.41251, Foe40, shoot, Player, False
79.52007, Betrayal41, deleted 
79.52007, Betrayal45, AI
80.19251, Lush26, shoot, Adjuster8, False
82.45998, Coward42, deleted 
82.45998, Coward46, AI
83.35252, Adjuster8, shoot, Juicehead43, False
83.77251, Bongfu39, shoot, Lush26, False
84.25383, Lush26, deleted 
84.25383, Lush47, AI
84.76869, Betrayal45, deleted 
84.76869, Betrayal48, AI
85.89252, Juicehead43, shoot, Juicehead43, False
88.33945, Bongfu39, deleted 
88.33945, Bongfu49, AI
88.53877, Coward46, deleted 
88.53877, Coward50, AI
89.51251, Adjuster8, shoot, Alcoholic36, False
90.41552, Betrayal48, deleted 
90.41552, Betrayal51, AI
91.85252, Player, shoot, Drunkard44, False
92.13251, Player, shoot, Drunkard44, False
92.14317, Juicehead43, deleted 
92.14317, Juicehead52, AI
93.69251, Adjuster8, shoot, Adjuster8, False
95.01709, Bongfu49, deleted 
95.01709, Bongfu53, AI
95.49252, Adjuster8, shoot, Adjuster8, False
96.55251, Foe40, shoot, Player, False
96.95251, Player, shoot, Juicehead52, False
97.31252, Lush47, shoot, Lush47, False
97.99252, Adjuster8, shoot, Juicehead52, False
98.09251, Adjuster8, shoot, Juicehead52, False
98.92059, Betrayal51, deleted 
98.92059, Betrayal54, AI
99.56815, Drunkard44, deleted 
99.56815, Drunkard55, AI
100.3654, Lush47, deleted 
100.3654, Lush56, AI
101.2623, Coward50, deleted 
101.2623, Coward57, AI
101.5779, Juicehead52, deleted 
101.5779, Juicehead58, AI
103.8925, Adjuster8, shoot, Bongfu53, False
104.5125, Bongfu53, shoot, Bongfu53, False
104.5181, Betrayal54, deleted 
104.5181, Betrayal59, AI
104.6925, Adjuster8, shoot, Alcoholic36, False
105.1125, Bongfu53, shoot, Bongfu53, False
107.3757, Coward57, deleted 
107.3757, Coward60, AI
109.5189, Juicehead58, deleted 
109.5189, Juicehead61, AI
109.6351, Bongfu53, deleted 
109.6351, Bongfu62, AI
111.0725, Alcoholic36, shoot, Betrayal59, False
112.4525, Foe40, shoot, Player, False
113.0077, Coward60, deleted 
113.0077, Coward63, AI
113.4525, Adjuster8, shoot, Foe40, False
113.6889, Betrayal59, deleted 
113.6889, Betrayal64, AI
115.6992, Juicehead61, deleted 
115.6992, Juicehead65, AI
116.4925, Alcoholic36, shoot, Adjuster8, False
116.8325, Adjuster8, shoot, Betrayal64, False
116.8525, Adjuster8, shoot, Foe40, False
117.5525, Adjuster8, shoot, Bongfu62, False
117.9325, Alcoholic36, shoot, Adjuster8, False
118.0525, Adjuster8, shoot, Foe40, False
118.7925, Player, shoot, Foe40, False
119.2125, Adjuster8, shoot, Juicehead65, False
119.4325, Adjuster8, shoot, Juicehead65, False
120.0725, Foe40, shoot, Lush56, False
120.384, Betrayal64, deleted 
120.384, Betrayal66, AI
120.7525, Player, shoot, Foe40, False
121.2925, Adjuster8, shoot, Adjuster8, False
121.8925, Juicehead65, shoot, Lush56, False
122.5325, Adjuster8, shoot, Player, False
122.6925, Foe40, shoot, Player, False
124.5853, Juicehead65, deleted 
124.5853, Juicehead67, AI
124.7525, Adjuster8, shoot, Bongfu62, False
124.9125, Adjuster8, shoot, Foe40, False
125.2328, Lush56, deleted 
125.2328, Lush68, AI
125.2992, Betrayal66, deleted 
125.2992, Betrayal69, AI
126.0925, Foe40, shoot, Foe40, False
126.7125, Foe40, shoot, Foe40, False
126.8525, Adjuster8, shoot, Player, False
127.1525, Adjuster8, shoot, Player, False
127.6569, Coward63, deleted 
127.6569, Coward70, AI
128.3212, Alcoholic36, deleted 
128.3212, Alcoholic71, AI
129.6125, Foe40, shoot, Betrayal69, False
129.6125, Foe40, shoot, Betrayal69, False
129.6925, Adjuster8, shoot, Player, False
130.9725, Drunkard55, shoot, Coward70, False
130.9958, Juicehead67, deleted 
130.9958, Juicehead72, AI
131.1925, Foe40, shoot, Bongfu62, False
131.5125, Adjuster8, shoot, Bongfu62, False
132.2125, Foe40, shoot, Adjuster8, False
132.2585, Betrayal69, deleted 
132.2585, Betrayal73, AI
132.9525, Player, shoot, Betrayal73, False
133.0125, Foe40, shoot, Drunkard55, False
133.2925, Lush68, shoot, Lush68, False
133.3725, Foe40, shoot, Drunkard55, False
133.8197, Coward70, deleted 
133.8197, Coward74, AI
134.8125, Drunkard55, shoot, Drunkard55, False
135.0525, Foe40, shoot, Adjuster8, False
135.1925, Foe40, shoot, Bongfu62, False
135.7125, Drunkard55, shoot, Drunkard55, False
136.8581, Drunkard55, deleted 
136.8581, Drunkard75, AI
136.9725, Foe40, shoot, Adjuster8, False
137.1525, Foe40, shoot, Adjuster8, True
137.157, Adjuster76, AI
137.4925, Bongfu62, shoot, Lush68, False
137.8525, Foe40, shoot, Coward74, False
138.0536, Betrayal73, deleted 
138.0536, Betrayal77, AI
138.9525, Adjuster76, shoot, Player, False
140.0925, Player, shoot, Drunkard75, False
140.1125, Foe40, shoot, Adjuster76, False
140.262, Juicehead72, deleted 
140.262, Juicehead78, AI
140.3725, Bongfu62, shoot, Lush68, False
140.3925, Player, shoot, Drunkard75, False
140.3925, Player, shoot, Drunkard75, False
140.3925, Player, shoot, Drunkard75, False
140.4525, Foe40, shoot, Adjuster76, False
140.6725, Bongfu62, shoot, Lush68, False
140.7925, Player, shoot, Betrayal77, False
140.9725, Foe40, shoot, Betrayal77, False
141.4525, Foe40, shoot, Adjuster76, False
141.5737, Lush68, deleted 
141.5737, Lush79, AI
141.7065, Coward74, deleted 
141.7065, Coward80, AI
141.9925, Drunkard75, shoot, Player, False
142.3125, Player, shoot, Juicehead78, False
143.1125, Foe40, shoot, Adjuster76, False
143.1178, Bongfu62, deleted 
143.1178, Bongfu81, AI
144.2802, Betrayal77, deleted 
144.2802, Betrayal82, AI
145.8925, Foe40, shoot, Foe40, False
146.4125, Player, shoot, Bongfu81, False
146.9874, Alcoholic71, deleted 
146.9874, Alcoholic83, AI
147.3196, Coward80, deleted 
147.3196, Coward84, AI
147.3325, Drunkard75, shoot, Player, False
147.5925, Drunkard75, shoot, Player, False
147.5925, Drunkard75, shoot, Player, True
147.5925, Drunkard75, shoot, Bongfu81, False
147.6325, Player, shoot, Bongfu81, False
147.6325, Player, shoot, Bongfu81, False
147.6325, Player, shoot, Drunkard75, False
147.6325, Player, shoot, Drunkard75, False
148.1925, Bongfu81, shoot, Drunkard75, False
148.3125, Adjuster76, shoot, Adjuster76, False
Normal Close
