Game Time: 2022/2/16 15:49:50
Version: 1.0.0.2 with bullet collision times = 0
0, Player, player
0, Coward1, AI
0, Betrayal2, AI
0, Drunkard3, AI
0, Foe4, AI
0, Juicehead5, AI
0, Alcoholic6, AI
0, Lush7, AI
0, Adjuster8, AI
0, Bongfu9, AI
2.153091, Player, shoot, Adjuster8, False
2.833091, Alcoholic6, shoot, Lush7, False
3.073092, Adjuster8, shoot, Player, False
4.093091, Drunkard3, shoot, Alcoholic6, False
5.653091, Alcoholic6, shoot, Player, False
6.153091, Foe4, shoot, Player, False
6.273091, Alcoholic6, shoot, Player, False
7.093091, Adjuster8, shoot, Alcoholic6, False
7.213091, Bongfu9, shoot, Adjuster8, False
7.473091, Alcoholic6, shoot, Player, False
8.073092, Alcoholic6, shoot, Player, False
8.273091, Adjuster8, shoot, Alcoholic6, False
8.693186, Betrayal2, deleted 
8.693186, Betrayal10, AI
8.713091, Alcoholic6, shoot, Player, False
9.173091, Adjuster8, shoot, Alcoholic6, False
9.513091, Adjuster8, shoot, Alcoholic6, False
10.13309, Adjuster8, shoot, Alcoholic6, False
10.95309, Alcoholic6, shoot, Foe4, False
11.01309, Adjuster8, shoot, Alcoholic6, False
11.17309, Player, shoot, Alcoholic6, False
11.31309, Adjuster8, shoot, Alcoholic6, False
11.31309, Drunkard3, shoot, Bongfu9, False
11.65309, Alcoholic6, shoot, Player, False
12.35309, Bongfu9, shoot, Juicehead5, False
13.93309, Coward1, shoot, Betrayal10, False
14.67309, Alcoholic6, shoot, Drunkard3, False
14.90448, Betrayal10, deleted 
14.90448, Betrayal11, AI
16.29309, Player, shoot, Player, False
17.81309, Drunkard3, shoot, Betrayal11, False
18.15309, Lush7, shoot, Juicehead5, False
19.51309, Player, shoot, Foe4, False
19.51309, Player, shoot, Foe4, False
19.68761, Alcoholic6, deleted 
19.68761, Alcoholic12, AI
20.61309, Bongfu9, shoot, Juicehead5, False
20.83372, Betrayal11, deleted 
20.83372, Betrayal13, AI
20.85309, Lush7, shoot, Drunkard3, False
21.77309, Player, shoot, Player, True
Normal Close
