Game Time: 2022/2/16 15:47:06
Version: 1.0.0.2 with bullet collision times = 0
0, Player, player
0, Coward1, AI
0, Betrayal2, AI
0, Drunkard3, AI
0, Foe4, AI
0, Juicehead5, AI
0, Alcoholic6, AI
0, Lush7, AI
0, Adjuster8, AI
0, Bongfu9, AI
1.180236, Coward1, shoot, Adjuster8, False
2.740236, Foe4, shoot, Bongfu9, False
3.720236, Foe4, shoot, Foe4, False
6.132357, Alcoholic6, deleted 
6.132357, Alcoholic10, AI
6.420236, Drunkard3, shoot, Player, False
6.763667, Coward1, deleted 
6.763667, Coward11, AI
6.980236, Foe4, shoot, Adjuster8, False
7.320236, Drunkard3, shoot, Drunkard3, False
7.561198, Betrayal2, deleted 
7.561198, Betrayal12, AI
8.520236, Drunkard3, shoot, Drunkard3, False
8.820236, Drunkard3, shoot, Drunkard3, False
9.120236, Drunkard3, shoot, Drunkard3, False
9.371692, Drunkard3, deleted 
9.371692, Drunkard13, AI
9.780236, Bongfu9, shoot, Lush7, False
10.62024, Foe4, shoot, Coward11, False
10.64024, Adjuster8, shoot, Coward11, False
11.81341, Juicehead5, deleted 
11.81341, Juicehead14, AI
12.94024, Drunkard13, shoot, Foe4, False
14.88684, Betrayal12, deleted 
14.88684, Betrayal15, AI
15.52024, Coward11, shoot, Alcoholic10, False
16.56024, Player, shoot, Betrayal15, False
16.60023, Bongfu9, shoot, Foe4, False
17.52024, Betrayal15, shoot, Adjuster8, False
18.0923, Coward11, deleted 
18.0923, Coward16, AI
18.10023, Adjuster8, shoot, Coward16, False
18.64058, Drunkard13, deleted 
18.64058, Drunkard17, AI
19.28024, Adjuster8, shoot, Drunkard17, False
19.44024, Adjuster8, shoot, Player, False
19.56024, Coward11, shoot, Betrayal15, False
20.12024, Adjuster8, shoot, Drunkard17, False
21.28024, Alcoholic10, shoot, Juicehead14, False
21.62024, Juicehead14, shoot, Alcoholic10, False
21.62024, Alcoholic10, shoot, Juicehead14, False
21.68023, Alcoholic10, shoot, Foe4, False
21.81306, Betrayal15, deleted 
21.81306, Betrayal18, AI
21.84023, Player, shoot, Lush7, False
21.84023, Player, shoot, Foe4, False
22.10023, Coward16, shoot, Juicehead14, False
22.26023, Adjuster8, shoot, Lush7, False
22.30024, Alcoholic10, shoot, Coward16, False
22.32024, Juicehead14, shoot, Alcoholic10, False
22.52024, Adjuster8, shoot, Drunkard17, False
23.14024, Lush7, shoot, Player, False
23.40024, Lush7, shoot, Player, False
23.44024, Player, shoot, Adjuster8, False
24.00024, Drunkard17, shoot, Foe4, False
24.00024, Foe4, shoot, Drunkard17, False
24.08024, Lush7, shoot, Foe4, False
24.92023, Lush7, shoot, Drunkard17, False
25.45038, Bongfu9, deleted 
25.45038, Bongfu19, AI
26.66024, Adjuster8, shoot, Player, False
26.72024, Lush7, shoot, Betrayal18, False
26.80024, Foe4, shoot, Foe4, False
27.96024, Lush7, shoot, Betrayal18, False
28.04103, Juicehead14, deleted 
28.04103, Juicehead20, AI
28.24024, Foe4, shoot, Adjuster8, False
28.78024, Foe4, shoot, Adjuster8, False
29.36024, Alcoholic10, shoot, Betrayal18, False
29.80024, Alcoholic10, shoot, Betrayal18, False
30.11678, Drunkard17, deleted 
30.11678, Drunkard21, AI
30.30024, Juicehead14, shoot, Lush7, False
30.30024, Betrayal18, shoot, Alcoholic10, False
30.32024, Alcoholic10, shoot, Betrayal18, False
30.98024, Betrayal18, shoot, Lush7, False
31.32024, Foe4, shoot, Adjuster8, False
31.71104, Lush7, deleted 
31.71104, Lush22, AI
31.72774, Alcoholic10, deleted 
31.72774, Alcoholic23, AI
32.02024, Player, shoot, Drunkard21, False
32.04322, Betrayal18, deleted 
32.04322, Betrayal24, AI
32.48024, Alcoholic23, shoot, Lush22, False
33.18884, Bongfu19, deleted 
33.18884, Bongfu25, AI
34.00024, Adjuster8, shoot, Adjuster8, False
34.16024, Coward16, shoot, Adjuster8, False
34.32024, Adjuster8, shoot, Adjuster8, False
34.80024, Player, shoot, Drunkard21, False
36.10023, Juicehead20, shoot, Juicehead20, False
36.12024, Betrayal24, shoot, Betrayal24, False
37.56023, Adjuster8, shoot, Coward16, False
38.10023, Lush22, shoot, Player, False
38.62024, Foe4, shoot, Drunkard21, False
38.66024, Juicehead20, shoot, Drunkard21, False
39.70023, Adjuster8, shoot, Coward16, False
40.99404, Bongfu25, deleted 
40.99404, Bongfu26, AI
41.24023, Adjuster8, shoot, Coward16, False
41.49211, Alcoholic23, deleted 
41.49211, Alcoholic27, AI
41.64024, Drunkard21, shoot, Player, False
42.58823, Betrayal24, deleted 
42.58823, Betrayal28, AI
42.66024, Foe4, shoot, Player, False
42.72023, Drunkard21, shoot, Player, False
45.26023, Adjuster8, shoot, Coward16, False
46.00024, Adjuster8, shoot, Juicehead20, False
46.16024, Player, shoot, Lush22, False
46.54023, Player, shoot, Lush22, False
46.84024, Foe4, shoot, Drunkard21, False
47.40023, Coward16, shoot, Adjuster8, False
48.16024, Drunkard21, shoot, Lush22, False
48.38023, Drunkard21, shoot, Lush22, False
48.56658, Bongfu26, deleted 
48.56658, Bongfu29, AI
48.66024, Alcoholic27, shoot, Lush22, False
48.88218, Betrayal28, deleted 
48.88218, Betrayal30, AI
49.32024, Drunkard21, shoot, Alcoholic27, False
49.66024, Player, shoot, Lush22, False
50.16024, Foe4, shoot, Player, False
50.82024, Betrayal30, shoot, Lush22, False
51.48024, Coward16, shoot, Foe4, False
52.42023, Coward16, shoot, Foe4, False
52.42023, Drunkard21, shoot, Alcoholic27, False
52.52023, Player, shoot, Lush22, False
52.56023, Foe4, shoot, Player, False
52.72023, Player, shoot, Alcoholic27, False
52.92023, Alcoholic27, shoot, Drunkard21, False
53.55023, Coward16, deleted 
53.55023, Coward31, AI
53.88023, Alcoholic27, shoot, Foe4, False
54.03207, Bongfu29, deleted 
54.03207, Bongfu32, AI
54.12024, Adjuster8, shoot, Betrayal30, False
54.16024, Lush22, shoot, Lush22, False
54.18024, Alcoholic27, shoot, Foe4, False
54.31435, Betrayal30, deleted 
54.31435, Betrayal33, AI
55.20023, Foe4, shoot, Alcoholic27, False
56.00024, Player, shoot, Coward31, False
56.30024, Foe4, shoot, Alcoholic27, False
56.40023, Lush22, shoot, Betrayal33, False
57.00024, Player, shoot, Coward31, False
57.02023, Foe4, shoot, Player, False
57.64024, Player, shoot, Coward31, False
58.48444, Lush22, deleted 
58.48444, Lush34, AI
58.78024, Foe4, shoot, Coward31, False
59.52023, Drunkard21, shoot, Drunkard21, False
59.71333, Betrayal33, deleted 
59.71333, Betrayal35, AI
61.42023, Adjuster8, shoot, Juicehead20, False
61.60023, Adjuster8, shoot, Foe4, False
61.70023, Adjuster8, shoot, Alcoholic27, False
62.14024, Foe4, shoot, Lush34, False
62.1554, Bongfu32, deleted 
62.1554, Bongfu36, AI
62.16024, Adjuster8, shoot, Coward31, False
62.42129, Alcoholic27, deleted 
62.42129, Alcoholic37, AI
63.46024, Bongfu36, shoot, Alcoholic37, False
63.78024, Adjuster8, shoot, Lush34, False
64.30023, Adjuster8, shoot, Coward31, False
64.50024, Betrayal35, shoot, Adjuster8, False
64.60023, Coward31, shoot, Juicehead20, False
64.90024, Adjuster8, shoot, Betrayal35, False
64.92023, Foe4, shoot, Foe4, False
65.06023, Coward31, shoot, Lush34, False
65.5284, Lush34, deleted 
65.5284, Lush38, AI
65.92713, Coward31, deleted 
65.92713, Coward39, AI
66.67448, Betrayal35, deleted 
66.67448, Betrayal40, AI
67.80023, Adjuster8, shoot, Drunkard21, False
68.50024, Foe4, shoot, Foe4, True
68.50114, Foe41, AI
68.82024, Foe4, shoot, Adjuster8, False
68.88023, Adjuster8, shoot, Bongfu36, False
69.22024, Drunkard21, shoot, Bongfu36, False
69.30023, Player, shoot, Betrayal40, False
70.40024, Player, shoot, Foe41, False
71.16023, Adjuster8, shoot, Lush38, False
71.36024, Adjuster8, get, Horse
71.78024, Drunkard21, shoot, Coward39, False
71.85676, Juicehead20, deleted 
71.85676, Juicehead42, AI
72.1226, Coward39, deleted 
72.1226, Coward43, AI
72.2887, Lush38, deleted 
72.2887, Lush44, AI
72.72024, Player, shoot, Foe41, False
73.62023, Foe41, shoot, Foe41, False
73.83344, Alcoholic37, deleted 
73.83344, Alcoholic45, AI
74.84668, Betrayal40, deleted 
74.84668, Betrayal46, AI
76.24023, Adjuster8, shoot, Coward43, False
76.38023, Adjuster8, shoot, Coward43, False
77.40024, Player, shoot, Alcoholic45, False
77.58023, Player, shoot, Foe41, False
77.68024, Player, shoot, Alcoholic45, False
78.6506, Bongfu36, deleted 
78.6506, Bongfu47, AI
78.82024, Adjuster8, shoot, Lush44, False
79.46024, Player, shoot, Foe41, False
79.92023, Foe41, shoot, Foe41, False
80.56023, Adjuster8, shoot, Foe41, False
81.04292, Betrayal46, deleted 
81.04292, Betrayal48, AI
81.18024, Adjuster8, shoot, Foe41, False
81.54119, Drunkard21, deleted 
81.54119, Drunkard49, AI
82.10592, Lush44, deleted 
82.10592, Lush50, AI
82.15594, Coward43, deleted 
82.15594, Coward51, AI
82.46024, Player, shoot, Betrayal48, False
82.52023, Player, shoot, Betrayal48, False
82.60023, Player, shoot, Player, False
82.88023, Adjuster8, shoot, Bongfu47, False
83.02023, Adjuster8, shoot, Foe41, False
83.98023, Adjuster8, shoot, Foe41, True
83.98276, Foe52, AI
84.21559, Juicehead42, deleted 
84.21559, Juicehead53, AI
84.70023, Juicehead53, shoot, Juicehead53, False
85.8101, Alcoholic45, deleted 
85.8101, Alcoholic54, AI
85.82024, Foe41, shoot, Alcoholic54, False
86.58023, Alcoholic54, shoot, Alcoholic54, False
86.60023, Player, shoot, Foe52, False
86.66023, Coward51, shoot, Foe52, False
87.75338, Betrayal48, deleted 
87.75338, Betrayal55, AI
88.48023, Player, shoot, Foe52, False
88.66668, Juicehead53, deleted 
88.66668, Juicehead56, AI
88.92023, Foe52, shoot, Foe52, False
89.02023, Foe52, shoot, Juicehead56, False
89.94565, Drunkard49, deleted 
89.94565, Bongfu47, deleted 
89.94565, Drunkard57, AI
89.96222, Bongfu58, AI
90.00024, Adjuster8, shoot, Betrayal55, False
91.49081, Coward51, deleted 
91.49081, Coward59, AI
92.67051, Betrayal55, deleted 
92.67051, Betrayal60, AI
94.94023, Foe52, shoot, Betrayal60, False
95.14024, Foe52, shoot, Betrayal60, False
95.38023, Foe52, shoot, Betrayal60, False
95.42023, Foe52, shoot, Bongfu58, False
96.00024, Foe52, shoot, Bongfu58, False
96.66023, Adjuster8, shoot, Juicehead56, False
96.90023, Bongfu58, shoot, Foe52, False
97.20023, Bongfu58, shoot, Foe52, False
97.80023, Foe52, shoot, Bongfu58, False
98.70023, Foe52, shoot, Bongfu58, False
99.00024, Coward59, shoot, Betrayal60, False
99.02023, Foe52, shoot, Bongfu58, False
99.02023, Foe52, shoot, Bongfu58, False
99.84023, Betrayal60, shoot, Adjuster8, False
100.4002, Betrayal60, shoot, Adjuster8, False
100.9002, Lush50, shoot, Lush50, False
100.9602, Betrayal60, shoot, Coward59, False
101.5249, Betrayal60, deleted 
101.5249, Betrayal61, AI
101.7077, Coward59, deleted 
101.7077, Coward62, AI
102.2229, Alcoholic54, deleted 
102.2229, Alcoholic63, AI
105.0602, Bongfu58, shoot, Lush50, False
106.8402, Adjuster8, shoot, Coward62, False
107.0802, Lush50, shoot, Betrayal61, False
107.8033, Coward62, deleted 
107.8033, Coward64, AI
108.4802, Adjuster8, shoot, Betrayal61, False
108.5802, Lush50, shoot, Foe52, False
108.8802, Lush50, shoot, Foe52, False
109.8462, Betrayal61, deleted 
109.8462, Betrayal65, AI
114.2802, Adjuster8, shoot, Juicehead56, False
114.3473, Alcoholic63, deleted 
114.3473, Alcoholic66, AI
114.53, Betrayal65, deleted 
114.53, Betrayal67, AI
115.1402, Bongfu58, shoot, Lush50, False
115.1802, Adjuster8, shoot, Juicehead56, False
115.2608, Coward64, deleted 
115.2608, Coward68, AI
115.5002, Adjuster8, shoot, Juicehead56, False
116.1202, Adjuster8, shoot, Juicehead56, False
117.2202, Bongfu58, shoot, Drunkard57, False
118.9202, Coward68, shoot, Coward68, False
120.1202, Coward68, shoot, Coward68, False
120.4202, Coward68, shoot, Coward68, False
120.9238, Juicehead56, deleted 
120.9238, Juicehead69, AI
121.7211, Betrayal67, deleted 
121.7211, Betrayal70, AI
121.8202, Adjuster8, shoot, Bongfu58, False
122.5002, Foe52, shoot, Alcoholic66, False
123.7202, Juicehead69, shoot, Player, False
125.1254, Bongfu58, deleted 
125.1254, Bongfu71, AI
125.3081, Lush50, deleted 
125.3081, Lush72, AI
128.5141, Juicehead69, deleted 
128.5141, Juicehead73, AI
128.9125, Drunkard57, deleted 
128.9125, Drunkard74, AI
129.3114, Coward68, deleted 
129.3114, Coward75, AI
129.6434, Betrayal70, deleted 
129.6434, Betrayal76, AI
129.6602, Coward75, shoot, Betrayal76, False
129.6602, Betrayal76, shoot, Coward75, False
130.8002, Betrayal76, shoot, Lush72, False
132.1202, Player, shoot, Foe52, False
132.9402, Player, shoot, Lush72, False
133.3202, Foe52, shoot, Foe52, False
134.2402, Juicehead73, shoot, Lush72, False
135.1202, Alcoholic66, shoot, Alcoholic66, False
135.5602, Foe52, shoot, Adjuster8, False
135.5894, Drunkard74, deleted 
135.5894, Drunkard77, AI
136.1402, Adjuster8, shoot, Player, False
136.4602, Adjuster8, shoot, Player, False
136.8002, Juicehead73, shoot, Player, False
136.8002, Player, shoot, Juicehead73, False
137.0202, Foe52, shoot, Player, False
137.1202, Adjuster8, shoot, Player, False
138.0202, Lush72, shoot, Adjuster8, False
138.3202, Player, shoot, Juicehead73, False
138.3466, Betrayal76, deleted 
138.3466, Betrayal78, AI
138.6202, Player, shoot, Juicehead73, False
139.0402, Foe52, shoot, Adjuster8, False
140.1402, Player, shoot, Juicehead73, False
141.9602, Lush72, shoot, Betrayal78, False
142.2821, Alcoholic66, deleted 
142.2821, Alcoholic79, AI
143.2602, Juicehead73, shoot, Adjuster8, False
144.0424, Betrayal78, deleted 
144.0424, Betrayal80, AI
144.3202, Adjuster8, shoot, Lush72, False
144.7602, Adjuster8, shoot, Drunkard77, False
146.0802, Adjuster8, shoot, Lush72, False
148.1273, Coward75, deleted 
148.1273, Coward81, AI
149.5885, Betrayal80, deleted 
149.5885, Betrayal82, AI
150.7839, Alcoholic79, deleted 
150.7839, Alcoholic83, AI
151.6602, Foe52, shoot, Betrayal82, False
152.1002, Player, shoot, Bongfu71, False
152.3802, Lush72, shoot, Player, False
152.5002, Lush72, shoot, Player, False
152.7202, Lush72, shoot, Player, False
152.9093, Drunkard77, deleted 
152.9093, Drunkard84, AI
152.9202, Lush72, shoot, Drunkard84, False
153.1002, Lush72, shoot, Player, False
153.1402, Adjuster8, shoot, Adjuster8, False
153.2802, Player, shoot, Bongfu71, False
154.4202, Player, shoot, Foe52, False
155.0002, Player, shoot, Foe52, False
155.0402, Bongfu71, shoot, Adjuster8, False
155.1402, Player, shoot, Foe52, False
155.5002, Lush72, shoot, Lush72, False
155.5662, Juicehead73, deleted 
155.5662, Juicehead85, AI
155.9147, Betrayal82, deleted 
155.9147, Betrayal86, AI
156.2602, Player, shoot, Alcoholic83, False
156.3602, Adjuster8, shoot, Foe52, False
157.3002, Foe52, shoot, Foe52, False
158.2002, Player, shoot, Adjuster8, False
160.0402, Adjuster8, shoot, Foe52, False
160.4402, Adjuster8, shoot, Player, False
161.4002, Adjuster8, shoot, Player, True
161.4002, Player, shoot, Adjuster8, True
162.1802, Foe52, shoot, Juicehead85, False
Normal Close
