Game Time: 2022/2/16 15:44:49
Version: 1.0.0.2 with bullet collision times = 0
0, Player, player
0, Coward1, AI
0, Betrayal2, AI
0, Drunkard3, AI
0, Foe4, AI
0, Juicehead5, AI
0, Alcoholic6, AI
0, Lush7, AI
0, Adjuster8, AI
0, Bongfu9, AI
2.020664, Player, shoot, Adjuster8, False
3.420664, Adjuster8, shoot, Player, False
3.600664, Player, shoot, Lush7, False
4.180664, Adjuster8, shoot, Lush7, False
4.820664, Player, shoot, Lush7, False
5.035971, Betrayal2, deleted 
5.035971, Betrayal10, AI
5.400664, Player, shoot, Lush7, False
5.860664, Adjuster8, shoot, Lush7, False
7.120664, Drunkard3, shoot, Bongfu9, False
7.220664, Juicehead5, shoot, Adjuster8, False
7.440664, Adjuster8, shoot, Foe4, False
9.500664, Lush7, shoot, Foe4, False
9.780663, Drunkard3, shoot, Adjuster8, False
10.40066, Player, shoot, Lush7, False
10.48301, Betrayal10, deleted 
10.48301, Betrayal11, AI
11.06066, Lush7, shoot, Adjuster8, False
11.64066, Adjuster8, shoot, Betrayal11, False
11.74066, Adjuster8, shoot, Betrayal11, False
11.88066, Drunkard3, shoot, Adjuster8, False
11.92066, Adjuster8, shoot, Betrayal11, False
12.02066, Bongfu9, shoot, Foe4, False
12.52066, Lush7, shoot, Betrayal11, False
13.00066, Bongfu9, shoot, Foe4, False
13.12066, Lush7, shoot, Drunkard3, False
14.32066, Betrayal11, shoot, Juicehead5, False
14.96066, Foe4, shoot, Juicehead5, False
15.06066, Foe4, shoot, Adjuster8, False
15.54066, Foe4, shoot, Drunkard3, False
15.98066, Foe4, shoot, Coward1, False
16.20066, Adjuster8, shoot, Coward1, False
16.20066, Adjuster8, shoot, Coward1, False
16.20066, Adjuster8, shoot, Coward1, False
16.24066, Adjuster8, shoot, Player, False
16.24066, Foe4, shoot, Coward1, False
17.00066, Betrayal11, shoot, Coward1, False
17.06066, Foe4, shoot, Player, False
17.16066, Adjuster8, shoot, Betrayal11, False
18.24066, Foe4, shoot, Drunkard3, False
18.34066, Drunkard3, shoot, Player, False
18.34066, Adjuster8, shoot, Drunkard3, False
18.60066, Drunkard3, shoot, Coward1, False
18.66066, Drunkard3, shoot, Player, False
18.80066, Adjuster8, shoot, Drunkard3, False
20.04066, Foe4, shoot, Player, False
20.50066, Coward1, shoot, Coward1, False
20.81333, Betrayal11, deleted 
20.81333, Betrayal12, AI
21.70066, Adjuster8, shoot, Adjuster8, False
21.72066, Drunkard3, shoot, Drunkard3, False
21.72066, Adjuster8, shoot, Adjuster8, False
23.62066, Adjuster8, shoot, Foe4, False
24.66066, Foe4, shoot, Player, False
25.05028, Coward1, deleted 
25.05028, Coward13, AI
25.96066, Player, shoot, Coward13, False
26.80066, Adjuster8, shoot, Player, False
27.14264, Betrayal12, deleted 
27.14264, Betrayal14, AI
28.08927, Bongfu9, deleted 
28.08927, Bongfu15, AI
30.40066, Adjuster8, shoot, Foe4, False
31.30066, Lush7, shoot, Bongfu15, False
31.30066, Adjuster8, shoot, Foe4, False
32.30689, Betrayal14, deleted 
32.30689, Betrayal16, AI
33.18066, Player, shoot, Lush7, False
33.56067, Foe4, shoot, Lush7, False
34.36066, Foe4, shoot, Adjuster8, False
35.46066, Adjuster8, shoot, Lush7, False
37.12252, Betrayal16, deleted 
37.12252, Betrayal17, AI
37.42066, Adjuster8, shoot, Foe4, False
37.60066, Player, shoot, Player, False
37.64066, Foe4, shoot, Adjuster8, False
38.42066, Foe4, shoot, Adjuster8, True
38.43438, Adjuster18, AI
39.16066, Drunkard3, shoot, Bongfu15, False
40.70948, Bongfu15, deleted 
40.70948, Bongfu19, AI
40.90066, Player, shoot, Adjuster18, False
41.00066, Player, shoot, Adjuster18, False
41.38066, Player, shoot, Adjuster18, False
42.07116, Coward13, deleted 
42.07116, Coward20, AI
42.46066, Adjuster18, shoot, Foe4, False
42.78555, Betrayal17, deleted 
42.78555, Betrayal21, AI
45.00066, Foe4, shoot, Juicehead5, False
45.47592, Lush7, deleted 
45.47592, Lush22, AI
46.10066, Foe4, shoot, Adjuster18, False
46.60066, Drunkard3, shoot, Alcoholic6, False
46.84066, Foe4, shoot, Adjuster18, False
47.32066, Drunkard3, shoot, Juicehead5, False
47.34066, Adjuster18, shoot, Player, False
47.46066, Adjuster18, shoot, Player, False
49.02988, Betrayal21, deleted 
49.02988, Betrayal23, AI
50.88066, Player, shoot, Coward20, False
51.30066, Foe4, shoot, Player, False
52.25188, Lush22, deleted 
52.25188, Lush24, AI
52.30066, Betrayal23, shoot, Betrayal23, False
52.45113, Coward20, deleted 
52.45113, Coward25, AI
53.763, Alcoholic6, deleted 
53.763, Alcoholic26, AI
53.78066, Player, shoot, Foe4, False
54.20066, Player, shoot, Coward25, False
54.64066, Juicehead5, shoot, Adjuster18, False
54.72638, Betrayal23, deleted 
54.72638, Betrayal27, AI
55.14066, Player, shoot, Lush24, False
56.20066, Foe4, shoot, Betrayal27, False
56.86066, Foe4, shoot, Player, True
56.98066, Juicehead5, shoot, Betrayal27, False
Normal Close
