Game Time: 2022/2/16 15:13:01
Version: 1.0.0.2 with bullet collision times = 3
0, Player, player
0, Coward1, AI
0, Betrayal2, AI
0, Drunkard3, AI
0, Foe4, AI
0, Juicehead5, AI
0, Alcoholic6, AI
0, Lush7, AI
0, Adjuster8, AI
0, Bongfu9, AI
0.3121246, Coward1, shoot, Coward1, False
2.452125, Coward1, shoot, Juicehead5, False
2.512125, Foe4, shoot, Adjuster8, False
2.952125, Coward1, shoot, Drunkard3, False
3.844388, Betrayal2, deleted 
3.844388, Betrayal10, AI
4.812125, Foe4, shoot, Foe4, False
5.006958, Lush7, deleted 
5.006958, Lush11, AI
5.012125, Adjuster8, shoot, Foe4, False
5.023548, Alcoholic6, deleted 
5.023548, Alcoholic12, AI
5.532125, Betrayal10, shoot, Alcoholic12, False
5.532125, Coward1, shoot, Foe4, False
5.588279, Juicehead5, deleted 
5.588279, Juicehead13, AI
5.812124, Coward1, shoot, Coward1, False
5.972125, Juicehead13, shoot, Alcoholic12, False
6.892125, Coward1, shoot, Foe4, False
7.747382, Drunkard3, deleted 
7.747382, Drunkard14, AI
7.972125, Adjuster8, shoot, Coward1, False
8.232124, Coward1, shoot, Foe4, False
8.252125, Alcoholic12, shoot, Bongfu9, False
9.152124, Coward1, shoot, Adjuster8, False
9.712125, Foe4, shoot, Juicehead13, False
11.27212, Lush11, shoot, Alcoholic12, False
11.71212, Foe4, shoot, Drunkard14, False
11.99873, Betrayal10, deleted 
11.99873, Betrayal15, AI
13.09504, Coward1, deleted 
13.09504, Coward16, AI
13.7594, Juicehead13, deleted 
13.7594, Juicehead17, AI
14.79212, Alcoholic12, shoot, Bongfu9, False
14.8056, Drunkard14, deleted 
14.8056, Drunkard18, AI
15.73212, Coward16, shoot, Drunkard18, False
16.19212, Lush11, shoot, Alcoholic12, False
16.19212, Alcoholic12, shoot, Lush11, False
16.39212, Juicehead17, shoot, Juicehead17, False
17.34688, Betrayal15, deleted 
17.34688, Betrayal19, AI
17.3967, Lush11, deleted 
17.3967, Lush20, AI
17.61266, Alcoholic12, deleted 
17.61266, Alcoholic21, AI
19.0576, Juicehead17, deleted 
19.0576, Juicehead22, AI
19.32333, Coward16, deleted 
19.32333, Coward23, AI
19.33212, Alcoholic21, shoot, Coward23, False
19.91212, Alcoholic21, shoot, Alcoholic21, False
21.23212, Alcoholic21, shoot, Coward23, False
21.65212, Player, shoot, Alcoholic21, False
22.27212, Bongfu9, shoot, Juicehead22, False
22.41212, Foe4, shoot, Alcoholic21, False
22.55212, Foe4, shoot, Alcoholic21, False
22.67212, Adjuster8, shoot, Juicehead22, False
22.83212, Foe4, shoot, Alcoholic21, False
22.94415, Betrayal19, deleted 
22.94415, Betrayal24, AI
23.21212, Alcoholic21, shoot, Alcoholic21, False
23.35212, Juicehead22, shoot, Lush20, False
23.59212, Adjuster8, shoot, Juicehead22, False
23.65212, Alcoholic21, shoot, Alcoholic21, False
24.15212, Alcoholic21, shoot, Alcoholic21, False
24.55212, Alcoholic21, shoot, Bongfu9, False
24.73212, Coward23, shoot, Coward23, False
25.01212, Foe4, shoot, Foe4, False
25.19212, Lush20, shoot, Bongfu9, False
25.49212, Player, shoot, Lush20, False
25.89212, Foe4, shoot, Adjuster8, False
26.41212, Adjuster8, shoot, Foe4, False
26.51212, Bongfu9, shoot, Lush20, False
26.91212, Bongfu9, shoot, Bongfu9, False
27.95212, Lush20, shoot, Lush20, False
28.13212, Foe4, shoot, Bongfu9, False
28.65751, Drunkard18, deleted 
28.65751, Drunkard25, AI
28.85212, Foe4, shoot, Adjuster8, False
29.38829, Juicehead22, deleted 
29.38829, Juicehead26, AI
29.42152, Lush20, deleted 
29.42152, Lush27, AI
29.88664, Betrayal24, deleted 
29.88664, Betrayal28, AI
30.63212, Foe4, shoot, Adjuster8, False
30.69212, Coward23, shoot, Coward23, False
30.99212, Foe4, shoot, Bongfu9, False
31.31212, Coward23, shoot, Coward23, False
31.35212, Alcoholic21, shoot, Drunkard25, False
31.89212, Player, shoot, Lush27, False
32.47212, Adjuster8, shoot, Foe4, False
32.49212, Lush27, shoot, Lush27, False
33.19212, Coward23, shoot, Juicehead26, False
33.72348, Drunkard25, deleted 
33.72348, Drunkard29, AI
33.97212, Adjuster8, shoot, Foe4, False
34.03901, Betrayal28, deleted 
34.03901, Betrayal30, AI
34.21212, Alcoholic21, shoot, Foe4, False
34.95213, Coward23, shoot, Coward23, False
35.39212, Alcoholic21, shoot, Foe4, False
35.51212, Foe4, shoot, Bongfu9, False
35.55212, Alcoholic21, shoot, Bongfu9, False
35.81212, Alcoholic21, shoot, Foe4, True
35.8157, Foe31, AI
35.85212, Bongfu9, shoot, Player, False
36.05212, Adjuster8, shoot, Player, False
36.29212, Alcoholic21, shoot, Adjuster8, False
36.3803, Lush27, deleted 
36.3803, Lush32, AI
37.17212, Coward23, shoot, Drunkard29, False
37.35212, Alcoholic21, shoot, Alcoholic21, False
37.41212, Adjuster8, get, Horse
37.57212, Player, shoot, Alcoholic21, False
37.59212, Alcoholic21, shoot, Alcoholic21, True
37.59262, Alcoholic33, AI
37.61213, Adjuster8, shoot, Adjuster8, False
37.69212, Bongfu9, shoot, Lush32, False
37.91212, Alcoholic21, shoot, Adjuster8, False
37.93213, Bongfu9, shoot, Foe31, False
38.01212, Alcoholic21, shoot, Adjuster8, False
38.11213, Foe31, shoot, Bongfu9, False
38.15212, Player, shoot, Adjuster8, False
38.93787, Coward23, deleted 
38.93787, Coward34, AI
38.98769, Juicehead26, deleted 
38.98769, Juicehead35, AI
38.99212, Adjuster8, shoot, Player, False
38.99212, Adjuster8, shoot, Player, False
39.31212, Adjuster8, shoot, Player, False
39.40282, Betrayal30, deleted 
39.40282, Betrayal36, AI
39.49212, Bongfu9, shoot, Coward34, False
39.59212, Player, shoot, Adjuster8, False
39.59212, Adjuster8, shoot, Player, False
39.59212, Adjuster8, shoot, Player, False
39.59212, Player, shoot, Adjuster8, True
39.6021, Adjuster37, AI
39.63212, Adjuster8, shoot, Player, False
39.69212, Adjuster8, shoot, Foe31, False
39.69212, Bongfu9, shoot, Player, False
39.97212, Adjuster8, shoot, Betrayal36, False
40.05212, Lush32, shoot, Lush32, False
40.09212, Bongfu9, shoot, Coward34, False
40.53218, Drunkard29, deleted 
40.53218, Drunkard38, AI
41.29212, Coward34, shoot, Coward34, False
41.45213, Player, shoot, Adjuster37, False
41.51212, Alcoholic33, shoot, Alcoholic33, False
41.53212, Player, shoot, Adjuster37, False
41.65212, Player, shoot, Coward34, False
42.59212, Player, shoot, Drunkard38, False
42.59212, Player, shoot, Drunkard38, False
42.87212, Bongfu9, shoot, Juicehead35, False
43.11213, Adjuster37, shoot, Drunkard38, False
43.90363, Alcoholic33, deleted 
43.90363, Alcoholic39, AI
43.93213, Player, shoot, Adjuster37, False
43.99212, Lush32, shoot, Lush32, False
44.95212, Drunkard38, shoot, Juicehead35, False
45.44825, Betrayal36, deleted 
45.44825, Betrayal40, AI
45.45212, Player, shoot, Bongfu9, False
45.69212, Coward34, shoot, Coward34, False
46.04623, Drunkard38, deleted 
46.04623, Drunkard41, AI
46.15212, Adjuster37, shoot, Player, True
46.31212, Player, shoot, Alcoholic39, False
46.59212, Foe31, shoot, Adjuster37, False
46.73212, Bongfu9, shoot, Foe31, False
46.93213, Foe31, shoot, Adjuster37, False
47.21212, Bongfu9, shoot, Drunkard41, False
Normal Close
