Game Time: 2022/2/16 15:16:17
Version: 1.0.0.2 with bullet collision times = 3
0, Player, player
0, Coward1, AI
0, Betrayal2, AI
0, Drunkard3, AI
0, Foe4, AI
0, Juicehead5, AI
0, Alcoholic6, AI
0, Lush7, AI
0, Adjuster8, AI
0, Bongfu9, AI
2.083996, Foe4, shoot, Lush7, False
2.703996, Bongfu9, shoot, Bongfu9, False
3.083996, Lush7, shoot, Alcoholic6, False
3.263996, Bongfu9, shoot, Foe4, False
4.483995, Alcoholic6, shoot, Alcoholic6, False
4.696265, Betrayal2, deleted 
4.696265, Betrayal10, AI
5.32746, Lush7, deleted 
5.32746, Lush11, AI
5.383996, Lush11, shoot, Betrayal10, False
5.543995, Alcoholic6, shoot, Coward1, False
6.108103, Juicehead5, deleted 
6.108103, Juicehead12, AI
6.839004, Drunkard3, deleted 
6.839004, Drunkard13, AI
7.204488, Bongfu9, deleted 
7.204488, Bongfu14, AI
7.283996, Lush11, shoot, Lush11, False
7.323996, Bongfu14, shoot, Drunkard13, False
9.343995, Betrayal10, shoot, Betrayal10, False
9.543996, Bongfu14, shoot, Player, False
9.923995, Adjuster8, shoot, Foe4, False
10.424, Lush11, shoot, Lush11, False
10.60993, Betrayal10, deleted 
10.60993, Betrayal15, AI
11.49044, Juicehead12, deleted 
11.49044, Juicehead16, AI
11.844, Adjuster8, shoot, Bongfu14, False
11.924, Alcoholic6, shoot, Bongfu14, False
12.044, Coward1, shoot, Adjuster8, False
12.444, Alcoholic6, shoot, Bongfu14, False
12.764, Alcoholic6, shoot, Bongfu14, False
13.024, Alcoholic6, shoot, Bongfu14, False
13.704, Adjuster8, shoot, Foe4, False
13.824, Alcoholic6, shoot, Lush11, False
15.51035, Betrayal15, deleted 
15.51035, Betrayal17, AI
15.6267, Bongfu14, deleted 
15.6267, Bongfu18, AI
16.144, Adjuster8, shoot, Foe4, False
16.49052, Drunkard13, deleted 
16.49052, Drunkard19, AI
16.564, Foe4, shoot, Adjuster8, False
17.73656, Lush11, deleted 
17.73656, Lush20, AI
19.144, Adjuster8, shoot, Alcoholic6, False
19.484, Foe4, shoot, Juicehead16, False
19.72981, Alcoholic6, deleted 
19.72981, Alcoholic21, AI
19.764, Foe4, shoot, Adjuster8, False
21.68399, Foe4, shoot, Bongfu18, False
22.10543, Bongfu18, deleted 
22.10543, Bongfu22, AI
23.23473, Juicehead16, deleted 
23.23473, Juicehead23, AI
23.28399, Betrayal17, shoot, Drunkard19, False
23.68399, Foe4, shoot, Adjuster8, False
24.44715, Betrayal17, deleted 
24.44715, Betrayal24, AI
24.96399, Adjuster8, shoot, Foe4, False
25.224, Adjuster8, shoot, Foe4, False
25.304, Alcoholic21, shoot, Alcoholic21, False
25.484, Foe4, shoot, Drunkard19, False
25.824, Adjuster8, shoot, Foe4, False
25.90929, Lush20, deleted 
25.90929, Lush25, AI
26.02399, Drunkard19, shoot, Coward1, False
26.78399, Foe4, shoot, Bongfu22, False
27.30477, Bongfu22, deleted 
27.30477, Bongfu26, AI
27.54399, Bongfu26, shoot, Bongfu26, False
27.78399, Adjuster8, shoot, Coward1, False
28.084, Foe4, shoot, Drunkard19, False
29.084, Alcoholic21, shoot, Alcoholic21, False
29.584, Foe4, shoot, Drunkard19, False
29.664, Alcoholic21, shoot, Alcoholic21, False
29.78399, Foe4, shoot, Foe4, False
30.11239, Juicehead23, deleted 
30.11239, Juicehead27, AI
30.584, Alcoholic21, shoot, Alcoholic21, False
30.59413, Coward1, deleted 
30.59413, Coward28, AI
30.70399, Foe4, shoot, Alcoholic21, False
30.904, Alcoholic21, shoot, Alcoholic21, False
31.084, Bongfu26, shoot, Bongfu26, False
31.12399, Foe4, shoot, Alcoholic21, False
31.304, Alcoholic21, shoot, Alcoholic21, False
31.46399, Foe4, shoot, Alcoholic21, False
31.78399, Drunkard19, shoot, Adjuster8, False
31.824, Alcoholic21, shoot, Foe4, False
31.884, Alcoholic21, shoot, Alcoholic21, True
31.88982, Alcoholic29, AI
32.00399, Alcoholic21, shoot, Foe4, False
32.084, Alcoholic21, shoot, Adjuster8, False
32.10577, Betrayal24, deleted 
32.10577, Betrayal30, AI
32.48399, Adjuster8, shoot, Adjuster8, False
34.02399, Foe4, shoot, Foe4, True
34.03278, Foe31, AI
34.09922, Drunkard19, deleted 
34.09922, Drunkard32, AI
34.80399, Foe4, shoot, Adjuster8, False
34.96399, Alcoholic29, shoot, Player, False
36.57412, Adjuster8, deleted 
36.57412, Adjuster33, AI
36.764, Bongfu26, shoot, Betrayal30, False
36.80399, Alcoholic21, shoot, Alcoholic29, False
36.90625, Betrayal30, deleted 
36.90625, Betrayal34, AI
36.93952, Coward28, deleted 
36.93952, Coward35, AI
37.924, Player, shoot, Player, False
38.104, Drunkard32, shoot, Drunkard32, False
38.14399, Juicehead27, shoot, Juicehead27, False
38.83324, Lush25, deleted 
38.83324, Lush36, AI
39.284, Player, shoot, Coward35, False
40.14555, Juicehead27, deleted 
40.14555, Juicehead37, AI
40.784, Drunkard32, shoot, Drunkard32, False
41.20864, Bongfu26, deleted 
41.20864, Bongfu38, AI
41.744, Drunkard32, shoot, Adjuster33, False
41.904, Drunkard32, shoot, Adjuster33, False
42.18399, Drunkard32, shoot, Adjuster33, False
43.08568, Coward35, deleted 
43.08568, Coward39, AI
43.14399, Alcoholic29, shoot, Alcoholic29, False
43.264, Adjuster33, shoot, Drunkard32, False
43.284, Alcoholic29, shoot, Alcoholic29, False
43.384, Adjuster33, shoot, Adjuster33, False
43.6172, Betrayal34, deleted 
43.6172, Betrayal40, AI
44.89609, Lush36, deleted 
44.89609, Lush41, AI
46.404, Drunkard32, shoot, Player, False
46.604, Alcoholic29, shoot, Foe31, False
47.10526, Juicehead37, deleted 
47.10526, Juicehead42, AI
47.12399, Adjuster33, shoot, Player, False
47.45424, Alcoholic29, deleted 
47.45424, Alcoholic43, AI
47.52399, Drunkard32, shoot, Player, False
48.00399, Juicehead42, shoot, Juicehead42, False
48.34399, Foe31, shoot, Bongfu38, False
48.71663, Coward39, deleted 
48.71663, Coward44, AI
50.224, Drunkard32, shoot, Foe31, False
50.50399, Player, shoot, Player, False
51.10851, Betrayal40, deleted 
51.10851, Betrayal45, AI
51.64399, Player, shoot, Adjuster33, False
51.82399, Player, shoot, Adjuster33, False
51.96399, Bongfu38, shoot, Foe31, False
52.384, Lush41, shoot, Lush41, False
52.70399, Betrayal45, shoot, Betrayal45, False
52.884, Adjuster33, shoot, Adjuster33, False
53.05178, Bongfu38, deleted 
53.05178, Bongfu46, AI
53.14399, Foe31, shoot, Adjuster33, False
53.23446, Coward44, deleted 
53.23446, Coward47, AI
53.26767, Drunkard32, deleted 
53.26767, Drunkard48, AI
53.41718, Juicehead42, deleted 
53.41718, Juicehead49, AI
54.084, Foe31, shoot, Foe31, False
54.32399, Foe31, shoot, Adjuster33, False
54.68399, Player, shoot, Juicehead49, False
55.48399, Player, shoot, Bongfu46, False
55.54399, Drunkard32, shoot, Alcoholic43, False
55.564, Lush41, shoot, Lush41, False
55.64399, Adjuster33, shoot, Foe31, False
55.924, Adjuster33, shoot, Foe31, False
56.04399, Foe31, shoot, Adjuster33, False
56.63836, Betrayal45, deleted 
56.63836, Betrayal50, AI
56.84399, Foe31, shoot, Juicehead49, False
56.98399, Foe31, shoot, Juicehead49, False
57.04399, Adjuster33, shoot, Foe31, False
57.224, Adjuster33, shoot, Lush41, False
57.34399, Adjuster33, shoot, Lush41, False
57.584, Foe31, shoot, Lush41, False
57.584, Foe31, shoot, Lush41, False
57.584, Foe31, shoot, Lush41, False
57.73443, Alcoholic43, deleted 
57.73443, Alcoholic51, AI
57.904, Player, shoot, Player, False
58.30399, Lush41, shoot, Adjuster33, True
58.31588, Adjuster52, AI
58.384, Bongfu46, shoot, Bongfu46, False
59.18399, Lush41, get, Horse
59.39587, Juicehead49, deleted 
59.39587, Juicehead53, AI
59.52399, Lush41, shoot, Foe31, False
59.744, Player, shoot, Alcoholic51, False
59.84447, Coward47, deleted 
59.84447, Coward54, AI
60.264, Player, shoot, Adjuster52, False
60.52399, Bongfu46, shoot, Bongfu46, False
60.584, Foe31, shoot, Drunkard48, False
60.82399, Adjuster52, shoot, Player, False
61.64399, Player, shoot, Alcoholic51, False
61.78399, Bongfu46, shoot, Drunkard48, False
61.924, Player, shoot, Alcoholic51, False
62.08671, Betrayal50, deleted 
62.08671, Betrayal55, AI
62.20399, Foe31, shoot, Player, False
62.34399, Player, shoot, Lush41, False
62.404, Foe31, shoot, Adjuster52, False
62.904, Foe31, shoot, Adjuster52, False
63.13333, Bongfu46, deleted 
63.13333, Bongfu56, AI
63.404, Player, shoot, Alcoholic51, False
63.43233, Drunkard48, deleted 
63.43233, Drunkard57, AI
64.44399, Player, shoot, Betrayal55, False
64.84399, Player, shoot, Drunkard57, False
64.98399, Player, shoot, Player, False
65.004, Drunkard57, shoot, Bongfu56, False
65.09361, Juicehead53, deleted 
65.09361, Juicehead58, AI
65.57535, Coward54, deleted 
65.57535, Coward59, AI
65.604, Alcoholic51, shoot, Alcoholic51, False
65.744, Adjuster52, shoot, Betrayal55, False
66.54399, Bongfu56, shoot, Bongfu56, False
66.76399, Player, shoot, Drunkard57, False
67.384, Drunkard57, shoot, Player, False
67.66399, Foe31, shoot, Foe31, False
67.76842, Betrayal55, deleted 
67.76842, Betrayal60, AI
69.02399, Player, shoot, Player, True
69.26399, Alcoholic51, shoot, Foe31, False
69.80399, Player, shoot, Drunkard57, False
69.84399, Foe31, shoot, Alcoholic51, False
69.964, Player, shoot, Coward59, False
71.22399, Lush41, shoot, Lush41, False
71.62399, Foe31, shoot, Adjuster52, False
Normal Close
