Game Time: 2022/2/16 15:06:29
Version: 1.0.0.2 with bullet collision times = 3
0, Player, player
0, Coward1, AI
0, Betrayal2, AI
0, Drunkard3, AI
0, Foe4, AI
0, Juicehead5, AI
0, Alcoholic6, AI
0, Lush7, AI
0, Adjuster8, AI
0, Bongfu9, AI
0.6635346, Bongfu9, shoot, Bongfu9, False
3.363534, Drunkard3, shoot, Lush7, False
3.583534, Alcoholic6, shoot, Coward1, False
3.583534, Coward1, shoot, Alcoholic6, False
4.043534, Foe4, shoot, Juicehead5, False
4.506313, Bongfu9, deleted 
4.506313, Bongfu10, AI
5.083534, Coward1, shoot, Juicehead5, False
5.519632, Alcoholic6, deleted 
5.519632, Alcoholic11, AI
5.768809, Drunkard3, deleted 
5.768809, Drunkard12, AI
6.017892, Juicehead5, deleted 
6.017892, Juicehead13, AI
7.183535, Player, shoot, Bongfu10, False
7.663535, Adjuster8, shoot, Bongfu10, False
8.376625, Coward1, deleted 
8.376625, Coward14, AI
8.526079, Betrayal2, deleted 
8.526079, Betrayal15, AI
9.043534, Betrayal15, shoot, Coward14, False
9.243534, Adjuster8, shoot, Adjuster8, False
10.62353, Coward14, shoot, Coward14, False
11.51648, Juicehead13, deleted 
11.51648, Juicehead16, AI
11.96353, Alcoholic11, shoot, Alcoholic11, False
12.46353, Adjuster8, shoot, Drunkard12, False
13.28353, Coward14, shoot, Coward14, False
13.74353, Adjuster8, shoot, Foe4, False
14.02436, Betrayal15, deleted 
14.02436, Betrayal17, AI
14.20353, Coward14, shoot, Coward14, False
14.64353, Coward14, shoot, Juicehead16, False
15.60353, Drunkard12, shoot, Player, False
15.83385, Bongfu10, deleted 
15.83385, Bongfu18, AI
15.88353, Coward14, shoot, Juicehead16, False
16.04965, Juicehead16, deleted 
16.04965, Juicehead19, AI
16.06353, Coward14, get, Shield
16.09944, Coward14, deleted 
16.09944, Coward20, AI
16.20354, Coward20, shoot, Juicehead19, False
17.18353, Alcoholic11, shoot, Alcoholic11, False
19.10649, Betrayal17, deleted 
19.10649, Betrayal21, AI
19.90353, Adjuster8, shoot, Adjuster8, False
19.98353, Drunkard12, shoot, Drunkard12, False
20.72353, Juicehead19, shoot, Juicehead19, False
21.10353, Adjuster8, shoot, Adjuster8, False
21.1332, Lush7, deleted 
21.1332, Lush22, AI
21.40353, Adjuster8, shoot, Adjuster8, False
23.02353, Drunkard12, shoot, Drunkard12, False
23.56353, Juicehead19, shoot, Juicehead19, False
24.08986, Coward20, deleted 
24.08986, Coward23, AI
24.16353, Juicehead19, shoot, Juicehead19, False
24.55496, Betrayal21, deleted 
24.55496, Betrayal24, AI
27.34353, Juicehead19, shoot, Juicehead19, False
27.46353, Betrayal24, shoot, Betrayal24, False
29.02383, Bongfu18, deleted 
29.02383, Bongfu25, AI
29.25637, Betrayal24, deleted 
29.25637, Betrayal26, AI
29.36353, Bongfu18, shoot, Lush22, False
30.00353, Foe4, shoot, Coward23, False
30.3362, Lush22, deleted 
30.3362, Lush27, AI
30.70353, Betrayal26, shoot, Betrayal26, False
30.86353, Alcoholic11, shoot, Alcoholic11, False
31.72353, Adjuster8, shoot, Foe4, False
32.38353, Betrayal26, shoot, Player, False
32.78354, Bongfu25, shoot, Bongfu25, False
33.75858, Coward23, deleted 
33.75858, Coward28, AI
33.82353, Lush27, shoot, Player, False
33.98353, Alcoholic11, shoot, Adjuster8, False
34.20353, Alcoholic11, shoot, Adjuster8, False
34.45643, Alcoholic11, deleted 
34.45643, Alcoholic29, AI
37.42353, Betrayal26, shoot, Drunkard12, False
38.02829, Betrayal26, deleted 
38.02829, Betrayal30, AI
38.30354, Juicehead19, shoot, Drunkard12, False
38.38353, Player, shoot, Betrayal30, False
39.34353, Bongfu25, shoot, Alcoholic29, False
39.70353, Lush27, shoot, Lush27, False
41.36724, Lush27, deleted 
41.36724, Lush31, AI
42.04353, Betrayal30, shoot, Foe4, False
42.28354, Adjuster8, shoot, Coward28, False
43.01142, Alcoholic29, deleted 
43.01142, Alcoholic32, AI
43.31034, Coward28, deleted 
43.31034, Coward33, AI
44.37269, Betrayal30, deleted 
44.37269, Betrayal34, AI
45.78472, Lush31, deleted 
45.78472, Lush35, AI
46.90353, Foe4, shoot, Foe4, False
47.06353, Coward33, shoot, Coward33, False
47.12354, Drunkard12, shoot, Bongfu25, False
49.20675, Betrayal34, deleted 
49.20675, Betrayal36, AI
50.63539, Coward33, deleted 
50.63539, Coward37, AI
50.70353, Drunkard12, shoot, Juicehead19, False
50.98353, Foe4, shoot, Bongfu25, False
51.25013, Lush35, deleted 
51.25013, Lush38, AI
51.52353, Player, shoot, Coward37, False
51.82353, Coward37, shoot, Player, False
52.30353, Foe4, shoot, Bongfu25, False
53.14353, Bongfu25, shoot, Bongfu25, False
53.80353, Bongfu25, shoot, Bongfu25, False
53.86353, Foe4, shoot, Foe4, False
54.10353, Bongfu25, shoot, Bongfu25, False
54.24353, Foe4, shoot, Drunkard12, False
54.48353, Bongfu25, shoot, Adjuster8, False
54.70353, Bongfu25, shoot, Bongfu25, False
54.72353, Bongfu25, shoot, Betrayal36, False
55.18748, Betrayal36, deleted 
55.18748, Betrayal39, AI
55.23731, Bongfu25, deleted 
55.23731, Bongfu40, AI
55.83529, Lush38, deleted 
55.83529, Lush41, AI
56.18353, Juicehead19, shoot, Drunkard12, False
57.58353, Coward37, shoot, Betrayal39, False
57.76353, Bongfu40, shoot, Bongfu40, False
57.90353, Adjuster8, shoot, Foe4, False
58.38353, Lush41, shoot, Betrayal39, False
58.74353, Adjuster8, shoot, Foe4, False
60.12353, Lush41, shoot, Betrayal39, False
61.02353, Juicehead19, shoot, Juicehead19, False
61.78354, Juicehead19, shoot, Alcoholic32, False
62.16477, Betrayal39, deleted 
62.16477, Betrayal42, AI
62.58006, Lush41, deleted 
62.58006, Lush43, AI
63.22353, Bongfu40, shoot, Bongfu40, False
63.30353, Adjuster8, shoot, Adjuster8, False
64.18353, Player, shoot, Lush43, False
64.56353, Foe4, shoot, Adjuster8, False
65.32353, Betrayal42, shoot, Betrayal42, False
65.44353, Foe4, shoot, Adjuster8, False
65.76353, Foe4, shoot, Adjuster8, False
66.11842, Drunkard12, deleted 
66.11842, Drunkard44, AI
66.38353, Foe4, shoot, Adjuster8, False
66.70353, Foe4, shoot, Foe4, False
67.12354, Adjuster8, shoot, Bongfu40, False
67.30354, Foe4, shoot, Foe4, False
67.71335, Betrayal42, deleted 
67.71335, Betrayal45, AI
68.0954, Foe4, deleted 
68.0954, Foe46, AI
68.28353, Juicehead19, shoot, Juicehead19, False
69.06353, Adjuster8, shoot, Bongfu40, False
69.64353, Juicehead19, shoot, Alcoholic32, False
69.92353, Adjuster8, shoot, Juicehead19, False
70.04353, Adjuster8, shoot, Adjuster8, False
70.40443, Juicehead19, deleted 
70.40443, Juicehead47, AI
70.44353, Bongfu40, shoot, Coward37, False
71.00353, Foe46, shoot, Foe46, False
71.0524, Alcoholic32, deleted 
71.0524, Alcoholic48, AI
71.82353, Bongfu40, shoot, Coward37, False
72.06353, Bongfu40, shoot, Coward37, False
72.31484, Betrayal45, deleted 
72.31484, Betrayal49, AI
72.53078, Lush43, deleted 
72.53078, Lush50, AI
73.18353, Adjuster8, shoot, Drunkard44, False
73.26353, Adjuster8, shoot, Coward37, False
73.28353, Adjuster8, shoot, Adjuster8, False
74.18353, Bongfu40, shoot, Coward37, False
74.52354, Coward37, shoot, Adjuster8, True
74.52391, Adjuster51, AI
75.08353, Betrayal49, shoot, Betrayal49, False
75.18353, Player, shoot, Adjuster51, False
75.96353, Betrayal49, shoot, Betrayal49, False
78.27819, Betrayal49, deleted 
78.27819, Betrayal52, AI
78.32353, Coward37, shoot, Coward37, False
78.62354, Coward37, shoot, Coward37, False
80.38353, Adjuster51, shoot, Betrayal52, False
80.84354, Coward37, shoot, Bongfu40, False
81.10353, Coward37, shoot, Bongfu40, False
81.24353, Adjuster51, shoot, Juicehead47, False
82.34354, Adjuster51, shoot, Juicehead47, False
82.68353, Lush50, shoot, Lush50, False
83.06353, Juicehead47, shoot, Player, False
83.38353, Juicehead47, shoot, Player, False
83.70353, Juicehead47, shoot, Player, False
84.0596, Betrayal52, deleted 
84.0596, Betrayal53, AI
84.30354, Juicehead47, shoot, Player, False
85.20353, Juicehead47, shoot, Player, False
85.54353, Juicehead47, shoot, Player, False
86.16354, Juicehead47, shoot, Player, False
86.36353, Player, shoot, Betrayal53, False
86.56353, Player, shoot, Foe46, False
86.74353, Juicehead47, shoot, Player, False
87.04353, Adjuster51, shoot, Player, False
87.74353, Juicehead47, shoot, Foe46, False
87.86353, Player, shoot, Foe46, False
88.02353, Player, shoot, Juicehead47, False
88.12354, Player, shoot, Adjuster51, False
88.64353, Juicehead47, shoot, Player, True
89.38353, Adjuster51, shoot, Foe46, False
89.44353, Coward37, shoot, Bongfu40, False
90.10353, Foe46, shoot, Foe46, False
90.10353, Coward37, shoot, Coward37, False
90.12354, Bongfu40, shoot, Bongfu40, False
Normal Close
