Game Time: 2022/2/16 15:25:02
Version: 1.0.0.2 with bullet collision times = 3
0, Player, player
0, Coward1, AI
0, Betrayal2, AI
0, Drunkard3, AI
0, Foe4, AI
0, Juicehead5, AI
0, Alcoholic6, AI
0, Lush7, AI
0, Adjuster8, AI
0, Bongfu9, AI
1.13165, Coward1, shoot, Adjuster8, False
4.071651, Foe4, shoot, Adjuster8, False
4.464962, Coward1, deleted 
4.464962, Coward10, AI
5.09165, Player, shoot, Player, False
5.145964, Drunkard3, deleted 
5.145964, Drunkard11, AI
5.85165, Coward10, shoot, Coward10, False
5.960018, Bongfu9, deleted 
5.960018, Bongfu12, AI
6.275566, Betrayal2, deleted 
6.275566, Betrayal13, AI
6.458559, Juicehead5, deleted 
6.458559, Juicehead14, AI
7.011651, Adjuster8, shoot, Foe4, False
7.33165, Adjuster8, shoot, Foe4, False
9.881098, Bongfu12, deleted 
9.881098, Bongfu15, AI
10.05165, Foe4, shoot, Adjuster8, False
10.63165, Adjuster8, shoot, Foe4, False
10.81165, Player, shoot, Adjuster8, False
11.57165, Adjuster8, shoot, Juicehead14, False
11.57496, Drunkard11, deleted 
11.57496, Drunkard16, AI
11.73165, Adjuster8, shoot, Juicehead14, False
12.55165, Adjuster8, shoot, Foe4, False
12.55165, Adjuster8, shoot, Betrayal13, False
12.65416, Alcoholic6, deleted 
12.65416, Alcoholic17, AI
12.75165, Foe4, shoot, Adjuster8, False
12.7537, Coward10, deleted 
12.7537, Coward18, AI
12.77165, Coward18, shoot, Alcoholic17, False
13.07165, Betrayal13, shoot, Player, False
13.09165, Player, shoot, Betrayal13, False
13.25165, Betrayal13, shoot, Player, False
13.49165, Juicehead14, shoot, Player, False
14.41165, Adjuster8, shoot, Juicehead14, False
14.71279, Lush7, deleted 
14.71279, Lush19, AI
15.03165, Foe4, shoot, Foe4, False
15.17165, Bongfu15, shoot, Adjuster8, False
15.41165, Foe4, shoot, Alcoholic17, False
15.91165, Adjuster8, shoot, Foe4, False
16.83165, Adjuster8, shoot, Foe4, False
17.07165, Adjuster8, shoot, Player, False
17.15165, Adjuster8, shoot, Foe4, False
17.77165, Adjuster8, shoot, Foe4, False
17.77165, Foe4, shoot, Player, False
17.83165, Foe4, shoot, Juicehead14, False
18.01692, Betrayal13, deleted 
18.01692, Betrayal20, AI
18.09993, Drunkard16, deleted 
18.09993, Drunkard21, AI
18.11165, Drunkard21, shoot, Betrayal20, False
18.53165, Player, shoot, Lush19, False
18.55165, Juicehead14, shoot, Bongfu15, False
20.05165, Adjuster8, shoot, Foe4, True
20.05924, Foe22, AI
20.13165, Adjuster8, shoot, Juicehead14, False
21.20533, Bongfu15, deleted 
21.20533, Bongfu23, AI
21.83165, Player, shoot, Betrayal20, False
21.95165, Foe4, shoot, Foe22, False
23.29787, Alcoholic17, deleted 
23.29787, Alcoholic24, AI
23.51165, Betrayal20, shoot, Betrayal20, False
23.51378, Juicehead14, deleted 
23.51378, Juicehead25, AI
23.67165, Foe22, shoot, Adjuster8, False
23.83165, Bongfu23, shoot, Lush19, False
24.13165, Player, shoot, Player, False
24.27793, Coward18, deleted 
24.27793, Coward26, AI
24.95165, Player, shoot, Coward26, False
24.97538, Drunkard21, deleted 
24.97538, Drunkard27, AI
25.51165, Coward26, shoot, Alcoholic24, False
26.15484, Lush19, deleted 
26.15484, Lush28, AI
26.80227, Bongfu23, deleted 
26.80227, Bongfu29, AI
27.45165, Player, shoot, Alcoholic24, False
27.99165, Lush28, shoot, Lush28, False
28.47165, Lush28, shoot, Lush28, False
29.44211, Juicehead25, deleted 
29.44211, Juicehead30, AI
29.75165, Drunkard27, shoot, Drunkard27, False
29.85714, Coward26, deleted 
29.85714, Coward31, AI
30.11165, Foe22, shoot, Alcoholic24, False
30.29165, Drunkard27, shoot, Drunkard27, False
30.45165, Betrayal20, shoot, Adjuster8, False
30.87165, Coward31, shoot, Coward31, False
31.20199, Betrayal20, deleted 
31.20199, Betrayal32, AI
34.53906, Lush28, deleted 
34.53906, Lush33, AI
34.63165, Player, shoot, Player, False
35.95165, Drunkard27, shoot, Player, False
36.11165, Bongfu29, shoot, Bongfu29, False
36.25165, Lush33, shoot, Lush33, False
37.04594, Coward31, deleted 
37.04594, Coward34, AI
37.29165, Alcoholic24, shoot, Foe22, False
37.33165, Lush33, shoot, Coward34, False
37.91165, Foe22, shoot, Coward34, False
38.30775, Alcoholic24, deleted 
38.30775, Alcoholic35, AI
38.83165, Lush33, shoot, Foe22, False
39.21165, Player, shoot, Juicehead30, False
39.51165, Coward34, shoot, Coward34, False
39.69165, Coward34, shoot, Coward34, False
39.71165, Player, shoot, Foe22, False
39.77165, Player, shoot, Foe22, False
39.87165, Player, shoot, Adjuster8, False
40.33165, Foe22, shoot, Foe22, False
40.57165, Adjuster8, shoot, Player, False
40.84809, Betrayal32, deleted 
40.84809, Betrayal36, AI
40.93165, Lush33, shoot, Foe22, False
40.93165, Lush33, shoot, Adjuster8, False
41.63165, Foe22, shoot, Foe22, False
41.73165, Player, shoot, Player, False
42.09347, Juicehead30, deleted 
42.09347, Juicehead37, AI
42.59165, Foe22, shoot, Alcoholic35, False
42.65165, Player, shoot, Coward34, False
42.75165, Player, shoot, Coward34, False
42.89165, Player, shoot, Foe22, False
42.94032, Drunkard27, deleted 
42.94032, Drunkard38, AI
44.28542, Alcoholic35, deleted 
44.28542, Alcoholic39, AI
44.87165, Foe22, shoot, Lush33, False
45.23165, Adjuster8, shoot, Bongfu29, False
45.25165, Juicehead37, shoot, Adjuster8, False
46.19165, Bongfu29, shoot, Lush33, False
46.19165, Lush33, shoot, Bongfu29, False
46.29165, Player, shoot, Drunkard38, False
46.35165, Coward34, shoot, Coward34, False
46.49165, Bongfu29, shoot, Lush33, False
46.59165, Foe22, shoot, Player, True
46.93165, Drunkard38, shoot, Drunkard38, False
46.95165, Adjuster8, shoot, Bongfu29, False
47.51165, Coward34, shoot, Coward34, False
Normal Close
