Game Time: 2022/2/16 15:02:34
Version: 1.0.0.2 with bullet collision times = 3
0, Player, player
0, Coward1, AI
0, Betrayal2, AI
0, Drunkard3, AI
0, Foe4, AI
0, Juicehead5, AI
0, Alcoholic6, AI
0, Lush7, AI
0, Adjuster8, AI
0, Bongfu9, AI
1.381751, Coward1, shoot, Coward1, False
3.121751, Bongfu9, shoot, Lush7, False
3.181751, Player, shoot, Drunkard3, False
3.621751, Lush7, shoot, Foe4, False
3.741751, Coward1, shoot, Adjuster8, False
4.941751, Lush7, shoot, Adjuster8, False
5.521751, Lush7, shoot, Adjuster8, False
5.521751, Drunkard3, shoot, Coward1, False
5.761751, Adjuster8, shoot, Coward1, False
5.801751, Adjuster8, shoot, Player, False
5.969626, Betrayal2, deleted 
5.969626, Betrayal10, AI
6.43467, Juicehead5, deleted 
6.43467, Juicehead11, AI
7.261751, Adjuster8, shoot, Foe4, False
7.581751, Betrayal10, shoot, Adjuster8, False
7.801751, Adjuster8, shoot, Betrayal10, False
8.061751, Adjuster8, shoot, Player, False
8.321751, Adjuster8, shoot, Player, False
8.701751, Adjuster8, shoot, Betrayal10, False
9.02175, Adjuster8, shoot, Betrayal10, False
9.061751, Foe4, shoot, Betrayal10, False
9.10828, Coward1, deleted 
9.10828, Coward12, AI
9.341751, Foe4, shoot, Betrayal10, False
9.701751, Alcoholic6, shoot, Alcoholic6, False
9.961751, Foe4, shoot, Betrayal10, False
10.68175, Adjuster8, shoot, Player, False
11.41685, Alcoholic6, deleted 
11.41685, Alcoholic13, AI
11.91504, Drunkard3, deleted 
11.91504, Drunkard14, AI
12.22175, Player, shoot, Foe4, False
12.44175, Player, shoot, Player, False
12.61266, Bongfu9, deleted 
12.61266, Bongfu15, AI
13.48175, Alcoholic13, shoot, Bongfu15, False
13.62175, Adjuster8, shoot, Adjuster8, False
14.3233, Coward12, deleted 
14.3233, Coward16, AI
14.75511, Juicehead11, deleted 
14.75511, Juicehead17, AI
15.04175, Bongfu15, shoot, Juicehead17, False
15.23667, Lush7, deleted 
15.23667, Lush18, AI
15.38175, Bongfu15, shoot, Lush18, False
15.60175, Foe4, shoot, Drunkard14, False
16.10175, Foe4, shoot, Player, False
16.20175, Lush18, shoot, Lush18, False
16.52175, Lush18, shoot, Lush18, False
16.68175, Player, shoot, Alcoholic13, False
16.76175, Foe4, shoot, Juicehead17, False
16.90175, Adjuster8, shoot, Adjuster8, False
17.12175, Player, shoot, Drunkard14, False
17.36175, Bongfu15, shoot, Coward16, False
17.70175, Alcoholic13, shoot, Alcoholic13, False
17.84392, Betrayal10, deleted 
17.84392, Betrayal19, AI
18.46175, Drunkard14, shoot, Drunkard14, False
18.92175, Foe4, shoot, Juicehead17, False
19.32175, Lush18, shoot, Alcoholic13, False
19.80175, Lush18, shoot, Alcoholic13, False
20.00175, Juicehead17, shoot, Juicehead17, False
20.16175, Coward16, shoot, Coward16, False
20.42175, Lush18, shoot, Alcoholic13, False
21.34175, Lush18, shoot, Alcoholic13, False
22.34175, Lush18, shoot, Alcoholic13, False
23.12418, Alcoholic13, deleted 
23.12418, Alcoholic20, AI
23.15732, Bongfu15, deleted 
23.15732, Bongfu21, AI
23.28175, Foe4, shoot, Foe4, False
23.29003, Lush18, deleted 
23.29003, Lush22, AI
23.52175, Player, shoot, Drunkard14, False
23.64175, Foe4, shoot, Foe4, False
24.66175, Player, shoot, Foe4, False
24.88175, Drunkard14, shoot, Betrayal19, False
25.80175, Player, shoot, Player, False
26.88175, Adjuster8, shoot, Foe4, False
27.59126, Coward16, deleted 
27.59126, Coward23, AI
27.82175, Adjuster8, shoot, Player, False
28.94175, Alcoholic20, shoot, Alcoholic20, False
29.02175, Adjuster8, shoot, Adjuster8, False
29.036, Juicehead17, deleted 
29.036, Juicehead24, AI
29.04175, Lush22, shoot, Foe4, False
29.31827, Betrayal19, deleted 
29.31827, Betrayal25, AI
30.10175, Player, shoot, Foe4, False
30.39768, Drunkard14, deleted 
30.39768, Drunkard26, AI
30.58175, Adjuster8, shoot, Foe4, False
30.74175, Juicehead24, shoot, Juicehead24, False
30.82175, Player, shoot, Foe4, True
30.82957, Foe27, AI
33.00175, Adjuster8, shoot, Alcoholic20, False
33.27069, Lush22, deleted 
33.27069, Lush28, AI
33.90175, Adjuster8, shoot, Alcoholic20, False
34.18175, Player, shoot, Foe27, False
34.20175, Adjuster8, shoot, Alcoholic20, False
34.20175, Adjuster8, shoot, Alcoholic20, False
34.20175, Adjuster8, shoot, Alcoholic20, False
34.24175, Alcoholic20, shoot, Adjuster8, False
34.38175, Player, shoot, Foe27, False
34.40175, Player, shoot, Drunkard26, False
34.82175, Alcoholic20, shoot, Adjuster8, False
34.82175, Adjuster8, shoot, Alcoholic20, False
35.06175, Adjuster8, get, Horse
35.08175, Adjuster8, shoot, Adjuster8, False
35.88175, Player, shoot, Foe27, False
36.02175, Adjuster8, shoot, Alcoholic20, False
36.22175, Foe27, shoot, Player, False
36.72432, Drunkard26, deleted 
36.72432, Drunkard29, AI
37.66175, Player, shoot, Lush28, False
38.58175, Player, shoot, Lush28, False
38.64175, Foe27, shoot, Lush28, False
38.68341, Alcoholic20, deleted 
38.68341, Alcoholic30, AI
38.8329, Betrayal25, deleted 
38.8329, Juicehead24, deleted 
38.8329, Betrayal31, AI
38.84949, Juicehead32, AI
39.10175, Foe27, shoot, Lush28, False
39.36175, Foe27, shoot, Lush28, False
39.44175, Player, shoot, Alcoholic30, False
39.5137, Coward23, deleted 
39.5137, Coward33, AI
39.54175, Player, shoot, Alcoholic30, False
39.60175, Betrayal31, shoot, Alcoholic30, False
41.38175, Player, shoot, Coward33, False
41.50175, Drunkard29, shoot, Drunkard29, False
41.54175, Player, shoot, Coward33, False
41.58175, Adjuster8, shoot, Alcoholic30, False
41.86175, Juicehead32, shoot, Juicehead32, False
42.50304, Lush28, deleted 
42.50304, Lush34, AI
42.66175, Adjuster8, shoot, Coward33, False
42.78175, Adjuster8, shoot, Adjuster8, False
43.38175, Coward33, shoot, Coward33, False
43.52175, Alcoholic30, shoot, Alcoholic30, False
43.54939, Juicehead32, deleted 
43.54939, Juicehead35, AI
44.02175, Player, shoot, Player, False
44.28175, Alcoholic30, shoot, Bongfu21, False
45.24175, Alcoholic30, shoot, Alcoholic30, False
45.28175, Adjuster8, shoot, Foe27, False
45.38175, Bongfu21, shoot, Bongfu21, False
45.92175, Foe27, shoot, Player, False
46.10695, Coward33, deleted 
46.10695, Coward36, AI
46.8875, Betrayal31, deleted 
46.8875, Betrayal37, AI
46.92175, Coward36, shoot, Coward36, False
47.00175, Adjuster8, shoot, Adjuster8, True
47.0037, Adjuster38, AI
47.30271, Alcoholic30, deleted 
47.30271, Alcoholic39, AI
47.50175, Lush34, shoot, Adjuster38, False
47.60175, Alcoholic39, shoot, Coward36, False
48.43211, Lush34, deleted 
48.43211, Lush40, AI
48.70175, Adjuster38, shoot, Adjuster38, False
49.30175, Alcoholic39, shoot, Alcoholic39, False
49.90175, Player, shoot, Adjuster38, False
50.08175, Player, shoot, Betrayal37, False
50.12579, Bongfu21, deleted 
50.12579, Bongfu41, AI
50.14175, Adjuster38, shoot, Player, False
50.56175, Juicehead35, shoot, Betrayal37, False
50.56175, Betrayal37, shoot, Betrayal37, False
50.58175, Foe27, shoot, Adjuster38, False
50.78175, Foe27, shoot, Foe27, False
51.18175, Adjuster38, shoot, Juicehead35, False
51.36175, Player, shoot, Adjuster38, False
51.98562, Drunkard29, deleted 
51.98562, Drunkard42, AI
52.28175, Player, shoot, Juicehead35, False
53.02175, Coward36, shoot, Lush40, False
53.29774, Lush40, deleted 
53.29774, Lush43, AI
53.34175, Foe27, shoot, Adjuster38, False
53.46175, Player, shoot, Adjuster38, False
53.46378, Betrayal37, deleted 
53.46378, Betrayal44, AI
53.66175, Player, shoot, Betrayal44, False
53.74612, Coward36, deleted 
53.74612, Coward45, AI
53.94175, Foe27, shoot, Adjuster38, False
54.22175, Coward45, shoot, Betrayal44, False
54.3441, Alcoholic39, deleted 
54.3441, Alcoholic46, AI
54.52175, Player, shoot, Adjuster38, False
55.76175, Player, shoot, Bongfu41, False
56.12175, Bongfu41, shoot, Bongfu41, False
56.58175, Foe27, shoot, Player, True
56.84175, Foe27, shoot, Adjuster38, True
56.90175, Lush43, get, Horse
57.16175, Player, shoot, Foe27, False
Normal Close
