Game Time: 2022/2/16 15:15:29
Version: 1.0.0.2 with bullet collision times = 3
0, Player, player
0, Coward1, AI
0, Betrayal2, AI
0, Drunkard3, AI
0, Foe4, AI
0, Juicehead5, AI
0, Alcoholic6, AI
0, Lush7, AI
0, Adjuster8, AI
0, Bongfu9, AI
1.164193, Bongfu9, shoot, Bongfu9, False
1.524193, Bongfu9, shoot, Coward1, False
1.924193, Drunkard3, shoot, Drunkard3, False
2.844193, Foe4, shoot, Bongfu9, False
3.744193, Bongfu9, shoot, Alcoholic6, False
4.936561, Drunkard3, deleted 
4.936561, Drunkard10, AI
5.124193, Lush7, shoot, Foe4, False
5.351909, Bongfu9, deleted 
5.351909, Bongfu11, AI
5.904193, Betrayal2, shoot, Lush7, False
5.949954, Lush7, deleted 
5.949954, Lush12, AI
6.144193, Player, shoot, Bongfu11, False
6.514713, Betrayal2, deleted 
6.514713, Betrayal13, AI
6.74718, Juicehead5, deleted 
6.74718, Juicehead14, AI
7.584193, Juicehead14, shoot, Juicehead14, False
7.684193, Betrayal13, shoot, Juicehead14, False
8.109127, Coward1, deleted 
8.109127, Coward15, AI
8.824193, Player, shoot, Betrayal13, False
9.164193, Adjuster8, shoot, Betrayal13, False
9.354932, Alcoholic6, deleted 
9.354932, Alcoholic16, AI
9.544193, Juicehead14, shoot, Coward15, False
9.764193, Betrayal13, shoot, Player, False
10.96609, Drunkard10, deleted 
10.96609, Drunkard17, AI
11.32419, Coward15, shoot, Foe4, False
11.50419, Juicehead14, shoot, Juicehead14, False
11.66419, Foe4, shoot, Coward15, False
11.81311, Lush12, deleted 
11.81311, Lush18, AI
12.28419, Foe4, shoot, Coward15, False
12.58419, Lush18, shoot, Drunkard17, False
12.58419, Drunkard17, shoot, Lush18, False
12.82419, Betrayal13, shoot, Foe4, False
13.50419, Juicehead14, shoot, Adjuster8, False
13.50723, Bongfu11, deleted 
13.50723, Bongfu19, AI
13.72419, Player, shoot, Drunkard17, False
14.12419, Foe4, shoot, Adjuster8, False
14.26419, Lush18, shoot, Lush18, False
14.48419, Lush18, shoot, Lush18, False
14.66419, Alcoholic16, shoot, Alcoholic16, False
14.68419, Drunkard17, shoot, Player, False
14.71978, Coward15, deleted 
14.71978, Coward20, AI
15.71651, Betrayal13, deleted 
15.71651, Betrayal21, AI
16.00419, Drunkard17, shoot, Drunkard17, False
16.20419, Adjuster8, shoot, Juicehead14, False
16.30419, Foe4, shoot, Adjuster8, False
16.62419, Player, shoot, Bongfu19, False
18.10419, Adjuster8, shoot, Juicehead14, False
18.18419, Bongfu19, shoot, Bongfu19, False
18.34419, Lush18, shoot, Alcoholic16, False
18.40419, Foe4, shoot, Juicehead14, False
18.50419, Alcoholic16, shoot, Bongfu19, False
18.92419, Drunkard17, shoot, Adjuster8, False
19.06419, Drunkard17, shoot, Drunkard17, False
19.70419, Adjuster8, shoot, Coward20, False
19.96419, Juicehead14, shoot, Bongfu19, False
19.98547, Lush18, deleted 
19.98547, Lush22, AI
20.18419, Juicehead14, shoot, Foe4, False
20.58419, Player, shoot, Lush22, False
20.78419, Alcoholic16, shoot, Adjuster8, False
21.04419, Drunkard17, shoot, Player, False
21.12419, Adjuster8, shoot, Coward20, False
21.18419, Lush22, shoot, Lush22, False
21.36421, Juicehead14, deleted 
21.36421, Bongfu19, deleted 
21.36421, Juicehead23, AI
21.38081, Bongfu24, AI
21.46419, Coward20, shoot, Alcoholic16, False
21.62419, Juicehead23, shoot, Bongfu24, False
22.10419, Adjuster8, shoot, Coward20, False
22.54419, Foe4, shoot, Alcoholic16, False
22.60419, Adjuster8, shoot, Coward20, False
22.90419, Foe4, shoot, Alcoholic16, False
23.02557, Betrayal21, deleted 
23.02557, Betrayal25, AI
23.06419, Player, shoot, Juicehead23, False
23.12419, Adjuster8, shoot, Coward20, False
23.46419, Alcoholic16, shoot, Adjuster8, False
23.74419, Alcoholic16, shoot, Coward20, False
24.72419, Foe4, shoot, Coward20, False
24.88419, Adjuster8, shoot, Coward20, False
24.92419, Alcoholic16, shoot, Adjuster8, False
24.96419, Foe4, shoot, Coward20, False
25.12419, Adjuster8, shoot, Juicehead23, False
25.28419, Alcoholic16, shoot, Juicehead23, False
25.88419, Alcoholic16, shoot, Adjuster8, False
26.00419, Juicehead23, shoot, Bongfu24, False
26.72977, Juicehead23, deleted 
26.72977, Juicehead26, AI
26.78419, Alcoholic16, shoot, Adjuster8, False
27.01224, Bongfu24, deleted 
27.01224, Bongfu27, AI
27.12419, Alcoholic16, shoot, Adjuster8, True
27.1285, Adjuster28, AI
27.26419, Alcoholic16, get, Horse
27.94419, Foe4, shoot, Player, False
29.00419, Alcoholic16, shoot, Alcoholic16, False
29.02419, Coward20, shoot, Coward20, True
29.03907, Coward29, AI
29.38419, Alcoholic16, shoot, Drunkard17, False
29.38419, Drunkard17, shoot, Alcoholic16, False
30.03579, Foe4, deleted 
30.03579, Foe30, AI
30.21858, Betrayal25, deleted 
30.21858, Betrayal31, AI
30.58419, Alcoholic16, shoot, Alcoholic16, False
30.84419, Drunkard17, shoot, Drunkard17, False
30.88419, Alcoholic16, shoot, Juicehead26, False
31.32419, Player, shoot, Foe30, False
31.66419, Alcoholic16, shoot, Player, False
31.98419, Foe30, shoot, Player, False
32.08419, Juicehead26, shoot, Adjuster28, False
32.48419, Player, shoot, Player, False
32.50419, Betrayal31, shoot, Betrayal31, False
33.02419, Alcoholic16, shoot, Betrayal31, False
33.58419, Alcoholic16, shoot, Betrayal31, False
33.98419, Betrayal31, shoot, Alcoholic16, False
35.05241, Drunkard17, deleted 
35.05241, Drunkard32, AI
36.82419, Alcoholic16, shoot, Adjuster28, False
38.00419, Adjuster28, shoot, Lush22, False
38.64419, Player, shoot, Player, False
38.92419, Player, shoot, Drunkard32, False
39.07113, Betrayal31, deleted 
39.07113, Betrayal33, AI
39.18419, Player, shoot, Foe30, False
39.26419, Adjuster28, shoot, Player, False
39.53615, Lush22, deleted 
39.53615, Lush34, AI
39.60419, Player, shoot, Drunkard32, False
39.7852, Coward29, deleted 
39.7852, Coward35, AI
41.00419, Alcoholic16, shoot, Adjuster28, False
41.68419, Alcoholic16, shoot, Foe30, False
41.80419, Alcoholic16, shoot, Player, True
41.98419, Alcoholic16, shoot, Foe30, False
42.00419, Foe30, shoot, Alcoholic16, False
42.60419, Alcoholic16, shoot, Foe30, False
42.60419, Alcoholic16, shoot, Foe30, False
Normal Close
