Game Time: 2022/2/16 15:13:50
Version: 1.0.0.2 with bullet collision times = 3
0, Player, player
0, Coward1, AI
0, Betrayal2, AI
0, Drunkard3, AI
0, Foe4, AI
0, Juicehead5, AI
0, Alcoholic6, AI
0, Lush7, AI
0, Adjuster8, AI
0, Bongfu9, AI
1.293674, Coward1, shoot, Player, False
1.893674, Coward1, shoot, Coward1, False
2.033674, Player, shoot, Juicehead5, False
2.833674, Alcoholic6, shoot, Bongfu9, False
3.173674, Foe4, shoot, Juicehead5, False
3.713674, Adjuster8, shoot, Foe4, False
4.593674, Drunkard3, shoot, Drunkard3, False
5.493674, Drunkard3, shoot, Drunkard3, False
5.493674, Coward1, shoot, Coward1, False
5.869253, Bongfu9, deleted 
5.869253, Bongfu10, AI
6.683157, Alcoholic6, deleted 
6.683157, Alcoholic11, AI
7.264389, Coward1, deleted 
7.264389, Coward12, AI
7.413875, Betrayal2, deleted 
7.413875, Betrayal13, AI
8.22781, Juicehead5, deleted 
8.22781, Juicehead14, AI
8.36074, Drunkard3, deleted 
8.36074, Drunkard15, AI
9.053674, Drunkard15, shoot, Juicehead14, False
9.207851, Lush7, deleted 
9.207851, Lush16, AI
9.473674, Player, shoot, Coward12, False
10.29367, Lush16, shoot, Drunkard15, False
12.27367, Juicehead14, shoot, Lush16, False
12.89367, Drunkard15, shoot, Drunkard15, False
14.19018, Juicehead14, deleted 
14.19018, Juicehead17, AI
14.49367, Adjuster8, shoot, Foe4, False
14.53367, Juicehead17, shoot, Juicehead17, False
14.57367, Drunkard15, shoot, Adjuster8, False
14.8546, Alcoholic11, deleted 
14.8546, Alcoholic18, AI
15.18683, Lush16, deleted 
15.18683, Lush19, AI
15.39367, Drunkard15, shoot, Foe4, False
15.57367, Foe4, shoot, Lush19, False
16.25367, Drunkard15, shoot, Foe4, False
16.59883, Betrayal13, deleted 
16.59883, Betrayal20, AI
17.01367, Adjuster8, shoot, Betrayal20, False
17.09367, Drunkard15, shoot, Adjuster8, False
20.4192, Juicehead17, deleted 
20.4192, Juicehead21, AI
21.03367, Adjuster8, shoot, Foe4, False
21.067, Betrayal20, deleted 
21.067, Betrayal22, AI
21.93367, Adjuster8, shoot, Foe4, False
22.25367, Adjuster8, shoot, Foe4, False
23.37367, Drunkard15, shoot, Alcoholic18, False
24.11367, Foe4, shoot, Foe4, False
24.65446, Alcoholic18, deleted 
24.65446, Alcoholic23, AI
24.70427, Drunkard15, deleted 
24.70427, Drunkard24, AI
24.91367, Drunkard15, shoot, Player, False
25.31367, Drunkard24, shoot, Drunkard24, False
25.35367, Coward12, shoot, Adjuster8, False
25.41367, Juicehead21, shoot, Foe4, False
25.53367, Foe4, shoot, Juicehead21, False
25.94989, Coward12, deleted 
25.94989, Coward25, AI
26.63367, Juicehead21, shoot, Adjuster8, False
27.17367, Coward25, shoot, Coward25, False
27.29367, Foe4, shoot, Lush19, False
28.458, Betrayal22, deleted 
28.458, Betrayal26, AI
28.79009, Juicehead21, deleted 
28.79009, Juicehead27, AI
29.90297, Lush19, deleted 
29.90297, Lush28, AI
30.43367, Coward25, shoot, Coward25, False
30.81367, Coward25, shoot, Coward25, False
30.89367, Lush28, shoot, Lush28, False
31.03367, Player, shoot, Juicehead27, False
31.11543, Bongfu10, deleted 
31.11543, Bongfu29, AI
31.53367, Coward25, shoot, Coward25, False
31.65367, Foe4, shoot, Alcoholic23, False
32.05367, Juicehead27, shoot, Player, False
33.75671, Alcoholic23, deleted 
33.75671, Alcoholic30, AI
33.77367, Foe4, shoot, Drunkard24, False
34.15368, Foe4, shoot, Coward25, False
34.69367, Foe4, shoot, Drunkard24, False
35.03367, Drunkard24, shoot, Juicehead27, False
35.36779, Betrayal26, deleted 
35.36779, Betrayal31, AI
35.37367, Juicehead27, shoot, Juicehead27, False
36.29367, Foe4, shoot, Juicehead27, False
36.71367, Juicehead27, shoot, Foe4, False
37.37367, Foe4, shoot, Bongfu29, False
37.59367, Coward25, shoot, Coward25, False
37.85367, Foe4, shoot, Drunkard24, False
38.12541, Bongfu29, deleted 
38.12541, Bongfu32, AI
38.23367, Coward25, shoot, Coward25, False
38.41367, Foe4, shoot, Drunkard24, False
38.69016, Juicehead27, deleted 
38.69016, Juicehead33, AI
39.63367, Adjuster8, shoot, Player, False
40.56712, Coward25, deleted 
40.56712, Coward34, AI
40.89367, Lush28, shoot, Lush28, False
41.31367, Player, shoot, Coward34, False
42.31367, Foe4, shoot, Adjuster8, False
42.47367, Foe4, shoot, Adjuster8, False
42.67367, Foe4, shoot, Adjuster8, False
42.89367, Drunkard24, shoot, Alcoholic30, False
43.59367, Adjuster8, shoot, Alcoholic30, False
44.53683, Betrayal31, deleted 
44.53683, Betrayal35, AI
44.60328, Alcoholic30, deleted 
44.60328, Alcoholic36, AI
44.71367, Player, shoot, Lush28, False
44.81367, Adjuster8, shoot, Foe4, False
45.11367, Adjuster8, shoot, Foe4, False
45.75367, Adjuster8, shoot, Foe4, True
45.76616, Foe37, AI
46.21367, Player, shoot, Betrayal35, False
46.44717, Adjuster8, deleted 
46.44717, Adjuster38, AI
46.65368, Coward34, shoot, Coward34, False
46.91367, Lush28, shoot, Player, False
47.09504, Bongfu32, deleted 
47.09504, Bongfu39, AI
48.49367, Lush28, shoot, Foe37, False
48.85367, Bongfu39, shoot, Bongfu39, False
49.9017, Juicehead33, deleted 
49.9017, Juicehead40, AI
50.00136, Alcoholic36, deleted 
50.00136, Alcoholic41, AI
50.1675, Drunkard24, deleted 
50.1675, Drunkard42, AI
50.54946, Betrayal35, deleted 
50.54946, Betrayal43, AI
50.63367, Foe37, shoot, Bongfu39, False
50.79367, Foe37, shoot, Bongfu39, False
51.03367, Bongfu39, shoot, Foe37, False
51.13367, Lush28, shoot, Juicehead40, False
51.21367, Foe4, shoot, Adjuster38, False
51.93367, Bongfu39, shoot, Adjuster38, False
52.45367, Lush28, shoot, Foe37, False
52.61367, Adjuster38, shoot, Bongfu39, False
53.07367, Player, shoot, Lush28, False
53.07367, Juicehead40, shoot, Coward34, False
53.71367, Player, shoot, Alcoholic41, False
53.79367, Juicehead40, shoot, Coward34, False
53.81367, Lush28, shoot, Lush28, False
53.83367, Juicehead40, shoot, Juicehead40, False
54.03367, Lush28, shoot, Adjuster38, False
54.35367, Adjuster38, shoot, Player, False
54.47367, Alcoholic41, shoot, Alcoholic41, False
54.51367, Bongfu39, shoot, Lush28, False
55.05367, Foe37, shoot, Player, False
55.25367, Adjuster38, shoot, Player, False
55.44915, Juicehead40, deleted 
55.44915, Juicehead44, AI
55.73367, Bongfu39, shoot, Adjuster38, False
55.93367, Bongfu39, shoot, Adjuster38, False
56.4624, Betrayal43, deleted 
56.4624, Betrayal45, AI
56.77367, Foe37, shoot, Adjuster38, False
56.82788, Alcoholic41, deleted 
56.82788, Alcoholic46, AI
57.03367, Drunkard42, shoot, Drunkard42, False
58.11367, Foe37, shoot, Adjuster38, False
58.67367, Drunkard42, shoot, Foe37, False
58.81367, Adjuster38, shoot, Drunkard42, False
59.51367, Adjuster38, shoot, Player, False
59.63367, Betrayal45, shoot, Betrayal45, False
59.73367, Player, shoot, Juicehead44, False
60.11367, Player, shoot, Bongfu39, False
60.55367, Foe37, shoot, Foe37, False
60.71436, Lush28, deleted 
60.71436, Lush47, AI
60.85367, Player, shoot, Adjuster38, False
61.19367, Adjuster38, shoot, Coward34, False
61.27367, Alcoholic46, shoot, Juicehead44, False
61.77743, Betrayal45, deleted 
61.77743, Betrayal48, AI
61.85367, Juicehead44, shoot, Adjuster38, False
62.4582, Bongfu39, deleted 
62.4582, Bongfu49, AI
62.77367, Bongfu39, shoot, Drunkard42, False
62.87367, Adjuster38, shoot, Alcoholic46, False
62.95367, Adjuster38, shoot, Alcoholic46, False
63.03367, Adjuster38, shoot, Alcoholic46, False
63.13367, Juicehead44, shoot, Alcoholic46, False
63.63367, Foe37, shoot, Betrayal48, False
63.63736, Drunkard42, deleted 
63.63736, Drunkard50, AI
63.85367, Foe37, shoot, Betrayal48, False
64.87367, Player, shoot, Bongfu49, False
64.98246, Alcoholic46, deleted 
64.98246, Alcoholic51, AI
65.01367, Adjuster38, shoot, Betrayal48, False
65.37367, Player, shoot, Drunkard50, False
66.14471, Juicehead44, deleted 
66.14471, Juicehead52, AI
66.31367, Player, shoot, Juicehead52, False
66.51367, Player, shoot, Juicehead52, False
66.80907, Betrayal48, deleted 
66.80907, Betrayal53, AI
67.29367, Player, shoot, Juicehead52, False
68.08798, Coward34, deleted 
68.08798, Coward54, AI
68.17368, Player, shoot, Juicehead52, False
68.97367, Foe37, shoot, Betrayal53, False
69.77367, Adjuster38, shoot, Bongfu49, False
70.47985, Alcoholic51, deleted 
70.47985, Alcoholic55, AI
71.09367, Juicehead52, shoot, Drunkard50, False
72.17368, Coward34, shoot, Bongfu49, False
73.05367, Adjuster38, shoot, Drunkard50, False
74.00159, Betrayal53, deleted 
74.00159, Betrayal56, AI
74.33367, Player, shoot, Foe37, False
74.43367, Adjuster38, shoot, Drunkard50, False
74.73367, Lush47, shoot, Adjuster38, False
74.98161, Coward54, deleted 
74.98161, Coward57, AI
75.31383, Juicehead52, deleted 
75.31383, Juicehead58, AI
75.34702, Alcoholic55, deleted 
75.34702, Alcoholic59, AI
75.69367, Alcoholic59, shoot, Alcoholic59, False
75.73367, Coward57, shoot, Coward57, False
76.17368, Foe37, shoot, Betrayal56, False
76.6259, Lush47, deleted 
76.6259, Lush60, AI
77.15367, Adjuster38, shoot, Foe37, False
78.05367, Adjuster38, shoot, Player, False
78.35368, Foe37, shoot, Lush60, False
78.61367, Foe37, shoot, Lush60, False
78.8684, Betrayal56, deleted 
78.8684, Betrayal61, AI
79.27367, Foe37, shoot, Lush60, False
79.65367, Foe37, shoot, Lush60, False
80.13367, Player, shoot, Betrayal61, False
80.31367, Lush60, shoot, Betrayal61, False
80.43367, Foe37, shoot, Lush60, False
80.55367, Foe37, shoot, Adjuster38, True
80.5626, Adjuster62, AI
80.87367, Foe37, shoot, Lush60, False
81.05367, Drunkard50, shoot, Bongfu49, False
81.15367, Adjuster38, shoot, Drunkard50, False
81.37367, Foe37, shoot, Foe37, False
81.63367, Coward57, shoot, Alcoholic59, False
81.79367, Foe37, shoot, Foe37, False
81.83367, Lush60, shoot, Player, False
82.21367, Foe37, shoot, Lush60, False
82.29367, Drunkard50, shoot, Betrayal61, False
82.51367, Drunkard50, shoot, Betrayal61, False
82.65367, Bongfu49, shoot, Bongfu49, False
82.83367, Drunkard50, shoot, Bongfu49, False
82.99368, Lush60, shoot, Player, False
83.01367, Foe37, shoot, Adjuster62, False
83.57367, Bongfu49, shoot, Bongfu49, False
83.91367, Lush60, shoot, Juicehead58, False
83.98528, Betrayal61, deleted 
83.98528, Betrayal63, AI
84.65367, Foe37, shoot, Adjuster62, False
84.75367, Foe37, shoot, Adjuster62, False
84.81367, Player, shoot, Lush60, False
84.91367, Foe37, shoot, Adjuster62, False
85.93367, Foe37, shoot, Adjuster62, False
86.83367, Adjuster62, shoot, Player, False
87.55654, Alcoholic59, deleted 
87.55654, Alcoholic64, AI
87.75367, Drunkard50, shoot, Player, False
87.91367, Foe37, shoot, Player, False
88.23367, Foe37, shoot, Player, True
88.87367, Foe37, shoot, Alcoholic64, False
88.99368, Foe37, shoot, Lush60, False
89.29367, Drunkard50, shoot, Alcoholic64, False
90.01367, Bongfu49, shoot, Adjuster62, False
90.17368, Lush60, shoot, Drunkard50, False
91.15367, Drunkard50, shoot, Lush60, True
Normal Close
