Game Time: 2022/2/16 14:47:14
Version: 1.0.0.2 with bullet collision times = 3
0, Player, player
0, Coward1, AI
0, Betrayal2, AI
0, Drunkard3, AI
0, Foe4, AI
0, Juicehead5, AI
0, Alcoholic6, AI
0, Lush7, AI
0, Adjuster8, AI
0, Bongfu9, AI
2.044313, Player, shoot, Adjuster8, False
3.884313, Alcoholic6, shoot, Alcoholic6, False
5.500098, Juicehead5, deleted 
5.500098, Juicehead10, AI
5.516686, Betrayal2, deleted 
5.516686, Betrayal11, AI
5.524313, Betrayal11, shoot, Juicehead10, False
5.524313, Juicehead10, shoot, Betrayal11, False
7.704313, Adjuster8, shoot, Adjuster8, False
7.884313, Adjuster8, shoot, Foe4, False
8.504313, Foe4, shoot, Foe4, False
8.664312, Drunkard3, shoot, Drunkard3, False
8.684313, Foe4, shoot, Adjuster8, False
9.724313, Bongfu9, shoot, Drunkard3, False
11.40431, Player, shoot, Betrayal11, False
12.00914, Juicehead10, deleted 
12.00914, Juicehead12, AI
12.02431, Adjuster8, shoot, Foe4, False
12.60431, Drunkard3, shoot, Bongfu9, False
12.70431, Juicehead12, shoot, Juicehead12, False
14.00431, Drunkard3, shoot, Alcoholic6, False
14.2341, Bongfu9, deleted 
14.2341, Bongfu13, AI
14.54431, Player, shoot, Player, False
14.94431, Adjuster8, shoot, Juicehead12, False
15.64431, Betrayal11, shoot, Adjuster8, False
15.92431, Adjuster8, shoot, Adjuster8, False
16.60431, Coward1, shoot, Juicehead12, False
17.54431, Lush7, shoot, Adjuster8, False
18.80431, Adjuster8, shoot, Player, False
18.80431, Foe4, shoot, Bongfu13, False
18.81697, Juicehead12, deleted 
18.81697, Juicehead14, AI
18.86675, Betrayal11, deleted 
18.86675, Betrayal15, AI
18.93319, Lush7, deleted 
18.93319, Lush16, AI
20.28431, Bongfu13, shoot, Foe4, False
20.32431, Player, shoot, Betrayal15, False
20.76431, Adjuster8, shoot, Foe4, False
20.84431, Adjuster8, shoot, Foe4, False
21.46431, Alcoholic6, shoot, Alcoholic6, False
22.28431, Foe4, shoot, Adjuster8, False
22.32431, Adjuster8, shoot, Adjuster8, False
22.64431, Bongfu13, shoot, Bongfu13, False
23.08431, Adjuster8, shoot, Bongfu13, False
23.82431, Lush16, shoot, Player, False
24.18431, Foe4, shoot, Player, False
24.44665, Juicehead14, deleted 
24.44665, Juicehead17, AI
25.30431, Lush16, shoot, Lush16, False
25.36431, Foe4, shoot, Player, False
25.64431, Adjuster8, shoot, Bongfu13, False
25.69192, Betrayal15, deleted 
25.69192, Betrayal18, AI
25.82431, Drunkard3, shoot, Adjuster8, False
25.92431, Bongfu13, shoot, Bongfu13, False
26.00431, Adjuster8, shoot, Bongfu13, False
26.70431, Adjuster8, shoot, Bongfu13, False
26.70431, Adjuster8, shoot, Bongfu13, False
26.84431, Alcoholic6, shoot, Alcoholic6, False
26.98431, Bongfu13, shoot, Adjuster8, True
26.9875, Adjuster19, AI
27.12431, Adjuster8, shoot, Bongfu13, False
27.22431, Foe4, shoot, Player, False
27.44431, Adjuster8, shoot, Player, False
27.80431, Alcoholic6, shoot, Bongfu13, True
27.81783, Bongfu20, AI
28.52431, Bongfu13, shoot, Adjuster19, False
28.78431, Coward1, shoot, Drunkard3, False
29.00431, Bongfu20, shoot, Bongfu20, False
30.45827, Drunkard3, deleted 
30.45827, Drunkard21, AI
30.62431, Bongfu20, shoot, Adjuster19, False
30.74431, Adjuster19, shoot, Foe4, False
30.87345, Lush16, deleted 
30.87345, Lush22, AI
31.28431, Foe4, shoot, Foe4, False
31.48431, Adjuster19, shoot, Adjuster19, False
31.60431, Player, shoot, Lush22, False
31.62431, Foe4, shoot, Bongfu20, False
32.04431, Betrayal18, shoot, Coward1, False
32.61735, Betrayal18, deleted 
32.61735, Betrayal23, AI
32.94431, Juicehead17, shoot, Coward1, False
33.02431, Foe4, shoot, Lush22, False
33.82431, Foe4, shoot, Player, False
34.26431, Adjuster19, shoot, Lush22, False
35.12431, Bongfu20, shoot, Juicehead17, False
35.90431, Coward1, shoot, Betrayal23, False
36.62431, Player, shoot, Foe4, False
37.46431, Coward1, shoot, Coward1, False
37.64883, Betrayal23, deleted 
37.64883, Betrayal24, AI
38.32431, Player, shoot, Adjuster19, False
39.38431, Lush22, shoot, Lush22, False
39.52506, Juicehead17, deleted 
39.52506, Juicehead25, AI
40.60431, Lush22, shoot, Lush22, False
40.66431, Adjuster19, shoot, Adjuster19, False
40.66431, Foe4, shoot, Player, False
40.78687, Bongfu20, deleted 
40.78687, Bongfu26, AI
41.36431, Player, shoot, Juicehead25, False
41.58431, Juicehead25, shoot, Player, True
42.34431, Foe4, shoot, Foe4, False
Normal Close
