Game Time: 2022/2/16 14:58:35
Version: 1.0.0.2 with bullet collision times = 3
0, Player, player
0, Coward1, AI
0, Betrayal2, AI
0, Drunkard3, AI
0, Foe4, AI
0, Juicehead5, AI
0, Alcoholic6, AI
0, Lush7, AI
0, Adjuster8, AI
0, Bongfu9, AI
1.236756, Bongfu9, shoot, Bongfu9, False
1.796756, Lush7, shoot, Coward1, False
3.236756, Player, shoot, Alcoholic6, False
3.716756, Alcoholic6, shoot, Alcoholic6, False
4.596756, Alcoholic6, shoot, Drunkard3, False
5.004844, Bongfu9, deleted 
5.004844, Bongfu10, AI
5.556756, Drunkard3, shoot, Alcoholic6, False
5.951756, Lush7, deleted 
5.951756, Lush11, AI
6.016756, Player, shoot, Bongfu10, False
6.716756, Player, shoot, Bongfu10, False
7.056756, Adjuster8, shoot, Bongfu10, False
7.436756, Juicehead5, shoot, Alcoholic6, False
7.476756, Bongfu10, shoot, Bongfu10, False
9.036756, Bongfu10, shoot, Adjuster8, False
9.090691, Drunkard3, deleted 
9.090691, Drunkard12, AI
9.256756, Foe4, shoot, Bongfu10, False
9.406195, Betrayal2, deleted 
9.406195, Betrayal13, AI
9.616755, Bongfu10, shoot, Foe4, False
10.11676, Bongfu10, shoot, Adjuster8, False
10.91676, Bongfu10, shoot, Bongfu10, False
10.93676, Juicehead5, shoot, Alcoholic6, False
11.21676, Alcoholic6, shoot, Drunkard12, False
11.57676, Drunkard12, shoot, Player, False
11.93676, Bongfu10, shoot, Lush11, False
12.65676, Alcoholic6, shoot, Foe4, False
12.67676, Juicehead5, shoot, Alcoholic6, False
12.83676, Adjuster8, shoot, Player, False
13.15676, Adjuster8, shoot, Player, False
13.41676, Betrayal13, shoot, Betrayal13, False
13.41676, Lush11, shoot, Alcoholic6, False
14.11676, Foe4, shoot, Adjuster8, False
14.37676, Bongfu10, shoot, Juicehead5, False
14.59676, Coward1, shoot, Coward1, False
14.71676, Bongfu10, shoot, Juicehead5, False
14.71676, Bongfu10, shoot, Drunkard12, False
15.05676, Alcoholic6, shoot, Bongfu10, False
15.99954, Betrayal13, deleted 
15.99954, Betrayal14, AI
16.13675, Adjuster8, shoot, Player, False
16.35676, Player, shoot, Player, False
17.04588, Alcoholic6, deleted 
17.04588, Alcoholic15, AI
17.85953, Lush11, deleted 
17.85953, Lush16, AI
18.05676, Juicehead5, shoot, Coward1, False
18.71675, Coward1, shoot, Juicehead5, False
18.87264, Coward1, deleted 
18.87264, Coward17, AI
18.97231, Juicehead5, deleted 
18.97231, Juicehead18, AI
19.11675, Player, shoot, Alcoholic15, False
19.37094, Drunkard12, deleted 
19.37094, Drunkard19, AI
19.43676, Betrayal14, shoot, Lush16, False
19.43738, Bongfu10, deleted 
19.43738, Bongfu20, AI
19.73676, Player, shoot, Coward17, False
20.13675, Betrayal14, shoot, Player, False
20.25676, Player, shoot, Betrayal14, False
20.57676, Player, shoot, Juicehead18, False
21.15676, Bongfu20, shoot, Betrayal14, False
21.21675, Player, shoot, Drunkard19, False
21.31676, Player, shoot, Juicehead18, False
21.61675, Player, shoot, Bongfu20, False
21.69675, Adjuster8, shoot, Bongfu20, False
21.71675, Drunkard19, shoot, Drunkard19, False
21.81676, Player, shoot, Drunkard19, False
22.03675, Betrayal14, shoot, Bongfu20, False
23.65676, Player, shoot, Player, False
23.85675, Player, shoot, Juicehead18, False
23.91676, Foe4, shoot, Foe4, False
23.93676, Adjuster8, shoot, Bongfu20, False
24.58592, Coward17, deleted 
24.58592, Coward21, AI
25.05107, Betrayal14, deleted 
25.05107, Betrayal22, AI
25.39996, Lush16, deleted 
25.39996, Lush23, AI
25.41676, Juicehead18, shoot, Juicehead18, False
25.44977, Bongfu20, deleted 
25.44977, Bongfu24, AI
25.45675, Bongfu24, shoot, Lush23, False
26.31676, Adjuster8, shoot, Alcoholic15, False
26.71675, Adjuster8, shoot, Alcoholic15, False
27.54291, Drunkard19, deleted 
27.54291, Drunkard25, AI
28.55676, Lush23, shoot, Lush23, False
28.89676, Player, shoot, Player, False
28.89676, Player, shoot, Player, False
29.55676, Lush23, shoot, Lush23, False
30.39676, Player, shoot, Player, True
30.61675, Foe4, shoot, Foe4, False
Normal Close
