Game Time: 2022/2/16 15:10:23
Version: 1.0.0.2 with bullet collision times = 3
0, Player, player
0, Coward1, AI
0, Betrayal2, AI
0, Drunkard3, AI
0, Foe4, AI
0, Juicehead5, AI
0, Alcoholic6, AI
0, Lush7, AI
0, Adjuster8, AI
0, Bongfu9, AI
2.273678, Lush7, shoot, Adjuster8, False
2.313678, Betrayal2, shoot, Coward1, False
2.313678, Foe4, shoot, Lush7, False
2.713678, Adjuster8, shoot, Lush7, False
2.833678, Alcoholic6, shoot, Foe4, False
2.853678, Bongfu9, shoot, Alcoholic6, False
3.073678, Alcoholic6, shoot, Lush7, False
3.133678, Foe4, shoot, Lush7, False
3.293678, Lush7, shoot, Alcoholic6, False
3.433678, Juicehead5, shoot, Bongfu9, False
3.593678, Lush7, shoot, Alcoholic6, False
4.937851, Coward1, deleted 
4.937851, Coward10, AI
4.954455, Alcoholic6, deleted 
4.954455, Alcoholic11, AI
5.004288, Lush7, deleted 
5.004288, Lush12, AI
5.718502, Bongfu9, deleted 
5.718502, Bongfu13, AI
5.784922, Drunkard3, deleted 
5.784922, Drunkard14, AI
5.793678, Drunkard14, shoot, Bongfu13, False
7.353678, Alcoholic11, shoot, Lush12, False
8.273678, Lush12, shoot, Lush12, False
8.513678, Foe4, shoot, Foe4, False
8.642503, Betrayal2, deleted 
8.642503, Betrayal15, AI
8.659113, Juicehead5, deleted 
8.659113, Juicehead16, AI
8.813678, Foe4, shoot, Foe4, False
10.63588, Bongfu13, deleted 
10.63588, Bongfu17, AI
11.30044, Lush12, deleted 
11.30044, Lush18, AI
11.31368, Adjuster8, shoot, Juicehead16, False
11.59368, Foe4, shoot, Alcoholic11, False
12.11438, Drunkard14, deleted 
12.11438, Drunkard19, AI
12.47978, Coward10, deleted 
12.47978, Coward20, AI
14.51368, Coward20, shoot, Coward20, False
14.88874, Alcoholic11, deleted 
14.88874, Alcoholic21, AI
15.68606, Betrayal15, deleted 
15.68606, Betrayal22, AI
15.71368, Coward20, shoot, Coward20, False
16.91368, Bongfu17, shoot, Coward20, False
17.29729, Juicehead16, deleted 
17.29729, Juicehead23, AI
18.19368, Foe4, shoot, Bongfu17, False
18.23368, Lush18, shoot, Lush18, False
18.29368, Adjuster8, shoot, Bongfu17, False
19.37368, Foe4, shoot, Adjuster8, False
19.42394, Coward20, deleted 
19.42394, Coward24, AI
19.49368, Bongfu17, shoot, Bongfu17, False
19.51368, Lush18, shoot, Lush18, False
21.35368, Bongfu17, shoot, Adjuster8, False
21.65368, Foe4, shoot, Adjuster8, False
22.15368, Adjuster8, shoot, Foe4, False
22.47368, Foe4, shoot, Adjuster8, False
23.37368, Foe4, shoot, Adjuster8, False
23.77368, Juicehead23, shoot, Juicehead23, False
24.69368, Bongfu17, shoot, Juicehead23, False
24.87368, Betrayal22, shoot, Drunkard19, False
25.39368, Bongfu17, shoot, Juicehead23, False
25.62016, Coward24, deleted 
25.62016, Coward25, AI
26.91591, Betrayal22, deleted 
26.91591, Betrayal26, AI
27.45368, Foe4, shoot, Alcoholic21, False
27.71368, Foe4, shoot, Alcoholic21, False
27.81368, Player, shoot, Betrayal26, False
28.35368, Betrayal26, shoot, Adjuster8, False
28.99368, Juicehead23, shoot, Foe4, False
29.10853, Lush18, deleted 
29.10853, Lush27, AI
29.41368, Adjuster8, shoot, Foe4, False
29.47368, Lush27, shoot, Lush27, False
30.03368, Betrayal26, shoot, Alcoholic21, False
30.17368, Adjuster8, shoot, Player, False
30.41368, Adjuster8, shoot, Player, False
30.47368, Foe4, shoot, Adjuster8, False
30.70321, Coward25, deleted 
30.70321, Coward28, AI
31.31781, Drunkard19, deleted 
31.31781, Drunkard29, AI
31.43368, Coward28, shoot, Coward28, False
31.48399, Betrayal26, deleted 
31.48399, Betrayal30, AI
31.51368, Player, shoot, Coward28, False
31.65368, Player, shoot, Coward28, False
31.68324, Juicehead23, deleted 
31.68324, Juicehead31, AI
31.84937, Alcoholic21, deleted 
31.84937, Alcoholic32, AI
32.49368, Juicehead31, shoot, Juicehead31, False
32.51368, Adjuster8, shoot, Adjuster8, False
32.75368, Alcoholic32, shoot, Juicehead31, False
32.89368, Betrayal30, shoot, Lush27, False
33.03368, Foe4, shoot, Coward28, False
33.15368, Foe4, shoot, Adjuster8, False
34.05368, Adjuster8, shoot, Adjuster8, True
34.05901, Adjuster33, AI
34.15368, Adjuster8, shoot, Foe4, False
34.53368, Coward28, shoot, Coward28, False
34.87368, Alcoholic32, shoot, Player, False
34.97368, Adjuster8, shoot, Coward28, False
34.99368, Lush27, shoot, Player, False
35.23368, Player, shoot, Lush27, False
35.86982, Bongfu17, deleted 
35.86982, Bongfu34, AI
35.91368, Adjuster8, shoot, Coward28, False
36.45368, Juicehead31, shoot, Drunkard29, False
36.59368, Adjuster8, shoot, Adjuster33, False
36.61368, Adjuster8, shoot, Player, False
36.97368, Foe4, shoot, Adjuster33, False
37.59368, Coward28, shoot, Coward28, False
37.61368, Foe4, shoot, Foe4, False
37.64735, Betrayal30, deleted 
37.64735, Betrayal35, AI
38.31368, Coward28, get, Shield
38.66064, Coward28, deleted 
38.66064, Coward36, AI
39.71368, Coward36, shoot, Coward36, False
40.00602, Alcoholic32, deleted 
40.00602, Alcoholic37, AI
40.57368, Foe4, shoot, Adjuster33, False
40.63368, Player, shoot, Juicehead31, False
41.84994, Bongfu34, deleted 
41.84994, Bongfu38, AI
42.09368, Foe4, shoot, Foe4, False
42.35368, Adjuster33, shoot, Drunkard29, False
42.37368, Coward36, shoot, Adjuster33, False
43.33368, Player, shoot, Player, False
43.59368, Player, shoot, Player, False
44.45368, Foe4, shoot, Coward36, False
44.75723, Betrayal35, deleted 
44.75723, Betrayal39, AI
44.85368, Coward36, shoot, Coward36, False
45.18918, Lush27, deleted 
45.18918, Lush40, AI
45.59368, Lush40, shoot, Lush40, False
45.83368, Player, shoot, Adjuster33, False
46.55368, Adjuster33, shoot, Player, False
47.13368, Player, shoot, Lush40, False
47.29368, Player, shoot, Foe4, False
47.65368, Foe4, shoot, Player, False
48.15368, Foe4, shoot, Adjuster33, False
49.41368, Player, shoot, Foe4, False
49.85368, Foe4, shoot, Adjuster33, False
49.92349, Betrayal39, deleted 
49.92349, Betrayal41, AI
50.11368, Drunkard29, shoot, Alcoholic37, False
50.25567, Coward36, deleted 
50.25567, Coward42, AI
50.59368, Adjuster33, shoot, Foe4, True
50.60461, Foe43, AI
50.69368, Foe4, shoot, Adjuster33, False
51.26921, Bongfu38, deleted 
51.26921, Bongfu44, AI
52.01368, Adjuster33, shoot, Adjuster33, False
52.76403, Juicehead31, deleted 
52.76403, Juicehead45, AI
53.43368, Foe4, shoot, Adjuster33, True
53.44506, Adjuster46, AI
53.87368, Lush40, shoot, Drunkard29, False
53.89368, Drunkard29, shoot, Drunkard29, False
53.99368, Lush40, shoot, Drunkard29, False
53.99368, Drunkard29, shoot, Lush40, False
53.99368, Drunkard29, shoot, Lush40, False
53.99368, Drunkard29, shoot, Lush40, False
54.59368, Lush40, shoot, Drunkard29, False
54.98989, Drunkard29, deleted 
54.98989, Drunkard47, AI
54.99368, Lush40, get, Horse
54.99368, Player, shoot, Drunkard47, False
55.0065, Lush40, deleted 
55.0065, Lush48, AI
55.79368, Lush48, shoot, Drunkard47, False
56.03368, Drunkard47, shoot, Drunkard47, False
56.15368, Player, shoot, Alcoholic37, False
56.38536, Betrayal41, deleted 
56.38536, Betrayal49, AI
57.29368, Bongfu44, shoot, Bongfu44, False
57.41368, Player, shoot, Adjuster46, False
57.61368, Lush48, shoot, Drunkard47, False
57.71368, Adjuster46, shoot, Foe43, False
58.31367, Drunkard47, shoot, Lush48, False
58.33368, Alcoholic37, shoot, Alcoholic37, False
58.61368, Drunkard47, shoot, Drunkard47, False
58.79368, Lush48, shoot, Drunkard47, False
60.59368, Adjuster46, shoot, Foe43, False
60.59368, Foe43, shoot, Adjuster46, False
60.89368, Adjuster46, shoot, Foe43, False
60.89368, Foe43, shoot, Adjuster46, False
61.19368, Foe43, shoot, Adjuster46, False
61.19368, Foe43, shoot, Adjuster46, False
61.19368, Foe43, shoot, Adjuster46, False
61.69368, Player, shoot, Foe43, False
62.18251, Juicehead45, deleted 
62.18251, Juicehead50, AI
62.58118, Drunkard47, deleted 
62.58118, Drunkard51, AI
62.93006, Lush48, deleted 
62.93006, Lush52, AI
63.17368, Adjuster46, shoot, Foe43, False
63.37368, Drunkard51, shoot, Juicehead50, False
63.82685, Betrayal49, deleted 
63.82685, Betrayal53, AI
64.47368, Foe43, shoot, Player, False
64.57368, Player, shoot, Juicehead50, False
65.05368, Player, shoot, Foe43, False
65.42153, Coward42, deleted 
65.42153, Coward54, AI
65.61368, Alcoholic37, shoot, Drunkard51, False
66.33368, Drunkard51, shoot, Juicehead50, False
66.59367, Adjuster46, shoot, Foe43, False
66.65368, Lush52, shoot, Drunkard51, False
66.69368, Player, shoot, Player, False
66.95367, Lush52, shoot, Betrayal53, False
67.59367, Adjuster46, shoot, Player, True
67.95367, Alcoholic37, shoot, Foe43, False
68.41367, Foe43, shoot, Adjuster46, False
68.45367, Betrayal53, shoot, Bongfu44, False
69.03368, Adjuster46, shoot, Foe43, False
69.85368, Alcoholic37, shoot, Alcoholic37, False
70.31367, Adjuster46, shoot, Foe43, True
70.95367, Adjuster46, get, Shield
72.57368, Betrayal53, get, Horse
Normal Close
