Game Time: 2022/2/16 14:54:45
Version: 1.0.0.2 with bullet collision times = 3
0, Player, player
0, Coward1, AI
0, Betrayal2, AI
0, Drunkard3, AI
0, Foe4, AI
0, Juicehead5, AI
0, Alcoholic6, AI
0, Lush7, AI
0, Adjuster8, AI
0, Bongfu9, AI
2.014321, Adjuster8, shoot, Coward1, False
2.274321, Bongfu9, shoot, Adjuster8, False
2.374321, Bongfu9, shoot, Bongfu9, False
2.494321, Foe4, shoot, Adjuster8, False
5.284723, Bongfu9, deleted 
5.284723, Bongfu10, AI
5.483964, Drunkard3, deleted 
5.483964, Drunkard11, AI
5.874321, Player, shoot, Player, False
5.899357, Alcoholic6, deleted 
5.899357, Alcoholic12, AI
6.01432, Adjuster8, shoot, Player, False
6.21507, Betrayal2, deleted 
6.21507, Betrayal13, AI
6.248294, Juicehead5, deleted 
6.248294, Juicehead14, AI
6.734321, Coward1, shoot, Coward1, False
7.194321, Adjuster8, shoot, Foe4, False
7.354321, Player, shoot, Adjuster8, False
7.57432, Foe4, shoot, Bongfu10, False
7.654321, Bongfu10, shoot, Adjuster8, False
8.574321, Bongfu10, shoot, Adjuster8, False
8.640528, Lush7, deleted 
8.640528, Lush15, AI
8.874321, Coward1, shoot, Coward1, False
9.05432, Adjuster8, shoot, Foe4, False
9.21432, Adjuster8, shoot, Foe4, False
9.51432, Drunkard11, shoot, Drunkard11, False
10.09432, Adjuster8, shoot, Player, False
10.75432, Player, shoot, Player, False
11.21432, Bongfu10, shoot, Drunkard11, False
11.27432, Player, shoot, Juicehead14, False
13.15937, Betrayal13, deleted 
13.15937, Betrayal16, AI
13.31432, Juicehead14, shoot, Betrayal16, False
13.35432, Player, shoot, Player, False
13.73432, Lush15, shoot, Lush15, False
14.05432, Lush15, shoot, Lush15, False
14.22252, Coward1, deleted 
14.22252, Bongfu10, deleted 
14.22252, Coward17, AI
14.23916, Bongfu18, AI
14.99432, Foe4, shoot, Player, False
15.37432, Adjuster8, shoot, Player, False
15.57432, Player, shoot, Betrayal16, False
15.76738, Alcoholic12, deleted 
15.76738, Alcoholic19, AI
15.99432, Adjuster8, shoot, Player, False
16.37432, Foe4, shoot, Coward17, False
16.38201, Drunkard11, deleted 
16.38201, Drunkard20, AI
16.39432, Juicehead14, shoot, Player, False
16.73432, Drunkard20, shoot, Lush15, False
16.75432, Player, shoot, Juicehead14, False
16.93432, Adjuster8, shoot, Adjuster8, False
17.15432, Adjuster8, shoot, Player, True
17.29432, Player, shoot, Alcoholic19, False
17.97432, Adjuster8, shoot, Foe4, False
Normal Close
