Game Time: 2022/2/16 15:23:17
Version: 1.0.0.2 with bullet collision times = 3
0, Player, player
0, Coward1, AI
0, Betrayal2, AI
0, Drunkard3, AI
0, Foe4, AI
0, Juicehead5, AI
0, Alcoholic6, AI
0, Lush7, AI
0, Adjuster8, AI
0, Bongfu9, AI
1.127917, Coward1, shoot, Adjuster8, False
2.087917, Adjuster8, shoot, Lush7, False
3.167917, Alcoholic6, shoot, Adjuster8, False
3.307917, Adjuster8, shoot, Foe4, False
3.587917, Adjuster8, shoot, Foe4, False
4.187917, Adjuster8, shoot, Foe4, False
4.358516, Coward1, deleted 
4.358516, Coward10, AI
5.047917, Juicehead5, shoot, Juicehead5, False
5.122534, Lush7, deleted 
5.122534, Lush11, AI
5.807917, Lush11, shoot, Lush11, False
6.227917, Coward10, shoot, Player, False
6.227917, Coward10, shoot, Bongfu9, False
6.587917, Alcoholic6, shoot, Betrayal2, False
6.607917, Player, shoot, Bongfu9, False
7.187917, Player, shoot, Bongfu9, False
7.767917, Betrayal2, shoot, Drunkard3, False
7.867917, Adjuster8, shoot, Coward10, False
7.967917, Adjuster8, shoot, Foe4, False
8.687918, Foe4, shoot, Adjuster8, False
8.687918, Adjuster8, shoot, Foe4, False
8.987917, Adjuster8, shoot, Foe4, False
8.987917, Foe4, shoot, Adjuster8, False
8.987917, Foe4, shoot, Adjuster8, False
9.187918, Bongfu9, shoot, Bongfu9, False
9.7728, Alcoholic6, deleted 
9.7728, Alcoholic12, AI
10.02194, Betrayal2, deleted 
10.02194, Betrayal13, AI
11.61644, Lush11, deleted 
11.61644, Lush14, AI
11.84792, Drunkard3, shoot, Coward10, False
12.18792, Adjuster8, shoot, Drunkard3, False
13.10792, Juicehead5, shoot, Juicehead5, False
13.92792, Bongfu9, shoot, Bongfu9, False
14.08792, Bongfu9, shoot, Drunkard3, False
14.08792, Drunkard3, shoot, Bongfu9, False
14.38792, Bongfu9, shoot, Drunkard3, False
14.38792, Bongfu9, shoot, Drunkard3, False
14.38792, Drunkard3, shoot, Bongfu9, False
14.38792, Drunkard3, shoot, Bongfu9, False
14.94792, Foe4, shoot, Adjuster8, False
15.28792, Juicehead5, shoot, Juicehead5, False
15.85175, Drunkard3, deleted 
15.85175, Drunkard15, AI
16.08407, Betrayal13, deleted 
16.08407, Betrayal16, AI
16.20792, Juicehead5, shoot, Juicehead5, False
16.51577, Bongfu9, deleted 
16.51577, Bongfu17, AI
16.61549, Lush14, deleted 
16.61549, Lush18, AI
18.70792, Adjuster8, shoot, Foe4, False
19.3722, Juicehead5, deleted 
19.3722, Juicehead19, AI
19.48792, Foe4, shoot, Adjuster8, False
19.70437, Alcoholic12, deleted 
19.70437, Alcoholic20, AI
19.80792, Foe4, shoot, Adjuster8, False
19.80792, Foe4, shoot, Adjuster8, False
19.80792, Adjuster8, shoot, Foe4, False
20.02792, Bongfu17, shoot, Bongfu17, False
20.30792, Lush18, shoot, Lush18, False
20.44792, Foe4, shoot, Adjuster8, True
20.4517, Adjuster21, AI
20.73373, Betrayal16, deleted 
20.73373, Betrayal22, AI
21.96792, Drunkard15, shoot, Player, False
22.88792, Lush18, shoot, Lush18, False
23.50792, Lush18, shoot, Lush18, False
23.94792, Coward10, shoot, Adjuster21, False
24.30792, Bongfu17, shoot, Player, False
25.18792, Coward10, shoot, Betrayal22, False
26.06792, Foe4, shoot, Coward10, False
26.08792, Foe4, shoot, Bongfu17, False
26.76222, Bongfu17, deleted 
26.76222, Bongfu23, AI
27.2936, Juicehead19, deleted 
27.2936, Juicehead24, AI
27.40978, Betrayal22, deleted 
27.40978, Betrayal25, AI
27.68792, Betrayal25, shoot, Betrayal25, False
28.14049, Coward10, deleted 
28.14049, Coward26, AI
29.17021, Lush18, deleted 
29.17021, Lush27, AI
30.08792, Foe4, shoot, Adjuster21, False
30.20792, Betrayal25, shoot, Betrayal25, False
30.40792, Adjuster21, shoot, Adjuster21, False
30.42792, Foe4, shoot, Drunkard15, False
30.44792, Foe4, shoot, Adjuster21, False
30.68792, Bongfu23, shoot, Bongfu23, False
31.04792, Player, shoot, Lush27, False
32.15976, Alcoholic20, deleted 
32.15976, Alcoholic28, AI
32.20792, Betrayal25, shoot, Betrayal25, False
32.28792, Foe4, shoot, Adjuster21, False
32.58792, Foe4, shoot, Adjuster21, False
33.20792, Foe4, shoot, Adjuster21, False
33.42792, Bongfu23, shoot, Bongfu23, False
33.52792, Adjuster21, shoot, Juicehead24, False
33.82792, Lush27, shoot, Drunkard15, False
34.06792, Bongfu23, shoot, Bongfu23, False
34.22792, Lush27, shoot, Drunkard15, False
34.42792, Lush27, shoot, Drunkard15, False
34.5345, Juicehead24, deleted 
34.5345, Juicehead29, AI
34.55118, Lush27, deleted 
34.55118, Lush30, AI
34.56792, Lush30, shoot, Juicehead29, False
34.56792, Juicehead29, shoot, Lush30, False
35.38792, Lush30, shoot, Juicehead29, False
37.34792, Juicehead29, shoot, Juicehead29, False
37.77321, Coward26, deleted 
37.77321, Coward31, AI
37.82792, Alcoholic28, shoot, Alcoholic28, False
37.94792, Lush30, shoot, Lush30, False
38.18845, Betrayal25, deleted 
38.18845, Betrayal32, AI
38.50792, Adjuster21, shoot, Alcoholic28, False
38.68792, Foe4, shoot, Alcoholic28, False
39.41753, Juicehead29, deleted 
39.41753, Juicehead33, AI
39.88792, Foe4, shoot, Drunkard15, False
41.24369, Lush30, deleted 
41.24369, Lush34, AI
42.44792, Bongfu23, shoot, Adjuster21, False
42.57234, Bongfu23, deleted 
42.57234, Bongfu35, AI
45.06792, Drunkard15, shoot, Foe4, False
45.16792, Adjuster21, shoot, Adjuster21, False
45.18792, Bongfu35, shoot, Player, False
45.38792, Drunkard15, shoot, Foe4, False
45.94792, Foe4, shoot, Coward31, False
46.209, Drunkard15, deleted 
46.209, Drunkard36, AI
46.70792, Adjuster21, shoot, Foe4, False
47.18855, Betrayal32, deleted 
47.18855, Betrayal37, AI
47.38792, Alcoholic28, shoot, Bongfu35, False
47.92792, Foe4, shoot, Alcoholic28, False
48.16792, Adjuster21, shoot, Alcoholic28, False
48.26792, Foe4, shoot, Alcoholic28, False
48.30791, Foe4, shoot, Lush34, False
48.30791, Foe4, shoot, Lush34, False
48.52792, Adjuster21, shoot, Lush34, False
48.62792, Adjuster21, shoot, Lush34, False
48.78792, Adjuster21, shoot, Alcoholic28, False
49.36792, Adjuster21, shoot, Foe4, False
49.40792, Foe4, shoot, Coward31, False
49.6136, Alcoholic28, deleted 
49.6136, Alcoholic38, AI
49.79618, Foe4, deleted 
49.79618, Foe39, AI
49.97905, Coward31, deleted 
49.97905, Coward40, AI
50.44391, Lush34, deleted 
50.44391, Lush41, AI
51.54792, Drunkard36, shoot, Player, False
51.56792, Adjuster21, shoot, Bongfu35, False
51.80791, Juicehead33, shoot, Coward40, False
51.97159, Betrayal37, deleted 
51.97159, Betrayal42, AI
52.92792, Betrayal42, shoot, Betrayal42, False
53.24792, Player, shoot, Drunkard36, False
53.44792, Drunkard36, shoot, Player, False
53.50792, Betrayal42, shoot, Betrayal42, False
53.73174, Coward40, deleted 
53.73174, Coward43, AI
53.74792, Adjuster21, shoot, Coward43, False
53.80791, Adjuster21, shoot, Coward43, False
54.06396, Lush41, deleted 
54.06396, Lush44, AI
54.18792, Betrayal42, shoot, Adjuster21, False
54.86792, Coward43, shoot, Coward43, False
55.16792, Betrayal42, shoot, Betrayal42, False
56.06792, Lush44, shoot, Lush44, False
56.78792, Adjuster21, shoot, Adjuster21, False
58.0505, Alcoholic38, deleted 
58.0505, Alcoholic45, AI
58.22792, Coward43, shoot, Coward43, False
58.23321, Betrayal42, deleted 
58.23321, Betrayal46, AI
58.26792, Player, shoot, Alcoholic45, False
58.62791, Adjuster21, shoot, Foe39, False
59.20792, Bongfu35, shoot, Drunkard36, False
59.22792, Adjuster21, shoot, Adjuster21, True
59.22959, Adjuster47, AI
59.96791, Alcoholic45, shoot, Foe39, False
60.42792, Player, shoot, Adjuster47, False
60.48792, Adjuster21, shoot, Player, False
60.86792, Foe39, shoot, Lush44, False
61.46791, Player, shoot, Betrayal46, False
61.76792, Adjuster47, shoot, Foe39, False
61.96791, Coward43, shoot, Coward43, False
62.16956, Juicehead33, deleted 
62.16956, Juicehead48, AI
62.35223, Lush44, deleted 
62.35223, Lush49, AI
62.71778, Drunkard36, deleted 
62.71778, Drunkard50, AI
64.74792, Adjuster47, shoot, Player, False
64.80791, Player, shoot, Drunkard50, False
65.48792, Bongfu35, shoot, Alcoholic45, False
65.52792, Coward43, shoot, Bongfu35, False
66.10792, Foe39, shoot, Player, False
66.70792, Coward43, shoot, Bongfu35, False
66.91986, Alcoholic45, deleted 
66.91986, Alcoholic51, AI
66.96792, Player, shoot, Juicehead48, False
66.96792, Alcoholic45, shoot, Betrayal46, False
67.58791, Player, shoot, Lush49, False
67.71703, Bongfu35, deleted 
67.71703, Bongfu52, AI
68.12791, Betrayal46, shoot, Drunkard50, False
68.28792, Lush49, shoot, Juicehead48, False
68.53098, Betrayal46, deleted 
68.53098, Betrayal53, AI
69.10792, Player, shoot, Adjuster47, False
71.08791, Foe39, shoot, Player, False
71.28792, Juicehead48, shoot, Bongfu52, False
71.94791, Foe39, shoot, Adjuster47, False
72.64792, Adjuster47, shoot, Foe39, False
72.98792, Foe39, shoot, Player, False
73.00792, Bongfu52, shoot, Foe39, False
73.94791, Coward43, shoot, Coward43, False
74.58791, Coward43, shoot, Adjuster47, False
75.72372, Bongfu52, deleted 
75.72372, Bongfu54, AI
75.85651, Coward43, deleted 
75.85651, Coward55, AI
75.93954, Juicehead48, deleted 
75.93954, Juicehead56, AI
75.94791, Juicehead56, shoot, Coward55, False
76.02253, Betrayal53, deleted 
76.02253, Betrayal57, AI
76.02792, Betrayal57, shoot, Juicehead56, False
77.02792, Player, shoot, Player, False
77.94948, Lush49, deleted 
77.94948, Lush58, AI
79.66792, Player, shoot, Betrayal57, False
80.28792, Coward43, shoot, Juicehead56, False
80.74091, Drunkard50, deleted 
80.74091, Drunkard59, AI
81.04791, Player, shoot, Bongfu54, False
81.78792, Adjuster47, shoot, Adjuster47, False
82.2692, Juicehead56, deleted 
82.2692, Juicehead60, AI
82.38792, Player, shoot, Alcoholic51, False
82.42792, Player, shoot, Bongfu54, False
82.96792, Player, shoot, Alcoholic51, False
83.41564, Betrayal57, deleted 
83.41564, Betrayal61, AI
83.88792, Player, shoot, Adjuster47, False
84.66792, Player, shoot, Juicehead60, False
84.70792, Adjuster47, shoot, Bongfu54, False
85.68791, Bongfu54, shoot, Drunkard59, False
86.16792, Adjuster47, shoot, Juicehead60, False
86.30791, Adjuster47, shoot, Juicehead60, False
86.33929, Drunkard59, deleted 
86.33929, Drunkard62, AI
86.64792, Adjuster47, shoot, Juicehead60, False
86.92065, Coward55, deleted 
86.92065, Coward63, AI
87.41918, Bongfu54, deleted 
87.41918, Bongfu64, AI
88.58195, Alcoholic51, deleted 
88.58195, Alcoholic65, AI
88.88792, Foe39, shoot, Foe39, False
88.99729, Juicehead60, deleted 
88.99729, Juicehead66, AI
90.10792, Bongfu64, shoot, Bongfu64, False
91.22292, Betrayal61, deleted 
91.22292, Betrayal67, AI
91.23951, Drunkard62, deleted 
91.23951, Drunkard68, AI
91.42792, Player, shoot, Lush58, False
91.80791, Foe39, shoot, Bongfu64, False
91.80791, Bongfu64, shoot, Foe39, False
92.12791, Betrayal67, shoot, Drunkard68, False
92.38792, Foe39, shoot, Bongfu64, False
92.40791, Player, shoot, Alcoholic65, False
92.58791, Coward63, shoot, Coward63, False
92.58791, Adjuster47, shoot, Foe39, False
93.00791, Drunkard68, shoot, Player, False
93.26791, Player, shoot, Betrayal67, False
93.28792, Foe39, shoot, Bongfu64, False
93.58791, Foe39, shoot, Bongfu64, False
93.58791, Foe39, shoot, Bongfu64, False
93.648, Juicehead66, deleted 
93.648, Juicehead69, AI
93.88792, Adjuster47, shoot, Lush58, False
93.96792, Foe39, shoot, Lush58, False
94.14792, Juicehead69, shoot, Juicehead69, False
94.18791, Player, shoot, Betrayal67, False
94.18791, Foe39, shoot, Bongfu64, False
95.08791, Foe39, shoot, Bongfu64, False
95.08791, Bongfu64, shoot, Foe39, False
95.20792, Player, shoot, Player, False
95.40791, Bongfu64, shoot, Foe39, False
95.58791, Foe39, shoot, Foe39, False
97.26891, Drunkard68, deleted 
97.26891, Drunkard70, AI
97.50791, Player, shoot, Coward63, False
97.68791, Bongfu64, shoot, Adjuster47, False
97.85033, Lush58, deleted 
97.85033, Lush71, AI
98.86791, Player, shoot, Drunkard70, False
99.02792, Drunkard70, shoot, Player, True
99.74792, Foe39, shoot, Foe39, False
100.5479, Foe39, shoot, Foe39, True
101.0679, Drunkard70, shoot, Drunkard70, False
101.2479, Coward63, shoot, Coward63, False
102.2679, Adjuster47, shoot, Adjuster47, False
102.4279, Coward63, shoot, Coward63, False
Normal Close
