Game Time: 2022/2/16 15:04:08
Version: 1.0.0.2 with bullet collision times = 3
0, Player, player
0, Coward1, AI
0, Betrayal2, AI
0, Drunkard3, AI
0, Foe4, AI
0, Juicehead5, AI
0, Alcoholic6, AI
0, Lush7, AI
0, Adjuster8, AI
0, Bongfu9, AI
0.6009502, Bongfu9, shoot, Bongfu9, False
3.00095, Player, shoot, Adjuster8, False
3.74095, Adjuster8, shoot, Foe4, False
4.244876, Coward1, deleted 
4.244876, Coward10, AI
4.311299, Bongfu9, deleted 
4.311299, Bongfu11, AI
4.34095, Betrayal2, shoot, Juicehead5, False
4.50095, Foe4, shoot, Adjuster8, False
4.942304, Alcoholic6, deleted 
4.942304, Alcoholic12, AI
5.62095, Foe4, shoot, Adjuster8, False
5.74095, Drunkard3, shoot, Player, False
6.18095, Foe4, shoot, Adjuster8, False
7.38095, Foe4, shoot, Adjuster8, False
9.04095, Adjuster8, shoot, Foe4, False
9.509283, Bongfu11, deleted 
9.509283, Bongfu13, AI
9.542485, Alcoholic12, deleted 
9.542485, Alcoholic14, AI
9.56095, Alcoholic14, shoot, Bongfu13, False
9.708624, Coward10, deleted 
9.708624, Coward15, AI
10.00751, Betrayal2, deleted 
10.00751, Betrayal16, AI
10.82095, Adjuster8, shoot, Juicehead5, False
10.98095, Juicehead5, shoot, Adjuster8, False
11.16095, Coward15, shoot, Alcoholic14, False
11.26095, Drunkard3, shoot, Foe4, False
11.52095, Alcoholic14, shoot, Alcoholic14, False
11.70095, Adjuster8, shoot, Juicehead5, False
12.94699, Juicehead5, deleted 
12.94699, Juicehead17, AI
13.00095, Bongfu13, shoot, Bongfu13, False
13.08095, Player, shoot, Adjuster8, False
14.84095, Adjuster8, shoot, Alcoholic14, False
15.10095, Betrayal16, shoot, Betrayal16, False
15.28838, Alcoholic14, deleted 
15.28838, Alcoholic18, AI
16.23483, Coward15, deleted 
16.23483, Coward19, AI
17.90095, Drunkard3, shoot, Bongfu13, False
18.34095, Lush7, shoot, Lush7, False
18.36095, Adjuster8, shoot, Betrayal16, False
18.44326, Betrayal16, deleted 
18.44326, Betrayal20, AI
18.69233, Bongfu13, deleted 
18.69233, Bongfu21, AI
20.13671, Alcoholic18, deleted 
20.13671, Alcoholic22, AI
20.28095, Drunkard3, shoot, Foe4, False
20.32095, Adjuster8, shoot, Lush7, False
20.90095, Drunkard3, shoot, Coward19, False
21.46505, Lush7, deleted 
21.46505, Lush23, AI
22.08095, Juicehead17, shoot, Juicehead17, False
22.19576, Coward19, deleted 
22.19576, Coward24, AI
22.28095, Alcoholic22, shoot, Player, False
23.06095, Foe4, shoot, Player, False
23.30095, Foe4, shoot, Player, False
23.76095, Alcoholic22, shoot, Alcoholic22, False
23.92241, Betrayal20, deleted 
23.92241, Betrayal25, AI
24.06095, Lush23, shoot, Lush23, False
24.48695, Bongfu21, deleted 
24.48695, Bongfu26, AI
25.61598, Juicehead17, deleted 
25.61598, Juicehead27, AI
25.70095, Bongfu26, shoot, Bongfu26, False
26.36095, Player, shoot, Alcoholic22, False
26.80095, Alcoholic22, shoot, Alcoholic22, False
27.19349, Lush23, deleted 
27.19349, Lush28, AI
27.58095, Adjuster8, shoot, Coward24, False
27.60095, Bongfu26, shoot, Player, False
27.84095, Adjuster8, shoot, Coward24, False
28.60095, Player, shoot, Lush28, False
28.68095, Player, shoot, Lush28, False
29.18095, Foe4, shoot, Bongfu26, False
29.18579, Betrayal25, deleted 
29.18579, Betrayal29, AI
29.82095, Player, shoot, Bongfu26, False
29.90095, Adjuster8, shoot, Adjuster8, False
30.06594, Alcoholic22, deleted 
30.06594, Alcoholic30, AI
30.48095, Adjuster8, shoot, Coward24, False
30.92095, Player, shoot, Betrayal29, False
31.10095, Coward24, shoot, Drunkard3, False
32.16095, Adjuster8, shoot, Lush28, False
32.50095, Alcoholic30, shoot, Alcoholic30, False
32.92244, Lush28, deleted 
32.92244, Lush31, AI
33.10095, Player, shoot, Player, False
33.78095, Alcoholic30, shoot, Alcoholic30, False
34.00095, Alcoholic30, shoot, Alcoholic30, False
34.32095, Alcoholic30, shoot, Alcoholic30, False
34.86095, Drunkard3, shoot, Betrayal29, False
35.20095, Juicehead27, shoot, Juicehead27, False
35.26095, Juicehead27, shoot, Player, False
35.34095, Foe4, shoot, Player, False
36.68095, Alcoholic30, shoot, Player, False
36.72095, Alcoholic30, shoot, Alcoholic30, False
36.80095, Drunkard3, shoot, Foe4, False
37.42318, Betrayal29, deleted 
37.42318, Betrayal32, AI
37.62095, Foe4, shoot, Foe4, False
37.68095, Drunkard3, shoot, Foe4, False
37.92095, Foe4, shoot, Foe4, False
39.28095, Adjuster8, shoot, Drunkard3, False
39.32095, Alcoholic30, shoot, Drunkard3, False
39.46624, Coward24, deleted 
39.46624, Coward33, AI
39.88095, Adjuster8, shoot, Drunkard3, False
40.3298, Alcoholic30, deleted 
40.3298, Alcoholic34, AI
40.56095, Foe4, shoot, Adjuster8, False
40.90095, Player, shoot, Juicehead27, False
41.24328, Drunkard3, deleted 
41.24328, Drunkard35, AI
41.48095, Coward33, shoot, Drunkard35, False
42.32285, Betrayal32, deleted 
42.32285, Betrayal36, AI
42.34095, Juicehead27, shoot, Player, False
43.48095, Player, shoot, Coward33, False
43.95019, Lush31, deleted 
43.95019, Lush37, AI
44.24095, Foe4, shoot, Coward33, False
46.02095, Juicehead27, shoot, Juicehead27, False
46.58095, Player, shoot, Lush37, False
46.66095, Adjuster8, shoot, Betrayal36, False
46.82095, Adjuster8, shoot, Betrayal36, False
47.22095, Drunkard35, shoot, Drunkard35, False
47.55476, Coward33, deleted 
47.55476, Coward38, AI
48.08629, Betrayal36, deleted 
48.08629, Betrayal39, AI
48.62095, Player, shoot, Juicehead27, False
50.20095, Player, shoot, Foe4, False
50.52095, Alcoholic34, shoot, Alcoholic34, False
50.70095, Juicehead27, shoot, Juicehead27, False
51.04095, Adjuster8, shoot, Lush37, False
51.52095, Adjuster8, shoot, Lush37, False
51.62095, Player, shoot, Juicehead27, False
51.80095, Adjuster8, shoot, Lush37, False
52.00095, Juicehead27, shoot, Juicehead27, False
52.50095, Foe4, shoot, Juicehead27, False
52.55492, Betrayal39, deleted 
52.55492, Betrayal40, AI
52.64095, Foe4, shoot, Juicehead27, False
52.80095, Adjuster8, shoot, Lush37, False
53.00095, Lush37, shoot, Adjuster8, False
53.25258, Coward38, deleted 
53.25258, Coward41, AI
53.82095, Foe4, shoot, Foe4, False
54.10095, Adjuster8, shoot, Lush37, False
54.42095, Player, shoot, Betrayal40, False
55.09659, Alcoholic34, deleted 
55.09659, Alcoholic42, AI
55.12095, Adjuster8, shoot, Lush37, False
55.19628, Drunkard35, deleted 
55.19628, Drunkard43, AI
55.32095, Foe4, shoot, Betrayal40, False
55.36095, Drunkard35, shoot, Lush37, False
55.64095, Juicehead27, shoot, Juicehead27, True
55.64478, Juicehead44, AI
55.80095, Adjuster8, shoot, Lush37, False
55.80095, Adjuster8, shoot, Lush37, True
55.80095, Lush37, shoot, Adjuster8, False
55.81086, Lush45, AI
55.82095, Adjuster8, get, Shield
57.38095, Player, shoot, Drunkard43, False
57.88095, Player, shoot, Player, False
59.06639, Coward41, deleted 
59.06639, Coward46, AI
59.66095, Player, shoot, Juicehead44, False
59.79712, Betrayal40, deleted 
59.79712, Betrayal47, AI
60.29544, Drunkard43, deleted 
60.29544, Alcoholic42, deleted 
60.29544, Drunkard48, AI
60.31203, Alcoholic49, AI
60.68095, Foe4, shoot, Juicehead44, False
61.42095, Drunkard48, shoot, Drunkard48, False
61.78095, Player, shoot, Juicehead44, False
61.94095, Player, shoot, Foe4, False
62.67079, Bongfu26, deleted 
62.67079, Bongfu50, AI
62.76095, Player, shoot, Drunkard48, False
63.60095, Foe4, shoot, Drunkard48, False
64.36488, Coward46, deleted 
64.36488, Coward51, AI
65.70095, Drunkard48, shoot, Drunkard48, False
66.08095, Foe4, shoot, Player, False
66.242, Betrayal47, deleted 
66.242, Betrayal52, AI
66.70715, Alcoholic49, deleted 
66.70715, Alcoholic53, AI
66.84095, Player, shoot, Bongfu50, False
66.94095, Lush45, shoot, Foe4, False
66.98095, Foe4, shoot, Lush45, False
67.00095, Player, shoot, Juicehead44, False
67.36095, Lush45, shoot, Adjuster8, False
67.46095, Foe4, shoot, Lush45, False
67.46095, Player, shoot, Bongfu50, False
68.12095, Lush45, shoot, Foe4, False
68.50095, Foe4, shoot, Foe4, False
68.52095, Foe4, shoot, Lush45, False
69.12095, Lush45, shoot, Lush45, False
69.50095, Drunkard48, shoot, Drunkard48, False
69.90095, Adjuster8, shoot, Lush45, False
69.90095, Adjuster8, shoot, Lush45, False
69.92095, Foe4, shoot, Adjuster8, False
69.92095, Foe4, shoot, Adjuster8, False
70.16226, Drunkard48, deleted 
70.16226, Drunkard54, AI
70.20095, Foe4, shoot, Foe4, True
70.21212, Foe55, AI
70.22095, Foe55, shoot, Drunkard54, False
70.24095, Lush45, shoot, Adjuster8, True
70.24535, Adjuster56, AI
70.26095, Adjuster56, shoot, Foe55, False
70.26095, Adjuster56, shoot, Drunkard54, False
70.32095, Lush45, shoot, Lush45, False
70.46095, Lush45, shoot, Lush45, False
70.74374, Betrayal52, deleted 
70.74374, Betrayal57, AI
71.04279, Bongfu50, deleted 
71.04279, Bongfu58, AI
71.74095, Player, shoot, Foe55, False
71.82095, Juicehead44, shoot, Juicehead44, False
71.98095, Drunkard54, shoot, Betrayal57, False
72.00095, Adjuster56, shoot, Player, False
72.00095, Player, shoot, Adjuster56, False
72.02302, Lush45, deleted 
72.02302, Lush59, AI
72.10095, Juicehead44, shoot, Juicehead44, False
72.10596, Alcoholic53, deleted 
72.10596, Alcoholic60, AI
72.12095, Juicehead44, shoot, Juicehead44, False
72.12095, Alcoholic60, shoot, Lush59, False
72.24095, Player, shoot, Player, True
72.28095, Juicehead44, shoot, Juicehead44, False
72.42095, Player, shoot, Adjuster56, False
72.48095, Player, shoot, Foe55, False
72.66095, Player, shoot, Foe55, False
73.82095, Lush59, shoot, Lush59, False
74.08095, Adjuster8, shoot, Betrayal57, False
Normal Close
